[2025-12-06T04:28:22.981+0500] {local_task_job_runner.py:120} INFO - ::group::Pre task execution logs
[2025-12-06T04:28:22.989+0500] {taskinstance.py:2076} INFO - Dependencies all met for dep_context=non-requeueable deps ti=<TaskInstance: letterboxd_etl_pipeline.scrape_letterboxd manual__2025-12-05T22:11:13.641637+00:00 [queued]>
[2025-12-06T04:28:22.991+0500] {taskinstance.py:2076} INFO - Dependencies all met for dep_context=requeueable deps ti=<TaskInstance: letterboxd_etl_pipeline.scrape_letterboxd manual__2025-12-05T22:11:13.641637+00:00 [queued]>
[2025-12-06T04:28:22.991+0500] {taskinstance.py:2306} INFO - Starting attempt 6 of 3
[2025-12-06T04:28:23.000+0500] {taskinstance.py:2330} INFO - Executing <Task(PythonOperator): scrape_letterboxd> on 2025-12-05 22:11:13.641637+00:00
[2025-12-06T04:28:23.007+0500] {standard_task_runner.py:64} INFO - Started process 83616 to run task
[2025-12-06T04:28:23.013+0500] {standard_task_runner.py:90} INFO - Running: ['airflow', 'tasks', 'run', 'letterboxd_etl_pipeline', 'scrape_letterboxd', 'manual__2025-12-05T22:11:13.641637+00:00', '--job-id', '16', '--raw', '--subdir', 'DAGS_FOLDER/letterboxd_full_pipeline.py', '--cfg-path', '/var/folders/_c/cll051r911b7vr3j31p4d20m0000gn/T/tmpllczkpj3']
[2025-12-06T04:28:23.014+0500] {standard_task_runner.py:91} INFO - Job 16: Subtask scrape_letterboxd
[2025-12-06T04:28:23.064+0500] {task_command.py:426} INFO - Running <TaskInstance: letterboxd_etl_pipeline.scrape_letterboxd manual__2025-12-05T22:11:13.641637+00:00 [running]> on host symbats-macbook-air-2.local
[2025-12-06T04:28:23.136+0500] {taskinstance.py:2648} INFO - Exporting env vars: AIRFLOW_CTX_DAG_OWNER='airflow' AIRFLOW_CTX_DAG_ID='letterboxd_etl_pipeline' AIRFLOW_CTX_TASK_ID='scrape_letterboxd' AIRFLOW_CTX_EXECUTION_DATE='2025-12-05T22:11:13.641637+00:00' AIRFLOW_CTX_TRY_NUMBER='6' AIRFLOW_CTX_DAG_RUN_ID='manual__2025-12-05T22:11:13.641637+00:00'
[2025-12-06T04:28:23.138+0500] {taskinstance.py:430} INFO - ::endgroup::
[2025-12-06T04:28:23.138+0500] {letterboxd_full_pipeline.py:34} INFO - === [SCRAPE] Starting scraping from Letterboxd ===
[2025-12-06T04:28:23.139+0500] {scraper.py:137} INFO - Starting Letterboxd scraping for 10 pages
[2025-12-06T04:28:23.140+0500] {logger.py:11} INFO - ====== WebDriver manager ======
[2025-12-06T04:28:24.139+0500] {logger.py:11} INFO - Get LATEST chromedriver version for google-chrome
[2025-12-06T04:31:23.956+0500] {local_task_job_runner.py:313} WARNING - State of this instance has been externally set to queued. Terminating instance.
[2025-12-06T04:31:23.960+0500] {local_task_job_runner.py:222} INFO - ::endgroup::
[2025-12-06T04:31:23.971+0500] {process_utils.py:132} INFO - Sending 15 to group 83616. PIDs of all processes in the group: [83616]
[2025-12-06T04:31:23.972+0500] {process_utils.py:87} INFO - Sending the signal 15 to group 83616
[2025-12-06T04:32:24.005+0500] {process_utils.py:150} WARNING - process psutil.Process(pid=83616, name='Python', status='running') did not respond to SIGTERM. Trying SIGKILL
[2025-12-06T04:32:24.019+0500] {process_utils.py:87} INFO - Sending the signal 9 to group 83616
[2025-12-06T04:32:24.027+0500] {process_utils.py:80} INFO - Process psutil.Process(pid=83616, name='Python', status='terminated', exitcode=<Negsignal.SIGKILL: -9>) (83616) terminated with exit code -9
[2025-12-06T04:32:24.028+0500] {standard_task_runner.py:176} ERROR - ('Job 16 was killed before it finished (likely due to running out of memory)', 'For more information, see https://airflow.apache.org/docs/apache-airflow/stable/troubleshooting.html#LocalTaskJob-killed')
