[2025-12-06T05:49:31.961+0500] {local_task_job_runner.py:120} INFO - ::group::Pre task execution logs
[2025-12-06T05:49:31.987+0500] {taskinstance.py:2076} INFO - Dependencies all met for dep_context=non-requeueable deps ti=<TaskInstance: letterboxd_etl_pipeline.scrape_letterboxd manual__2025-12-05T22:11:13.641637+00:00 [queued]>
[2025-12-06T05:49:31.993+0500] {taskinstance.py:2076} INFO - Dependencies all met for dep_context=requeueable deps ti=<TaskInstance: letterboxd_etl_pipeline.scrape_letterboxd manual__2025-12-05T22:11:13.641637+00:00 [queued]>
[2025-12-06T05:49:31.993+0500] {taskinstance.py:2306} INFO - Starting attempt 32 of 3
[2025-12-06T05:49:32.008+0500] {taskinstance.py:2330} INFO - Executing <Task(PythonOperator): scrape_letterboxd> on 2025-12-05 22:11:13.641637+00:00
[2025-12-06T05:49:32.017+0500] {standard_task_runner.py:64} INFO - Started process 92539 to run task
[2025-12-06T05:49:32.027+0500] {standard_task_runner.py:90} INFO - Running: ['airflow', 'tasks', 'run', 'letterboxd_etl_pipeline', 'scrape_letterboxd', 'manual__2025-12-05T22:11:13.641637+00:00', '--job-id', '43', '--raw', '--subdir', 'DAGS_FOLDER/letterboxd_full_pipeline.py', '--cfg-path', '/var/folders/_c/cll051r911b7vr3j31p4d20m0000gn/T/tmp95ek8ub0']
[2025-12-06T05:49:32.030+0500] {standard_task_runner.py:91} INFO - Job 43: Subtask scrape_letterboxd
[2025-12-06T05:49:32.091+0500] {task_command.py:426} INFO - Running <TaskInstance: letterboxd_etl_pipeline.scrape_letterboxd manual__2025-12-05T22:11:13.641637+00:00 [running]> on host symbats-macbook-air-2.local
[2025-12-06T05:49:32.198+0500] {taskinstance.py:2648} INFO - Exporting env vars: AIRFLOW_CTX_DAG_OWNER='airflow' AIRFLOW_CTX_DAG_ID='letterboxd_etl_pipeline' AIRFLOW_CTX_TASK_ID='scrape_letterboxd' AIRFLOW_CTX_EXECUTION_DATE='2025-12-05T22:11:13.641637+00:00' AIRFLOW_CTX_TRY_NUMBER='32' AIRFLOW_CTX_DAG_RUN_ID='manual__2025-12-05T22:11:13.641637+00:00'
[2025-12-06T05:49:32.199+0500] {taskinstance.py:430} INFO - ::endgroup::
[2025-12-06T05:49:32.200+0500] {letterboxd_full_pipeline.py:34} INFO - === [SCRAPE] Starting scraping from Letterboxd ===
[2025-12-06T05:49:32.201+0500] {scraper.py:137} INFO - Starting Letterboxd scraping for 10 pages
[2025-12-06T05:49:32.202+0500] {logger.py:11} INFO - ====== WebDriver manager ======
[2025-12-06T05:49:32.899+0500] {logger.py:11} INFO - Get LATEST chromedriver version for google-chrome
[2025-12-06T05:52:12.811+0500] {local_task_job_runner.py:291} WARNING - Recorded pid 92652 does not match the current pid 92539
[2025-12-06T05:52:12.815+0500] {local_task_job_runner.py:222} INFO - ::endgroup::
[2025-12-06T05:52:12.824+0500] {process_utils.py:132} INFO - Sending 15 to group 92539. PIDs of all processes in the group: [92539]
[2025-12-06T05:52:12.824+0500] {process_utils.py:87} INFO - Sending the signal 15 to group 92539
[2025-12-06T06:08:13.805+0500] {process_utils.py:150} WARNING - process psutil.Process(pid=92539, name='Python', status='running') did not respond to SIGTERM. Trying SIGKILL
[2025-12-06T06:08:13.869+0500] {process_utils.py:87} INFO - Sending the signal 9 to group 92539
[2025-12-06T06:08:13.886+0500] {process_utils.py:80} INFO - Process psutil.Process(pid=92539, name='Python', status='terminated', exitcode=<Negsignal.SIGKILL: -9>) (92539) terminated with exit code -9
[2025-12-06T06:08:13.890+0500] {standard_task_runner.py:176} ERROR - ('Job 44 was killed before it finished (likely due to running out of memory)', 'For more information, see https://airflow.apache.org/docs/apache-airflow/stable/troubleshooting.html#LocalTaskJob-killed')
