[2025-12-06T03:11:18.552+0500] {local_task_job_runner.py:120} INFO - ::group::Pre task execution logs
[2025-12-06T03:11:18.576+0500] {taskinstance.py:2076} INFO - Dependencies all met for dep_context=non-requeueable deps ti=<TaskInstance: letterboxd_etl_pipeline.scrape_letterboxd manual__2025-12-05T22:11:13.641637+00:00 [queued]>
[2025-12-06T03:11:18.581+0500] {taskinstance.py:2076} INFO - Dependencies all met for dep_context=requeueable deps ti=<TaskInstance: letterboxd_etl_pipeline.scrape_letterboxd manual__2025-12-05T22:11:13.641637+00:00 [queued]>
[2025-12-06T03:11:18.582+0500] {taskinstance.py:2306} INFO - Starting attempt 1 of 3
[2025-12-06T03:11:18.588+0500] {taskinstance.py:2330} INFO - Executing <Task(PythonOperator): scrape_letterboxd> on 2025-12-05 22:11:13.641637+00:00
[2025-12-06T03:11:18.595+0500] {standard_task_runner.py:64} INFO - Started process 77754 to run task
[2025-12-06T03:11:18.600+0500] {standard_task_runner.py:90} INFO - Running: ['airflow', 'tasks', 'run', 'letterboxd_etl_pipeline', 'scrape_letterboxd', 'manual__2025-12-05T22:11:13.641637+00:00', '--job-id', '5', '--raw', '--subdir', 'DAGS_FOLDER/letterboxd_full_pipeline.py', '--cfg-path', '/var/folders/_c/cll051r911b7vr3j31p4d20m0000gn/T/tmpf5972x_v']
[2025-12-06T03:11:18.601+0500] {standard_task_runner.py:91} INFO - Job 5: Subtask scrape_letterboxd
[2025-12-06T03:11:18.643+0500] {task_command.py:426} INFO - Running <TaskInstance: letterboxd_etl_pipeline.scrape_letterboxd manual__2025-12-05T22:11:13.641637+00:00 [running]> on host symbats-macbook-air-2.local
[2025-12-06T03:11:18.698+0500] {taskinstance.py:2648} INFO - Exporting env vars: AIRFLOW_CTX_DAG_OWNER='airflow' AIRFLOW_CTX_DAG_ID='letterboxd_etl_pipeline' AIRFLOW_CTX_TASK_ID='scrape_letterboxd' AIRFLOW_CTX_EXECUTION_DATE='2025-12-05T22:11:13.641637+00:00' AIRFLOW_CTX_TRY_NUMBER='1' AIRFLOW_CTX_DAG_RUN_ID='manual__2025-12-05T22:11:13.641637+00:00'
[2025-12-06T03:11:18.699+0500] {taskinstance.py:430} INFO - ::endgroup::
[2025-12-06T03:11:18.700+0500] {letterboxd_full_pipeline.py:44} INFO - === [SCRAPE] Starting scraping from Letterboxd ===
[2025-12-06T03:11:18.700+0500] {scraper.py:150} INFO - Starting Letterboxd scraping for 10 pages
[2025-12-06T03:11:18.701+0500] {logger.py:11} INFO - ====== WebDriver manager ======
[2025-12-06T03:11:20.676+0500] {logger.py:11} INFO - Get LATEST chromedriver version for google-chrome
[2025-12-06T03:14:37.753+0500] {local_task_job_runner.py:222} INFO - ::endgroup::
[2025-12-06T03:14:37.779+0500] {process_utils.py:132} INFO - Sending 15 to group 77754. PIDs of all processes in the group: [77754]
[2025-12-06T03:14:37.781+0500] {process_utils.py:87} INFO - Sending the signal 15 to group 77754
[2025-12-06T03:14:43.411+0500] {local_task_job_runner.py:120} INFO - ::group::Pre task execution logs
[2025-12-06T03:14:43.423+0500] {taskinstance.py:2066} INFO - Dependencies not met for <TaskInstance: letterboxd_etl_pipeline.scrape_letterboxd manual__2025-12-05T22:11:13.641637+00:00 [running]>, dependency 'Task Instance State' FAILED: Task is in the 'running' state.
[2025-12-06T03:14:43.423+0500] {taskinstance.py:2066} INFO - Dependencies not met for <TaskInstance: letterboxd_etl_pipeline.scrape_letterboxd manual__2025-12-05T22:11:13.641637+00:00 [running]>, dependency 'Task Instance Not Running' FAILED: Task is in the running state
[2025-12-06T03:14:43.425+0500] {local_task_job_runner.py:163} INFO - Task is not able to be run
