[2025-12-06T04:58:51.440+0500] {local_task_job_runner.py:120} INFO - ::group::Pre task execution logs
[2025-12-06T04:58:51.455+0500] {taskinstance.py:2076} INFO - Dependencies all met for dep_context=non-requeueable deps ti=<TaskInstance: letterboxd_etl_pipeline.scrape_letterboxd manual__2025-12-05T22:11:13.641637+00:00 [queued]>
[2025-12-06T04:58:51.461+0500] {taskinstance.py:2076} INFO - Dependencies all met for dep_context=requeueable deps ti=<TaskInstance: letterboxd_etl_pipeline.scrape_letterboxd manual__2025-12-05T22:11:13.641637+00:00 [queued]>
[2025-12-06T04:58:51.461+0500] {taskinstance.py:2306} INFO - Starting attempt 18 of 3
[2025-12-06T04:58:51.469+0500] {taskinstance.py:2330} INFO - Executing <Task(PythonOperator): scrape_letterboxd> on 2025-12-05 22:11:13.641637+00:00
[2025-12-06T04:58:51.474+0500] {standard_task_runner.py:64} INFO - Started process 87971 to run task
[2025-12-06T04:58:51.486+0500] {standard_task_runner.py:90} INFO - Running: ['airflow', 'tasks', 'run', 'letterboxd_etl_pipeline', 'scrape_letterboxd', 'manual__2025-12-05T22:11:13.641637+00:00', '--job-id', '29', '--raw', '--subdir', 'DAGS_FOLDER/letterboxd_full_pipeline.py', '--cfg-path', '/var/folders/_c/cll051r911b7vr3j31p4d20m0000gn/T/tmpzbrffp88']
[2025-12-06T04:58:51.490+0500] {standard_task_runner.py:91} INFO - Job 29: Subtask scrape_letterboxd
[2025-12-06T04:58:51.538+0500] {task_command.py:426} INFO - Running <TaskInstance: letterboxd_etl_pipeline.scrape_letterboxd manual__2025-12-05T22:11:13.641637+00:00 [running]> on host symbats-macbook-air-2.local
[2025-12-06T04:58:51.579+0500] {taskinstance.py:2648} INFO - Exporting env vars: AIRFLOW_CTX_DAG_OWNER='airflow' AIRFLOW_CTX_DAG_ID='letterboxd_etl_pipeline' AIRFLOW_CTX_TASK_ID='scrape_letterboxd' AIRFLOW_CTX_EXECUTION_DATE='2025-12-05T22:11:13.641637+00:00' AIRFLOW_CTX_TRY_NUMBER='18' AIRFLOW_CTX_DAG_RUN_ID='manual__2025-12-05T22:11:13.641637+00:00'
[2025-12-06T04:58:51.579+0500] {taskinstance.py:430} INFO - ::endgroup::
[2025-12-06T04:58:51.580+0500] {letterboxd_full_pipeline.py:34} INFO - === [SCRAPE] Starting scraping from Letterboxd ===
[2025-12-06T04:58:51.580+0500] {scraper.py:137} INFO - Starting Letterboxd scraping for 10 pages
[2025-12-06T04:58:51.580+0500] {logger.py:11} INFO - ====== WebDriver manager ======
[2025-12-06T04:58:52.821+0500] {logger.py:11} INFO - Get LATEST chromedriver version for google-chrome
[2025-12-06T05:01:27.375+0500] {local_task_job_runner.py:313} WARNING - State of this instance has been externally set to queued. Terminating instance.
[2025-12-06T05:01:27.378+0500] {local_task_job_runner.py:222} INFO - ::endgroup::
[2025-12-06T05:01:27.385+0500] {process_utils.py:132} INFO - Sending 15 to group 87971. PIDs of all processes in the group: [87971]
[2025-12-06T05:01:27.385+0500] {process_utils.py:87} INFO - Sending the signal 15 to group 87971
[2025-12-06T05:02:27.368+0500] {process_utils.py:150} WARNING - process psutil.Process(pid=87971, name='Python', status='running') did not respond to SIGTERM. Trying SIGKILL
[2025-12-06T05:02:27.397+0500] {process_utils.py:87} INFO - Sending the signal 9 to group 87971
[2025-12-06T05:02:27.401+0500] {process_utils.py:80} INFO - Process psutil.Process(pid=87971, name='Python', status='terminated', exitcode=<Negsignal.SIGKILL: -9>) (87971) terminated with exit code -9
[2025-12-06T05:02:27.402+0500] {standard_task_runner.py:176} ERROR - ('Job 29 was killed before it finished (likely due to running out of memory)', 'For more information, see https://airflow.apache.org/docs/apache-airflow/stable/troubleshooting.html#LocalTaskJob-killed')
