[2025-12-06T04:48:48.303+0500] {local_task_job_runner.py:120} INFO - ::group::Pre task execution logs
[2025-12-06T04:48:48.311+0500] {taskinstance.py:2076} INFO - Dependencies all met for dep_context=non-requeueable deps ti=<TaskInstance: letterboxd_etl_pipeline.scrape_letterboxd manual__2025-12-05T22:11:13.641637+00:00 [queued]>
[2025-12-06T04:48:48.313+0500] {taskinstance.py:2076} INFO - Dependencies all met for dep_context=requeueable deps ti=<TaskInstance: letterboxd_etl_pipeline.scrape_letterboxd manual__2025-12-05T22:11:13.641637+00:00 [queued]>
[2025-12-06T04:48:48.313+0500] {taskinstance.py:2306} INFO - Starting attempt 14 of 3
[2025-12-06T04:48:48.318+0500] {taskinstance.py:2330} INFO - Executing <Task(PythonOperator): scrape_letterboxd> on 2025-12-05 22:11:13.641637+00:00
[2025-12-06T04:48:48.324+0500] {standard_task_runner.py:64} INFO - Started process 85975 to run task
[2025-12-06T04:48:48.340+0500] {standard_task_runner.py:90} INFO - Running: ['airflow', 'tasks', 'run', 'letterboxd_etl_pipeline', 'scrape_letterboxd', 'manual__2025-12-05T22:11:13.641637+00:00', '--job-id', '25', '--raw', '--subdir', 'DAGS_FOLDER/letterboxd_full_pipeline.py', '--cfg-path', '/var/folders/_c/cll051r911b7vr3j31p4d20m0000gn/T/tmpk3lgdg07']
[2025-12-06T04:48:48.342+0500] {standard_task_runner.py:91} INFO - Job 25: Subtask scrape_letterboxd
[2025-12-06T04:48:48.378+0500] {task_command.py:426} INFO - Running <TaskInstance: letterboxd_etl_pipeline.scrape_letterboxd manual__2025-12-05T22:11:13.641637+00:00 [running]> on host symbats-macbook-air-2.local
[2025-12-06T04:48:48.429+0500] {taskinstance.py:2648} INFO - Exporting env vars: AIRFLOW_CTX_DAG_OWNER='airflow' AIRFLOW_CTX_DAG_ID='letterboxd_etl_pipeline' AIRFLOW_CTX_TASK_ID='scrape_letterboxd' AIRFLOW_CTX_EXECUTION_DATE='2025-12-05T22:11:13.641637+00:00' AIRFLOW_CTX_TRY_NUMBER='14' AIRFLOW_CTX_DAG_RUN_ID='manual__2025-12-05T22:11:13.641637+00:00'
[2025-12-06T04:48:48.430+0500] {taskinstance.py:430} INFO - ::endgroup::
[2025-12-06T04:48:48.430+0500] {letterboxd_full_pipeline.py:34} INFO - === [SCRAPE] Starting scraping from Letterboxd ===
[2025-12-06T04:48:48.431+0500] {scraper.py:137} INFO - Starting Letterboxd scraping for 10 pages
[2025-12-06T04:48:48.431+0500] {logger.py:11} INFO - ====== WebDriver manager ======
[2025-12-06T04:48:49.937+0500] {logger.py:11} INFO - Get LATEST chromedriver version for google-chrome
[2025-12-06T04:51:29.091+0500] {local_task_job_runner.py:291} WARNING - Recorded pid 86538 does not match the current pid 85975
[2025-12-06T04:51:29.094+0500] {local_task_job_runner.py:222} INFO - ::endgroup::
[2025-12-06T04:51:29.100+0500] {process_utils.py:132} INFO - Sending 15 to group 85975. PIDs of all processes in the group: [85975]
[2025-12-06T04:51:29.102+0500] {process_utils.py:87} INFO - Sending the signal 15 to group 85975
[2025-12-06T04:52:29.128+0500] {process_utils.py:150} WARNING - process psutil.Process(pid=85975, name='Python', status='running') did not respond to SIGTERM. Trying SIGKILL
[2025-12-06T04:52:29.136+0500] {process_utils.py:87} INFO - Sending the signal 9 to group 85975
[2025-12-06T04:52:29.144+0500] {process_utils.py:80} INFO - Process psutil.Process(pid=85975, name='Python', status='terminated', exitcode=<Negsignal.SIGKILL: -9>) (85975) terminated with exit code -9
[2025-12-06T04:52:29.145+0500] {standard_task_runner.py:176} ERROR - ('Job 26 was killed before it finished (likely due to running out of memory)', 'For more information, see https://airflow.apache.org/docs/apache-airflow/stable/troubleshooting.html#LocalTaskJob-killed')
