[2025-12-06T03:56:19.625+0500] {processor.py:161} INFO - Started process (PID=79589) to work on /Users/symbat/airflow_local/.venv/lib/python3.11/site-packages/airflow/example_dags/example_latest_only_with_trigger.py
[2025-12-06T03:56:19.626+0500] {processor.py:830} INFO - Processing file /Users/symbat/airflow_local/.venv/lib/python3.11/site-packages/airflow/example_dags/example_latest_only_with_trigger.py for tasks to queue
[2025-12-06T03:56:19.627+0500] {logging_mixin.py:188} INFO - [2025-12-06T03:56:19.627+0500] {dagbag.py:545} INFO - Filling up the DagBag from /Users/symbat/airflow_local/.venv/lib/python3.11/site-packages/airflow/example_dags/example_latest_only_with_trigger.py
[2025-12-06T03:56:19.636+0500] {processor.py:840} INFO - DAG(s) 'latest_only_with_trigger' retrieved from /Users/symbat/airflow_local/.venv/lib/python3.11/site-packages/airflow/example_dags/example_latest_only_with_trigger.py
[2025-12-06T03:56:19.749+0500] {logging_mixin.py:188} INFO - [2025-12-06T03:56:19.748+0500] {override.py:1930} INFO - Created Permission View: can read on DAG:latest_only_with_trigger
[2025-12-06T03:56:19.753+0500] {logging_mixin.py:188} INFO - [2025-12-06T03:56:19.753+0500] {override.py:1930} INFO - Created Permission View: can delete on DAG:latest_only_with_trigger
[2025-12-06T03:56:19.756+0500] {logging_mixin.py:188} INFO - [2025-12-06T03:56:19.756+0500] {override.py:1930} INFO - Created Permission View: can edit on DAG:latest_only_with_trigger
[2025-12-06T03:56:19.756+0500] {logging_mixin.py:188} INFO - [2025-12-06T03:56:19.756+0500] {dag.py:3089} INFO - Sync 1 DAGs
[2025-12-06T03:56:19.761+0500] {logging_mixin.py:188} INFO - [2025-12-06T03:56:19.761+0500] {dag.py:3111} INFO - Creating ORM DAG for latest_only_with_trigger
[2025-12-06T03:56:19.765+0500] {logging_mixin.py:188} INFO - [2025-12-06T03:56:19.765+0500] {dag.py:3947} INFO - Setting next_dagrun for latest_only_with_trigger to 2025-12-05 16:00:00+00:00, run_after=2025-12-05 20:00:00+00:00
[2025-12-06T03:56:19.825+0500] {processor.py:183} INFO - Processing /Users/symbat/airflow_local/.venv/lib/python3.11/site-packages/airflow/example_dags/example_latest_only_with_trigger.py took 0.201 seconds
[2025-12-06T03:58:17.636+0500] {processor.py:161} INFO - Started process (PID=79715) to work on /Users/symbat/airflow_local/.venv/lib/python3.11/site-packages/airflow/example_dags/example_latest_only_with_trigger.py
[2025-12-06T03:58:17.637+0500] {processor.py:830} INFO - Processing file /Users/symbat/airflow_local/.venv/lib/python3.11/site-packages/airflow/example_dags/example_latest_only_with_trigger.py for tasks to queue
[2025-12-06T03:58:17.638+0500] {logging_mixin.py:188} INFO - [2025-12-06T03:58:17.638+0500] {dagbag.py:545} INFO - Filling up the DagBag from /Users/symbat/airflow_local/.venv/lib/python3.11/site-packages/airflow/example_dags/example_latest_only_with_trigger.py
[2025-12-06T03:58:17.644+0500] {processor.py:840} INFO - DAG(s) 'latest_only_with_trigger' retrieved from /Users/symbat/airflow_local/.venv/lib/python3.11/site-packages/airflow/example_dags/example_latest_only_with_trigger.py
[2025-12-06T03:58:17.705+0500] {logging_mixin.py:188} INFO - [2025-12-06T03:58:17.705+0500] {dag.py:3089} INFO - Sync 1 DAGs
[2025-12-06T03:58:17.715+0500] {logging_mixin.py:188} INFO - [2025-12-06T03:58:17.714+0500] {dag.py:3947} INFO - Setting next_dagrun for latest_only_with_trigger to 2025-12-05 16:00:00+00:00, run_after=2025-12-05 20:00:00+00:00
[2025-12-06T03:58:17.727+0500] {processor.py:183} INFO - Processing /Users/symbat/airflow_local/.venv/lib/python3.11/site-packages/airflow/example_dags/example_latest_only_with_trigger.py took 0.094 seconds
[2025-12-06T04:01:26.496+0500] {processor.py:161} INFO - Started process (PID=80426) to work on /Users/symbat/airflow_local/.venv/lib/python3.11/site-packages/airflow/example_dags/example_latest_only_with_trigger.py
[2025-12-06T04:01:26.497+0500] {processor.py:830} INFO - Processing file /Users/symbat/airflow_local/.venv/lib/python3.11/site-packages/airflow/example_dags/example_latest_only_with_trigger.py for tasks to queue
[2025-12-06T04:01:26.498+0500] {logging_mixin.py:188} INFO - [2025-12-06T04:01:26.498+0500] {dagbag.py:545} INFO - Filling up the DagBag from /Users/symbat/airflow_local/.venv/lib/python3.11/site-packages/airflow/example_dags/example_latest_only_with_trigger.py
[2025-12-06T04:01:26.505+0500] {processor.py:840} INFO - DAG(s) 'latest_only_with_trigger' retrieved from /Users/symbat/airflow_local/.venv/lib/python3.11/site-packages/airflow/example_dags/example_latest_only_with_trigger.py
[2025-12-06T04:01:26.585+0500] {logging_mixin.py:188} INFO - [2025-12-06T04:01:26.585+0500] {dag.py:3089} INFO - Sync 1 DAGs
[2025-12-06T04:01:26.594+0500] {logging_mixin.py:188} INFO - [2025-12-06T04:01:26.594+0500] {dag.py:3947} INFO - Setting next_dagrun for latest_only_with_trigger to 2025-12-05 16:00:00+00:00, run_after=2025-12-05 20:00:00+00:00
[2025-12-06T04:01:26.604+0500] {processor.py:183} INFO - Processing /Users/symbat/airflow_local/.venv/lib/python3.11/site-packages/airflow/example_dags/example_latest_only_with_trigger.py took 0.111 seconds
[2025-12-06T04:04:48.307+0500] {processor.py:161} INFO - Started process (PID=81081) to work on /Users/symbat/airflow_local/.venv/lib/python3.11/site-packages/airflow/example_dags/example_latest_only_with_trigger.py
[2025-12-06T04:04:48.308+0500] {processor.py:830} INFO - Processing file /Users/symbat/airflow_local/.venv/lib/python3.11/site-packages/airflow/example_dags/example_latest_only_with_trigger.py for tasks to queue
[2025-12-06T04:04:48.308+0500] {logging_mixin.py:188} INFO - [2025-12-06T04:04:48.308+0500] {dagbag.py:545} INFO - Filling up the DagBag from /Users/symbat/airflow_local/.venv/lib/python3.11/site-packages/airflow/example_dags/example_latest_only_with_trigger.py
[2025-12-06T04:04:48.321+0500] {processor.py:840} INFO - DAG(s) 'latest_only_with_trigger' retrieved from /Users/symbat/airflow_local/.venv/lib/python3.11/site-packages/airflow/example_dags/example_latest_only_with_trigger.py
[2025-12-06T04:04:48.410+0500] {logging_mixin.py:188} INFO - [2025-12-06T04:04:48.409+0500] {dag.py:3089} INFO - Sync 1 DAGs
[2025-12-06T04:04:48.428+0500] {logging_mixin.py:188} INFO - [2025-12-06T04:04:48.428+0500] {dag.py:3947} INFO - Setting next_dagrun for latest_only_with_trigger to 2025-12-05 16:00:00+00:00, run_after=2025-12-05 20:00:00+00:00
[2025-12-06T04:04:48.440+0500] {processor.py:183} INFO - Processing /Users/symbat/airflow_local/.venv/lib/python3.11/site-packages/airflow/example_dags/example_latest_only_with_trigger.py took 0.136 seconds
[2025-12-06T04:08:07.998+0500] {processor.py:161} INFO - Started process (PID=81580) to work on /Users/symbat/airflow_local/.venv/lib/python3.11/site-packages/airflow/example_dags/example_latest_only_with_trigger.py
[2025-12-06T04:08:07.999+0500] {processor.py:830} INFO - Processing file /Users/symbat/airflow_local/.venv/lib/python3.11/site-packages/airflow/example_dags/example_latest_only_with_trigger.py for tasks to queue
[2025-12-06T04:08:08.000+0500] {logging_mixin.py:188} INFO - [2025-12-06T04:08:07.999+0500] {dagbag.py:545} INFO - Filling up the DagBag from /Users/symbat/airflow_local/.venv/lib/python3.11/site-packages/airflow/example_dags/example_latest_only_with_trigger.py
[2025-12-06T04:08:08.005+0500] {processor.py:840} INFO - DAG(s) 'latest_only_with_trigger' retrieved from /Users/symbat/airflow_local/.venv/lib/python3.11/site-packages/airflow/example_dags/example_latest_only_with_trigger.py
[2025-12-06T04:08:08.059+0500] {logging_mixin.py:188} INFO - [2025-12-06T04:08:08.059+0500] {dag.py:3089} INFO - Sync 1 DAGs
[2025-12-06T04:08:08.069+0500] {logging_mixin.py:188} INFO - [2025-12-06T04:08:08.068+0500] {dag.py:3947} INFO - Setting next_dagrun for latest_only_with_trigger to 2025-12-05 16:00:00+00:00, run_after=2025-12-05 20:00:00+00:00
[2025-12-06T04:08:08.079+0500] {processor.py:183} INFO - Processing /Users/symbat/airflow_local/.venv/lib/python3.11/site-packages/airflow/example_dags/example_latest_only_with_trigger.py took 0.083 seconds
[2025-12-06T04:11:33.615+0500] {processor.py:161} INFO - Started process (PID=81826) to work on /Users/symbat/airflow_local/.venv/lib/python3.11/site-packages/airflow/example_dags/example_latest_only_with_trigger.py
[2025-12-06T04:11:33.615+0500] {processor.py:830} INFO - Processing file /Users/symbat/airflow_local/.venv/lib/python3.11/site-packages/airflow/example_dags/example_latest_only_with_trigger.py for tasks to queue
[2025-12-06T04:11:33.616+0500] {logging_mixin.py:188} INFO - [2025-12-06T04:11:33.616+0500] {dagbag.py:545} INFO - Filling up the DagBag from /Users/symbat/airflow_local/.venv/lib/python3.11/site-packages/airflow/example_dags/example_latest_only_with_trigger.py
[2025-12-06T04:11:33.621+0500] {processor.py:840} INFO - DAG(s) 'latest_only_with_trigger' retrieved from /Users/symbat/airflow_local/.venv/lib/python3.11/site-packages/airflow/example_dags/example_latest_only_with_trigger.py
[2025-12-06T04:11:33.668+0500] {logging_mixin.py:188} INFO - [2025-12-06T04:11:33.667+0500] {dag.py:3089} INFO - Sync 1 DAGs
[2025-12-06T04:11:33.676+0500] {logging_mixin.py:188} INFO - [2025-12-06T04:11:33.676+0500] {dag.py:3947} INFO - Setting next_dagrun for latest_only_with_trigger to 2025-12-05 16:00:00+00:00, run_after=2025-12-05 20:00:00+00:00
[2025-12-06T04:11:33.685+0500] {processor.py:183} INFO - Processing /Users/symbat/airflow_local/.venv/lib/python3.11/site-packages/airflow/example_dags/example_latest_only_with_trigger.py took 0.072 seconds
[2025-12-06T04:14:52.007+0500] {processor.py:161} INFO - Started process (PID=82133) to work on /Users/symbat/airflow_local/.venv/lib/python3.11/site-packages/airflow/example_dags/example_latest_only_with_trigger.py
[2025-12-06T04:14:52.007+0500] {processor.py:830} INFO - Processing file /Users/symbat/airflow_local/.venv/lib/python3.11/site-packages/airflow/example_dags/example_latest_only_with_trigger.py for tasks to queue
[2025-12-06T04:14:52.008+0500] {logging_mixin.py:188} INFO - [2025-12-06T04:14:52.008+0500] {dagbag.py:545} INFO - Filling up the DagBag from /Users/symbat/airflow_local/.venv/lib/python3.11/site-packages/airflow/example_dags/example_latest_only_with_trigger.py
[2025-12-06T04:14:52.014+0500] {processor.py:840} INFO - DAG(s) 'latest_only_with_trigger' retrieved from /Users/symbat/airflow_local/.venv/lib/python3.11/site-packages/airflow/example_dags/example_latest_only_with_trigger.py
[2025-12-06T04:14:52.072+0500] {logging_mixin.py:188} INFO - [2025-12-06T04:14:52.072+0500] {dag.py:3089} INFO - Sync 1 DAGs
[2025-12-06T04:14:52.082+0500] {logging_mixin.py:188} INFO - [2025-12-06T04:14:52.082+0500] {dag.py:3947} INFO - Setting next_dagrun for latest_only_with_trigger to 2025-12-05 16:00:00+00:00, run_after=2025-12-05 20:00:00+00:00
[2025-12-06T04:14:52.095+0500] {processor.py:183} INFO - Processing /Users/symbat/airflow_local/.venv/lib/python3.11/site-packages/airflow/example_dags/example_latest_only_with_trigger.py took 0.090 seconds
[2025-12-06T04:18:01.275+0500] {processor.py:161} INFO - Started process (PID=82364) to work on /Users/symbat/airflow_local/.venv/lib/python3.11/site-packages/airflow/example_dags/example_latest_only_with_trigger.py
[2025-12-06T04:18:01.278+0500] {processor.py:830} INFO - Processing file /Users/symbat/airflow_local/.venv/lib/python3.11/site-packages/airflow/example_dags/example_latest_only_with_trigger.py for tasks to queue
[2025-12-06T04:18:01.278+0500] {logging_mixin.py:188} INFO - [2025-12-06T04:18:01.278+0500] {dagbag.py:545} INFO - Filling up the DagBag from /Users/symbat/airflow_local/.venv/lib/python3.11/site-packages/airflow/example_dags/example_latest_only_with_trigger.py
[2025-12-06T04:18:01.283+0500] {processor.py:840} INFO - DAG(s) 'latest_only_with_trigger' retrieved from /Users/symbat/airflow_local/.venv/lib/python3.11/site-packages/airflow/example_dags/example_latest_only_with_trigger.py
[2025-12-06T04:18:01.332+0500] {logging_mixin.py:188} INFO - [2025-12-06T04:18:01.331+0500] {dag.py:3089} INFO - Sync 1 DAGs
[2025-12-06T04:18:01.340+0500] {logging_mixin.py:188} INFO - [2025-12-06T04:18:01.340+0500] {dag.py:3947} INFO - Setting next_dagrun for latest_only_with_trigger to 2025-12-05 16:00:00+00:00, run_after=2025-12-05 20:00:00+00:00
[2025-12-06T04:18:01.349+0500] {processor.py:183} INFO - Processing /Users/symbat/airflow_local/.venv/lib/python3.11/site-packages/airflow/example_dags/example_latest_only_with_trigger.py took 0.076 seconds
[2025-12-06T04:21:05.940+0500] {processor.py:161} INFO - Started process (PID=82554) to work on /Users/symbat/airflow_local/.venv/lib/python3.11/site-packages/airflow/example_dags/example_latest_only_with_trigger.py
[2025-12-06T04:21:05.941+0500] {processor.py:830} INFO - Processing file /Users/symbat/airflow_local/.venv/lib/python3.11/site-packages/airflow/example_dags/example_latest_only_with_trigger.py for tasks to queue
[2025-12-06T04:21:05.941+0500] {logging_mixin.py:188} INFO - [2025-12-06T04:21:05.941+0500] {dagbag.py:545} INFO - Filling up the DagBag from /Users/symbat/airflow_local/.venv/lib/python3.11/site-packages/airflow/example_dags/example_latest_only_with_trigger.py
[2025-12-06T04:21:05.946+0500] {processor.py:840} INFO - DAG(s) 'latest_only_with_trigger' retrieved from /Users/symbat/airflow_local/.venv/lib/python3.11/site-packages/airflow/example_dags/example_latest_only_with_trigger.py
[2025-12-06T04:21:05.999+0500] {logging_mixin.py:188} INFO - [2025-12-06T04:21:05.999+0500] {dag.py:3089} INFO - Sync 1 DAGs
[2025-12-06T04:21:06.010+0500] {logging_mixin.py:188} INFO - [2025-12-06T04:21:06.010+0500] {dag.py:3947} INFO - Setting next_dagrun for latest_only_with_trigger to 2025-12-05 16:00:00+00:00, run_after=2025-12-05 20:00:00+00:00
[2025-12-06T04:21:06.021+0500] {processor.py:183} INFO - Processing /Users/symbat/airflow_local/.venv/lib/python3.11/site-packages/airflow/example_dags/example_latest_only_with_trigger.py took 0.083 seconds
[2025-12-06T04:23:54.390+0500] {processor.py:161} INFO - Started process (PID=82764) to work on /Users/symbat/airflow_local/.venv/lib/python3.11/site-packages/airflow/example_dags/example_latest_only_with_trigger.py
[2025-12-06T04:23:54.391+0500] {processor.py:830} INFO - Processing file /Users/symbat/airflow_local/.venv/lib/python3.11/site-packages/airflow/example_dags/example_latest_only_with_trigger.py for tasks to queue
[2025-12-06T04:23:54.391+0500] {logging_mixin.py:188} INFO - [2025-12-06T04:23:54.391+0500] {dagbag.py:545} INFO - Filling up the DagBag from /Users/symbat/airflow_local/.venv/lib/python3.11/site-packages/airflow/example_dags/example_latest_only_with_trigger.py
[2025-12-06T04:23:54.399+0500] {processor.py:840} INFO - DAG(s) 'latest_only_with_trigger' retrieved from /Users/symbat/airflow_local/.venv/lib/python3.11/site-packages/airflow/example_dags/example_latest_only_with_trigger.py
[2025-12-06T04:23:54.475+0500] {logging_mixin.py:188} INFO - [2025-12-06T04:23:54.475+0500] {dag.py:3089} INFO - Sync 1 DAGs
[2025-12-06T04:23:54.485+0500] {logging_mixin.py:188} INFO - [2025-12-06T04:23:54.485+0500] {dag.py:3947} INFO - Setting next_dagrun for latest_only_with_trigger to 2025-12-05 16:00:00+00:00, run_after=2025-12-05 20:00:00+00:00
[2025-12-06T04:23:54.495+0500] {processor.py:183} INFO - Processing /Users/symbat/airflow_local/.venv/lib/python3.11/site-packages/airflow/example_dags/example_latest_only_with_trigger.py took 0.108 seconds
[2025-12-06T04:27:19.522+0500] {processor.py:161} INFO - Started process (PID=83362) to work on /Users/symbat/airflow_local/.venv/lib/python3.11/site-packages/airflow/example_dags/example_latest_only_with_trigger.py
[2025-12-06T04:27:19.525+0500] {processor.py:830} INFO - Processing file /Users/symbat/airflow_local/.venv/lib/python3.11/site-packages/airflow/example_dags/example_latest_only_with_trigger.py for tasks to queue
[2025-12-06T04:27:19.525+0500] {logging_mixin.py:188} INFO - [2025-12-06T04:27:19.525+0500] {dagbag.py:545} INFO - Filling up the DagBag from /Users/symbat/airflow_local/.venv/lib/python3.11/site-packages/airflow/example_dags/example_latest_only_with_trigger.py
[2025-12-06T04:27:19.532+0500] {processor.py:840} INFO - DAG(s) 'latest_only_with_trigger' retrieved from /Users/symbat/airflow_local/.venv/lib/python3.11/site-packages/airflow/example_dags/example_latest_only_with_trigger.py
[2025-12-06T04:27:19.584+0500] {logging_mixin.py:188} INFO - [2025-12-06T04:27:19.583+0500] {dag.py:3089} INFO - Sync 1 DAGs
[2025-12-06T04:27:19.593+0500] {logging_mixin.py:188} INFO - [2025-12-06T04:27:19.592+0500] {dag.py:3947} INFO - Setting next_dagrun for latest_only_with_trigger to 2025-12-05 16:00:00+00:00, run_after=2025-12-05 20:00:00+00:00
[2025-12-06T04:27:19.604+0500] {processor.py:183} INFO - Processing /Users/symbat/airflow_local/.venv/lib/python3.11/site-packages/airflow/example_dags/example_latest_only_with_trigger.py took 0.087 seconds
[2025-12-06T04:30:54.448+0500] {processor.py:161} INFO - Started process (PID=83845) to work on /Users/symbat/airflow_local/.venv/lib/python3.11/site-packages/airflow/example_dags/example_latest_only_with_trigger.py
[2025-12-06T04:30:54.449+0500] {processor.py:830} INFO - Processing file /Users/symbat/airflow_local/.venv/lib/python3.11/site-packages/airflow/example_dags/example_latest_only_with_trigger.py for tasks to queue
[2025-12-06T04:30:54.450+0500] {logging_mixin.py:188} INFO - [2025-12-06T04:30:54.450+0500] {dagbag.py:545} INFO - Filling up the DagBag from /Users/symbat/airflow_local/.venv/lib/python3.11/site-packages/airflow/example_dags/example_latest_only_with_trigger.py
[2025-12-06T04:30:54.461+0500] {processor.py:840} INFO - DAG(s) 'latest_only_with_trigger' retrieved from /Users/symbat/airflow_local/.venv/lib/python3.11/site-packages/airflow/example_dags/example_latest_only_with_trigger.py
[2025-12-06T04:30:54.529+0500] {logging_mixin.py:188} INFO - [2025-12-06T04:30:54.528+0500] {dag.py:3089} INFO - Sync 1 DAGs
[2025-12-06T04:30:54.544+0500] {logging_mixin.py:188} INFO - [2025-12-06T04:30:54.543+0500] {dag.py:3947} INFO - Setting next_dagrun for latest_only_with_trigger to 2025-12-05 16:00:00+00:00, run_after=2025-12-05 20:00:00+00:00
[2025-12-06T04:30:54.554+0500] {processor.py:183} INFO - Processing /Users/symbat/airflow_local/.venv/lib/python3.11/site-packages/airflow/example_dags/example_latest_only_with_trigger.py took 0.110 seconds
[2025-12-06T04:34:36.222+0500] {processor.py:161} INFO - Started process (PID=84218) to work on /Users/symbat/airflow_local/.venv/lib/python3.11/site-packages/airflow/example_dags/example_latest_only_with_trigger.py
[2025-12-06T04:34:36.223+0500] {processor.py:830} INFO - Processing file /Users/symbat/airflow_local/.venv/lib/python3.11/site-packages/airflow/example_dags/example_latest_only_with_trigger.py for tasks to queue
[2025-12-06T04:34:36.223+0500] {logging_mixin.py:188} INFO - [2025-12-06T04:34:36.223+0500] {dagbag.py:545} INFO - Filling up the DagBag from /Users/symbat/airflow_local/.venv/lib/python3.11/site-packages/airflow/example_dags/example_latest_only_with_trigger.py
[2025-12-06T04:34:36.228+0500] {processor.py:840} INFO - DAG(s) 'latest_only_with_trigger' retrieved from /Users/symbat/airflow_local/.venv/lib/python3.11/site-packages/airflow/example_dags/example_latest_only_with_trigger.py
[2025-12-06T04:34:36.279+0500] {logging_mixin.py:188} INFO - [2025-12-06T04:34:36.279+0500] {dag.py:3089} INFO - Sync 1 DAGs
[2025-12-06T04:34:36.290+0500] {logging_mixin.py:188} INFO - [2025-12-06T04:34:36.290+0500] {dag.py:3947} INFO - Setting next_dagrun for latest_only_with_trigger to 2025-12-05 16:00:00+00:00, run_after=2025-12-05 20:00:00+00:00
[2025-12-06T04:34:36.299+0500] {processor.py:183} INFO - Processing /Users/symbat/airflow_local/.venv/lib/python3.11/site-packages/airflow/example_dags/example_latest_only_with_trigger.py took 0.079 seconds
