[2025-12-06T03:56:45.767+0500] {processor.py:161} INFO - Started process (PID=79619) to work on /Users/symbat/airflow_local/.venv/lib/python3.11/site-packages/airflow/example_dags/example_branch_operator.py
[2025-12-06T03:56:45.768+0500] {processor.py:830} INFO - Processing file /Users/symbat/airflow_local/.venv/lib/python3.11/site-packages/airflow/example_dags/example_branch_operator.py for tasks to queue
[2025-12-06T03:56:45.769+0500] {logging_mixin.py:188} INFO - [2025-12-06T03:56:45.769+0500] {dagbag.py:545} INFO - Filling up the DagBag from /Users/symbat/airflow_local/.venv/lib/python3.11/site-packages/airflow/example_dags/example_branch_operator.py
[2025-12-06T03:56:45.784+0500] {processor.py:842} WARNING - No viable dags retrieved from /Users/symbat/airflow_local/.venv/lib/python3.11/site-packages/airflow/example_dags/example_branch_operator.py
[2025-12-06T03:56:45.833+0500] {processor.py:183} INFO - Processing /Users/symbat/airflow_local/.venv/lib/python3.11/site-packages/airflow/example_dags/example_branch_operator.py took 0.068 seconds
[2025-12-06T03:59:47.057+0500] {processor.py:161} INFO - Started process (PID=80205) to work on /Users/symbat/airflow_local/.venv/lib/python3.11/site-packages/airflow/example_dags/example_branch_operator.py
[2025-12-06T03:59:47.058+0500] {processor.py:830} INFO - Processing file /Users/symbat/airflow_local/.venv/lib/python3.11/site-packages/airflow/example_dags/example_branch_operator.py for tasks to queue
[2025-12-06T03:59:47.059+0500] {logging_mixin.py:188} INFO - [2025-12-06T03:59:47.059+0500] {dagbag.py:545} INFO - Filling up the DagBag from /Users/symbat/airflow_local/.venv/lib/python3.11/site-packages/airflow/example_dags/example_branch_operator.py
[2025-12-06T03:59:47.080+0500] {processor.py:842} WARNING - No viable dags retrieved from /Users/symbat/airflow_local/.venv/lib/python3.11/site-packages/airflow/example_dags/example_branch_operator.py
[2025-12-06T03:59:47.117+0500] {processor.py:183} INFO - Processing /Users/symbat/airflow_local/.venv/lib/python3.11/site-packages/airflow/example_dags/example_branch_operator.py took 0.063 seconds
[2025-12-06T04:03:06.377+0500] {processor.py:161} INFO - Started process (PID=80873) to work on /Users/symbat/airflow_local/.venv/lib/python3.11/site-packages/airflow/example_dags/example_branch_operator.py
[2025-12-06T04:03:06.378+0500] {processor.py:830} INFO - Processing file /Users/symbat/airflow_local/.venv/lib/python3.11/site-packages/airflow/example_dags/example_branch_operator.py for tasks to queue
[2025-12-06T04:03:06.379+0500] {logging_mixin.py:188} INFO - [2025-12-06T04:03:06.378+0500] {dagbag.py:545} INFO - Filling up the DagBag from /Users/symbat/airflow_local/.venv/lib/python3.11/site-packages/airflow/example_dags/example_branch_operator.py
[2025-12-06T04:03:06.394+0500] {processor.py:842} WARNING - No viable dags retrieved from /Users/symbat/airflow_local/.venv/lib/python3.11/site-packages/airflow/example_dags/example_branch_operator.py
[2025-12-06T04:03:06.433+0500] {processor.py:183} INFO - Processing /Users/symbat/airflow_local/.venv/lib/python3.11/site-packages/airflow/example_dags/example_branch_operator.py took 0.058 seconds
[2025-12-06T04:06:32.416+0500] {processor.py:161} INFO - Started process (PID=81461) to work on /Users/symbat/airflow_local/.venv/lib/python3.11/site-packages/airflow/example_dags/example_branch_operator.py
[2025-12-06T04:06:32.417+0500] {processor.py:830} INFO - Processing file /Users/symbat/airflow_local/.venv/lib/python3.11/site-packages/airflow/example_dags/example_branch_operator.py for tasks to queue
[2025-12-06T04:06:32.418+0500] {logging_mixin.py:188} INFO - [2025-12-06T04:06:32.418+0500] {dagbag.py:545} INFO - Filling up the DagBag from /Users/symbat/airflow_local/.venv/lib/python3.11/site-packages/airflow/example_dags/example_branch_operator.py
[2025-12-06T04:06:32.442+0500] {processor.py:842} WARNING - No viable dags retrieved from /Users/symbat/airflow_local/.venv/lib/python3.11/site-packages/airflow/example_dags/example_branch_operator.py
[2025-12-06T04:06:32.525+0500] {processor.py:183} INFO - Processing /Users/symbat/airflow_local/.venv/lib/python3.11/site-packages/airflow/example_dags/example_branch_operator.py took 0.113 seconds
[2025-12-06T04:09:57.597+0500] {processor.py:161} INFO - Started process (PID=81724) to work on /Users/symbat/airflow_local/.venv/lib/python3.11/site-packages/airflow/example_dags/example_branch_operator.py
[2025-12-06T04:09:57.599+0500] {processor.py:830} INFO - Processing file /Users/symbat/airflow_local/.venv/lib/python3.11/site-packages/airflow/example_dags/example_branch_operator.py for tasks to queue
[2025-12-06T04:09:57.599+0500] {logging_mixin.py:188} INFO - [2025-12-06T04:09:57.599+0500] {dagbag.py:545} INFO - Filling up the DagBag from /Users/symbat/airflow_local/.venv/lib/python3.11/site-packages/airflow/example_dags/example_branch_operator.py
[2025-12-06T04:09:57.618+0500] {processor.py:842} WARNING - No viable dags retrieved from /Users/symbat/airflow_local/.venv/lib/python3.11/site-packages/airflow/example_dags/example_branch_operator.py
[2025-12-06T04:09:57.693+0500] {processor.py:183} INFO - Processing /Users/symbat/airflow_local/.venv/lib/python3.11/site-packages/airflow/example_dags/example_branch_operator.py took 0.102 seconds
[2025-12-06T04:13:13.727+0500] {processor.py:161} INFO - Started process (PID=82021) to work on /Users/symbat/airflow_local/.venv/lib/python3.11/site-packages/airflow/example_dags/example_branch_operator.py
[2025-12-06T04:13:13.728+0500] {processor.py:830} INFO - Processing file /Users/symbat/airflow_local/.venv/lib/python3.11/site-packages/airflow/example_dags/example_branch_operator.py for tasks to queue
[2025-12-06T04:13:13.729+0500] {logging_mixin.py:188} INFO - [2025-12-06T04:13:13.728+0500] {dagbag.py:545} INFO - Filling up the DagBag from /Users/symbat/airflow_local/.venv/lib/python3.11/site-packages/airflow/example_dags/example_branch_operator.py
[2025-12-06T04:13:13.747+0500] {processor.py:842} WARNING - No viable dags retrieved from /Users/symbat/airflow_local/.venv/lib/python3.11/site-packages/airflow/example_dags/example_branch_operator.py
[2025-12-06T04:13:13.808+0500] {processor.py:183} INFO - Processing /Users/symbat/airflow_local/.venv/lib/python3.11/site-packages/airflow/example_dags/example_branch_operator.py took 0.088 seconds
[2025-12-06T04:16:29.526+0500] {processor.py:161} INFO - Started process (PID=82263) to work on /Users/symbat/airflow_local/.venv/lib/python3.11/site-packages/airflow/example_dags/example_branch_operator.py
[2025-12-06T04:16:29.527+0500] {processor.py:830} INFO - Processing file /Users/symbat/airflow_local/.venv/lib/python3.11/site-packages/airflow/example_dags/example_branch_operator.py for tasks to queue
[2025-12-06T04:16:29.527+0500] {logging_mixin.py:188} INFO - [2025-12-06T04:16:29.527+0500] {dagbag.py:545} INFO - Filling up the DagBag from /Users/symbat/airflow_local/.venv/lib/python3.11/site-packages/airflow/example_dags/example_branch_operator.py
[2025-12-06T04:16:29.545+0500] {processor.py:842} WARNING - No viable dags retrieved from /Users/symbat/airflow_local/.venv/lib/python3.11/site-packages/airflow/example_dags/example_branch_operator.py
[2025-12-06T04:16:29.607+0500] {processor.py:183} INFO - Processing /Users/symbat/airflow_local/.venv/lib/python3.11/site-packages/airflow/example_dags/example_branch_operator.py took 0.084 seconds
[2025-12-06T04:19:37.459+0500] {processor.py:161} INFO - Started process (PID=82469) to work on /Users/symbat/airflow_local/.venv/lib/python3.11/site-packages/airflow/example_dags/example_branch_operator.py
[2025-12-06T04:19:37.460+0500] {processor.py:830} INFO - Processing file /Users/symbat/airflow_local/.venv/lib/python3.11/site-packages/airflow/example_dags/example_branch_operator.py for tasks to queue
[2025-12-06T04:19:37.461+0500] {logging_mixin.py:188} INFO - [2025-12-06T04:19:37.461+0500] {dagbag.py:545} INFO - Filling up the DagBag from /Users/symbat/airflow_local/.venv/lib/python3.11/site-packages/airflow/example_dags/example_branch_operator.py
[2025-12-06T04:19:37.477+0500] {processor.py:842} WARNING - No viable dags retrieved from /Users/symbat/airflow_local/.venv/lib/python3.11/site-packages/airflow/example_dags/example_branch_operator.py
[2025-12-06T04:19:37.522+0500] {processor.py:183} INFO - Processing /Users/symbat/airflow_local/.venv/lib/python3.11/site-packages/airflow/example_dags/example_branch_operator.py took 0.066 seconds
[2025-12-06T04:22:35.215+0500] {processor.py:161} INFO - Started process (PID=82672) to work on /Users/symbat/airflow_local/.venv/lib/python3.11/site-packages/airflow/example_dags/example_branch_operator.py
[2025-12-06T04:22:35.216+0500] {processor.py:830} INFO - Processing file /Users/symbat/airflow_local/.venv/lib/python3.11/site-packages/airflow/example_dags/example_branch_operator.py for tasks to queue
[2025-12-06T04:22:35.216+0500] {logging_mixin.py:188} INFO - [2025-12-06T04:22:35.216+0500] {dagbag.py:545} INFO - Filling up the DagBag from /Users/symbat/airflow_local/.venv/lib/python3.11/site-packages/airflow/example_dags/example_branch_operator.py
[2025-12-06T04:22:35.229+0500] {processor.py:842} WARNING - No viable dags retrieved from /Users/symbat/airflow_local/.venv/lib/python3.11/site-packages/airflow/example_dags/example_branch_operator.py
[2025-12-06T04:22:35.269+0500] {processor.py:183} INFO - Processing /Users/symbat/airflow_local/.venv/lib/python3.11/site-packages/airflow/example_dags/example_branch_operator.py took 0.057 seconds
[2025-12-06T04:25:38.812+0500] {processor.py:161} INFO - Started process (PID=83151) to work on /Users/symbat/airflow_local/.venv/lib/python3.11/site-packages/airflow/example_dags/example_branch_operator.py
[2025-12-06T04:25:38.813+0500] {processor.py:830} INFO - Processing file /Users/symbat/airflow_local/.venv/lib/python3.11/site-packages/airflow/example_dags/example_branch_operator.py for tasks to queue
[2025-12-06T04:25:38.813+0500] {logging_mixin.py:188} INFO - [2025-12-06T04:25:38.813+0500] {dagbag.py:545} INFO - Filling up the DagBag from /Users/symbat/airflow_local/.venv/lib/python3.11/site-packages/airflow/example_dags/example_branch_operator.py
[2025-12-06T04:25:38.826+0500] {processor.py:842} WARNING - No viable dags retrieved from /Users/symbat/airflow_local/.venv/lib/python3.11/site-packages/airflow/example_dags/example_branch_operator.py
[2025-12-06T04:25:38.867+0500] {processor.py:183} INFO - Processing /Users/symbat/airflow_local/.venv/lib/python3.11/site-packages/airflow/example_dags/example_branch_operator.py took 0.057 seconds
[2025-12-06T04:29:02.567+0500] {processor.py:161} INFO - Started process (PID=83666) to work on /Users/symbat/airflow_local/.venv/lib/python3.11/site-packages/airflow/example_dags/example_branch_operator.py
[2025-12-06T04:29:02.569+0500] {processor.py:830} INFO - Processing file /Users/symbat/airflow_local/.venv/lib/python3.11/site-packages/airflow/example_dags/example_branch_operator.py for tasks to queue
[2025-12-06T04:29:02.569+0500] {logging_mixin.py:188} INFO - [2025-12-06T04:29:02.569+0500] {dagbag.py:545} INFO - Filling up the DagBag from /Users/symbat/airflow_local/.venv/lib/python3.11/site-packages/airflow/example_dags/example_branch_operator.py
[2025-12-06T04:29:02.591+0500] {processor.py:842} WARNING - No viable dags retrieved from /Users/symbat/airflow_local/.venv/lib/python3.11/site-packages/airflow/example_dags/example_branch_operator.py
[2025-12-06T04:29:02.647+0500] {processor.py:183} INFO - Processing /Users/symbat/airflow_local/.venv/lib/python3.11/site-packages/airflow/example_dags/example_branch_operator.py took 0.084 seconds
[2025-12-06T04:32:58.600+0500] {processor.py:161} INFO - Started process (PID=84042) to work on /Users/symbat/airflow_local/.venv/lib/python3.11/site-packages/airflow/example_dags/example_branch_operator.py
[2025-12-06T04:32:58.600+0500] {processor.py:830} INFO - Processing file /Users/symbat/airflow_local/.venv/lib/python3.11/site-packages/airflow/example_dags/example_branch_operator.py for tasks to queue
[2025-12-06T04:32:58.601+0500] {logging_mixin.py:188} INFO - [2025-12-06T04:32:58.601+0500] {dagbag.py:545} INFO - Filling up the DagBag from /Users/symbat/airflow_local/.venv/lib/python3.11/site-packages/airflow/example_dags/example_branch_operator.py
[2025-12-06T04:32:58.613+0500] {processor.py:842} WARNING - No viable dags retrieved from /Users/symbat/airflow_local/.venv/lib/python3.11/site-packages/airflow/example_dags/example_branch_operator.py
[2025-12-06T04:32:58.647+0500] {processor.py:183} INFO - Processing /Users/symbat/airflow_local/.venv/lib/python3.11/site-packages/airflow/example_dags/example_branch_operator.py took 0.049 seconds
[2025-12-06T04:36:57.495+0500] {processor.py:161} INFO - Started process (PID=84420) to work on /Users/symbat/airflow_local/.venv/lib/python3.11/site-packages/airflow/example_dags/example_branch_operator.py
[2025-12-06T04:36:57.496+0500] {processor.py:830} INFO - Processing file /Users/symbat/airflow_local/.venv/lib/python3.11/site-packages/airflow/example_dags/example_branch_operator.py for tasks to queue
[2025-12-06T04:36:57.496+0500] {logging_mixin.py:188} INFO - [2025-12-06T04:36:57.496+0500] {dagbag.py:545} INFO - Filling up the DagBag from /Users/symbat/airflow_local/.venv/lib/python3.11/site-packages/airflow/example_dags/example_branch_operator.py
[2025-12-06T04:36:57.513+0500] {processor.py:842} WARNING - No viable dags retrieved from /Users/symbat/airflow_local/.venv/lib/python3.11/site-packages/airflow/example_dags/example_branch_operator.py
[2025-12-06T04:36:57.568+0500] {processor.py:183} INFO - Processing /Users/symbat/airflow_local/.venv/lib/python3.11/site-packages/airflow/example_dags/example_branch_operator.py took 0.075 seconds
