[2025-12-06T03:56:44.159+0500] {processor.py:161} INFO - Started process (PID=79616) to work on /Users/symbat/airflow_local/.venv/lib/python3.11/site-packages/airflow/example_dags/example_branch_operator_decorator.py
[2025-12-06T03:56:44.160+0500] {processor.py:830} INFO - Processing file /Users/symbat/airflow_local/.venv/lib/python3.11/site-packages/airflow/example_dags/example_branch_operator_decorator.py for tasks to queue
[2025-12-06T03:56:44.161+0500] {logging_mixin.py:188} INFO - [2025-12-06T03:56:44.161+0500] {dagbag.py:545} INFO - Filling up the DagBag from /Users/symbat/airflow_local/.venv/lib/python3.11/site-packages/airflow/example_dags/example_branch_operator_decorator.py
[2025-12-06T03:56:44.182+0500] {processor.py:842} WARNING - No viable dags retrieved from /Users/symbat/airflow_local/.venv/lib/python3.11/site-packages/airflow/example_dags/example_branch_operator_decorator.py
[2025-12-06T03:56:44.235+0500] {processor.py:183} INFO - Processing /Users/symbat/airflow_local/.venv/lib/python3.11/site-packages/airflow/example_dags/example_branch_operator_decorator.py took 0.079 seconds
[2025-12-06T03:59:44.801+0500] {processor.py:161} INFO - Started process (PID=80203) to work on /Users/symbat/airflow_local/.venv/lib/python3.11/site-packages/airflow/example_dags/example_branch_operator_decorator.py
[2025-12-06T03:59:44.802+0500] {processor.py:830} INFO - Processing file /Users/symbat/airflow_local/.venv/lib/python3.11/site-packages/airflow/example_dags/example_branch_operator_decorator.py for tasks to queue
[2025-12-06T03:59:44.802+0500] {logging_mixin.py:188} INFO - [2025-12-06T03:59:44.802+0500] {dagbag.py:545} INFO - Filling up the DagBag from /Users/symbat/airflow_local/.venv/lib/python3.11/site-packages/airflow/example_dags/example_branch_operator_decorator.py
[2025-12-06T03:59:44.813+0500] {processor.py:842} WARNING - No viable dags retrieved from /Users/symbat/airflow_local/.venv/lib/python3.11/site-packages/airflow/example_dags/example_branch_operator_decorator.py
[2025-12-06T03:59:44.849+0500] {processor.py:183} INFO - Processing /Users/symbat/airflow_local/.venv/lib/python3.11/site-packages/airflow/example_dags/example_branch_operator_decorator.py took 0.050 seconds
[2025-12-06T04:03:03.870+0500] {processor.py:161} INFO - Started process (PID=80871) to work on /Users/symbat/airflow_local/.venv/lib/python3.11/site-packages/airflow/example_dags/example_branch_operator_decorator.py
[2025-12-06T04:03:03.871+0500] {processor.py:830} INFO - Processing file /Users/symbat/airflow_local/.venv/lib/python3.11/site-packages/airflow/example_dags/example_branch_operator_decorator.py for tasks to queue
[2025-12-06T04:03:03.871+0500] {logging_mixin.py:188} INFO - [2025-12-06T04:03:03.871+0500] {dagbag.py:545} INFO - Filling up the DagBag from /Users/symbat/airflow_local/.venv/lib/python3.11/site-packages/airflow/example_dags/example_branch_operator_decorator.py
[2025-12-06T04:03:03.884+0500] {processor.py:842} WARNING - No viable dags retrieved from /Users/symbat/airflow_local/.venv/lib/python3.11/site-packages/airflow/example_dags/example_branch_operator_decorator.py
[2025-12-06T04:03:03.928+0500] {processor.py:183} INFO - Processing /Users/symbat/airflow_local/.venv/lib/python3.11/site-packages/airflow/example_dags/example_branch_operator_decorator.py took 0.062 seconds
[2025-12-06T04:06:29.729+0500] {processor.py:161} INFO - Started process (PID=81459) to work on /Users/symbat/airflow_local/.venv/lib/python3.11/site-packages/airflow/example_dags/example_branch_operator_decorator.py
[2025-12-06T04:06:29.731+0500] {processor.py:830} INFO - Processing file /Users/symbat/airflow_local/.venv/lib/python3.11/site-packages/airflow/example_dags/example_branch_operator_decorator.py for tasks to queue
[2025-12-06T04:06:29.731+0500] {logging_mixin.py:188} INFO - [2025-12-06T04:06:29.731+0500] {dagbag.py:545} INFO - Filling up the DagBag from /Users/symbat/airflow_local/.venv/lib/python3.11/site-packages/airflow/example_dags/example_branch_operator_decorator.py
[2025-12-06T04:06:29.751+0500] {processor.py:842} WARNING - No viable dags retrieved from /Users/symbat/airflow_local/.venv/lib/python3.11/site-packages/airflow/example_dags/example_branch_operator_decorator.py
[2025-12-06T04:06:29.812+0500] {processor.py:183} INFO - Processing /Users/symbat/airflow_local/.venv/lib/python3.11/site-packages/airflow/example_dags/example_branch_operator_decorator.py took 0.086 seconds
[2025-12-06T04:09:54.149+0500] {processor.py:161} INFO - Started process (PID=81722) to work on /Users/symbat/airflow_local/.venv/lib/python3.11/site-packages/airflow/example_dags/example_branch_operator_decorator.py
[2025-12-06T04:09:54.151+0500] {processor.py:830} INFO - Processing file /Users/symbat/airflow_local/.venv/lib/python3.11/site-packages/airflow/example_dags/example_branch_operator_decorator.py for tasks to queue
[2025-12-06T04:09:54.151+0500] {logging_mixin.py:188} INFO - [2025-12-06T04:09:54.151+0500] {dagbag.py:545} INFO - Filling up the DagBag from /Users/symbat/airflow_local/.venv/lib/python3.11/site-packages/airflow/example_dags/example_branch_operator_decorator.py
[2025-12-06T04:09:54.168+0500] {processor.py:842} WARNING - No viable dags retrieved from /Users/symbat/airflow_local/.venv/lib/python3.11/site-packages/airflow/example_dags/example_branch_operator_decorator.py
[2025-12-06T04:09:54.214+0500] {processor.py:183} INFO - Processing /Users/symbat/airflow_local/.venv/lib/python3.11/site-packages/airflow/example_dags/example_branch_operator_decorator.py took 0.068 seconds
[2025-12-06T04:13:10.707+0500] {processor.py:161} INFO - Started process (PID=82018) to work on /Users/symbat/airflow_local/.venv/lib/python3.11/site-packages/airflow/example_dags/example_branch_operator_decorator.py
[2025-12-06T04:13:10.708+0500] {processor.py:830} INFO - Processing file /Users/symbat/airflow_local/.venv/lib/python3.11/site-packages/airflow/example_dags/example_branch_operator_decorator.py for tasks to queue
[2025-12-06T04:13:10.709+0500] {logging_mixin.py:188} INFO - [2025-12-06T04:13:10.708+0500] {dagbag.py:545} INFO - Filling up the DagBag from /Users/symbat/airflow_local/.venv/lib/python3.11/site-packages/airflow/example_dags/example_branch_operator_decorator.py
[2025-12-06T04:13:10.723+0500] {processor.py:842} WARNING - No viable dags retrieved from /Users/symbat/airflow_local/.venv/lib/python3.11/site-packages/airflow/example_dags/example_branch_operator_decorator.py
[2025-12-06T04:13:10.773+0500] {processor.py:183} INFO - Processing /Users/symbat/airflow_local/.venv/lib/python3.11/site-packages/airflow/example_dags/example_branch_operator_decorator.py took 0.069 seconds
[2025-12-06T04:16:26.489+0500] {processor.py:161} INFO - Started process (PID=82261) to work on /Users/symbat/airflow_local/.venv/lib/python3.11/site-packages/airflow/example_dags/example_branch_operator_decorator.py
[2025-12-06T04:16:26.490+0500] {processor.py:830} INFO - Processing file /Users/symbat/airflow_local/.venv/lib/python3.11/site-packages/airflow/example_dags/example_branch_operator_decorator.py for tasks to queue
[2025-12-06T04:16:26.491+0500] {logging_mixin.py:188} INFO - [2025-12-06T04:16:26.491+0500] {dagbag.py:545} INFO - Filling up the DagBag from /Users/symbat/airflow_local/.venv/lib/python3.11/site-packages/airflow/example_dags/example_branch_operator_decorator.py
[2025-12-06T04:16:26.512+0500] {processor.py:842} WARNING - No viable dags retrieved from /Users/symbat/airflow_local/.venv/lib/python3.11/site-packages/airflow/example_dags/example_branch_operator_decorator.py
[2025-12-06T04:16:26.568+0500] {processor.py:183} INFO - Processing /Users/symbat/airflow_local/.venv/lib/python3.11/site-packages/airflow/example_dags/example_branch_operator_decorator.py took 0.082 seconds
[2025-12-06T04:19:34.615+0500] {processor.py:161} INFO - Started process (PID=82467) to work on /Users/symbat/airflow_local/.venv/lib/python3.11/site-packages/airflow/example_dags/example_branch_operator_decorator.py
[2025-12-06T04:19:34.617+0500] {processor.py:830} INFO - Processing file /Users/symbat/airflow_local/.venv/lib/python3.11/site-packages/airflow/example_dags/example_branch_operator_decorator.py for tasks to queue
[2025-12-06T04:19:34.618+0500] {logging_mixin.py:188} INFO - [2025-12-06T04:19:34.618+0500] {dagbag.py:545} INFO - Filling up the DagBag from /Users/symbat/airflow_local/.venv/lib/python3.11/site-packages/airflow/example_dags/example_branch_operator_decorator.py
[2025-12-06T04:19:34.636+0500] {processor.py:842} WARNING - No viable dags retrieved from /Users/symbat/airflow_local/.venv/lib/python3.11/site-packages/airflow/example_dags/example_branch_operator_decorator.py
[2025-12-06T04:19:34.696+0500] {processor.py:183} INFO - Processing /Users/symbat/airflow_local/.venv/lib/python3.11/site-packages/airflow/example_dags/example_branch_operator_decorator.py took 0.084 seconds
[2025-12-06T04:22:32.905+0500] {processor.py:161} INFO - Started process (PID=82669) to work on /Users/symbat/airflow_local/.venv/lib/python3.11/site-packages/airflow/example_dags/example_branch_operator_decorator.py
[2025-12-06T04:22:32.907+0500] {processor.py:830} INFO - Processing file /Users/symbat/airflow_local/.venv/lib/python3.11/site-packages/airflow/example_dags/example_branch_operator_decorator.py for tasks to queue
[2025-12-06T04:22:32.907+0500] {logging_mixin.py:188} INFO - [2025-12-06T04:22:32.907+0500] {dagbag.py:545} INFO - Filling up the DagBag from /Users/symbat/airflow_local/.venv/lib/python3.11/site-packages/airflow/example_dags/example_branch_operator_decorator.py
[2025-12-06T04:22:32.919+0500] {processor.py:842} WARNING - No viable dags retrieved from /Users/symbat/airflow_local/.venv/lib/python3.11/site-packages/airflow/example_dags/example_branch_operator_decorator.py
[2025-12-06T04:22:32.957+0500] {processor.py:183} INFO - Processing /Users/symbat/airflow_local/.venv/lib/python3.11/site-packages/airflow/example_dags/example_branch_operator_decorator.py took 0.054 seconds
[2025-12-06T04:25:36.329+0500] {processor.py:161} INFO - Started process (PID=83149) to work on /Users/symbat/airflow_local/.venv/lib/python3.11/site-packages/airflow/example_dags/example_branch_operator_decorator.py
[2025-12-06T04:25:36.330+0500] {processor.py:830} INFO - Processing file /Users/symbat/airflow_local/.venv/lib/python3.11/site-packages/airflow/example_dags/example_branch_operator_decorator.py for tasks to queue
[2025-12-06T04:25:36.331+0500] {logging_mixin.py:188} INFO - [2025-12-06T04:25:36.331+0500] {dagbag.py:545} INFO - Filling up the DagBag from /Users/symbat/airflow_local/.venv/lib/python3.11/site-packages/airflow/example_dags/example_branch_operator_decorator.py
[2025-12-06T04:25:36.349+0500] {processor.py:842} WARNING - No viable dags retrieved from /Users/symbat/airflow_local/.venv/lib/python3.11/site-packages/airflow/example_dags/example_branch_operator_decorator.py
[2025-12-06T04:25:36.394+0500] {processor.py:183} INFO - Processing /Users/symbat/airflow_local/.venv/lib/python3.11/site-packages/airflow/example_dags/example_branch_operator_decorator.py took 0.068 seconds
[2025-12-06T04:29:00.098+0500] {processor.py:161} INFO - Started process (PID=83663) to work on /Users/symbat/airflow_local/.venv/lib/python3.11/site-packages/airflow/example_dags/example_branch_operator_decorator.py
[2025-12-06T04:29:00.099+0500] {processor.py:830} INFO - Processing file /Users/symbat/airflow_local/.venv/lib/python3.11/site-packages/airflow/example_dags/example_branch_operator_decorator.py for tasks to queue
[2025-12-06T04:29:00.099+0500] {logging_mixin.py:188} INFO - [2025-12-06T04:29:00.099+0500] {dagbag.py:545} INFO - Filling up the DagBag from /Users/symbat/airflow_local/.venv/lib/python3.11/site-packages/airflow/example_dags/example_branch_operator_decorator.py
[2025-12-06T04:29:00.111+0500] {processor.py:842} WARNING - No viable dags retrieved from /Users/symbat/airflow_local/.venv/lib/python3.11/site-packages/airflow/example_dags/example_branch_operator_decorator.py
[2025-12-06T04:29:00.145+0500] {processor.py:183} INFO - Processing /Users/symbat/airflow_local/.venv/lib/python3.11/site-packages/airflow/example_dags/example_branch_operator_decorator.py took 0.049 seconds
[2025-12-06T04:32:55.957+0500] {processor.py:161} INFO - Started process (PID=84038) to work on /Users/symbat/airflow_local/.venv/lib/python3.11/site-packages/airflow/example_dags/example_branch_operator_decorator.py
[2025-12-06T04:32:55.958+0500] {processor.py:830} INFO - Processing file /Users/symbat/airflow_local/.venv/lib/python3.11/site-packages/airflow/example_dags/example_branch_operator_decorator.py for tasks to queue
[2025-12-06T04:32:55.959+0500] {logging_mixin.py:188} INFO - [2025-12-06T04:32:55.958+0500] {dagbag.py:545} INFO - Filling up the DagBag from /Users/symbat/airflow_local/.venv/lib/python3.11/site-packages/airflow/example_dags/example_branch_operator_decorator.py
[2025-12-06T04:32:55.969+0500] {processor.py:842} WARNING - No viable dags retrieved from /Users/symbat/airflow_local/.venv/lib/python3.11/site-packages/airflow/example_dags/example_branch_operator_decorator.py
[2025-12-06T04:32:56.003+0500] {processor.py:183} INFO - Processing /Users/symbat/airflow_local/.venv/lib/python3.11/site-packages/airflow/example_dags/example_branch_operator_decorator.py took 0.048 seconds
[2025-12-06T04:36:54.444+0500] {processor.py:161} INFO - Started process (PID=84418) to work on /Users/symbat/airflow_local/.venv/lib/python3.11/site-packages/airflow/example_dags/example_branch_operator_decorator.py
[2025-12-06T04:36:54.446+0500] {processor.py:830} INFO - Processing file /Users/symbat/airflow_local/.venv/lib/python3.11/site-packages/airflow/example_dags/example_branch_operator_decorator.py for tasks to queue
[2025-12-06T04:36:54.446+0500] {logging_mixin.py:188} INFO - [2025-12-06T04:36:54.446+0500] {dagbag.py:545} INFO - Filling up the DagBag from /Users/symbat/airflow_local/.venv/lib/python3.11/site-packages/airflow/example_dags/example_branch_operator_decorator.py
[2025-12-06T04:36:54.463+0500] {processor.py:842} WARNING - No viable dags retrieved from /Users/symbat/airflow_local/.venv/lib/python3.11/site-packages/airflow/example_dags/example_branch_operator_decorator.py
[2025-12-06T04:36:54.513+0500] {processor.py:183} INFO - Processing /Users/symbat/airflow_local/.venv/lib/python3.11/site-packages/airflow/example_dags/example_branch_operator_decorator.py took 0.072 seconds
