[2025-12-06T03:55:49.633+0500] {processor.py:161} INFO - Started process (PID=79546) to work on /Users/symbat/airflow_local/.venv/lib/python3.11/site-packages/airflow/example_dags/example_setup_teardown_taskflow.py
[2025-12-06T03:55:49.634+0500] {processor.py:830} INFO - Processing file /Users/symbat/airflow_local/.venv/lib/python3.11/site-packages/airflow/example_dags/example_setup_teardown_taskflow.py for tasks to queue
[2025-12-06T03:55:49.634+0500] {logging_mixin.py:188} INFO - [2025-12-06T03:55:49.634+0500] {dagbag.py:545} INFO - Filling up the DagBag from /Users/symbat/airflow_local/.venv/lib/python3.11/site-packages/airflow/example_dags/example_setup_teardown_taskflow.py
[2025-12-06T03:55:49.663+0500] {processor.py:840} INFO - DAG(s) 'example_setup_teardown_taskflow' retrieved from /Users/symbat/airflow_local/.venv/lib/python3.11/site-packages/airflow/example_dags/example_setup_teardown_taskflow.py
[2025-12-06T03:55:49.798+0500] {logging_mixin.py:188} INFO - [2025-12-06T03:55:49.798+0500] {override.py:1930} INFO - Created Permission View: can edit on DAG:example_setup_teardown_taskflow
[2025-12-06T03:55:49.802+0500] {logging_mixin.py:188} INFO - [2025-12-06T03:55:49.802+0500] {override.py:1930} INFO - Created Permission View: can delete on DAG:example_setup_teardown_taskflow
[2025-12-06T03:55:49.805+0500] {logging_mixin.py:188} INFO - [2025-12-06T03:55:49.805+0500] {override.py:1930} INFO - Created Permission View: can read on DAG:example_setup_teardown_taskflow
[2025-12-06T03:55:49.805+0500] {logging_mixin.py:188} INFO - [2025-12-06T03:55:49.805+0500] {dag.py:3089} INFO - Sync 1 DAGs
[2025-12-06T03:55:49.810+0500] {logging_mixin.py:188} INFO - [2025-12-06T03:55:49.810+0500] {dag.py:3111} INFO - Creating ORM DAG for example_setup_teardown_taskflow
[2025-12-06T03:55:49.813+0500] {logging_mixin.py:188} INFO - [2025-12-06T03:55:49.813+0500] {dag.py:3947} INFO - Setting next_dagrun for example_setup_teardown_taskflow to 2025-12-04 00:00:00+00:00, run_after=2025-12-05 00:00:00+00:00
[2025-12-06T03:55:49.821+0500] {processor.py:183} INFO - Processing /Users/symbat/airflow_local/.venv/lib/python3.11/site-packages/airflow/example_dags/example_setup_teardown_taskflow.py took 0.190 seconds
[2025-12-06T03:57:49.167+0500] {processor.py:161} INFO - Started process (PID=79689) to work on /Users/symbat/airflow_local/.venv/lib/python3.11/site-packages/airflow/example_dags/example_setup_teardown_taskflow.py
[2025-12-06T03:57:49.168+0500] {processor.py:830} INFO - Processing file /Users/symbat/airflow_local/.venv/lib/python3.11/site-packages/airflow/example_dags/example_setup_teardown_taskflow.py for tasks to queue
[2025-12-06T03:57:49.169+0500] {logging_mixin.py:188} INFO - [2025-12-06T03:57:49.169+0500] {dagbag.py:545} INFO - Filling up the DagBag from /Users/symbat/airflow_local/.venv/lib/python3.11/site-packages/airflow/example_dags/example_setup_teardown_taskflow.py
[2025-12-06T03:57:49.201+0500] {processor.py:840} INFO - DAG(s) 'example_setup_teardown_taskflow' retrieved from /Users/symbat/airflow_local/.venv/lib/python3.11/site-packages/airflow/example_dags/example_setup_teardown_taskflow.py
[2025-12-06T03:57:49.257+0500] {logging_mixin.py:188} INFO - [2025-12-06T03:57:49.256+0500] {dag.py:3089} INFO - Sync 1 DAGs
[2025-12-06T03:57:49.265+0500] {logging_mixin.py:188} INFO - [2025-12-06T03:57:49.265+0500] {dag.py:3947} INFO - Setting next_dagrun for example_setup_teardown_taskflow to 2025-12-04 00:00:00+00:00, run_after=2025-12-05 00:00:00+00:00
[2025-12-06T03:57:49.276+0500] {processor.py:183} INFO - Processing /Users/symbat/airflow_local/.venv/lib/python3.11/site-packages/airflow/example_dags/example_setup_teardown_taskflow.py took 0.114 seconds
[2025-12-06T03:59:24.517+0500] {processor.py:161} INFO - Started process (PID=79902) to work on /Users/symbat/airflow_local/.venv/lib/python3.11/site-packages/airflow/example_dags/example_setup_teardown_taskflow.py
[2025-12-06T03:59:24.518+0500] {processor.py:830} INFO - Processing file /Users/symbat/airflow_local/.venv/lib/python3.11/site-packages/airflow/example_dags/example_setup_teardown_taskflow.py for tasks to queue
[2025-12-06T03:59:24.518+0500] {logging_mixin.py:188} INFO - [2025-12-06T03:59:24.518+0500] {dagbag.py:545} INFO - Filling up the DagBag from /Users/symbat/airflow_local/.venv/lib/python3.11/site-packages/airflow/example_dags/example_setup_teardown_taskflow.py
[2025-12-06T03:59:24.538+0500] {processor.py:840} INFO - DAG(s) 'example_setup_teardown_taskflow' retrieved from /Users/symbat/airflow_local/.venv/lib/python3.11/site-packages/airflow/example_dags/example_setup_teardown_taskflow.py
[2025-12-06T03:59:24.586+0500] {logging_mixin.py:188} INFO - [2025-12-06T03:59:24.586+0500] {dag.py:3089} INFO - Sync 1 DAGs
[2025-12-06T03:59:24.594+0500] {logging_mixin.py:188} INFO - [2025-12-06T03:59:24.594+0500] {dag.py:3947} INFO - Setting next_dagrun for example_setup_teardown_taskflow to 2025-12-04 00:00:00+00:00, run_after=2025-12-05 00:00:00+00:00
[2025-12-06T03:59:24.605+0500] {processor.py:183} INFO - Processing /Users/symbat/airflow_local/.venv/lib/python3.11/site-packages/airflow/example_dags/example_setup_teardown_taskflow.py took 0.089 seconds
[2025-12-06T04:00:57.056+0500] {processor.py:161} INFO - Started process (PID=80381) to work on /Users/symbat/airflow_local/.venv/lib/python3.11/site-packages/airflow/example_dags/example_setup_teardown_taskflow.py
[2025-12-06T04:00:57.056+0500] {processor.py:830} INFO - Processing file /Users/symbat/airflow_local/.venv/lib/python3.11/site-packages/airflow/example_dags/example_setup_teardown_taskflow.py for tasks to queue
[2025-12-06T04:00:57.057+0500] {logging_mixin.py:188} INFO - [2025-12-06T04:00:57.057+0500] {dagbag.py:545} INFO - Filling up the DagBag from /Users/symbat/airflow_local/.venv/lib/python3.11/site-packages/airflow/example_dags/example_setup_teardown_taskflow.py
[2025-12-06T04:00:57.090+0500] {processor.py:840} INFO - DAG(s) 'example_setup_teardown_taskflow' retrieved from /Users/symbat/airflow_local/.venv/lib/python3.11/site-packages/airflow/example_dags/example_setup_teardown_taskflow.py
[2025-12-06T04:00:57.174+0500] {logging_mixin.py:188} INFO - [2025-12-06T04:00:57.174+0500] {dag.py:3089} INFO - Sync 1 DAGs
[2025-12-06T04:00:57.183+0500] {logging_mixin.py:188} INFO - [2025-12-06T04:00:57.183+0500] {dag.py:3947} INFO - Setting next_dagrun for example_setup_teardown_taskflow to 2025-12-04 00:00:00+00:00, run_after=2025-12-05 00:00:00+00:00
[2025-12-06T04:00:57.197+0500] {processor.py:183} INFO - Processing /Users/symbat/airflow_local/.venv/lib/python3.11/site-packages/airflow/example_dags/example_setup_teardown_taskflow.py took 0.144 seconds
[2025-12-06T04:02:33.310+0500] {processor.py:161} INFO - Started process (PID=80655) to work on /Users/symbat/airflow_local/.venv/lib/python3.11/site-packages/airflow/example_dags/example_setup_teardown_taskflow.py
[2025-12-06T04:02:33.311+0500] {processor.py:830} INFO - Processing file /Users/symbat/airflow_local/.venv/lib/python3.11/site-packages/airflow/example_dags/example_setup_teardown_taskflow.py for tasks to queue
[2025-12-06T04:02:33.312+0500] {logging_mixin.py:188} INFO - [2025-12-06T04:02:33.311+0500] {dagbag.py:545} INFO - Filling up the DagBag from /Users/symbat/airflow_local/.venv/lib/python3.11/site-packages/airflow/example_dags/example_setup_teardown_taskflow.py
[2025-12-06T04:02:33.342+0500] {processor.py:840} INFO - DAG(s) 'example_setup_teardown_taskflow' retrieved from /Users/symbat/airflow_local/.venv/lib/python3.11/site-packages/airflow/example_dags/example_setup_teardown_taskflow.py
[2025-12-06T04:02:33.393+0500] {logging_mixin.py:188} INFO - [2025-12-06T04:02:33.393+0500] {dag.py:3089} INFO - Sync 1 DAGs
[2025-12-06T04:02:33.402+0500] {logging_mixin.py:188} INFO - [2025-12-06T04:02:33.401+0500] {dag.py:3947} INFO - Setting next_dagrun for example_setup_teardown_taskflow to 2025-12-04 00:00:00+00:00, run_after=2025-12-05 00:00:00+00:00
[2025-12-06T04:02:33.413+0500] {processor.py:183} INFO - Processing /Users/symbat/airflow_local/.venv/lib/python3.11/site-packages/airflow/example_dags/example_setup_teardown_taskflow.py took 0.105 seconds
[2025-12-06T04:04:17.210+0500] {processor.py:161} INFO - Started process (PID=80995) to work on /Users/symbat/airflow_local/.venv/lib/python3.11/site-packages/airflow/example_dags/example_setup_teardown_taskflow.py
[2025-12-06T04:04:17.211+0500] {processor.py:830} INFO - Processing file /Users/symbat/airflow_local/.venv/lib/python3.11/site-packages/airflow/example_dags/example_setup_teardown_taskflow.py for tasks to queue
[2025-12-06T04:04:17.212+0500] {logging_mixin.py:188} INFO - [2025-12-06T04:04:17.212+0500] {dagbag.py:545} INFO - Filling up the DagBag from /Users/symbat/airflow_local/.venv/lib/python3.11/site-packages/airflow/example_dags/example_setup_teardown_taskflow.py
[2025-12-06T04:04:17.241+0500] {processor.py:840} INFO - DAG(s) 'example_setup_teardown_taskflow' retrieved from /Users/symbat/airflow_local/.venv/lib/python3.11/site-packages/airflow/example_dags/example_setup_teardown_taskflow.py
[2025-12-06T04:04:17.304+0500] {logging_mixin.py:188} INFO - [2025-12-06T04:04:17.304+0500] {dag.py:3089} INFO - Sync 1 DAGs
[2025-12-06T04:04:17.316+0500] {logging_mixin.py:188} INFO - [2025-12-06T04:04:17.315+0500] {dag.py:3947} INFO - Setting next_dagrun for example_setup_teardown_taskflow to 2025-12-04 00:00:00+00:00, run_after=2025-12-05 00:00:00+00:00
[2025-12-06T04:04:17.331+0500] {processor.py:183} INFO - Processing /Users/symbat/airflow_local/.venv/lib/python3.11/site-packages/airflow/example_dags/example_setup_teardown_taskflow.py took 0.125 seconds
[2025-12-06T04:06:03.911+0500] {processor.py:161} INFO - Started process (PID=81428) to work on /Users/symbat/airflow_local/.venv/lib/python3.11/site-packages/airflow/example_dags/example_setup_teardown_taskflow.py
[2025-12-06T04:06:03.913+0500] {processor.py:830} INFO - Processing file /Users/symbat/airflow_local/.venv/lib/python3.11/site-packages/airflow/example_dags/example_setup_teardown_taskflow.py for tasks to queue
[2025-12-06T04:06:03.914+0500] {logging_mixin.py:188} INFO - [2025-12-06T04:06:03.914+0500] {dagbag.py:545} INFO - Filling up the DagBag from /Users/symbat/airflow_local/.venv/lib/python3.11/site-packages/airflow/example_dags/example_setup_teardown_taskflow.py
[2025-12-06T04:06:03.957+0500] {processor.py:840} INFO - DAG(s) 'example_setup_teardown_taskflow' retrieved from /Users/symbat/airflow_local/.venv/lib/python3.11/site-packages/airflow/example_dags/example_setup_teardown_taskflow.py
[2025-12-06T04:06:04.027+0500] {logging_mixin.py:188} INFO - [2025-12-06T04:06:04.026+0500] {dag.py:3089} INFO - Sync 1 DAGs
[2025-12-06T04:06:04.047+0500] {logging_mixin.py:188} INFO - [2025-12-06T04:06:04.047+0500] {dag.py:3947} INFO - Setting next_dagrun for example_setup_teardown_taskflow to 2025-12-04 00:00:00+00:00, run_after=2025-12-05 00:00:00+00:00
[2025-12-06T04:06:04.068+0500] {processor.py:183} INFO - Processing /Users/symbat/airflow_local/.venv/lib/python3.11/site-packages/airflow/example_dags/example_setup_teardown_taskflow.py took 0.160 seconds
[2025-12-06T04:07:42.090+0500] {processor.py:161} INFO - Started process (PID=81552) to work on /Users/symbat/airflow_local/.venv/lib/python3.11/site-packages/airflow/example_dags/example_setup_teardown_taskflow.py
[2025-12-06T04:07:42.094+0500] {processor.py:830} INFO - Processing file /Users/symbat/airflow_local/.venv/lib/python3.11/site-packages/airflow/example_dags/example_setup_teardown_taskflow.py for tasks to queue
[2025-12-06T04:07:42.094+0500] {logging_mixin.py:188} INFO - [2025-12-06T04:07:42.094+0500] {dagbag.py:545} INFO - Filling up the DagBag from /Users/symbat/airflow_local/.venv/lib/python3.11/site-packages/airflow/example_dags/example_setup_teardown_taskflow.py
[2025-12-06T04:07:42.135+0500] {processor.py:840} INFO - DAG(s) 'example_setup_teardown_taskflow' retrieved from /Users/symbat/airflow_local/.venv/lib/python3.11/site-packages/airflow/example_dags/example_setup_teardown_taskflow.py
[2025-12-06T04:07:42.216+0500] {logging_mixin.py:188} INFO - [2025-12-06T04:07:42.215+0500] {dag.py:3089} INFO - Sync 1 DAGs
[2025-12-06T04:07:42.229+0500] {logging_mixin.py:188} INFO - [2025-12-06T04:07:42.228+0500] {dag.py:3947} INFO - Setting next_dagrun for example_setup_teardown_taskflow to 2025-12-04 00:00:00+00:00, run_after=2025-12-05 00:00:00+00:00
[2025-12-06T04:07:42.244+0500] {processor.py:183} INFO - Processing /Users/symbat/airflow_local/.venv/lib/python3.11/site-packages/airflow/example_dags/example_setup_teardown_taskflow.py took 0.157 seconds
[2025-12-06T04:09:29.439+0500] {processor.py:161} INFO - Started process (PID=81698) to work on /Users/symbat/airflow_local/.venv/lib/python3.11/site-packages/airflow/example_dags/example_setup_teardown_taskflow.py
[2025-12-06T04:09:29.441+0500] {processor.py:830} INFO - Processing file /Users/symbat/airflow_local/.venv/lib/python3.11/site-packages/airflow/example_dags/example_setup_teardown_taskflow.py for tasks to queue
[2025-12-06T04:09:29.442+0500] {logging_mixin.py:188} INFO - [2025-12-06T04:09:29.442+0500] {dagbag.py:545} INFO - Filling up the DagBag from /Users/symbat/airflow_local/.venv/lib/python3.11/site-packages/airflow/example_dags/example_setup_teardown_taskflow.py
[2025-12-06T04:09:29.476+0500] {processor.py:840} INFO - DAG(s) 'example_setup_teardown_taskflow' retrieved from /Users/symbat/airflow_local/.venv/lib/python3.11/site-packages/airflow/example_dags/example_setup_teardown_taskflow.py
[2025-12-06T04:09:29.579+0500] {logging_mixin.py:188} INFO - [2025-12-06T04:09:29.579+0500] {dag.py:3089} INFO - Sync 1 DAGs
[2025-12-06T04:09:29.594+0500] {logging_mixin.py:188} INFO - [2025-12-06T04:09:29.594+0500] {dag.py:3947} INFO - Setting next_dagrun for example_setup_teardown_taskflow to 2025-12-04 00:00:00+00:00, run_after=2025-12-05 00:00:00+00:00
[2025-12-06T04:09:29.610+0500] {processor.py:183} INFO - Processing /Users/symbat/airflow_local/.venv/lib/python3.11/site-packages/airflow/example_dags/example_setup_teardown_taskflow.py took 0.176 seconds
[2025-12-06T04:11:09.674+0500] {processor.py:161} INFO - Started process (PID=81805) to work on /Users/symbat/airflow_local/.venv/lib/python3.11/site-packages/airflow/example_dags/example_setup_teardown_taskflow.py
[2025-12-06T04:11:09.676+0500] {processor.py:830} INFO - Processing file /Users/symbat/airflow_local/.venv/lib/python3.11/site-packages/airflow/example_dags/example_setup_teardown_taskflow.py for tasks to queue
[2025-12-06T04:11:09.677+0500] {logging_mixin.py:188} INFO - [2025-12-06T04:11:09.677+0500] {dagbag.py:545} INFO - Filling up the DagBag from /Users/symbat/airflow_local/.venv/lib/python3.11/site-packages/airflow/example_dags/example_setup_teardown_taskflow.py
[2025-12-06T04:11:09.698+0500] {processor.py:840} INFO - DAG(s) 'example_setup_teardown_taskflow' retrieved from /Users/symbat/airflow_local/.venv/lib/python3.11/site-packages/airflow/example_dags/example_setup_teardown_taskflow.py
[2025-12-06T04:11:09.752+0500] {logging_mixin.py:188} INFO - [2025-12-06T04:11:09.752+0500] {dag.py:3089} INFO - Sync 1 DAGs
[2025-12-06T04:11:09.762+0500] {logging_mixin.py:188} INFO - [2025-12-06T04:11:09.761+0500] {dag.py:3947} INFO - Setting next_dagrun for example_setup_teardown_taskflow to 2025-12-04 00:00:00+00:00, run_after=2025-12-05 00:00:00+00:00
[2025-12-06T04:11:09.772+0500] {processor.py:183} INFO - Processing /Users/symbat/airflow_local/.venv/lib/python3.11/site-packages/airflow/example_dags/example_setup_teardown_taskflow.py took 0.103 seconds
[2025-12-06T04:12:46.724+0500] {processor.py:161} INFO - Started process (PID=81956) to work on /Users/symbat/airflow_local/.venv/lib/python3.11/site-packages/airflow/example_dags/example_setup_teardown_taskflow.py
[2025-12-06T04:12:46.726+0500] {processor.py:830} INFO - Processing file /Users/symbat/airflow_local/.venv/lib/python3.11/site-packages/airflow/example_dags/example_setup_teardown_taskflow.py for tasks to queue
[2025-12-06T04:12:46.726+0500] {logging_mixin.py:188} INFO - [2025-12-06T04:12:46.726+0500] {dagbag.py:545} INFO - Filling up the DagBag from /Users/symbat/airflow_local/.venv/lib/python3.11/site-packages/airflow/example_dags/example_setup_teardown_taskflow.py
[2025-12-06T04:12:46.755+0500] {processor.py:840} INFO - DAG(s) 'example_setup_teardown_taskflow' retrieved from /Users/symbat/airflow_local/.venv/lib/python3.11/site-packages/airflow/example_dags/example_setup_teardown_taskflow.py
[2025-12-06T04:12:46.819+0500] {logging_mixin.py:188} INFO - [2025-12-06T04:12:46.819+0500] {dag.py:3089} INFO - Sync 1 DAGs
[2025-12-06T04:12:46.830+0500] {logging_mixin.py:188} INFO - [2025-12-06T04:12:46.830+0500] {dag.py:3947} INFO - Setting next_dagrun for example_setup_teardown_taskflow to 2025-12-04 00:00:00+00:00, run_after=2025-12-05 00:00:00+00:00
[2025-12-06T04:12:46.847+0500] {processor.py:183} INFO - Processing /Users/symbat/airflow_local/.venv/lib/python3.11/site-packages/airflow/example_dags/example_setup_teardown_taskflow.py took 0.127 seconds
[2025-12-06T04:14:28.113+0500] {processor.py:161} INFO - Started process (PID=82102) to work on /Users/symbat/airflow_local/.venv/lib/python3.11/site-packages/airflow/example_dags/example_setup_teardown_taskflow.py
[2025-12-06T04:14:28.114+0500] {processor.py:830} INFO - Processing file /Users/symbat/airflow_local/.venv/lib/python3.11/site-packages/airflow/example_dags/example_setup_teardown_taskflow.py for tasks to queue
[2025-12-06T04:14:28.114+0500] {logging_mixin.py:188} INFO - [2025-12-06T04:14:28.114+0500] {dagbag.py:545} INFO - Filling up the DagBag from /Users/symbat/airflow_local/.venv/lib/python3.11/site-packages/airflow/example_dags/example_setup_teardown_taskflow.py
[2025-12-06T04:14:28.140+0500] {processor.py:840} INFO - DAG(s) 'example_setup_teardown_taskflow' retrieved from /Users/symbat/airflow_local/.venv/lib/python3.11/site-packages/airflow/example_dags/example_setup_teardown_taskflow.py
[2025-12-06T04:14:28.190+0500] {logging_mixin.py:188} INFO - [2025-12-06T04:14:28.190+0500] {dag.py:3089} INFO - Sync 1 DAGs
[2025-12-06T04:14:28.199+0500] {logging_mixin.py:188} INFO - [2025-12-06T04:14:28.199+0500] {dag.py:3947} INFO - Setting next_dagrun for example_setup_teardown_taskflow to 2025-12-04 00:00:00+00:00, run_after=2025-12-05 00:00:00+00:00
[2025-12-06T04:14:28.210+0500] {processor.py:183} INFO - Processing /Users/symbat/airflow_local/.venv/lib/python3.11/site-packages/airflow/example_dags/example_setup_teardown_taskflow.py took 0.099 seconds
[2025-12-06T04:16:06.486+0500] {processor.py:161} INFO - Started process (PID=82242) to work on /Users/symbat/airflow_local/.venv/lib/python3.11/site-packages/airflow/example_dags/example_setup_teardown_taskflow.py
[2025-12-06T04:16:06.487+0500] {processor.py:830} INFO - Processing file /Users/symbat/airflow_local/.venv/lib/python3.11/site-packages/airflow/example_dags/example_setup_teardown_taskflow.py for tasks to queue
[2025-12-06T04:16:06.488+0500] {logging_mixin.py:188} INFO - [2025-12-06T04:16:06.488+0500] {dagbag.py:545} INFO - Filling up the DagBag from /Users/symbat/airflow_local/.venv/lib/python3.11/site-packages/airflow/example_dags/example_setup_teardown_taskflow.py
[2025-12-06T04:16:06.511+0500] {processor.py:840} INFO - DAG(s) 'example_setup_teardown_taskflow' retrieved from /Users/symbat/airflow_local/.venv/lib/python3.11/site-packages/airflow/example_dags/example_setup_teardown_taskflow.py
[2025-12-06T04:16:06.564+0500] {logging_mixin.py:188} INFO - [2025-12-06T04:16:06.564+0500] {dag.py:3089} INFO - Sync 1 DAGs
[2025-12-06T04:16:06.573+0500] {logging_mixin.py:188} INFO - [2025-12-06T04:16:06.573+0500] {dag.py:3947} INFO - Setting next_dagrun for example_setup_teardown_taskflow to 2025-12-04 00:00:00+00:00, run_after=2025-12-05 00:00:00+00:00
[2025-12-06T04:16:06.585+0500] {processor.py:183} INFO - Processing /Users/symbat/airflow_local/.venv/lib/python3.11/site-packages/airflow/example_dags/example_setup_teardown_taskflow.py took 0.105 seconds
[2025-12-06T04:17:41.250+0500] {processor.py:161} INFO - Started process (PID=82342) to work on /Users/symbat/airflow_local/.venv/lib/python3.11/site-packages/airflow/example_dags/example_setup_teardown_taskflow.py
[2025-12-06T04:17:41.251+0500] {processor.py:830} INFO - Processing file /Users/symbat/airflow_local/.venv/lib/python3.11/site-packages/airflow/example_dags/example_setup_teardown_taskflow.py for tasks to queue
[2025-12-06T04:17:41.251+0500] {logging_mixin.py:188} INFO - [2025-12-06T04:17:41.251+0500] {dagbag.py:545} INFO - Filling up the DagBag from /Users/symbat/airflow_local/.venv/lib/python3.11/site-packages/airflow/example_dags/example_setup_teardown_taskflow.py
[2025-12-06T04:17:41.273+0500] {processor.py:840} INFO - DAG(s) 'example_setup_teardown_taskflow' retrieved from /Users/symbat/airflow_local/.venv/lib/python3.11/site-packages/airflow/example_dags/example_setup_teardown_taskflow.py
[2025-12-06T04:17:41.318+0500] {logging_mixin.py:188} INFO - [2025-12-06T04:17:41.318+0500] {dag.py:3089} INFO - Sync 1 DAGs
[2025-12-06T04:17:41.325+0500] {logging_mixin.py:188} INFO - [2025-12-06T04:17:41.325+0500] {dag.py:3947} INFO - Setting next_dagrun for example_setup_teardown_taskflow to 2025-12-04 00:00:00+00:00, run_after=2025-12-05 00:00:00+00:00
[2025-12-06T04:17:41.336+0500] {processor.py:183} INFO - Processing /Users/symbat/airflow_local/.venv/lib/python3.11/site-packages/airflow/example_dags/example_setup_teardown_taskflow.py took 0.087 seconds
[2025-12-06T04:19:18.151+0500] {processor.py:161} INFO - Started process (PID=82452) to work on /Users/symbat/airflow_local/.venv/lib/python3.11/site-packages/airflow/example_dags/example_setup_teardown_taskflow.py
[2025-12-06T04:19:18.152+0500] {processor.py:830} INFO - Processing file /Users/symbat/airflow_local/.venv/lib/python3.11/site-packages/airflow/example_dags/example_setup_teardown_taskflow.py for tasks to queue
[2025-12-06T04:19:18.153+0500] {logging_mixin.py:188} INFO - [2025-12-06T04:19:18.152+0500] {dagbag.py:545} INFO - Filling up the DagBag from /Users/symbat/airflow_local/.venv/lib/python3.11/site-packages/airflow/example_dags/example_setup_teardown_taskflow.py
[2025-12-06T04:19:18.189+0500] {processor.py:840} INFO - DAG(s) 'example_setup_teardown_taskflow' retrieved from /Users/symbat/airflow_local/.venv/lib/python3.11/site-packages/airflow/example_dags/example_setup_teardown_taskflow.py
[2025-12-06T04:19:18.255+0500] {logging_mixin.py:188} INFO - [2025-12-06T04:19:18.254+0500] {dag.py:3089} INFO - Sync 1 DAGs
[2025-12-06T04:19:18.265+0500] {logging_mixin.py:188} INFO - [2025-12-06T04:19:18.265+0500] {dag.py:3947} INFO - Setting next_dagrun for example_setup_teardown_taskflow to 2025-12-04 00:00:00+00:00, run_after=2025-12-05 00:00:00+00:00
[2025-12-06T04:19:18.279+0500] {processor.py:183} INFO - Processing /Users/symbat/airflow_local/.venv/lib/python3.11/site-packages/airflow/example_dags/example_setup_teardown_taskflow.py took 0.133 seconds
[2025-12-06T04:20:46.964+0500] {processor.py:161} INFO - Started process (PID=82534) to work on /Users/symbat/airflow_local/.venv/lib/python3.11/site-packages/airflow/example_dags/example_setup_teardown_taskflow.py
[2025-12-06T04:20:46.966+0500] {processor.py:830} INFO - Processing file /Users/symbat/airflow_local/.venv/lib/python3.11/site-packages/airflow/example_dags/example_setup_teardown_taskflow.py for tasks to queue
[2025-12-06T04:20:46.967+0500] {logging_mixin.py:188} INFO - [2025-12-06T04:20:46.967+0500] {dagbag.py:545} INFO - Filling up the DagBag from /Users/symbat/airflow_local/.venv/lib/python3.11/site-packages/airflow/example_dags/example_setup_teardown_taskflow.py
[2025-12-06T04:20:46.985+0500] {processor.py:840} INFO - DAG(s) 'example_setup_teardown_taskflow' retrieved from /Users/symbat/airflow_local/.venv/lib/python3.11/site-packages/airflow/example_dags/example_setup_teardown_taskflow.py
[2025-12-06T04:20:47.034+0500] {logging_mixin.py:188} INFO - [2025-12-06T04:20:47.033+0500] {dag.py:3089} INFO - Sync 1 DAGs
[2025-12-06T04:20:47.041+0500] {logging_mixin.py:188} INFO - [2025-12-06T04:20:47.041+0500] {dag.py:3947} INFO - Setting next_dagrun for example_setup_teardown_taskflow to 2025-12-04 00:00:00+00:00, run_after=2025-12-05 00:00:00+00:00
[2025-12-06T04:20:47.052+0500] {processor.py:183} INFO - Processing /Users/symbat/airflow_local/.venv/lib/python3.11/site-packages/airflow/example_dags/example_setup_teardown_taskflow.py took 0.090 seconds
[2025-12-06T04:22:16.317+0500] {processor.py:161} INFO - Started process (PID=82643) to work on /Users/symbat/airflow_local/.venv/lib/python3.11/site-packages/airflow/example_dags/example_setup_teardown_taskflow.py
[2025-12-06T04:22:16.318+0500] {processor.py:830} INFO - Processing file /Users/symbat/airflow_local/.venv/lib/python3.11/site-packages/airflow/example_dags/example_setup_teardown_taskflow.py for tasks to queue
[2025-12-06T04:22:16.319+0500] {logging_mixin.py:188} INFO - [2025-12-06T04:22:16.319+0500] {dagbag.py:545} INFO - Filling up the DagBag from /Users/symbat/airflow_local/.venv/lib/python3.11/site-packages/airflow/example_dags/example_setup_teardown_taskflow.py
[2025-12-06T04:22:16.354+0500] {processor.py:840} INFO - DAG(s) 'example_setup_teardown_taskflow' retrieved from /Users/symbat/airflow_local/.venv/lib/python3.11/site-packages/airflow/example_dags/example_setup_teardown_taskflow.py
[2025-12-06T04:22:16.421+0500] {logging_mixin.py:188} INFO - [2025-12-06T04:22:16.421+0500] {dag.py:3089} INFO - Sync 1 DAGs
[2025-12-06T04:22:16.430+0500] {logging_mixin.py:188} INFO - [2025-12-06T04:22:16.429+0500] {dag.py:3947} INFO - Setting next_dagrun for example_setup_teardown_taskflow to 2025-12-04 00:00:00+00:00, run_after=2025-12-05 00:00:00+00:00
[2025-12-06T04:22:16.442+0500] {processor.py:183} INFO - Processing /Users/symbat/airflow_local/.venv/lib/python3.11/site-packages/airflow/example_dags/example_setup_teardown_taskflow.py took 0.127 seconds
[2025-12-06T04:23:38.811+0500] {processor.py:161} INFO - Started process (PID=82749) to work on /Users/symbat/airflow_local/.venv/lib/python3.11/site-packages/airflow/example_dags/example_setup_teardown_taskflow.py
[2025-12-06T04:23:38.812+0500] {processor.py:830} INFO - Processing file /Users/symbat/airflow_local/.venv/lib/python3.11/site-packages/airflow/example_dags/example_setup_teardown_taskflow.py for tasks to queue
[2025-12-06T04:23:38.813+0500] {logging_mixin.py:188} INFO - [2025-12-06T04:23:38.813+0500] {dagbag.py:545} INFO - Filling up the DagBag from /Users/symbat/airflow_local/.venv/lib/python3.11/site-packages/airflow/example_dags/example_setup_teardown_taskflow.py
[2025-12-06T04:23:38.837+0500] {processor.py:840} INFO - DAG(s) 'example_setup_teardown_taskflow' retrieved from /Users/symbat/airflow_local/.venv/lib/python3.11/site-packages/airflow/example_dags/example_setup_teardown_taskflow.py
[2025-12-06T04:23:38.890+0500] {logging_mixin.py:188} INFO - [2025-12-06T04:23:38.890+0500] {dag.py:3089} INFO - Sync 1 DAGs
[2025-12-06T04:23:38.899+0500] {logging_mixin.py:188} INFO - [2025-12-06T04:23:38.899+0500] {dag.py:3947} INFO - Setting next_dagrun for example_setup_teardown_taskflow to 2025-12-04 00:00:00+00:00, run_after=2025-12-05 00:00:00+00:00
[2025-12-06T04:23:38.912+0500] {processor.py:183} INFO - Processing /Users/symbat/airflow_local/.venv/lib/python3.11/site-packages/airflow/example_dags/example_setup_teardown_taskflow.py took 0.103 seconds
[2025-12-06T04:25:13.406+0500] {processor.py:161} INFO - Started process (PID=83116) to work on /Users/symbat/airflow_local/.venv/lib/python3.11/site-packages/airflow/example_dags/example_setup_teardown_taskflow.py
[2025-12-06T04:25:13.407+0500] {processor.py:830} INFO - Processing file /Users/symbat/airflow_local/.venv/lib/python3.11/site-packages/airflow/example_dags/example_setup_teardown_taskflow.py for tasks to queue
[2025-12-06T04:25:13.407+0500] {logging_mixin.py:188} INFO - [2025-12-06T04:25:13.407+0500] {dagbag.py:545} INFO - Filling up the DagBag from /Users/symbat/airflow_local/.venv/lib/python3.11/site-packages/airflow/example_dags/example_setup_teardown_taskflow.py
[2025-12-06T04:25:13.428+0500] {processor.py:840} INFO - DAG(s) 'example_setup_teardown_taskflow' retrieved from /Users/symbat/airflow_local/.venv/lib/python3.11/site-packages/airflow/example_dags/example_setup_teardown_taskflow.py
[2025-12-06T04:25:13.483+0500] {logging_mixin.py:188} INFO - [2025-12-06T04:25:13.483+0500] {dag.py:3089} INFO - Sync 1 DAGs
[2025-12-06T04:25:13.491+0500] {logging_mixin.py:188} INFO - [2025-12-06T04:25:13.490+0500] {dag.py:3947} INFO - Setting next_dagrun for example_setup_teardown_taskflow to 2025-12-04 00:00:00+00:00, run_after=2025-12-05 00:00:00+00:00
[2025-12-06T04:25:13.500+0500] {processor.py:183} INFO - Processing /Users/symbat/airflow_local/.venv/lib/python3.11/site-packages/airflow/example_dags/example_setup_teardown_taskflow.py took 0.097 seconds
[2025-12-06T04:26:57.912+0500] {processor.py:161} INFO - Started process (PID=83254) to work on /Users/symbat/airflow_local/.venv/lib/python3.11/site-packages/airflow/example_dags/example_setup_teardown_taskflow.py
[2025-12-06T04:26:57.913+0500] {processor.py:830} INFO - Processing file /Users/symbat/airflow_local/.venv/lib/python3.11/site-packages/airflow/example_dags/example_setup_teardown_taskflow.py for tasks to queue
[2025-12-06T04:26:57.913+0500] {logging_mixin.py:188} INFO - [2025-12-06T04:26:57.913+0500] {dagbag.py:545} INFO - Filling up the DagBag from /Users/symbat/airflow_local/.venv/lib/python3.11/site-packages/airflow/example_dags/example_setup_teardown_taskflow.py
[2025-12-06T04:26:57.930+0500] {processor.py:840} INFO - DAG(s) 'example_setup_teardown_taskflow' retrieved from /Users/symbat/airflow_local/.venv/lib/python3.11/site-packages/airflow/example_dags/example_setup_teardown_taskflow.py
[2025-12-06T04:26:57.974+0500] {logging_mixin.py:188} INFO - [2025-12-06T04:26:57.974+0500] {dag.py:3089} INFO - Sync 1 DAGs
[2025-12-06T04:26:57.982+0500] {logging_mixin.py:188} INFO - [2025-12-06T04:26:57.982+0500] {dag.py:3947} INFO - Setting next_dagrun for example_setup_teardown_taskflow to 2025-12-04 00:00:00+00:00, run_after=2025-12-05 00:00:00+00:00
[2025-12-06T04:26:57.991+0500] {processor.py:183} INFO - Processing /Users/symbat/airflow_local/.venv/lib/python3.11/site-packages/airflow/example_dags/example_setup_teardown_taskflow.py took 0.080 seconds
[2025-12-06T04:28:35.384+0500] {processor.py:161} INFO - Started process (PID=83639) to work on /Users/symbat/airflow_local/.venv/lib/python3.11/site-packages/airflow/example_dags/example_setup_teardown_taskflow.py
[2025-12-06T04:28:35.384+0500] {processor.py:830} INFO - Processing file /Users/symbat/airflow_local/.venv/lib/python3.11/site-packages/airflow/example_dags/example_setup_teardown_taskflow.py for tasks to queue
[2025-12-06T04:28:35.385+0500] {logging_mixin.py:188} INFO - [2025-12-06T04:28:35.385+0500] {dagbag.py:545} INFO - Filling up the DagBag from /Users/symbat/airflow_local/.venv/lib/python3.11/site-packages/airflow/example_dags/example_setup_teardown_taskflow.py
[2025-12-06T04:28:35.407+0500] {processor.py:840} INFO - DAG(s) 'example_setup_teardown_taskflow' retrieved from /Users/symbat/airflow_local/.venv/lib/python3.11/site-packages/airflow/example_dags/example_setup_teardown_taskflow.py
[2025-12-06T04:28:35.449+0500] {logging_mixin.py:188} INFO - [2025-12-06T04:28:35.449+0500] {dag.py:3089} INFO - Sync 1 DAGs
[2025-12-06T04:28:35.456+0500] {logging_mixin.py:188} INFO - [2025-12-06T04:28:35.455+0500] {dag.py:3947} INFO - Setting next_dagrun for example_setup_teardown_taskflow to 2025-12-04 00:00:00+00:00, run_after=2025-12-05 00:00:00+00:00
[2025-12-06T04:28:35.465+0500] {processor.py:183} INFO - Processing /Users/symbat/airflow_local/.venv/lib/python3.11/site-packages/airflow/example_dags/example_setup_teardown_taskflow.py took 0.083 seconds
[2025-12-06T04:30:25.851+0500] {processor.py:161} INFO - Started process (PID=83809) to work on /Users/symbat/airflow_local/.venv/lib/python3.11/site-packages/airflow/example_dags/example_setup_teardown_taskflow.py
[2025-12-06T04:30:25.852+0500] {processor.py:830} INFO - Processing file /Users/symbat/airflow_local/.venv/lib/python3.11/site-packages/airflow/example_dags/example_setup_teardown_taskflow.py for tasks to queue
[2025-12-06T04:30:25.852+0500] {logging_mixin.py:188} INFO - [2025-12-06T04:30:25.852+0500] {dagbag.py:545} INFO - Filling up the DagBag from /Users/symbat/airflow_local/.venv/lib/python3.11/site-packages/airflow/example_dags/example_setup_teardown_taskflow.py
[2025-12-06T04:30:25.874+0500] {processor.py:840} INFO - DAG(s) 'example_setup_teardown_taskflow' retrieved from /Users/symbat/airflow_local/.venv/lib/python3.11/site-packages/airflow/example_dags/example_setup_teardown_taskflow.py
[2025-12-06T04:30:25.928+0500] {logging_mixin.py:188} INFO - [2025-12-06T04:30:25.928+0500] {dag.py:3089} INFO - Sync 1 DAGs
[2025-12-06T04:30:25.936+0500] {logging_mixin.py:188} INFO - [2025-12-06T04:30:25.936+0500] {dag.py:3947} INFO - Setting next_dagrun for example_setup_teardown_taskflow to 2025-12-04 00:00:00+00:00, run_after=2025-12-05 00:00:00+00:00
[2025-12-06T04:30:25.948+0500] {processor.py:183} INFO - Processing /Users/symbat/airflow_local/.venv/lib/python3.11/site-packages/airflow/example_dags/example_setup_teardown_taskflow.py took 0.102 seconds
[2025-12-06T04:32:20.583+0500] {processor.py:161} INFO - Started process (PID=83959) to work on /Users/symbat/airflow_local/.venv/lib/python3.11/site-packages/airflow/example_dags/example_setup_teardown_taskflow.py
[2025-12-06T04:32:20.584+0500] {processor.py:830} INFO - Processing file /Users/symbat/airflow_local/.venv/lib/python3.11/site-packages/airflow/example_dags/example_setup_teardown_taskflow.py for tasks to queue
[2025-12-06T04:32:20.585+0500] {logging_mixin.py:188} INFO - [2025-12-06T04:32:20.584+0500] {dagbag.py:545} INFO - Filling up the DagBag from /Users/symbat/airflow_local/.venv/lib/python3.11/site-packages/airflow/example_dags/example_setup_teardown_taskflow.py
[2025-12-06T04:32:20.604+0500] {processor.py:840} INFO - DAG(s) 'example_setup_teardown_taskflow' retrieved from /Users/symbat/airflow_local/.venv/lib/python3.11/site-packages/airflow/example_dags/example_setup_teardown_taskflow.py
[2025-12-06T04:32:20.666+0500] {logging_mixin.py:188} INFO - [2025-12-06T04:32:20.666+0500] {dag.py:3089} INFO - Sync 1 DAGs
[2025-12-06T04:32:20.674+0500] {logging_mixin.py:188} INFO - [2025-12-06T04:32:20.673+0500] {dag.py:3947} INFO - Setting next_dagrun for example_setup_teardown_taskflow to 2025-12-04 00:00:00+00:00, run_after=2025-12-05 00:00:00+00:00
[2025-12-06T04:32:20.684+0500] {processor.py:183} INFO - Processing /Users/symbat/airflow_local/.venv/lib/python3.11/site-packages/airflow/example_dags/example_setup_teardown_taskflow.py took 0.104 seconds
[2025-12-06T04:34:12.105+0500] {processor.py:161} INFO - Started process (PID=84183) to work on /Users/symbat/airflow_local/.venv/lib/python3.11/site-packages/airflow/example_dags/example_setup_teardown_taskflow.py
[2025-12-06T04:34:12.105+0500] {processor.py:830} INFO - Processing file /Users/symbat/airflow_local/.venv/lib/python3.11/site-packages/airflow/example_dags/example_setup_teardown_taskflow.py for tasks to queue
[2025-12-06T04:34:12.106+0500] {logging_mixin.py:188} INFO - [2025-12-06T04:34:12.106+0500] {dagbag.py:545} INFO - Filling up the DagBag from /Users/symbat/airflow_local/.venv/lib/python3.11/site-packages/airflow/example_dags/example_setup_teardown_taskflow.py
[2025-12-06T04:34:12.125+0500] {processor.py:840} INFO - DAG(s) 'example_setup_teardown_taskflow' retrieved from /Users/symbat/airflow_local/.venv/lib/python3.11/site-packages/airflow/example_dags/example_setup_teardown_taskflow.py
[2025-12-06T04:34:12.168+0500] {logging_mixin.py:188} INFO - [2025-12-06T04:34:12.168+0500] {dag.py:3089} INFO - Sync 1 DAGs
[2025-12-06T04:34:12.175+0500] {logging_mixin.py:188} INFO - [2025-12-06T04:34:12.175+0500] {dag.py:3947} INFO - Setting next_dagrun for example_setup_teardown_taskflow to 2025-12-04 00:00:00+00:00, run_after=2025-12-05 00:00:00+00:00
[2025-12-06T04:34:12.185+0500] {processor.py:183} INFO - Processing /Users/symbat/airflow_local/.venv/lib/python3.11/site-packages/airflow/example_dags/example_setup_teardown_taskflow.py took 0.082 seconds
[2025-12-06T04:36:21.442+0500] {processor.py:161} INFO - Started process (PID=84374) to work on /Users/symbat/airflow_local/.venv/lib/python3.11/site-packages/airflow/example_dags/example_setup_teardown_taskflow.py
[2025-12-06T04:36:21.443+0500] {processor.py:830} INFO - Processing file /Users/symbat/airflow_local/.venv/lib/python3.11/site-packages/airflow/example_dags/example_setup_teardown_taskflow.py for tasks to queue
[2025-12-06T04:36:21.444+0500] {logging_mixin.py:188} INFO - [2025-12-06T04:36:21.444+0500] {dagbag.py:545} INFO - Filling up the DagBag from /Users/symbat/airflow_local/.venv/lib/python3.11/site-packages/airflow/example_dags/example_setup_teardown_taskflow.py
[2025-12-06T04:36:21.482+0500] {processor.py:840} INFO - DAG(s) 'example_setup_teardown_taskflow' retrieved from /Users/symbat/airflow_local/.venv/lib/python3.11/site-packages/airflow/example_dags/example_setup_teardown_taskflow.py
[2025-12-06T04:36:21.539+0500] {logging_mixin.py:188} INFO - [2025-12-06T04:36:21.538+0500] {dag.py:3089} INFO - Sync 1 DAGs
[2025-12-06T04:36:21.548+0500] {logging_mixin.py:188} INFO - [2025-12-06T04:36:21.548+0500] {dag.py:3947} INFO - Setting next_dagrun for example_setup_teardown_taskflow to 2025-12-04 00:00:00+00:00, run_after=2025-12-05 00:00:00+00:00
[2025-12-06T04:36:21.559+0500] {processor.py:183} INFO - Processing /Users/symbat/airflow_local/.venv/lib/python3.11/site-packages/airflow/example_dags/example_setup_teardown_taskflow.py took 0.120 seconds
