[2025-12-06T03:55:24.703+0500] {processor.py:161} INFO - Started process (PID=79514) to work on /Users/symbat/airflow_local/.venv/lib/python3.11/site-packages/airflow/example_dags/example_xcom.py
[2025-12-06T03:55:24.704+0500] {processor.py:830} INFO - Processing file /Users/symbat/airflow_local/.venv/lib/python3.11/site-packages/airflow/example_dags/example_xcom.py for tasks to queue
[2025-12-06T03:55:24.705+0500] {logging_mixin.py:188} INFO - [2025-12-06T03:55:24.705+0500] {dagbag.py:545} INFO - Filling up the DagBag from /Users/symbat/airflow_local/.venv/lib/python3.11/site-packages/airflow/example_dags/example_xcom.py
[2025-12-06T03:55:24.738+0500] {processor.py:840} INFO - DAG(s) 'example_xcom' retrieved from /Users/symbat/airflow_local/.venv/lib/python3.11/site-packages/airflow/example_dags/example_xcom.py
[2025-12-06T03:55:24.902+0500] {logging_mixin.py:188} INFO - [2025-12-06T03:55:24.901+0500] {override.py:1930} INFO - Created Permission View: can delete on DAG:example_xcom
[2025-12-06T03:55:24.909+0500] {logging_mixin.py:188} INFO - [2025-12-06T03:55:24.908+0500] {override.py:1930} INFO - Created Permission View: can edit on DAG:example_xcom
[2025-12-06T03:55:24.913+0500] {logging_mixin.py:188} INFO - [2025-12-06T03:55:24.913+0500] {override.py:1930} INFO - Created Permission View: can read on DAG:example_xcom
[2025-12-06T03:55:24.913+0500] {logging_mixin.py:188} INFO - [2025-12-06T03:55:24.913+0500] {dag.py:3089} INFO - Sync 1 DAGs
[2025-12-06T03:55:24.921+0500] {logging_mixin.py:188} INFO - [2025-12-06T03:55:24.921+0500] {dag.py:3111} INFO - Creating ORM DAG for example_xcom
[2025-12-06T03:55:24.928+0500] {logging_mixin.py:188} INFO - [2025-12-06T03:55:24.928+0500] {dag.py:3947} INFO - Setting next_dagrun for example_xcom to 2021-01-01 00:00:00+00:00, run_after=2021-01-01 00:00:00+00:00
[2025-12-06T03:55:24.939+0500] {processor.py:183} INFO - Processing /Users/symbat/airflow_local/.venv/lib/python3.11/site-packages/airflow/example_dags/example_xcom.py took 0.239 seconds
[2025-12-06T03:57:25.743+0500] {processor.py:161} INFO - Started process (PID=79667) to work on /Users/symbat/airflow_local/.venv/lib/python3.11/site-packages/airflow/example_dags/example_xcom.py
[2025-12-06T03:57:25.745+0500] {processor.py:830} INFO - Processing file /Users/symbat/airflow_local/.venv/lib/python3.11/site-packages/airflow/example_dags/example_xcom.py for tasks to queue
[2025-12-06T03:57:25.745+0500] {logging_mixin.py:188} INFO - [2025-12-06T03:57:25.745+0500] {dagbag.py:545} INFO - Filling up the DagBag from /Users/symbat/airflow_local/.venv/lib/python3.11/site-packages/airflow/example_dags/example_xcom.py
[2025-12-06T03:57:25.775+0500] {processor.py:840} INFO - DAG(s) 'example_xcom' retrieved from /Users/symbat/airflow_local/.venv/lib/python3.11/site-packages/airflow/example_dags/example_xcom.py
[2025-12-06T03:57:25.824+0500] {logging_mixin.py:188} INFO - [2025-12-06T03:57:25.824+0500] {dag.py:3089} INFO - Sync 1 DAGs
[2025-12-06T03:57:25.832+0500] {logging_mixin.py:188} INFO - [2025-12-06T03:57:25.832+0500] {dag.py:3947} INFO - Setting next_dagrun for example_xcom to 2021-01-01 00:00:00+00:00, run_after=2021-01-01 00:00:00+00:00
[2025-12-06T03:57:25.846+0500] {processor.py:183} INFO - Processing /Users/symbat/airflow_local/.venv/lib/python3.11/site-packages/airflow/example_dags/example_xcom.py took 0.106 seconds
[2025-12-06T03:58:54.944+0500] {processor.py:161} INFO - Started process (PID=79764) to work on /Users/symbat/airflow_local/.venv/lib/python3.11/site-packages/airflow/example_dags/example_xcom.py
[2025-12-06T03:58:54.946+0500] {processor.py:830} INFO - Processing file /Users/symbat/airflow_local/.venv/lib/python3.11/site-packages/airflow/example_dags/example_xcom.py for tasks to queue
[2025-12-06T03:58:54.947+0500] {logging_mixin.py:188} INFO - [2025-12-06T03:58:54.946+0500] {dagbag.py:545} INFO - Filling up the DagBag from /Users/symbat/airflow_local/.venv/lib/python3.11/site-packages/airflow/example_dags/example_xcom.py
[2025-12-06T03:58:54.980+0500] {processor.py:840} INFO - DAG(s) 'example_xcom' retrieved from /Users/symbat/airflow_local/.venv/lib/python3.11/site-packages/airflow/example_dags/example_xcom.py
[2025-12-06T03:58:55.056+0500] {logging_mixin.py:188} INFO - [2025-12-06T03:58:55.056+0500] {dag.py:3089} INFO - Sync 1 DAGs
[2025-12-06T03:58:55.065+0500] {logging_mixin.py:188} INFO - [2025-12-06T03:58:55.065+0500] {dag.py:3947} INFO - Setting next_dagrun for example_xcom to 2021-01-01 00:00:00+00:00, run_after=2021-01-01 00:00:00+00:00
[2025-12-06T03:58:55.076+0500] {processor.py:183} INFO - Processing /Users/symbat/airflow_local/.venv/lib/python3.11/site-packages/airflow/example_dags/example_xcom.py took 0.136 seconds
[2025-12-06T04:00:32.662+0500] {processor.py:161} INFO - Started process (PID=80350) to work on /Users/symbat/airflow_local/.venv/lib/python3.11/site-packages/airflow/example_dags/example_xcom.py
[2025-12-06T04:00:32.663+0500] {processor.py:830} INFO - Processing file /Users/symbat/airflow_local/.venv/lib/python3.11/site-packages/airflow/example_dags/example_xcom.py for tasks to queue
[2025-12-06T04:00:32.664+0500] {logging_mixin.py:188} INFO - [2025-12-06T04:00:32.664+0500] {dagbag.py:545} INFO - Filling up the DagBag from /Users/symbat/airflow_local/.venv/lib/python3.11/site-packages/airflow/example_dags/example_xcom.py
[2025-12-06T04:00:32.690+0500] {processor.py:840} INFO - DAG(s) 'example_xcom' retrieved from /Users/symbat/airflow_local/.venv/lib/python3.11/site-packages/airflow/example_dags/example_xcom.py
[2025-12-06T04:00:32.736+0500] {logging_mixin.py:188} INFO - [2025-12-06T04:00:32.736+0500] {dag.py:3089} INFO - Sync 1 DAGs
[2025-12-06T04:00:32.743+0500] {logging_mixin.py:188} INFO - [2025-12-06T04:00:32.743+0500] {dag.py:3947} INFO - Setting next_dagrun for example_xcom to 2021-01-01 00:00:00+00:00, run_after=2021-01-01 00:00:00+00:00
[2025-12-06T04:00:32.753+0500] {processor.py:183} INFO - Processing /Users/symbat/airflow_local/.venv/lib/python3.11/site-packages/airflow/example_dags/example_xcom.py took 0.092 seconds
[2025-12-06T04:02:08.764+0500] {processor.py:161} INFO - Started process (PID=80626) to work on /Users/symbat/airflow_local/.venv/lib/python3.11/site-packages/airflow/example_dags/example_xcom.py
[2025-12-06T04:02:08.765+0500] {processor.py:830} INFO - Processing file /Users/symbat/airflow_local/.venv/lib/python3.11/site-packages/airflow/example_dags/example_xcom.py for tasks to queue
[2025-12-06T04:02:08.765+0500] {logging_mixin.py:188} INFO - [2025-12-06T04:02:08.765+0500] {dagbag.py:545} INFO - Filling up the DagBag from /Users/symbat/airflow_local/.venv/lib/python3.11/site-packages/airflow/example_dags/example_xcom.py
[2025-12-06T04:02:08.787+0500] {processor.py:840} INFO - DAG(s) 'example_xcom' retrieved from /Users/symbat/airflow_local/.venv/lib/python3.11/site-packages/airflow/example_dags/example_xcom.py
[2025-12-06T04:02:08.835+0500] {logging_mixin.py:188} INFO - [2025-12-06T04:02:08.835+0500] {dag.py:3089} INFO - Sync 1 DAGs
[2025-12-06T04:02:08.844+0500] {logging_mixin.py:188} INFO - [2025-12-06T04:02:08.844+0500] {dag.py:3947} INFO - Setting next_dagrun for example_xcom to 2021-01-01 00:00:00+00:00, run_after=2021-01-01 00:00:00+00:00
[2025-12-06T04:02:08.854+0500] {processor.py:183} INFO - Processing /Users/symbat/airflow_local/.venv/lib/python3.11/site-packages/airflow/example_dags/example_xcom.py took 0.092 seconds
[2025-12-06T04:03:49.564+0500] {processor.py:161} INFO - Started process (PID=80964) to work on /Users/symbat/airflow_local/.venv/lib/python3.11/site-packages/airflow/example_dags/example_xcom.py
[2025-12-06T04:03:49.564+0500] {processor.py:830} INFO - Processing file /Users/symbat/airflow_local/.venv/lib/python3.11/site-packages/airflow/example_dags/example_xcom.py for tasks to queue
[2025-12-06T04:03:49.565+0500] {logging_mixin.py:188} INFO - [2025-12-06T04:03:49.565+0500] {dagbag.py:545} INFO - Filling up the DagBag from /Users/symbat/airflow_local/.venv/lib/python3.11/site-packages/airflow/example_dags/example_xcom.py
[2025-12-06T04:03:49.582+0500] {processor.py:840} INFO - DAG(s) 'example_xcom' retrieved from /Users/symbat/airflow_local/.venv/lib/python3.11/site-packages/airflow/example_dags/example_xcom.py
[2025-12-06T04:03:49.627+0500] {logging_mixin.py:188} INFO - [2025-12-06T04:03:49.627+0500] {dag.py:3089} INFO - Sync 1 DAGs
[2025-12-06T04:03:49.634+0500] {logging_mixin.py:188} INFO - [2025-12-06T04:03:49.634+0500] {dag.py:3947} INFO - Setting next_dagrun for example_xcom to 2021-01-01 00:00:00+00:00, run_after=2021-01-01 00:00:00+00:00
[2025-12-06T04:03:49.644+0500] {processor.py:183} INFO - Processing /Users/symbat/airflow_local/.venv/lib/python3.11/site-packages/airflow/example_dags/example_xcom.py took 0.082 seconds
[2025-12-06T04:05:35.611+0500] {processor.py:161} INFO - Started process (PID=81394) to work on /Users/symbat/airflow_local/.venv/lib/python3.11/site-packages/airflow/example_dags/example_xcom.py
[2025-12-06T04:05:35.611+0500] {processor.py:830} INFO - Processing file /Users/symbat/airflow_local/.venv/lib/python3.11/site-packages/airflow/example_dags/example_xcom.py for tasks to queue
[2025-12-06T04:05:35.612+0500] {logging_mixin.py:188} INFO - [2025-12-06T04:05:35.612+0500] {dagbag.py:545} INFO - Filling up the DagBag from /Users/symbat/airflow_local/.venv/lib/python3.11/site-packages/airflow/example_dags/example_xcom.py
[2025-12-06T04:05:35.631+0500] {processor.py:840} INFO - DAG(s) 'example_xcom' retrieved from /Users/symbat/airflow_local/.venv/lib/python3.11/site-packages/airflow/example_dags/example_xcom.py
[2025-12-06T04:05:35.676+0500] {logging_mixin.py:188} INFO - [2025-12-06T04:05:35.676+0500] {dag.py:3089} INFO - Sync 1 DAGs
[2025-12-06T04:05:35.683+0500] {logging_mixin.py:188} INFO - [2025-12-06T04:05:35.683+0500] {dag.py:3947} INFO - Setting next_dagrun for example_xcom to 2021-01-01 00:00:00+00:00, run_after=2021-01-01 00:00:00+00:00
[2025-12-06T04:05:35.692+0500] {processor.py:183} INFO - Processing /Users/symbat/airflow_local/.venv/lib/python3.11/site-packages/airflow/example_dags/example_xcom.py took 0.083 seconds
[2025-12-06T04:07:16.644+0500] {processor.py:161} INFO - Started process (PID=81529) to work on /Users/symbat/airflow_local/.venv/lib/python3.11/site-packages/airflow/example_dags/example_xcom.py
[2025-12-06T04:07:16.646+0500] {processor.py:830} INFO - Processing file /Users/symbat/airflow_local/.venv/lib/python3.11/site-packages/airflow/example_dags/example_xcom.py for tasks to queue
[2025-12-06T04:07:16.646+0500] {logging_mixin.py:188} INFO - [2025-12-06T04:07:16.646+0500] {dagbag.py:545} INFO - Filling up the DagBag from /Users/symbat/airflow_local/.venv/lib/python3.11/site-packages/airflow/example_dags/example_xcom.py
[2025-12-06T04:07:16.671+0500] {processor.py:840} INFO - DAG(s) 'example_xcom' retrieved from /Users/symbat/airflow_local/.venv/lib/python3.11/site-packages/airflow/example_dags/example_xcom.py
[2025-12-06T04:07:16.728+0500] {logging_mixin.py:188} INFO - [2025-12-06T04:07:16.728+0500] {dag.py:3089} INFO - Sync 1 DAGs
[2025-12-06T04:07:16.741+0500] {logging_mixin.py:188} INFO - [2025-12-06T04:07:16.741+0500] {dag.py:3947} INFO - Setting next_dagrun for example_xcom to 2021-01-01 00:00:00+00:00, run_after=2021-01-01 00:00:00+00:00
[2025-12-06T04:07:16.752+0500] {processor.py:183} INFO - Processing /Users/symbat/airflow_local/.venv/lib/python3.11/site-packages/airflow/example_dags/example_xcom.py took 0.111 seconds
[2025-12-06T04:09:00.696+0500] {processor.py:161} INFO - Started process (PID=81662) to work on /Users/symbat/airflow_local/.venv/lib/python3.11/site-packages/airflow/example_dags/example_xcom.py
[2025-12-06T04:09:00.698+0500] {processor.py:830} INFO - Processing file /Users/symbat/airflow_local/.venv/lib/python3.11/site-packages/airflow/example_dags/example_xcom.py for tasks to queue
[2025-12-06T04:09:00.699+0500] {logging_mixin.py:188} INFO - [2025-12-06T04:09:00.699+0500] {dagbag.py:545} INFO - Filling up the DagBag from /Users/symbat/airflow_local/.venv/lib/python3.11/site-packages/airflow/example_dags/example_xcom.py
[2025-12-06T04:09:00.729+0500] {processor.py:840} INFO - DAG(s) 'example_xcom' retrieved from /Users/symbat/airflow_local/.venv/lib/python3.11/site-packages/airflow/example_dags/example_xcom.py
[2025-12-06T04:09:00.797+0500] {logging_mixin.py:188} INFO - [2025-12-06T04:09:00.797+0500] {dag.py:3089} INFO - Sync 1 DAGs
[2025-12-06T04:09:00.806+0500] {logging_mixin.py:188} INFO - [2025-12-06T04:09:00.806+0500] {dag.py:3947} INFO - Setting next_dagrun for example_xcom to 2021-01-01 00:00:00+00:00, run_after=2021-01-01 00:00:00+00:00
[2025-12-06T04:09:00.818+0500] {processor.py:183} INFO - Processing /Users/symbat/airflow_local/.venv/lib/python3.11/site-packages/airflow/example_dags/example_xcom.py took 0.127 seconds
[2025-12-06T04:10:42.827+0500] {processor.py:161} INFO - Started process (PID=81777) to work on /Users/symbat/airflow_local/.venv/lib/python3.11/site-packages/airflow/example_dags/example_xcom.py
[2025-12-06T04:10:42.830+0500] {processor.py:830} INFO - Processing file /Users/symbat/airflow_local/.venv/lib/python3.11/site-packages/airflow/example_dags/example_xcom.py for tasks to queue
[2025-12-06T04:10:42.830+0500] {logging_mixin.py:188} INFO - [2025-12-06T04:10:42.830+0500] {dagbag.py:545} INFO - Filling up the DagBag from /Users/symbat/airflow_local/.venv/lib/python3.11/site-packages/airflow/example_dags/example_xcom.py
[2025-12-06T04:10:42.863+0500] {processor.py:840} INFO - DAG(s) 'example_xcom' retrieved from /Users/symbat/airflow_local/.venv/lib/python3.11/site-packages/airflow/example_dags/example_xcom.py
[2025-12-06T04:10:42.940+0500] {logging_mixin.py:188} INFO - [2025-12-06T04:10:42.940+0500] {dag.py:3089} INFO - Sync 1 DAGs
[2025-12-06T04:10:42.951+0500] {logging_mixin.py:188} INFO - [2025-12-06T04:10:42.951+0500] {dag.py:3947} INFO - Setting next_dagrun for example_xcom to 2021-01-01 00:00:00+00:00, run_after=2021-01-01 00:00:00+00:00
[2025-12-06T04:10:42.962+0500] {processor.py:183} INFO - Processing /Users/symbat/airflow_local/.venv/lib/python3.11/site-packages/airflow/example_dags/example_xcom.py took 0.139 seconds
[2025-12-06T04:12:21.730+0500] {processor.py:161} INFO - Started process (PID=81906) to work on /Users/symbat/airflow_local/.venv/lib/python3.11/site-packages/airflow/example_dags/example_xcom.py
[2025-12-06T04:12:21.734+0500] {processor.py:830} INFO - Processing file /Users/symbat/airflow_local/.venv/lib/python3.11/site-packages/airflow/example_dags/example_xcom.py for tasks to queue
[2025-12-06T04:12:21.735+0500] {logging_mixin.py:188} INFO - [2025-12-06T04:12:21.735+0500] {dagbag.py:545} INFO - Filling up the DagBag from /Users/symbat/airflow_local/.venv/lib/python3.11/site-packages/airflow/example_dags/example_xcom.py
[2025-12-06T04:12:21.766+0500] {processor.py:840} INFO - DAG(s) 'example_xcom' retrieved from /Users/symbat/airflow_local/.venv/lib/python3.11/site-packages/airflow/example_dags/example_xcom.py
[2025-12-06T04:12:21.830+0500] {logging_mixin.py:188} INFO - [2025-12-06T04:12:21.830+0500] {dag.py:3089} INFO - Sync 1 DAGs
[2025-12-06T04:12:21.843+0500] {logging_mixin.py:188} INFO - [2025-12-06T04:12:21.843+0500] {dag.py:3947} INFO - Setting next_dagrun for example_xcom to 2021-01-01 00:00:00+00:00, run_after=2021-01-01 00:00:00+00:00
[2025-12-06T04:12:21.859+0500] {processor.py:183} INFO - Processing /Users/symbat/airflow_local/.venv/lib/python3.11/site-packages/airflow/example_dags/example_xcom.py took 0.132 seconds
[2025-12-06T04:14:03.718+0500] {processor.py:161} INFO - Started process (PID=82074) to work on /Users/symbat/airflow_local/.venv/lib/python3.11/site-packages/airflow/example_dags/example_xcom.py
[2025-12-06T04:14:03.721+0500] {processor.py:830} INFO - Processing file /Users/symbat/airflow_local/.venv/lib/python3.11/site-packages/airflow/example_dags/example_xcom.py for tasks to queue
[2025-12-06T04:14:03.721+0500] {logging_mixin.py:188} INFO - [2025-12-06T04:14:03.721+0500] {dagbag.py:545} INFO - Filling up the DagBag from /Users/symbat/airflow_local/.venv/lib/python3.11/site-packages/airflow/example_dags/example_xcom.py
[2025-12-06T04:14:03.743+0500] {processor.py:840} INFO - DAG(s) 'example_xcom' retrieved from /Users/symbat/airflow_local/.venv/lib/python3.11/site-packages/airflow/example_dags/example_xcom.py
[2025-12-06T04:14:03.791+0500] {logging_mixin.py:188} INFO - [2025-12-06T04:14:03.791+0500] {dag.py:3089} INFO - Sync 1 DAGs
[2025-12-06T04:14:03.800+0500] {logging_mixin.py:188} INFO - [2025-12-06T04:14:03.799+0500] {dag.py:3947} INFO - Setting next_dagrun for example_xcom to 2021-01-01 00:00:00+00:00, run_after=2021-01-01 00:00:00+00:00
[2025-12-06T04:14:03.810+0500] {processor.py:183} INFO - Processing /Users/symbat/airflow_local/.venv/lib/python3.11/site-packages/airflow/example_dags/example_xcom.py took 0.094 seconds
[2025-12-06T04:15:42.557+0500] {processor.py:161} INFO - Started process (PID=82210) to work on /Users/symbat/airflow_local/.venv/lib/python3.11/site-packages/airflow/example_dags/example_xcom.py
[2025-12-06T04:15:42.558+0500] {processor.py:830} INFO - Processing file /Users/symbat/airflow_local/.venv/lib/python3.11/site-packages/airflow/example_dags/example_xcom.py for tasks to queue
[2025-12-06T04:15:42.558+0500] {logging_mixin.py:188} INFO - [2025-12-06T04:15:42.558+0500] {dagbag.py:545} INFO - Filling up the DagBag from /Users/symbat/airflow_local/.venv/lib/python3.11/site-packages/airflow/example_dags/example_xcom.py
[2025-12-06T04:15:42.577+0500] {processor.py:840} INFO - DAG(s) 'example_xcom' retrieved from /Users/symbat/airflow_local/.venv/lib/python3.11/site-packages/airflow/example_dags/example_xcom.py
[2025-12-06T04:15:42.627+0500] {logging_mixin.py:188} INFO - [2025-12-06T04:15:42.627+0500] {dag.py:3089} INFO - Sync 1 DAGs
[2025-12-06T04:15:42.636+0500] {logging_mixin.py:188} INFO - [2025-12-06T04:15:42.635+0500] {dag.py:3947} INFO - Setting next_dagrun for example_xcom to 2021-01-01 00:00:00+00:00, run_after=2021-01-01 00:00:00+00:00
[2025-12-06T04:15:42.647+0500] {processor.py:183} INFO - Processing /Users/symbat/airflow_local/.venv/lib/python3.11/site-packages/airflow/example_dags/example_xcom.py took 0.091 seconds
[2025-12-06T04:17:16.448+0500] {processor.py:161} INFO - Started process (PID=82318) to work on /Users/symbat/airflow_local/.venv/lib/python3.11/site-packages/airflow/example_dags/example_xcom.py
[2025-12-06T04:17:16.449+0500] {processor.py:830} INFO - Processing file /Users/symbat/airflow_local/.venv/lib/python3.11/site-packages/airflow/example_dags/example_xcom.py for tasks to queue
[2025-12-06T04:17:16.450+0500] {logging_mixin.py:188} INFO - [2025-12-06T04:17:16.450+0500] {dagbag.py:545} INFO - Filling up the DagBag from /Users/symbat/airflow_local/.venv/lib/python3.11/site-packages/airflow/example_dags/example_xcom.py
[2025-12-06T04:17:16.475+0500] {processor.py:840} INFO - DAG(s) 'example_xcom' retrieved from /Users/symbat/airflow_local/.venv/lib/python3.11/site-packages/airflow/example_dags/example_xcom.py
[2025-12-06T04:17:16.525+0500] {logging_mixin.py:188} INFO - [2025-12-06T04:17:16.525+0500] {dag.py:3089} INFO - Sync 1 DAGs
[2025-12-06T04:17:16.534+0500] {logging_mixin.py:188} INFO - [2025-12-06T04:17:16.534+0500] {dag.py:3947} INFO - Setting next_dagrun for example_xcom to 2021-01-01 00:00:00+00:00, run_after=2021-01-01 00:00:00+00:00
[2025-12-06T04:17:16.547+0500] {processor.py:183} INFO - Processing /Users/symbat/airflow_local/.venv/lib/python3.11/site-packages/airflow/example_dags/example_xcom.py took 0.101 seconds
[2025-12-06T04:18:52.800+0500] {processor.py:161} INFO - Started process (PID=82423) to work on /Users/symbat/airflow_local/.venv/lib/python3.11/site-packages/airflow/example_dags/example_xcom.py
[2025-12-06T04:18:52.801+0500] {processor.py:830} INFO - Processing file /Users/symbat/airflow_local/.venv/lib/python3.11/site-packages/airflow/example_dags/example_xcom.py for tasks to queue
[2025-12-06T04:18:52.802+0500] {logging_mixin.py:188} INFO - [2025-12-06T04:18:52.802+0500] {dagbag.py:545} INFO - Filling up the DagBag from /Users/symbat/airflow_local/.venv/lib/python3.11/site-packages/airflow/example_dags/example_xcom.py
[2025-12-06T04:18:52.839+0500] {processor.py:840} INFO - DAG(s) 'example_xcom' retrieved from /Users/symbat/airflow_local/.venv/lib/python3.11/site-packages/airflow/example_dags/example_xcom.py
[2025-12-06T04:18:52.959+0500] {logging_mixin.py:188} INFO - [2025-12-06T04:18:52.959+0500] {dag.py:3089} INFO - Sync 1 DAGs
[2025-12-06T04:18:52.974+0500] {logging_mixin.py:188} INFO - [2025-12-06T04:18:52.973+0500] {dag.py:3947} INFO - Setting next_dagrun for example_xcom to 2021-01-01 00:00:00+00:00, run_after=2021-01-01 00:00:00+00:00
[2025-12-06T04:18:52.993+0500] {processor.py:183} INFO - Processing /Users/symbat/airflow_local/.venv/lib/python3.11/site-packages/airflow/example_dags/example_xcom.py took 0.197 seconds
[2025-12-06T04:20:24.143+0500] {processor.py:161} INFO - Started process (PID=82511) to work on /Users/symbat/airflow_local/.venv/lib/python3.11/site-packages/airflow/example_dags/example_xcom.py
[2025-12-06T04:20:24.144+0500] {processor.py:830} INFO - Processing file /Users/symbat/airflow_local/.venv/lib/python3.11/site-packages/airflow/example_dags/example_xcom.py for tasks to queue
[2025-12-06T04:20:24.144+0500] {logging_mixin.py:188} INFO - [2025-12-06T04:20:24.144+0500] {dagbag.py:545} INFO - Filling up the DagBag from /Users/symbat/airflow_local/.venv/lib/python3.11/site-packages/airflow/example_dags/example_xcom.py
[2025-12-06T04:20:24.163+0500] {processor.py:840} INFO - DAG(s) 'example_xcom' retrieved from /Users/symbat/airflow_local/.venv/lib/python3.11/site-packages/airflow/example_dags/example_xcom.py
[2025-12-06T04:20:24.208+0500] {logging_mixin.py:188} INFO - [2025-12-06T04:20:24.208+0500] {dag.py:3089} INFO - Sync 1 DAGs
[2025-12-06T04:20:24.215+0500] {logging_mixin.py:188} INFO - [2025-12-06T04:20:24.215+0500] {dag.py:3947} INFO - Setting next_dagrun for example_xcom to 2021-01-01 00:00:00+00:00, run_after=2021-01-01 00:00:00+00:00
[2025-12-06T04:20:24.226+0500] {processor.py:183} INFO - Processing /Users/symbat/airflow_local/.venv/lib/python3.11/site-packages/airflow/example_dags/example_xcom.py took 0.085 seconds
[2025-12-06T04:21:51.647+0500] {processor.py:161} INFO - Started process (PID=82612) to work on /Users/symbat/airflow_local/.venv/lib/python3.11/site-packages/airflow/example_dags/example_xcom.py
[2025-12-06T04:21:51.648+0500] {processor.py:830} INFO - Processing file /Users/symbat/airflow_local/.venv/lib/python3.11/site-packages/airflow/example_dags/example_xcom.py for tasks to queue
[2025-12-06T04:21:51.648+0500] {logging_mixin.py:188} INFO - [2025-12-06T04:21:51.648+0500] {dagbag.py:545} INFO - Filling up the DagBag from /Users/symbat/airflow_local/.venv/lib/python3.11/site-packages/airflow/example_dags/example_xcom.py
[2025-12-06T04:21:51.670+0500] {processor.py:840} INFO - DAG(s) 'example_xcom' retrieved from /Users/symbat/airflow_local/.venv/lib/python3.11/site-packages/airflow/example_dags/example_xcom.py
[2025-12-06T04:21:51.722+0500] {logging_mixin.py:188} INFO - [2025-12-06T04:21:51.722+0500] {dag.py:3089} INFO - Sync 1 DAGs
[2025-12-06T04:21:51.730+0500] {logging_mixin.py:188} INFO - [2025-12-06T04:21:51.730+0500] {dag.py:3947} INFO - Setting next_dagrun for example_xcom to 2021-01-01 00:00:00+00:00, run_after=2021-01-01 00:00:00+00:00
[2025-12-06T04:21:51.741+0500] {processor.py:183} INFO - Processing /Users/symbat/airflow_local/.venv/lib/python3.11/site-packages/airflow/example_dags/example_xcom.py took 0.096 seconds
[2025-12-06T04:23:13.373+0500] {processor.py:161} INFO - Started process (PID=82716) to work on /Users/symbat/airflow_local/.venv/lib/python3.11/site-packages/airflow/example_dags/example_xcom.py
[2025-12-06T04:23:13.375+0500] {processor.py:830} INFO - Processing file /Users/symbat/airflow_local/.venv/lib/python3.11/site-packages/airflow/example_dags/example_xcom.py for tasks to queue
[2025-12-06T04:23:13.375+0500] {logging_mixin.py:188} INFO - [2025-12-06T04:23:13.375+0500] {dagbag.py:545} INFO - Filling up the DagBag from /Users/symbat/airflow_local/.venv/lib/python3.11/site-packages/airflow/example_dags/example_xcom.py
[2025-12-06T04:23:13.393+0500] {processor.py:840} INFO - DAG(s) 'example_xcom' retrieved from /Users/symbat/airflow_local/.venv/lib/python3.11/site-packages/airflow/example_dags/example_xcom.py
[2025-12-06T04:23:13.438+0500] {logging_mixin.py:188} INFO - [2025-12-06T04:23:13.438+0500] {dag.py:3089} INFO - Sync 1 DAGs
[2025-12-06T04:23:13.445+0500] {logging_mixin.py:188} INFO - [2025-12-06T04:23:13.445+0500] {dag.py:3947} INFO - Setting next_dagrun for example_xcom to 2021-01-01 00:00:00+00:00, run_after=2021-01-01 00:00:00+00:00
[2025-12-06T04:23:13.454+0500] {processor.py:183} INFO - Processing /Users/symbat/airflow_local/.venv/lib/python3.11/site-packages/airflow/example_dags/example_xcom.py took 0.083 seconds
[2025-12-06T04:24:44.051+0500] {processor.py:161} INFO - Started process (PID=82811) to work on /Users/symbat/airflow_local/.venv/lib/python3.11/site-packages/airflow/example_dags/example_xcom.py
[2025-12-06T04:24:44.051+0500] {processor.py:830} INFO - Processing file /Users/symbat/airflow_local/.venv/lib/python3.11/site-packages/airflow/example_dags/example_xcom.py for tasks to queue
[2025-12-06T04:24:44.052+0500] {logging_mixin.py:188} INFO - [2025-12-06T04:24:44.052+0500] {dagbag.py:545} INFO - Filling up the DagBag from /Users/symbat/airflow_local/.venv/lib/python3.11/site-packages/airflow/example_dags/example_xcom.py
[2025-12-06T04:24:44.075+0500] {processor.py:840} INFO - DAG(s) 'example_xcom' retrieved from /Users/symbat/airflow_local/.venv/lib/python3.11/site-packages/airflow/example_dags/example_xcom.py
[2025-12-06T04:24:44.136+0500] {logging_mixin.py:188} INFO - [2025-12-06T04:24:44.135+0500] {dag.py:3089} INFO - Sync 1 DAGs
[2025-12-06T04:24:44.143+0500] {logging_mixin.py:188} INFO - [2025-12-06T04:24:44.143+0500] {dag.py:3947} INFO - Setting next_dagrun for example_xcom to 2021-01-01 00:00:00+00:00, run_after=2021-01-01 00:00:00+00:00
[2025-12-06T04:24:44.154+0500] {processor.py:183} INFO - Processing /Users/symbat/airflow_local/.venv/lib/python3.11/site-packages/airflow/example_dags/example_xcom.py took 0.106 seconds
[2025-12-06T04:26:26.518+0500] {processor.py:161} INFO - Started process (PID=83204) to work on /Users/symbat/airflow_local/.venv/lib/python3.11/site-packages/airflow/example_dags/example_xcom.py
[2025-12-06T04:26:26.518+0500] {processor.py:830} INFO - Processing file /Users/symbat/airflow_local/.venv/lib/python3.11/site-packages/airflow/example_dags/example_xcom.py for tasks to queue
[2025-12-06T04:26:26.519+0500] {logging_mixin.py:188} INFO - [2025-12-06T04:26:26.519+0500] {dagbag.py:545} INFO - Filling up the DagBag from /Users/symbat/airflow_local/.venv/lib/python3.11/site-packages/airflow/example_dags/example_xcom.py
[2025-12-06T04:26:26.537+0500] {processor.py:840} INFO - DAG(s) 'example_xcom' retrieved from /Users/symbat/airflow_local/.venv/lib/python3.11/site-packages/airflow/example_dags/example_xcom.py
[2025-12-06T04:26:26.590+0500] {logging_mixin.py:188} INFO - [2025-12-06T04:26:26.590+0500] {dag.py:3089} INFO - Sync 1 DAGs
[2025-12-06T04:26:26.599+0500] {logging_mixin.py:188} INFO - [2025-12-06T04:26:26.599+0500] {dag.py:3947} INFO - Setting next_dagrun for example_xcom to 2021-01-01 00:00:00+00:00, run_after=2021-01-01 00:00:00+00:00
[2025-12-06T04:26:26.609+0500] {processor.py:183} INFO - Processing /Users/symbat/airflow_local/.venv/lib/python3.11/site-packages/airflow/example_dags/example_xcom.py took 0.095 seconds
[2025-12-06T04:28:06.199+0500] {processor.py:161} INFO - Started process (PID=83563) to work on /Users/symbat/airflow_local/.venv/lib/python3.11/site-packages/airflow/example_dags/example_xcom.py
[2025-12-06T04:28:06.199+0500] {processor.py:830} INFO - Processing file /Users/symbat/airflow_local/.venv/lib/python3.11/site-packages/airflow/example_dags/example_xcom.py for tasks to queue
[2025-12-06T04:28:06.200+0500] {logging_mixin.py:188} INFO - [2025-12-06T04:28:06.200+0500] {dagbag.py:545} INFO - Filling up the DagBag from /Users/symbat/airflow_local/.venv/lib/python3.11/site-packages/airflow/example_dags/example_xcom.py
[2025-12-06T04:28:06.216+0500] {processor.py:840} INFO - DAG(s) 'example_xcom' retrieved from /Users/symbat/airflow_local/.venv/lib/python3.11/site-packages/airflow/example_dags/example_xcom.py
[2025-12-06T04:28:06.257+0500] {logging_mixin.py:188} INFO - [2025-12-06T04:28:06.257+0500] {dag.py:3089} INFO - Sync 1 DAGs
[2025-12-06T04:28:06.264+0500] {logging_mixin.py:188} INFO - [2025-12-06T04:28:06.264+0500] {dag.py:3947} INFO - Setting next_dagrun for example_xcom to 2021-01-01 00:00:00+00:00, run_after=2021-01-01 00:00:00+00:00
[2025-12-06T04:28:06.273+0500] {processor.py:183} INFO - Processing /Users/symbat/airflow_local/.venv/lib/python3.11/site-packages/airflow/example_dags/example_xcom.py took 0.077 seconds
[2025-12-06T04:29:55.448+0500] {processor.py:161} INFO - Started process (PID=83759) to work on /Users/symbat/airflow_local/.venv/lib/python3.11/site-packages/airflow/example_dags/example_xcom.py
[2025-12-06T04:29:55.448+0500] {processor.py:830} INFO - Processing file /Users/symbat/airflow_local/.venv/lib/python3.11/site-packages/airflow/example_dags/example_xcom.py for tasks to queue
[2025-12-06T04:29:55.449+0500] {logging_mixin.py:188} INFO - [2025-12-06T04:29:55.449+0500] {dagbag.py:545} INFO - Filling up the DagBag from /Users/symbat/airflow_local/.venv/lib/python3.11/site-packages/airflow/example_dags/example_xcom.py
[2025-12-06T04:29:55.467+0500] {processor.py:840} INFO - DAG(s) 'example_xcom' retrieved from /Users/symbat/airflow_local/.venv/lib/python3.11/site-packages/airflow/example_dags/example_xcom.py
[2025-12-06T04:29:55.513+0500] {logging_mixin.py:188} INFO - [2025-12-06T04:29:55.513+0500] {dag.py:3089} INFO - Sync 1 DAGs
[2025-12-06T04:29:55.521+0500] {logging_mixin.py:188} INFO - [2025-12-06T04:29:55.520+0500] {dag.py:3947} INFO - Setting next_dagrun for example_xcom to 2021-01-01 00:00:00+00:00, run_after=2021-01-01 00:00:00+00:00
[2025-12-06T04:29:55.531+0500] {processor.py:183} INFO - Processing /Users/symbat/airflow_local/.venv/lib/python3.11/site-packages/airflow/example_dags/example_xcom.py took 0.085 seconds
[2025-12-06T04:31:50.173+0500] {processor.py:161} INFO - Started process (PID=83926) to work on /Users/symbat/airflow_local/.venv/lib/python3.11/site-packages/airflow/example_dags/example_xcom.py
[2025-12-06T04:31:50.173+0500] {processor.py:830} INFO - Processing file /Users/symbat/airflow_local/.venv/lib/python3.11/site-packages/airflow/example_dags/example_xcom.py for tasks to queue
[2025-12-06T04:31:50.174+0500] {logging_mixin.py:188} INFO - [2025-12-06T04:31:50.174+0500] {dagbag.py:545} INFO - Filling up the DagBag from /Users/symbat/airflow_local/.venv/lib/python3.11/site-packages/airflow/example_dags/example_xcom.py
[2025-12-06T04:31:50.197+0500] {processor.py:840} INFO - DAG(s) 'example_xcom' retrieved from /Users/symbat/airflow_local/.venv/lib/python3.11/site-packages/airflow/example_dags/example_xcom.py
[2025-12-06T04:31:50.244+0500] {logging_mixin.py:188} INFO - [2025-12-06T04:31:50.244+0500] {dag.py:3089} INFO - Sync 1 DAGs
[2025-12-06T04:31:50.251+0500] {logging_mixin.py:188} INFO - [2025-12-06T04:31:50.251+0500] {dag.py:3947} INFO - Setting next_dagrun for example_xcom to 2021-01-01 00:00:00+00:00, run_after=2021-01-01 00:00:00+00:00
[2025-12-06T04:31:50.262+0500] {processor.py:183} INFO - Processing /Users/symbat/airflow_local/.venv/lib/python3.11/site-packages/airflow/example_dags/example_xcom.py took 0.091 seconds
[2025-12-06T04:33:41.972+0500] {processor.py:161} INFO - Started process (PID=84138) to work on /Users/symbat/airflow_local/.venv/lib/python3.11/site-packages/airflow/example_dags/example_xcom.py
[2025-12-06T04:33:41.973+0500] {processor.py:830} INFO - Processing file /Users/symbat/airflow_local/.venv/lib/python3.11/site-packages/airflow/example_dags/example_xcom.py for tasks to queue
[2025-12-06T04:33:41.973+0500] {logging_mixin.py:188} INFO - [2025-12-06T04:33:41.973+0500] {dagbag.py:545} INFO - Filling up the DagBag from /Users/symbat/airflow_local/.venv/lib/python3.11/site-packages/airflow/example_dags/example_xcom.py
[2025-12-06T04:33:41.990+0500] {processor.py:840} INFO - DAG(s) 'example_xcom' retrieved from /Users/symbat/airflow_local/.venv/lib/python3.11/site-packages/airflow/example_dags/example_xcom.py
[2025-12-06T04:33:42.031+0500] {logging_mixin.py:188} INFO - [2025-12-06T04:33:42.031+0500] {dag.py:3089} INFO - Sync 1 DAGs
[2025-12-06T04:33:42.038+0500] {logging_mixin.py:188} INFO - [2025-12-06T04:33:42.038+0500] {dag.py:3947} INFO - Setting next_dagrun for example_xcom to 2021-01-01 00:00:00+00:00, run_after=2021-01-01 00:00:00+00:00
[2025-12-06T04:33:42.048+0500] {processor.py:183} INFO - Processing /Users/symbat/airflow_local/.venv/lib/python3.11/site-packages/airflow/example_dags/example_xcom.py took 0.078 seconds
[2025-12-06T04:35:37.216+0500] {processor.py:161} INFO - Started process (PID=84311) to work on /Users/symbat/airflow_local/.venv/lib/python3.11/site-packages/airflow/example_dags/example_xcom.py
[2025-12-06T04:35:37.217+0500] {processor.py:830} INFO - Processing file /Users/symbat/airflow_local/.venv/lib/python3.11/site-packages/airflow/example_dags/example_xcom.py for tasks to queue
[2025-12-06T04:35:37.218+0500] {logging_mixin.py:188} INFO - [2025-12-06T04:35:37.218+0500] {dagbag.py:545} INFO - Filling up the DagBag from /Users/symbat/airflow_local/.venv/lib/python3.11/site-packages/airflow/example_dags/example_xcom.py
[2025-12-06T04:35:37.236+0500] {processor.py:840} INFO - DAG(s) 'example_xcom' retrieved from /Users/symbat/airflow_local/.venv/lib/python3.11/site-packages/airflow/example_dags/example_xcom.py
[2025-12-06T04:35:37.293+0500] {logging_mixin.py:188} INFO - [2025-12-06T04:35:37.292+0500] {dag.py:3089} INFO - Sync 1 DAGs
[2025-12-06T04:35:37.300+0500] {logging_mixin.py:188} INFO - [2025-12-06T04:35:37.300+0500] {dag.py:3947} INFO - Setting next_dagrun for example_xcom to 2021-01-01 00:00:00+00:00, run_after=2021-01-01 00:00:00+00:00
[2025-12-06T04:35:37.310+0500] {processor.py:183} INFO - Processing /Users/symbat/airflow_local/.venv/lib/python3.11/site-packages/airflow/example_dags/example_xcom.py took 0.096 seconds
[2025-12-06T04:37:42.608+0500] {processor.py:161} INFO - Started process (PID=84486) to work on /Users/symbat/airflow_local/.venv/lib/python3.11/site-packages/airflow/example_dags/example_xcom.py
[2025-12-06T04:37:42.608+0500] {processor.py:830} INFO - Processing file /Users/symbat/airflow_local/.venv/lib/python3.11/site-packages/airflow/example_dags/example_xcom.py for tasks to queue
[2025-12-06T04:37:42.609+0500] {logging_mixin.py:188} INFO - [2025-12-06T04:37:42.609+0500] {dagbag.py:545} INFO - Filling up the DagBag from /Users/symbat/airflow_local/.venv/lib/python3.11/site-packages/airflow/example_dags/example_xcom.py
[2025-12-06T04:37:42.626+0500] {processor.py:840} INFO - DAG(s) 'example_xcom' retrieved from /Users/symbat/airflow_local/.venv/lib/python3.11/site-packages/airflow/example_dags/example_xcom.py
[2025-12-06T04:37:42.670+0500] {logging_mixin.py:188} INFO - [2025-12-06T04:37:42.670+0500] {dag.py:3089} INFO - Sync 1 DAGs
[2025-12-06T04:37:42.677+0500] {logging_mixin.py:188} INFO - [2025-12-06T04:37:42.677+0500] {dag.py:3947} INFO - Setting next_dagrun for example_xcom to 2021-01-01 00:00:00+00:00, run_after=2021-01-01 00:00:00+00:00
[2025-12-06T04:37:42.687+0500] {processor.py:183} INFO - Processing /Users/symbat/airflow_local/.venv/lib/python3.11/site-packages/airflow/example_dags/example_xcom.py took 0.081 seconds
