[2025-12-06T03:56:34.786+0500] {processor.py:161} INFO - Started process (PID=79605) to work on /Users/symbat/airflow_local/.venv/lib/python3.11/site-packages/airflow/example_dags/example_datasets.py
[2025-12-06T03:56:34.786+0500] {processor.py:830} INFO - Processing file /Users/symbat/airflow_local/.venv/lib/python3.11/site-packages/airflow/example_dags/example_datasets.py for tasks to queue
[2025-12-06T03:56:34.787+0500] {logging_mixin.py:188} INFO - [2025-12-06T03:56:34.786+0500] {dagbag.py:545} INFO - Filling up the DagBag from /Users/symbat/airflow_local/.venv/lib/python3.11/site-packages/airflow/example_dags/example_datasets.py
[2025-12-06T03:56:34.822+0500] {processor.py:840} INFO - DAG(s) 'dataset_consumes_1', 'dataset_consumes_1_and_2', 'conditional_dataset_and_time_based_timetable', 'dataset_consumes_unknown_never_scheduled', 'dataset_produces_2', 'consume_1_or_both_2_and_3_with_dataset_expressions', 'consume_1_and_2_with_dataset_expressions', 'dataset_produces_1', 'consume_1_or_2_with_dataset_expressions', 'dataset_consumes_1_never_scheduled' retrieved from /Users/symbat/airflow_local/.venv/lib/python3.11/site-packages/airflow/example_dags/example_datasets.py
[2025-12-06T03:56:34.906+0500] {logging_mixin.py:188} INFO - [2025-12-06T03:56:34.906+0500] {override.py:1930} INFO - Created Permission View: can edit on DAG:dataset_consumes_1
[2025-12-06T03:56:34.910+0500] {logging_mixin.py:188} INFO - [2025-12-06T03:56:34.910+0500] {override.py:1930} INFO - Created Permission View: can delete on DAG:dataset_consumes_1
[2025-12-06T03:56:34.913+0500] {logging_mixin.py:188} INFO - [2025-12-06T03:56:34.913+0500] {override.py:1930} INFO - Created Permission View: can read on DAG:dataset_consumes_1
[2025-12-06T03:56:34.918+0500] {logging_mixin.py:188} INFO - [2025-12-06T03:56:34.918+0500] {override.py:1930} INFO - Created Permission View: can edit on DAG:dataset_consumes_1_and_2
[2025-12-06T03:56:34.920+0500] {logging_mixin.py:188} INFO - [2025-12-06T03:56:34.920+0500] {override.py:1930} INFO - Created Permission View: can delete on DAG:dataset_consumes_1_and_2
[2025-12-06T03:56:34.923+0500] {logging_mixin.py:188} INFO - [2025-12-06T03:56:34.923+0500] {override.py:1930} INFO - Created Permission View: can read on DAG:dataset_consumes_1_and_2
[2025-12-06T03:56:34.928+0500] {logging_mixin.py:188} INFO - [2025-12-06T03:56:34.928+0500] {override.py:1930} INFO - Created Permission View: can edit on DAG:conditional_dataset_and_time_based_timetable
[2025-12-06T03:56:34.930+0500] {logging_mixin.py:188} INFO - [2025-12-06T03:56:34.930+0500] {override.py:1930} INFO - Created Permission View: can delete on DAG:conditional_dataset_and_time_based_timetable
[2025-12-06T03:56:34.933+0500] {logging_mixin.py:188} INFO - [2025-12-06T03:56:34.933+0500] {override.py:1930} INFO - Created Permission View: can read on DAG:conditional_dataset_and_time_based_timetable
[2025-12-06T03:56:34.938+0500] {logging_mixin.py:188} INFO - [2025-12-06T03:56:34.938+0500] {override.py:1930} INFO - Created Permission View: can edit on DAG:dataset_consumes_unknown_never_scheduled
[2025-12-06T03:56:34.940+0500] {logging_mixin.py:188} INFO - [2025-12-06T03:56:34.940+0500] {override.py:1930} INFO - Created Permission View: can delete on DAG:dataset_consumes_unknown_never_scheduled
[2025-12-06T03:56:34.945+0500] {logging_mixin.py:188} INFO - [2025-12-06T03:56:34.945+0500] {override.py:1930} INFO - Created Permission View: can read on DAG:dataset_consumes_unknown_never_scheduled
[2025-12-06T03:56:34.950+0500] {logging_mixin.py:188} INFO - [2025-12-06T03:56:34.950+0500] {override.py:1930} INFO - Created Permission View: can edit on DAG:dataset_produces_2
[2025-12-06T03:56:34.952+0500] {logging_mixin.py:188} INFO - [2025-12-06T03:56:34.952+0500] {override.py:1930} INFO - Created Permission View: can delete on DAG:dataset_produces_2
[2025-12-06T03:56:34.954+0500] {logging_mixin.py:188} INFO - [2025-12-06T03:56:34.954+0500] {override.py:1930} INFO - Created Permission View: can read on DAG:dataset_produces_2
[2025-12-06T03:56:34.960+0500] {logging_mixin.py:188} INFO - [2025-12-06T03:56:34.960+0500] {override.py:1930} INFO - Created Permission View: can edit on DAG:consume_1_or_both_2_and_3_with_dataset_expressions
[2025-12-06T03:56:34.962+0500] {logging_mixin.py:188} INFO - [2025-12-06T03:56:34.962+0500] {override.py:1930} INFO - Created Permission View: can delete on DAG:consume_1_or_both_2_and_3_with_dataset_expressions
[2025-12-06T03:56:34.965+0500] {logging_mixin.py:188} INFO - [2025-12-06T03:56:34.964+0500] {override.py:1930} INFO - Created Permission View: can read on DAG:consume_1_or_both_2_and_3_with_dataset_expressions
[2025-12-06T03:56:34.969+0500] {logging_mixin.py:188} INFO - [2025-12-06T03:56:34.969+0500] {override.py:1930} INFO - Created Permission View: can edit on DAG:consume_1_and_2_with_dataset_expressions
[2025-12-06T03:56:34.972+0500] {logging_mixin.py:188} INFO - [2025-12-06T03:56:34.972+0500] {override.py:1930} INFO - Created Permission View: can delete on DAG:consume_1_and_2_with_dataset_expressions
[2025-12-06T03:56:34.974+0500] {logging_mixin.py:188} INFO - [2025-12-06T03:56:34.974+0500] {override.py:1930} INFO - Created Permission View: can read on DAG:consume_1_and_2_with_dataset_expressions
[2025-12-06T03:56:34.979+0500] {logging_mixin.py:188} INFO - [2025-12-06T03:56:34.979+0500] {override.py:1930} INFO - Created Permission View: can edit on DAG:dataset_produces_1
[2025-12-06T03:56:34.983+0500] {logging_mixin.py:188} INFO - [2025-12-06T03:56:34.983+0500] {override.py:1930} INFO - Created Permission View: can delete on DAG:dataset_produces_1
[2025-12-06T03:56:34.987+0500] {logging_mixin.py:188} INFO - [2025-12-06T03:56:34.986+0500] {override.py:1930} INFO - Created Permission View: can read on DAG:dataset_produces_1
[2025-12-06T03:56:34.992+0500] {logging_mixin.py:188} INFO - [2025-12-06T03:56:34.992+0500] {override.py:1930} INFO - Created Permission View: can edit on DAG:consume_1_or_2_with_dataset_expressions
[2025-12-06T03:56:34.994+0500] {logging_mixin.py:188} INFO - [2025-12-06T03:56:34.994+0500] {override.py:1930} INFO - Created Permission View: can delete on DAG:consume_1_or_2_with_dataset_expressions
[2025-12-06T03:56:34.997+0500] {logging_mixin.py:188} INFO - [2025-12-06T03:56:34.997+0500] {override.py:1930} INFO - Created Permission View: can read on DAG:consume_1_or_2_with_dataset_expressions
[2025-12-06T03:56:35.002+0500] {logging_mixin.py:188} INFO - [2025-12-06T03:56:35.002+0500] {override.py:1930} INFO - Created Permission View: can edit on DAG:dataset_consumes_1_never_scheduled
[2025-12-06T03:56:35.005+0500] {logging_mixin.py:188} INFO - [2025-12-06T03:56:35.005+0500] {override.py:1930} INFO - Created Permission View: can delete on DAG:dataset_consumes_1_never_scheduled
[2025-12-06T03:56:35.008+0500] {logging_mixin.py:188} INFO - [2025-12-06T03:56:35.007+0500] {override.py:1930} INFO - Created Permission View: can read on DAG:dataset_consumes_1_never_scheduled
[2025-12-06T03:56:35.008+0500] {logging_mixin.py:188} INFO - [2025-12-06T03:56:35.008+0500] {dag.py:3089} INFO - Sync 10 DAGs
[2025-12-06T03:56:35.045+0500] {logging_mixin.py:188} INFO - [2025-12-06T03:56:35.045+0500] {dag.py:3111} INFO - Creating ORM DAG for dataset_consumes_1_never_scheduled
[2025-12-06T03:56:35.046+0500] {logging_mixin.py:188} INFO - [2025-12-06T03:56:35.045+0500] {dag.py:3111} INFO - Creating ORM DAG for consume_1_and_2_with_dataset_expressions
[2025-12-06T03:56:35.046+0500] {logging_mixin.py:188} INFO - [2025-12-06T03:56:35.046+0500] {dag.py:3111} INFO - Creating ORM DAG for consume_1_or_2_with_dataset_expressions
[2025-12-06T03:56:35.046+0500] {logging_mixin.py:188} INFO - [2025-12-06T03:56:35.046+0500] {dag.py:3111} INFO - Creating ORM DAG for conditional_dataset_and_time_based_timetable
[2025-12-06T03:56:35.046+0500] {logging_mixin.py:188} INFO - [2025-12-06T03:56:35.046+0500] {dag.py:3111} INFO - Creating ORM DAG for dataset_consumes_1
[2025-12-06T03:56:35.046+0500] {logging_mixin.py:188} INFO - [2025-12-06T03:56:35.046+0500] {dag.py:3111} INFO - Creating ORM DAG for dataset_produces_1
[2025-12-06T03:56:35.047+0500] {logging_mixin.py:188} INFO - [2025-12-06T03:56:35.047+0500] {dag.py:3111} INFO - Creating ORM DAG for consume_1_or_both_2_and_3_with_dataset_expressions
[2025-12-06T03:56:35.047+0500] {logging_mixin.py:188} INFO - [2025-12-06T03:56:35.047+0500] {dag.py:3111} INFO - Creating ORM DAG for dataset_produces_2
[2025-12-06T03:56:35.047+0500] {logging_mixin.py:188} INFO - [2025-12-06T03:56:35.047+0500] {dag.py:3111} INFO - Creating ORM DAG for dataset_consumes_unknown_never_scheduled
[2025-12-06T03:56:35.047+0500] {logging_mixin.py:188} INFO - [2025-12-06T03:56:35.047+0500] {dag.py:3111} INFO - Creating ORM DAG for dataset_consumes_1_and_2
[2025-12-06T03:56:35.051+0500] {logging_mixin.py:188} INFO - [2025-12-06T03:56:35.051+0500] {dag.py:3947} INFO - Setting next_dagrun for conditional_dataset_and_time_based_timetable to 2025-12-03 01:00:00+00:00, run_after=2025-12-03 01:00:00+00:00
[2025-12-06T03:56:35.051+0500] {logging_mixin.py:188} INFO - [2025-12-06T03:56:35.051+0500] {dag.py:3947} INFO - Setting next_dagrun for consume_1_and_2_with_dataset_expressions to None, run_after=None
[2025-12-06T03:56:35.052+0500] {logging_mixin.py:188} INFO - [2025-12-06T03:56:35.052+0500] {dag.py:3947} INFO - Setting next_dagrun for consume_1_or_2_with_dataset_expressions to None, run_after=None
[2025-12-06T03:56:35.052+0500] {logging_mixin.py:188} INFO - [2025-12-06T03:56:35.052+0500] {dag.py:3947} INFO - Setting next_dagrun for consume_1_or_both_2_and_3_with_dataset_expressions to None, run_after=None
[2025-12-06T03:56:35.052+0500] {logging_mixin.py:188} INFO - [2025-12-06T03:56:35.052+0500] {dag.py:3947} INFO - Setting next_dagrun for dataset_consumes_1 to None, run_after=None
[2025-12-06T03:56:35.052+0500] {logging_mixin.py:188} INFO - [2025-12-06T03:56:35.052+0500] {dag.py:3947} INFO - Setting next_dagrun for dataset_consumes_1_and_2 to None, run_after=None
[2025-12-06T03:56:35.052+0500] {logging_mixin.py:188} INFO - [2025-12-06T03:56:35.052+0500] {dag.py:3947} INFO - Setting next_dagrun for dataset_consumes_1_never_scheduled to None, run_after=None
[2025-12-06T03:56:35.053+0500] {logging_mixin.py:188} INFO - [2025-12-06T03:56:35.053+0500] {dag.py:3947} INFO - Setting next_dagrun for dataset_consumes_unknown_never_scheduled to None, run_after=None
[2025-12-06T03:56:35.053+0500] {logging_mixin.py:188} INFO - [2025-12-06T03:56:35.053+0500] {dag.py:3947} INFO - Setting next_dagrun for dataset_produces_1 to 2025-12-04 00:00:00+00:00, run_after=2025-12-05 00:00:00+00:00
[2025-12-06T03:56:35.054+0500] {logging_mixin.py:188} INFO - [2025-12-06T03:56:35.054+0500] {dag.py:3947} INFO - Setting next_dagrun for dataset_produces_2 to None, run_after=None
[2025-12-06T03:56:35.072+0500] {processor.py:183} INFO - Processing /Users/symbat/airflow_local/.venv/lib/python3.11/site-packages/airflow/example_dags/example_datasets.py took 0.288 seconds
[2025-12-06T03:59:35.563+0500] {processor.py:161} INFO - Started process (PID=80052) to work on /Users/symbat/airflow_local/.venv/lib/python3.11/site-packages/airflow/example_dags/example_datasets.py
[2025-12-06T03:59:35.564+0500] {processor.py:830} INFO - Processing file /Users/symbat/airflow_local/.venv/lib/python3.11/site-packages/airflow/example_dags/example_datasets.py for tasks to queue
[2025-12-06T03:59:35.564+0500] {logging_mixin.py:188} INFO - [2025-12-06T03:59:35.564+0500] {dagbag.py:545} INFO - Filling up the DagBag from /Users/symbat/airflow_local/.venv/lib/python3.11/site-packages/airflow/example_dags/example_datasets.py
[2025-12-06T03:59:35.608+0500] {processor.py:840} INFO - DAG(s) 'dataset_consumes_1_and_2', 'dataset_consumes_1', 'dataset_produces_2', 'dataset_consumes_unknown_never_scheduled', 'consume_1_and_2_with_dataset_expressions', 'dataset_consumes_1_never_scheduled', 'consume_1_or_2_with_dataset_expressions', 'consume_1_or_both_2_and_3_with_dataset_expressions', 'dataset_produces_1', 'conditional_dataset_and_time_based_timetable' retrieved from /Users/symbat/airflow_local/.venv/lib/python3.11/site-packages/airflow/example_dags/example_datasets.py
[2025-12-06T03:59:35.671+0500] {logging_mixin.py:188} INFO - [2025-12-06T03:59:35.671+0500] {dag.py:3089} INFO - Sync 10 DAGs
[2025-12-06T03:59:35.681+0500] {logging_mixin.py:188} INFO - [2025-12-06T03:59:35.681+0500] {dag.py:3947} INFO - Setting next_dagrun for conditional_dataset_and_time_based_timetable to 2025-12-03 01:00:00+00:00, run_after=2025-12-03 01:00:00+00:00
[2025-12-06T03:59:35.683+0500] {logging_mixin.py:188} INFO - [2025-12-06T03:59:35.683+0500] {dag.py:3947} INFO - Setting next_dagrun for consume_1_and_2_with_dataset_expressions to None, run_after=None
[2025-12-06T03:59:35.683+0500] {logging_mixin.py:188} INFO - [2025-12-06T03:59:35.683+0500] {dag.py:3947} INFO - Setting next_dagrun for consume_1_or_2_with_dataset_expressions to None, run_after=None
[2025-12-06T03:59:35.684+0500] {logging_mixin.py:188} INFO - [2025-12-06T03:59:35.683+0500] {dag.py:3947} INFO - Setting next_dagrun for consume_1_or_both_2_and_3_with_dataset_expressions to None, run_after=None
[2025-12-06T03:59:35.684+0500] {logging_mixin.py:188} INFO - [2025-12-06T03:59:35.684+0500] {dag.py:3947} INFO - Setting next_dagrun for dataset_consumes_1 to None, run_after=None
[2025-12-06T03:59:35.684+0500] {logging_mixin.py:188} INFO - [2025-12-06T03:59:35.684+0500] {dag.py:3947} INFO - Setting next_dagrun for dataset_consumes_1_and_2 to None, run_after=None
[2025-12-06T03:59:35.685+0500] {logging_mixin.py:188} INFO - [2025-12-06T03:59:35.685+0500] {dag.py:3947} INFO - Setting next_dagrun for dataset_consumes_1_never_scheduled to None, run_after=None
[2025-12-06T03:59:35.685+0500] {logging_mixin.py:188} INFO - [2025-12-06T03:59:35.685+0500] {dag.py:3947} INFO - Setting next_dagrun for dataset_consumes_unknown_never_scheduled to None, run_after=None
[2025-12-06T03:59:35.686+0500] {logging_mixin.py:188} INFO - [2025-12-06T03:59:35.686+0500] {dag.py:3947} INFO - Setting next_dagrun for dataset_produces_1 to 2025-12-04 00:00:00+00:00, run_after=2025-12-05 00:00:00+00:00
[2025-12-06T03:59:35.686+0500] {logging_mixin.py:188} INFO - [2025-12-06T03:59:35.686+0500] {dag.py:3947} INFO - Setting next_dagrun for dataset_produces_2 to None, run_after=None
[2025-12-06T03:59:35.701+0500] {processor.py:183} INFO - Processing /Users/symbat/airflow_local/.venv/lib/python3.11/site-packages/airflow/example_dags/example_datasets.py took 0.141 seconds
[2025-12-06T04:02:52.453+0500] {processor.py:161} INFO - Started process (PID=80856) to work on /Users/symbat/airflow_local/.venv/lib/python3.11/site-packages/airflow/example_dags/example_datasets.py
[2025-12-06T04:02:52.454+0500] {processor.py:830} INFO - Processing file /Users/symbat/airflow_local/.venv/lib/python3.11/site-packages/airflow/example_dags/example_datasets.py for tasks to queue
[2025-12-06T04:02:52.455+0500] {logging_mixin.py:188} INFO - [2025-12-06T04:02:52.455+0500] {dagbag.py:545} INFO - Filling up the DagBag from /Users/symbat/airflow_local/.venv/lib/python3.11/site-packages/airflow/example_dags/example_datasets.py
[2025-12-06T04:02:52.493+0500] {processor.py:840} INFO - DAG(s) 'consume_1_and_2_with_dataset_expressions', 'dataset_produces_1', 'consume_1_or_2_with_dataset_expressions', 'conditional_dataset_and_time_based_timetable', 'dataset_consumes_1', 'consume_1_or_both_2_and_3_with_dataset_expressions', 'dataset_consumes_1_and_2', 'dataset_produces_2', 'dataset_consumes_unknown_never_scheduled', 'dataset_consumes_1_never_scheduled' retrieved from /Users/symbat/airflow_local/.venv/lib/python3.11/site-packages/airflow/example_dags/example_datasets.py
[2025-12-06T04:02:52.589+0500] {logging_mixin.py:188} INFO - [2025-12-06T04:02:52.589+0500] {dag.py:3089} INFO - Sync 10 DAGs
[2025-12-06T04:02:52.600+0500] {logging_mixin.py:188} INFO - [2025-12-06T04:02:52.600+0500] {dag.py:3947} INFO - Setting next_dagrun for conditional_dataset_and_time_based_timetable to 2025-12-03 01:00:00+00:00, run_after=2025-12-03 01:00:00+00:00
[2025-12-06T04:02:52.602+0500] {logging_mixin.py:188} INFO - [2025-12-06T04:02:52.602+0500] {dag.py:3947} INFO - Setting next_dagrun for consume_1_and_2_with_dataset_expressions to None, run_after=None
[2025-12-06T04:02:52.602+0500] {logging_mixin.py:188} INFO - [2025-12-06T04:02:52.602+0500] {dag.py:3947} INFO - Setting next_dagrun for consume_1_or_2_with_dataset_expressions to None, run_after=None
[2025-12-06T04:02:52.603+0500] {logging_mixin.py:188} INFO - [2025-12-06T04:02:52.603+0500] {dag.py:3947} INFO - Setting next_dagrun for consume_1_or_both_2_and_3_with_dataset_expressions to None, run_after=None
[2025-12-06T04:02:52.603+0500] {logging_mixin.py:188} INFO - [2025-12-06T04:02:52.603+0500] {dag.py:3947} INFO - Setting next_dagrun for dataset_consumes_1 to None, run_after=None
[2025-12-06T04:02:52.604+0500] {logging_mixin.py:188} INFO - [2025-12-06T04:02:52.604+0500] {dag.py:3947} INFO - Setting next_dagrun for dataset_consumes_1_and_2 to None, run_after=None
[2025-12-06T04:02:52.604+0500] {logging_mixin.py:188} INFO - [2025-12-06T04:02:52.604+0500] {dag.py:3947} INFO - Setting next_dagrun for dataset_consumes_1_never_scheduled to None, run_after=None
[2025-12-06T04:02:52.605+0500] {logging_mixin.py:188} INFO - [2025-12-06T04:02:52.605+0500] {dag.py:3947} INFO - Setting next_dagrun for dataset_consumes_unknown_never_scheduled to None, run_after=None
[2025-12-06T04:02:52.606+0500] {logging_mixin.py:188} INFO - [2025-12-06T04:02:52.606+0500] {dag.py:3947} INFO - Setting next_dagrun for dataset_produces_1 to 2025-12-04 00:00:00+00:00, run_after=2025-12-05 00:00:00+00:00
[2025-12-06T04:02:52.606+0500] {logging_mixin.py:188} INFO - [2025-12-06T04:02:52.606+0500] {dag.py:3947} INFO - Setting next_dagrun for dataset_produces_2 to None, run_after=None
[2025-12-06T04:02:52.631+0500] {processor.py:183} INFO - Processing /Users/symbat/airflow_local/.venv/lib/python3.11/site-packages/airflow/example_dags/example_datasets.py took 0.183 seconds
[2025-12-06T04:06:18.863+0500] {processor.py:161} INFO - Started process (PID=81446) to work on /Users/symbat/airflow_local/.venv/lib/python3.11/site-packages/airflow/example_dags/example_datasets.py
[2025-12-06T04:06:18.864+0500] {processor.py:830} INFO - Processing file /Users/symbat/airflow_local/.venv/lib/python3.11/site-packages/airflow/example_dags/example_datasets.py for tasks to queue
[2025-12-06T04:06:18.864+0500] {logging_mixin.py:188} INFO - [2025-12-06T04:06:18.864+0500] {dagbag.py:545} INFO - Filling up the DagBag from /Users/symbat/airflow_local/.venv/lib/python3.11/site-packages/airflow/example_dags/example_datasets.py
[2025-12-06T04:06:18.903+0500] {processor.py:840} INFO - DAG(s) 'dataset_produces_1', 'dataset_consumes_1_never_scheduled', 'dataset_produces_2', 'dataset_consumes_unknown_never_scheduled', 'consume_1_and_2_with_dataset_expressions', 'dataset_consumes_1_and_2', 'consume_1_or_both_2_and_3_with_dataset_expressions', 'conditional_dataset_and_time_based_timetable', 'dataset_consumes_1', 'consume_1_or_2_with_dataset_expressions' retrieved from /Users/symbat/airflow_local/.venv/lib/python3.11/site-packages/airflow/example_dags/example_datasets.py
[2025-12-06T04:06:18.964+0500] {logging_mixin.py:188} INFO - [2025-12-06T04:06:18.964+0500] {dag.py:3089} INFO - Sync 10 DAGs
[2025-12-06T04:06:18.979+0500] {logging_mixin.py:188} INFO - [2025-12-06T04:06:18.979+0500] {dag.py:3947} INFO - Setting next_dagrun for conditional_dataset_and_time_based_timetable to 2025-12-03 01:00:00+00:00, run_after=2025-12-03 01:00:00+00:00
[2025-12-06T04:06:18.980+0500] {logging_mixin.py:188} INFO - [2025-12-06T04:06:18.980+0500] {dag.py:3947} INFO - Setting next_dagrun for consume_1_and_2_with_dataset_expressions to None, run_after=None
[2025-12-06T04:06:18.981+0500] {logging_mixin.py:188} INFO - [2025-12-06T04:06:18.981+0500] {dag.py:3947} INFO - Setting next_dagrun for consume_1_or_2_with_dataset_expressions to None, run_after=None
[2025-12-06T04:06:18.981+0500] {logging_mixin.py:188} INFO - [2025-12-06T04:06:18.981+0500] {dag.py:3947} INFO - Setting next_dagrun for consume_1_or_both_2_and_3_with_dataset_expressions to None, run_after=None
[2025-12-06T04:06:18.982+0500] {logging_mixin.py:188} INFO - [2025-12-06T04:06:18.982+0500] {dag.py:3947} INFO - Setting next_dagrun for dataset_consumes_1 to None, run_after=None
[2025-12-06T04:06:18.982+0500] {logging_mixin.py:188} INFO - [2025-12-06T04:06:18.982+0500] {dag.py:3947} INFO - Setting next_dagrun for dataset_consumes_1_and_2 to None, run_after=None
[2025-12-06T04:06:18.982+0500] {logging_mixin.py:188} INFO - [2025-12-06T04:06:18.982+0500] {dag.py:3947} INFO - Setting next_dagrun for dataset_consumes_1_never_scheduled to None, run_after=None
[2025-12-06T04:06:18.983+0500] {logging_mixin.py:188} INFO - [2025-12-06T04:06:18.983+0500] {dag.py:3947} INFO - Setting next_dagrun for dataset_consumes_unknown_never_scheduled to None, run_after=None
[2025-12-06T04:06:18.984+0500] {logging_mixin.py:188} INFO - [2025-12-06T04:06:18.984+0500] {dag.py:3947} INFO - Setting next_dagrun for dataset_produces_1 to 2025-12-04 00:00:00+00:00, run_after=2025-12-05 00:00:00+00:00
[2025-12-06T04:06:18.984+0500] {logging_mixin.py:188} INFO - [2025-12-06T04:06:18.984+0500] {dag.py:3947} INFO - Setting next_dagrun for dataset_produces_2 to None, run_after=None
[2025-12-06T04:06:19.000+0500] {processor.py:183} INFO - Processing /Users/symbat/airflow_local/.venv/lib/python3.11/site-packages/airflow/example_dags/example_datasets.py took 0.139 seconds
[2025-12-06T04:09:44.087+0500] {processor.py:161} INFO - Started process (PID=81712) to work on /Users/symbat/airflow_local/.venv/lib/python3.11/site-packages/airflow/example_dags/example_datasets.py
[2025-12-06T04:09:44.088+0500] {processor.py:830} INFO - Processing file /Users/symbat/airflow_local/.venv/lib/python3.11/site-packages/airflow/example_dags/example_datasets.py for tasks to queue
[2025-12-06T04:09:44.088+0500] {logging_mixin.py:188} INFO - [2025-12-06T04:09:44.088+0500] {dagbag.py:545} INFO - Filling up the DagBag from /Users/symbat/airflow_local/.venv/lib/python3.11/site-packages/airflow/example_dags/example_datasets.py
[2025-12-06T04:09:44.127+0500] {processor.py:840} INFO - DAG(s) 'dataset_produces_2', 'conditional_dataset_and_time_based_timetable', 'dataset_consumes_1', 'consume_1_or_both_2_and_3_with_dataset_expressions', 'consume_1_and_2_with_dataset_expressions', 'consume_1_or_2_with_dataset_expressions', 'dataset_consumes_unknown_never_scheduled', 'dataset_consumes_1_never_scheduled', 'dataset_consumes_1_and_2', 'dataset_produces_1' retrieved from /Users/symbat/airflow_local/.venv/lib/python3.11/site-packages/airflow/example_dags/example_datasets.py
[2025-12-06T04:09:44.187+0500] {logging_mixin.py:188} INFO - [2025-12-06T04:09:44.187+0500] {dag.py:3089} INFO - Sync 10 DAGs
[2025-12-06T04:09:44.197+0500] {logging_mixin.py:188} INFO - [2025-12-06T04:09:44.197+0500] {dag.py:3947} INFO - Setting next_dagrun for conditional_dataset_and_time_based_timetable to 2025-12-03 01:00:00+00:00, run_after=2025-12-03 01:00:00+00:00
[2025-12-06T04:09:44.198+0500] {logging_mixin.py:188} INFO - [2025-12-06T04:09:44.198+0500] {dag.py:3947} INFO - Setting next_dagrun for consume_1_and_2_with_dataset_expressions to None, run_after=None
[2025-12-06T04:09:44.199+0500] {logging_mixin.py:188} INFO - [2025-12-06T04:09:44.199+0500] {dag.py:3947} INFO - Setting next_dagrun for consume_1_or_2_with_dataset_expressions to None, run_after=None
[2025-12-06T04:09:44.199+0500] {logging_mixin.py:188} INFO - [2025-12-06T04:09:44.199+0500] {dag.py:3947} INFO - Setting next_dagrun for consume_1_or_both_2_and_3_with_dataset_expressions to None, run_after=None
[2025-12-06T04:09:44.200+0500] {logging_mixin.py:188} INFO - [2025-12-06T04:09:44.199+0500] {dag.py:3947} INFO - Setting next_dagrun for dataset_consumes_1 to None, run_after=None
[2025-12-06T04:09:44.200+0500] {logging_mixin.py:188} INFO - [2025-12-06T04:09:44.200+0500] {dag.py:3947} INFO - Setting next_dagrun for dataset_consumes_1_and_2 to None, run_after=None
[2025-12-06T04:09:44.200+0500] {logging_mixin.py:188} INFO - [2025-12-06T04:09:44.200+0500] {dag.py:3947} INFO - Setting next_dagrun for dataset_consumes_1_never_scheduled to None, run_after=None
[2025-12-06T04:09:44.201+0500] {logging_mixin.py:188} INFO - [2025-12-06T04:09:44.201+0500] {dag.py:3947} INFO - Setting next_dagrun for dataset_consumes_unknown_never_scheduled to None, run_after=None
[2025-12-06T04:09:44.202+0500] {logging_mixin.py:188} INFO - [2025-12-06T04:09:44.202+0500] {dag.py:3947} INFO - Setting next_dagrun for dataset_produces_1 to 2025-12-04 00:00:00+00:00, run_after=2025-12-05 00:00:00+00:00
[2025-12-06T04:09:44.202+0500] {logging_mixin.py:188} INFO - [2025-12-06T04:09:44.202+0500] {dag.py:3947} INFO - Setting next_dagrun for dataset_produces_2 to None, run_after=None
[2025-12-06T04:09:44.216+0500] {processor.py:183} INFO - Processing /Users/symbat/airflow_local/.venv/lib/python3.11/site-packages/airflow/example_dags/example_datasets.py took 0.132 seconds
[2025-12-06T04:12:59.091+0500] {processor.py:161} INFO - Started process (PID=81991) to work on /Users/symbat/airflow_local/.venv/lib/python3.11/site-packages/airflow/example_dags/example_datasets.py
[2025-12-06T04:12:59.092+0500] {processor.py:830} INFO - Processing file /Users/symbat/airflow_local/.venv/lib/python3.11/site-packages/airflow/example_dags/example_datasets.py for tasks to queue
[2025-12-06T04:12:59.093+0500] {logging_mixin.py:188} INFO - [2025-12-06T04:12:59.093+0500] {dagbag.py:545} INFO - Filling up the DagBag from /Users/symbat/airflow_local/.venv/lib/python3.11/site-packages/airflow/example_dags/example_datasets.py
[2025-12-06T04:12:59.133+0500] {processor.py:840} INFO - DAG(s) 'dataset_produces_2', 'dataset_consumes_1_never_scheduled', 'dataset_consumes_1_and_2', 'consume_1_or_2_with_dataset_expressions', 'consume_1_and_2_with_dataset_expressions', 'dataset_consumes_unknown_never_scheduled', 'conditional_dataset_and_time_based_timetable', 'dataset_consumes_1', 'dataset_produces_1', 'consume_1_or_both_2_and_3_with_dataset_expressions' retrieved from /Users/symbat/airflow_local/.venv/lib/python3.11/site-packages/airflow/example_dags/example_datasets.py
[2025-12-06T04:12:59.245+0500] {logging_mixin.py:188} INFO - [2025-12-06T04:12:59.244+0500] {dag.py:3089} INFO - Sync 10 DAGs
[2025-12-06T04:12:59.264+0500] {logging_mixin.py:188} INFO - [2025-12-06T04:12:59.264+0500] {dag.py:3947} INFO - Setting next_dagrun for conditional_dataset_and_time_based_timetable to 2025-12-03 01:00:00+00:00, run_after=2025-12-03 01:00:00+00:00
[2025-12-06T04:12:59.266+0500] {logging_mixin.py:188} INFO - [2025-12-06T04:12:59.266+0500] {dag.py:3947} INFO - Setting next_dagrun for consume_1_and_2_with_dataset_expressions to None, run_after=None
[2025-12-06T04:12:59.267+0500] {logging_mixin.py:188} INFO - [2025-12-06T04:12:59.267+0500] {dag.py:3947} INFO - Setting next_dagrun for consume_1_or_2_with_dataset_expressions to None, run_after=None
[2025-12-06T04:12:59.268+0500] {logging_mixin.py:188} INFO - [2025-12-06T04:12:59.268+0500] {dag.py:3947} INFO - Setting next_dagrun for consume_1_or_both_2_and_3_with_dataset_expressions to None, run_after=None
[2025-12-06T04:12:59.268+0500] {logging_mixin.py:188} INFO - [2025-12-06T04:12:59.268+0500] {dag.py:3947} INFO - Setting next_dagrun for dataset_consumes_1 to None, run_after=None
[2025-12-06T04:12:59.269+0500] {logging_mixin.py:188} INFO - [2025-12-06T04:12:59.269+0500] {dag.py:3947} INFO - Setting next_dagrun for dataset_consumes_1_and_2 to None, run_after=None
[2025-12-06T04:12:59.270+0500] {logging_mixin.py:188} INFO - [2025-12-06T04:12:59.270+0500] {dag.py:3947} INFO - Setting next_dagrun for dataset_consumes_1_never_scheduled to None, run_after=None
[2025-12-06T04:12:59.271+0500] {logging_mixin.py:188} INFO - [2025-12-06T04:12:59.271+0500] {dag.py:3947} INFO - Setting next_dagrun for dataset_consumes_unknown_never_scheduled to None, run_after=None
[2025-12-06T04:12:59.272+0500] {logging_mixin.py:188} INFO - [2025-12-06T04:12:59.272+0500] {dag.py:3947} INFO - Setting next_dagrun for dataset_produces_1 to 2025-12-04 00:00:00+00:00, run_after=2025-12-05 00:00:00+00:00
[2025-12-06T04:12:59.273+0500] {logging_mixin.py:188} INFO - [2025-12-06T04:12:59.273+0500] {dag.py:3947} INFO - Setting next_dagrun for dataset_produces_2 to None, run_after=None
[2025-12-06T04:12:59.288+0500] {processor.py:183} INFO - Processing /Users/symbat/airflow_local/.venv/lib/python3.11/site-packages/airflow/example_dags/example_datasets.py took 0.200 seconds
[2025-12-06T04:15:07.936+0500] {processor.py:161} INFO - Started process (PID=82158) to work on /Users/symbat/airflow_local/.venv/lib/python3.11/site-packages/airflow/example_dags/example_datasets.py
[2025-12-06T04:15:07.936+0500] {processor.py:830} INFO - Processing file /Users/symbat/airflow_local/.venv/lib/python3.11/site-packages/airflow/example_dags/example_datasets.py for tasks to queue
[2025-12-06T04:15:07.937+0500] {logging_mixin.py:188} INFO - [2025-12-06T04:15:07.937+0500] {dagbag.py:545} INFO - Filling up the DagBag from /Users/symbat/airflow_local/.venv/lib/python3.11/site-packages/airflow/example_dags/example_datasets.py
[2025-12-06T04:15:07.987+0500] {processor.py:840} INFO - DAG(s) 'dataset_consumes_1_never_scheduled', 'dataset_produces_2', 'dataset_consumes_1_and_2', 'consume_1_or_2_with_dataset_expressions', 'dataset_consumes_1', 'conditional_dataset_and_time_based_timetable', 'dataset_consumes_unknown_never_scheduled', 'consume_1_and_2_with_dataset_expressions', 'consume_1_or_both_2_and_3_with_dataset_expressions', 'dataset_produces_1' retrieved from /Users/symbat/airflow_local/.venv/lib/python3.11/site-packages/airflow/example_dags/example_datasets.py
[2025-12-06T04:15:08.067+0500] {logging_mixin.py:188} INFO - [2025-12-06T04:15:08.067+0500] {dag.py:3089} INFO - Sync 10 DAGs
[2025-12-06T04:15:08.098+0500] {logging_mixin.py:188} INFO - [2025-12-06T04:15:08.097+0500] {dag.py:3947} INFO - Setting next_dagrun for conditional_dataset_and_time_based_timetable to 2025-12-03 01:00:00+00:00, run_after=2025-12-03 01:00:00+00:00
[2025-12-06T04:15:08.100+0500] {logging_mixin.py:188} INFO - [2025-12-06T04:15:08.100+0500] {dag.py:3947} INFO - Setting next_dagrun for consume_1_and_2_with_dataset_expressions to None, run_after=None
[2025-12-06T04:15:08.101+0500] {logging_mixin.py:188} INFO - [2025-12-06T04:15:08.101+0500] {dag.py:3947} INFO - Setting next_dagrun for consume_1_or_2_with_dataset_expressions to None, run_after=None
[2025-12-06T04:15:08.102+0500] {logging_mixin.py:188} INFO - [2025-12-06T04:15:08.102+0500] {dag.py:3947} INFO - Setting next_dagrun for consume_1_or_both_2_and_3_with_dataset_expressions to None, run_after=None
[2025-12-06T04:15:08.103+0500] {logging_mixin.py:188} INFO - [2025-12-06T04:15:08.103+0500] {dag.py:3947} INFO - Setting next_dagrun for dataset_consumes_1 to None, run_after=None
[2025-12-06T04:15:08.105+0500] {logging_mixin.py:188} INFO - [2025-12-06T04:15:08.105+0500] {dag.py:3947} INFO - Setting next_dagrun for dataset_consumes_1_and_2 to None, run_after=None
[2025-12-06T04:15:08.106+0500] {logging_mixin.py:188} INFO - [2025-12-06T04:15:08.106+0500] {dag.py:3947} INFO - Setting next_dagrun for dataset_consumes_1_never_scheduled to None, run_after=None
[2025-12-06T04:15:08.108+0500] {logging_mixin.py:188} INFO - [2025-12-06T04:15:08.108+0500] {dag.py:3947} INFO - Setting next_dagrun for dataset_consumes_unknown_never_scheduled to None, run_after=None
[2025-12-06T04:15:08.111+0500] {logging_mixin.py:188} INFO - [2025-12-06T04:15:08.111+0500] {dag.py:3947} INFO - Setting next_dagrun for dataset_produces_1 to 2025-12-04 00:00:00+00:00, run_after=2025-12-05 00:00:00+00:00
[2025-12-06T04:15:08.112+0500] {logging_mixin.py:188} INFO - [2025-12-06T04:15:08.112+0500] {dag.py:3947} INFO - Setting next_dagrun for dataset_produces_2 to None, run_after=None
[2025-12-06T04:15:08.145+0500] {processor.py:183} INFO - Processing /Users/symbat/airflow_local/.venv/lib/python3.11/site-packages/airflow/example_dags/example_datasets.py took 0.212 seconds
[2025-12-06T04:18:16.473+0500] {processor.py:161} INFO - Started process (PID=82380) to work on /Users/symbat/airflow_local/.venv/lib/python3.11/site-packages/airflow/example_dags/example_datasets.py
[2025-12-06T04:18:16.475+0500] {processor.py:830} INFO - Processing file /Users/symbat/airflow_local/.venv/lib/python3.11/site-packages/airflow/example_dags/example_datasets.py for tasks to queue
[2025-12-06T04:18:16.475+0500] {logging_mixin.py:188} INFO - [2025-12-06T04:18:16.475+0500] {dagbag.py:545} INFO - Filling up the DagBag from /Users/symbat/airflow_local/.venv/lib/python3.11/site-packages/airflow/example_dags/example_datasets.py
[2025-12-06T04:18:16.522+0500] {processor.py:840} INFO - DAG(s) 'dataset_consumes_1_and_2', 'consume_1_and_2_with_dataset_expressions', 'dataset_consumes_1_never_scheduled', 'conditional_dataset_and_time_based_timetable', 'consume_1_or_2_with_dataset_expressions', 'dataset_produces_1', 'dataset_produces_2', 'dataset_consumes_1', 'consume_1_or_both_2_and_3_with_dataset_expressions', 'dataset_consumes_unknown_never_scheduled' retrieved from /Users/symbat/airflow_local/.venv/lib/python3.11/site-packages/airflow/example_dags/example_datasets.py
[2025-12-06T04:18:16.589+0500] {logging_mixin.py:188} INFO - [2025-12-06T04:18:16.589+0500] {dag.py:3089} INFO - Sync 10 DAGs
[2025-12-06T04:18:16.604+0500] {logging_mixin.py:188} INFO - [2025-12-06T04:18:16.604+0500] {dag.py:3947} INFO - Setting next_dagrun for conditional_dataset_and_time_based_timetable to 2025-12-03 01:00:00+00:00, run_after=2025-12-03 01:00:00+00:00
[2025-12-06T04:18:16.606+0500] {logging_mixin.py:188} INFO - [2025-12-06T04:18:16.606+0500] {dag.py:3947} INFO - Setting next_dagrun for consume_1_and_2_with_dataset_expressions to None, run_after=None
[2025-12-06T04:18:16.606+0500] {logging_mixin.py:188} INFO - [2025-12-06T04:18:16.606+0500] {dag.py:3947} INFO - Setting next_dagrun for consume_1_or_2_with_dataset_expressions to None, run_after=None
[2025-12-06T04:18:16.607+0500] {logging_mixin.py:188} INFO - [2025-12-06T04:18:16.607+0500] {dag.py:3947} INFO - Setting next_dagrun for consume_1_or_both_2_and_3_with_dataset_expressions to None, run_after=None
[2025-12-06T04:18:16.607+0500] {logging_mixin.py:188} INFO - [2025-12-06T04:18:16.607+0500] {dag.py:3947} INFO - Setting next_dagrun for dataset_consumes_1 to None, run_after=None
[2025-12-06T04:18:16.608+0500] {logging_mixin.py:188} INFO - [2025-12-06T04:18:16.608+0500] {dag.py:3947} INFO - Setting next_dagrun for dataset_consumes_1_and_2 to None, run_after=None
[2025-12-06T04:18:16.608+0500] {logging_mixin.py:188} INFO - [2025-12-06T04:18:16.608+0500] {dag.py:3947} INFO - Setting next_dagrun for dataset_consumes_1_never_scheduled to None, run_after=None
[2025-12-06T04:18:16.609+0500] {logging_mixin.py:188} INFO - [2025-12-06T04:18:16.608+0500] {dag.py:3947} INFO - Setting next_dagrun for dataset_consumes_unknown_never_scheduled to None, run_after=None
[2025-12-06T04:18:16.610+0500] {logging_mixin.py:188} INFO - [2025-12-06T04:18:16.609+0500] {dag.py:3947} INFO - Setting next_dagrun for dataset_produces_1 to 2025-12-04 00:00:00+00:00, run_after=2025-12-05 00:00:00+00:00
[2025-12-06T04:18:16.610+0500] {logging_mixin.py:188} INFO - [2025-12-06T04:18:16.610+0500] {dag.py:3947} INFO - Setting next_dagrun for dataset_produces_2 to None, run_after=None
[2025-12-06T04:18:16.630+0500] {processor.py:183} INFO - Processing /Users/symbat/airflow_local/.venv/lib/python3.11/site-packages/airflow/example_dags/example_datasets.py took 0.160 seconds
[2025-12-06T04:21:22.402+0500] {processor.py:161} INFO - Started process (PID=82577) to work on /Users/symbat/airflow_local/.venv/lib/python3.11/site-packages/airflow/example_dags/example_datasets.py
[2025-12-06T04:21:22.403+0500] {processor.py:830} INFO - Processing file /Users/symbat/airflow_local/.venv/lib/python3.11/site-packages/airflow/example_dags/example_datasets.py for tasks to queue
[2025-12-06T04:21:22.403+0500] {logging_mixin.py:188} INFO - [2025-12-06T04:21:22.403+0500] {dagbag.py:545} INFO - Filling up the DagBag from /Users/symbat/airflow_local/.venv/lib/python3.11/site-packages/airflow/example_dags/example_datasets.py
[2025-12-06T04:21:22.443+0500] {processor.py:840} INFO - DAG(s) 'consume_1_or_both_2_and_3_with_dataset_expressions', 'dataset_produces_1', 'consume_1_and_2_with_dataset_expressions', 'dataset_consumes_1', 'consume_1_or_2_with_dataset_expressions', 'dataset_consumes_unknown_never_scheduled', 'dataset_produces_2', 'dataset_consumes_1_never_scheduled', 'conditional_dataset_and_time_based_timetable', 'dataset_consumes_1_and_2' retrieved from /Users/symbat/airflow_local/.venv/lib/python3.11/site-packages/airflow/example_dags/example_datasets.py
[2025-12-06T04:21:22.511+0500] {logging_mixin.py:188} INFO - [2025-12-06T04:21:22.511+0500] {dag.py:3089} INFO - Sync 10 DAGs
[2025-12-06T04:21:22.520+0500] {logging_mixin.py:188} INFO - [2025-12-06T04:21:22.520+0500] {dag.py:3947} INFO - Setting next_dagrun for conditional_dataset_and_time_based_timetable to 2025-12-03 01:00:00+00:00, run_after=2025-12-03 01:00:00+00:00
[2025-12-06T04:21:22.523+0500] {logging_mixin.py:188} INFO - [2025-12-06T04:21:22.522+0500] {dag.py:3947} INFO - Setting next_dagrun for consume_1_and_2_with_dataset_expressions to None, run_after=None
[2025-12-06T04:21:22.523+0500] {logging_mixin.py:188} INFO - [2025-12-06T04:21:22.523+0500] {dag.py:3947} INFO - Setting next_dagrun for consume_1_or_2_with_dataset_expressions to None, run_after=None
[2025-12-06T04:21:22.524+0500] {logging_mixin.py:188} INFO - [2025-12-06T04:21:22.524+0500] {dag.py:3947} INFO - Setting next_dagrun for consume_1_or_both_2_and_3_with_dataset_expressions to None, run_after=None
[2025-12-06T04:21:22.525+0500] {logging_mixin.py:188} INFO - [2025-12-06T04:21:22.525+0500] {dag.py:3947} INFO - Setting next_dagrun for dataset_consumes_1 to None, run_after=None
[2025-12-06T04:21:22.526+0500] {logging_mixin.py:188} INFO - [2025-12-06T04:21:22.525+0500] {dag.py:3947} INFO - Setting next_dagrun for dataset_consumes_1_and_2 to None, run_after=None
[2025-12-06T04:21:22.526+0500] {logging_mixin.py:188} INFO - [2025-12-06T04:21:22.526+0500] {dag.py:3947} INFO - Setting next_dagrun for dataset_consumes_1_never_scheduled to None, run_after=None
[2025-12-06T04:21:22.527+0500] {logging_mixin.py:188} INFO - [2025-12-06T04:21:22.527+0500] {dag.py:3947} INFO - Setting next_dagrun for dataset_consumes_unknown_never_scheduled to None, run_after=None
[2025-12-06T04:21:22.529+0500] {logging_mixin.py:188} INFO - [2025-12-06T04:21:22.529+0500] {dag.py:3947} INFO - Setting next_dagrun for dataset_produces_1 to 2025-12-04 00:00:00+00:00, run_after=2025-12-05 00:00:00+00:00
[2025-12-06T04:21:22.530+0500] {logging_mixin.py:188} INFO - [2025-12-06T04:21:22.530+0500] {dag.py:3947} INFO - Setting next_dagrun for dataset_produces_2 to None, run_after=None
[2025-12-06T04:21:22.547+0500] {processor.py:183} INFO - Processing /Users/symbat/airflow_local/.venv/lib/python3.11/site-packages/airflow/example_dags/example_datasets.py took 0.149 seconds
[2025-12-06T04:24:09.545+0500] {processor.py:161} INFO - Started process (PID=82783) to work on /Users/symbat/airflow_local/.venv/lib/python3.11/site-packages/airflow/example_dags/example_datasets.py
[2025-12-06T04:24:09.546+0500] {processor.py:830} INFO - Processing file /Users/symbat/airflow_local/.venv/lib/python3.11/site-packages/airflow/example_dags/example_datasets.py for tasks to queue
[2025-12-06T04:24:09.546+0500] {logging_mixin.py:188} INFO - [2025-12-06T04:24:09.546+0500] {dagbag.py:545} INFO - Filling up the DagBag from /Users/symbat/airflow_local/.venv/lib/python3.11/site-packages/airflow/example_dags/example_datasets.py
[2025-12-06T04:24:09.587+0500] {processor.py:840} INFO - DAG(s) 'dataset_produces_2', 'dataset_consumes_1_never_scheduled', 'dataset_produces_1', 'dataset_consumes_unknown_never_scheduled', 'conditional_dataset_and_time_based_timetable', 'consume_1_or_both_2_and_3_with_dataset_expressions', 'dataset_consumes_1_and_2', 'dataset_consumes_1', 'consume_1_and_2_with_dataset_expressions', 'consume_1_or_2_with_dataset_expressions' retrieved from /Users/symbat/airflow_local/.venv/lib/python3.11/site-packages/airflow/example_dags/example_datasets.py
[2025-12-06T04:24:09.654+0500] {logging_mixin.py:188} INFO - [2025-12-06T04:24:09.653+0500] {dag.py:3089} INFO - Sync 10 DAGs
[2025-12-06T04:24:09.666+0500] {logging_mixin.py:188} INFO - [2025-12-06T04:24:09.666+0500] {dag.py:3947} INFO - Setting next_dagrun for conditional_dataset_and_time_based_timetable to 2025-12-03 01:00:00+00:00, run_after=2025-12-03 01:00:00+00:00
[2025-12-06T04:24:09.668+0500] {logging_mixin.py:188} INFO - [2025-12-06T04:24:09.668+0500] {dag.py:3947} INFO - Setting next_dagrun for consume_1_and_2_with_dataset_expressions to None, run_after=None
[2025-12-06T04:24:09.668+0500] {logging_mixin.py:188} INFO - [2025-12-06T04:24:09.668+0500] {dag.py:3947} INFO - Setting next_dagrun for consume_1_or_2_with_dataset_expressions to None, run_after=None
[2025-12-06T04:24:09.668+0500] {logging_mixin.py:188} INFO - [2025-12-06T04:24:09.668+0500] {dag.py:3947} INFO - Setting next_dagrun for consume_1_or_both_2_and_3_with_dataset_expressions to None, run_after=None
[2025-12-06T04:24:09.669+0500] {logging_mixin.py:188} INFO - [2025-12-06T04:24:09.669+0500] {dag.py:3947} INFO - Setting next_dagrun for dataset_consumes_1 to None, run_after=None
[2025-12-06T04:24:09.669+0500] {logging_mixin.py:188} INFO - [2025-12-06T04:24:09.669+0500] {dag.py:3947} INFO - Setting next_dagrun for dataset_consumes_1_and_2 to None, run_after=None
[2025-12-06T04:24:09.670+0500] {logging_mixin.py:188} INFO - [2025-12-06T04:24:09.670+0500] {dag.py:3947} INFO - Setting next_dagrun for dataset_consumes_1_never_scheduled to None, run_after=None
[2025-12-06T04:24:09.670+0500] {logging_mixin.py:188} INFO - [2025-12-06T04:24:09.670+0500] {dag.py:3947} INFO - Setting next_dagrun for dataset_consumes_unknown_never_scheduled to None, run_after=None
[2025-12-06T04:24:09.671+0500] {logging_mixin.py:188} INFO - [2025-12-06T04:24:09.671+0500] {dag.py:3947} INFO - Setting next_dagrun for dataset_produces_1 to 2025-12-04 00:00:00+00:00, run_after=2025-12-05 00:00:00+00:00
[2025-12-06T04:24:09.671+0500] {logging_mixin.py:188} INFO - [2025-12-06T04:24:09.671+0500] {dag.py:3947} INFO - Setting next_dagrun for dataset_produces_2 to None, run_after=None
[2025-12-06T04:24:09.686+0500] {processor.py:183} INFO - Processing /Users/symbat/airflow_local/.venv/lib/python3.11/site-packages/airflow/example_dags/example_datasets.py took 0.148 seconds
[2025-12-06T04:27:37.471+0500] {processor.py:161} INFO - Started process (PID=83385) to work on /Users/symbat/airflow_local/.venv/lib/python3.11/site-packages/airflow/example_dags/example_datasets.py
[2025-12-06T04:27:37.472+0500] {processor.py:830} INFO - Processing file /Users/symbat/airflow_local/.venv/lib/python3.11/site-packages/airflow/example_dags/example_datasets.py for tasks to queue
[2025-12-06T04:27:37.472+0500] {logging_mixin.py:188} INFO - [2025-12-06T04:27:37.472+0500] {dagbag.py:545} INFO - Filling up the DagBag from /Users/symbat/airflow_local/.venv/lib/python3.11/site-packages/airflow/example_dags/example_datasets.py
[2025-12-06T04:27:37.500+0500] {processor.py:840} INFO - DAG(s) 'consume_1_or_both_2_and_3_with_dataset_expressions', 'conditional_dataset_and_time_based_timetable', 'consume_1_or_2_with_dataset_expressions', 'dataset_produces_2', 'dataset_consumes_1', 'dataset_consumes_1_and_2', 'consume_1_and_2_with_dataset_expressions', 'dataset_consumes_1_never_scheduled', 'dataset_produces_1', 'dataset_consumes_unknown_never_scheduled' retrieved from /Users/symbat/airflow_local/.venv/lib/python3.11/site-packages/airflow/example_dags/example_datasets.py
[2025-12-06T04:27:37.547+0500] {logging_mixin.py:188} INFO - [2025-12-06T04:27:37.547+0500] {dag.py:3089} INFO - Sync 10 DAGs
[2025-12-06T04:27:37.561+0500] {logging_mixin.py:188} INFO - [2025-12-06T04:27:37.561+0500] {dag.py:3947} INFO - Setting next_dagrun for conditional_dataset_and_time_based_timetable to 2025-12-03 01:00:00+00:00, run_after=2025-12-03 01:00:00+00:00
[2025-12-06T04:27:37.562+0500] {logging_mixin.py:188} INFO - [2025-12-06T04:27:37.562+0500] {dag.py:3947} INFO - Setting next_dagrun for consume_1_and_2_with_dataset_expressions to None, run_after=None
[2025-12-06T04:27:37.563+0500] {logging_mixin.py:188} INFO - [2025-12-06T04:27:37.563+0500] {dag.py:3947} INFO - Setting next_dagrun for consume_1_or_2_with_dataset_expressions to None, run_after=None
[2025-12-06T04:27:37.563+0500] {logging_mixin.py:188} INFO - [2025-12-06T04:27:37.563+0500] {dag.py:3947} INFO - Setting next_dagrun for consume_1_or_both_2_and_3_with_dataset_expressions to None, run_after=None
[2025-12-06T04:27:37.563+0500] {logging_mixin.py:188} INFO - [2025-12-06T04:27:37.563+0500] {dag.py:3947} INFO - Setting next_dagrun for dataset_consumes_1 to None, run_after=None
[2025-12-06T04:27:37.563+0500] {logging_mixin.py:188} INFO - [2025-12-06T04:27:37.563+0500] {dag.py:3947} INFO - Setting next_dagrun for dataset_consumes_1_and_2 to None, run_after=None
[2025-12-06T04:27:37.564+0500] {logging_mixin.py:188} INFO - [2025-12-06T04:27:37.564+0500] {dag.py:3947} INFO - Setting next_dagrun for dataset_consumes_1_never_scheduled to None, run_after=None
[2025-12-06T04:27:37.564+0500] {logging_mixin.py:188} INFO - [2025-12-06T04:27:37.564+0500] {dag.py:3947} INFO - Setting next_dagrun for dataset_consumes_unknown_never_scheduled to None, run_after=None
[2025-12-06T04:27:37.565+0500] {logging_mixin.py:188} INFO - [2025-12-06T04:27:37.565+0500] {dag.py:3947} INFO - Setting next_dagrun for dataset_produces_1 to 2025-12-04 00:00:00+00:00, run_after=2025-12-05 00:00:00+00:00
[2025-12-06T04:27:37.565+0500] {logging_mixin.py:188} INFO - [2025-12-06T04:27:37.565+0500] {dag.py:3947} INFO - Setting next_dagrun for dataset_produces_2 to None, run_after=None
[2025-12-06T04:27:37.577+0500] {processor.py:183} INFO - Processing /Users/symbat/airflow_local/.venv/lib/python3.11/site-packages/airflow/example_dags/example_datasets.py took 0.108 seconds
[2025-12-06T04:31:16.548+0500] {processor.py:161} INFO - Started process (PID=83873) to work on /Users/symbat/airflow_local/.venv/lib/python3.11/site-packages/airflow/example_dags/example_datasets.py
[2025-12-06T04:31:16.549+0500] {processor.py:830} INFO - Processing file /Users/symbat/airflow_local/.venv/lib/python3.11/site-packages/airflow/example_dags/example_datasets.py for tasks to queue
[2025-12-06T04:31:16.549+0500] {logging_mixin.py:188} INFO - [2025-12-06T04:31:16.549+0500] {dagbag.py:545} INFO - Filling up the DagBag from /Users/symbat/airflow_local/.venv/lib/python3.11/site-packages/airflow/example_dags/example_datasets.py
[2025-12-06T04:31:16.593+0500] {processor.py:840} INFO - DAG(s) 'conditional_dataset_and_time_based_timetable', 'consume_1_or_both_2_and_3_with_dataset_expressions', 'consume_1_or_2_with_dataset_expressions', 'dataset_produces_1', 'dataset_produces_2', 'dataset_consumes_unknown_never_scheduled', 'dataset_consumes_1', 'consume_1_and_2_with_dataset_expressions', 'dataset_consumes_1_never_scheduled', 'dataset_consumes_1_and_2' retrieved from /Users/symbat/airflow_local/.venv/lib/python3.11/site-packages/airflow/example_dags/example_datasets.py
[2025-12-06T04:31:16.678+0500] {logging_mixin.py:188} INFO - [2025-12-06T04:31:16.677+0500] {dag.py:3089} INFO - Sync 10 DAGs
[2025-12-06T04:31:16.691+0500] {logging_mixin.py:188} INFO - [2025-12-06T04:31:16.691+0500] {dag.py:3947} INFO - Setting next_dagrun for conditional_dataset_and_time_based_timetable to 2025-12-03 01:00:00+00:00, run_after=2025-12-03 01:00:00+00:00
[2025-12-06T04:31:16.694+0500] {logging_mixin.py:188} INFO - [2025-12-06T04:31:16.694+0500] {dag.py:3947} INFO - Setting next_dagrun for consume_1_and_2_with_dataset_expressions to None, run_after=None
[2025-12-06T04:31:16.694+0500] {logging_mixin.py:188} INFO - [2025-12-06T04:31:16.694+0500] {dag.py:3947} INFO - Setting next_dagrun for consume_1_or_2_with_dataset_expressions to None, run_after=None
[2025-12-06T04:31:16.695+0500] {logging_mixin.py:188} INFO - [2025-12-06T04:31:16.695+0500] {dag.py:3947} INFO - Setting next_dagrun for consume_1_or_both_2_and_3_with_dataset_expressions to None, run_after=None
[2025-12-06T04:31:16.695+0500] {logging_mixin.py:188} INFO - [2025-12-06T04:31:16.695+0500] {dag.py:3947} INFO - Setting next_dagrun for dataset_consumes_1 to None, run_after=None
[2025-12-06T04:31:16.696+0500] {logging_mixin.py:188} INFO - [2025-12-06T04:31:16.696+0500] {dag.py:3947} INFO - Setting next_dagrun for dataset_consumes_1_and_2 to None, run_after=None
[2025-12-06T04:31:16.697+0500] {logging_mixin.py:188} INFO - [2025-12-06T04:31:16.697+0500] {dag.py:3947} INFO - Setting next_dagrun for dataset_consumes_1_never_scheduled to None, run_after=None
[2025-12-06T04:31:16.697+0500] {logging_mixin.py:188} INFO - [2025-12-06T04:31:16.697+0500] {dag.py:3947} INFO - Setting next_dagrun for dataset_consumes_unknown_never_scheduled to None, run_after=None
[2025-12-06T04:31:16.699+0500] {logging_mixin.py:188} INFO - [2025-12-06T04:31:16.699+0500] {dag.py:3947} INFO - Setting next_dagrun for dataset_produces_1 to 2025-12-04 00:00:00+00:00, run_after=2025-12-05 00:00:00+00:00
[2025-12-06T04:31:16.700+0500] {logging_mixin.py:188} INFO - [2025-12-06T04:31:16.700+0500] {dag.py:3947} INFO - Setting next_dagrun for dataset_produces_2 to None, run_after=None
[2025-12-06T04:31:16.717+0500] {processor.py:183} INFO - Processing /Users/symbat/airflow_local/.venv/lib/python3.11/site-packages/airflow/example_dags/example_datasets.py took 0.171 seconds
[2025-12-06T04:34:56.328+0500] {processor.py:161} INFO - Started process (PID=84248) to work on /Users/symbat/airflow_local/.venv/lib/python3.11/site-packages/airflow/example_dags/example_datasets.py
[2025-12-06T04:34:56.328+0500] {processor.py:830} INFO - Processing file /Users/symbat/airflow_local/.venv/lib/python3.11/site-packages/airflow/example_dags/example_datasets.py for tasks to queue
[2025-12-06T04:34:56.329+0500] {logging_mixin.py:188} INFO - [2025-12-06T04:34:56.329+0500] {dagbag.py:545} INFO - Filling up the DagBag from /Users/symbat/airflow_local/.venv/lib/python3.11/site-packages/airflow/example_dags/example_datasets.py
[2025-12-06T04:34:56.370+0500] {processor.py:840} INFO - DAG(s) 'dataset_consumes_1_never_scheduled', 'consume_1_or_2_with_dataset_expressions', 'dataset_produces_2', 'conditional_dataset_and_time_based_timetable', 'dataset_consumes_unknown_never_scheduled', 'dataset_consumes_1', 'consume_1_or_both_2_and_3_with_dataset_expressions', 'dataset_consumes_1_and_2', 'consume_1_and_2_with_dataset_expressions', 'dataset_produces_1' retrieved from /Users/symbat/airflow_local/.venv/lib/python3.11/site-packages/airflow/example_dags/example_datasets.py
[2025-12-06T04:34:56.425+0500] {logging_mixin.py:188} INFO - [2025-12-06T04:34:56.425+0500] {dag.py:3089} INFO - Sync 10 DAGs
[2025-12-06T04:34:56.433+0500] {logging_mixin.py:188} INFO - [2025-12-06T04:34:56.433+0500] {dag.py:3947} INFO - Setting next_dagrun for conditional_dataset_and_time_based_timetable to 2025-12-03 01:00:00+00:00, run_after=2025-12-03 01:00:00+00:00
[2025-12-06T04:34:56.435+0500] {logging_mixin.py:188} INFO - [2025-12-06T04:34:56.435+0500] {dag.py:3947} INFO - Setting next_dagrun for consume_1_and_2_with_dataset_expressions to None, run_after=None
[2025-12-06T04:34:56.435+0500] {logging_mixin.py:188} INFO - [2025-12-06T04:34:56.435+0500] {dag.py:3947} INFO - Setting next_dagrun for consume_1_or_2_with_dataset_expressions to None, run_after=None
[2025-12-06T04:34:56.436+0500] {logging_mixin.py:188} INFO - [2025-12-06T04:34:56.435+0500] {dag.py:3947} INFO - Setting next_dagrun for consume_1_or_both_2_and_3_with_dataset_expressions to None, run_after=None
[2025-12-06T04:34:56.436+0500] {logging_mixin.py:188} INFO - [2025-12-06T04:34:56.436+0500] {dag.py:3947} INFO - Setting next_dagrun for dataset_consumes_1 to None, run_after=None
[2025-12-06T04:34:56.436+0500] {logging_mixin.py:188} INFO - [2025-12-06T04:34:56.436+0500] {dag.py:3947} INFO - Setting next_dagrun for dataset_consumes_1_and_2 to None, run_after=None
[2025-12-06T04:34:56.437+0500] {logging_mixin.py:188} INFO - [2025-12-06T04:34:56.437+0500] {dag.py:3947} INFO - Setting next_dagrun for dataset_consumes_1_never_scheduled to None, run_after=None
[2025-12-06T04:34:56.437+0500] {logging_mixin.py:188} INFO - [2025-12-06T04:34:56.437+0500] {dag.py:3947} INFO - Setting next_dagrun for dataset_consumes_unknown_never_scheduled to None, run_after=None
[2025-12-06T04:34:56.438+0500] {logging_mixin.py:188} INFO - [2025-12-06T04:34:56.438+0500] {dag.py:3947} INFO - Setting next_dagrun for dataset_produces_1 to 2025-12-04 00:00:00+00:00, run_after=2025-12-05 00:00:00+00:00
[2025-12-06T04:34:56.438+0500] {logging_mixin.py:188} INFO - [2025-12-06T04:34:56.438+0500] {dag.py:3947} INFO - Setting next_dagrun for dataset_produces_2 to None, run_after=None
[2025-12-06T04:34:56.453+0500] {processor.py:183} INFO - Processing /Users/symbat/airflow_local/.venv/lib/python3.11/site-packages/airflow/example_dags/example_datasets.py took 0.127 seconds
