[2025-12-06T03:55:51.884+0500] {processor.py:161} INFO - Started process (PID=79550) to work on /Users/symbat/airflow_local/.venv/lib/python3.11/site-packages/airflow/example_dags/example_setup_teardown.py
[2025-12-06T03:55:51.884+0500] {processor.py:830} INFO - Processing file /Users/symbat/airflow_local/.venv/lib/python3.11/site-packages/airflow/example_dags/example_setup_teardown.py for tasks to queue
[2025-12-06T03:55:51.885+0500] {logging_mixin.py:188} INFO - [2025-12-06T03:55:51.885+0500] {dagbag.py:545} INFO - Filling up the DagBag from /Users/symbat/airflow_local/.venv/lib/python3.11/site-packages/airflow/example_dags/example_setup_teardown.py
[2025-12-06T03:55:51.895+0500] {processor.py:840} INFO - DAG(s) 'example_setup_teardown' retrieved from /Users/symbat/airflow_local/.venv/lib/python3.11/site-packages/airflow/example_dags/example_setup_teardown.py
[2025-12-06T03:55:52.010+0500] {logging_mixin.py:188} INFO - [2025-12-06T03:55:52.010+0500] {override.py:1930} INFO - Created Permission View: can edit on DAG:example_setup_teardown
[2025-12-06T03:55:52.015+0500] {logging_mixin.py:188} INFO - [2025-12-06T03:55:52.015+0500] {override.py:1930} INFO - Created Permission View: can delete on DAG:example_setup_teardown
[2025-12-06T03:55:52.018+0500] {logging_mixin.py:188} INFO - [2025-12-06T03:55:52.018+0500] {override.py:1930} INFO - Created Permission View: can read on DAG:example_setup_teardown
[2025-12-06T03:55:52.018+0500] {logging_mixin.py:188} INFO - [2025-12-06T03:55:52.018+0500] {dag.py:3089} INFO - Sync 1 DAGs
[2025-12-06T03:55:52.026+0500] {logging_mixin.py:188} INFO - [2025-12-06T03:55:52.026+0500] {dag.py:3111} INFO - Creating ORM DAG for example_setup_teardown
[2025-12-06T03:55:52.031+0500] {logging_mixin.py:188} INFO - [2025-12-06T03:55:52.031+0500] {dag.py:3947} INFO - Setting next_dagrun for example_setup_teardown to 2025-12-04 00:00:00+00:00, run_after=2025-12-05 00:00:00+00:00
[2025-12-06T03:55:52.089+0500] {processor.py:183} INFO - Processing /Users/symbat/airflow_local/.venv/lib/python3.11/site-packages/airflow/example_dags/example_setup_teardown.py took 0.207 seconds
[2025-12-06T03:57:52.304+0500] {processor.py:161} INFO - Started process (PID=79693) to work on /Users/symbat/airflow_local/.venv/lib/python3.11/site-packages/airflow/example_dags/example_setup_teardown.py
[2025-12-06T03:57:52.305+0500] {processor.py:830} INFO - Processing file /Users/symbat/airflow_local/.venv/lib/python3.11/site-packages/airflow/example_dags/example_setup_teardown.py for tasks to queue
[2025-12-06T03:57:52.306+0500] {logging_mixin.py:188} INFO - [2025-12-06T03:57:52.306+0500] {dagbag.py:545} INFO - Filling up the DagBag from /Users/symbat/airflow_local/.venv/lib/python3.11/site-packages/airflow/example_dags/example_setup_teardown.py
[2025-12-06T03:57:52.316+0500] {processor.py:840} INFO - DAG(s) 'example_setup_teardown' retrieved from /Users/symbat/airflow_local/.venv/lib/python3.11/site-packages/airflow/example_dags/example_setup_teardown.py
[2025-12-06T03:57:52.406+0500] {logging_mixin.py:188} INFO - [2025-12-06T03:57:52.406+0500] {dag.py:3089} INFO - Sync 1 DAGs
[2025-12-06T03:57:52.420+0500] {logging_mixin.py:188} INFO - [2025-12-06T03:57:52.420+0500] {dag.py:3947} INFO - Setting next_dagrun for example_setup_teardown to 2025-12-04 00:00:00+00:00, run_after=2025-12-05 00:00:00+00:00
[2025-12-06T03:57:52.433+0500] {processor.py:183} INFO - Processing /Users/symbat/airflow_local/.venv/lib/python3.11/site-packages/airflow/example_dags/example_setup_teardown.py took 0.136 seconds
[2025-12-06T03:59:26.503+0500] {processor.py:161} INFO - Started process (PID=79915) to work on /Users/symbat/airflow_local/.venv/lib/python3.11/site-packages/airflow/example_dags/example_setup_teardown.py
[2025-12-06T03:59:26.504+0500] {processor.py:830} INFO - Processing file /Users/symbat/airflow_local/.venv/lib/python3.11/site-packages/airflow/example_dags/example_setup_teardown.py for tasks to queue
[2025-12-06T03:59:26.504+0500] {logging_mixin.py:188} INFO - [2025-12-06T03:59:26.504+0500] {dagbag.py:545} INFO - Filling up the DagBag from /Users/symbat/airflow_local/.venv/lib/python3.11/site-packages/airflow/example_dags/example_setup_teardown.py
[2025-12-06T03:59:26.510+0500] {processor.py:840} INFO - DAG(s) 'example_setup_teardown' retrieved from /Users/symbat/airflow_local/.venv/lib/python3.11/site-packages/airflow/example_dags/example_setup_teardown.py
[2025-12-06T03:59:26.576+0500] {logging_mixin.py:188} INFO - [2025-12-06T03:59:26.576+0500] {dag.py:3089} INFO - Sync 1 DAGs
[2025-12-06T03:59:26.585+0500] {logging_mixin.py:188} INFO - [2025-12-06T03:59:26.585+0500] {dag.py:3947} INFO - Setting next_dagrun for example_setup_teardown to 2025-12-04 00:00:00+00:00, run_after=2025-12-05 00:00:00+00:00
[2025-12-06T03:59:26.595+0500] {processor.py:183} INFO - Processing /Users/symbat/airflow_local/.venv/lib/python3.11/site-packages/airflow/example_dags/example_setup_teardown.py took 0.095 seconds
[2025-12-06T04:00:59.709+0500] {processor.py:161} INFO - Started process (PID=80383) to work on /Users/symbat/airflow_local/.venv/lib/python3.11/site-packages/airflow/example_dags/example_setup_teardown.py
[2025-12-06T04:00:59.710+0500] {processor.py:830} INFO - Processing file /Users/symbat/airflow_local/.venv/lib/python3.11/site-packages/airflow/example_dags/example_setup_teardown.py for tasks to queue
[2025-12-06T04:00:59.711+0500] {logging_mixin.py:188} INFO - [2025-12-06T04:00:59.711+0500] {dagbag.py:545} INFO - Filling up the DagBag from /Users/symbat/airflow_local/.venv/lib/python3.11/site-packages/airflow/example_dags/example_setup_teardown.py
[2025-12-06T04:00:59.717+0500] {processor.py:840} INFO - DAG(s) 'example_setup_teardown' retrieved from /Users/symbat/airflow_local/.venv/lib/python3.11/site-packages/airflow/example_dags/example_setup_teardown.py
[2025-12-06T04:00:59.802+0500] {logging_mixin.py:188} INFO - [2025-12-06T04:00:59.802+0500] {dag.py:3089} INFO - Sync 1 DAGs
[2025-12-06T04:00:59.819+0500] {logging_mixin.py:188} INFO - [2025-12-06T04:00:59.819+0500] {dag.py:3947} INFO - Setting next_dagrun for example_setup_teardown to 2025-12-04 00:00:00+00:00, run_after=2025-12-05 00:00:00+00:00
[2025-12-06T04:00:59.833+0500] {processor.py:183} INFO - Processing /Users/symbat/airflow_local/.venv/lib/python3.11/site-packages/airflow/example_dags/example_setup_teardown.py took 0.127 seconds
[2025-12-06T04:02:34.928+0500] {processor.py:161} INFO - Started process (PID=80691) to work on /Users/symbat/airflow_local/.venv/lib/python3.11/site-packages/airflow/example_dags/example_setup_teardown.py
[2025-12-06T04:02:34.929+0500] {processor.py:830} INFO - Processing file /Users/symbat/airflow_local/.venv/lib/python3.11/site-packages/airflow/example_dags/example_setup_teardown.py for tasks to queue
[2025-12-06T04:02:34.930+0500] {logging_mixin.py:188} INFO - [2025-12-06T04:02:34.930+0500] {dagbag.py:545} INFO - Filling up the DagBag from /Users/symbat/airflow_local/.venv/lib/python3.11/site-packages/airflow/example_dags/example_setup_teardown.py
[2025-12-06T04:02:34.935+0500] {processor.py:840} INFO - DAG(s) 'example_setup_teardown' retrieved from /Users/symbat/airflow_local/.venv/lib/python3.11/site-packages/airflow/example_dags/example_setup_teardown.py
[2025-12-06T04:02:34.988+0500] {logging_mixin.py:188} INFO - [2025-12-06T04:02:34.987+0500] {dag.py:3089} INFO - Sync 1 DAGs
[2025-12-06T04:02:34.997+0500] {logging_mixin.py:188} INFO - [2025-12-06T04:02:34.996+0500] {dag.py:3947} INFO - Setting next_dagrun for example_setup_teardown to 2025-12-04 00:00:00+00:00, run_after=2025-12-05 00:00:00+00:00
[2025-12-06T04:02:35.009+0500] {processor.py:183} INFO - Processing /Users/symbat/airflow_local/.venv/lib/python3.11/site-packages/airflow/example_dags/example_setup_teardown.py took 0.084 seconds
[2025-12-06T04:04:20.173+0500] {processor.py:161} INFO - Started process (PID=81001) to work on /Users/symbat/airflow_local/.venv/lib/python3.11/site-packages/airflow/example_dags/example_setup_teardown.py
[2025-12-06T04:04:20.174+0500] {processor.py:830} INFO - Processing file /Users/symbat/airflow_local/.venv/lib/python3.11/site-packages/airflow/example_dags/example_setup_teardown.py for tasks to queue
[2025-12-06T04:04:20.175+0500] {logging_mixin.py:188} INFO - [2025-12-06T04:04:20.175+0500] {dagbag.py:545} INFO - Filling up the DagBag from /Users/symbat/airflow_local/.venv/lib/python3.11/site-packages/airflow/example_dags/example_setup_teardown.py
[2025-12-06T04:04:20.187+0500] {processor.py:840} INFO - DAG(s) 'example_setup_teardown' retrieved from /Users/symbat/airflow_local/.venv/lib/python3.11/site-packages/airflow/example_dags/example_setup_teardown.py
[2025-12-06T04:04:20.268+0500] {logging_mixin.py:188} INFO - [2025-12-06T04:04:20.268+0500] {dag.py:3089} INFO - Sync 1 DAGs
[2025-12-06T04:04:20.277+0500] {logging_mixin.py:188} INFO - [2025-12-06T04:04:20.277+0500] {dag.py:3947} INFO - Setting next_dagrun for example_setup_teardown to 2025-12-04 00:00:00+00:00, run_after=2025-12-05 00:00:00+00:00
[2025-12-06T04:04:20.287+0500] {processor.py:183} INFO - Processing /Users/symbat/airflow_local/.venv/lib/python3.11/site-packages/airflow/example_dags/example_setup_teardown.py took 0.117 seconds
[2025-12-06T04:06:06.331+0500] {processor.py:161} INFO - Started process (PID=81430) to work on /Users/symbat/airflow_local/.venv/lib/python3.11/site-packages/airflow/example_dags/example_setup_teardown.py
[2025-12-06T04:06:06.333+0500] {processor.py:830} INFO - Processing file /Users/symbat/airflow_local/.venv/lib/python3.11/site-packages/airflow/example_dags/example_setup_teardown.py for tasks to queue
[2025-12-06T04:06:06.334+0500] {logging_mixin.py:188} INFO - [2025-12-06T04:06:06.333+0500] {dagbag.py:545} INFO - Filling up the DagBag from /Users/symbat/airflow_local/.venv/lib/python3.11/site-packages/airflow/example_dags/example_setup_teardown.py
[2025-12-06T04:06:06.346+0500] {processor.py:840} INFO - DAG(s) 'example_setup_teardown' retrieved from /Users/symbat/airflow_local/.venv/lib/python3.11/site-packages/airflow/example_dags/example_setup_teardown.py
[2025-12-06T04:06:06.460+0500] {logging_mixin.py:188} INFO - [2025-12-06T04:06:06.460+0500] {dag.py:3089} INFO - Sync 1 DAGs
[2025-12-06T04:06:06.482+0500] {logging_mixin.py:188} INFO - [2025-12-06T04:06:06.482+0500] {dag.py:3947} INFO - Setting next_dagrun for example_setup_teardown to 2025-12-04 00:00:00+00:00, run_after=2025-12-05 00:00:00+00:00
[2025-12-06T04:06:06.506+0500] {processor.py:183} INFO - Processing /Users/symbat/airflow_local/.venv/lib/python3.11/site-packages/airflow/example_dags/example_setup_teardown.py took 0.180 seconds
[2025-12-06T04:07:44.274+0500] {processor.py:161} INFO - Started process (PID=81554) to work on /Users/symbat/airflow_local/.venv/lib/python3.11/site-packages/airflow/example_dags/example_setup_teardown.py
[2025-12-06T04:07:44.275+0500] {processor.py:830} INFO - Processing file /Users/symbat/airflow_local/.venv/lib/python3.11/site-packages/airflow/example_dags/example_setup_teardown.py for tasks to queue
[2025-12-06T04:07:44.276+0500] {logging_mixin.py:188} INFO - [2025-12-06T04:07:44.275+0500] {dagbag.py:545} INFO - Filling up the DagBag from /Users/symbat/airflow_local/.venv/lib/python3.11/site-packages/airflow/example_dags/example_setup_teardown.py
[2025-12-06T04:07:44.281+0500] {processor.py:840} INFO - DAG(s) 'example_setup_teardown' retrieved from /Users/symbat/airflow_local/.venv/lib/python3.11/site-packages/airflow/example_dags/example_setup_teardown.py
[2025-12-06T04:07:44.344+0500] {logging_mixin.py:188} INFO - [2025-12-06T04:07:44.343+0500] {dag.py:3089} INFO - Sync 1 DAGs
[2025-12-06T04:07:44.354+0500] {logging_mixin.py:188} INFO - [2025-12-06T04:07:44.354+0500] {dag.py:3947} INFO - Setting next_dagrun for example_setup_teardown to 2025-12-04 00:00:00+00:00, run_after=2025-12-05 00:00:00+00:00
[2025-12-06T04:07:44.367+0500] {processor.py:183} INFO - Processing /Users/symbat/airflow_local/.venv/lib/python3.11/site-packages/airflow/example_dags/example_setup_teardown.py took 0.095 seconds
[2025-12-06T04:09:32.600+0500] {processor.py:161} INFO - Started process (PID=81702) to work on /Users/symbat/airflow_local/.venv/lib/python3.11/site-packages/airflow/example_dags/example_setup_teardown.py
[2025-12-06T04:09:32.602+0500] {processor.py:830} INFO - Processing file /Users/symbat/airflow_local/.venv/lib/python3.11/site-packages/airflow/example_dags/example_setup_teardown.py for tasks to queue
[2025-12-06T04:09:32.605+0500] {logging_mixin.py:188} INFO - [2025-12-06T04:09:32.605+0500] {dagbag.py:545} INFO - Filling up the DagBag from /Users/symbat/airflow_local/.venv/lib/python3.11/site-packages/airflow/example_dags/example_setup_teardown.py
[2025-12-06T04:09:32.611+0500] {processor.py:840} INFO - DAG(s) 'example_setup_teardown' retrieved from /Users/symbat/airflow_local/.venv/lib/python3.11/site-packages/airflow/example_dags/example_setup_teardown.py
[2025-12-06T04:09:32.669+0500] {logging_mixin.py:188} INFO - [2025-12-06T04:09:32.669+0500] {dag.py:3089} INFO - Sync 1 DAGs
[2025-12-06T04:09:32.680+0500] {logging_mixin.py:188} INFO - [2025-12-06T04:09:32.680+0500] {dag.py:3947} INFO - Setting next_dagrun for example_setup_teardown to 2025-12-04 00:00:00+00:00, run_after=2025-12-05 00:00:00+00:00
[2025-12-06T04:09:32.698+0500] {processor.py:183} INFO - Processing /Users/symbat/airflow_local/.venv/lib/python3.11/site-packages/airflow/example_dags/example_setup_teardown.py took 0.102 seconds
[2025-12-06T04:11:11.193+0500] {processor.py:161} INFO - Started process (PID=81807) to work on /Users/symbat/airflow_local/.venv/lib/python3.11/site-packages/airflow/example_dags/example_setup_teardown.py
[2025-12-06T04:11:11.194+0500] {processor.py:830} INFO - Processing file /Users/symbat/airflow_local/.venv/lib/python3.11/site-packages/airflow/example_dags/example_setup_teardown.py for tasks to queue
[2025-12-06T04:11:11.195+0500] {logging_mixin.py:188} INFO - [2025-12-06T04:11:11.195+0500] {dagbag.py:545} INFO - Filling up the DagBag from /Users/symbat/airflow_local/.venv/lib/python3.11/site-packages/airflow/example_dags/example_setup_teardown.py
[2025-12-06T04:11:11.203+0500] {processor.py:840} INFO - DAG(s) 'example_setup_teardown' retrieved from /Users/symbat/airflow_local/.venv/lib/python3.11/site-packages/airflow/example_dags/example_setup_teardown.py
[2025-12-06T04:11:11.260+0500] {logging_mixin.py:188} INFO - [2025-12-06T04:11:11.260+0500] {dag.py:3089} INFO - Sync 1 DAGs
[2025-12-06T04:11:11.269+0500] {logging_mixin.py:188} INFO - [2025-12-06T04:11:11.269+0500] {dag.py:3947} INFO - Setting next_dagrun for example_setup_teardown to 2025-12-04 00:00:00+00:00, run_after=2025-12-05 00:00:00+00:00
[2025-12-06T04:11:11.281+0500] {processor.py:183} INFO - Processing /Users/symbat/airflow_local/.venv/lib/python3.11/site-packages/airflow/example_dags/example_setup_teardown.py took 0.090 seconds
[2025-12-06T04:12:49.543+0500] {processor.py:161} INFO - Started process (PID=81958) to work on /Users/symbat/airflow_local/.venv/lib/python3.11/site-packages/airflow/example_dags/example_setup_teardown.py
[2025-12-06T04:12:49.544+0500] {processor.py:830} INFO - Processing file /Users/symbat/airflow_local/.venv/lib/python3.11/site-packages/airflow/example_dags/example_setup_teardown.py for tasks to queue
[2025-12-06T04:12:49.544+0500] {logging_mixin.py:188} INFO - [2025-12-06T04:12:49.544+0500] {dagbag.py:545} INFO - Filling up the DagBag from /Users/symbat/airflow_local/.venv/lib/python3.11/site-packages/airflow/example_dags/example_setup_teardown.py
[2025-12-06T04:12:49.549+0500] {processor.py:840} INFO - DAG(s) 'example_setup_teardown' retrieved from /Users/symbat/airflow_local/.venv/lib/python3.11/site-packages/airflow/example_dags/example_setup_teardown.py
[2025-12-06T04:12:49.601+0500] {logging_mixin.py:188} INFO - [2025-12-06T04:12:49.601+0500] {dag.py:3089} INFO - Sync 1 DAGs
[2025-12-06T04:12:49.611+0500] {logging_mixin.py:188} INFO - [2025-12-06T04:12:49.610+0500] {dag.py:3947} INFO - Setting next_dagrun for example_setup_teardown to 2025-12-04 00:00:00+00:00, run_after=2025-12-05 00:00:00+00:00
[2025-12-06T04:12:49.622+0500] {processor.py:183} INFO - Processing /Users/symbat/airflow_local/.venv/lib/python3.11/site-packages/airflow/example_dags/example_setup_teardown.py took 0.082 seconds
[2025-12-06T04:14:29.756+0500] {processor.py:161} INFO - Started process (PID=82105) to work on /Users/symbat/airflow_local/.venv/lib/python3.11/site-packages/airflow/example_dags/example_setup_teardown.py
[2025-12-06T04:14:29.757+0500] {processor.py:830} INFO - Processing file /Users/symbat/airflow_local/.venv/lib/python3.11/site-packages/airflow/example_dags/example_setup_teardown.py for tasks to queue
[2025-12-06T04:14:29.757+0500] {logging_mixin.py:188} INFO - [2025-12-06T04:14:29.757+0500] {dagbag.py:545} INFO - Filling up the DagBag from /Users/symbat/airflow_local/.venv/lib/python3.11/site-packages/airflow/example_dags/example_setup_teardown.py
[2025-12-06T04:14:29.763+0500] {processor.py:840} INFO - DAG(s) 'example_setup_teardown' retrieved from /Users/symbat/airflow_local/.venv/lib/python3.11/site-packages/airflow/example_dags/example_setup_teardown.py
[2025-12-06T04:14:29.815+0500] {logging_mixin.py:188} INFO - [2025-12-06T04:14:29.815+0500] {dag.py:3089} INFO - Sync 1 DAGs
[2025-12-06T04:14:29.825+0500] {logging_mixin.py:188} INFO - [2025-12-06T04:14:29.825+0500] {dag.py:3947} INFO - Setting next_dagrun for example_setup_teardown to 2025-12-04 00:00:00+00:00, run_after=2025-12-05 00:00:00+00:00
[2025-12-06T04:14:29.835+0500] {processor.py:183} INFO - Processing /Users/symbat/airflow_local/.venv/lib/python3.11/site-packages/airflow/example_dags/example_setup_teardown.py took 0.081 seconds
[2025-12-06T04:16:08.139+0500] {processor.py:161} INFO - Started process (PID=82244) to work on /Users/symbat/airflow_local/.venv/lib/python3.11/site-packages/airflow/example_dags/example_setup_teardown.py
[2025-12-06T04:16:08.140+0500] {processor.py:830} INFO - Processing file /Users/symbat/airflow_local/.venv/lib/python3.11/site-packages/airflow/example_dags/example_setup_teardown.py for tasks to queue
[2025-12-06T04:16:08.141+0500] {logging_mixin.py:188} INFO - [2025-12-06T04:16:08.140+0500] {dagbag.py:545} INFO - Filling up the DagBag from /Users/symbat/airflow_local/.venv/lib/python3.11/site-packages/airflow/example_dags/example_setup_teardown.py
[2025-12-06T04:16:08.146+0500] {processor.py:840} INFO - DAG(s) 'example_setup_teardown' retrieved from /Users/symbat/airflow_local/.venv/lib/python3.11/site-packages/airflow/example_dags/example_setup_teardown.py
[2025-12-06T04:16:08.207+0500] {logging_mixin.py:188} INFO - [2025-12-06T04:16:08.206+0500] {dag.py:3089} INFO - Sync 1 DAGs
[2025-12-06T04:16:08.218+0500] {logging_mixin.py:188} INFO - [2025-12-06T04:16:08.218+0500] {dag.py:3947} INFO - Setting next_dagrun for example_setup_teardown to 2025-12-04 00:00:00+00:00, run_after=2025-12-05 00:00:00+00:00
[2025-12-06T04:16:08.232+0500] {processor.py:183} INFO - Processing /Users/symbat/airflow_local/.venv/lib/python3.11/site-packages/airflow/example_dags/example_setup_teardown.py took 0.095 seconds
[2025-12-06T04:17:43.065+0500] {processor.py:161} INFO - Started process (PID=82344) to work on /Users/symbat/airflow_local/.venv/lib/python3.11/site-packages/airflow/example_dags/example_setup_teardown.py
[2025-12-06T04:17:43.066+0500] {processor.py:830} INFO - Processing file /Users/symbat/airflow_local/.venv/lib/python3.11/site-packages/airflow/example_dags/example_setup_teardown.py for tasks to queue
[2025-12-06T04:17:43.066+0500] {logging_mixin.py:188} INFO - [2025-12-06T04:17:43.066+0500] {dagbag.py:545} INFO - Filling up the DagBag from /Users/symbat/airflow_local/.venv/lib/python3.11/site-packages/airflow/example_dags/example_setup_teardown.py
[2025-12-06T04:17:43.071+0500] {processor.py:840} INFO - DAG(s) 'example_setup_teardown' retrieved from /Users/symbat/airflow_local/.venv/lib/python3.11/site-packages/airflow/example_dags/example_setup_teardown.py
[2025-12-06T04:17:43.120+0500] {logging_mixin.py:188} INFO - [2025-12-06T04:17:43.120+0500] {dag.py:3089} INFO - Sync 1 DAGs
[2025-12-06T04:17:43.128+0500] {logging_mixin.py:188} INFO - [2025-12-06T04:17:43.128+0500] {dag.py:3947} INFO - Setting next_dagrun for example_setup_teardown to 2025-12-04 00:00:00+00:00, run_after=2025-12-05 00:00:00+00:00
[2025-12-06T04:17:43.137+0500] {processor.py:183} INFO - Processing /Users/symbat/airflow_local/.venv/lib/python3.11/site-packages/airflow/example_dags/example_setup_teardown.py took 0.074 seconds
[2025-12-06T04:19:20.672+0500] {processor.py:161} INFO - Started process (PID=82454) to work on /Users/symbat/airflow_local/.venv/lib/python3.11/site-packages/airflow/example_dags/example_setup_teardown.py
[2025-12-06T04:19:20.673+0500] {processor.py:830} INFO - Processing file /Users/symbat/airflow_local/.venv/lib/python3.11/site-packages/airflow/example_dags/example_setup_teardown.py for tasks to queue
[2025-12-06T04:19:20.673+0500] {logging_mixin.py:188} INFO - [2025-12-06T04:19:20.673+0500] {dagbag.py:545} INFO - Filling up the DagBag from /Users/symbat/airflow_local/.venv/lib/python3.11/site-packages/airflow/example_dags/example_setup_teardown.py
[2025-12-06T04:19:20.683+0500] {processor.py:840} INFO - DAG(s) 'example_setup_teardown' retrieved from /Users/symbat/airflow_local/.venv/lib/python3.11/site-packages/airflow/example_dags/example_setup_teardown.py
[2025-12-06T04:19:20.734+0500] {logging_mixin.py:188} INFO - [2025-12-06T04:19:20.734+0500] {dag.py:3089} INFO - Sync 1 DAGs
[2025-12-06T04:19:20.743+0500] {logging_mixin.py:188} INFO - [2025-12-06T04:19:20.743+0500] {dag.py:3947} INFO - Setting next_dagrun for example_setup_teardown to 2025-12-04 00:00:00+00:00, run_after=2025-12-05 00:00:00+00:00
[2025-12-06T04:19:20.758+0500] {processor.py:183} INFO - Processing /Users/symbat/airflow_local/.venv/lib/python3.11/site-packages/airflow/example_dags/example_setup_teardown.py took 0.090 seconds
[2025-12-06T04:20:49.333+0500] {processor.py:161} INFO - Started process (PID=82536) to work on /Users/symbat/airflow_local/.venv/lib/python3.11/site-packages/airflow/example_dags/example_setup_teardown.py
[2025-12-06T04:20:49.334+0500] {processor.py:830} INFO - Processing file /Users/symbat/airflow_local/.venv/lib/python3.11/site-packages/airflow/example_dags/example_setup_teardown.py for tasks to queue
[2025-12-06T04:20:49.335+0500] {logging_mixin.py:188} INFO - [2025-12-06T04:20:49.334+0500] {dagbag.py:545} INFO - Filling up the DagBag from /Users/symbat/airflow_local/.venv/lib/python3.11/site-packages/airflow/example_dags/example_setup_teardown.py
[2025-12-06T04:20:49.341+0500] {processor.py:840} INFO - DAG(s) 'example_setup_teardown' retrieved from /Users/symbat/airflow_local/.venv/lib/python3.11/site-packages/airflow/example_dags/example_setup_teardown.py
[2025-12-06T04:20:49.388+0500] {logging_mixin.py:188} INFO - [2025-12-06T04:20:49.388+0500] {dag.py:3089} INFO - Sync 1 DAGs
[2025-12-06T04:20:49.396+0500] {logging_mixin.py:188} INFO - [2025-12-06T04:20:49.396+0500] {dag.py:3947} INFO - Setting next_dagrun for example_setup_teardown to 2025-12-04 00:00:00+00:00, run_after=2025-12-05 00:00:00+00:00
[2025-12-06T04:20:49.406+0500] {processor.py:183} INFO - Processing /Users/symbat/airflow_local/.venv/lib/python3.11/site-packages/airflow/example_dags/example_setup_teardown.py took 0.075 seconds
[2025-12-06T04:22:18.704+0500] {processor.py:161} INFO - Started process (PID=82645) to work on /Users/symbat/airflow_local/.venv/lib/python3.11/site-packages/airflow/example_dags/example_setup_teardown.py
[2025-12-06T04:22:18.704+0500] {processor.py:830} INFO - Processing file /Users/symbat/airflow_local/.venv/lib/python3.11/site-packages/airflow/example_dags/example_setup_teardown.py for tasks to queue
[2025-12-06T04:22:18.705+0500] {logging_mixin.py:188} INFO - [2025-12-06T04:22:18.705+0500] {dagbag.py:545} INFO - Filling up the DagBag from /Users/symbat/airflow_local/.venv/lib/python3.11/site-packages/airflow/example_dags/example_setup_teardown.py
[2025-12-06T04:22:18.711+0500] {processor.py:840} INFO - DAG(s) 'example_setup_teardown' retrieved from /Users/symbat/airflow_local/.venv/lib/python3.11/site-packages/airflow/example_dags/example_setup_teardown.py
[2025-12-06T04:22:18.762+0500] {logging_mixin.py:188} INFO - [2025-12-06T04:22:18.762+0500] {dag.py:3089} INFO - Sync 1 DAGs
[2025-12-06T04:22:18.770+0500] {logging_mixin.py:188} INFO - [2025-12-06T04:22:18.770+0500] {dag.py:3947} INFO - Setting next_dagrun for example_setup_teardown to 2025-12-04 00:00:00+00:00, run_after=2025-12-05 00:00:00+00:00
[2025-12-06T04:22:18.781+0500] {processor.py:183} INFO - Processing /Users/symbat/airflow_local/.venv/lib/python3.11/site-packages/airflow/example_dags/example_setup_teardown.py took 0.079 seconds
[2025-12-06T04:25:16.242+0500] {processor.py:161} INFO - Started process (PID=83127) to work on /Users/symbat/airflow_local/.venv/lib/python3.11/site-packages/airflow/example_dags/example_setup_teardown.py
[2025-12-06T04:25:16.243+0500] {processor.py:830} INFO - Processing file /Users/symbat/airflow_local/.venv/lib/python3.11/site-packages/airflow/example_dags/example_setup_teardown.py for tasks to queue
[2025-12-06T04:25:16.244+0500] {logging_mixin.py:188} INFO - [2025-12-06T04:25:16.244+0500] {dagbag.py:545} INFO - Filling up the DagBag from /Users/symbat/airflow_local/.venv/lib/python3.11/site-packages/airflow/example_dags/example_setup_teardown.py
[2025-12-06T04:25:16.252+0500] {processor.py:840} INFO - DAG(s) 'example_setup_teardown' retrieved from /Users/symbat/airflow_local/.venv/lib/python3.11/site-packages/airflow/example_dags/example_setup_teardown.py
[2025-12-06T04:25:16.322+0500] {logging_mixin.py:188} INFO - [2025-12-06T04:25:16.322+0500] {dag.py:3089} INFO - Sync 1 DAGs
[2025-12-06T04:25:16.338+0500] {logging_mixin.py:188} INFO - [2025-12-06T04:25:16.338+0500] {dag.py:3947} INFO - Setting next_dagrun for example_setup_teardown to 2025-12-04 00:00:00+00:00, run_after=2025-12-05 00:00:00+00:00
[2025-12-06T04:25:16.352+0500] {processor.py:183} INFO - Processing /Users/symbat/airflow_local/.venv/lib/python3.11/site-packages/airflow/example_dags/example_setup_teardown.py took 0.111 seconds
[2025-12-06T04:27:00.646+0500] {processor.py:161} INFO - Started process (PID=83257) to work on /Users/symbat/airflow_local/.venv/lib/python3.11/site-packages/airflow/example_dags/example_setup_teardown.py
[2025-12-06T04:27:00.646+0500] {processor.py:830} INFO - Processing file /Users/symbat/airflow_local/.venv/lib/python3.11/site-packages/airflow/example_dags/example_setup_teardown.py for tasks to queue
[2025-12-06T04:27:00.647+0500] {logging_mixin.py:188} INFO - [2025-12-06T04:27:00.647+0500] {dagbag.py:545} INFO - Filling up the DagBag from /Users/symbat/airflow_local/.venv/lib/python3.11/site-packages/airflow/example_dags/example_setup_teardown.py
[2025-12-06T04:27:00.658+0500] {processor.py:840} INFO - DAG(s) 'example_setup_teardown' retrieved from /Users/symbat/airflow_local/.venv/lib/python3.11/site-packages/airflow/example_dags/example_setup_teardown.py
[2025-12-06T04:27:00.717+0500] {logging_mixin.py:188} INFO - [2025-12-06T04:27:00.716+0500] {dag.py:3089} INFO - Sync 1 DAGs
[2025-12-06T04:27:00.728+0500] {logging_mixin.py:188} INFO - [2025-12-06T04:27:00.728+0500] {dag.py:3947} INFO - Setting next_dagrun for example_setup_teardown to 2025-12-04 00:00:00+00:00, run_after=2025-12-05 00:00:00+00:00
[2025-12-06T04:27:00.740+0500] {processor.py:183} INFO - Processing /Users/symbat/airflow_local/.venv/lib/python3.11/site-packages/airflow/example_dags/example_setup_teardown.py took 0.099 seconds
[2025-12-06T04:28:37.928+0500] {processor.py:161} INFO - Started process (PID=83641) to work on /Users/symbat/airflow_local/.venv/lib/python3.11/site-packages/airflow/example_dags/example_setup_teardown.py
[2025-12-06T04:28:37.929+0500] {processor.py:830} INFO - Processing file /Users/symbat/airflow_local/.venv/lib/python3.11/site-packages/airflow/example_dags/example_setup_teardown.py for tasks to queue
[2025-12-06T04:28:37.929+0500] {logging_mixin.py:188} INFO - [2025-12-06T04:28:37.929+0500] {dagbag.py:545} INFO - Filling up the DagBag from /Users/symbat/airflow_local/.venv/lib/python3.11/site-packages/airflow/example_dags/example_setup_teardown.py
[2025-12-06T04:28:37.936+0500] {processor.py:840} INFO - DAG(s) 'example_setup_teardown' retrieved from /Users/symbat/airflow_local/.venv/lib/python3.11/site-packages/airflow/example_dags/example_setup_teardown.py
[2025-12-06T04:28:37.984+0500] {logging_mixin.py:188} INFO - [2025-12-06T04:28:37.984+0500] {dag.py:3089} INFO - Sync 1 DAGs
[2025-12-06T04:28:37.992+0500] {logging_mixin.py:188} INFO - [2025-12-06T04:28:37.992+0500] {dag.py:3947} INFO - Setting next_dagrun for example_setup_teardown to 2025-12-04 00:00:00+00:00, run_after=2025-12-05 00:00:00+00:00
[2025-12-06T04:28:38.000+0500] {processor.py:183} INFO - Processing /Users/symbat/airflow_local/.venv/lib/python3.11/site-packages/airflow/example_dags/example_setup_teardown.py took 0.076 seconds
[2025-12-06T04:30:28.453+0500] {processor.py:161} INFO - Started process (PID=83814) to work on /Users/symbat/airflow_local/.venv/lib/python3.11/site-packages/airflow/example_dags/example_setup_teardown.py
[2025-12-06T04:30:28.454+0500] {processor.py:830} INFO - Processing file /Users/symbat/airflow_local/.venv/lib/python3.11/site-packages/airflow/example_dags/example_setup_teardown.py for tasks to queue
[2025-12-06T04:30:28.455+0500] {logging_mixin.py:188} INFO - [2025-12-06T04:30:28.455+0500] {dagbag.py:545} INFO - Filling up the DagBag from /Users/symbat/airflow_local/.venv/lib/python3.11/site-packages/airflow/example_dags/example_setup_teardown.py
[2025-12-06T04:30:28.462+0500] {processor.py:840} INFO - DAG(s) 'example_setup_teardown' retrieved from /Users/symbat/airflow_local/.venv/lib/python3.11/site-packages/airflow/example_dags/example_setup_teardown.py
[2025-12-06T04:30:28.516+0500] {logging_mixin.py:188} INFO - [2025-12-06T04:30:28.516+0500] {dag.py:3089} INFO - Sync 1 DAGs
[2025-12-06T04:30:28.524+0500] {logging_mixin.py:188} INFO - [2025-12-06T04:30:28.524+0500] {dag.py:3947} INFO - Setting next_dagrun for example_setup_teardown to 2025-12-04 00:00:00+00:00, run_after=2025-12-05 00:00:00+00:00
[2025-12-06T04:30:28.532+0500] {processor.py:183} INFO - Processing /Users/symbat/airflow_local/.venv/lib/python3.11/site-packages/airflow/example_dags/example_setup_teardown.py took 0.081 seconds
[2025-12-06T04:32:23.291+0500] {processor.py:161} INFO - Started process (PID=83962) to work on /Users/symbat/airflow_local/.venv/lib/python3.11/site-packages/airflow/example_dags/example_setup_teardown.py
[2025-12-06T04:32:23.292+0500] {processor.py:830} INFO - Processing file /Users/symbat/airflow_local/.venv/lib/python3.11/site-packages/airflow/example_dags/example_setup_teardown.py for tasks to queue
[2025-12-06T04:32:23.292+0500] {logging_mixin.py:188} INFO - [2025-12-06T04:32:23.292+0500] {dagbag.py:545} INFO - Filling up the DagBag from /Users/symbat/airflow_local/.venv/lib/python3.11/site-packages/airflow/example_dags/example_setup_teardown.py
[2025-12-06T04:32:23.302+0500] {processor.py:840} INFO - DAG(s) 'example_setup_teardown' retrieved from /Users/symbat/airflow_local/.venv/lib/python3.11/site-packages/airflow/example_dags/example_setup_teardown.py
[2025-12-06T04:32:23.364+0500] {logging_mixin.py:188} INFO - [2025-12-06T04:32:23.363+0500] {dag.py:3089} INFO - Sync 1 DAGs
[2025-12-06T04:32:23.376+0500] {logging_mixin.py:188} INFO - [2025-12-06T04:32:23.376+0500] {dag.py:3947} INFO - Setting next_dagrun for example_setup_teardown to 2025-12-04 00:00:00+00:00, run_after=2025-12-05 00:00:00+00:00
[2025-12-06T04:32:23.387+0500] {processor.py:183} INFO - Processing /Users/symbat/airflow_local/.venv/lib/python3.11/site-packages/airflow/example_dags/example_setup_teardown.py took 0.099 seconds
[2025-12-06T04:34:13.765+0500] {processor.py:161} INFO - Started process (PID=84185) to work on /Users/symbat/airflow_local/.venv/lib/python3.11/site-packages/airflow/example_dags/example_setup_teardown.py
[2025-12-06T04:34:13.766+0500] {processor.py:830} INFO - Processing file /Users/symbat/airflow_local/.venv/lib/python3.11/site-packages/airflow/example_dags/example_setup_teardown.py for tasks to queue
[2025-12-06T04:34:13.766+0500] {logging_mixin.py:188} INFO - [2025-12-06T04:34:13.766+0500] {dagbag.py:545} INFO - Filling up the DagBag from /Users/symbat/airflow_local/.venv/lib/python3.11/site-packages/airflow/example_dags/example_setup_teardown.py
[2025-12-06T04:34:13.772+0500] {processor.py:840} INFO - DAG(s) 'example_setup_teardown' retrieved from /Users/symbat/airflow_local/.venv/lib/python3.11/site-packages/airflow/example_dags/example_setup_teardown.py
[2025-12-06T04:34:13.828+0500] {logging_mixin.py:188} INFO - [2025-12-06T04:34:13.828+0500] {dag.py:3089} INFO - Sync 1 DAGs
[2025-12-06T04:34:13.836+0500] {logging_mixin.py:188} INFO - [2025-12-06T04:34:13.836+0500] {dag.py:3947} INFO - Setting next_dagrun for example_setup_teardown to 2025-12-04 00:00:00+00:00, run_after=2025-12-05 00:00:00+00:00
[2025-12-06T04:34:13.847+0500] {processor.py:183} INFO - Processing /Users/symbat/airflow_local/.venv/lib/python3.11/site-packages/airflow/example_dags/example_setup_teardown.py took 0.084 seconds
[2025-12-06T04:36:24.679+0500] {processor.py:161} INFO - Started process (PID=84380) to work on /Users/symbat/airflow_local/.venv/lib/python3.11/site-packages/airflow/example_dags/example_setup_teardown.py
[2025-12-06T04:36:24.681+0500] {processor.py:830} INFO - Processing file /Users/symbat/airflow_local/.venv/lib/python3.11/site-packages/airflow/example_dags/example_setup_teardown.py for tasks to queue
[2025-12-06T04:36:24.681+0500] {logging_mixin.py:188} INFO - [2025-12-06T04:36:24.681+0500] {dagbag.py:545} INFO - Filling up the DagBag from /Users/symbat/airflow_local/.venv/lib/python3.11/site-packages/airflow/example_dags/example_setup_teardown.py
[2025-12-06T04:36:24.687+0500] {processor.py:840} INFO - DAG(s) 'example_setup_teardown' retrieved from /Users/symbat/airflow_local/.venv/lib/python3.11/site-packages/airflow/example_dags/example_setup_teardown.py
[2025-12-06T04:36:24.756+0500] {logging_mixin.py:188} INFO - [2025-12-06T04:36:24.755+0500] {dag.py:3089} INFO - Sync 1 DAGs
[2025-12-06T04:36:24.772+0500] {logging_mixin.py:188} INFO - [2025-12-06T04:36:24.772+0500] {dag.py:3947} INFO - Setting next_dagrun for example_setup_teardown to 2025-12-04 00:00:00+00:00, run_after=2025-12-05 00:00:00+00:00
[2025-12-06T04:36:24.781+0500] {processor.py:183} INFO - Processing /Users/symbat/airflow_local/.venv/lib/python3.11/site-packages/airflow/example_dags/example_setup_teardown.py took 0.105 seconds
