[2025-12-06T03:56:49.604+0500] {processor.py:161} INFO - Started process (PID=79624) to work on /Users/symbat/airflow_local/.venv/lib/python3.11/site-packages/airflow/example_dags/example_branch_day_of_week_operator.py
[2025-12-06T03:56:49.605+0500] {processor.py:830} INFO - Processing file /Users/symbat/airflow_local/.venv/lib/python3.11/site-packages/airflow/example_dags/example_branch_day_of_week_operator.py for tasks to queue
[2025-12-06T03:56:49.605+0500] {logging_mixin.py:188} INFO - [2025-12-06T03:56:49.605+0500] {dagbag.py:545} INFO - Filling up the DagBag from /Users/symbat/airflow_local/.venv/lib/python3.11/site-packages/airflow/example_dags/example_branch_day_of_week_operator.py
[2025-12-06T03:56:49.615+0500] {processor.py:840} INFO - DAG(s) 'example_weekday_branch_operator' retrieved from /Users/symbat/airflow_local/.venv/lib/python3.11/site-packages/airflow/example_dags/example_branch_day_of_week_operator.py
[2025-12-06T03:56:49.737+0500] {logging_mixin.py:188} INFO - [2025-12-06T03:56:49.736+0500] {override.py:1930} INFO - Created Permission View: can delete on DAG:example_weekday_branch_operator
[2025-12-06T03:56:49.741+0500] {logging_mixin.py:188} INFO - [2025-12-06T03:56:49.741+0500] {override.py:1930} INFO - Created Permission View: can read on DAG:example_weekday_branch_operator
[2025-12-06T03:56:49.745+0500] {logging_mixin.py:188} INFO - [2025-12-06T03:56:49.745+0500] {override.py:1930} INFO - Created Permission View: can edit on DAG:example_weekday_branch_operator
[2025-12-06T03:56:49.745+0500] {logging_mixin.py:188} INFO - [2025-12-06T03:56:49.745+0500] {dag.py:3089} INFO - Sync 1 DAGs
[2025-12-06T03:56:49.753+0500] {logging_mixin.py:188} INFO - [2025-12-06T03:56:49.753+0500] {dag.py:3111} INFO - Creating ORM DAG for example_weekday_branch_operator
[2025-12-06T03:56:49.758+0500] {logging_mixin.py:188} INFO - [2025-12-06T03:56:49.758+0500] {dag.py:3947} INFO - Setting next_dagrun for example_weekday_branch_operator to 2025-12-04 00:00:00+00:00, run_after=2025-12-05 00:00:00+00:00
[2025-12-06T03:56:49.820+0500] {processor.py:183} INFO - Processing /Users/symbat/airflow_local/.venv/lib/python3.11/site-packages/airflow/example_dags/example_branch_day_of_week_operator.py took 0.218 seconds
[2025-12-06T03:59:52.571+0500] {processor.py:161} INFO - Started process (PID=80213) to work on /Users/symbat/airflow_local/.venv/lib/python3.11/site-packages/airflow/example_dags/example_branch_day_of_week_operator.py
[2025-12-06T03:59:52.572+0500] {processor.py:830} INFO - Processing file /Users/symbat/airflow_local/.venv/lib/python3.11/site-packages/airflow/example_dags/example_branch_day_of_week_operator.py for tasks to queue
[2025-12-06T03:59:52.573+0500] {logging_mixin.py:188} INFO - [2025-12-06T03:59:52.573+0500] {dagbag.py:545} INFO - Filling up the DagBag from /Users/symbat/airflow_local/.venv/lib/python3.11/site-packages/airflow/example_dags/example_branch_day_of_week_operator.py
[2025-12-06T03:59:52.587+0500] {processor.py:840} INFO - DAG(s) 'example_weekday_branch_operator' retrieved from /Users/symbat/airflow_local/.venv/lib/python3.11/site-packages/airflow/example_dags/example_branch_day_of_week_operator.py
[2025-12-06T03:59:52.659+0500] {logging_mixin.py:188} INFO - [2025-12-06T03:59:52.658+0500] {dag.py:3089} INFO - Sync 1 DAGs
[2025-12-06T03:59:52.669+0500] {logging_mixin.py:188} INFO - [2025-12-06T03:59:52.668+0500] {dag.py:3947} INFO - Setting next_dagrun for example_weekday_branch_operator to 2025-12-04 00:00:00+00:00, run_after=2025-12-05 00:00:00+00:00
[2025-12-06T03:59:52.679+0500] {processor.py:183} INFO - Processing /Users/symbat/airflow_local/.venv/lib/python3.11/site-packages/airflow/example_dags/example_branch_day_of_week_operator.py took 0.113 seconds
[2025-12-06T04:03:10.079+0500] {processor.py:161} INFO - Started process (PID=80913) to work on /Users/symbat/airflow_local/.venv/lib/python3.11/site-packages/airflow/example_dags/example_branch_day_of_week_operator.py
[2025-12-06T04:03:10.080+0500] {processor.py:830} INFO - Processing file /Users/symbat/airflow_local/.venv/lib/python3.11/site-packages/airflow/example_dags/example_branch_day_of_week_operator.py for tasks to queue
[2025-12-06T04:03:10.080+0500] {logging_mixin.py:188} INFO - [2025-12-06T04:03:10.080+0500] {dagbag.py:545} INFO - Filling up the DagBag from /Users/symbat/airflow_local/.venv/lib/python3.11/site-packages/airflow/example_dags/example_branch_day_of_week_operator.py
[2025-12-06T04:03:10.087+0500] {processor.py:840} INFO - DAG(s) 'example_weekday_branch_operator' retrieved from /Users/symbat/airflow_local/.venv/lib/python3.11/site-packages/airflow/example_dags/example_branch_day_of_week_operator.py
[2025-12-06T04:03:10.143+0500] {logging_mixin.py:188} INFO - [2025-12-06T04:03:10.143+0500] {dag.py:3089} INFO - Sync 1 DAGs
[2025-12-06T04:03:10.152+0500] {logging_mixin.py:188} INFO - [2025-12-06T04:03:10.152+0500] {dag.py:3947} INFO - Setting next_dagrun for example_weekday_branch_operator to 2025-12-04 00:00:00+00:00, run_after=2025-12-05 00:00:00+00:00
[2025-12-06T04:03:10.161+0500] {processor.py:183} INFO - Processing /Users/symbat/airflow_local/.venv/lib/python3.11/site-packages/airflow/example_dags/example_branch_day_of_week_operator.py took 0.084 seconds
[2025-12-06T04:06:37.779+0500] {processor.py:161} INFO - Started process (PID=81473) to work on /Users/symbat/airflow_local/.venv/lib/python3.11/site-packages/airflow/example_dags/example_branch_day_of_week_operator.py
[2025-12-06T04:06:37.781+0500] {processor.py:830} INFO - Processing file /Users/symbat/airflow_local/.venv/lib/python3.11/site-packages/airflow/example_dags/example_branch_day_of_week_operator.py for tasks to queue
[2025-12-06T04:06:37.781+0500] {logging_mixin.py:188} INFO - [2025-12-06T04:06:37.781+0500] {dagbag.py:545} INFO - Filling up the DagBag from /Users/symbat/airflow_local/.venv/lib/python3.11/site-packages/airflow/example_dags/example_branch_day_of_week_operator.py
[2025-12-06T04:06:37.797+0500] {processor.py:840} INFO - DAG(s) 'example_weekday_branch_operator' retrieved from /Users/symbat/airflow_local/.venv/lib/python3.11/site-packages/airflow/example_dags/example_branch_day_of_week_operator.py
[2025-12-06T04:06:37.863+0500] {logging_mixin.py:188} INFO - [2025-12-06T04:06:37.863+0500] {dag.py:3089} INFO - Sync 1 DAGs
[2025-12-06T04:06:37.872+0500] {logging_mixin.py:188} INFO - [2025-12-06T04:06:37.872+0500] {dag.py:3947} INFO - Setting next_dagrun for example_weekday_branch_operator to 2025-12-04 00:00:00+00:00, run_after=2025-12-05 00:00:00+00:00
[2025-12-06T04:06:37.884+0500] {processor.py:183} INFO - Processing /Users/symbat/airflow_local/.venv/lib/python3.11/site-packages/airflow/example_dags/example_branch_day_of_week_operator.py took 0.107 seconds
[2025-12-06T04:10:03.770+0500] {processor.py:161} INFO - Started process (PID=81730) to work on /Users/symbat/airflow_local/.venv/lib/python3.11/site-packages/airflow/example_dags/example_branch_day_of_week_operator.py
[2025-12-06T04:10:03.771+0500] {processor.py:830} INFO - Processing file /Users/symbat/airflow_local/.venv/lib/python3.11/site-packages/airflow/example_dags/example_branch_day_of_week_operator.py for tasks to queue
[2025-12-06T04:10:03.771+0500] {logging_mixin.py:188} INFO - [2025-12-06T04:10:03.771+0500] {dagbag.py:545} INFO - Filling up the DagBag from /Users/symbat/airflow_local/.venv/lib/python3.11/site-packages/airflow/example_dags/example_branch_day_of_week_operator.py
[2025-12-06T04:10:03.781+0500] {processor.py:840} INFO - DAG(s) 'example_weekday_branch_operator' retrieved from /Users/symbat/airflow_local/.venv/lib/python3.11/site-packages/airflow/example_dags/example_branch_day_of_week_operator.py
[2025-12-06T04:10:03.832+0500] {logging_mixin.py:188} INFO - [2025-12-06T04:10:03.832+0500] {dag.py:3089} INFO - Sync 1 DAGs
[2025-12-06T04:10:03.841+0500] {logging_mixin.py:188} INFO - [2025-12-06T04:10:03.841+0500] {dag.py:3947} INFO - Setting next_dagrun for example_weekday_branch_operator to 2025-12-04 00:00:00+00:00, run_after=2025-12-05 00:00:00+00:00
[2025-12-06T04:10:03.851+0500] {processor.py:183} INFO - Processing /Users/symbat/airflow_local/.venv/lib/python3.11/site-packages/airflow/example_dags/example_branch_day_of_week_operator.py took 0.083 seconds
[2025-12-06T04:13:19.871+0500] {processor.py:161} INFO - Started process (PID=82033) to work on /Users/symbat/airflow_local/.venv/lib/python3.11/site-packages/airflow/example_dags/example_branch_day_of_week_operator.py
[2025-12-06T04:13:19.874+0500] {processor.py:830} INFO - Processing file /Users/symbat/airflow_local/.venv/lib/python3.11/site-packages/airflow/example_dags/example_branch_day_of_week_operator.py for tasks to queue
[2025-12-06T04:13:19.875+0500] {logging_mixin.py:188} INFO - [2025-12-06T04:13:19.875+0500] {dagbag.py:545} INFO - Filling up the DagBag from /Users/symbat/airflow_local/.venv/lib/python3.11/site-packages/airflow/example_dags/example_branch_day_of_week_operator.py
[2025-12-06T04:13:19.888+0500] {processor.py:840} INFO - DAG(s) 'example_weekday_branch_operator' retrieved from /Users/symbat/airflow_local/.venv/lib/python3.11/site-packages/airflow/example_dags/example_branch_day_of_week_operator.py
[2025-12-06T04:13:19.958+0500] {logging_mixin.py:188} INFO - [2025-12-06T04:13:19.957+0500] {dag.py:3089} INFO - Sync 1 DAGs
[2025-12-06T04:13:19.970+0500] {logging_mixin.py:188} INFO - [2025-12-06T04:13:19.970+0500] {dag.py:3947} INFO - Setting next_dagrun for example_weekday_branch_operator to 2025-12-04 00:00:00+00:00, run_after=2025-12-05 00:00:00+00:00
[2025-12-06T04:13:19.981+0500] {processor.py:183} INFO - Processing /Users/symbat/airflow_local/.venv/lib/python3.11/site-packages/airflow/example_dags/example_branch_day_of_week_operator.py took 0.115 seconds
[2025-12-06T04:16:35.034+0500] {processor.py:161} INFO - Started process (PID=82267) to work on /Users/symbat/airflow_local/.venv/lib/python3.11/site-packages/airflow/example_dags/example_branch_day_of_week_operator.py
[2025-12-06T04:16:35.035+0500] {processor.py:830} INFO - Processing file /Users/symbat/airflow_local/.venv/lib/python3.11/site-packages/airflow/example_dags/example_branch_day_of_week_operator.py for tasks to queue
[2025-12-06T04:16:35.036+0500] {logging_mixin.py:188} INFO - [2025-12-06T04:16:35.036+0500] {dagbag.py:545} INFO - Filling up the DagBag from /Users/symbat/airflow_local/.venv/lib/python3.11/site-packages/airflow/example_dags/example_branch_day_of_week_operator.py
[2025-12-06T04:16:35.049+0500] {processor.py:840} INFO - DAG(s) 'example_weekday_branch_operator' retrieved from /Users/symbat/airflow_local/.venv/lib/python3.11/site-packages/airflow/example_dags/example_branch_day_of_week_operator.py
[2025-12-06T04:16:35.133+0500] {logging_mixin.py:188} INFO - [2025-12-06T04:16:35.133+0500] {dag.py:3089} INFO - Sync 1 DAGs
[2025-12-06T04:16:35.146+0500] {logging_mixin.py:188} INFO - [2025-12-06T04:16:35.146+0500] {dag.py:3947} INFO - Setting next_dagrun for example_weekday_branch_operator to 2025-12-04 00:00:00+00:00, run_after=2025-12-05 00:00:00+00:00
[2025-12-06T04:16:35.167+0500] {processor.py:183} INFO - Processing /Users/symbat/airflow_local/.venv/lib/python3.11/site-packages/airflow/example_dags/example_branch_day_of_week_operator.py took 0.136 seconds
[2025-12-06T04:19:43.058+0500] {processor.py:161} INFO - Started process (PID=82475) to work on /Users/symbat/airflow_local/.venv/lib/python3.11/site-packages/airflow/example_dags/example_branch_day_of_week_operator.py
[2025-12-06T04:19:43.061+0500] {processor.py:830} INFO - Processing file /Users/symbat/airflow_local/.venv/lib/python3.11/site-packages/airflow/example_dags/example_branch_day_of_week_operator.py for tasks to queue
[2025-12-06T04:19:43.061+0500] {logging_mixin.py:188} INFO - [2025-12-06T04:19:43.061+0500] {dagbag.py:545} INFO - Filling up the DagBag from /Users/symbat/airflow_local/.venv/lib/python3.11/site-packages/airflow/example_dags/example_branch_day_of_week_operator.py
[2025-12-06T04:19:43.071+0500] {processor.py:840} INFO - DAG(s) 'example_weekday_branch_operator' retrieved from /Users/symbat/airflow_local/.venv/lib/python3.11/site-packages/airflow/example_dags/example_branch_day_of_week_operator.py
[2025-12-06T04:19:43.139+0500] {logging_mixin.py:188} INFO - [2025-12-06T04:19:43.139+0500] {dag.py:3089} INFO - Sync 1 DAGs
[2025-12-06T04:19:43.150+0500] {logging_mixin.py:188} INFO - [2025-12-06T04:19:43.150+0500] {dag.py:3947} INFO - Setting next_dagrun for example_weekday_branch_operator to 2025-12-04 00:00:00+00:00, run_after=2025-12-05 00:00:00+00:00
[2025-12-06T04:19:43.169+0500] {processor.py:183} INFO - Processing /Users/symbat/airflow_local/.venv/lib/python3.11/site-packages/airflow/example_dags/example_branch_day_of_week_operator.py took 0.115 seconds
[2025-12-06T04:22:39.266+0500] {processor.py:161} INFO - Started process (PID=82677) to work on /Users/symbat/airflow_local/.venv/lib/python3.11/site-packages/airflow/example_dags/example_branch_day_of_week_operator.py
[2025-12-06T04:22:39.269+0500] {processor.py:830} INFO - Processing file /Users/symbat/airflow_local/.venv/lib/python3.11/site-packages/airflow/example_dags/example_branch_day_of_week_operator.py for tasks to queue
[2025-12-06T04:22:39.269+0500] {logging_mixin.py:188} INFO - [2025-12-06T04:22:39.269+0500] {dagbag.py:545} INFO - Filling up the DagBag from /Users/symbat/airflow_local/.venv/lib/python3.11/site-packages/airflow/example_dags/example_branch_day_of_week_operator.py
[2025-12-06T04:22:39.283+0500] {processor.py:840} INFO - DAG(s) 'example_weekday_branch_operator' retrieved from /Users/symbat/airflow_local/.venv/lib/python3.11/site-packages/airflow/example_dags/example_branch_day_of_week_operator.py
[2025-12-06T04:22:39.330+0500] {logging_mixin.py:188} INFO - [2025-12-06T04:22:39.330+0500] {dag.py:3089} INFO - Sync 1 DAGs
[2025-12-06T04:22:39.339+0500] {logging_mixin.py:188} INFO - [2025-12-06T04:22:39.339+0500] {dag.py:3947} INFO - Setting next_dagrun for example_weekday_branch_operator to 2025-12-04 00:00:00+00:00, run_after=2025-12-05 00:00:00+00:00
[2025-12-06T04:22:39.348+0500] {processor.py:183} INFO - Processing /Users/symbat/airflow_local/.venv/lib/python3.11/site-packages/airflow/example_dags/example_branch_day_of_week_operator.py took 0.084 seconds
[2025-12-06T04:25:42.782+0500] {processor.py:161} INFO - Started process (PID=83155) to work on /Users/symbat/airflow_local/.venv/lib/python3.11/site-packages/airflow/example_dags/example_branch_day_of_week_operator.py
[2025-12-06T04:25:42.785+0500] {processor.py:830} INFO - Processing file /Users/symbat/airflow_local/.venv/lib/python3.11/site-packages/airflow/example_dags/example_branch_day_of_week_operator.py for tasks to queue
[2025-12-06T04:25:42.785+0500] {logging_mixin.py:188} INFO - [2025-12-06T04:25:42.785+0500] {dagbag.py:545} INFO - Filling up the DagBag from /Users/symbat/airflow_local/.venv/lib/python3.11/site-packages/airflow/example_dags/example_branch_day_of_week_operator.py
[2025-12-06T04:25:42.794+0500] {processor.py:840} INFO - DAG(s) 'example_weekday_branch_operator' retrieved from /Users/symbat/airflow_local/.venv/lib/python3.11/site-packages/airflow/example_dags/example_branch_day_of_week_operator.py
[2025-12-06T04:25:42.848+0500] {logging_mixin.py:188} INFO - [2025-12-06T04:25:42.848+0500] {dag.py:3089} INFO - Sync 1 DAGs
[2025-12-06T04:25:42.856+0500] {logging_mixin.py:188} INFO - [2025-12-06T04:25:42.856+0500] {dag.py:3947} INFO - Setting next_dagrun for example_weekday_branch_operator to 2025-12-04 00:00:00+00:00, run_after=2025-12-05 00:00:00+00:00
[2025-12-06T04:25:42.866+0500] {processor.py:183} INFO - Processing /Users/symbat/airflow_local/.venv/lib/python3.11/site-packages/airflow/example_dags/example_branch_day_of_week_operator.py took 0.086 seconds
[2025-12-06T04:29:08.606+0500] {processor.py:161} INFO - Started process (PID=83672) to work on /Users/symbat/airflow_local/.venv/lib/python3.11/site-packages/airflow/example_dags/example_branch_day_of_week_operator.py
[2025-12-06T04:29:08.608+0500] {processor.py:830} INFO - Processing file /Users/symbat/airflow_local/.venv/lib/python3.11/site-packages/airflow/example_dags/example_branch_day_of_week_operator.py for tasks to queue
[2025-12-06T04:29:08.609+0500] {logging_mixin.py:188} INFO - [2025-12-06T04:29:08.608+0500] {dagbag.py:545} INFO - Filling up the DagBag from /Users/symbat/airflow_local/.venv/lib/python3.11/site-packages/airflow/example_dags/example_branch_day_of_week_operator.py
[2025-12-06T04:29:08.618+0500] {processor.py:840} INFO - DAG(s) 'example_weekday_branch_operator' retrieved from /Users/symbat/airflow_local/.venv/lib/python3.11/site-packages/airflow/example_dags/example_branch_day_of_week_operator.py
[2025-12-06T04:29:08.672+0500] {logging_mixin.py:188} INFO - [2025-12-06T04:29:08.672+0500] {dag.py:3089} INFO - Sync 1 DAGs
[2025-12-06T04:29:08.680+0500] {logging_mixin.py:188} INFO - [2025-12-06T04:29:08.680+0500] {dag.py:3947} INFO - Setting next_dagrun for example_weekday_branch_operator to 2025-12-04 00:00:00+00:00, run_after=2025-12-05 00:00:00+00:00
[2025-12-06T04:29:08.689+0500] {processor.py:183} INFO - Processing /Users/symbat/airflow_local/.venv/lib/python3.11/site-packages/airflow/example_dags/example_branch_day_of_week_operator.py took 0.086 seconds
[2025-12-06T04:33:04.206+0500] {processor.py:161} INFO - Started process (PID=84057) to work on /Users/symbat/airflow_local/.venv/lib/python3.11/site-packages/airflow/example_dags/example_branch_day_of_week_operator.py
[2025-12-06T04:33:04.207+0500] {processor.py:830} INFO - Processing file /Users/symbat/airflow_local/.venv/lib/python3.11/site-packages/airflow/example_dags/example_branch_day_of_week_operator.py for tasks to queue
[2025-12-06T04:33:04.207+0500] {logging_mixin.py:188} INFO - [2025-12-06T04:33:04.207+0500] {dagbag.py:545} INFO - Filling up the DagBag from /Users/symbat/airflow_local/.venv/lib/python3.11/site-packages/airflow/example_dags/example_branch_day_of_week_operator.py
[2025-12-06T04:33:04.214+0500] {processor.py:840} INFO - DAG(s) 'example_weekday_branch_operator' retrieved from /Users/symbat/airflow_local/.venv/lib/python3.11/site-packages/airflow/example_dags/example_branch_day_of_week_operator.py
[2025-12-06T04:33:04.256+0500] {logging_mixin.py:188} INFO - [2025-12-06T04:33:04.256+0500] {dag.py:3089} INFO - Sync 1 DAGs
[2025-12-06T04:33:04.264+0500] {logging_mixin.py:188} INFO - [2025-12-06T04:33:04.264+0500] {dag.py:3947} INFO - Setting next_dagrun for example_weekday_branch_operator to 2025-12-04 00:00:00+00:00, run_after=2025-12-05 00:00:00+00:00
[2025-12-06T04:33:04.273+0500] {processor.py:183} INFO - Processing /Users/symbat/airflow_local/.venv/lib/python3.11/site-packages/airflow/example_dags/example_branch_day_of_week_operator.py took 0.069 seconds
[2025-12-06T04:37:03.634+0500] {processor.py:161} INFO - Started process (PID=84431) to work on /Users/symbat/airflow_local/.venv/lib/python3.11/site-packages/airflow/example_dags/example_branch_day_of_week_operator.py
[2025-12-06T04:37:03.635+0500] {processor.py:830} INFO - Processing file /Users/symbat/airflow_local/.venv/lib/python3.11/site-packages/airflow/example_dags/example_branch_day_of_week_operator.py for tasks to queue
[2025-12-06T04:37:03.636+0500] {logging_mixin.py:188} INFO - [2025-12-06T04:37:03.636+0500] {dagbag.py:545} INFO - Filling up the DagBag from /Users/symbat/airflow_local/.venv/lib/python3.11/site-packages/airflow/example_dags/example_branch_day_of_week_operator.py
[2025-12-06T04:37:03.644+0500] {processor.py:840} INFO - DAG(s) 'example_weekday_branch_operator' retrieved from /Users/symbat/airflow_local/.venv/lib/python3.11/site-packages/airflow/example_dags/example_branch_day_of_week_operator.py
[2025-12-06T04:37:03.703+0500] {logging_mixin.py:188} INFO - [2025-12-06T04:37:03.703+0500] {dag.py:3089} INFO - Sync 1 DAGs
[2025-12-06T04:37:03.712+0500] {logging_mixin.py:188} INFO - [2025-12-06T04:37:03.712+0500] {dag.py:3947} INFO - Setting next_dagrun for example_weekday_branch_operator to 2025-12-04 00:00:00+00:00, run_after=2025-12-05 00:00:00+00:00
[2025-12-06T04:37:03.721+0500] {processor.py:183} INFO - Processing /Users/symbat/airflow_local/.venv/lib/python3.11/site-packages/airflow/example_dags/example_branch_day_of_week_operator.py took 0.089 seconds
