[2025-12-06T03:56:14.042+0500] {processor.py:161} INFO - Started process (PID=79579) to work on /Users/symbat/airflow_local/.venv/lib/python3.11/site-packages/airflow/example_dags/example_nested_branch_dag.py
[2025-12-06T03:56:14.043+0500] {processor.py:830} INFO - Processing file /Users/symbat/airflow_local/.venv/lib/python3.11/site-packages/airflow/example_dags/example_nested_branch_dag.py for tasks to queue
[2025-12-06T03:56:14.043+0500] {logging_mixin.py:188} INFO - [2025-12-06T03:56:14.043+0500] {dagbag.py:545} INFO - Filling up the DagBag from /Users/symbat/airflow_local/.venv/lib/python3.11/site-packages/airflow/example_dags/example_nested_branch_dag.py
[2025-12-06T03:56:14.072+0500] {processor.py:840} INFO - DAG(s) 'example_nested_branch_dag' retrieved from /Users/symbat/airflow_local/.venv/lib/python3.11/site-packages/airflow/example_dags/example_nested_branch_dag.py
[2025-12-06T03:56:14.231+0500] {logging_mixin.py:188} INFO - [2025-12-06T03:56:14.231+0500] {override.py:1930} INFO - Created Permission View: can read on DAG:example_nested_branch_dag
[2025-12-06T03:56:14.236+0500] {logging_mixin.py:188} INFO - [2025-12-06T03:56:14.236+0500] {override.py:1930} INFO - Created Permission View: can edit on DAG:example_nested_branch_dag
[2025-12-06T03:56:14.243+0500] {logging_mixin.py:188} INFO - [2025-12-06T03:56:14.242+0500] {override.py:1930} INFO - Created Permission View: can delete on DAG:example_nested_branch_dag
[2025-12-06T03:56:14.243+0500] {logging_mixin.py:188} INFO - [2025-12-06T03:56:14.243+0500] {dag.py:3089} INFO - Sync 1 DAGs
[2025-12-06T03:56:14.248+0500] {logging_mixin.py:188} INFO - [2025-12-06T03:56:14.248+0500] {dag.py:3111} INFO - Creating ORM DAG for example_nested_branch_dag
[2025-12-06T03:56:14.252+0500] {logging_mixin.py:188} INFO - [2025-12-06T03:56:14.252+0500] {dag.py:3947} INFO - Setting next_dagrun for example_nested_branch_dag to 2025-12-04 00:00:00+00:00, run_after=2025-12-05 00:00:00+00:00
[2025-12-06T03:56:14.262+0500] {processor.py:183} INFO - Processing /Users/symbat/airflow_local/.venv/lib/python3.11/site-packages/airflow/example_dags/example_nested_branch_dag.py took 0.222 seconds
[2025-12-06T03:58:13.542+0500] {processor.py:161} INFO - Started process (PID=79711) to work on /Users/symbat/airflow_local/.venv/lib/python3.11/site-packages/airflow/example_dags/example_nested_branch_dag.py
[2025-12-06T03:58:13.543+0500] {processor.py:830} INFO - Processing file /Users/symbat/airflow_local/.venv/lib/python3.11/site-packages/airflow/example_dags/example_nested_branch_dag.py for tasks to queue
[2025-12-06T03:58:13.544+0500] {logging_mixin.py:188} INFO - [2025-12-06T03:58:13.544+0500] {dagbag.py:545} INFO - Filling up the DagBag from /Users/symbat/airflow_local/.venv/lib/python3.11/site-packages/airflow/example_dags/example_nested_branch_dag.py
[2025-12-06T03:58:13.584+0500] {processor.py:840} INFO - DAG(s) 'example_nested_branch_dag' retrieved from /Users/symbat/airflow_local/.venv/lib/python3.11/site-packages/airflow/example_dags/example_nested_branch_dag.py
[2025-12-06T03:58:13.654+0500] {logging_mixin.py:188} INFO - [2025-12-06T03:58:13.654+0500] {dag.py:3089} INFO - Sync 1 DAGs
[2025-12-06T03:58:13.664+0500] {logging_mixin.py:188} INFO - [2025-12-06T03:58:13.664+0500] {dag.py:3947} INFO - Setting next_dagrun for example_nested_branch_dag to 2025-12-04 00:00:00+00:00, run_after=2025-12-05 00:00:00+00:00
[2025-12-06T03:58:13.675+0500] {processor.py:183} INFO - Processing /Users/symbat/airflow_local/.venv/lib/python3.11/site-packages/airflow/example_dags/example_nested_branch_dag.py took 0.137 seconds
[2025-12-06T04:01:20.437+0500] {processor.py:161} INFO - Started process (PID=80415) to work on /Users/symbat/airflow_local/.venv/lib/python3.11/site-packages/airflow/example_dags/example_nested_branch_dag.py
[2025-12-06T04:01:20.438+0500] {processor.py:830} INFO - Processing file /Users/symbat/airflow_local/.venv/lib/python3.11/site-packages/airflow/example_dags/example_nested_branch_dag.py for tasks to queue
[2025-12-06T04:01:20.439+0500] {logging_mixin.py:188} INFO - [2025-12-06T04:01:20.438+0500] {dagbag.py:545} INFO - Filling up the DagBag from /Users/symbat/airflow_local/.venv/lib/python3.11/site-packages/airflow/example_dags/example_nested_branch_dag.py
[2025-12-06T04:01:20.469+0500] {processor.py:840} INFO - DAG(s) 'example_nested_branch_dag' retrieved from /Users/symbat/airflow_local/.venv/lib/python3.11/site-packages/airflow/example_dags/example_nested_branch_dag.py
[2025-12-06T04:01:20.540+0500] {logging_mixin.py:188} INFO - [2025-12-06T04:01:20.540+0500] {dag.py:3089} INFO - Sync 1 DAGs
[2025-12-06T04:01:20.554+0500] {logging_mixin.py:188} INFO - [2025-12-06T04:01:20.553+0500] {dag.py:3947} INFO - Setting next_dagrun for example_nested_branch_dag to 2025-12-04 00:00:00+00:00, run_after=2025-12-05 00:00:00+00:00
[2025-12-06T04:01:20.567+0500] {processor.py:183} INFO - Processing /Users/symbat/airflow_local/.venv/lib/python3.11/site-packages/airflow/example_dags/example_nested_branch_dag.py took 0.133 seconds
[2025-12-06T04:04:43.415+0500] {processor.py:161} INFO - Started process (PID=81077) to work on /Users/symbat/airflow_local/.venv/lib/python3.11/site-packages/airflow/example_dags/example_nested_branch_dag.py
[2025-12-06T04:04:43.416+0500] {processor.py:830} INFO - Processing file /Users/symbat/airflow_local/.venv/lib/python3.11/site-packages/airflow/example_dags/example_nested_branch_dag.py for tasks to queue
[2025-12-06T04:04:43.417+0500] {logging_mixin.py:188} INFO - [2025-12-06T04:04:43.416+0500] {dagbag.py:545} INFO - Filling up the DagBag from /Users/symbat/airflow_local/.venv/lib/python3.11/site-packages/airflow/example_dags/example_nested_branch_dag.py
[2025-12-06T04:04:43.444+0500] {processor.py:840} INFO - DAG(s) 'example_nested_branch_dag' retrieved from /Users/symbat/airflow_local/.venv/lib/python3.11/site-packages/airflow/example_dags/example_nested_branch_dag.py
[2025-12-06T04:04:43.496+0500] {logging_mixin.py:188} INFO - [2025-12-06T04:04:43.496+0500] {dag.py:3089} INFO - Sync 1 DAGs
[2025-12-06T04:04:43.505+0500] {logging_mixin.py:188} INFO - [2025-12-06T04:04:43.504+0500] {dag.py:3947} INFO - Setting next_dagrun for example_nested_branch_dag to 2025-12-04 00:00:00+00:00, run_after=2025-12-05 00:00:00+00:00
[2025-12-06T04:04:43.515+0500] {processor.py:183} INFO - Processing /Users/symbat/airflow_local/.venv/lib/python3.11/site-packages/airflow/example_dags/example_nested_branch_dag.py took 0.103 seconds
[2025-12-06T04:08:03.894+0500] {processor.py:161} INFO - Started process (PID=81574) to work on /Users/symbat/airflow_local/.venv/lib/python3.11/site-packages/airflow/example_dags/example_nested_branch_dag.py
[2025-12-06T04:08:03.895+0500] {processor.py:830} INFO - Processing file /Users/symbat/airflow_local/.venv/lib/python3.11/site-packages/airflow/example_dags/example_nested_branch_dag.py for tasks to queue
[2025-12-06T04:08:03.896+0500] {logging_mixin.py:188} INFO - [2025-12-06T04:08:03.896+0500] {dagbag.py:545} INFO - Filling up the DagBag from /Users/symbat/airflow_local/.venv/lib/python3.11/site-packages/airflow/example_dags/example_nested_branch_dag.py
[2025-12-06T04:08:03.922+0500] {processor.py:840} INFO - DAG(s) 'example_nested_branch_dag' retrieved from /Users/symbat/airflow_local/.venv/lib/python3.11/site-packages/airflow/example_dags/example_nested_branch_dag.py
[2025-12-06T04:08:03.975+0500] {logging_mixin.py:188} INFO - [2025-12-06T04:08:03.975+0500] {dag.py:3089} INFO - Sync 1 DAGs
[2025-12-06T04:08:03.984+0500] {logging_mixin.py:188} INFO - [2025-12-06T04:08:03.984+0500] {dag.py:3947} INFO - Setting next_dagrun for example_nested_branch_dag to 2025-12-04 00:00:00+00:00, run_after=2025-12-05 00:00:00+00:00
[2025-12-06T04:08:03.994+0500] {processor.py:183} INFO - Processing /Users/symbat/airflow_local/.venv/lib/python3.11/site-packages/airflow/example_dags/example_nested_branch_dag.py took 0.104 seconds
[2025-12-06T04:11:29.707+0500] {processor.py:161} INFO - Started process (PID=81822) to work on /Users/symbat/airflow_local/.venv/lib/python3.11/site-packages/airflow/example_dags/example_nested_branch_dag.py
[2025-12-06T04:11:29.708+0500] {processor.py:830} INFO - Processing file /Users/symbat/airflow_local/.venv/lib/python3.11/site-packages/airflow/example_dags/example_nested_branch_dag.py for tasks to queue
[2025-12-06T04:11:29.709+0500] {logging_mixin.py:188} INFO - [2025-12-06T04:11:29.709+0500] {dagbag.py:545} INFO - Filling up the DagBag from /Users/symbat/airflow_local/.venv/lib/python3.11/site-packages/airflow/example_dags/example_nested_branch_dag.py
[2025-12-06T04:11:29.729+0500] {processor.py:840} INFO - DAG(s) 'example_nested_branch_dag' retrieved from /Users/symbat/airflow_local/.venv/lib/python3.11/site-packages/airflow/example_dags/example_nested_branch_dag.py
[2025-12-06T04:11:29.779+0500] {logging_mixin.py:188} INFO - [2025-12-06T04:11:29.779+0500] {dag.py:3089} INFO - Sync 1 DAGs
[2025-12-06T04:11:29.788+0500] {logging_mixin.py:188} INFO - [2025-12-06T04:11:29.788+0500] {dag.py:3947} INFO - Setting next_dagrun for example_nested_branch_dag to 2025-12-04 00:00:00+00:00, run_after=2025-12-05 00:00:00+00:00
[2025-12-06T04:11:29.803+0500] {processor.py:183} INFO - Processing /Users/symbat/airflow_local/.venv/lib/python3.11/site-packages/airflow/example_dags/example_nested_branch_dag.py took 0.098 seconds
[2025-12-06T04:14:47.041+0500] {processor.py:161} INFO - Started process (PID=82129) to work on /Users/symbat/airflow_local/.venv/lib/python3.11/site-packages/airflow/example_dags/example_nested_branch_dag.py
[2025-12-06T04:14:47.041+0500] {processor.py:830} INFO - Processing file /Users/symbat/airflow_local/.venv/lib/python3.11/site-packages/airflow/example_dags/example_nested_branch_dag.py for tasks to queue
[2025-12-06T04:14:47.042+0500] {logging_mixin.py:188} INFO - [2025-12-06T04:14:47.042+0500] {dagbag.py:545} INFO - Filling up the DagBag from /Users/symbat/airflow_local/.venv/lib/python3.11/site-packages/airflow/example_dags/example_nested_branch_dag.py
[2025-12-06T04:14:47.084+0500] {processor.py:840} INFO - DAG(s) 'example_nested_branch_dag' retrieved from /Users/symbat/airflow_local/.venv/lib/python3.11/site-packages/airflow/example_dags/example_nested_branch_dag.py
[2025-12-06T04:14:47.142+0500] {logging_mixin.py:188} INFO - [2025-12-06T04:14:47.142+0500] {dag.py:3089} INFO - Sync 1 DAGs
[2025-12-06T04:14:47.151+0500] {logging_mixin.py:188} INFO - [2025-12-06T04:14:47.151+0500] {dag.py:3947} INFO - Setting next_dagrun for example_nested_branch_dag to 2025-12-04 00:00:00+00:00, run_after=2025-12-05 00:00:00+00:00
[2025-12-06T04:14:47.162+0500] {processor.py:183} INFO - Processing /Users/symbat/airflow_local/.venv/lib/python3.11/site-packages/airflow/example_dags/example_nested_branch_dag.py took 0.124 seconds
[2025-12-06T04:17:56.735+0500] {processor.py:161} INFO - Started process (PID=82360) to work on /Users/symbat/airflow_local/.venv/lib/python3.11/site-packages/airflow/example_dags/example_nested_branch_dag.py
[2025-12-06T04:17:56.736+0500] {processor.py:830} INFO - Processing file /Users/symbat/airflow_local/.venv/lib/python3.11/site-packages/airflow/example_dags/example_nested_branch_dag.py for tasks to queue
[2025-12-06T04:17:56.736+0500] {logging_mixin.py:188} INFO - [2025-12-06T04:17:56.736+0500] {dagbag.py:545} INFO - Filling up the DagBag from /Users/symbat/airflow_local/.venv/lib/python3.11/site-packages/airflow/example_dags/example_nested_branch_dag.py
[2025-12-06T04:17:56.755+0500] {processor.py:840} INFO - DAG(s) 'example_nested_branch_dag' retrieved from /Users/symbat/airflow_local/.venv/lib/python3.11/site-packages/airflow/example_dags/example_nested_branch_dag.py
[2025-12-06T04:17:56.802+0500] {logging_mixin.py:188} INFO - [2025-12-06T04:17:56.802+0500] {dag.py:3089} INFO - Sync 1 DAGs
[2025-12-06T04:17:56.810+0500] {logging_mixin.py:188} INFO - [2025-12-06T04:17:56.810+0500] {dag.py:3947} INFO - Setting next_dagrun for example_nested_branch_dag to 2025-12-04 00:00:00+00:00, run_after=2025-12-05 00:00:00+00:00
[2025-12-06T04:17:56.820+0500] {processor.py:183} INFO - Processing /Users/symbat/airflow_local/.venv/lib/python3.11/site-packages/airflow/example_dags/example_nested_branch_dag.py took 0.086 seconds
[2025-12-06T04:21:02.019+0500] {processor.py:161} INFO - Started process (PID=82550) to work on /Users/symbat/airflow_local/.venv/lib/python3.11/site-packages/airflow/example_dags/example_nested_branch_dag.py
[2025-12-06T04:21:02.021+0500] {processor.py:830} INFO - Processing file /Users/symbat/airflow_local/.venv/lib/python3.11/site-packages/airflow/example_dags/example_nested_branch_dag.py for tasks to queue
[2025-12-06T04:21:02.021+0500] {logging_mixin.py:188} INFO - [2025-12-06T04:21:02.021+0500] {dagbag.py:545} INFO - Filling up the DagBag from /Users/symbat/airflow_local/.venv/lib/python3.11/site-packages/airflow/example_dags/example_nested_branch_dag.py
[2025-12-06T04:21:02.041+0500] {processor.py:840} INFO - DAG(s) 'example_nested_branch_dag' retrieved from /Users/symbat/airflow_local/.venv/lib/python3.11/site-packages/airflow/example_dags/example_nested_branch_dag.py
[2025-12-06T04:21:02.087+0500] {logging_mixin.py:188} INFO - [2025-12-06T04:21:02.087+0500] {dag.py:3089} INFO - Sync 1 DAGs
[2025-12-06T04:21:02.096+0500] {logging_mixin.py:188} INFO - [2025-12-06T04:21:02.096+0500] {dag.py:3947} INFO - Setting next_dagrun for example_nested_branch_dag to 2025-12-04 00:00:00+00:00, run_after=2025-12-05 00:00:00+00:00
[2025-12-06T04:21:02.107+0500] {processor.py:183} INFO - Processing /Users/symbat/airflow_local/.venv/lib/python3.11/site-packages/airflow/example_dags/example_nested_branch_dag.py took 0.090 seconds
[2025-12-06T04:23:49.245+0500] {processor.py:161} INFO - Started process (PID=82759) to work on /Users/symbat/airflow_local/.venv/lib/python3.11/site-packages/airflow/example_dags/example_nested_branch_dag.py
[2025-12-06T04:23:49.246+0500] {processor.py:830} INFO - Processing file /Users/symbat/airflow_local/.venv/lib/python3.11/site-packages/airflow/example_dags/example_nested_branch_dag.py for tasks to queue
[2025-12-06T04:23:49.247+0500] {logging_mixin.py:188} INFO - [2025-12-06T04:23:49.247+0500] {dagbag.py:545} INFO - Filling up the DagBag from /Users/symbat/airflow_local/.venv/lib/python3.11/site-packages/airflow/example_dags/example_nested_branch_dag.py
[2025-12-06T04:23:49.272+0500] {processor.py:840} INFO - DAG(s) 'example_nested_branch_dag' retrieved from /Users/symbat/airflow_local/.venv/lib/python3.11/site-packages/airflow/example_dags/example_nested_branch_dag.py
[2025-12-06T04:23:49.330+0500] {logging_mixin.py:188} INFO - [2025-12-06T04:23:49.330+0500] {dag.py:3089} INFO - Sync 1 DAGs
[2025-12-06T04:23:49.340+0500] {logging_mixin.py:188} INFO - [2025-12-06T04:23:49.340+0500] {dag.py:3947} INFO - Setting next_dagrun for example_nested_branch_dag to 2025-12-04 00:00:00+00:00, run_after=2025-12-05 00:00:00+00:00
[2025-12-06T04:23:49.351+0500] {processor.py:183} INFO - Processing /Users/symbat/airflow_local/.venv/lib/python3.11/site-packages/airflow/example_dags/example_nested_branch_dag.py took 0.107 seconds
[2025-12-06T04:27:15.583+0500] {processor.py:161} INFO - Started process (PID=83276) to work on /Users/symbat/airflow_local/.venv/lib/python3.11/site-packages/airflow/example_dags/example_nested_branch_dag.py
[2025-12-06T04:27:15.584+0500] {processor.py:830} INFO - Processing file /Users/symbat/airflow_local/.venv/lib/python3.11/site-packages/airflow/example_dags/example_nested_branch_dag.py for tasks to queue
[2025-12-06T04:27:15.584+0500] {logging_mixin.py:188} INFO - [2025-12-06T04:27:15.584+0500] {dagbag.py:545} INFO - Filling up the DagBag from /Users/symbat/airflow_local/.venv/lib/python3.11/site-packages/airflow/example_dags/example_nested_branch_dag.py
[2025-12-06T04:27:15.616+0500] {processor.py:840} INFO - DAG(s) 'example_nested_branch_dag' retrieved from /Users/symbat/airflow_local/.venv/lib/python3.11/site-packages/airflow/example_dags/example_nested_branch_dag.py
[2025-12-06T04:27:15.673+0500] {logging_mixin.py:188} INFO - [2025-12-06T04:27:15.672+0500] {dag.py:3089} INFO - Sync 1 DAGs
[2025-12-06T04:27:15.680+0500] {logging_mixin.py:188} INFO - [2025-12-06T04:27:15.680+0500] {dag.py:3947} INFO - Setting next_dagrun for example_nested_branch_dag to 2025-12-04 00:00:00+00:00, run_after=2025-12-05 00:00:00+00:00
[2025-12-06T04:27:15.691+0500] {processor.py:183} INFO - Processing /Users/symbat/airflow_local/.venv/lib/python3.11/site-packages/airflow/example_dags/example_nested_branch_dag.py took 0.110 seconds
[2025-12-06T04:30:46.457+0500] {processor.py:161} INFO - Started process (PID=83837) to work on /Users/symbat/airflow_local/.venv/lib/python3.11/site-packages/airflow/example_dags/example_nested_branch_dag.py
[2025-12-06T04:30:46.458+0500] {processor.py:830} INFO - Processing file /Users/symbat/airflow_local/.venv/lib/python3.11/site-packages/airflow/example_dags/example_nested_branch_dag.py for tasks to queue
[2025-12-06T04:30:46.458+0500] {logging_mixin.py:188} INFO - [2025-12-06T04:30:46.458+0500] {dagbag.py:545} INFO - Filling up the DagBag from /Users/symbat/airflow_local/.venv/lib/python3.11/site-packages/airflow/example_dags/example_nested_branch_dag.py
[2025-12-06T04:30:46.482+0500] {processor.py:840} INFO - DAG(s) 'example_nested_branch_dag' retrieved from /Users/symbat/airflow_local/.venv/lib/python3.11/site-packages/airflow/example_dags/example_nested_branch_dag.py
[2025-12-06T04:30:46.545+0500] {logging_mixin.py:188} INFO - [2025-12-06T04:30:46.545+0500] {dag.py:3089} INFO - Sync 1 DAGs
[2025-12-06T04:30:46.554+0500] {logging_mixin.py:188} INFO - [2025-12-06T04:30:46.554+0500] {dag.py:3947} INFO - Setting next_dagrun for example_nested_branch_dag to 2025-12-04 00:00:00+00:00, run_after=2025-12-05 00:00:00+00:00
[2025-12-06T04:30:46.566+0500] {processor.py:183} INFO - Processing /Users/symbat/airflow_local/.venv/lib/python3.11/site-packages/airflow/example_dags/example_nested_branch_dag.py took 0.112 seconds
[2025-12-06T04:32:44.874+0500] {processor.py:161} INFO - Started process (PID=84018) to work on /Users/symbat/airflow_local/.venv/lib/python3.11/site-packages/airflow/example_dags/example_nested_branch_dag.py
[2025-12-06T04:32:44.875+0500] {processor.py:830} INFO - Processing file /Users/symbat/airflow_local/.venv/lib/python3.11/site-packages/airflow/example_dags/example_nested_branch_dag.py for tasks to queue
[2025-12-06T04:32:44.875+0500] {logging_mixin.py:188} INFO - [2025-12-06T04:32:44.875+0500] {dagbag.py:545} INFO - Filling up the DagBag from /Users/symbat/airflow_local/.venv/lib/python3.11/site-packages/airflow/example_dags/example_nested_branch_dag.py
[2025-12-06T04:32:44.893+0500] {processor.py:840} INFO - DAG(s) 'example_nested_branch_dag' retrieved from /Users/symbat/airflow_local/.venv/lib/python3.11/site-packages/airflow/example_dags/example_nested_branch_dag.py
[2025-12-06T04:32:44.936+0500] {logging_mixin.py:188} INFO - [2025-12-06T04:32:44.935+0500] {dag.py:3089} INFO - Sync 1 DAGs
[2025-12-06T04:32:44.943+0500] {logging_mixin.py:188} INFO - [2025-12-06T04:32:44.943+0500] {dag.py:3947} INFO - Setting next_dagrun for example_nested_branch_dag to 2025-12-04 00:00:00+00:00, run_after=2025-12-05 00:00:00+00:00
[2025-12-06T04:32:44.956+0500] {processor.py:183} INFO - Processing /Users/symbat/airflow_local/.venv/lib/python3.11/site-packages/airflow/example_dags/example_nested_branch_dag.py took 0.084 seconds
[2025-12-06T04:36:42.155+0500] {processor.py:161} INFO - Started process (PID=84410) to work on /Users/symbat/airflow_local/.venv/lib/python3.11/site-packages/airflow/example_dags/example_nested_branch_dag.py
[2025-12-06T04:36:42.158+0500] {processor.py:830} INFO - Processing file /Users/symbat/airflow_local/.venv/lib/python3.11/site-packages/airflow/example_dags/example_nested_branch_dag.py for tasks to queue
[2025-12-06T04:36:42.158+0500] {logging_mixin.py:188} INFO - [2025-12-06T04:36:42.158+0500] {dagbag.py:545} INFO - Filling up the DagBag from /Users/symbat/airflow_local/.venv/lib/python3.11/site-packages/airflow/example_dags/example_nested_branch_dag.py
[2025-12-06T04:36:42.188+0500] {processor.py:840} INFO - DAG(s) 'example_nested_branch_dag' retrieved from /Users/symbat/airflow_local/.venv/lib/python3.11/site-packages/airflow/example_dags/example_nested_branch_dag.py
[2025-12-06T04:36:42.249+0500] {logging_mixin.py:188} INFO - [2025-12-06T04:36:42.249+0500] {dag.py:3089} INFO - Sync 1 DAGs
[2025-12-06T04:36:42.260+0500] {logging_mixin.py:188} INFO - [2025-12-06T04:36:42.260+0500] {dag.py:3947} INFO - Setting next_dagrun for example_nested_branch_dag to 2025-12-04 00:00:00+00:00, run_after=2025-12-05 00:00:00+00:00
[2025-12-06T04:36:42.272+0500] {processor.py:183} INFO - Processing /Users/symbat/airflow_local/.venv/lib/python3.11/site-packages/airflow/example_dags/example_nested_branch_dag.py took 0.123 seconds
