[2025-12-06T03:55:30.075+0500] {processor.py:161} INFO - Started process (PID=79523) to work on /Users/symbat/airflow_local/.venv/lib/python3.11/site-packages/airflow/example_dags/example_trigger_controller_dag.py
[2025-12-06T03:55:30.076+0500] {processor.py:830} INFO - Processing file /Users/symbat/airflow_local/.venv/lib/python3.11/site-packages/airflow/example_dags/example_trigger_controller_dag.py for tasks to queue
[2025-12-06T03:55:30.076+0500] {logging_mixin.py:188} INFO - [2025-12-06T03:55:30.076+0500] {dagbag.py:545} INFO - Filling up the DagBag from /Users/symbat/airflow_local/.venv/lib/python3.11/site-packages/airflow/example_dags/example_trigger_controller_dag.py
[2025-12-06T03:55:30.083+0500] {processor.py:840} INFO - DAG(s) 'example_trigger_controller_dag' retrieved from /Users/symbat/airflow_local/.venv/lib/python3.11/site-packages/airflow/example_dags/example_trigger_controller_dag.py
[2025-12-06T03:55:30.178+0500] {logging_mixin.py:188} INFO - [2025-12-06T03:55:30.178+0500] {override.py:1930} INFO - Created Permission View: can edit on DAG:example_trigger_controller_dag
[2025-12-06T03:55:30.182+0500] {logging_mixin.py:188} INFO - [2025-12-06T03:55:30.182+0500] {override.py:1930} INFO - Created Permission View: can delete on DAG:example_trigger_controller_dag
[2025-12-06T03:55:30.185+0500] {logging_mixin.py:188} INFO - [2025-12-06T03:55:30.185+0500] {override.py:1930} INFO - Created Permission View: can read on DAG:example_trigger_controller_dag
[2025-12-06T03:55:30.185+0500] {logging_mixin.py:188} INFO - [2025-12-06T03:55:30.185+0500] {dag.py:3089} INFO - Sync 1 DAGs
[2025-12-06T03:55:30.190+0500] {logging_mixin.py:188} INFO - [2025-12-06T03:55:30.190+0500] {dag.py:3111} INFO - Creating ORM DAG for example_trigger_controller_dag
[2025-12-06T03:55:30.193+0500] {logging_mixin.py:188} INFO - [2025-12-06T03:55:30.193+0500] {dag.py:3947} INFO - Setting next_dagrun for example_trigger_controller_dag to 2021-01-01 00:00:00+00:00, run_after=2021-01-01 00:00:00+00:00
[2025-12-06T03:55:30.235+0500] {processor.py:183} INFO - Processing /Users/symbat/airflow_local/.venv/lib/python3.11/site-packages/airflow/example_dags/example_trigger_controller_dag.py took 0.161 seconds
[2025-12-06T03:57:29.632+0500] {processor.py:161} INFO - Started process (PID=79671) to work on /Users/symbat/airflow_local/.venv/lib/python3.11/site-packages/airflow/example_dags/example_trigger_controller_dag.py
[2025-12-06T03:57:29.634+0500] {processor.py:830} INFO - Processing file /Users/symbat/airflow_local/.venv/lib/python3.11/site-packages/airflow/example_dags/example_trigger_controller_dag.py for tasks to queue
[2025-12-06T03:57:29.635+0500] {logging_mixin.py:188} INFO - [2025-12-06T03:57:29.634+0500] {dagbag.py:545} INFO - Filling up the DagBag from /Users/symbat/airflow_local/.venv/lib/python3.11/site-packages/airflow/example_dags/example_trigger_controller_dag.py
[2025-12-06T03:57:29.647+0500] {processor.py:840} INFO - DAG(s) 'example_trigger_controller_dag' retrieved from /Users/symbat/airflow_local/.venv/lib/python3.11/site-packages/airflow/example_dags/example_trigger_controller_dag.py
[2025-12-06T03:57:29.690+0500] {logging_mixin.py:188} INFO - [2025-12-06T03:57:29.690+0500] {dag.py:3089} INFO - Sync 1 DAGs
[2025-12-06T03:57:29.698+0500] {logging_mixin.py:188} INFO - [2025-12-06T03:57:29.697+0500] {dag.py:3947} INFO - Setting next_dagrun for example_trigger_controller_dag to 2021-01-01 00:00:00+00:00, run_after=2021-01-01 00:00:00+00:00
[2025-12-06T03:57:29.706+0500] {processor.py:183} INFO - Processing /Users/symbat/airflow_local/.venv/lib/python3.11/site-packages/airflow/example_dags/example_trigger_controller_dag.py took 0.078 seconds
[2025-12-06T03:59:00.067+0500] {processor.py:161} INFO - Started process (PID=79773) to work on /Users/symbat/airflow_local/.venv/lib/python3.11/site-packages/airflow/example_dags/example_trigger_controller_dag.py
[2025-12-06T03:59:00.068+0500] {processor.py:830} INFO - Processing file /Users/symbat/airflow_local/.venv/lib/python3.11/site-packages/airflow/example_dags/example_trigger_controller_dag.py for tasks to queue
[2025-12-06T03:59:00.068+0500] {logging_mixin.py:188} INFO - [2025-12-06T03:59:00.068+0500] {dagbag.py:545} INFO - Filling up the DagBag from /Users/symbat/airflow_local/.venv/lib/python3.11/site-packages/airflow/example_dags/example_trigger_controller_dag.py
[2025-12-06T03:59:00.076+0500] {processor.py:840} INFO - DAG(s) 'example_trigger_controller_dag' retrieved from /Users/symbat/airflow_local/.venv/lib/python3.11/site-packages/airflow/example_dags/example_trigger_controller_dag.py
[2025-12-06T03:59:00.127+0500] {logging_mixin.py:188} INFO - [2025-12-06T03:59:00.127+0500] {dag.py:3089} INFO - Sync 1 DAGs
[2025-12-06T03:59:00.135+0500] {logging_mixin.py:188} INFO - [2025-12-06T03:59:00.135+0500] {dag.py:3947} INFO - Setting next_dagrun for example_trigger_controller_dag to 2021-01-01 00:00:00+00:00, run_after=2021-01-01 00:00:00+00:00
[2025-12-06T03:59:00.145+0500] {processor.py:183} INFO - Processing /Users/symbat/airflow_local/.venv/lib/python3.11/site-packages/airflow/example_dags/example_trigger_controller_dag.py took 0.080 seconds
[2025-12-06T04:00:36.578+0500] {processor.py:161} INFO - Started process (PID=80358) to work on /Users/symbat/airflow_local/.venv/lib/python3.11/site-packages/airflow/example_dags/example_trigger_controller_dag.py
[2025-12-06T04:00:36.579+0500] {processor.py:830} INFO - Processing file /Users/symbat/airflow_local/.venv/lib/python3.11/site-packages/airflow/example_dags/example_trigger_controller_dag.py for tasks to queue
[2025-12-06T04:00:36.579+0500] {logging_mixin.py:188} INFO - [2025-12-06T04:00:36.579+0500] {dagbag.py:545} INFO - Filling up the DagBag from /Users/symbat/airflow_local/.venv/lib/python3.11/site-packages/airflow/example_dags/example_trigger_controller_dag.py
[2025-12-06T04:00:36.589+0500] {processor.py:840} INFO - DAG(s) 'example_trigger_controller_dag' retrieved from /Users/symbat/airflow_local/.venv/lib/python3.11/site-packages/airflow/example_dags/example_trigger_controller_dag.py
[2025-12-06T04:00:36.643+0500] {logging_mixin.py:188} INFO - [2025-12-06T04:00:36.643+0500] {dag.py:3089} INFO - Sync 1 DAGs
[2025-12-06T04:00:36.652+0500] {logging_mixin.py:188} INFO - [2025-12-06T04:00:36.652+0500] {dag.py:3947} INFO - Setting next_dagrun for example_trigger_controller_dag to 2021-01-01 00:00:00+00:00, run_after=2021-01-01 00:00:00+00:00
[2025-12-06T04:00:36.663+0500] {processor.py:183} INFO - Processing /Users/symbat/airflow_local/.venv/lib/python3.11/site-packages/airflow/example_dags/example_trigger_controller_dag.py took 0.087 seconds
[2025-12-06T04:02:12.952+0500] {processor.py:161} INFO - Started process (PID=80632) to work on /Users/symbat/airflow_local/.venv/lib/python3.11/site-packages/airflow/example_dags/example_trigger_controller_dag.py
[2025-12-06T04:02:12.954+0500] {processor.py:830} INFO - Processing file /Users/symbat/airflow_local/.venv/lib/python3.11/site-packages/airflow/example_dags/example_trigger_controller_dag.py for tasks to queue
[2025-12-06T04:02:12.955+0500] {logging_mixin.py:188} INFO - [2025-12-06T04:02:12.955+0500] {dagbag.py:545} INFO - Filling up the DagBag from /Users/symbat/airflow_local/.venv/lib/python3.11/site-packages/airflow/example_dags/example_trigger_controller_dag.py
[2025-12-06T04:02:12.967+0500] {processor.py:840} INFO - DAG(s) 'example_trigger_controller_dag' retrieved from /Users/symbat/airflow_local/.venv/lib/python3.11/site-packages/airflow/example_dags/example_trigger_controller_dag.py
[2025-12-06T04:02:13.016+0500] {logging_mixin.py:188} INFO - [2025-12-06T04:02:13.016+0500] {dag.py:3089} INFO - Sync 1 DAGs
[2025-12-06T04:02:13.026+0500] {logging_mixin.py:188} INFO - [2025-12-06T04:02:13.026+0500] {dag.py:3947} INFO - Setting next_dagrun for example_trigger_controller_dag to 2021-01-01 00:00:00+00:00, run_after=2021-01-01 00:00:00+00:00
[2025-12-06T04:02:13.049+0500] {processor.py:183} INFO - Processing /Users/symbat/airflow_local/.venv/lib/python3.11/site-packages/airflow/example_dags/example_trigger_controller_dag.py took 0.102 seconds
[2025-12-06T04:03:54.099+0500] {processor.py:161} INFO - Started process (PID=80970) to work on /Users/symbat/airflow_local/.venv/lib/python3.11/site-packages/airflow/example_dags/example_trigger_controller_dag.py
[2025-12-06T04:03:54.100+0500] {processor.py:830} INFO - Processing file /Users/symbat/airflow_local/.venv/lib/python3.11/site-packages/airflow/example_dags/example_trigger_controller_dag.py for tasks to queue
[2025-12-06T04:03:54.100+0500] {logging_mixin.py:188} INFO - [2025-12-06T04:03:54.100+0500] {dagbag.py:545} INFO - Filling up the DagBag from /Users/symbat/airflow_local/.venv/lib/python3.11/site-packages/airflow/example_dags/example_trigger_controller_dag.py
[2025-12-06T04:03:54.111+0500] {processor.py:840} INFO - DAG(s) 'example_trigger_controller_dag' retrieved from /Users/symbat/airflow_local/.venv/lib/python3.11/site-packages/airflow/example_dags/example_trigger_controller_dag.py
[2025-12-06T04:03:54.155+0500] {logging_mixin.py:188} INFO - [2025-12-06T04:03:54.154+0500] {dag.py:3089} INFO - Sync 1 DAGs
[2025-12-06T04:03:54.163+0500] {logging_mixin.py:188} INFO - [2025-12-06T04:03:54.163+0500] {dag.py:3947} INFO - Setting next_dagrun for example_trigger_controller_dag to 2021-01-01 00:00:00+00:00, run_after=2021-01-01 00:00:00+00:00
[2025-12-06T04:03:54.172+0500] {processor.py:183} INFO - Processing /Users/symbat/airflow_local/.venv/lib/python3.11/site-packages/airflow/example_dags/example_trigger_controller_dag.py took 0.076 seconds
[2025-12-06T04:05:40.751+0500] {processor.py:161} INFO - Started process (PID=81398) to work on /Users/symbat/airflow_local/.venv/lib/python3.11/site-packages/airflow/example_dags/example_trigger_controller_dag.py
[2025-12-06T04:05:40.752+0500] {processor.py:830} INFO - Processing file /Users/symbat/airflow_local/.venv/lib/python3.11/site-packages/airflow/example_dags/example_trigger_controller_dag.py for tasks to queue
[2025-12-06T04:05:40.753+0500] {logging_mixin.py:188} INFO - [2025-12-06T04:05:40.753+0500] {dagbag.py:545} INFO - Filling up the DagBag from /Users/symbat/airflow_local/.venv/lib/python3.11/site-packages/airflow/example_dags/example_trigger_controller_dag.py
[2025-12-06T04:05:40.764+0500] {processor.py:840} INFO - DAG(s) 'example_trigger_controller_dag' retrieved from /Users/symbat/airflow_local/.venv/lib/python3.11/site-packages/airflow/example_dags/example_trigger_controller_dag.py
[2025-12-06T04:05:40.823+0500] {logging_mixin.py:188} INFO - [2025-12-06T04:05:40.823+0500] {dag.py:3089} INFO - Sync 1 DAGs
[2025-12-06T04:05:40.832+0500] {logging_mixin.py:188} INFO - [2025-12-06T04:05:40.832+0500] {dag.py:3947} INFO - Setting next_dagrun for example_trigger_controller_dag to 2021-01-01 00:00:00+00:00, run_after=2021-01-01 00:00:00+00:00
[2025-12-06T04:05:40.841+0500] {processor.py:183} INFO - Processing /Users/symbat/airflow_local/.venv/lib/python3.11/site-packages/airflow/example_dags/example_trigger_controller_dag.py took 0.092 seconds
[2025-12-06T04:07:20.771+0500] {processor.py:161} INFO - Started process (PID=81533) to work on /Users/symbat/airflow_local/.venv/lib/python3.11/site-packages/airflow/example_dags/example_trigger_controller_dag.py
[2025-12-06T04:07:20.772+0500] {processor.py:830} INFO - Processing file /Users/symbat/airflow_local/.venv/lib/python3.11/site-packages/airflow/example_dags/example_trigger_controller_dag.py for tasks to queue
[2025-12-06T04:07:20.773+0500] {logging_mixin.py:188} INFO - [2025-12-06T04:07:20.772+0500] {dagbag.py:545} INFO - Filling up the DagBag from /Users/symbat/airflow_local/.venv/lib/python3.11/site-packages/airflow/example_dags/example_trigger_controller_dag.py
[2025-12-06T04:07:20.785+0500] {processor.py:840} INFO - DAG(s) 'example_trigger_controller_dag' retrieved from /Users/symbat/airflow_local/.venv/lib/python3.11/site-packages/airflow/example_dags/example_trigger_controller_dag.py
[2025-12-06T04:07:20.849+0500] {logging_mixin.py:188} INFO - [2025-12-06T04:07:20.849+0500] {dag.py:3089} INFO - Sync 1 DAGs
[2025-12-06T04:07:20.861+0500] {logging_mixin.py:188} INFO - [2025-12-06T04:07:20.861+0500] {dag.py:3947} INFO - Setting next_dagrun for example_trigger_controller_dag to 2021-01-01 00:00:00+00:00, run_after=2021-01-01 00:00:00+00:00
[2025-12-06T04:07:20.874+0500] {processor.py:183} INFO - Processing /Users/symbat/airflow_local/.venv/lib/python3.11/site-packages/airflow/example_dags/example_trigger_controller_dag.py took 0.105 seconds
[2025-12-06T04:09:05.354+0500] {processor.py:161} INFO - Started process (PID=81668) to work on /Users/symbat/airflow_local/.venv/lib/python3.11/site-packages/airflow/example_dags/example_trigger_controller_dag.py
[2025-12-06T04:09:05.356+0500] {processor.py:830} INFO - Processing file /Users/symbat/airflow_local/.venv/lib/python3.11/site-packages/airflow/example_dags/example_trigger_controller_dag.py for tasks to queue
[2025-12-06T04:09:05.357+0500] {logging_mixin.py:188} INFO - [2025-12-06T04:09:05.356+0500] {dagbag.py:545} INFO - Filling up the DagBag from /Users/symbat/airflow_local/.venv/lib/python3.11/site-packages/airflow/example_dags/example_trigger_controller_dag.py
[2025-12-06T04:09:05.367+0500] {processor.py:840} INFO - DAG(s) 'example_trigger_controller_dag' retrieved from /Users/symbat/airflow_local/.venv/lib/python3.11/site-packages/airflow/example_dags/example_trigger_controller_dag.py
[2025-12-06T04:09:05.423+0500] {logging_mixin.py:188} INFO - [2025-12-06T04:09:05.422+0500] {dag.py:3089} INFO - Sync 1 DAGs
[2025-12-06T04:09:05.434+0500] {logging_mixin.py:188} INFO - [2025-12-06T04:09:05.434+0500] {dag.py:3947} INFO - Setting next_dagrun for example_trigger_controller_dag to 2021-01-01 00:00:00+00:00, run_after=2021-01-01 00:00:00+00:00
[2025-12-06T04:09:05.447+0500] {processor.py:183} INFO - Processing /Users/symbat/airflow_local/.venv/lib/python3.11/site-packages/airflow/example_dags/example_trigger_controller_dag.py took 0.097 seconds
[2025-12-06T04:10:48.298+0500] {processor.py:161} INFO - Started process (PID=81781) to work on /Users/symbat/airflow_local/.venv/lib/python3.11/site-packages/airflow/example_dags/example_trigger_controller_dag.py
[2025-12-06T04:10:48.299+0500] {processor.py:830} INFO - Processing file /Users/symbat/airflow_local/.venv/lib/python3.11/site-packages/airflow/example_dags/example_trigger_controller_dag.py for tasks to queue
[2025-12-06T04:10:48.300+0500] {logging_mixin.py:188} INFO - [2025-12-06T04:10:48.300+0500] {dagbag.py:545} INFO - Filling up the DagBag from /Users/symbat/airflow_local/.venv/lib/python3.11/site-packages/airflow/example_dags/example_trigger_controller_dag.py
[2025-12-06T04:10:48.309+0500] {processor.py:840} INFO - DAG(s) 'example_trigger_controller_dag' retrieved from /Users/symbat/airflow_local/.venv/lib/python3.11/site-packages/airflow/example_dags/example_trigger_controller_dag.py
[2025-12-06T04:10:48.359+0500] {logging_mixin.py:188} INFO - [2025-12-06T04:10:48.359+0500] {dag.py:3089} INFO - Sync 1 DAGs
[2025-12-06T04:10:48.368+0500] {logging_mixin.py:188} INFO - [2025-12-06T04:10:48.368+0500] {dag.py:3947} INFO - Setting next_dagrun for example_trigger_controller_dag to 2021-01-01 00:00:00+00:00, run_after=2021-01-01 00:00:00+00:00
[2025-12-06T04:10:48.378+0500] {processor.py:183} INFO - Processing /Users/symbat/airflow_local/.venv/lib/python3.11/site-packages/airflow/example_dags/example_trigger_controller_dag.py took 0.083 seconds
[2025-12-06T04:12:25.926+0500] {processor.py:161} INFO - Started process (PID=81914) to work on /Users/symbat/airflow_local/.venv/lib/python3.11/site-packages/airflow/example_dags/example_trigger_controller_dag.py
[2025-12-06T04:12:25.927+0500] {processor.py:830} INFO - Processing file /Users/symbat/airflow_local/.venv/lib/python3.11/site-packages/airflow/example_dags/example_trigger_controller_dag.py for tasks to queue
[2025-12-06T04:12:25.928+0500] {logging_mixin.py:188} INFO - [2025-12-06T04:12:25.927+0500] {dagbag.py:545} INFO - Filling up the DagBag from /Users/symbat/airflow_local/.venv/lib/python3.11/site-packages/airflow/example_dags/example_trigger_controller_dag.py
[2025-12-06T04:12:25.944+0500] {processor.py:840} INFO - DAG(s) 'example_trigger_controller_dag' retrieved from /Users/symbat/airflow_local/.venv/lib/python3.11/site-packages/airflow/example_dags/example_trigger_controller_dag.py
[2025-12-06T04:12:26.012+0500] {logging_mixin.py:188} INFO - [2025-12-06T04:12:26.011+0500] {dag.py:3089} INFO - Sync 1 DAGs
[2025-12-06T04:12:26.028+0500] {logging_mixin.py:188} INFO - [2025-12-06T04:12:26.027+0500] {dag.py:3947} INFO - Setting next_dagrun for example_trigger_controller_dag to 2021-01-01 00:00:00+00:00, run_after=2021-01-01 00:00:00+00:00
[2025-12-06T04:12:26.044+0500] {processor.py:183} INFO - Processing /Users/symbat/airflow_local/.venv/lib/python3.11/site-packages/airflow/example_dags/example_trigger_controller_dag.py took 0.122 seconds
[2025-12-06T04:14:07.740+0500] {processor.py:161} INFO - Started process (PID=82078) to work on /Users/symbat/airflow_local/.venv/lib/python3.11/site-packages/airflow/example_dags/example_trigger_controller_dag.py
[2025-12-06T04:14:07.741+0500] {processor.py:830} INFO - Processing file /Users/symbat/airflow_local/.venv/lib/python3.11/site-packages/airflow/example_dags/example_trigger_controller_dag.py for tasks to queue
[2025-12-06T04:14:07.742+0500] {logging_mixin.py:188} INFO - [2025-12-06T04:14:07.742+0500] {dagbag.py:545} INFO - Filling up the DagBag from /Users/symbat/airflow_local/.venv/lib/python3.11/site-packages/airflow/example_dags/example_trigger_controller_dag.py
[2025-12-06T04:14:07.749+0500] {processor.py:840} INFO - DAG(s) 'example_trigger_controller_dag' retrieved from /Users/symbat/airflow_local/.venv/lib/python3.11/site-packages/airflow/example_dags/example_trigger_controller_dag.py
[2025-12-06T04:14:07.802+0500] {logging_mixin.py:188} INFO - [2025-12-06T04:14:07.801+0500] {dag.py:3089} INFO - Sync 1 DAGs
[2025-12-06T04:14:07.812+0500] {logging_mixin.py:188} INFO - [2025-12-06T04:14:07.812+0500] {dag.py:3947} INFO - Setting next_dagrun for example_trigger_controller_dag to 2021-01-01 00:00:00+00:00, run_after=2021-01-01 00:00:00+00:00
[2025-12-06T04:14:07.826+0500] {processor.py:183} INFO - Processing /Users/symbat/airflow_local/.venv/lib/python3.11/site-packages/airflow/example_dags/example_trigger_controller_dag.py took 0.087 seconds
[2025-12-06T04:15:47.303+0500] {processor.py:161} INFO - Started process (PID=82216) to work on /Users/symbat/airflow_local/.venv/lib/python3.11/site-packages/airflow/example_dags/example_trigger_controller_dag.py
[2025-12-06T04:15:47.303+0500] {processor.py:830} INFO - Processing file /Users/symbat/airflow_local/.venv/lib/python3.11/site-packages/airflow/example_dags/example_trigger_controller_dag.py for tasks to queue
[2025-12-06T04:15:47.304+0500] {logging_mixin.py:188} INFO - [2025-12-06T04:15:47.304+0500] {dagbag.py:545} INFO - Filling up the DagBag from /Users/symbat/airflow_local/.venv/lib/python3.11/site-packages/airflow/example_dags/example_trigger_controller_dag.py
[2025-12-06T04:15:47.312+0500] {processor.py:840} INFO - DAG(s) 'example_trigger_controller_dag' retrieved from /Users/symbat/airflow_local/.venv/lib/python3.11/site-packages/airflow/example_dags/example_trigger_controller_dag.py
[2025-12-06T04:15:47.364+0500] {logging_mixin.py:188} INFO - [2025-12-06T04:15:47.363+0500] {dag.py:3089} INFO - Sync 1 DAGs
[2025-12-06T04:15:47.375+0500] {logging_mixin.py:188} INFO - [2025-12-06T04:15:47.375+0500] {dag.py:3947} INFO - Setting next_dagrun for example_trigger_controller_dag to 2021-01-01 00:00:00+00:00, run_after=2021-01-01 00:00:00+00:00
[2025-12-06T04:15:47.386+0500] {processor.py:183} INFO - Processing /Users/symbat/airflow_local/.venv/lib/python3.11/site-packages/airflow/example_dags/example_trigger_controller_dag.py took 0.086 seconds
[2025-12-06T04:17:21.258+0500] {processor.py:161} INFO - Started process (PID=82322) to work on /Users/symbat/airflow_local/.venv/lib/python3.11/site-packages/airflow/example_dags/example_trigger_controller_dag.py
[2025-12-06T04:17:21.259+0500] {processor.py:830} INFO - Processing file /Users/symbat/airflow_local/.venv/lib/python3.11/site-packages/airflow/example_dags/example_trigger_controller_dag.py for tasks to queue
[2025-12-06T04:17:21.259+0500] {logging_mixin.py:188} INFO - [2025-12-06T04:17:21.259+0500] {dagbag.py:545} INFO - Filling up the DagBag from /Users/symbat/airflow_local/.venv/lib/python3.11/site-packages/airflow/example_dags/example_trigger_controller_dag.py
[2025-12-06T04:17:21.266+0500] {processor.py:840} INFO - DAG(s) 'example_trigger_controller_dag' retrieved from /Users/symbat/airflow_local/.venv/lib/python3.11/site-packages/airflow/example_dags/example_trigger_controller_dag.py
[2025-12-06T04:17:21.315+0500] {logging_mixin.py:188} INFO - [2025-12-06T04:17:21.315+0500] {dag.py:3089} INFO - Sync 1 DAGs
[2025-12-06T04:17:21.323+0500] {logging_mixin.py:188} INFO - [2025-12-06T04:17:21.323+0500] {dag.py:3947} INFO - Setting next_dagrun for example_trigger_controller_dag to 2021-01-01 00:00:00+00:00, run_after=2021-01-01 00:00:00+00:00
[2025-12-06T04:17:21.333+0500] {processor.py:183} INFO - Processing /Users/symbat/airflow_local/.venv/lib/python3.11/site-packages/airflow/example_dags/example_trigger_controller_dag.py took 0.077 seconds
[2025-12-06T04:18:58.157+0500] {processor.py:161} INFO - Started process (PID=82431) to work on /Users/symbat/airflow_local/.venv/lib/python3.11/site-packages/airflow/example_dags/example_trigger_controller_dag.py
[2025-12-06T04:18:58.158+0500] {processor.py:830} INFO - Processing file /Users/symbat/airflow_local/.venv/lib/python3.11/site-packages/airflow/example_dags/example_trigger_controller_dag.py for tasks to queue
[2025-12-06T04:18:58.159+0500] {logging_mixin.py:188} INFO - [2025-12-06T04:18:58.159+0500] {dagbag.py:545} INFO - Filling up the DagBag from /Users/symbat/airflow_local/.venv/lib/python3.11/site-packages/airflow/example_dags/example_trigger_controller_dag.py
[2025-12-06T04:18:58.166+0500] {processor.py:840} INFO - DAG(s) 'example_trigger_controller_dag' retrieved from /Users/symbat/airflow_local/.venv/lib/python3.11/site-packages/airflow/example_dags/example_trigger_controller_dag.py
[2025-12-06T04:18:58.225+0500] {logging_mixin.py:188} INFO - [2025-12-06T04:18:58.225+0500] {dag.py:3089} INFO - Sync 1 DAGs
[2025-12-06T04:18:58.237+0500] {logging_mixin.py:188} INFO - [2025-12-06T04:18:58.237+0500] {dag.py:3947} INFO - Setting next_dagrun for example_trigger_controller_dag to 2021-01-01 00:00:00+00:00, run_after=2021-01-01 00:00:00+00:00
[2025-12-06T04:18:58.251+0500] {processor.py:183} INFO - Processing /Users/symbat/airflow_local/.venv/lib/python3.11/site-packages/airflow/example_dags/example_trigger_controller_dag.py took 0.096 seconds
[2025-12-06T04:20:28.148+0500] {processor.py:161} INFO - Started process (PID=82516) to work on /Users/symbat/airflow_local/.venv/lib/python3.11/site-packages/airflow/example_dags/example_trigger_controller_dag.py
[2025-12-06T04:20:28.149+0500] {processor.py:830} INFO - Processing file /Users/symbat/airflow_local/.venv/lib/python3.11/site-packages/airflow/example_dags/example_trigger_controller_dag.py for tasks to queue
[2025-12-06T04:20:28.149+0500] {logging_mixin.py:188} INFO - [2025-12-06T04:20:28.149+0500] {dagbag.py:545} INFO - Filling up the DagBag from /Users/symbat/airflow_local/.venv/lib/python3.11/site-packages/airflow/example_dags/example_trigger_controller_dag.py
[2025-12-06T04:20:28.160+0500] {processor.py:840} INFO - DAG(s) 'example_trigger_controller_dag' retrieved from /Users/symbat/airflow_local/.venv/lib/python3.11/site-packages/airflow/example_dags/example_trigger_controller_dag.py
[2025-12-06T04:20:28.203+0500] {logging_mixin.py:188} INFO - [2025-12-06T04:20:28.203+0500] {dag.py:3089} INFO - Sync 1 DAGs
[2025-12-06T04:20:28.211+0500] {logging_mixin.py:188} INFO - [2025-12-06T04:20:28.211+0500] {dag.py:3947} INFO - Setting next_dagrun for example_trigger_controller_dag to 2021-01-01 00:00:00+00:00, run_after=2021-01-01 00:00:00+00:00
[2025-12-06T04:20:28.220+0500] {processor.py:183} INFO - Processing /Users/symbat/airflow_local/.venv/lib/python3.11/site-packages/airflow/example_dags/example_trigger_controller_dag.py took 0.074 seconds
[2025-12-06T04:21:55.809+0500] {processor.py:161} INFO - Started process (PID=82618) to work on /Users/symbat/airflow_local/.venv/lib/python3.11/site-packages/airflow/example_dags/example_trigger_controller_dag.py
[2025-12-06T04:21:55.810+0500] {processor.py:830} INFO - Processing file /Users/symbat/airflow_local/.venv/lib/python3.11/site-packages/airflow/example_dags/example_trigger_controller_dag.py for tasks to queue
[2025-12-06T04:21:55.811+0500] {logging_mixin.py:188} INFO - [2025-12-06T04:21:55.810+0500] {dagbag.py:545} INFO - Filling up the DagBag from /Users/symbat/airflow_local/.venv/lib/python3.11/site-packages/airflow/example_dags/example_trigger_controller_dag.py
[2025-12-06T04:21:55.819+0500] {processor.py:840} INFO - DAG(s) 'example_trigger_controller_dag' retrieved from /Users/symbat/airflow_local/.venv/lib/python3.11/site-packages/airflow/example_dags/example_trigger_controller_dag.py
[2025-12-06T04:21:55.862+0500] {logging_mixin.py:188} INFO - [2025-12-06T04:21:55.862+0500] {dag.py:3089} INFO - Sync 1 DAGs
[2025-12-06T04:21:55.870+0500] {logging_mixin.py:188} INFO - [2025-12-06T04:21:55.870+0500] {dag.py:3947} INFO - Setting next_dagrun for example_trigger_controller_dag to 2021-01-01 00:00:00+00:00, run_after=2021-01-01 00:00:00+00:00
[2025-12-06T04:21:55.879+0500] {processor.py:183} INFO - Processing /Users/symbat/airflow_local/.venv/lib/python3.11/site-packages/airflow/example_dags/example_trigger_controller_dag.py took 0.072 seconds
[2025-12-06T04:23:17.594+0500] {processor.py:161} INFO - Started process (PID=82720) to work on /Users/symbat/airflow_local/.venv/lib/python3.11/site-packages/airflow/example_dags/example_trigger_controller_dag.py
[2025-12-06T04:23:17.595+0500] {processor.py:830} INFO - Processing file /Users/symbat/airflow_local/.venv/lib/python3.11/site-packages/airflow/example_dags/example_trigger_controller_dag.py for tasks to queue
[2025-12-06T04:23:17.595+0500] {logging_mixin.py:188} INFO - [2025-12-06T04:23:17.595+0500] {dagbag.py:545} INFO - Filling up the DagBag from /Users/symbat/airflow_local/.venv/lib/python3.11/site-packages/airflow/example_dags/example_trigger_controller_dag.py
[2025-12-06T04:23:17.602+0500] {processor.py:840} INFO - DAG(s) 'example_trigger_controller_dag' retrieved from /Users/symbat/airflow_local/.venv/lib/python3.11/site-packages/airflow/example_dags/example_trigger_controller_dag.py
[2025-12-06T04:23:17.647+0500] {logging_mixin.py:188} INFO - [2025-12-06T04:23:17.647+0500] {dag.py:3089} INFO - Sync 1 DAGs
[2025-12-06T04:23:17.656+0500] {logging_mixin.py:188} INFO - [2025-12-06T04:23:17.656+0500] {dag.py:3947} INFO - Setting next_dagrun for example_trigger_controller_dag to 2021-01-01 00:00:00+00:00, run_after=2021-01-01 00:00:00+00:00
[2025-12-06T04:23:17.665+0500] {processor.py:183} INFO - Processing /Users/symbat/airflow_local/.venv/lib/python3.11/site-packages/airflow/example_dags/example_trigger_controller_dag.py took 0.072 seconds
[2025-12-06T04:24:49.035+0500] {processor.py:161} INFO - Started process (PID=82815) to work on /Users/symbat/airflow_local/.venv/lib/python3.11/site-packages/airflow/example_dags/example_trigger_controller_dag.py
[2025-12-06T04:24:49.037+0500] {processor.py:830} INFO - Processing file /Users/symbat/airflow_local/.venv/lib/python3.11/site-packages/airflow/example_dags/example_trigger_controller_dag.py for tasks to queue
[2025-12-06T04:24:49.037+0500] {logging_mixin.py:188} INFO - [2025-12-06T04:24:49.037+0500] {dagbag.py:545} INFO - Filling up the DagBag from /Users/symbat/airflow_local/.venv/lib/python3.11/site-packages/airflow/example_dags/example_trigger_controller_dag.py
[2025-12-06T04:24:49.051+0500] {processor.py:840} INFO - DAG(s) 'example_trigger_controller_dag' retrieved from /Users/symbat/airflow_local/.venv/lib/python3.11/site-packages/airflow/example_dags/example_trigger_controller_dag.py
[2025-12-06T04:24:49.128+0500] {logging_mixin.py:188} INFO - [2025-12-06T04:24:49.128+0500] {dag.py:3089} INFO - Sync 1 DAGs
[2025-12-06T04:24:49.137+0500] {logging_mixin.py:188} INFO - [2025-12-06T04:24:49.137+0500] {dag.py:3947} INFO - Setting next_dagrun for example_trigger_controller_dag to 2021-01-01 00:00:00+00:00, run_after=2021-01-01 00:00:00+00:00
[2025-12-06T04:24:49.148+0500] {processor.py:183} INFO - Processing /Users/symbat/airflow_local/.venv/lib/python3.11/site-packages/airflow/example_dags/example_trigger_controller_dag.py took 0.118 seconds
[2025-12-06T04:26:32.641+0500] {processor.py:161} INFO - Started process (PID=83223) to work on /Users/symbat/airflow_local/.venv/lib/python3.11/site-packages/airflow/example_dags/example_trigger_controller_dag.py
[2025-12-06T04:26:32.642+0500] {processor.py:830} INFO - Processing file /Users/symbat/airflow_local/.venv/lib/python3.11/site-packages/airflow/example_dags/example_trigger_controller_dag.py for tasks to queue
[2025-12-06T04:26:32.642+0500] {logging_mixin.py:188} INFO - [2025-12-06T04:26:32.642+0500] {dagbag.py:545} INFO - Filling up the DagBag from /Users/symbat/airflow_local/.venv/lib/python3.11/site-packages/airflow/example_dags/example_trigger_controller_dag.py
[2025-12-06T04:26:32.654+0500] {processor.py:840} INFO - DAG(s) 'example_trigger_controller_dag' retrieved from /Users/symbat/airflow_local/.venv/lib/python3.11/site-packages/airflow/example_dags/example_trigger_controller_dag.py
[2025-12-06T04:26:32.697+0500] {logging_mixin.py:188} INFO - [2025-12-06T04:26:32.697+0500] {dag.py:3089} INFO - Sync 1 DAGs
[2025-12-06T04:26:32.708+0500] {logging_mixin.py:188} INFO - [2025-12-06T04:26:32.707+0500] {dag.py:3947} INFO - Setting next_dagrun for example_trigger_controller_dag to 2021-01-01 00:00:00+00:00, run_after=2021-01-01 00:00:00+00:00
[2025-12-06T04:26:32.717+0500] {processor.py:183} INFO - Processing /Users/symbat/airflow_local/.venv/lib/python3.11/site-packages/airflow/example_dags/example_trigger_controller_dag.py took 0.080 seconds
[2025-12-06T04:28:10.294+0500] {processor.py:161} INFO - Started process (PID=83567) to work on /Users/symbat/airflow_local/.venv/lib/python3.11/site-packages/airflow/example_dags/example_trigger_controller_dag.py
[2025-12-06T04:28:10.295+0500] {processor.py:830} INFO - Processing file /Users/symbat/airflow_local/.venv/lib/python3.11/site-packages/airflow/example_dags/example_trigger_controller_dag.py for tasks to queue
[2025-12-06T04:28:10.295+0500] {logging_mixin.py:188} INFO - [2025-12-06T04:28:10.295+0500] {dagbag.py:545} INFO - Filling up the DagBag from /Users/symbat/airflow_local/.venv/lib/python3.11/site-packages/airflow/example_dags/example_trigger_controller_dag.py
[2025-12-06T04:28:10.303+0500] {processor.py:840} INFO - DAG(s) 'example_trigger_controller_dag' retrieved from /Users/symbat/airflow_local/.venv/lib/python3.11/site-packages/airflow/example_dags/example_trigger_controller_dag.py
[2025-12-06T04:28:10.346+0500] {logging_mixin.py:188} INFO - [2025-12-06T04:28:10.346+0500] {dag.py:3089} INFO - Sync 1 DAGs
[2025-12-06T04:28:10.354+0500] {logging_mixin.py:188} INFO - [2025-12-06T04:28:10.353+0500] {dag.py:3947} INFO - Setting next_dagrun for example_trigger_controller_dag to 2021-01-01 00:00:00+00:00, run_after=2021-01-01 00:00:00+00:00
[2025-12-06T04:28:10.362+0500] {processor.py:183} INFO - Processing /Users/symbat/airflow_local/.venv/lib/python3.11/site-packages/airflow/example_dags/example_trigger_controller_dag.py took 0.070 seconds
[2025-12-06T04:30:00.841+0500] {processor.py:161} INFO - Started process (PID=83771) to work on /Users/symbat/airflow_local/.venv/lib/python3.11/site-packages/airflow/example_dags/example_trigger_controller_dag.py
[2025-12-06T04:30:00.841+0500] {processor.py:830} INFO - Processing file /Users/symbat/airflow_local/.venv/lib/python3.11/site-packages/airflow/example_dags/example_trigger_controller_dag.py for tasks to queue
[2025-12-06T04:30:00.842+0500] {logging_mixin.py:188} INFO - [2025-12-06T04:30:00.842+0500] {dagbag.py:545} INFO - Filling up the DagBag from /Users/symbat/airflow_local/.venv/lib/python3.11/site-packages/airflow/example_dags/example_trigger_controller_dag.py
[2025-12-06T04:30:00.850+0500] {processor.py:840} INFO - DAG(s) 'example_trigger_controller_dag' retrieved from /Users/symbat/airflow_local/.venv/lib/python3.11/site-packages/airflow/example_dags/example_trigger_controller_dag.py
[2025-12-06T04:30:00.904+0500] {logging_mixin.py:188} INFO - [2025-12-06T04:30:00.904+0500] {dag.py:3089} INFO - Sync 1 DAGs
[2025-12-06T04:30:00.912+0500] {logging_mixin.py:188} INFO - [2025-12-06T04:30:00.912+0500] {dag.py:3947} INFO - Setting next_dagrun for example_trigger_controller_dag to 2021-01-01 00:00:00+00:00, run_after=2021-01-01 00:00:00+00:00
[2025-12-06T04:30:00.921+0500] {processor.py:183} INFO - Processing /Users/symbat/airflow_local/.venv/lib/python3.11/site-packages/airflow/example_dags/example_trigger_controller_dag.py took 0.083 seconds
[2025-12-06T04:31:55.565+0500] {processor.py:161} INFO - Started process (PID=83932) to work on /Users/symbat/airflow_local/.venv/lib/python3.11/site-packages/airflow/example_dags/example_trigger_controller_dag.py
[2025-12-06T04:31:55.566+0500] {processor.py:830} INFO - Processing file /Users/symbat/airflow_local/.venv/lib/python3.11/site-packages/airflow/example_dags/example_trigger_controller_dag.py for tasks to queue
[2025-12-06T04:31:55.566+0500] {logging_mixin.py:188} INFO - [2025-12-06T04:31:55.566+0500] {dagbag.py:545} INFO - Filling up the DagBag from /Users/symbat/airflow_local/.venv/lib/python3.11/site-packages/airflow/example_dags/example_trigger_controller_dag.py
[2025-12-06T04:31:55.573+0500] {processor.py:840} INFO - DAG(s) 'example_trigger_controller_dag' retrieved from /Users/symbat/airflow_local/.venv/lib/python3.11/site-packages/airflow/example_dags/example_trigger_controller_dag.py
[2025-12-06T04:31:55.625+0500] {logging_mixin.py:188} INFO - [2025-12-06T04:31:55.625+0500] {dag.py:3089} INFO - Sync 1 DAGs
[2025-12-06T04:31:55.633+0500] {logging_mixin.py:188} INFO - [2025-12-06T04:31:55.632+0500] {dag.py:3947} INFO - Setting next_dagrun for example_trigger_controller_dag to 2021-01-01 00:00:00+00:00, run_after=2021-01-01 00:00:00+00:00
[2025-12-06T04:31:55.641+0500] {processor.py:183} INFO - Processing /Users/symbat/airflow_local/.venv/lib/python3.11/site-packages/airflow/example_dags/example_trigger_controller_dag.py took 0.079 seconds
[2025-12-06T04:33:47.377+0500] {processor.py:161} INFO - Started process (PID=84142) to work on /Users/symbat/airflow_local/.venv/lib/python3.11/site-packages/airflow/example_dags/example_trigger_controller_dag.py
[2025-12-06T04:33:47.377+0500] {processor.py:830} INFO - Processing file /Users/symbat/airflow_local/.venv/lib/python3.11/site-packages/airflow/example_dags/example_trigger_controller_dag.py for tasks to queue
[2025-12-06T04:33:47.378+0500] {logging_mixin.py:188} INFO - [2025-12-06T04:33:47.378+0500] {dagbag.py:545} INFO - Filling up the DagBag from /Users/symbat/airflow_local/.venv/lib/python3.11/site-packages/airflow/example_dags/example_trigger_controller_dag.py
[2025-12-06T04:33:47.388+0500] {processor.py:840} INFO - DAG(s) 'example_trigger_controller_dag' retrieved from /Users/symbat/airflow_local/.venv/lib/python3.11/site-packages/airflow/example_dags/example_trigger_controller_dag.py
[2025-12-06T04:33:47.428+0500] {logging_mixin.py:188} INFO - [2025-12-06T04:33:47.427+0500] {dag.py:3089} INFO - Sync 1 DAGs
[2025-12-06T04:33:47.435+0500] {logging_mixin.py:188} INFO - [2025-12-06T04:33:47.435+0500] {dag.py:3947} INFO - Setting next_dagrun for example_trigger_controller_dag to 2021-01-01 00:00:00+00:00, run_after=2021-01-01 00:00:00+00:00
[2025-12-06T04:33:47.443+0500] {processor.py:183} INFO - Processing /Users/symbat/airflow_local/.venv/lib/python3.11/site-packages/airflow/example_dags/example_trigger_controller_dag.py took 0.069 seconds
[2025-12-06T04:35:43.150+0500] {processor.py:161} INFO - Started process (PID=84318) to work on /Users/symbat/airflow_local/.venv/lib/python3.11/site-packages/airflow/example_dags/example_trigger_controller_dag.py
[2025-12-06T04:35:43.151+0500] {processor.py:830} INFO - Processing file /Users/symbat/airflow_local/.venv/lib/python3.11/site-packages/airflow/example_dags/example_trigger_controller_dag.py for tasks to queue
[2025-12-06T04:35:43.152+0500] {logging_mixin.py:188} INFO - [2025-12-06T04:35:43.151+0500] {dagbag.py:545} INFO - Filling up the DagBag from /Users/symbat/airflow_local/.venv/lib/python3.11/site-packages/airflow/example_dags/example_trigger_controller_dag.py
[2025-12-06T04:35:43.163+0500] {processor.py:840} INFO - DAG(s) 'example_trigger_controller_dag' retrieved from /Users/symbat/airflow_local/.venv/lib/python3.11/site-packages/airflow/example_dags/example_trigger_controller_dag.py
[2025-12-06T04:35:43.205+0500] {logging_mixin.py:188} INFO - [2025-12-06T04:35:43.205+0500] {dag.py:3089} INFO - Sync 1 DAGs
[2025-12-06T04:35:43.213+0500] {logging_mixin.py:188} INFO - [2025-12-06T04:35:43.213+0500] {dag.py:3947} INFO - Setting next_dagrun for example_trigger_controller_dag to 2021-01-01 00:00:00+00:00, run_after=2021-01-01 00:00:00+00:00
[2025-12-06T04:35:43.226+0500] {processor.py:183} INFO - Processing /Users/symbat/airflow_local/.venv/lib/python3.11/site-packages/airflow/example_dags/example_trigger_controller_dag.py took 0.077 seconds
[2025-12-06T04:37:47.786+0500] {processor.py:161} INFO - Started process (PID=84558) to work on /Users/symbat/airflow_local/.venv/lib/python3.11/site-packages/airflow/example_dags/example_trigger_controller_dag.py
[2025-12-06T04:37:47.787+0500] {processor.py:830} INFO - Processing file /Users/symbat/airflow_local/.venv/lib/python3.11/site-packages/airflow/example_dags/example_trigger_controller_dag.py for tasks to queue
[2025-12-06T04:37:47.787+0500] {logging_mixin.py:188} INFO - [2025-12-06T04:37:47.787+0500] {dagbag.py:545} INFO - Filling up the DagBag from /Users/symbat/airflow_local/.venv/lib/python3.11/site-packages/airflow/example_dags/example_trigger_controller_dag.py
[2025-12-06T04:37:47.798+0500] {processor.py:840} INFO - DAG(s) 'example_trigger_controller_dag' retrieved from /Users/symbat/airflow_local/.venv/lib/python3.11/site-packages/airflow/example_dags/example_trigger_controller_dag.py
[2025-12-06T04:37:47.839+0500] {logging_mixin.py:188} INFO - [2025-12-06T04:37:47.839+0500] {dag.py:3089} INFO - Sync 1 DAGs
[2025-12-06T04:37:47.847+0500] {logging_mixin.py:188} INFO - [2025-12-06T04:37:47.847+0500] {dag.py:3947} INFO - Setting next_dagrun for example_trigger_controller_dag to 2021-01-01 00:00:00+00:00, run_after=2021-01-01 00:00:00+00:00
[2025-12-06T04:37:47.855+0500] {processor.py:183} INFO - Processing /Users/symbat/airflow_local/.venv/lib/python3.11/site-packages/airflow/example_dags/example_trigger_controller_dag.py took 0.071 seconds
