[2025-12-06T03:56:53.876+0500] {processor.py:161} INFO - Started process (PID=79633) to work on /Users/symbat/airflow_local/.venv/lib/python3.11/site-packages/airflow/example_dags/example_bash_operator.py
[2025-12-06T03:56:53.877+0500] {processor.py:830} INFO - Processing file /Users/symbat/airflow_local/.venv/lib/python3.11/site-packages/airflow/example_dags/example_bash_operator.py for tasks to queue
[2025-12-06T03:56:53.878+0500] {logging_mixin.py:188} INFO - [2025-12-06T03:56:53.877+0500] {dagbag.py:545} INFO - Filling up the DagBag from /Users/symbat/airflow_local/.venv/lib/python3.11/site-packages/airflow/example_dags/example_bash_operator.py
[2025-12-06T03:56:53.897+0500] {processor.py:840} INFO - DAG(s) 'example_bash_operator' retrieved from /Users/symbat/airflow_local/.venv/lib/python3.11/site-packages/airflow/example_dags/example_bash_operator.py
[2025-12-06T03:56:54.046+0500] {logging_mixin.py:188} INFO - [2025-12-06T03:56:54.046+0500] {override.py:1930} INFO - Created Permission View: can edit on DAG:example_bash_operator
[2025-12-06T03:56:54.055+0500] {logging_mixin.py:188} INFO - [2025-12-06T03:56:54.054+0500] {override.py:1930} INFO - Created Permission View: can read on DAG:example_bash_operator
[2025-12-06T03:56:54.060+0500] {logging_mixin.py:188} INFO - [2025-12-06T03:56:54.060+0500] {override.py:1930} INFO - Created Permission View: can delete on DAG:example_bash_operator
[2025-12-06T03:56:54.060+0500] {logging_mixin.py:188} INFO - [2025-12-06T03:56:54.060+0500] {dag.py:3089} INFO - Sync 1 DAGs
[2025-12-06T03:56:54.072+0500] {logging_mixin.py:188} INFO - [2025-12-06T03:56:54.072+0500] {dag.py:3111} INFO - Creating ORM DAG for example_bash_operator
[2025-12-06T03:56:54.078+0500] {logging_mixin.py:188} INFO - [2025-12-06T03:56:54.078+0500] {dag.py:3947} INFO - Setting next_dagrun for example_bash_operator to 2025-12-04 00:00:00+00:00, run_after=2025-12-05 00:00:00+00:00
[2025-12-06T03:56:54.137+0500] {processor.py:183} INFO - Processing /Users/symbat/airflow_local/.venv/lib/python3.11/site-packages/airflow/example_dags/example_bash_operator.py took 0.263 seconds
[2025-12-06T03:59:57.864+0500] {processor.py:161} INFO - Started process (PID=80301) to work on /Users/symbat/airflow_local/.venv/lib/python3.11/site-packages/airflow/example_dags/example_bash_operator.py
[2025-12-06T03:59:57.865+0500] {processor.py:830} INFO - Processing file /Users/symbat/airflow_local/.venv/lib/python3.11/site-packages/airflow/example_dags/example_bash_operator.py for tasks to queue
[2025-12-06T03:59:57.866+0500] {logging_mixin.py:188} INFO - [2025-12-06T03:59:57.865+0500] {dagbag.py:545} INFO - Filling up the DagBag from /Users/symbat/airflow_local/.venv/lib/python3.11/site-packages/airflow/example_dags/example_bash_operator.py
[2025-12-06T03:59:57.873+0500] {processor.py:840} INFO - DAG(s) 'example_bash_operator' retrieved from /Users/symbat/airflow_local/.venv/lib/python3.11/site-packages/airflow/example_dags/example_bash_operator.py
[2025-12-06T03:59:57.938+0500] {logging_mixin.py:188} INFO - [2025-12-06T03:59:57.938+0500] {dag.py:3089} INFO - Sync 1 DAGs
[2025-12-06T03:59:57.947+0500] {logging_mixin.py:188} INFO - [2025-12-06T03:59:57.947+0500] {dag.py:3947} INFO - Setting next_dagrun for example_bash_operator to 2025-12-04 00:00:00+00:00, run_after=2025-12-05 00:00:00+00:00
[2025-12-06T03:59:57.957+0500] {processor.py:183} INFO - Processing /Users/symbat/airflow_local/.venv/lib/python3.11/site-packages/airflow/example_dags/example_bash_operator.py took 0.094 seconds
[2025-12-06T04:03:15.921+0500] {processor.py:161} INFO - Started process (PID=80921) to work on /Users/symbat/airflow_local/.venv/lib/python3.11/site-packages/airflow/example_dags/example_bash_operator.py
[2025-12-06T04:03:15.922+0500] {processor.py:830} INFO - Processing file /Users/symbat/airflow_local/.venv/lib/python3.11/site-packages/airflow/example_dags/example_bash_operator.py for tasks to queue
[2025-12-06T04:03:15.923+0500] {logging_mixin.py:188} INFO - [2025-12-06T04:03:15.923+0500] {dagbag.py:545} INFO - Filling up the DagBag from /Users/symbat/airflow_local/.venv/lib/python3.11/site-packages/airflow/example_dags/example_bash_operator.py
[2025-12-06T04:03:15.934+0500] {processor.py:840} INFO - DAG(s) 'example_bash_operator' retrieved from /Users/symbat/airflow_local/.venv/lib/python3.11/site-packages/airflow/example_dags/example_bash_operator.py
[2025-12-06T04:03:15.994+0500] {logging_mixin.py:188} INFO - [2025-12-06T04:03:15.994+0500] {dag.py:3089} INFO - Sync 1 DAGs
[2025-12-06T04:03:16.007+0500] {logging_mixin.py:188} INFO - [2025-12-06T04:03:16.007+0500] {dag.py:3947} INFO - Setting next_dagrun for example_bash_operator to 2025-12-04 00:00:00+00:00, run_after=2025-12-05 00:00:00+00:00
[2025-12-06T04:03:16.020+0500] {processor.py:183} INFO - Processing /Users/symbat/airflow_local/.venv/lib/python3.11/site-packages/airflow/example_dags/example_bash_operator.py took 0.101 seconds
[2025-12-06T04:06:43.262+0500] {processor.py:161} INFO - Started process (PID=81484) to work on /Users/symbat/airflow_local/.venv/lib/python3.11/site-packages/airflow/example_dags/example_bash_operator.py
[2025-12-06T04:06:43.263+0500] {processor.py:830} INFO - Processing file /Users/symbat/airflow_local/.venv/lib/python3.11/site-packages/airflow/example_dags/example_bash_operator.py for tasks to queue
[2025-12-06T04:06:43.263+0500] {logging_mixin.py:188} INFO - [2025-12-06T04:06:43.263+0500] {dagbag.py:545} INFO - Filling up the DagBag from /Users/symbat/airflow_local/.venv/lib/python3.11/site-packages/airflow/example_dags/example_bash_operator.py
[2025-12-06T04:06:43.274+0500] {processor.py:840} INFO - DAG(s) 'example_bash_operator' retrieved from /Users/symbat/airflow_local/.venv/lib/python3.11/site-packages/airflow/example_dags/example_bash_operator.py
[2025-12-06T04:06:43.330+0500] {logging_mixin.py:188} INFO - [2025-12-06T04:06:43.330+0500] {dag.py:3089} INFO - Sync 1 DAGs
[2025-12-06T04:06:43.339+0500] {logging_mixin.py:188} INFO - [2025-12-06T04:06:43.339+0500] {dag.py:3947} INFO - Setting next_dagrun for example_bash_operator to 2025-12-04 00:00:00+00:00, run_after=2025-12-05 00:00:00+00:00
[2025-12-06T04:06:43.350+0500] {processor.py:183} INFO - Processing /Users/symbat/airflow_local/.venv/lib/python3.11/site-packages/airflow/example_dags/example_bash_operator.py took 0.090 seconds
[2025-12-06T04:10:08.720+0500] {processor.py:161} INFO - Started process (PID=81734) to work on /Users/symbat/airflow_local/.venv/lib/python3.11/site-packages/airflow/example_dags/example_bash_operator.py
[2025-12-06T04:10:08.721+0500] {processor.py:830} INFO - Processing file /Users/symbat/airflow_local/.venv/lib/python3.11/site-packages/airflow/example_dags/example_bash_operator.py for tasks to queue
[2025-12-06T04:10:08.722+0500] {logging_mixin.py:188} INFO - [2025-12-06T04:10:08.722+0500] {dagbag.py:545} INFO - Filling up the DagBag from /Users/symbat/airflow_local/.venv/lib/python3.11/site-packages/airflow/example_dags/example_bash_operator.py
[2025-12-06T04:10:08.730+0500] {processor.py:840} INFO - DAG(s) 'example_bash_operator' retrieved from /Users/symbat/airflow_local/.venv/lib/python3.11/site-packages/airflow/example_dags/example_bash_operator.py
[2025-12-06T04:10:08.793+0500] {logging_mixin.py:188} INFO - [2025-12-06T04:10:08.793+0500] {dag.py:3089} INFO - Sync 1 DAGs
[2025-12-06T04:10:08.803+0500] {logging_mixin.py:188} INFO - [2025-12-06T04:10:08.803+0500] {dag.py:3947} INFO - Setting next_dagrun for example_bash_operator to 2025-12-04 00:00:00+00:00, run_after=2025-12-05 00:00:00+00:00
[2025-12-06T04:10:08.814+0500] {processor.py:183} INFO - Processing /Users/symbat/airflow_local/.venv/lib/python3.11/site-packages/airflow/example_dags/example_bash_operator.py took 0.097 seconds
[2025-12-06T04:13:25.199+0500] {processor.py:161} INFO - Started process (PID=82038) to work on /Users/symbat/airflow_local/.venv/lib/python3.11/site-packages/airflow/example_dags/example_bash_operator.py
[2025-12-06T04:13:25.200+0500] {processor.py:830} INFO - Processing file /Users/symbat/airflow_local/.venv/lib/python3.11/site-packages/airflow/example_dags/example_bash_operator.py for tasks to queue
[2025-12-06T04:13:25.201+0500] {logging_mixin.py:188} INFO - [2025-12-06T04:13:25.201+0500] {dagbag.py:545} INFO - Filling up the DagBag from /Users/symbat/airflow_local/.venv/lib/python3.11/site-packages/airflow/example_dags/example_bash_operator.py
[2025-12-06T04:13:25.216+0500] {processor.py:840} INFO - DAG(s) 'example_bash_operator' retrieved from /Users/symbat/airflow_local/.venv/lib/python3.11/site-packages/airflow/example_dags/example_bash_operator.py
[2025-12-06T04:13:25.310+0500] {logging_mixin.py:188} INFO - [2025-12-06T04:13:25.310+0500] {dag.py:3089} INFO - Sync 1 DAGs
[2025-12-06T04:13:25.324+0500] {logging_mixin.py:188} INFO - [2025-12-06T04:13:25.324+0500] {dag.py:3947} INFO - Setting next_dagrun for example_bash_operator to 2025-12-04 00:00:00+00:00, run_after=2025-12-05 00:00:00+00:00
[2025-12-06T04:13:25.348+0500] {processor.py:183} INFO - Processing /Users/symbat/airflow_local/.venv/lib/python3.11/site-packages/airflow/example_dags/example_bash_operator.py took 0.151 seconds
[2025-12-06T04:16:40.569+0500] {processor.py:161} INFO - Started process (PID=82271) to work on /Users/symbat/airflow_local/.venv/lib/python3.11/site-packages/airflow/example_dags/example_bash_operator.py
[2025-12-06T04:16:40.570+0500] {processor.py:830} INFO - Processing file /Users/symbat/airflow_local/.venv/lib/python3.11/site-packages/airflow/example_dags/example_bash_operator.py for tasks to queue
[2025-12-06T04:16:40.571+0500] {logging_mixin.py:188} INFO - [2025-12-06T04:16:40.571+0500] {dagbag.py:545} INFO - Filling up the DagBag from /Users/symbat/airflow_local/.venv/lib/python3.11/site-packages/airflow/example_dags/example_bash_operator.py
[2025-12-06T04:16:40.582+0500] {processor.py:840} INFO - DAG(s) 'example_bash_operator' retrieved from /Users/symbat/airflow_local/.venv/lib/python3.11/site-packages/airflow/example_dags/example_bash_operator.py
[2025-12-06T04:16:40.647+0500] {logging_mixin.py:188} INFO - [2025-12-06T04:16:40.647+0500] {dag.py:3089} INFO - Sync 1 DAGs
[2025-12-06T04:16:40.661+0500] {logging_mixin.py:188} INFO - [2025-12-06T04:16:40.661+0500] {dag.py:3947} INFO - Setting next_dagrun for example_bash_operator to 2025-12-04 00:00:00+00:00, run_after=2025-12-05 00:00:00+00:00
[2025-12-06T04:16:40.675+0500] {processor.py:183} INFO - Processing /Users/symbat/airflow_local/.venv/lib/python3.11/site-packages/airflow/example_dags/example_bash_operator.py took 0.111 seconds
[2025-12-06T04:19:48.175+0500] {processor.py:161} INFO - Started process (PID=82479) to work on /Users/symbat/airflow_local/.venv/lib/python3.11/site-packages/airflow/example_dags/example_bash_operator.py
[2025-12-06T04:19:48.176+0500] {processor.py:830} INFO - Processing file /Users/symbat/airflow_local/.venv/lib/python3.11/site-packages/airflow/example_dags/example_bash_operator.py for tasks to queue
[2025-12-06T04:19:48.177+0500] {logging_mixin.py:188} INFO - [2025-12-06T04:19:48.176+0500] {dagbag.py:545} INFO - Filling up the DagBag from /Users/symbat/airflow_local/.venv/lib/python3.11/site-packages/airflow/example_dags/example_bash_operator.py
[2025-12-06T04:19:48.186+0500] {processor.py:840} INFO - DAG(s) 'example_bash_operator' retrieved from /Users/symbat/airflow_local/.venv/lib/python3.11/site-packages/airflow/example_dags/example_bash_operator.py
[2025-12-06T04:19:48.255+0500] {logging_mixin.py:188} INFO - [2025-12-06T04:19:48.254+0500] {dag.py:3089} INFO - Sync 1 DAGs
[2025-12-06T04:19:48.265+0500] {logging_mixin.py:188} INFO - [2025-12-06T04:19:48.265+0500] {dag.py:3947} INFO - Setting next_dagrun for example_bash_operator to 2025-12-04 00:00:00+00:00, run_after=2025-12-05 00:00:00+00:00
[2025-12-06T04:19:48.276+0500] {processor.py:183} INFO - Processing /Users/symbat/airflow_local/.venv/lib/python3.11/site-packages/airflow/example_dags/example_bash_operator.py took 0.104 seconds
[2025-12-06T04:22:44.239+0500] {processor.py:161} INFO - Started process (PID=82681) to work on /Users/symbat/airflow_local/.venv/lib/python3.11/site-packages/airflow/example_dags/example_bash_operator.py
[2025-12-06T04:22:44.240+0500] {processor.py:830} INFO - Processing file /Users/symbat/airflow_local/.venv/lib/python3.11/site-packages/airflow/example_dags/example_bash_operator.py for tasks to queue
[2025-12-06T04:22:44.240+0500] {logging_mixin.py:188} INFO - [2025-12-06T04:22:44.240+0500] {dagbag.py:545} INFO - Filling up the DagBag from /Users/symbat/airflow_local/.venv/lib/python3.11/site-packages/airflow/example_dags/example_bash_operator.py
[2025-12-06T04:22:44.250+0500] {processor.py:840} INFO - DAG(s) 'example_bash_operator' retrieved from /Users/symbat/airflow_local/.venv/lib/python3.11/site-packages/airflow/example_dags/example_bash_operator.py
[2025-12-06T04:22:44.304+0500] {logging_mixin.py:188} INFO - [2025-12-06T04:22:44.304+0500] {dag.py:3089} INFO - Sync 1 DAGs
[2025-12-06T04:22:44.313+0500] {logging_mixin.py:188} INFO - [2025-12-06T04:22:44.313+0500] {dag.py:3947} INFO - Setting next_dagrun for example_bash_operator to 2025-12-04 00:00:00+00:00, run_after=2025-12-05 00:00:00+00:00
[2025-12-06T04:22:44.322+0500] {processor.py:183} INFO - Processing /Users/symbat/airflow_local/.venv/lib/python3.11/site-packages/airflow/example_dags/example_bash_operator.py took 0.086 seconds
[2025-12-06T04:25:46.720+0500] {processor.py:161} INFO - Started process (PID=83159) to work on /Users/symbat/airflow_local/.venv/lib/python3.11/site-packages/airflow/example_dags/example_bash_operator.py
[2025-12-06T04:25:46.721+0500] {processor.py:830} INFO - Processing file /Users/symbat/airflow_local/.venv/lib/python3.11/site-packages/airflow/example_dags/example_bash_operator.py for tasks to queue
[2025-12-06T04:25:46.722+0500] {logging_mixin.py:188} INFO - [2025-12-06T04:25:46.721+0500] {dagbag.py:545} INFO - Filling up the DagBag from /Users/symbat/airflow_local/.venv/lib/python3.11/site-packages/airflow/example_dags/example_bash_operator.py
[2025-12-06T04:25:46.731+0500] {processor.py:840} INFO - DAG(s) 'example_bash_operator' retrieved from /Users/symbat/airflow_local/.venv/lib/python3.11/site-packages/airflow/example_dags/example_bash_operator.py
[2025-12-06T04:25:46.784+0500] {logging_mixin.py:188} INFO - [2025-12-06T04:25:46.784+0500] {dag.py:3089} INFO - Sync 1 DAGs
[2025-12-06T04:25:46.793+0500] {logging_mixin.py:188} INFO - [2025-12-06T04:25:46.792+0500] {dag.py:3947} INFO - Setting next_dagrun for example_bash_operator to 2025-12-04 00:00:00+00:00, run_after=2025-12-05 00:00:00+00:00
[2025-12-06T04:25:46.802+0500] {processor.py:183} INFO - Processing /Users/symbat/airflow_local/.venv/lib/python3.11/site-packages/airflow/example_dags/example_bash_operator.py took 0.084 seconds
[2025-12-06T04:29:14.483+0500] {processor.py:161} INFO - Started process (PID=83682) to work on /Users/symbat/airflow_local/.venv/lib/python3.11/site-packages/airflow/example_dags/example_bash_operator.py
[2025-12-06T04:29:14.485+0500] {processor.py:830} INFO - Processing file /Users/symbat/airflow_local/.venv/lib/python3.11/site-packages/airflow/example_dags/example_bash_operator.py for tasks to queue
[2025-12-06T04:29:14.485+0500] {logging_mixin.py:188} INFO - [2025-12-06T04:29:14.485+0500] {dagbag.py:545} INFO - Filling up the DagBag from /Users/symbat/airflow_local/.venv/lib/python3.11/site-packages/airflow/example_dags/example_bash_operator.py
[2025-12-06T04:29:14.498+0500] {processor.py:840} INFO - DAG(s) 'example_bash_operator' retrieved from /Users/symbat/airflow_local/.venv/lib/python3.11/site-packages/airflow/example_dags/example_bash_operator.py
[2025-12-06T04:29:14.574+0500] {logging_mixin.py:188} INFO - [2025-12-06T04:29:14.573+0500] {dag.py:3089} INFO - Sync 1 DAGs
[2025-12-06T04:29:14.586+0500] {logging_mixin.py:188} INFO - [2025-12-06T04:29:14.586+0500] {dag.py:3947} INFO - Setting next_dagrun for example_bash_operator to 2025-12-04 00:00:00+00:00, run_after=2025-12-05 00:00:00+00:00
[2025-12-06T04:29:14.600+0500] {processor.py:183} INFO - Processing /Users/symbat/airflow_local/.venv/lib/python3.11/site-packages/airflow/example_dags/example_bash_operator.py took 0.120 seconds
[2025-12-06T04:33:08.676+0500] {processor.py:161} INFO - Started process (PID=84067) to work on /Users/symbat/airflow_local/.venv/lib/python3.11/site-packages/airflow/example_dags/example_bash_operator.py
[2025-12-06T04:33:08.677+0500] {processor.py:830} INFO - Processing file /Users/symbat/airflow_local/.venv/lib/python3.11/site-packages/airflow/example_dags/example_bash_operator.py for tasks to queue
[2025-12-06T04:33:08.678+0500] {logging_mixin.py:188} INFO - [2025-12-06T04:33:08.677+0500] {dagbag.py:545} INFO - Filling up the DagBag from /Users/symbat/airflow_local/.venv/lib/python3.11/site-packages/airflow/example_dags/example_bash_operator.py
[2025-12-06T04:33:08.684+0500] {processor.py:840} INFO - DAG(s) 'example_bash_operator' retrieved from /Users/symbat/airflow_local/.venv/lib/python3.11/site-packages/airflow/example_dags/example_bash_operator.py
[2025-12-06T04:33:08.734+0500] {logging_mixin.py:188} INFO - [2025-12-06T04:33:08.734+0500] {dag.py:3089} INFO - Sync 1 DAGs
[2025-12-06T04:33:08.742+0500] {logging_mixin.py:188} INFO - [2025-12-06T04:33:08.742+0500] {dag.py:3947} INFO - Setting next_dagrun for example_bash_operator to 2025-12-04 00:00:00+00:00, run_after=2025-12-05 00:00:00+00:00
[2025-12-06T04:33:08.752+0500] {processor.py:183} INFO - Processing /Users/symbat/airflow_local/.venv/lib/python3.11/site-packages/airflow/example_dags/example_bash_operator.py took 0.077 seconds
[2025-12-06T04:37:08.601+0500] {processor.py:161} INFO - Started process (PID=84439) to work on /Users/symbat/airflow_local/.venv/lib/python3.11/site-packages/airflow/example_dags/example_bash_operator.py
[2025-12-06T04:37:08.601+0500] {processor.py:830} INFO - Processing file /Users/symbat/airflow_local/.venv/lib/python3.11/site-packages/airflow/example_dags/example_bash_operator.py for tasks to queue
[2025-12-06T04:37:08.602+0500] {logging_mixin.py:188} INFO - [2025-12-06T04:37:08.602+0500] {dagbag.py:545} INFO - Filling up the DagBag from /Users/symbat/airflow_local/.venv/lib/python3.11/site-packages/airflow/example_dags/example_bash_operator.py
[2025-12-06T04:37:08.609+0500] {processor.py:840} INFO - DAG(s) 'example_bash_operator' retrieved from /Users/symbat/airflow_local/.venv/lib/python3.11/site-packages/airflow/example_dags/example_bash_operator.py
[2025-12-06T04:37:08.659+0500] {logging_mixin.py:188} INFO - [2025-12-06T04:37:08.659+0500] {dag.py:3089} INFO - Sync 1 DAGs
[2025-12-06T04:37:08.667+0500] {logging_mixin.py:188} INFO - [2025-12-06T04:37:08.667+0500] {dag.py:3947} INFO - Setting next_dagrun for example_bash_operator to 2025-12-04 00:00:00+00:00, run_after=2025-12-05 00:00:00+00:00
[2025-12-06T04:37:08.676+0500] {processor.py:183} INFO - Processing /Users/symbat/airflow_local/.venv/lib/python3.11/site-packages/airflow/example_dags/example_bash_operator.py took 0.077 seconds
