[2025-12-06T03:55:33.960+0500] {processor.py:161} INFO - Started process (PID=79527) to work on /Users/symbat/airflow_local/.venv/lib/python3.11/site-packages/airflow/example_dags/example_task_group_decorator.py
[2025-12-06T03:55:33.960+0500] {processor.py:830} INFO - Processing file /Users/symbat/airflow_local/.venv/lib/python3.11/site-packages/airflow/example_dags/example_task_group_decorator.py for tasks to queue
[2025-12-06T03:55:33.961+0500] {logging_mixin.py:188} INFO - [2025-12-06T03:55:33.960+0500] {dagbag.py:545} INFO - Filling up the DagBag from /Users/symbat/airflow_local/.venv/lib/python3.11/site-packages/airflow/example_dags/example_task_group_decorator.py
[2025-12-06T03:55:33.981+0500] {processor.py:840} INFO - DAG(s) 'example_task_group_decorator' retrieved from /Users/symbat/airflow_local/.venv/lib/python3.11/site-packages/airflow/example_dags/example_task_group_decorator.py
[2025-12-06T03:55:34.101+0500] {logging_mixin.py:188} INFO - [2025-12-06T03:55:34.100+0500] {override.py:1930} INFO - Created Permission View: can edit on DAG:example_task_group_decorator
[2025-12-06T03:55:34.105+0500] {logging_mixin.py:188} INFO - [2025-12-06T03:55:34.105+0500] {override.py:1930} INFO - Created Permission View: can read on DAG:example_task_group_decorator
[2025-12-06T03:55:34.108+0500] {logging_mixin.py:188} INFO - [2025-12-06T03:55:34.108+0500] {override.py:1930} INFO - Created Permission View: can delete on DAG:example_task_group_decorator
[2025-12-06T03:55:34.108+0500] {logging_mixin.py:188} INFO - [2025-12-06T03:55:34.108+0500] {dag.py:3089} INFO - Sync 1 DAGs
[2025-12-06T03:55:34.112+0500] {logging_mixin.py:188} INFO - [2025-12-06T03:55:34.112+0500] {dag.py:3111} INFO - Creating ORM DAG for example_task_group_decorator
[2025-12-06T03:55:34.116+0500] {logging_mixin.py:188} INFO - [2025-12-06T03:55:34.116+0500] {dag.py:3947} INFO - Setting next_dagrun for example_task_group_decorator to 2025-12-04 00:00:00+00:00, run_after=2025-12-05 00:00:00+00:00
[2025-12-06T03:55:34.124+0500] {processor.py:183} INFO - Processing /Users/symbat/airflow_local/.venv/lib/python3.11/site-packages/airflow/example_dags/example_task_group_decorator.py took 0.166 seconds
[2025-12-06T03:57:33.848+0500] {processor.py:161} INFO - Started process (PID=79675) to work on /Users/symbat/airflow_local/.venv/lib/python3.11/site-packages/airflow/example_dags/example_task_group_decorator.py
[2025-12-06T03:57:33.852+0500] {processor.py:830} INFO - Processing file /Users/symbat/airflow_local/.venv/lib/python3.11/site-packages/airflow/example_dags/example_task_group_decorator.py for tasks to queue
[2025-12-06T03:57:33.853+0500] {logging_mixin.py:188} INFO - [2025-12-06T03:57:33.853+0500] {dagbag.py:545} INFO - Filling up the DagBag from /Users/symbat/airflow_local/.venv/lib/python3.11/site-packages/airflow/example_dags/example_task_group_decorator.py
[2025-12-06T03:57:33.886+0500] {processor.py:840} INFO - DAG(s) 'example_task_group_decorator' retrieved from /Users/symbat/airflow_local/.venv/lib/python3.11/site-packages/airflow/example_dags/example_task_group_decorator.py
[2025-12-06T03:57:33.939+0500] {logging_mixin.py:188} INFO - [2025-12-06T03:57:33.939+0500] {dag.py:3089} INFO - Sync 1 DAGs
[2025-12-06T03:57:33.950+0500] {logging_mixin.py:188} INFO - [2025-12-06T03:57:33.950+0500] {dag.py:3947} INFO - Setting next_dagrun for example_task_group_decorator to 2025-12-04 00:00:00+00:00, run_after=2025-12-05 00:00:00+00:00
[2025-12-06T03:57:33.960+0500] {processor.py:183} INFO - Processing /Users/symbat/airflow_local/.venv/lib/python3.11/site-packages/airflow/example_dags/example_task_group_decorator.py took 0.114 seconds
[2025-12-06T03:59:05.761+0500] {processor.py:161} INFO - Started process (PID=79849) to work on /Users/symbat/airflow_local/.venv/lib/python3.11/site-packages/airflow/example_dags/example_task_group_decorator.py
[2025-12-06T03:59:05.762+0500] {processor.py:830} INFO - Processing file /Users/symbat/airflow_local/.venv/lib/python3.11/site-packages/airflow/example_dags/example_task_group_decorator.py for tasks to queue
[2025-12-06T03:59:05.762+0500] {logging_mixin.py:188} INFO - [2025-12-06T03:59:05.762+0500] {dagbag.py:545} INFO - Filling up the DagBag from /Users/symbat/airflow_local/.venv/lib/python3.11/site-packages/airflow/example_dags/example_task_group_decorator.py
[2025-12-06T03:59:05.784+0500] {processor.py:840} INFO - DAG(s) 'example_task_group_decorator' retrieved from /Users/symbat/airflow_local/.venv/lib/python3.11/site-packages/airflow/example_dags/example_task_group_decorator.py
[2025-12-06T03:59:05.837+0500] {logging_mixin.py:188} INFO - [2025-12-06T03:59:05.837+0500] {dag.py:3089} INFO - Sync 1 DAGs
[2025-12-06T03:59:05.847+0500] {logging_mixin.py:188} INFO - [2025-12-06T03:59:05.847+0500] {dag.py:3947} INFO - Setting next_dagrun for example_task_group_decorator to 2025-12-04 00:00:00+00:00, run_after=2025-12-05 00:00:00+00:00
[2025-12-06T03:59:05.856+0500] {processor.py:183} INFO - Processing /Users/symbat/airflow_local/.venv/lib/python3.11/site-packages/airflow/example_dags/example_task_group_decorator.py took 0.098 seconds
[2025-12-06T04:00:41.339+0500] {processor.py:161} INFO - Started process (PID=80363) to work on /Users/symbat/airflow_local/.venv/lib/python3.11/site-packages/airflow/example_dags/example_task_group_decorator.py
[2025-12-06T04:00:41.341+0500] {processor.py:830} INFO - Processing file /Users/symbat/airflow_local/.venv/lib/python3.11/site-packages/airflow/example_dags/example_task_group_decorator.py for tasks to queue
[2025-12-06T04:00:41.341+0500] {logging_mixin.py:188} INFO - [2025-12-06T04:00:41.341+0500] {dagbag.py:545} INFO - Filling up the DagBag from /Users/symbat/airflow_local/.venv/lib/python3.11/site-packages/airflow/example_dags/example_task_group_decorator.py
[2025-12-06T04:00:41.369+0500] {processor.py:840} INFO - DAG(s) 'example_task_group_decorator' retrieved from /Users/symbat/airflow_local/.venv/lib/python3.11/site-packages/airflow/example_dags/example_task_group_decorator.py
[2025-12-06T04:00:41.448+0500] {logging_mixin.py:188} INFO - [2025-12-06T04:00:41.448+0500] {dag.py:3089} INFO - Sync 1 DAGs
[2025-12-06T04:00:41.458+0500] {logging_mixin.py:188} INFO - [2025-12-06T04:00:41.458+0500] {dag.py:3947} INFO - Setting next_dagrun for example_task_group_decorator to 2025-12-04 00:00:00+00:00, run_after=2025-12-05 00:00:00+00:00
[2025-12-06T04:00:41.468+0500] {processor.py:183} INFO - Processing /Users/symbat/airflow_local/.venv/lib/python3.11/site-packages/airflow/example_dags/example_task_group_decorator.py took 0.132 seconds
[2025-12-06T04:02:18.335+0500] {processor.py:161} INFO - Started process (PID=80636) to work on /Users/symbat/airflow_local/.venv/lib/python3.11/site-packages/airflow/example_dags/example_task_group_decorator.py
[2025-12-06T04:02:18.336+0500] {processor.py:830} INFO - Processing file /Users/symbat/airflow_local/.venv/lib/python3.11/site-packages/airflow/example_dags/example_task_group_decorator.py for tasks to queue
[2025-12-06T04:02:18.336+0500] {logging_mixin.py:188} INFO - [2025-12-06T04:02:18.336+0500] {dagbag.py:545} INFO - Filling up the DagBag from /Users/symbat/airflow_local/.venv/lib/python3.11/site-packages/airflow/example_dags/example_task_group_decorator.py
[2025-12-06T04:02:18.360+0500] {processor.py:840} INFO - DAG(s) 'example_task_group_decorator' retrieved from /Users/symbat/airflow_local/.venv/lib/python3.11/site-packages/airflow/example_dags/example_task_group_decorator.py
[2025-12-06T04:02:18.413+0500] {logging_mixin.py:188} INFO - [2025-12-06T04:02:18.412+0500] {dag.py:3089} INFO - Sync 1 DAGs
[2025-12-06T04:02:18.422+0500] {logging_mixin.py:188} INFO - [2025-12-06T04:02:18.422+0500] {dag.py:3947} INFO - Setting next_dagrun for example_task_group_decorator to 2025-12-04 00:00:00+00:00, run_after=2025-12-05 00:00:00+00:00
[2025-12-06T04:02:18.432+0500] {processor.py:183} INFO - Processing /Users/symbat/airflow_local/.venv/lib/python3.11/site-packages/airflow/example_dags/example_task_group_decorator.py took 0.102 seconds
[2025-12-06T04:03:57.623+0500] {processor.py:161} INFO - Started process (PID=80974) to work on /Users/symbat/airflow_local/.venv/lib/python3.11/site-packages/airflow/example_dags/example_task_group_decorator.py
[2025-12-06T04:03:57.625+0500] {processor.py:830} INFO - Processing file /Users/symbat/airflow_local/.venv/lib/python3.11/site-packages/airflow/example_dags/example_task_group_decorator.py for tasks to queue
[2025-12-06T04:03:57.626+0500] {logging_mixin.py:188} INFO - [2025-12-06T04:03:57.626+0500] {dagbag.py:545} INFO - Filling up the DagBag from /Users/symbat/airflow_local/.venv/lib/python3.11/site-packages/airflow/example_dags/example_task_group_decorator.py
[2025-12-06T04:03:57.664+0500] {processor.py:840} INFO - DAG(s) 'example_task_group_decorator' retrieved from /Users/symbat/airflow_local/.venv/lib/python3.11/site-packages/airflow/example_dags/example_task_group_decorator.py
[2025-12-06T04:03:57.718+0500] {logging_mixin.py:188} INFO - [2025-12-06T04:03:57.717+0500] {dag.py:3089} INFO - Sync 1 DAGs
[2025-12-06T04:03:57.727+0500] {logging_mixin.py:188} INFO - [2025-12-06T04:03:57.727+0500] {dag.py:3947} INFO - Setting next_dagrun for example_task_group_decorator to 2025-12-04 00:00:00+00:00, run_after=2025-12-05 00:00:00+00:00
[2025-12-06T04:03:57.737+0500] {processor.py:183} INFO - Processing /Users/symbat/airflow_local/.venv/lib/python3.11/site-packages/airflow/example_dags/example_task_group_decorator.py took 0.117 seconds
[2025-12-06T04:05:46.708+0500] {processor.py:161} INFO - Started process (PID=81403) to work on /Users/symbat/airflow_local/.venv/lib/python3.11/site-packages/airflow/example_dags/example_task_group_decorator.py
[2025-12-06T04:05:46.709+0500] {processor.py:830} INFO - Processing file /Users/symbat/airflow_local/.venv/lib/python3.11/site-packages/airflow/example_dags/example_task_group_decorator.py for tasks to queue
[2025-12-06T04:05:46.710+0500] {logging_mixin.py:188} INFO - [2025-12-06T04:05:46.709+0500] {dagbag.py:545} INFO - Filling up the DagBag from /Users/symbat/airflow_local/.venv/lib/python3.11/site-packages/airflow/example_dags/example_task_group_decorator.py
[2025-12-06T04:05:46.740+0500] {processor.py:840} INFO - DAG(s) 'example_task_group_decorator' retrieved from /Users/symbat/airflow_local/.venv/lib/python3.11/site-packages/airflow/example_dags/example_task_group_decorator.py
[2025-12-06T04:05:46.812+0500] {logging_mixin.py:188} INFO - [2025-12-06T04:05:46.812+0500] {dag.py:3089} INFO - Sync 1 DAGs
[2025-12-06T04:05:46.822+0500] {logging_mixin.py:188} INFO - [2025-12-06T04:05:46.822+0500] {dag.py:3947} INFO - Setting next_dagrun for example_task_group_decorator to 2025-12-04 00:00:00+00:00, run_after=2025-12-05 00:00:00+00:00
[2025-12-06T04:05:46.832+0500] {processor.py:183} INFO - Processing /Users/symbat/airflow_local/.venv/lib/python3.11/site-packages/airflow/example_dags/example_task_group_decorator.py took 0.129 seconds
[2025-12-06T04:07:26.112+0500] {processor.py:161} INFO - Started process (PID=81538) to work on /Users/symbat/airflow_local/.venv/lib/python3.11/site-packages/airflow/example_dags/example_task_group_decorator.py
[2025-12-06T04:07:26.113+0500] {processor.py:830} INFO - Processing file /Users/symbat/airflow_local/.venv/lib/python3.11/site-packages/airflow/example_dags/example_task_group_decorator.py for tasks to queue
[2025-12-06T04:07:26.113+0500] {logging_mixin.py:188} INFO - [2025-12-06T04:07:26.113+0500] {dagbag.py:545} INFO - Filling up the DagBag from /Users/symbat/airflow_local/.venv/lib/python3.11/site-packages/airflow/example_dags/example_task_group_decorator.py
[2025-12-06T04:07:26.144+0500] {processor.py:840} INFO - DAG(s) 'example_task_group_decorator' retrieved from /Users/symbat/airflow_local/.venv/lib/python3.11/site-packages/airflow/example_dags/example_task_group_decorator.py
[2025-12-06T04:07:26.206+0500] {logging_mixin.py:188} INFO - [2025-12-06T04:07:26.206+0500] {dag.py:3089} INFO - Sync 1 DAGs
[2025-12-06T04:07:26.220+0500] {logging_mixin.py:188} INFO - [2025-12-06T04:07:26.220+0500] {dag.py:3947} INFO - Setting next_dagrun for example_task_group_decorator to 2025-12-04 00:00:00+00:00, run_after=2025-12-05 00:00:00+00:00
[2025-12-06T04:07:26.231+0500] {processor.py:183} INFO - Processing /Users/symbat/airflow_local/.venv/lib/python3.11/site-packages/airflow/example_dags/example_task_group_decorator.py took 0.124 seconds
[2025-12-06T04:09:09.788+0500] {processor.py:161} INFO - Started process (PID=81672) to work on /Users/symbat/airflow_local/.venv/lib/python3.11/site-packages/airflow/example_dags/example_task_group_decorator.py
[2025-12-06T04:09:09.788+0500] {processor.py:830} INFO - Processing file /Users/symbat/airflow_local/.venv/lib/python3.11/site-packages/airflow/example_dags/example_task_group_decorator.py for tasks to queue
[2025-12-06T04:09:09.789+0500] {logging_mixin.py:188} INFO - [2025-12-06T04:09:09.789+0500] {dagbag.py:545} INFO - Filling up the DagBag from /Users/symbat/airflow_local/.venv/lib/python3.11/site-packages/airflow/example_dags/example_task_group_decorator.py
[2025-12-06T04:09:09.817+0500] {processor.py:840} INFO - DAG(s) 'example_task_group_decorator' retrieved from /Users/symbat/airflow_local/.venv/lib/python3.11/site-packages/airflow/example_dags/example_task_group_decorator.py
[2025-12-06T04:09:09.878+0500] {logging_mixin.py:188} INFO - [2025-12-06T04:09:09.878+0500] {dag.py:3089} INFO - Sync 1 DAGs
[2025-12-06T04:09:09.888+0500] {logging_mixin.py:188} INFO - [2025-12-06T04:09:09.888+0500] {dag.py:3947} INFO - Setting next_dagrun for example_task_group_decorator to 2025-12-04 00:00:00+00:00, run_after=2025-12-05 00:00:00+00:00
[2025-12-06T04:09:09.898+0500] {processor.py:183} INFO - Processing /Users/symbat/airflow_local/.venv/lib/python3.11/site-packages/airflow/example_dags/example_task_group_decorator.py took 0.115 seconds
[2025-12-06T04:10:53.441+0500] {processor.py:161} INFO - Started process (PID=81787) to work on /Users/symbat/airflow_local/.venv/lib/python3.11/site-packages/airflow/example_dags/example_task_group_decorator.py
[2025-12-06T04:10:53.442+0500] {processor.py:830} INFO - Processing file /Users/symbat/airflow_local/.venv/lib/python3.11/site-packages/airflow/example_dags/example_task_group_decorator.py for tasks to queue
[2025-12-06T04:10:53.443+0500] {logging_mixin.py:188} INFO - [2025-12-06T04:10:53.442+0500] {dagbag.py:545} INFO - Filling up the DagBag from /Users/symbat/airflow_local/.venv/lib/python3.11/site-packages/airflow/example_dags/example_task_group_decorator.py
[2025-12-06T04:10:53.465+0500] {processor.py:840} INFO - DAG(s) 'example_task_group_decorator' retrieved from /Users/symbat/airflow_local/.venv/lib/python3.11/site-packages/airflow/example_dags/example_task_group_decorator.py
[2025-12-06T04:10:53.516+0500] {logging_mixin.py:188} INFO - [2025-12-06T04:10:53.516+0500] {dag.py:3089} INFO - Sync 1 DAGs
[2025-12-06T04:10:53.529+0500] {logging_mixin.py:188} INFO - [2025-12-06T04:10:53.529+0500] {dag.py:3947} INFO - Setting next_dagrun for example_task_group_decorator to 2025-12-04 00:00:00+00:00, run_after=2025-12-05 00:00:00+00:00
[2025-12-06T04:10:53.539+0500] {processor.py:183} INFO - Processing /Users/symbat/airflow_local/.venv/lib/python3.11/site-packages/airflow/example_dags/example_task_group_decorator.py took 0.100 seconds
[2025-12-06T04:12:30.697+0500] {processor.py:161} INFO - Started process (PID=81926) to work on /Users/symbat/airflow_local/.venv/lib/python3.11/site-packages/airflow/example_dags/example_task_group_decorator.py
[2025-12-06T04:12:30.698+0500] {processor.py:830} INFO - Processing file /Users/symbat/airflow_local/.venv/lib/python3.11/site-packages/airflow/example_dags/example_task_group_decorator.py for tasks to queue
[2025-12-06T04:12:30.698+0500] {logging_mixin.py:188} INFO - [2025-12-06T04:12:30.698+0500] {dagbag.py:545} INFO - Filling up the DagBag from /Users/symbat/airflow_local/.venv/lib/python3.11/site-packages/airflow/example_dags/example_task_group_decorator.py
[2025-12-06T04:12:30.721+0500] {processor.py:840} INFO - DAG(s) 'example_task_group_decorator' retrieved from /Users/symbat/airflow_local/.venv/lib/python3.11/site-packages/airflow/example_dags/example_task_group_decorator.py
[2025-12-06T04:12:30.772+0500] {logging_mixin.py:188} INFO - [2025-12-06T04:12:30.772+0500] {dag.py:3089} INFO - Sync 1 DAGs
[2025-12-06T04:12:30.781+0500] {logging_mixin.py:188} INFO - [2025-12-06T04:12:30.781+0500] {dag.py:3947} INFO - Setting next_dagrun for example_task_group_decorator to 2025-12-04 00:00:00+00:00, run_after=2025-12-05 00:00:00+00:00
[2025-12-06T04:12:30.791+0500] {processor.py:183} INFO - Processing /Users/symbat/airflow_local/.venv/lib/python3.11/site-packages/airflow/example_dags/example_task_group_decorator.py took 0.096 seconds
[2025-12-06T04:14:11.665+0500] {processor.py:161} INFO - Started process (PID=82082) to work on /Users/symbat/airflow_local/.venv/lib/python3.11/site-packages/airflow/example_dags/example_task_group_decorator.py
[2025-12-06T04:14:11.666+0500] {processor.py:830} INFO - Processing file /Users/symbat/airflow_local/.venv/lib/python3.11/site-packages/airflow/example_dags/example_task_group_decorator.py for tasks to queue
[2025-12-06T04:14:11.667+0500] {logging_mixin.py:188} INFO - [2025-12-06T04:14:11.666+0500] {dagbag.py:545} INFO - Filling up the DagBag from /Users/symbat/airflow_local/.venv/lib/python3.11/site-packages/airflow/example_dags/example_task_group_decorator.py
[2025-12-06T04:14:11.698+0500] {processor.py:840} INFO - DAG(s) 'example_task_group_decorator' retrieved from /Users/symbat/airflow_local/.venv/lib/python3.11/site-packages/airflow/example_dags/example_task_group_decorator.py
[2025-12-06T04:14:11.769+0500] {logging_mixin.py:188} INFO - [2025-12-06T04:14:11.768+0500] {dag.py:3089} INFO - Sync 1 DAGs
[2025-12-06T04:14:11.781+0500] {logging_mixin.py:188} INFO - [2025-12-06T04:14:11.781+0500] {dag.py:3947} INFO - Setting next_dagrun for example_task_group_decorator to 2025-12-04 00:00:00+00:00, run_after=2025-12-05 00:00:00+00:00
[2025-12-06T04:14:11.793+0500] {processor.py:183} INFO - Processing /Users/symbat/airflow_local/.venv/lib/python3.11/site-packages/airflow/example_dags/example_task_group_decorator.py took 0.131 seconds
[2025-12-06T04:15:51.089+0500] {processor.py:161} INFO - Started process (PID=82222) to work on /Users/symbat/airflow_local/.venv/lib/python3.11/site-packages/airflow/example_dags/example_task_group_decorator.py
[2025-12-06T04:15:51.092+0500] {processor.py:830} INFO - Processing file /Users/symbat/airflow_local/.venv/lib/python3.11/site-packages/airflow/example_dags/example_task_group_decorator.py for tasks to queue
[2025-12-06T04:15:51.092+0500] {logging_mixin.py:188} INFO - [2025-12-06T04:15:51.092+0500] {dagbag.py:545} INFO - Filling up the DagBag from /Users/symbat/airflow_local/.venv/lib/python3.11/site-packages/airflow/example_dags/example_task_group_decorator.py
[2025-12-06T04:15:51.122+0500] {processor.py:840} INFO - DAG(s) 'example_task_group_decorator' retrieved from /Users/symbat/airflow_local/.venv/lib/python3.11/site-packages/airflow/example_dags/example_task_group_decorator.py
[2025-12-06T04:15:51.183+0500] {logging_mixin.py:188} INFO - [2025-12-06T04:15:51.183+0500] {dag.py:3089} INFO - Sync 1 DAGs
[2025-12-06T04:15:51.194+0500] {logging_mixin.py:188} INFO - [2025-12-06T04:15:51.193+0500] {dag.py:3947} INFO - Setting next_dagrun for example_task_group_decorator to 2025-12-04 00:00:00+00:00, run_after=2025-12-05 00:00:00+00:00
[2025-12-06T04:15:51.205+0500] {processor.py:183} INFO - Processing /Users/symbat/airflow_local/.venv/lib/python3.11/site-packages/airflow/example_dags/example_task_group_decorator.py took 0.119 seconds
[2025-12-06T04:17:25.376+0500] {processor.py:161} INFO - Started process (PID=82326) to work on /Users/symbat/airflow_local/.venv/lib/python3.11/site-packages/airflow/example_dags/example_task_group_decorator.py
[2025-12-06T04:17:25.377+0500] {processor.py:830} INFO - Processing file /Users/symbat/airflow_local/.venv/lib/python3.11/site-packages/airflow/example_dags/example_task_group_decorator.py for tasks to queue
[2025-12-06T04:17:25.379+0500] {logging_mixin.py:188} INFO - [2025-12-06T04:17:25.379+0500] {dagbag.py:545} INFO - Filling up the DagBag from /Users/symbat/airflow_local/.venv/lib/python3.11/site-packages/airflow/example_dags/example_task_group_decorator.py
[2025-12-06T04:17:25.407+0500] {processor.py:840} INFO - DAG(s) 'example_task_group_decorator' retrieved from /Users/symbat/airflow_local/.venv/lib/python3.11/site-packages/airflow/example_dags/example_task_group_decorator.py
[2025-12-06T04:17:25.460+0500] {logging_mixin.py:188} INFO - [2025-12-06T04:17:25.460+0500] {dag.py:3089} INFO - Sync 1 DAGs
[2025-12-06T04:17:25.469+0500] {logging_mixin.py:188} INFO - [2025-12-06T04:17:25.469+0500] {dag.py:3947} INFO - Setting next_dagrun for example_task_group_decorator to 2025-12-04 00:00:00+00:00, run_after=2025-12-05 00:00:00+00:00
[2025-12-06T04:17:25.479+0500] {processor.py:183} INFO - Processing /Users/symbat/airflow_local/.venv/lib/python3.11/site-packages/airflow/example_dags/example_task_group_decorator.py took 0.105 seconds
[2025-12-06T04:19:02.344+0500] {processor.py:161} INFO - Started process (PID=82435) to work on /Users/symbat/airflow_local/.venv/lib/python3.11/site-packages/airflow/example_dags/example_task_group_decorator.py
[2025-12-06T04:19:02.345+0500] {processor.py:830} INFO - Processing file /Users/symbat/airflow_local/.venv/lib/python3.11/site-packages/airflow/example_dags/example_task_group_decorator.py for tasks to queue
[2025-12-06T04:19:02.345+0500] {logging_mixin.py:188} INFO - [2025-12-06T04:19:02.345+0500] {dagbag.py:545} INFO - Filling up the DagBag from /Users/symbat/airflow_local/.venv/lib/python3.11/site-packages/airflow/example_dags/example_task_group_decorator.py
[2025-12-06T04:19:02.368+0500] {processor.py:840} INFO - DAG(s) 'example_task_group_decorator' retrieved from /Users/symbat/airflow_local/.venv/lib/python3.11/site-packages/airflow/example_dags/example_task_group_decorator.py
[2025-12-06T04:19:02.435+0500] {logging_mixin.py:188} INFO - [2025-12-06T04:19:02.435+0500] {dag.py:3089} INFO - Sync 1 DAGs
[2025-12-06T04:19:02.446+0500] {logging_mixin.py:188} INFO - [2025-12-06T04:19:02.446+0500] {dag.py:3947} INFO - Setting next_dagrun for example_task_group_decorator to 2025-12-04 00:00:00+00:00, run_after=2025-12-05 00:00:00+00:00
[2025-12-06T04:19:02.456+0500] {processor.py:183} INFO - Processing /Users/symbat/airflow_local/.venv/lib/python3.11/site-packages/airflow/example_dags/example_task_group_decorator.py took 0.114 seconds
[2025-12-06T04:20:32.776+0500] {processor.py:161} INFO - Started process (PID=82520) to work on /Users/symbat/airflow_local/.venv/lib/python3.11/site-packages/airflow/example_dags/example_task_group_decorator.py
[2025-12-06T04:20:32.777+0500] {processor.py:830} INFO - Processing file /Users/symbat/airflow_local/.venv/lib/python3.11/site-packages/airflow/example_dags/example_task_group_decorator.py for tasks to queue
[2025-12-06T04:20:32.778+0500] {logging_mixin.py:188} INFO - [2025-12-06T04:20:32.778+0500] {dagbag.py:545} INFO - Filling up the DagBag from /Users/symbat/airflow_local/.venv/lib/python3.11/site-packages/airflow/example_dags/example_task_group_decorator.py
[2025-12-06T04:20:32.801+0500] {processor.py:840} INFO - DAG(s) 'example_task_group_decorator' retrieved from /Users/symbat/airflow_local/.venv/lib/python3.11/site-packages/airflow/example_dags/example_task_group_decorator.py
[2025-12-06T04:20:32.853+0500] {logging_mixin.py:188} INFO - [2025-12-06T04:20:32.852+0500] {dag.py:3089} INFO - Sync 1 DAGs
[2025-12-06T04:20:32.862+0500] {logging_mixin.py:188} INFO - [2025-12-06T04:20:32.862+0500] {dag.py:3947} INFO - Setting next_dagrun for example_task_group_decorator to 2025-12-04 00:00:00+00:00, run_after=2025-12-05 00:00:00+00:00
[2025-12-06T04:20:32.872+0500] {processor.py:183} INFO - Processing /Users/symbat/airflow_local/.venv/lib/python3.11/site-packages/airflow/example_dags/example_task_group_decorator.py took 0.099 seconds
[2025-12-06T04:22:00.408+0500] {processor.py:161} INFO - Started process (PID=82622) to work on /Users/symbat/airflow_local/.venv/lib/python3.11/site-packages/airflow/example_dags/example_task_group_decorator.py
[2025-12-06T04:22:00.408+0500] {processor.py:830} INFO - Processing file /Users/symbat/airflow_local/.venv/lib/python3.11/site-packages/airflow/example_dags/example_task_group_decorator.py for tasks to queue
[2025-12-06T04:22:00.409+0500] {logging_mixin.py:188} INFO - [2025-12-06T04:22:00.409+0500] {dagbag.py:545} INFO - Filling up the DagBag from /Users/symbat/airflow_local/.venv/lib/python3.11/site-packages/airflow/example_dags/example_task_group_decorator.py
[2025-12-06T04:22:00.439+0500] {processor.py:840} INFO - DAG(s) 'example_task_group_decorator' retrieved from /Users/symbat/airflow_local/.venv/lib/python3.11/site-packages/airflow/example_dags/example_task_group_decorator.py
[2025-12-06T04:22:00.491+0500] {logging_mixin.py:188} INFO - [2025-12-06T04:22:00.491+0500] {dag.py:3089} INFO - Sync 1 DAGs
[2025-12-06T04:22:00.501+0500] {logging_mixin.py:188} INFO - [2025-12-06T04:22:00.500+0500] {dag.py:3947} INFO - Setting next_dagrun for example_task_group_decorator to 2025-12-04 00:00:00+00:00, run_after=2025-12-05 00:00:00+00:00
[2025-12-06T04:22:00.516+0500] {processor.py:183} INFO - Processing /Users/symbat/airflow_local/.venv/lib/python3.11/site-packages/airflow/example_dags/example_task_group_decorator.py took 0.110 seconds
[2025-12-06T04:23:21.407+0500] {processor.py:161} INFO - Started process (PID=82724) to work on /Users/symbat/airflow_local/.venv/lib/python3.11/site-packages/airflow/example_dags/example_task_group_decorator.py
[2025-12-06T04:23:21.408+0500] {processor.py:830} INFO - Processing file /Users/symbat/airflow_local/.venv/lib/python3.11/site-packages/airflow/example_dags/example_task_group_decorator.py for tasks to queue
[2025-12-06T04:23:21.408+0500] {logging_mixin.py:188} INFO - [2025-12-06T04:23:21.408+0500] {dagbag.py:545} INFO - Filling up the DagBag from /Users/symbat/airflow_local/.venv/lib/python3.11/site-packages/airflow/example_dags/example_task_group_decorator.py
[2025-12-06T04:23:21.430+0500] {processor.py:840} INFO - DAG(s) 'example_task_group_decorator' retrieved from /Users/symbat/airflow_local/.venv/lib/python3.11/site-packages/airflow/example_dags/example_task_group_decorator.py
[2025-12-06T04:23:21.481+0500] {logging_mixin.py:188} INFO - [2025-12-06T04:23:21.481+0500] {dag.py:3089} INFO - Sync 1 DAGs
[2025-12-06T04:23:21.490+0500] {logging_mixin.py:188} INFO - [2025-12-06T04:23:21.490+0500] {dag.py:3947} INFO - Setting next_dagrun for example_task_group_decorator to 2025-12-04 00:00:00+00:00, run_after=2025-12-05 00:00:00+00:00
[2025-12-06T04:23:21.500+0500] {processor.py:183} INFO - Processing /Users/symbat/airflow_local/.venv/lib/python3.11/site-packages/airflow/example_dags/example_task_group_decorator.py took 0.095 seconds
[2025-12-06T04:24:53.728+0500] {processor.py:161} INFO - Started process (PID=82819) to work on /Users/symbat/airflow_local/.venv/lib/python3.11/site-packages/airflow/example_dags/example_task_group_decorator.py
[2025-12-06T04:24:53.729+0500] {processor.py:830} INFO - Processing file /Users/symbat/airflow_local/.venv/lib/python3.11/site-packages/airflow/example_dags/example_task_group_decorator.py for tasks to queue
[2025-12-06T04:24:53.730+0500] {logging_mixin.py:188} INFO - [2025-12-06T04:24:53.730+0500] {dagbag.py:545} INFO - Filling up the DagBag from /Users/symbat/airflow_local/.venv/lib/python3.11/site-packages/airflow/example_dags/example_task_group_decorator.py
[2025-12-06T04:24:53.760+0500] {processor.py:840} INFO - DAG(s) 'example_task_group_decorator' retrieved from /Users/symbat/airflow_local/.venv/lib/python3.11/site-packages/airflow/example_dags/example_task_group_decorator.py
[2025-12-06T04:24:53.824+0500] {logging_mixin.py:188} INFO - [2025-12-06T04:24:53.824+0500] {dag.py:3089} INFO - Sync 1 DAGs
[2025-12-06T04:24:53.834+0500] {logging_mixin.py:188} INFO - [2025-12-06T04:24:53.834+0500] {dag.py:3947} INFO - Setting next_dagrun for example_task_group_decorator to 2025-12-04 00:00:00+00:00, run_after=2025-12-05 00:00:00+00:00
[2025-12-06T04:24:53.844+0500] {processor.py:183} INFO - Processing /Users/symbat/airflow_local/.venv/lib/python3.11/site-packages/airflow/example_dags/example_task_group_decorator.py took 0.120 seconds
[2025-12-06T04:26:39.302+0500] {processor.py:161} INFO - Started process (PID=83236) to work on /Users/symbat/airflow_local/.venv/lib/python3.11/site-packages/airflow/example_dags/example_task_group_decorator.py
[2025-12-06T04:26:39.303+0500] {processor.py:830} INFO - Processing file /Users/symbat/airflow_local/.venv/lib/python3.11/site-packages/airflow/example_dags/example_task_group_decorator.py for tasks to queue
[2025-12-06T04:26:39.304+0500] {logging_mixin.py:188} INFO - [2025-12-06T04:26:39.304+0500] {dagbag.py:545} INFO - Filling up the DagBag from /Users/symbat/airflow_local/.venv/lib/python3.11/site-packages/airflow/example_dags/example_task_group_decorator.py
[2025-12-06T04:26:39.339+0500] {processor.py:840} INFO - DAG(s) 'example_task_group_decorator' retrieved from /Users/symbat/airflow_local/.venv/lib/python3.11/site-packages/airflow/example_dags/example_task_group_decorator.py
[2025-12-06T04:26:39.395+0500] {logging_mixin.py:188} INFO - [2025-12-06T04:26:39.394+0500] {dag.py:3089} INFO - Sync 1 DAGs
[2025-12-06T04:26:39.409+0500] {logging_mixin.py:188} INFO - [2025-12-06T04:26:39.409+0500] {dag.py:3947} INFO - Setting next_dagrun for example_task_group_decorator to 2025-12-04 00:00:00+00:00, run_after=2025-12-05 00:00:00+00:00
[2025-12-06T04:26:39.420+0500] {processor.py:183} INFO - Processing /Users/symbat/airflow_local/.venv/lib/python3.11/site-packages/airflow/example_dags/example_task_group_decorator.py took 0.120 seconds
[2025-12-06T04:28:15.859+0500] {processor.py:161} INFO - Started process (PID=83590) to work on /Users/symbat/airflow_local/.venv/lib/python3.11/site-packages/airflow/example_dags/example_task_group_decorator.py
[2025-12-06T04:28:15.859+0500] {processor.py:830} INFO - Processing file /Users/symbat/airflow_local/.venv/lib/python3.11/site-packages/airflow/example_dags/example_task_group_decorator.py for tasks to queue
[2025-12-06T04:28:15.860+0500] {logging_mixin.py:188} INFO - [2025-12-06T04:28:15.860+0500] {dagbag.py:545} INFO - Filling up the DagBag from /Users/symbat/airflow_local/.venv/lib/python3.11/site-packages/airflow/example_dags/example_task_group_decorator.py
[2025-12-06T04:28:15.881+0500] {processor.py:840} INFO - DAG(s) 'example_task_group_decorator' retrieved from /Users/symbat/airflow_local/.venv/lib/python3.11/site-packages/airflow/example_dags/example_task_group_decorator.py
[2025-12-06T04:28:15.931+0500] {logging_mixin.py:188} INFO - [2025-12-06T04:28:15.931+0500] {dag.py:3089} INFO - Sync 1 DAGs
[2025-12-06T04:28:15.943+0500] {logging_mixin.py:188} INFO - [2025-12-06T04:28:15.943+0500] {dag.py:3947} INFO - Setting next_dagrun for example_task_group_decorator to 2025-12-04 00:00:00+00:00, run_after=2025-12-05 00:00:00+00:00
[2025-12-06T04:28:15.952+0500] {processor.py:183} INFO - Processing /Users/symbat/airflow_local/.venv/lib/python3.11/site-packages/airflow/example_dags/example_task_group_decorator.py took 0.097 seconds
[2025-12-06T04:30:05.868+0500] {processor.py:161} INFO - Started process (PID=83781) to work on /Users/symbat/airflow_local/.venv/lib/python3.11/site-packages/airflow/example_dags/example_task_group_decorator.py
[2025-12-06T04:30:05.868+0500] {processor.py:830} INFO - Processing file /Users/symbat/airflow_local/.venv/lib/python3.11/site-packages/airflow/example_dags/example_task_group_decorator.py for tasks to queue
[2025-12-06T04:30:05.869+0500] {logging_mixin.py:188} INFO - [2025-12-06T04:30:05.869+0500] {dagbag.py:545} INFO - Filling up the DagBag from /Users/symbat/airflow_local/.venv/lib/python3.11/site-packages/airflow/example_dags/example_task_group_decorator.py
[2025-12-06T04:30:05.888+0500] {processor.py:840} INFO - DAG(s) 'example_task_group_decorator' retrieved from /Users/symbat/airflow_local/.venv/lib/python3.11/site-packages/airflow/example_dags/example_task_group_decorator.py
[2025-12-06T04:30:05.931+0500] {logging_mixin.py:188} INFO - [2025-12-06T04:30:05.931+0500] {dag.py:3089} INFO - Sync 1 DAGs
[2025-12-06T04:30:05.940+0500] {logging_mixin.py:188} INFO - [2025-12-06T04:30:05.939+0500] {dag.py:3947} INFO - Setting next_dagrun for example_task_group_decorator to 2025-12-04 00:00:00+00:00, run_after=2025-12-05 00:00:00+00:00
[2025-12-06T04:30:05.948+0500] {processor.py:183} INFO - Processing /Users/symbat/airflow_local/.venv/lib/python3.11/site-packages/airflow/example_dags/example_task_group_decorator.py took 0.082 seconds
[2025-12-06T04:32:00.714+0500] {processor.py:161} INFO - Started process (PID=83938) to work on /Users/symbat/airflow_local/.venv/lib/python3.11/site-packages/airflow/example_dags/example_task_group_decorator.py
[2025-12-06T04:32:00.717+0500] {processor.py:830} INFO - Processing file /Users/symbat/airflow_local/.venv/lib/python3.11/site-packages/airflow/example_dags/example_task_group_decorator.py for tasks to queue
[2025-12-06T04:32:00.718+0500] {logging_mixin.py:188} INFO - [2025-12-06T04:32:00.717+0500] {dagbag.py:545} INFO - Filling up the DagBag from /Users/symbat/airflow_local/.venv/lib/python3.11/site-packages/airflow/example_dags/example_task_group_decorator.py
[2025-12-06T04:32:00.746+0500] {processor.py:840} INFO - DAG(s) 'example_task_group_decorator' retrieved from /Users/symbat/airflow_local/.venv/lib/python3.11/site-packages/airflow/example_dags/example_task_group_decorator.py
[2025-12-06T04:32:00.802+0500] {logging_mixin.py:188} INFO - [2025-12-06T04:32:00.801+0500] {dag.py:3089} INFO - Sync 1 DAGs
[2025-12-06T04:32:00.811+0500] {logging_mixin.py:188} INFO - [2025-12-06T04:32:00.811+0500] {dag.py:3947} INFO - Setting next_dagrun for example_task_group_decorator to 2025-12-04 00:00:00+00:00, run_after=2025-12-05 00:00:00+00:00
[2025-12-06T04:32:00.821+0500] {processor.py:183} INFO - Processing /Users/symbat/airflow_local/.venv/lib/python3.11/site-packages/airflow/example_dags/example_task_group_decorator.py took 0.110 seconds
[2025-12-06T04:33:52.673+0500] {processor.py:161} INFO - Started process (PID=84150) to work on /Users/symbat/airflow_local/.venv/lib/python3.11/site-packages/airflow/example_dags/example_task_group_decorator.py
[2025-12-06T04:33:52.673+0500] {processor.py:830} INFO - Processing file /Users/symbat/airflow_local/.venv/lib/python3.11/site-packages/airflow/example_dags/example_task_group_decorator.py for tasks to queue
[2025-12-06T04:33:52.674+0500] {logging_mixin.py:188} INFO - [2025-12-06T04:33:52.674+0500] {dagbag.py:545} INFO - Filling up the DagBag from /Users/symbat/airflow_local/.venv/lib/python3.11/site-packages/airflow/example_dags/example_task_group_decorator.py
[2025-12-06T04:33:52.696+0500] {processor.py:840} INFO - DAG(s) 'example_task_group_decorator' retrieved from /Users/symbat/airflow_local/.venv/lib/python3.11/site-packages/airflow/example_dags/example_task_group_decorator.py
[2025-12-06T04:33:52.741+0500] {logging_mixin.py:188} INFO - [2025-12-06T04:33:52.741+0500] {dag.py:3089} INFO - Sync 1 DAGs
[2025-12-06T04:33:52.750+0500] {logging_mixin.py:188} INFO - [2025-12-06T04:33:52.750+0500] {dag.py:3947} INFO - Setting next_dagrun for example_task_group_decorator to 2025-12-04 00:00:00+00:00, run_after=2025-12-05 00:00:00+00:00
[2025-12-06T04:33:52.758+0500] {processor.py:183} INFO - Processing /Users/symbat/airflow_local/.venv/lib/python3.11/site-packages/airflow/example_dags/example_task_group_decorator.py took 0.088 seconds
[2025-12-06T04:35:51.110+0500] {processor.py:161} INFO - Started process (PID=84326) to work on /Users/symbat/airflow_local/.venv/lib/python3.11/site-packages/airflow/example_dags/example_task_group_decorator.py
[2025-12-06T04:35:51.111+0500] {processor.py:830} INFO - Processing file /Users/symbat/airflow_local/.venv/lib/python3.11/site-packages/airflow/example_dags/example_task_group_decorator.py for tasks to queue
[2025-12-06T04:35:51.112+0500] {logging_mixin.py:188} INFO - [2025-12-06T04:35:51.112+0500] {dagbag.py:545} INFO - Filling up the DagBag from /Users/symbat/airflow_local/.venv/lib/python3.11/site-packages/airflow/example_dags/example_task_group_decorator.py
[2025-12-06T04:35:51.151+0500] {processor.py:840} INFO - DAG(s) 'example_task_group_decorator' retrieved from /Users/symbat/airflow_local/.venv/lib/python3.11/site-packages/airflow/example_dags/example_task_group_decorator.py
[2025-12-06T04:35:51.235+0500] {logging_mixin.py:188} INFO - [2025-12-06T04:35:51.234+0500] {dag.py:3089} INFO - Sync 1 DAGs
[2025-12-06T04:35:51.244+0500] {logging_mixin.py:188} INFO - [2025-12-06T04:35:51.244+0500] {dag.py:3947} INFO - Setting next_dagrun for example_task_group_decorator to 2025-12-04 00:00:00+00:00, run_after=2025-12-05 00:00:00+00:00
[2025-12-06T04:35:51.261+0500] {processor.py:183} INFO - Processing /Users/symbat/airflow_local/.venv/lib/python3.11/site-packages/airflow/example_dags/example_task_group_decorator.py took 0.156 seconds
[2025-12-06T04:37:52.026+0500] {processor.py:161} INFO - Started process (PID=84564) to work on /Users/symbat/airflow_local/.venv/lib/python3.11/site-packages/airflow/example_dags/example_task_group_decorator.py
[2025-12-06T04:37:52.026+0500] {processor.py:830} INFO - Processing file /Users/symbat/airflow_local/.venv/lib/python3.11/site-packages/airflow/example_dags/example_task_group_decorator.py for tasks to queue
[2025-12-06T04:37:52.027+0500] {logging_mixin.py:188} INFO - [2025-12-06T04:37:52.027+0500] {dagbag.py:545} INFO - Filling up the DagBag from /Users/symbat/airflow_local/.venv/lib/python3.11/site-packages/airflow/example_dags/example_task_group_decorator.py
[2025-12-06T04:37:52.046+0500] {processor.py:840} INFO - DAG(s) 'example_task_group_decorator' retrieved from /Users/symbat/airflow_local/.venv/lib/python3.11/site-packages/airflow/example_dags/example_task_group_decorator.py
[2025-12-06T04:37:52.099+0500] {logging_mixin.py:188} INFO - [2025-12-06T04:37:52.099+0500] {dag.py:3089} INFO - Sync 1 DAGs
[2025-12-06T04:37:52.110+0500] {logging_mixin.py:188} INFO - [2025-12-06T04:37:52.110+0500] {dag.py:3947} INFO - Setting next_dagrun for example_task_group_decorator to 2025-12-04 00:00:00+00:00, run_after=2025-12-05 00:00:00+00:00
[2025-12-06T04:37:52.124+0500] {processor.py:183} INFO - Processing /Users/symbat/airflow_local/.venv/lib/python3.11/site-packages/airflow/example_dags/example_task_group_decorator.py took 0.101 seconds
