[2025-12-06T03:55:47.921+0500] {processor.py:161} INFO - Started process (PID=79544) to work on /Users/symbat/airflow_local/.venv/lib/python3.11/site-packages/airflow/example_dags/example_short_circuit_decorator.py
[2025-12-06T03:55:47.922+0500] {processor.py:830} INFO - Processing file /Users/symbat/airflow_local/.venv/lib/python3.11/site-packages/airflow/example_dags/example_short_circuit_decorator.py for tasks to queue
[2025-12-06T03:55:47.923+0500] {logging_mixin.py:188} INFO - [2025-12-06T03:55:47.922+0500] {dagbag.py:545} INFO - Filling up the DagBag from /Users/symbat/airflow_local/.venv/lib/python3.11/site-packages/airflow/example_dags/example_short_circuit_decorator.py
[2025-12-06T03:55:47.951+0500] {processor.py:840} INFO - DAG(s) 'example_short_circuit_decorator' retrieved from /Users/symbat/airflow_local/.venv/lib/python3.11/site-packages/airflow/example_dags/example_short_circuit_decorator.py
[2025-12-06T03:55:48.131+0500] {logging_mixin.py:188} INFO - [2025-12-06T03:55:48.131+0500] {override.py:1930} INFO - Created Permission View: can edit on DAG:example_short_circuit_decorator
[2025-12-06T03:55:48.138+0500] {logging_mixin.py:188} INFO - [2025-12-06T03:55:48.137+0500] {override.py:1930} INFO - Created Permission View: can read on DAG:example_short_circuit_decorator
[2025-12-06T03:55:48.144+0500] {logging_mixin.py:188} INFO - [2025-12-06T03:55:48.144+0500] {override.py:1930} INFO - Created Permission View: can delete on DAG:example_short_circuit_decorator
[2025-12-06T03:55:48.145+0500] {logging_mixin.py:188} INFO - [2025-12-06T03:55:48.144+0500] {dag.py:3089} INFO - Sync 1 DAGs
[2025-12-06T03:55:48.150+0500] {logging_mixin.py:188} INFO - [2025-12-06T03:55:48.150+0500] {dag.py:3111} INFO - Creating ORM DAG for example_short_circuit_decorator
[2025-12-06T03:55:48.154+0500] {logging_mixin.py:188} INFO - [2025-12-06T03:55:48.154+0500] {dag.py:3947} INFO - Setting next_dagrun for example_short_circuit_decorator to 2025-12-04 00:00:00+00:00, run_after=2025-12-05 00:00:00+00:00
[2025-12-06T03:55:48.168+0500] {processor.py:183} INFO - Processing /Users/symbat/airflow_local/.venv/lib/python3.11/site-packages/airflow/example_dags/example_short_circuit_decorator.py took 0.249 seconds
[2025-12-06T03:57:46.629+0500] {processor.py:161} INFO - Started process (PID=79687) to work on /Users/symbat/airflow_local/.venv/lib/python3.11/site-packages/airflow/example_dags/example_short_circuit_decorator.py
[2025-12-06T03:57:46.630+0500] {processor.py:830} INFO - Processing file /Users/symbat/airflow_local/.venv/lib/python3.11/site-packages/airflow/example_dags/example_short_circuit_decorator.py for tasks to queue
[2025-12-06T03:57:46.631+0500] {logging_mixin.py:188} INFO - [2025-12-06T03:57:46.631+0500] {dagbag.py:545} INFO - Filling up the DagBag from /Users/symbat/airflow_local/.venv/lib/python3.11/site-packages/airflow/example_dags/example_short_circuit_decorator.py
[2025-12-06T03:57:46.657+0500] {processor.py:840} INFO - DAG(s) 'example_short_circuit_decorator' retrieved from /Users/symbat/airflow_local/.venv/lib/python3.11/site-packages/airflow/example_dags/example_short_circuit_decorator.py
[2025-12-06T03:57:46.724+0500] {logging_mixin.py:188} INFO - [2025-12-06T03:57:46.724+0500] {dag.py:3089} INFO - Sync 1 DAGs
[2025-12-06T03:57:46.732+0500] {logging_mixin.py:188} INFO - [2025-12-06T03:57:46.732+0500] {dag.py:3947} INFO - Setting next_dagrun for example_short_circuit_decorator to 2025-12-04 00:00:00+00:00, run_after=2025-12-05 00:00:00+00:00
[2025-12-06T03:57:46.744+0500] {processor.py:183} INFO - Processing /Users/symbat/airflow_local/.venv/lib/python3.11/site-packages/airflow/example_dags/example_short_circuit_decorator.py took 0.118 seconds
[2025-12-06T03:59:21.849+0500] {processor.py:161} INFO - Started process (PID=79896) to work on /Users/symbat/airflow_local/.venv/lib/python3.11/site-packages/airflow/example_dags/example_short_circuit_decorator.py
[2025-12-06T03:59:21.850+0500] {processor.py:830} INFO - Processing file /Users/symbat/airflow_local/.venv/lib/python3.11/site-packages/airflow/example_dags/example_short_circuit_decorator.py for tasks to queue
[2025-12-06T03:59:21.851+0500] {logging_mixin.py:188} INFO - [2025-12-06T03:59:21.850+0500] {dagbag.py:545} INFO - Filling up the DagBag from /Users/symbat/airflow_local/.venv/lib/python3.11/site-packages/airflow/example_dags/example_short_circuit_decorator.py
[2025-12-06T03:59:21.884+0500] {processor.py:840} INFO - DAG(s) 'example_short_circuit_decorator' retrieved from /Users/symbat/airflow_local/.venv/lib/python3.11/site-packages/airflow/example_dags/example_short_circuit_decorator.py
[2025-12-06T03:59:21.937+0500] {logging_mixin.py:188} INFO - [2025-12-06T03:59:21.937+0500] {dag.py:3089} INFO - Sync 1 DAGs
[2025-12-06T03:59:21.946+0500] {logging_mixin.py:188} INFO - [2025-12-06T03:59:21.946+0500] {dag.py:3947} INFO - Setting next_dagrun for example_short_circuit_decorator to 2025-12-04 00:00:00+00:00, run_after=2025-12-05 00:00:00+00:00
[2025-12-06T03:59:21.959+0500] {processor.py:183} INFO - Processing /Users/symbat/airflow_local/.venv/lib/python3.11/site-packages/airflow/example_dags/example_short_circuit_decorator.py took 0.112 seconds
[2025-12-06T04:00:55.126+0500] {processor.py:161} INFO - Started process (PID=80377) to work on /Users/symbat/airflow_local/.venv/lib/python3.11/site-packages/airflow/example_dags/example_short_circuit_decorator.py
[2025-12-06T04:00:55.127+0500] {processor.py:830} INFO - Processing file /Users/symbat/airflow_local/.venv/lib/python3.11/site-packages/airflow/example_dags/example_short_circuit_decorator.py for tasks to queue
[2025-12-06T04:00:55.128+0500] {logging_mixin.py:188} INFO - [2025-12-06T04:00:55.128+0500] {dagbag.py:545} INFO - Filling up the DagBag from /Users/symbat/airflow_local/.venv/lib/python3.11/site-packages/airflow/example_dags/example_short_circuit_decorator.py
[2025-12-06T04:00:55.166+0500] {processor.py:840} INFO - DAG(s) 'example_short_circuit_decorator' retrieved from /Users/symbat/airflow_local/.venv/lib/python3.11/site-packages/airflow/example_dags/example_short_circuit_decorator.py
[2025-12-06T04:00:55.254+0500] {logging_mixin.py:188} INFO - [2025-12-06T04:00:55.253+0500] {dag.py:3089} INFO - Sync 1 DAGs
[2025-12-06T04:00:55.263+0500] {logging_mixin.py:188} INFO - [2025-12-06T04:00:55.263+0500] {dag.py:3947} INFO - Setting next_dagrun for example_short_circuit_decorator to 2025-12-04 00:00:00+00:00, run_after=2025-12-05 00:00:00+00:00
[2025-12-06T04:00:55.276+0500] {processor.py:183} INFO - Processing /Users/symbat/airflow_local/.venv/lib/python3.11/site-packages/airflow/example_dags/example_short_circuit_decorator.py took 0.155 seconds
[2025-12-06T04:02:31.394+0500] {processor.py:161} INFO - Started process (PID=80653) to work on /Users/symbat/airflow_local/.venv/lib/python3.11/site-packages/airflow/example_dags/example_short_circuit_decorator.py
[2025-12-06T04:02:31.395+0500] {processor.py:830} INFO - Processing file /Users/symbat/airflow_local/.venv/lib/python3.11/site-packages/airflow/example_dags/example_short_circuit_decorator.py for tasks to queue
[2025-12-06T04:02:31.395+0500] {logging_mixin.py:188} INFO - [2025-12-06T04:02:31.395+0500] {dagbag.py:545} INFO - Filling up the DagBag from /Users/symbat/airflow_local/.venv/lib/python3.11/site-packages/airflow/example_dags/example_short_circuit_decorator.py
[2025-12-06T04:02:31.416+0500] {processor.py:840} INFO - DAG(s) 'example_short_circuit_decorator' retrieved from /Users/symbat/airflow_local/.venv/lib/python3.11/site-packages/airflow/example_dags/example_short_circuit_decorator.py
[2025-12-06T04:02:31.471+0500] {logging_mixin.py:188} INFO - [2025-12-06T04:02:31.471+0500] {dag.py:3089} INFO - Sync 1 DAGs
[2025-12-06T04:02:31.479+0500] {logging_mixin.py:188} INFO - [2025-12-06T04:02:31.479+0500] {dag.py:3947} INFO - Setting next_dagrun for example_short_circuit_decorator to 2025-12-04 00:00:00+00:00, run_after=2025-12-05 00:00:00+00:00
[2025-12-06T04:02:31.490+0500] {processor.py:183} INFO - Processing /Users/symbat/airflow_local/.venv/lib/python3.11/site-packages/airflow/example_dags/example_short_circuit_decorator.py took 0.098 seconds
[2025-12-06T04:04:13.369+0500] {processor.py:161} INFO - Started process (PID=80988) to work on /Users/symbat/airflow_local/.venv/lib/python3.11/site-packages/airflow/example_dags/example_short_circuit_decorator.py
[2025-12-06T04:04:13.370+0500] {processor.py:830} INFO - Processing file /Users/symbat/airflow_local/.venv/lib/python3.11/site-packages/airflow/example_dags/example_short_circuit_decorator.py for tasks to queue
[2025-12-06T04:04:13.371+0500] {logging_mixin.py:188} INFO - [2025-12-06T04:04:13.371+0500] {dagbag.py:545} INFO - Filling up the DagBag from /Users/symbat/airflow_local/.venv/lib/python3.11/site-packages/airflow/example_dags/example_short_circuit_decorator.py
[2025-12-06T04:04:13.409+0500] {processor.py:840} INFO - DAG(s) 'example_short_circuit_decorator' retrieved from /Users/symbat/airflow_local/.venv/lib/python3.11/site-packages/airflow/example_dags/example_short_circuit_decorator.py
[2025-12-06T04:04:13.512+0500] {logging_mixin.py:188} INFO - [2025-12-06T04:04:13.512+0500] {dag.py:3089} INFO - Sync 1 DAGs
[2025-12-06T04:04:13.538+0500] {logging_mixin.py:188} INFO - [2025-12-06T04:04:13.537+0500] {dag.py:3947} INFO - Setting next_dagrun for example_short_circuit_decorator to 2025-12-04 00:00:00+00:00, run_after=2025-12-05 00:00:00+00:00
[2025-12-06T04:04:13.559+0500] {processor.py:183} INFO - Processing /Users/symbat/airflow_local/.venv/lib/python3.11/site-packages/airflow/example_dags/example_short_circuit_decorator.py took 0.197 seconds
[2025-12-06T04:06:01.103+0500] {processor.py:161} INFO - Started process (PID=81424) to work on /Users/symbat/airflow_local/.venv/lib/python3.11/site-packages/airflow/example_dags/example_short_circuit_decorator.py
[2025-12-06T04:06:01.104+0500] {processor.py:830} INFO - Processing file /Users/symbat/airflow_local/.venv/lib/python3.11/site-packages/airflow/example_dags/example_short_circuit_decorator.py for tasks to queue
[2025-12-06T04:06:01.104+0500] {logging_mixin.py:188} INFO - [2025-12-06T04:06:01.104+0500] {dagbag.py:545} INFO - Filling up the DagBag from /Users/symbat/airflow_local/.venv/lib/python3.11/site-packages/airflow/example_dags/example_short_circuit_decorator.py
[2025-12-06T04:06:01.137+0500] {processor.py:840} INFO - DAG(s) 'example_short_circuit_decorator' retrieved from /Users/symbat/airflow_local/.venv/lib/python3.11/site-packages/airflow/example_dags/example_short_circuit_decorator.py
[2025-12-06T04:06:01.194+0500] {logging_mixin.py:188} INFO - [2025-12-06T04:06:01.193+0500] {dag.py:3089} INFO - Sync 1 DAGs
[2025-12-06T04:06:01.202+0500] {logging_mixin.py:188} INFO - [2025-12-06T04:06:01.201+0500] {dag.py:3947} INFO - Setting next_dagrun for example_short_circuit_decorator to 2025-12-04 00:00:00+00:00, run_after=2025-12-05 00:00:00+00:00
[2025-12-06T04:06:01.212+0500] {processor.py:183} INFO - Processing /Users/symbat/airflow_local/.venv/lib/python3.11/site-packages/airflow/example_dags/example_short_circuit_decorator.py took 0.112 seconds
[2025-12-06T04:07:40.291+0500] {processor.py:161} INFO - Started process (PID=81550) to work on /Users/symbat/airflow_local/.venv/lib/python3.11/site-packages/airflow/example_dags/example_short_circuit_decorator.py
[2025-12-06T04:07:40.292+0500] {processor.py:830} INFO - Processing file /Users/symbat/airflow_local/.venv/lib/python3.11/site-packages/airflow/example_dags/example_short_circuit_decorator.py for tasks to queue
[2025-12-06T04:07:40.292+0500] {logging_mixin.py:188} INFO - [2025-12-06T04:07:40.292+0500] {dagbag.py:545} INFO - Filling up the DagBag from /Users/symbat/airflow_local/.venv/lib/python3.11/site-packages/airflow/example_dags/example_short_circuit_decorator.py
[2025-12-06T04:07:40.313+0500] {processor.py:840} INFO - DAG(s) 'example_short_circuit_decorator' retrieved from /Users/symbat/airflow_local/.venv/lib/python3.11/site-packages/airflow/example_dags/example_short_circuit_decorator.py
[2025-12-06T04:07:40.368+0500] {logging_mixin.py:188} INFO - [2025-12-06T04:07:40.368+0500] {dag.py:3089} INFO - Sync 1 DAGs
[2025-12-06T04:07:40.376+0500] {logging_mixin.py:188} INFO - [2025-12-06T04:07:40.376+0500] {dag.py:3947} INFO - Setting next_dagrun for example_short_circuit_decorator to 2025-12-04 00:00:00+00:00, run_after=2025-12-05 00:00:00+00:00
[2025-12-06T04:07:40.392+0500] {processor.py:183} INFO - Processing /Users/symbat/airflow_local/.venv/lib/python3.11/site-packages/airflow/example_dags/example_short_circuit_decorator.py took 0.103 seconds
[2025-12-06T04:09:26.822+0500] {processor.py:161} INFO - Started process (PID=81696) to work on /Users/symbat/airflow_local/.venv/lib/python3.11/site-packages/airflow/example_dags/example_short_circuit_decorator.py
[2025-12-06T04:09:26.824+0500] {processor.py:830} INFO - Processing file /Users/symbat/airflow_local/.venv/lib/python3.11/site-packages/airflow/example_dags/example_short_circuit_decorator.py for tasks to queue
[2025-12-06T04:09:26.824+0500] {logging_mixin.py:188} INFO - [2025-12-06T04:09:26.824+0500] {dagbag.py:545} INFO - Filling up the DagBag from /Users/symbat/airflow_local/.venv/lib/python3.11/site-packages/airflow/example_dags/example_short_circuit_decorator.py
[2025-12-06T04:09:26.849+0500] {processor.py:840} INFO - DAG(s) 'example_short_circuit_decorator' retrieved from /Users/symbat/airflow_local/.venv/lib/python3.11/site-packages/airflow/example_dags/example_short_circuit_decorator.py
[2025-12-06T04:09:26.910+0500] {logging_mixin.py:188} INFO - [2025-12-06T04:09:26.910+0500] {dag.py:3089} INFO - Sync 1 DAGs
[2025-12-06T04:09:26.919+0500] {logging_mixin.py:188} INFO - [2025-12-06T04:09:26.919+0500] {dag.py:3947} INFO - Setting next_dagrun for example_short_circuit_decorator to 2025-12-04 00:00:00+00:00, run_after=2025-12-05 00:00:00+00:00
[2025-12-06T04:09:26.930+0500] {processor.py:183} INFO - Processing /Users/symbat/airflow_local/.venv/lib/python3.11/site-packages/airflow/example_dags/example_short_circuit_decorator.py took 0.111 seconds
[2025-12-06T04:11:07.101+0500] {processor.py:161} INFO - Started process (PID=81803) to work on /Users/symbat/airflow_local/.venv/lib/python3.11/site-packages/airflow/example_dags/example_short_circuit_decorator.py
[2025-12-06T04:11:07.103+0500] {processor.py:830} INFO - Processing file /Users/symbat/airflow_local/.venv/lib/python3.11/site-packages/airflow/example_dags/example_short_circuit_decorator.py for tasks to queue
[2025-12-06T04:11:07.103+0500] {logging_mixin.py:188} INFO - [2025-12-06T04:11:07.103+0500] {dagbag.py:545} INFO - Filling up the DagBag from /Users/symbat/airflow_local/.venv/lib/python3.11/site-packages/airflow/example_dags/example_short_circuit_decorator.py
[2025-12-06T04:11:07.124+0500] {processor.py:840} INFO - DAG(s) 'example_short_circuit_decorator' retrieved from /Users/symbat/airflow_local/.venv/lib/python3.11/site-packages/airflow/example_dags/example_short_circuit_decorator.py
[2025-12-06T04:11:07.173+0500] {logging_mixin.py:188} INFO - [2025-12-06T04:11:07.173+0500] {dag.py:3089} INFO - Sync 1 DAGs
[2025-12-06T04:11:07.181+0500] {logging_mixin.py:188} INFO - [2025-12-06T04:11:07.181+0500] {dag.py:3947} INFO - Setting next_dagrun for example_short_circuit_decorator to 2025-12-04 00:00:00+00:00, run_after=2025-12-05 00:00:00+00:00
[2025-12-06T04:11:07.191+0500] {processor.py:183} INFO - Processing /Users/symbat/airflow_local/.venv/lib/python3.11/site-packages/airflow/example_dags/example_short_circuit_decorator.py took 0.092 seconds
[2025-12-06T04:12:44.843+0500] {processor.py:161} INFO - Started process (PID=81952) to work on /Users/symbat/airflow_local/.venv/lib/python3.11/site-packages/airflow/example_dags/example_short_circuit_decorator.py
[2025-12-06T04:12:44.844+0500] {processor.py:830} INFO - Processing file /Users/symbat/airflow_local/.venv/lib/python3.11/site-packages/airflow/example_dags/example_short_circuit_decorator.py for tasks to queue
[2025-12-06T04:12:44.844+0500] {logging_mixin.py:188} INFO - [2025-12-06T04:12:44.844+0500] {dagbag.py:545} INFO - Filling up the DagBag from /Users/symbat/airflow_local/.venv/lib/python3.11/site-packages/airflow/example_dags/example_short_circuit_decorator.py
[2025-12-06T04:12:44.865+0500] {processor.py:840} INFO - DAG(s) 'example_short_circuit_decorator' retrieved from /Users/symbat/airflow_local/.venv/lib/python3.11/site-packages/airflow/example_dags/example_short_circuit_decorator.py
[2025-12-06T04:12:44.917+0500] {logging_mixin.py:188} INFO - [2025-12-06T04:12:44.917+0500] {dag.py:3089} INFO - Sync 1 DAGs
[2025-12-06T04:12:44.925+0500] {logging_mixin.py:188} INFO - [2025-12-06T04:12:44.925+0500] {dag.py:3947} INFO - Setting next_dagrun for example_short_circuit_decorator to 2025-12-04 00:00:00+00:00, run_after=2025-12-05 00:00:00+00:00
[2025-12-06T04:12:44.937+0500] {processor.py:183} INFO - Processing /Users/symbat/airflow_local/.venv/lib/python3.11/site-packages/airflow/example_dags/example_short_circuit_decorator.py took 0.096 seconds
[2025-12-06T04:14:25.712+0500] {processor.py:161} INFO - Started process (PID=82098) to work on /Users/symbat/airflow_local/.venv/lib/python3.11/site-packages/airflow/example_dags/example_short_circuit_decorator.py
[2025-12-06T04:14:25.713+0500] {processor.py:830} INFO - Processing file /Users/symbat/airflow_local/.venv/lib/python3.11/site-packages/airflow/example_dags/example_short_circuit_decorator.py for tasks to queue
[2025-12-06T04:14:25.713+0500] {logging_mixin.py:188} INFO - [2025-12-06T04:14:25.713+0500] {dagbag.py:545} INFO - Filling up the DagBag from /Users/symbat/airflow_local/.venv/lib/python3.11/site-packages/airflow/example_dags/example_short_circuit_decorator.py
[2025-12-06T04:14:25.733+0500] {processor.py:840} INFO - DAG(s) 'example_short_circuit_decorator' retrieved from /Users/symbat/airflow_local/.venv/lib/python3.11/site-packages/airflow/example_dags/example_short_circuit_decorator.py
[2025-12-06T04:14:25.786+0500] {logging_mixin.py:188} INFO - [2025-12-06T04:14:25.786+0500] {dag.py:3089} INFO - Sync 1 DAGs
[2025-12-06T04:14:25.794+0500] {logging_mixin.py:188} INFO - [2025-12-06T04:14:25.794+0500] {dag.py:3947} INFO - Setting next_dagrun for example_short_circuit_decorator to 2025-12-04 00:00:00+00:00, run_after=2025-12-05 00:00:00+00:00
[2025-12-06T04:14:25.805+0500] {processor.py:183} INFO - Processing /Users/symbat/airflow_local/.venv/lib/python3.11/site-packages/airflow/example_dags/example_short_circuit_decorator.py took 0.095 seconds
[2025-12-06T04:16:04.036+0500] {processor.py:161} INFO - Started process (PID=82236) to work on /Users/symbat/airflow_local/.venv/lib/python3.11/site-packages/airflow/example_dags/example_short_circuit_decorator.py
[2025-12-06T04:16:04.037+0500] {processor.py:830} INFO - Processing file /Users/symbat/airflow_local/.venv/lib/python3.11/site-packages/airflow/example_dags/example_short_circuit_decorator.py for tasks to queue
[2025-12-06T04:16:04.038+0500] {logging_mixin.py:188} INFO - [2025-12-06T04:16:04.038+0500] {dagbag.py:545} INFO - Filling up the DagBag from /Users/symbat/airflow_local/.venv/lib/python3.11/site-packages/airflow/example_dags/example_short_circuit_decorator.py
[2025-12-06T04:16:04.058+0500] {processor.py:840} INFO - DAG(s) 'example_short_circuit_decorator' retrieved from /Users/symbat/airflow_local/.venv/lib/python3.11/site-packages/airflow/example_dags/example_short_circuit_decorator.py
[2025-12-06T04:16:04.109+0500] {logging_mixin.py:188} INFO - [2025-12-06T04:16:04.109+0500] {dag.py:3089} INFO - Sync 1 DAGs
[2025-12-06T04:16:04.120+0500] {logging_mixin.py:188} INFO - [2025-12-06T04:16:04.119+0500] {dag.py:3947} INFO - Setting next_dagrun for example_short_circuit_decorator to 2025-12-04 00:00:00+00:00, run_after=2025-12-05 00:00:00+00:00
[2025-12-06T04:16:04.132+0500] {processor.py:183} INFO - Processing /Users/symbat/airflow_local/.venv/lib/python3.11/site-packages/airflow/example_dags/example_short_circuit_decorator.py took 0.098 seconds
[2025-12-06T04:17:39.053+0500] {processor.py:161} INFO - Started process (PID=82340) to work on /Users/symbat/airflow_local/.venv/lib/python3.11/site-packages/airflow/example_dags/example_short_circuit_decorator.py
[2025-12-06T04:17:39.054+0500] {processor.py:830} INFO - Processing file /Users/symbat/airflow_local/.venv/lib/python3.11/site-packages/airflow/example_dags/example_short_circuit_decorator.py for tasks to queue
[2025-12-06T04:17:39.054+0500] {logging_mixin.py:188} INFO - [2025-12-06T04:17:39.054+0500] {dagbag.py:545} INFO - Filling up the DagBag from /Users/symbat/airflow_local/.venv/lib/python3.11/site-packages/airflow/example_dags/example_short_circuit_decorator.py
[2025-12-06T04:17:39.075+0500] {processor.py:840} INFO - DAG(s) 'example_short_circuit_decorator' retrieved from /Users/symbat/airflow_local/.venv/lib/python3.11/site-packages/airflow/example_dags/example_short_circuit_decorator.py
[2025-12-06T04:17:39.122+0500] {logging_mixin.py:188} INFO - [2025-12-06T04:17:39.122+0500] {dag.py:3089} INFO - Sync 1 DAGs
[2025-12-06T04:17:39.130+0500] {logging_mixin.py:188} INFO - [2025-12-06T04:17:39.130+0500] {dag.py:3947} INFO - Setting next_dagrun for example_short_circuit_decorator to 2025-12-04 00:00:00+00:00, run_after=2025-12-05 00:00:00+00:00
[2025-12-06T04:17:39.140+0500] {processor.py:183} INFO - Processing /Users/symbat/airflow_local/.venv/lib/python3.11/site-packages/airflow/example_dags/example_short_circuit_decorator.py took 0.089 seconds
[2025-12-06T04:19:15.903+0500] {processor.py:161} INFO - Started process (PID=82450) to work on /Users/symbat/airflow_local/.venv/lib/python3.11/site-packages/airflow/example_dags/example_short_circuit_decorator.py
[2025-12-06T04:19:15.904+0500] {processor.py:830} INFO - Processing file /Users/symbat/airflow_local/.venv/lib/python3.11/site-packages/airflow/example_dags/example_short_circuit_decorator.py for tasks to queue
[2025-12-06T04:19:15.905+0500] {logging_mixin.py:188} INFO - [2025-12-06T04:19:15.905+0500] {dagbag.py:545} INFO - Filling up the DagBag from /Users/symbat/airflow_local/.venv/lib/python3.11/site-packages/airflow/example_dags/example_short_circuit_decorator.py
[2025-12-06T04:19:15.932+0500] {processor.py:840} INFO - DAG(s) 'example_short_circuit_decorator' retrieved from /Users/symbat/airflow_local/.venv/lib/python3.11/site-packages/airflow/example_dags/example_short_circuit_decorator.py
[2025-12-06T04:19:15.992+0500] {logging_mixin.py:188} INFO - [2025-12-06T04:19:15.991+0500] {dag.py:3089} INFO - Sync 1 DAGs
[2025-12-06T04:19:16.002+0500] {logging_mixin.py:188} INFO - [2025-12-06T04:19:16.002+0500] {dag.py:3947} INFO - Setting next_dagrun for example_short_circuit_decorator to 2025-12-04 00:00:00+00:00, run_after=2025-12-05 00:00:00+00:00
[2025-12-06T04:19:16.019+0500] {processor.py:183} INFO - Processing /Users/symbat/airflow_local/.venv/lib/python3.11/site-packages/airflow/example_dags/example_short_circuit_decorator.py took 0.119 seconds
[2025-12-06T04:20:45.399+0500] {processor.py:161} INFO - Started process (PID=82532) to work on /Users/symbat/airflow_local/.venv/lib/python3.11/site-packages/airflow/example_dags/example_short_circuit_decorator.py
[2025-12-06T04:20:45.400+0500] {processor.py:830} INFO - Processing file /Users/symbat/airflow_local/.venv/lib/python3.11/site-packages/airflow/example_dags/example_short_circuit_decorator.py for tasks to queue
[2025-12-06T04:20:45.401+0500] {logging_mixin.py:188} INFO - [2025-12-06T04:20:45.401+0500] {dagbag.py:545} INFO - Filling up the DagBag from /Users/symbat/airflow_local/.venv/lib/python3.11/site-packages/airflow/example_dags/example_short_circuit_decorator.py
[2025-12-06T04:20:45.420+0500] {processor.py:840} INFO - DAG(s) 'example_short_circuit_decorator' retrieved from /Users/symbat/airflow_local/.venv/lib/python3.11/site-packages/airflow/example_dags/example_short_circuit_decorator.py
[2025-12-06T04:20:45.467+0500] {logging_mixin.py:188} INFO - [2025-12-06T04:20:45.467+0500] {dag.py:3089} INFO - Sync 1 DAGs
[2025-12-06T04:20:45.475+0500] {logging_mixin.py:188} INFO - [2025-12-06T04:20:45.475+0500] {dag.py:3947} INFO - Setting next_dagrun for example_short_circuit_decorator to 2025-12-04 00:00:00+00:00, run_after=2025-12-05 00:00:00+00:00
[2025-12-06T04:20:45.485+0500] {processor.py:183} INFO - Processing /Users/symbat/airflow_local/.venv/lib/python3.11/site-packages/airflow/example_dags/example_short_circuit_decorator.py took 0.088 seconds
[2025-12-06T04:22:13.663+0500] {processor.py:161} INFO - Started process (PID=82641) to work on /Users/symbat/airflow_local/.venv/lib/python3.11/site-packages/airflow/example_dags/example_short_circuit_decorator.py
[2025-12-06T04:22:13.664+0500] {processor.py:830} INFO - Processing file /Users/symbat/airflow_local/.venv/lib/python3.11/site-packages/airflow/example_dags/example_short_circuit_decorator.py for tasks to queue
[2025-12-06T04:22:13.665+0500] {logging_mixin.py:188} INFO - [2025-12-06T04:22:13.665+0500] {dagbag.py:545} INFO - Filling up the DagBag from /Users/symbat/airflow_local/.venv/lib/python3.11/site-packages/airflow/example_dags/example_short_circuit_decorator.py
[2025-12-06T04:22:13.692+0500] {processor.py:840} INFO - DAG(s) 'example_short_circuit_decorator' retrieved from /Users/symbat/airflow_local/.venv/lib/python3.11/site-packages/airflow/example_dags/example_short_circuit_decorator.py
[2025-12-06T04:22:13.754+0500] {logging_mixin.py:188} INFO - [2025-12-06T04:22:13.754+0500] {dag.py:3089} INFO - Sync 1 DAGs
[2025-12-06T04:22:13.762+0500] {logging_mixin.py:188} INFO - [2025-12-06T04:22:13.761+0500] {dag.py:3947} INFO - Setting next_dagrun for example_short_circuit_decorator to 2025-12-04 00:00:00+00:00, run_after=2025-12-05 00:00:00+00:00
[2025-12-06T04:22:13.772+0500] {processor.py:183} INFO - Processing /Users/symbat/airflow_local/.venv/lib/python3.11/site-packages/airflow/example_dags/example_short_circuit_decorator.py took 0.112 seconds
[2025-12-06T04:23:36.488+0500] {processor.py:161} INFO - Started process (PID=82747) to work on /Users/symbat/airflow_local/.venv/lib/python3.11/site-packages/airflow/example_dags/example_short_circuit_decorator.py
[2025-12-06T04:23:36.488+0500] {processor.py:830} INFO - Processing file /Users/symbat/airflow_local/.venv/lib/python3.11/site-packages/airflow/example_dags/example_short_circuit_decorator.py for tasks to queue
[2025-12-06T04:23:36.489+0500] {logging_mixin.py:188} INFO - [2025-12-06T04:23:36.489+0500] {dagbag.py:545} INFO - Filling up the DagBag from /Users/symbat/airflow_local/.venv/lib/python3.11/site-packages/airflow/example_dags/example_short_circuit_decorator.py
[2025-12-06T04:23:36.512+0500] {processor.py:840} INFO - DAG(s) 'example_short_circuit_decorator' retrieved from /Users/symbat/airflow_local/.venv/lib/python3.11/site-packages/airflow/example_dags/example_short_circuit_decorator.py
[2025-12-06T04:23:36.563+0500] {logging_mixin.py:188} INFO - [2025-12-06T04:23:36.563+0500] {dag.py:3089} INFO - Sync 1 DAGs
[2025-12-06T04:23:36.574+0500] {logging_mixin.py:188} INFO - [2025-12-06T04:23:36.574+0500] {dag.py:3947} INFO - Setting next_dagrun for example_short_circuit_decorator to 2025-12-04 00:00:00+00:00, run_after=2025-12-05 00:00:00+00:00
[2025-12-06T04:23:36.585+0500] {processor.py:183} INFO - Processing /Users/symbat/airflow_local/.venv/lib/python3.11/site-packages/airflow/example_dags/example_short_circuit_decorator.py took 0.099 seconds
[2025-12-06T04:25:10.820+0500] {processor.py:161} INFO - Started process (PID=83097) to work on /Users/symbat/airflow_local/.venv/lib/python3.11/site-packages/airflow/example_dags/example_short_circuit_decorator.py
[2025-12-06T04:25:10.821+0500] {processor.py:830} INFO - Processing file /Users/symbat/airflow_local/.venv/lib/python3.11/site-packages/airflow/example_dags/example_short_circuit_decorator.py for tasks to queue
[2025-12-06T04:25:10.822+0500] {logging_mixin.py:188} INFO - [2025-12-06T04:25:10.821+0500] {dagbag.py:545} INFO - Filling up the DagBag from /Users/symbat/airflow_local/.venv/lib/python3.11/site-packages/airflow/example_dags/example_short_circuit_decorator.py
[2025-12-06T04:25:10.852+0500] {processor.py:840} INFO - DAG(s) 'example_short_circuit_decorator' retrieved from /Users/symbat/airflow_local/.venv/lib/python3.11/site-packages/airflow/example_dags/example_short_circuit_decorator.py
[2025-12-06T04:25:10.914+0500] {logging_mixin.py:188} INFO - [2025-12-06T04:25:10.913+0500] {dag.py:3089} INFO - Sync 1 DAGs
[2025-12-06T04:25:10.923+0500] {logging_mixin.py:188} INFO - [2025-12-06T04:25:10.922+0500] {dag.py:3947} INFO - Setting next_dagrun for example_short_circuit_decorator to 2025-12-04 00:00:00+00:00, run_after=2025-12-05 00:00:00+00:00
[2025-12-06T04:25:10.934+0500] {processor.py:183} INFO - Processing /Users/symbat/airflow_local/.venv/lib/python3.11/site-packages/airflow/example_dags/example_short_circuit_decorator.py took 0.117 seconds
[2025-12-06T04:26:55.262+0500] {processor.py:161} INFO - Started process (PID=83250) to work on /Users/symbat/airflow_local/.venv/lib/python3.11/site-packages/airflow/example_dags/example_short_circuit_decorator.py
[2025-12-06T04:26:55.263+0500] {processor.py:830} INFO - Processing file /Users/symbat/airflow_local/.venv/lib/python3.11/site-packages/airflow/example_dags/example_short_circuit_decorator.py for tasks to queue
[2025-12-06T04:26:55.264+0500] {logging_mixin.py:188} INFO - [2025-12-06T04:26:55.263+0500] {dagbag.py:545} INFO - Filling up the DagBag from /Users/symbat/airflow_local/.venv/lib/python3.11/site-packages/airflow/example_dags/example_short_circuit_decorator.py
[2025-12-06T04:26:55.294+0500] {processor.py:840} INFO - DAG(s) 'example_short_circuit_decorator' retrieved from /Users/symbat/airflow_local/.venv/lib/python3.11/site-packages/airflow/example_dags/example_short_circuit_decorator.py
[2025-12-06T04:26:55.367+0500] {logging_mixin.py:188} INFO - [2025-12-06T04:26:55.367+0500] {dag.py:3089} INFO - Sync 1 DAGs
[2025-12-06T04:26:55.375+0500] {logging_mixin.py:188} INFO - [2025-12-06T04:26:55.375+0500] {dag.py:3947} INFO - Setting next_dagrun for example_short_circuit_decorator to 2025-12-04 00:00:00+00:00, run_after=2025-12-05 00:00:00+00:00
[2025-12-06T04:26:55.395+0500] {processor.py:183} INFO - Processing /Users/symbat/airflow_local/.venv/lib/python3.11/site-packages/airflow/example_dags/example_short_circuit_decorator.py took 0.138 seconds
[2025-12-06T04:28:32.776+0500] {processor.py:161} INFO - Started process (PID=83637) to work on /Users/symbat/airflow_local/.venv/lib/python3.11/site-packages/airflow/example_dags/example_short_circuit_decorator.py
[2025-12-06T04:28:32.777+0500] {processor.py:830} INFO - Processing file /Users/symbat/airflow_local/.venv/lib/python3.11/site-packages/airflow/example_dags/example_short_circuit_decorator.py for tasks to queue
[2025-12-06T04:28:32.783+0500] {logging_mixin.py:188} INFO - [2025-12-06T04:28:32.783+0500] {dagbag.py:545} INFO - Filling up the DagBag from /Users/symbat/airflow_local/.venv/lib/python3.11/site-packages/airflow/example_dags/example_short_circuit_decorator.py
[2025-12-06T04:28:32.831+0500] {processor.py:840} INFO - DAG(s) 'example_short_circuit_decorator' retrieved from /Users/symbat/airflow_local/.venv/lib/python3.11/site-packages/airflow/example_dags/example_short_circuit_decorator.py
[2025-12-06T04:28:32.906+0500] {logging_mixin.py:188} INFO - [2025-12-06T04:28:32.906+0500] {dag.py:3089} INFO - Sync 1 DAGs
[2025-12-06T04:28:32.922+0500] {logging_mixin.py:188} INFO - [2025-12-06T04:28:32.922+0500] {dag.py:3947} INFO - Setting next_dagrun for example_short_circuit_decorator to 2025-12-04 00:00:00+00:00, run_after=2025-12-05 00:00:00+00:00
[2025-12-06T04:28:32.933+0500] {processor.py:183} INFO - Processing /Users/symbat/airflow_local/.venv/lib/python3.11/site-packages/airflow/example_dags/example_short_circuit_decorator.py took 0.162 seconds
[2025-12-06T04:30:23.093+0500] {processor.py:161} INFO - Started process (PID=83805) to work on /Users/symbat/airflow_local/.venv/lib/python3.11/site-packages/airflow/example_dags/example_short_circuit_decorator.py
[2025-12-06T04:30:23.094+0500] {processor.py:830} INFO - Processing file /Users/symbat/airflow_local/.venv/lib/python3.11/site-packages/airflow/example_dags/example_short_circuit_decorator.py for tasks to queue
[2025-12-06T04:30:23.095+0500] {logging_mixin.py:188} INFO - [2025-12-06T04:30:23.094+0500] {dagbag.py:545} INFO - Filling up the DagBag from /Users/symbat/airflow_local/.venv/lib/python3.11/site-packages/airflow/example_dags/example_short_circuit_decorator.py
[2025-12-06T04:30:23.118+0500] {processor.py:840} INFO - DAG(s) 'example_short_circuit_decorator' retrieved from /Users/symbat/airflow_local/.venv/lib/python3.11/site-packages/airflow/example_dags/example_short_circuit_decorator.py
[2025-12-06T04:30:23.167+0500] {logging_mixin.py:188} INFO - [2025-12-06T04:30:23.167+0500] {dag.py:3089} INFO - Sync 1 DAGs
[2025-12-06T04:30:23.176+0500] {logging_mixin.py:188} INFO - [2025-12-06T04:30:23.176+0500] {dag.py:3947} INFO - Setting next_dagrun for example_short_circuit_decorator to 2025-12-04 00:00:00+00:00, run_after=2025-12-05 00:00:00+00:00
[2025-12-06T04:30:23.186+0500] {processor.py:183} INFO - Processing /Users/symbat/airflow_local/.venv/lib/python3.11/site-packages/airflow/example_dags/example_short_circuit_decorator.py took 0.094 seconds
[2025-12-06T04:32:17.352+0500] {processor.py:161} INFO - Started process (PID=83957) to work on /Users/symbat/airflow_local/.venv/lib/python3.11/site-packages/airflow/example_dags/example_short_circuit_decorator.py
[2025-12-06T04:32:17.353+0500] {processor.py:830} INFO - Processing file /Users/symbat/airflow_local/.venv/lib/python3.11/site-packages/airflow/example_dags/example_short_circuit_decorator.py for tasks to queue
[2025-12-06T04:32:17.353+0500] {logging_mixin.py:188} INFO - [2025-12-06T04:32:17.353+0500] {dagbag.py:545} INFO - Filling up the DagBag from /Users/symbat/airflow_local/.venv/lib/python3.11/site-packages/airflow/example_dags/example_short_circuit_decorator.py
[2025-12-06T04:32:17.375+0500] {processor.py:840} INFO - DAG(s) 'example_short_circuit_decorator' retrieved from /Users/symbat/airflow_local/.venv/lib/python3.11/site-packages/airflow/example_dags/example_short_circuit_decorator.py
[2025-12-06T04:32:17.418+0500] {logging_mixin.py:188} INFO - [2025-12-06T04:32:17.418+0500] {dag.py:3089} INFO - Sync 1 DAGs
[2025-12-06T04:32:17.425+0500] {logging_mixin.py:188} INFO - [2025-12-06T04:32:17.425+0500] {dag.py:3947} INFO - Setting next_dagrun for example_short_circuit_decorator to 2025-12-04 00:00:00+00:00, run_after=2025-12-05 00:00:00+00:00
[2025-12-06T04:32:17.434+0500] {processor.py:183} INFO - Processing /Users/symbat/airflow_local/.venv/lib/python3.11/site-packages/airflow/example_dags/example_short_circuit_decorator.py took 0.084 seconds
[2025-12-06T04:34:09.414+0500] {processor.py:161} INFO - Started process (PID=84179) to work on /Users/symbat/airflow_local/.venv/lib/python3.11/site-packages/airflow/example_dags/example_short_circuit_decorator.py
[2025-12-06T04:34:09.415+0500] {processor.py:830} INFO - Processing file /Users/symbat/airflow_local/.venv/lib/python3.11/site-packages/airflow/example_dags/example_short_circuit_decorator.py for tasks to queue
[2025-12-06T04:34:09.416+0500] {logging_mixin.py:188} INFO - [2025-12-06T04:34:09.416+0500] {dagbag.py:545} INFO - Filling up the DagBag from /Users/symbat/airflow_local/.venv/lib/python3.11/site-packages/airflow/example_dags/example_short_circuit_decorator.py
[2025-12-06T04:34:09.455+0500] {processor.py:840} INFO - DAG(s) 'example_short_circuit_decorator' retrieved from /Users/symbat/airflow_local/.venv/lib/python3.11/site-packages/airflow/example_dags/example_short_circuit_decorator.py
[2025-12-06T04:34:09.527+0500] {logging_mixin.py:188} INFO - [2025-12-06T04:34:09.527+0500] {dag.py:3089} INFO - Sync 1 DAGs
[2025-12-06T04:34:09.539+0500] {logging_mixin.py:188} INFO - [2025-12-06T04:34:09.539+0500] {dag.py:3947} INFO - Setting next_dagrun for example_short_circuit_decorator to 2025-12-04 00:00:00+00:00, run_after=2025-12-05 00:00:00+00:00
[2025-12-06T04:34:09.549+0500] {processor.py:183} INFO - Processing /Users/symbat/airflow_local/.venv/lib/python3.11/site-packages/airflow/example_dags/example_short_circuit_decorator.py took 0.139 seconds
[2025-12-06T04:36:18.045+0500] {processor.py:161} INFO - Started process (PID=84368) to work on /Users/symbat/airflow_local/.venv/lib/python3.11/site-packages/airflow/example_dags/example_short_circuit_decorator.py
[2025-12-06T04:36:18.046+0500] {processor.py:830} INFO - Processing file /Users/symbat/airflow_local/.venv/lib/python3.11/site-packages/airflow/example_dags/example_short_circuit_decorator.py for tasks to queue
[2025-12-06T04:36:18.046+0500] {logging_mixin.py:188} INFO - [2025-12-06T04:36:18.046+0500] {dagbag.py:545} INFO - Filling up the DagBag from /Users/symbat/airflow_local/.venv/lib/python3.11/site-packages/airflow/example_dags/example_short_circuit_decorator.py
[2025-12-06T04:36:18.079+0500] {processor.py:840} INFO - DAG(s) 'example_short_circuit_decorator' retrieved from /Users/symbat/airflow_local/.venv/lib/python3.11/site-packages/airflow/example_dags/example_short_circuit_decorator.py
[2025-12-06T04:36:18.140+0500] {logging_mixin.py:188} INFO - [2025-12-06T04:36:18.140+0500] {dag.py:3089} INFO - Sync 1 DAGs
[2025-12-06T04:36:18.149+0500] {logging_mixin.py:188} INFO - [2025-12-06T04:36:18.149+0500] {dag.py:3947} INFO - Setting next_dagrun for example_short_circuit_decorator to 2025-12-04 00:00:00+00:00, run_after=2025-12-05 00:00:00+00:00
[2025-12-06T04:36:18.160+0500] {processor.py:183} INFO - Processing /Users/symbat/airflow_local/.venv/lib/python3.11/site-packages/airflow/example_dags/example_short_circuit_decorator.py took 0.118 seconds
