[2025-12-06T03:56:51.201+0500] {processor.py:161} INFO - Started process (PID=79628) to work on /Users/symbat/airflow_local/.venv/lib/python3.11/site-packages/airflow/example_dags/example_branch_datetime_operator.py
[2025-12-06T03:56:51.202+0500] {processor.py:830} INFO - Processing file /Users/symbat/airflow_local/.venv/lib/python3.11/site-packages/airflow/example_dags/example_branch_datetime_operator.py for tasks to queue
[2025-12-06T03:56:51.202+0500] {logging_mixin.py:188} INFO - [2025-12-06T03:56:51.202+0500] {dagbag.py:545} INFO - Filling up the DagBag from /Users/symbat/airflow_local/.venv/lib/python3.11/site-packages/airflow/example_dags/example_branch_datetime_operator.py
[2025-12-06T03:56:51.213+0500] {processor.py:840} INFO - DAG(s) 'example_branch_datetime_operator_3', 'example_branch_datetime_operator_2', 'example_branch_datetime_operator' retrieved from /Users/symbat/airflow_local/.venv/lib/python3.11/site-packages/airflow/example_dags/example_branch_datetime_operator.py
[2025-12-06T03:56:51.338+0500] {logging_mixin.py:188} INFO - [2025-12-06T03:56:51.338+0500] {override.py:1930} INFO - Created Permission View: can delete on DAG:example_branch_datetime_operator_3
[2025-12-06T03:56:51.344+0500] {logging_mixin.py:188} INFO - [2025-12-06T03:56:51.344+0500] {override.py:1930} INFO - Created Permission View: can read on DAG:example_branch_datetime_operator_3
[2025-12-06T03:56:51.348+0500] {logging_mixin.py:188} INFO - [2025-12-06T03:56:51.347+0500] {override.py:1930} INFO - Created Permission View: can edit on DAG:example_branch_datetime_operator_3
[2025-12-06T03:56:51.355+0500] {logging_mixin.py:188} INFO - [2025-12-06T03:56:51.355+0500] {override.py:1930} INFO - Created Permission View: can delete on DAG:example_branch_datetime_operator_2
[2025-12-06T03:56:51.358+0500] {logging_mixin.py:188} INFO - [2025-12-06T03:56:51.358+0500] {override.py:1930} INFO - Created Permission View: can read on DAG:example_branch_datetime_operator_2
[2025-12-06T03:56:51.361+0500] {logging_mixin.py:188} INFO - [2025-12-06T03:56:51.361+0500] {override.py:1930} INFO - Created Permission View: can edit on DAG:example_branch_datetime_operator_2
[2025-12-06T03:56:51.370+0500] {logging_mixin.py:188} INFO - [2025-12-06T03:56:51.370+0500] {override.py:1930} INFO - Created Permission View: can delete on DAG:example_branch_datetime_operator
[2025-12-06T03:56:51.374+0500] {logging_mixin.py:188} INFO - [2025-12-06T03:56:51.374+0500] {override.py:1930} INFO - Created Permission View: can read on DAG:example_branch_datetime_operator
[2025-12-06T03:56:51.377+0500] {logging_mixin.py:188} INFO - [2025-12-06T03:56:51.377+0500] {override.py:1930} INFO - Created Permission View: can edit on DAG:example_branch_datetime_operator
[2025-12-06T03:56:51.377+0500] {logging_mixin.py:188} INFO - [2025-12-06T03:56:51.377+0500] {dag.py:3089} INFO - Sync 3 DAGs
[2025-12-06T03:56:51.382+0500] {logging_mixin.py:188} INFO - [2025-12-06T03:56:51.382+0500] {dag.py:3111} INFO - Creating ORM DAG for example_branch_datetime_operator_2
[2025-12-06T03:56:51.383+0500] {logging_mixin.py:188} INFO - [2025-12-06T03:56:51.383+0500] {dag.py:3111} INFO - Creating ORM DAG for example_branch_datetime_operator_3
[2025-12-06T03:56:51.383+0500] {logging_mixin.py:188} INFO - [2025-12-06T03:56:51.383+0500] {dag.py:3111} INFO - Creating ORM DAG for example_branch_datetime_operator
[2025-12-06T03:56:51.390+0500] {logging_mixin.py:188} INFO - [2025-12-06T03:56:51.390+0500] {dag.py:3947} INFO - Setting next_dagrun for example_branch_datetime_operator to 2025-12-04 00:00:00+00:00, run_after=2025-12-05 00:00:00+00:00
[2025-12-06T03:56:51.391+0500] {logging_mixin.py:188} INFO - [2025-12-06T03:56:51.391+0500] {dag.py:3947} INFO - Setting next_dagrun for example_branch_datetime_operator_2 to 2025-12-04 00:00:00+00:00, run_after=2025-12-05 00:00:00+00:00
[2025-12-06T03:56:51.392+0500] {logging_mixin.py:188} INFO - [2025-12-06T03:56:51.392+0500] {dag.py:3947} INFO - Setting next_dagrun for example_branch_datetime_operator_3 to 2025-12-04 00:00:00+00:00, run_after=2025-12-05 00:00:00+00:00
[2025-12-06T03:56:51.443+0500] {processor.py:183} INFO - Processing /Users/symbat/airflow_local/.venv/lib/python3.11/site-packages/airflow/example_dags/example_branch_datetime_operator.py took 0.244 seconds
[2025-12-06T03:59:55.445+0500] {processor.py:161} INFO - Started process (PID=80215) to work on /Users/symbat/airflow_local/.venv/lib/python3.11/site-packages/airflow/example_dags/example_branch_datetime_operator.py
[2025-12-06T03:59:55.446+0500] {processor.py:830} INFO - Processing file /Users/symbat/airflow_local/.venv/lib/python3.11/site-packages/airflow/example_dags/example_branch_datetime_operator.py for tasks to queue
[2025-12-06T03:59:55.446+0500] {logging_mixin.py:188} INFO - [2025-12-06T03:59:55.446+0500] {dagbag.py:545} INFO - Filling up the DagBag from /Users/symbat/airflow_local/.venv/lib/python3.11/site-packages/airflow/example_dags/example_branch_datetime_operator.py
[2025-12-06T03:59:55.462+0500] {processor.py:840} INFO - DAG(s) 'example_branch_datetime_operator', 'example_branch_datetime_operator_3', 'example_branch_datetime_operator_2' retrieved from /Users/symbat/airflow_local/.venv/lib/python3.11/site-packages/airflow/example_dags/example_branch_datetime_operator.py
[2025-12-06T03:59:55.519+0500] {logging_mixin.py:188} INFO - [2025-12-06T03:59:55.518+0500] {dag.py:3089} INFO - Sync 3 DAGs
[2025-12-06T03:59:55.528+0500] {logging_mixin.py:188} INFO - [2025-12-06T03:59:55.528+0500] {dag.py:3947} INFO - Setting next_dagrun for example_branch_datetime_operator to 2025-12-04 00:00:00+00:00, run_after=2025-12-05 00:00:00+00:00
[2025-12-06T03:59:55.530+0500] {logging_mixin.py:188} INFO - [2025-12-06T03:59:55.530+0500] {dag.py:3947} INFO - Setting next_dagrun for example_branch_datetime_operator_2 to 2025-12-04 00:00:00+00:00, run_after=2025-12-05 00:00:00+00:00
[2025-12-06T03:59:55.531+0500] {logging_mixin.py:188} INFO - [2025-12-06T03:59:55.531+0500] {dag.py:3947} INFO - Setting next_dagrun for example_branch_datetime_operator_3 to 2025-12-04 00:00:00+00:00, run_after=2025-12-05 00:00:00+00:00
[2025-12-06T03:59:55.543+0500] {processor.py:183} INFO - Processing /Users/symbat/airflow_local/.venv/lib/python3.11/site-packages/airflow/example_dags/example_branch_datetime_operator.py took 0.103 seconds
[2025-12-06T04:03:13.008+0500] {processor.py:161} INFO - Started process (PID=80915) to work on /Users/symbat/airflow_local/.venv/lib/python3.11/site-packages/airflow/example_dags/example_branch_datetime_operator.py
[2025-12-06T04:03:13.009+0500] {processor.py:830} INFO - Processing file /Users/symbat/airflow_local/.venv/lib/python3.11/site-packages/airflow/example_dags/example_branch_datetime_operator.py for tasks to queue
[2025-12-06T04:03:13.009+0500] {logging_mixin.py:188} INFO - [2025-12-06T04:03:13.009+0500] {dagbag.py:545} INFO - Filling up the DagBag from /Users/symbat/airflow_local/.venv/lib/python3.11/site-packages/airflow/example_dags/example_branch_datetime_operator.py
[2025-12-06T04:03:13.020+0500] {processor.py:840} INFO - DAG(s) 'example_branch_datetime_operator_3', 'example_branch_datetime_operator', 'example_branch_datetime_operator_2' retrieved from /Users/symbat/airflow_local/.venv/lib/python3.11/site-packages/airflow/example_dags/example_branch_datetime_operator.py
[2025-12-06T04:03:13.116+0500] {logging_mixin.py:188} INFO - [2025-12-06T04:03:13.114+0500] {dag.py:3089} INFO - Sync 3 DAGs
[2025-12-06T04:03:13.127+0500] {logging_mixin.py:188} INFO - [2025-12-06T04:03:13.127+0500] {dag.py:3947} INFO - Setting next_dagrun for example_branch_datetime_operator to 2025-12-04 00:00:00+00:00, run_after=2025-12-05 00:00:00+00:00
[2025-12-06T04:03:13.130+0500] {logging_mixin.py:188} INFO - [2025-12-06T04:03:13.129+0500] {dag.py:3947} INFO - Setting next_dagrun for example_branch_datetime_operator_2 to 2025-12-04 00:00:00+00:00, run_after=2025-12-05 00:00:00+00:00
[2025-12-06T04:03:13.131+0500] {logging_mixin.py:188} INFO - [2025-12-06T04:03:13.130+0500] {dag.py:3947} INFO - Setting next_dagrun for example_branch_datetime_operator_3 to 2025-12-04 00:00:00+00:00, run_after=2025-12-05 00:00:00+00:00
[2025-12-06T04:03:13.142+0500] {processor.py:183} INFO - Processing /Users/symbat/airflow_local/.venv/lib/python3.11/site-packages/airflow/example_dags/example_branch_datetime_operator.py took 0.137 seconds
[2025-12-06T04:06:40.577+0500] {processor.py:161} INFO - Started process (PID=81479) to work on /Users/symbat/airflow_local/.venv/lib/python3.11/site-packages/airflow/example_dags/example_branch_datetime_operator.py
[2025-12-06T04:06:40.579+0500] {processor.py:830} INFO - Processing file /Users/symbat/airflow_local/.venv/lib/python3.11/site-packages/airflow/example_dags/example_branch_datetime_operator.py for tasks to queue
[2025-12-06T04:06:40.579+0500] {logging_mixin.py:188} INFO - [2025-12-06T04:06:40.579+0500] {dagbag.py:545} INFO - Filling up the DagBag from /Users/symbat/airflow_local/.venv/lib/python3.11/site-packages/airflow/example_dags/example_branch_datetime_operator.py
[2025-12-06T04:06:40.592+0500] {processor.py:840} INFO - DAG(s) 'example_branch_datetime_operator_3', 'example_branch_datetime_operator', 'example_branch_datetime_operator_2' retrieved from /Users/symbat/airflow_local/.venv/lib/python3.11/site-packages/airflow/example_dags/example_branch_datetime_operator.py
[2025-12-06T04:06:40.667+0500] {logging_mixin.py:188} INFO - [2025-12-06T04:06:40.665+0500] {dag.py:3089} INFO - Sync 3 DAGs
[2025-12-06T04:06:40.680+0500] {logging_mixin.py:188} INFO - [2025-12-06T04:06:40.680+0500] {dag.py:3947} INFO - Setting next_dagrun for example_branch_datetime_operator to 2025-12-04 00:00:00+00:00, run_after=2025-12-05 00:00:00+00:00
[2025-12-06T04:06:40.682+0500] {logging_mixin.py:188} INFO - [2025-12-06T04:06:40.682+0500] {dag.py:3947} INFO - Setting next_dagrun for example_branch_datetime_operator_2 to 2025-12-04 00:00:00+00:00, run_after=2025-12-05 00:00:00+00:00
[2025-12-06T04:06:40.683+0500] {logging_mixin.py:188} INFO - [2025-12-06T04:06:40.683+0500] {dag.py:3947} INFO - Setting next_dagrun for example_branch_datetime_operator_3 to 2025-12-04 00:00:00+00:00, run_after=2025-12-05 00:00:00+00:00
[2025-12-06T04:06:40.695+0500] {processor.py:183} INFO - Processing /Users/symbat/airflow_local/.venv/lib/python3.11/site-packages/airflow/example_dags/example_branch_datetime_operator.py took 0.122 seconds
[2025-12-06T04:10:06.243+0500] {processor.py:161} INFO - Started process (PID=81732) to work on /Users/symbat/airflow_local/.venv/lib/python3.11/site-packages/airflow/example_dags/example_branch_datetime_operator.py
[2025-12-06T04:10:06.244+0500] {processor.py:830} INFO - Processing file /Users/symbat/airflow_local/.venv/lib/python3.11/site-packages/airflow/example_dags/example_branch_datetime_operator.py for tasks to queue
[2025-12-06T04:10:06.245+0500] {logging_mixin.py:188} INFO - [2025-12-06T04:10:06.245+0500] {dagbag.py:545} INFO - Filling up the DagBag from /Users/symbat/airflow_local/.venv/lib/python3.11/site-packages/airflow/example_dags/example_branch_datetime_operator.py
[2025-12-06T04:10:06.265+0500] {processor.py:840} INFO - DAG(s) 'example_branch_datetime_operator_2', 'example_branch_datetime_operator_3', 'example_branch_datetime_operator' retrieved from /Users/symbat/airflow_local/.venv/lib/python3.11/site-packages/airflow/example_dags/example_branch_datetime_operator.py
[2025-12-06T04:10:06.342+0500] {logging_mixin.py:188} INFO - [2025-12-06T04:10:06.341+0500] {dag.py:3089} INFO - Sync 3 DAGs
[2025-12-06T04:10:06.356+0500] {logging_mixin.py:188} INFO - [2025-12-06T04:10:06.355+0500] {dag.py:3947} INFO - Setting next_dagrun for example_branch_datetime_operator to 2025-12-04 00:00:00+00:00, run_after=2025-12-05 00:00:00+00:00
[2025-12-06T04:10:06.358+0500] {logging_mixin.py:188} INFO - [2025-12-06T04:10:06.358+0500] {dag.py:3947} INFO - Setting next_dagrun for example_branch_datetime_operator_2 to 2025-12-04 00:00:00+00:00, run_after=2025-12-05 00:00:00+00:00
[2025-12-06T04:10:06.359+0500] {logging_mixin.py:188} INFO - [2025-12-06T04:10:06.359+0500] {dag.py:3947} INFO - Setting next_dagrun for example_branch_datetime_operator_3 to 2025-12-04 00:00:00+00:00, run_after=2025-12-05 00:00:00+00:00
[2025-12-06T04:10:06.371+0500] {processor.py:183} INFO - Processing /Users/symbat/airflow_local/.venv/lib/python3.11/site-packages/airflow/example_dags/example_branch_datetime_operator.py took 0.131 seconds
[2025-12-06T04:13:22.872+0500] {processor.py:161} INFO - Started process (PID=82035) to work on /Users/symbat/airflow_local/.venv/lib/python3.11/site-packages/airflow/example_dags/example_branch_datetime_operator.py
[2025-12-06T04:13:22.873+0500] {processor.py:830} INFO - Processing file /Users/symbat/airflow_local/.venv/lib/python3.11/site-packages/airflow/example_dags/example_branch_datetime_operator.py for tasks to queue
[2025-12-06T04:13:22.873+0500] {logging_mixin.py:188} INFO - [2025-12-06T04:13:22.873+0500] {dagbag.py:545} INFO - Filling up the DagBag from /Users/symbat/airflow_local/.venv/lib/python3.11/site-packages/airflow/example_dags/example_branch_datetime_operator.py
[2025-12-06T04:13:22.887+0500] {processor.py:840} INFO - DAG(s) 'example_branch_datetime_operator_2', 'example_branch_datetime_operator_3', 'example_branch_datetime_operator' retrieved from /Users/symbat/airflow_local/.venv/lib/python3.11/site-packages/airflow/example_dags/example_branch_datetime_operator.py
[2025-12-06T04:13:22.957+0500] {logging_mixin.py:188} INFO - [2025-12-06T04:13:22.956+0500] {dag.py:3089} INFO - Sync 3 DAGs
[2025-12-06T04:13:22.968+0500] {logging_mixin.py:188} INFO - [2025-12-06T04:13:22.968+0500] {dag.py:3947} INFO - Setting next_dagrun for example_branch_datetime_operator to 2025-12-04 00:00:00+00:00, run_after=2025-12-05 00:00:00+00:00
[2025-12-06T04:13:22.971+0500] {logging_mixin.py:188} INFO - [2025-12-06T04:13:22.971+0500] {dag.py:3947} INFO - Setting next_dagrun for example_branch_datetime_operator_2 to 2025-12-04 00:00:00+00:00, run_after=2025-12-05 00:00:00+00:00
[2025-12-06T04:13:22.972+0500] {logging_mixin.py:188} INFO - [2025-12-06T04:13:22.972+0500] {dag.py:3947} INFO - Setting next_dagrun for example_branch_datetime_operator_3 to 2025-12-04 00:00:00+00:00, run_after=2025-12-05 00:00:00+00:00
[2025-12-06T04:13:22.982+0500] {processor.py:183} INFO - Processing /Users/symbat/airflow_local/.venv/lib/python3.11/site-packages/airflow/example_dags/example_branch_datetime_operator.py took 0.114 seconds
[2025-12-06T04:16:37.837+0500] {processor.py:161} INFO - Started process (PID=82269) to work on /Users/symbat/airflow_local/.venv/lib/python3.11/site-packages/airflow/example_dags/example_branch_datetime_operator.py
[2025-12-06T04:16:37.838+0500] {processor.py:830} INFO - Processing file /Users/symbat/airflow_local/.venv/lib/python3.11/site-packages/airflow/example_dags/example_branch_datetime_operator.py for tasks to queue
[2025-12-06T04:16:37.839+0500] {logging_mixin.py:188} INFO - [2025-12-06T04:16:37.839+0500] {dagbag.py:545} INFO - Filling up the DagBag from /Users/symbat/airflow_local/.venv/lib/python3.11/site-packages/airflow/example_dags/example_branch_datetime_operator.py
[2025-12-06T04:16:37.851+0500] {processor.py:840} INFO - DAG(s) 'example_branch_datetime_operator_3', 'example_branch_datetime_operator_2', 'example_branch_datetime_operator' retrieved from /Users/symbat/airflow_local/.venv/lib/python3.11/site-packages/airflow/example_dags/example_branch_datetime_operator.py
[2025-12-06T04:16:37.943+0500] {logging_mixin.py:188} INFO - [2025-12-06T04:16:37.941+0500] {dag.py:3089} INFO - Sync 3 DAGs
[2025-12-06T04:16:37.956+0500] {logging_mixin.py:188} INFO - [2025-12-06T04:16:37.955+0500] {dag.py:3947} INFO - Setting next_dagrun for example_branch_datetime_operator to 2025-12-04 00:00:00+00:00, run_after=2025-12-05 00:00:00+00:00
[2025-12-06T04:16:37.960+0500] {logging_mixin.py:188} INFO - [2025-12-06T04:16:37.960+0500] {dag.py:3947} INFO - Setting next_dagrun for example_branch_datetime_operator_2 to 2025-12-04 00:00:00+00:00, run_after=2025-12-05 00:00:00+00:00
[2025-12-06T04:16:37.961+0500] {logging_mixin.py:188} INFO - [2025-12-06T04:16:37.961+0500] {dag.py:3947} INFO - Setting next_dagrun for example_branch_datetime_operator_3 to 2025-12-04 00:00:00+00:00, run_after=2025-12-05 00:00:00+00:00
[2025-12-06T04:16:37.974+0500] {processor.py:183} INFO - Processing /Users/symbat/airflow_local/.venv/lib/python3.11/site-packages/airflow/example_dags/example_branch_datetime_operator.py took 0.140 seconds
[2025-12-06T04:19:45.770+0500] {processor.py:161} INFO - Started process (PID=82477) to work on /Users/symbat/airflow_local/.venv/lib/python3.11/site-packages/airflow/example_dags/example_branch_datetime_operator.py
[2025-12-06T04:19:45.771+0500] {processor.py:830} INFO - Processing file /Users/symbat/airflow_local/.venv/lib/python3.11/site-packages/airflow/example_dags/example_branch_datetime_operator.py for tasks to queue
[2025-12-06T04:19:45.771+0500] {logging_mixin.py:188} INFO - [2025-12-06T04:19:45.771+0500] {dagbag.py:545} INFO - Filling up the DagBag from /Users/symbat/airflow_local/.venv/lib/python3.11/site-packages/airflow/example_dags/example_branch_datetime_operator.py
[2025-12-06T04:19:45.782+0500] {processor.py:840} INFO - DAG(s) 'example_branch_datetime_operator_2', 'example_branch_datetime_operator', 'example_branch_datetime_operator_3' retrieved from /Users/symbat/airflow_local/.venv/lib/python3.11/site-packages/airflow/example_dags/example_branch_datetime_operator.py
[2025-12-06T04:19:45.861+0500] {logging_mixin.py:188} INFO - [2025-12-06T04:19:45.860+0500] {dag.py:3089} INFO - Sync 3 DAGs
[2025-12-06T04:19:45.875+0500] {logging_mixin.py:188} INFO - [2025-12-06T04:19:45.874+0500] {dag.py:3947} INFO - Setting next_dagrun for example_branch_datetime_operator to 2025-12-04 00:00:00+00:00, run_after=2025-12-05 00:00:00+00:00
[2025-12-06T04:19:45.877+0500] {logging_mixin.py:188} INFO - [2025-12-06T04:19:45.877+0500] {dag.py:3947} INFO - Setting next_dagrun for example_branch_datetime_operator_2 to 2025-12-04 00:00:00+00:00, run_after=2025-12-05 00:00:00+00:00
[2025-12-06T04:19:45.878+0500] {logging_mixin.py:188} INFO - [2025-12-06T04:19:45.878+0500] {dag.py:3947} INFO - Setting next_dagrun for example_branch_datetime_operator_3 to 2025-12-04 00:00:00+00:00, run_after=2025-12-05 00:00:00+00:00
[2025-12-06T04:19:45.889+0500] {processor.py:183} INFO - Processing /Users/symbat/airflow_local/.venv/lib/python3.11/site-packages/airflow/example_dags/example_branch_datetime_operator.py took 0.121 seconds
[2025-12-06T04:22:41.590+0500] {processor.py:161} INFO - Started process (PID=82679) to work on /Users/symbat/airflow_local/.venv/lib/python3.11/site-packages/airflow/example_dags/example_branch_datetime_operator.py
[2025-12-06T04:22:41.591+0500] {processor.py:830} INFO - Processing file /Users/symbat/airflow_local/.venv/lib/python3.11/site-packages/airflow/example_dags/example_branch_datetime_operator.py for tasks to queue
[2025-12-06T04:22:41.592+0500] {logging_mixin.py:188} INFO - [2025-12-06T04:22:41.592+0500] {dagbag.py:545} INFO - Filling up the DagBag from /Users/symbat/airflow_local/.venv/lib/python3.11/site-packages/airflow/example_dags/example_branch_datetime_operator.py
[2025-12-06T04:22:41.601+0500] {processor.py:840} INFO - DAG(s) 'example_branch_datetime_operator_3', 'example_branch_datetime_operator_2', 'example_branch_datetime_operator' retrieved from /Users/symbat/airflow_local/.venv/lib/python3.11/site-packages/airflow/example_dags/example_branch_datetime_operator.py
[2025-12-06T04:22:41.655+0500] {logging_mixin.py:188} INFO - [2025-12-06T04:22:41.654+0500] {dag.py:3089} INFO - Sync 3 DAGs
[2025-12-06T04:22:41.664+0500] {logging_mixin.py:188} INFO - [2025-12-06T04:22:41.664+0500] {dag.py:3947} INFO - Setting next_dagrun for example_branch_datetime_operator to 2025-12-04 00:00:00+00:00, run_after=2025-12-05 00:00:00+00:00
[2025-12-06T04:22:41.667+0500] {logging_mixin.py:188} INFO - [2025-12-06T04:22:41.667+0500] {dag.py:3947} INFO - Setting next_dagrun for example_branch_datetime_operator_2 to 2025-12-04 00:00:00+00:00, run_after=2025-12-05 00:00:00+00:00
[2025-12-06T04:22:41.668+0500] {logging_mixin.py:188} INFO - [2025-12-06T04:22:41.668+0500] {dag.py:3947} INFO - Setting next_dagrun for example_branch_datetime_operator_3 to 2025-12-04 00:00:00+00:00, run_after=2025-12-05 00:00:00+00:00
[2025-12-06T04:22:41.678+0500] {processor.py:183} INFO - Processing /Users/symbat/airflow_local/.venv/lib/python3.11/site-packages/airflow/example_dags/example_branch_datetime_operator.py took 0.090 seconds
[2025-12-06T04:25:45.217+0500] {processor.py:161} INFO - Started process (PID=83157) to work on /Users/symbat/airflow_local/.venv/lib/python3.11/site-packages/airflow/example_dags/example_branch_datetime_operator.py
[2025-12-06T04:25:45.218+0500] {processor.py:830} INFO - Processing file /Users/symbat/airflow_local/.venv/lib/python3.11/site-packages/airflow/example_dags/example_branch_datetime_operator.py for tasks to queue
[2025-12-06T04:25:45.218+0500] {logging_mixin.py:188} INFO - [2025-12-06T04:25:45.218+0500] {dagbag.py:545} INFO - Filling up the DagBag from /Users/symbat/airflow_local/.venv/lib/python3.11/site-packages/airflow/example_dags/example_branch_datetime_operator.py
[2025-12-06T04:25:45.226+0500] {processor.py:840} INFO - DAG(s) 'example_branch_datetime_operator', 'example_branch_datetime_operator_3', 'example_branch_datetime_operator_2' retrieved from /Users/symbat/airflow_local/.venv/lib/python3.11/site-packages/airflow/example_dags/example_branch_datetime_operator.py
[2025-12-06T04:25:45.289+0500] {logging_mixin.py:188} INFO - [2025-12-06T04:25:45.288+0500] {dag.py:3089} INFO - Sync 3 DAGs
[2025-12-06T04:25:45.298+0500] {logging_mixin.py:188} INFO - [2025-12-06T04:25:45.298+0500] {dag.py:3947} INFO - Setting next_dagrun for example_branch_datetime_operator to 2025-12-04 00:00:00+00:00, run_after=2025-12-05 00:00:00+00:00
[2025-12-06T04:25:45.300+0500] {logging_mixin.py:188} INFO - [2025-12-06T04:25:45.300+0500] {dag.py:3947} INFO - Setting next_dagrun for example_branch_datetime_operator_2 to 2025-12-04 00:00:00+00:00, run_after=2025-12-05 00:00:00+00:00
[2025-12-06T04:25:45.301+0500] {logging_mixin.py:188} INFO - [2025-12-06T04:25:45.301+0500] {dag.py:3947} INFO - Setting next_dagrun for example_branch_datetime_operator_3 to 2025-12-04 00:00:00+00:00, run_after=2025-12-05 00:00:00+00:00
[2025-12-06T04:25:45.309+0500] {processor.py:183} INFO - Processing /Users/symbat/airflow_local/.venv/lib/python3.11/site-packages/airflow/example_dags/example_branch_datetime_operator.py took 0.094 seconds
[2025-12-06T04:29:11.588+0500] {processor.py:161} INFO - Started process (PID=83676) to work on /Users/symbat/airflow_local/.venv/lib/python3.11/site-packages/airflow/example_dags/example_branch_datetime_operator.py
[2025-12-06T04:29:11.590+0500] {processor.py:830} INFO - Processing file /Users/symbat/airflow_local/.venv/lib/python3.11/site-packages/airflow/example_dags/example_branch_datetime_operator.py for tasks to queue
[2025-12-06T04:29:11.590+0500] {logging_mixin.py:188} INFO - [2025-12-06T04:29:11.590+0500] {dagbag.py:545} INFO - Filling up the DagBag from /Users/symbat/airflow_local/.venv/lib/python3.11/site-packages/airflow/example_dags/example_branch_datetime_operator.py
[2025-12-06T04:29:11.601+0500] {processor.py:840} INFO - DAG(s) 'example_branch_datetime_operator', 'example_branch_datetime_operator_3', 'example_branch_datetime_operator_2' retrieved from /Users/symbat/airflow_local/.venv/lib/python3.11/site-packages/airflow/example_dags/example_branch_datetime_operator.py
[2025-12-06T04:29:11.688+0500] {logging_mixin.py:188} INFO - [2025-12-06T04:29:11.687+0500] {dag.py:3089} INFO - Sync 3 DAGs
[2025-12-06T04:29:11.697+0500] {logging_mixin.py:188} INFO - [2025-12-06T04:29:11.697+0500] {dag.py:3947} INFO - Setting next_dagrun for example_branch_datetime_operator to 2025-12-04 00:00:00+00:00, run_after=2025-12-05 00:00:00+00:00
[2025-12-06T04:29:11.699+0500] {logging_mixin.py:188} INFO - [2025-12-06T04:29:11.698+0500] {dag.py:3947} INFO - Setting next_dagrun for example_branch_datetime_operator_2 to 2025-12-04 00:00:00+00:00, run_after=2025-12-05 00:00:00+00:00
[2025-12-06T04:29:11.699+0500] {logging_mixin.py:188} INFO - [2025-12-06T04:29:11.699+0500] {dag.py:3947} INFO - Setting next_dagrun for example_branch_datetime_operator_3 to 2025-12-04 00:00:00+00:00, run_after=2025-12-05 00:00:00+00:00
[2025-12-06T04:29:11.720+0500] {processor.py:183} INFO - Processing /Users/symbat/airflow_local/.venv/lib/python3.11/site-packages/airflow/example_dags/example_branch_datetime_operator.py took 0.134 seconds
[2025-12-06T04:33:06.643+0500] {processor.py:161} INFO - Started process (PID=84062) to work on /Users/symbat/airflow_local/.venv/lib/python3.11/site-packages/airflow/example_dags/example_branch_datetime_operator.py
[2025-12-06T04:33:06.644+0500] {processor.py:830} INFO - Processing file /Users/symbat/airflow_local/.venv/lib/python3.11/site-packages/airflow/example_dags/example_branch_datetime_operator.py for tasks to queue
[2025-12-06T04:33:06.645+0500] {logging_mixin.py:188} INFO - [2025-12-06T04:33:06.645+0500] {dagbag.py:545} INFO - Filling up the DagBag from /Users/symbat/airflow_local/.venv/lib/python3.11/site-packages/airflow/example_dags/example_branch_datetime_operator.py
[2025-12-06T04:33:06.652+0500] {processor.py:840} INFO - DAG(s) 'example_branch_datetime_operator_3', 'example_branch_datetime_operator_2', 'example_branch_datetime_operator' retrieved from /Users/symbat/airflow_local/.venv/lib/python3.11/site-packages/airflow/example_dags/example_branch_datetime_operator.py
[2025-12-06T04:33:06.697+0500] {logging_mixin.py:188} INFO - [2025-12-06T04:33:06.696+0500] {dag.py:3089} INFO - Sync 3 DAGs
[2025-12-06T04:33:06.705+0500] {logging_mixin.py:188} INFO - [2025-12-06T04:33:06.704+0500] {dag.py:3947} INFO - Setting next_dagrun for example_branch_datetime_operator to 2025-12-04 00:00:00+00:00, run_after=2025-12-05 00:00:00+00:00
[2025-12-06T04:33:06.706+0500] {logging_mixin.py:188} INFO - [2025-12-06T04:33:06.706+0500] {dag.py:3947} INFO - Setting next_dagrun for example_branch_datetime_operator_2 to 2025-12-04 00:00:00+00:00, run_after=2025-12-05 00:00:00+00:00
[2025-12-06T04:33:06.707+0500] {logging_mixin.py:188} INFO - [2025-12-06T04:33:06.707+0500] {dag.py:3947} INFO - Setting next_dagrun for example_branch_datetime_operator_3 to 2025-12-04 00:00:00+00:00, run_after=2025-12-05 00:00:00+00:00
[2025-12-06T04:33:06.715+0500] {processor.py:183} INFO - Processing /Users/symbat/airflow_local/.venv/lib/python3.11/site-packages/airflow/example_dags/example_branch_datetime_operator.py took 0.073 seconds
[2025-12-06T04:37:06.157+0500] {processor.py:161} INFO - Started process (PID=84437) to work on /Users/symbat/airflow_local/.venv/lib/python3.11/site-packages/airflow/example_dags/example_branch_datetime_operator.py
[2025-12-06T04:37:06.158+0500] {processor.py:830} INFO - Processing file /Users/symbat/airflow_local/.venv/lib/python3.11/site-packages/airflow/example_dags/example_branch_datetime_operator.py for tasks to queue
[2025-12-06T04:37:06.159+0500] {logging_mixin.py:188} INFO - [2025-12-06T04:37:06.159+0500] {dagbag.py:545} INFO - Filling up the DagBag from /Users/symbat/airflow_local/.venv/lib/python3.11/site-packages/airflow/example_dags/example_branch_datetime_operator.py
[2025-12-06T04:37:06.167+0500] {processor.py:840} INFO - DAG(s) 'example_branch_datetime_operator', 'example_branch_datetime_operator_3', 'example_branch_datetime_operator_2' retrieved from /Users/symbat/airflow_local/.venv/lib/python3.11/site-packages/airflow/example_dags/example_branch_datetime_operator.py
[2025-12-06T04:37:06.213+0500] {logging_mixin.py:188} INFO - [2025-12-06T04:37:06.213+0500] {dag.py:3089} INFO - Sync 3 DAGs
[2025-12-06T04:37:06.222+0500] {logging_mixin.py:188} INFO - [2025-12-06T04:37:06.221+0500] {dag.py:3947} INFO - Setting next_dagrun for example_branch_datetime_operator to 2025-12-04 00:00:00+00:00, run_after=2025-12-05 00:00:00+00:00
[2025-12-06T04:37:06.223+0500] {logging_mixin.py:188} INFO - [2025-12-06T04:37:06.223+0500] {dag.py:3947} INFO - Setting next_dagrun for example_branch_datetime_operator_2 to 2025-12-04 00:00:00+00:00, run_after=2025-12-05 00:00:00+00:00
[2025-12-06T04:37:06.224+0500] {logging_mixin.py:188} INFO - [2025-12-06T04:37:06.224+0500] {dag.py:3947} INFO - Setting next_dagrun for example_branch_datetime_operator_3 to 2025-12-04 00:00:00+00:00, run_after=2025-12-05 00:00:00+00:00
[2025-12-06T04:37:06.232+0500] {processor.py:183} INFO - Processing /Users/symbat/airflow_local/.venv/lib/python3.11/site-packages/airflow/example_dags/example_branch_datetime_operator.py took 0.077 seconds
