[2025-12-06T03:56:26.070+0500] {processor.py:161} INFO - Started process (PID=79596) to work on /Users/symbat/airflow_local/.venv/lib/python3.11/site-packages/airflow/example_dags/example_external_task_marker_dag.py
[2025-12-06T03:56:26.071+0500] {processor.py:830} INFO - Processing file /Users/symbat/airflow_local/.venv/lib/python3.11/site-packages/airflow/example_dags/example_external_task_marker_dag.py for tasks to queue
[2025-12-06T03:56:26.071+0500] {logging_mixin.py:188} INFO - [2025-12-06T03:56:26.071+0500] {dagbag.py:545} INFO - Filling up the DagBag from /Users/symbat/airflow_local/.venv/lib/python3.11/site-packages/airflow/example_dags/example_external_task_marker_dag.py
[2025-12-06T03:56:26.079+0500] {processor.py:840} INFO - DAG(s) 'example_external_task_marker_child', 'example_external_task_marker_parent' retrieved from /Users/symbat/airflow_local/.venv/lib/python3.11/site-packages/airflow/example_dags/example_external_task_marker_dag.py
[2025-12-06T03:56:26.165+0500] {logging_mixin.py:188} INFO - [2025-12-06T03:56:26.165+0500] {override.py:1930} INFO - Created Permission View: can read on DAG:example_external_task_marker_child
[2025-12-06T03:56:26.169+0500] {logging_mixin.py:188} INFO - [2025-12-06T03:56:26.169+0500] {override.py:1930} INFO - Created Permission View: can edit on DAG:example_external_task_marker_child
[2025-12-06T03:56:26.172+0500] {logging_mixin.py:188} INFO - [2025-12-06T03:56:26.172+0500] {override.py:1930} INFO - Created Permission View: can delete on DAG:example_external_task_marker_child
[2025-12-06T03:56:26.180+0500] {logging_mixin.py:188} INFO - [2025-12-06T03:56:26.180+0500] {override.py:1930} INFO - Created Permission View: can read on DAG:example_external_task_marker_parent
[2025-12-06T03:56:26.184+0500] {logging_mixin.py:188} INFO - [2025-12-06T03:56:26.184+0500] {override.py:1930} INFO - Created Permission View: can edit on DAG:example_external_task_marker_parent
[2025-12-06T03:56:26.187+0500] {logging_mixin.py:188} INFO - [2025-12-06T03:56:26.186+0500] {override.py:1930} INFO - Created Permission View: can delete on DAG:example_external_task_marker_parent
[2025-12-06T03:56:26.187+0500] {logging_mixin.py:188} INFO - [2025-12-06T03:56:26.187+0500] {dag.py:3089} INFO - Sync 2 DAGs
[2025-12-06T03:56:26.191+0500] {logging_mixin.py:188} INFO - [2025-12-06T03:56:26.191+0500] {dag.py:3111} INFO - Creating ORM DAG for example_external_task_marker_parent
[2025-12-06T03:56:26.192+0500] {logging_mixin.py:188} INFO - [2025-12-06T03:56:26.192+0500] {dag.py:3111} INFO - Creating ORM DAG for example_external_task_marker_child
[2025-12-06T03:56:26.192+0500] {logging_mixin.py:188} INFO - [2025-12-06T03:56:26.192+0500] {dag.py:3947} INFO - Setting next_dagrun for example_external_task_marker_child to None, run_after=None
[2025-12-06T03:56:26.192+0500] {logging_mixin.py:188} INFO - [2025-12-06T03:56:26.192+0500] {dag.py:3947} INFO - Setting next_dagrun for example_external_task_marker_parent to None, run_after=None
[2025-12-06T03:56:26.236+0500] {processor.py:183} INFO - Processing /Users/symbat/airflow_local/.venv/lib/python3.11/site-packages/airflow/example_dags/example_external_task_marker_dag.py took 0.168 seconds
[2025-12-06T03:58:24.182+0500] {processor.py:161} INFO - Started process (PID=79724) to work on /Users/symbat/airflow_local/.venv/lib/python3.11/site-packages/airflow/example_dags/example_external_task_marker_dag.py
[2025-12-06T03:58:24.183+0500] {processor.py:830} INFO - Processing file /Users/symbat/airflow_local/.venv/lib/python3.11/site-packages/airflow/example_dags/example_external_task_marker_dag.py for tasks to queue
[2025-12-06T03:58:24.184+0500] {logging_mixin.py:188} INFO - [2025-12-06T03:58:24.184+0500] {dagbag.py:545} INFO - Filling up the DagBag from /Users/symbat/airflow_local/.venv/lib/python3.11/site-packages/airflow/example_dags/example_external_task_marker_dag.py
[2025-12-06T03:58:24.192+0500] {processor.py:840} INFO - DAG(s) 'example_external_task_marker_child', 'example_external_task_marker_parent' retrieved from /Users/symbat/airflow_local/.venv/lib/python3.11/site-packages/airflow/example_dags/example_external_task_marker_dag.py
[2025-12-06T03:58:24.253+0500] {logging_mixin.py:188} INFO - [2025-12-06T03:58:24.253+0500] {dag.py:3089} INFO - Sync 2 DAGs
[2025-12-06T03:58:24.258+0500] {logging_mixin.py:188} INFO - [2025-12-06T03:58:24.258+0500] {dag.py:3947} INFO - Setting next_dagrun for example_external_task_marker_child to None, run_after=None
[2025-12-06T03:58:24.260+0500] {logging_mixin.py:188} INFO - [2025-12-06T03:58:24.259+0500] {dag.py:3947} INFO - Setting next_dagrun for example_external_task_marker_parent to None, run_after=None
[2025-12-06T03:58:24.268+0500] {processor.py:183} INFO - Processing /Users/symbat/airflow_local/.venv/lib/python3.11/site-packages/airflow/example_dags/example_external_task_marker_dag.py took 0.088 seconds
[2025-12-06T04:01:35.620+0500] {processor.py:161} INFO - Started process (PID=80439) to work on /Users/symbat/airflow_local/.venv/lib/python3.11/site-packages/airflow/example_dags/example_external_task_marker_dag.py
[2025-12-06T04:01:35.621+0500] {processor.py:830} INFO - Processing file /Users/symbat/airflow_local/.venv/lib/python3.11/site-packages/airflow/example_dags/example_external_task_marker_dag.py for tasks to queue
[2025-12-06T04:01:35.622+0500] {logging_mixin.py:188} INFO - [2025-12-06T04:01:35.622+0500] {dagbag.py:545} INFO - Filling up the DagBag from /Users/symbat/airflow_local/.venv/lib/python3.11/site-packages/airflow/example_dags/example_external_task_marker_dag.py
[2025-12-06T04:01:35.638+0500] {processor.py:840} INFO - DAG(s) 'example_external_task_marker_child', 'example_external_task_marker_parent' retrieved from /Users/symbat/airflow_local/.venv/lib/python3.11/site-packages/airflow/example_dags/example_external_task_marker_dag.py
[2025-12-06T04:01:35.728+0500] {logging_mixin.py:188} INFO - [2025-12-06T04:01:35.727+0500] {dag.py:3089} INFO - Sync 2 DAGs
[2025-12-06T04:01:35.733+0500] {logging_mixin.py:188} INFO - [2025-12-06T04:01:35.733+0500] {dag.py:3947} INFO - Setting next_dagrun for example_external_task_marker_child to None, run_after=None
[2025-12-06T04:01:35.735+0500] {logging_mixin.py:188} INFO - [2025-12-06T04:01:35.735+0500] {dag.py:3947} INFO - Setting next_dagrun for example_external_task_marker_parent to None, run_after=None
[2025-12-06T04:01:35.750+0500] {processor.py:183} INFO - Processing /Users/symbat/airflow_local/.venv/lib/python3.11/site-packages/airflow/example_dags/example_external_task_marker_dag.py took 0.133 seconds
[2025-12-06T04:04:55.026+0500] {processor.py:161} INFO - Started process (PID=81089) to work on /Users/symbat/airflow_local/.venv/lib/python3.11/site-packages/airflow/example_dags/example_external_task_marker_dag.py
[2025-12-06T04:04:55.027+0500] {processor.py:830} INFO - Processing file /Users/symbat/airflow_local/.venv/lib/python3.11/site-packages/airflow/example_dags/example_external_task_marker_dag.py for tasks to queue
[2025-12-06T04:04:55.028+0500] {logging_mixin.py:188} INFO - [2025-12-06T04:04:55.028+0500] {dagbag.py:545} INFO - Filling up the DagBag from /Users/symbat/airflow_local/.venv/lib/python3.11/site-packages/airflow/example_dags/example_external_task_marker_dag.py
[2025-12-06T04:04:55.049+0500] {processor.py:840} INFO - DAG(s) 'example_external_task_marker_child', 'example_external_task_marker_parent' retrieved from /Users/symbat/airflow_local/.venv/lib/python3.11/site-packages/airflow/example_dags/example_external_task_marker_dag.py
[2025-12-06T04:04:55.135+0500] {logging_mixin.py:188} INFO - [2025-12-06T04:04:55.135+0500] {dag.py:3089} INFO - Sync 2 DAGs
[2025-12-06T04:04:55.145+0500] {logging_mixin.py:188} INFO - [2025-12-06T04:04:55.144+0500] {dag.py:3947} INFO - Setting next_dagrun for example_external_task_marker_child to None, run_after=None
[2025-12-06T04:04:55.148+0500] {logging_mixin.py:188} INFO - [2025-12-06T04:04:55.148+0500] {dag.py:3947} INFO - Setting next_dagrun for example_external_task_marker_parent to None, run_after=None
[2025-12-06T04:04:55.164+0500] {processor.py:183} INFO - Processing /Users/symbat/airflow_local/.venv/lib/python3.11/site-packages/airflow/example_dags/example_external_task_marker_dag.py took 0.143 seconds
[2025-12-06T04:08:15.700+0500] {processor.py:161} INFO - Started process (PID=81590) to work on /Users/symbat/airflow_local/.venv/lib/python3.11/site-packages/airflow/example_dags/example_external_task_marker_dag.py
[2025-12-06T04:08:15.701+0500] {processor.py:830} INFO - Processing file /Users/symbat/airflow_local/.venv/lib/python3.11/site-packages/airflow/example_dags/example_external_task_marker_dag.py for tasks to queue
[2025-12-06T04:08:15.701+0500] {logging_mixin.py:188} INFO - [2025-12-06T04:08:15.701+0500] {dagbag.py:545} INFO - Filling up the DagBag from /Users/symbat/airflow_local/.venv/lib/python3.11/site-packages/airflow/example_dags/example_external_task_marker_dag.py
[2025-12-06T04:08:15.711+0500] {processor.py:840} INFO - DAG(s) 'example_external_task_marker_child', 'example_external_task_marker_parent' retrieved from /Users/symbat/airflow_local/.venv/lib/python3.11/site-packages/airflow/example_dags/example_external_task_marker_dag.py
[2025-12-06T04:08:15.776+0500] {logging_mixin.py:188} INFO - [2025-12-06T04:08:15.775+0500] {dag.py:3089} INFO - Sync 2 DAGs
[2025-12-06T04:08:15.781+0500] {logging_mixin.py:188} INFO - [2025-12-06T04:08:15.781+0500] {dag.py:3947} INFO - Setting next_dagrun for example_external_task_marker_child to None, run_after=None
[2025-12-06T04:08:15.783+0500] {logging_mixin.py:188} INFO - [2025-12-06T04:08:15.783+0500] {dag.py:3947} INFO - Setting next_dagrun for example_external_task_marker_parent to None, run_after=None
[2025-12-06T04:08:15.793+0500] {processor.py:183} INFO - Processing /Users/symbat/airflow_local/.venv/lib/python3.11/site-packages/airflow/example_dags/example_external_task_marker_dag.py took 0.097 seconds
[2025-12-06T04:11:40.166+0500] {processor.py:161} INFO - Started process (PID=81839) to work on /Users/symbat/airflow_local/.venv/lib/python3.11/site-packages/airflow/example_dags/example_external_task_marker_dag.py
[2025-12-06T04:11:40.167+0500] {processor.py:830} INFO - Processing file /Users/symbat/airflow_local/.venv/lib/python3.11/site-packages/airflow/example_dags/example_external_task_marker_dag.py for tasks to queue
[2025-12-06T04:11:40.167+0500] {logging_mixin.py:188} INFO - [2025-12-06T04:11:40.167+0500] {dagbag.py:545} INFO - Filling up the DagBag from /Users/symbat/airflow_local/.venv/lib/python3.11/site-packages/airflow/example_dags/example_external_task_marker_dag.py
[2025-12-06T04:11:40.177+0500] {processor.py:840} INFO - DAG(s) 'example_external_task_marker_parent', 'example_external_task_marker_child' retrieved from /Users/symbat/airflow_local/.venv/lib/python3.11/site-packages/airflow/example_dags/example_external_task_marker_dag.py
[2025-12-06T04:11:40.259+0500] {logging_mixin.py:188} INFO - [2025-12-06T04:11:40.259+0500] {dag.py:3089} INFO - Sync 2 DAGs
[2025-12-06T04:11:40.265+0500] {logging_mixin.py:188} INFO - [2025-12-06T04:11:40.265+0500] {dag.py:3947} INFO - Setting next_dagrun for example_external_task_marker_child to None, run_after=None
[2025-12-06T04:11:40.267+0500] {logging_mixin.py:188} INFO - [2025-12-06T04:11:40.267+0500] {dag.py:3947} INFO - Setting next_dagrun for example_external_task_marker_parent to None, run_after=None
[2025-12-06T04:11:40.282+0500] {processor.py:183} INFO - Processing /Users/symbat/airflow_local/.venv/lib/python3.11/site-packages/airflow/example_dags/example_external_task_marker_dag.py took 0.119 seconds
[2025-12-06T04:14:59.847+0500] {processor.py:161} INFO - Started process (PID=82146) to work on /Users/symbat/airflow_local/.venv/lib/python3.11/site-packages/airflow/example_dags/example_external_task_marker_dag.py
[2025-12-06T04:14:59.849+0500] {processor.py:830} INFO - Processing file /Users/symbat/airflow_local/.venv/lib/python3.11/site-packages/airflow/example_dags/example_external_task_marker_dag.py for tasks to queue
[2025-12-06T04:14:59.851+0500] {logging_mixin.py:188} INFO - [2025-12-06T04:14:59.851+0500] {dagbag.py:545} INFO - Filling up the DagBag from /Users/symbat/airflow_local/.venv/lib/python3.11/site-packages/airflow/example_dags/example_external_task_marker_dag.py
[2025-12-06T04:14:59.869+0500] {processor.py:840} INFO - DAG(s) 'example_external_task_marker_child', 'example_external_task_marker_parent' retrieved from /Users/symbat/airflow_local/.venv/lib/python3.11/site-packages/airflow/example_dags/example_external_task_marker_dag.py
[2025-12-06T04:14:59.926+0500] {logging_mixin.py:188} INFO - [2025-12-06T04:14:59.926+0500] {dag.py:3089} INFO - Sync 2 DAGs
[2025-12-06T04:14:59.932+0500] {logging_mixin.py:188} INFO - [2025-12-06T04:14:59.932+0500] {dag.py:3947} INFO - Setting next_dagrun for example_external_task_marker_child to None, run_after=None
[2025-12-06T04:14:59.934+0500] {logging_mixin.py:188} INFO - [2025-12-06T04:14:59.934+0500] {dag.py:3947} INFO - Setting next_dagrun for example_external_task_marker_parent to None, run_after=None
[2025-12-06T04:14:59.943+0500] {processor.py:183} INFO - Processing /Users/symbat/airflow_local/.venv/lib/python3.11/site-packages/airflow/example_dags/example_external_task_marker_dag.py took 0.099 seconds
[2025-12-06T04:18:07.528+0500] {processor.py:161} INFO - Started process (PID=82372) to work on /Users/symbat/airflow_local/.venv/lib/python3.11/site-packages/airflow/example_dags/example_external_task_marker_dag.py
[2025-12-06T04:18:07.529+0500] {processor.py:830} INFO - Processing file /Users/symbat/airflow_local/.venv/lib/python3.11/site-packages/airflow/example_dags/example_external_task_marker_dag.py for tasks to queue
[2025-12-06T04:18:07.529+0500] {logging_mixin.py:188} INFO - [2025-12-06T04:18:07.529+0500] {dagbag.py:545} INFO - Filling up the DagBag from /Users/symbat/airflow_local/.venv/lib/python3.11/site-packages/airflow/example_dags/example_external_task_marker_dag.py
[2025-12-06T04:18:07.538+0500] {processor.py:840} INFO - DAG(s) 'example_external_task_marker_parent', 'example_external_task_marker_child' retrieved from /Users/symbat/airflow_local/.venv/lib/python3.11/site-packages/airflow/example_dags/example_external_task_marker_dag.py
[2025-12-06T04:18:07.587+0500] {logging_mixin.py:188} INFO - [2025-12-06T04:18:07.587+0500] {dag.py:3089} INFO - Sync 2 DAGs
[2025-12-06T04:18:07.592+0500] {logging_mixin.py:188} INFO - [2025-12-06T04:18:07.592+0500] {dag.py:3947} INFO - Setting next_dagrun for example_external_task_marker_child to None, run_after=None
[2025-12-06T04:18:07.594+0500] {logging_mixin.py:188} INFO - [2025-12-06T04:18:07.594+0500] {dag.py:3947} INFO - Setting next_dagrun for example_external_task_marker_parent to None, run_after=None
[2025-12-06T04:18:07.602+0500] {processor.py:183} INFO - Processing /Users/symbat/airflow_local/.venv/lib/python3.11/site-packages/airflow/example_dags/example_external_task_marker_dag.py took 0.077 seconds
[2025-12-06T04:21:12.385+0500] {processor.py:161} INFO - Started process (PID=82567) to work on /Users/symbat/airflow_local/.venv/lib/python3.11/site-packages/airflow/example_dags/example_external_task_marker_dag.py
[2025-12-06T04:21:12.386+0500] {processor.py:830} INFO - Processing file /Users/symbat/airflow_local/.venv/lib/python3.11/site-packages/airflow/example_dags/example_external_task_marker_dag.py for tasks to queue
[2025-12-06T04:21:12.387+0500] {logging_mixin.py:188} INFO - [2025-12-06T04:21:12.387+0500] {dagbag.py:545} INFO - Filling up the DagBag from /Users/symbat/airflow_local/.venv/lib/python3.11/site-packages/airflow/example_dags/example_external_task_marker_dag.py
[2025-12-06T04:21:12.403+0500] {processor.py:840} INFO - DAG(s) 'example_external_task_marker_parent', 'example_external_task_marker_child' retrieved from /Users/symbat/airflow_local/.venv/lib/python3.11/site-packages/airflow/example_dags/example_external_task_marker_dag.py
[2025-12-06T04:21:12.472+0500] {logging_mixin.py:188} INFO - [2025-12-06T04:21:12.472+0500] {dag.py:3089} INFO - Sync 2 DAGs
[2025-12-06T04:21:12.479+0500] {logging_mixin.py:188} INFO - [2025-12-06T04:21:12.479+0500] {dag.py:3947} INFO - Setting next_dagrun for example_external_task_marker_child to None, run_after=None
[2025-12-06T04:21:12.481+0500] {logging_mixin.py:188} INFO - [2025-12-06T04:21:12.481+0500] {dag.py:3947} INFO - Setting next_dagrun for example_external_task_marker_parent to None, run_after=None
[2025-12-06T04:21:12.493+0500] {processor.py:183} INFO - Processing /Users/symbat/airflow_local/.venv/lib/python3.11/site-packages/airflow/example_dags/example_external_task_marker_dag.py took 0.111 seconds
[2025-12-06T04:24:00.835+0500] {processor.py:161} INFO - Started process (PID=82774) to work on /Users/symbat/airflow_local/.venv/lib/python3.11/site-packages/airflow/example_dags/example_external_task_marker_dag.py
[2025-12-06T04:24:00.836+0500] {processor.py:830} INFO - Processing file /Users/symbat/airflow_local/.venv/lib/python3.11/site-packages/airflow/example_dags/example_external_task_marker_dag.py for tasks to queue
[2025-12-06T04:24:00.836+0500] {logging_mixin.py:188} INFO - [2025-12-06T04:24:00.836+0500] {dagbag.py:545} INFO - Filling up the DagBag from /Users/symbat/airflow_local/.venv/lib/python3.11/site-packages/airflow/example_dags/example_external_task_marker_dag.py
[2025-12-06T04:24:00.850+0500] {processor.py:840} INFO - DAG(s) 'example_external_task_marker_child', 'example_external_task_marker_parent' retrieved from /Users/symbat/airflow_local/.venv/lib/python3.11/site-packages/airflow/example_dags/example_external_task_marker_dag.py
[2025-12-06T04:24:00.906+0500] {logging_mixin.py:188} INFO - [2025-12-06T04:24:00.906+0500] {dag.py:3089} INFO - Sync 2 DAGs
[2025-12-06T04:24:00.912+0500] {logging_mixin.py:188} INFO - [2025-12-06T04:24:00.912+0500] {dag.py:3947} INFO - Setting next_dagrun for example_external_task_marker_child to None, run_after=None
[2025-12-06T04:24:00.913+0500] {logging_mixin.py:188} INFO - [2025-12-06T04:24:00.913+0500] {dag.py:3947} INFO - Setting next_dagrun for example_external_task_marker_parent to None, run_after=None
[2025-12-06T04:24:00.925+0500] {processor.py:183} INFO - Processing /Users/symbat/airflow_local/.venv/lib/python3.11/site-packages/airflow/example_dags/example_external_task_marker_dag.py took 0.095 seconds
[2025-12-06T04:27:28.110+0500] {processor.py:161} INFO - Started process (PID=83375) to work on /Users/symbat/airflow_local/.venv/lib/python3.11/site-packages/airflow/example_dags/example_external_task_marker_dag.py
[2025-12-06T04:27:28.111+0500] {processor.py:830} INFO - Processing file /Users/symbat/airflow_local/.venv/lib/python3.11/site-packages/airflow/example_dags/example_external_task_marker_dag.py for tasks to queue
[2025-12-06T04:27:28.112+0500] {logging_mixin.py:188} INFO - [2025-12-06T04:27:28.112+0500] {dagbag.py:545} INFO - Filling up the DagBag from /Users/symbat/airflow_local/.venv/lib/python3.11/site-packages/airflow/example_dags/example_external_task_marker_dag.py
[2025-12-06T04:27:28.130+0500] {processor.py:840} INFO - DAG(s) 'example_external_task_marker_parent', 'example_external_task_marker_child' retrieved from /Users/symbat/airflow_local/.venv/lib/python3.11/site-packages/airflow/example_dags/example_external_task_marker_dag.py
[2025-12-06T04:27:28.203+0500] {logging_mixin.py:188} INFO - [2025-12-06T04:27:28.203+0500] {dag.py:3089} INFO - Sync 2 DAGs
[2025-12-06T04:27:28.207+0500] {logging_mixin.py:188} INFO - [2025-12-06T04:27:28.207+0500] {dag.py:3947} INFO - Setting next_dagrun for example_external_task_marker_child to None, run_after=None
[2025-12-06T04:27:28.209+0500] {logging_mixin.py:188} INFO - [2025-12-06T04:27:28.209+0500] {dag.py:3947} INFO - Setting next_dagrun for example_external_task_marker_parent to None, run_after=None
[2025-12-06T04:27:28.218+0500] {processor.py:183} INFO - Processing /Users/symbat/airflow_local/.venv/lib/python3.11/site-packages/airflow/example_dags/example_external_task_marker_dag.py took 0.115 seconds
[2025-12-06T04:31:03.905+0500] {processor.py:161} INFO - Started process (PID=83858) to work on /Users/symbat/airflow_local/.venv/lib/python3.11/site-packages/airflow/example_dags/example_external_task_marker_dag.py
[2025-12-06T04:31:03.905+0500] {processor.py:830} INFO - Processing file /Users/symbat/airflow_local/.venv/lib/python3.11/site-packages/airflow/example_dags/example_external_task_marker_dag.py for tasks to queue
[2025-12-06T04:31:03.906+0500] {logging_mixin.py:188} INFO - [2025-12-06T04:31:03.906+0500] {dagbag.py:545} INFO - Filling up the DagBag from /Users/symbat/airflow_local/.venv/lib/python3.11/site-packages/airflow/example_dags/example_external_task_marker_dag.py
[2025-12-06T04:31:03.914+0500] {processor.py:840} INFO - DAG(s) 'example_external_task_marker_child', 'example_external_task_marker_parent' retrieved from /Users/symbat/airflow_local/.venv/lib/python3.11/site-packages/airflow/example_dags/example_external_task_marker_dag.py
[2025-12-06T04:31:03.972+0500] {logging_mixin.py:188} INFO - [2025-12-06T04:31:03.971+0500] {dag.py:3089} INFO - Sync 2 DAGs
[2025-12-06T04:31:03.977+0500] {logging_mixin.py:188} INFO - [2025-12-06T04:31:03.977+0500] {dag.py:3947} INFO - Setting next_dagrun for example_external_task_marker_child to None, run_after=None
[2025-12-06T04:31:03.979+0500] {logging_mixin.py:188} INFO - [2025-12-06T04:31:03.979+0500] {dag.py:3947} INFO - Setting next_dagrun for example_external_task_marker_parent to None, run_after=None
[2025-12-06T04:31:03.988+0500] {processor.py:183} INFO - Processing /Users/symbat/airflow_local/.venv/lib/python3.11/site-packages/airflow/example_dags/example_external_task_marker_dag.py took 0.086 seconds
[2025-12-06T04:34:44.237+0500] {processor.py:161} INFO - Started process (PID=84231) to work on /Users/symbat/airflow_local/.venv/lib/python3.11/site-packages/airflow/example_dags/example_external_task_marker_dag.py
[2025-12-06T04:34:44.238+0500] {processor.py:830} INFO - Processing file /Users/symbat/airflow_local/.venv/lib/python3.11/site-packages/airflow/example_dags/example_external_task_marker_dag.py for tasks to queue
[2025-12-06T04:34:44.239+0500] {logging_mixin.py:188} INFO - [2025-12-06T04:34:44.238+0500] {dagbag.py:545} INFO - Filling up the DagBag from /Users/symbat/airflow_local/.venv/lib/python3.11/site-packages/airflow/example_dags/example_external_task_marker_dag.py
[2025-12-06T04:34:44.249+0500] {processor.py:840} INFO - DAG(s) 'example_external_task_marker_parent', 'example_external_task_marker_child' retrieved from /Users/symbat/airflow_local/.venv/lib/python3.11/site-packages/airflow/example_dags/example_external_task_marker_dag.py
[2025-12-06T04:34:44.297+0500] {logging_mixin.py:188} INFO - [2025-12-06T04:34:44.297+0500] {dag.py:3089} INFO - Sync 2 DAGs
[2025-12-06T04:34:44.302+0500] {logging_mixin.py:188} INFO - [2025-12-06T04:34:44.302+0500] {dag.py:3947} INFO - Setting next_dagrun for example_external_task_marker_child to None, run_after=None
[2025-12-06T04:34:44.303+0500] {logging_mixin.py:188} INFO - [2025-12-06T04:34:44.303+0500] {dag.py:3947} INFO - Setting next_dagrun for example_external_task_marker_parent to None, run_after=None
[2025-12-06T04:34:44.312+0500] {processor.py:183} INFO - Processing /Users/symbat/airflow_local/.venv/lib/python3.11/site-packages/airflow/example_dags/example_external_task_marker_dag.py took 0.078 seconds
