[2025-12-06T03:55:38.878+0500] {processor.py:161} INFO - Started process (PID=79531) to work on /Users/symbat/airflow_local/.venv/lib/python3.11/site-packages/airflow/example_dags/example_subdag_operator.py
[2025-12-06T03:55:38.878+0500] {processor.py:830} INFO - Processing file /Users/symbat/airflow_local/.venv/lib/python3.11/site-packages/airflow/example_dags/example_subdag_operator.py for tasks to queue
[2025-12-06T03:55:38.879+0500] {logging_mixin.py:188} INFO - [2025-12-06T03:55:38.878+0500] {dagbag.py:545} INFO - Filling up the DagBag from /Users/symbat/airflow_local/.venv/lib/python3.11/site-packages/airflow/example_dags/example_subdag_operator.py
[2025-12-06T03:55:38.924+0500] {processor.py:840} INFO - DAG(s) 'example_subdag_operator.section-1', 'example_subdag_operator.section-2', 'example_subdag_operator' retrieved from /Users/symbat/airflow_local/.venv/lib/python3.11/site-packages/airflow/example_dags/example_subdag_operator.py
[2025-12-06T03:55:38.978+0500] {logging_mixin.py:188} INFO - [2025-12-06T03:55:38.978+0500] {override.py:1930} INFO - Created Permission View: can edit on DAG:example_subdag_operator
[2025-12-06T03:55:38.982+0500] {logging_mixin.py:188} INFO - [2025-12-06T03:55:38.982+0500] {override.py:1930} INFO - Created Permission View: can read on DAG:example_subdag_operator
[2025-12-06T03:55:38.985+0500] {logging_mixin.py:188} INFO - [2025-12-06T03:55:38.984+0500] {override.py:1930} INFO - Created Permission View: can delete on DAG:example_subdag_operator
[2025-12-06T03:55:38.985+0500] {logging_mixin.py:188} INFO - [2025-12-06T03:55:38.985+0500] {dag.py:3089} INFO - Sync 3 DAGs
[2025-12-06T03:55:38.990+0500] {logging_mixin.py:188} INFO - [2025-12-06T03:55:38.990+0500] {dag.py:3111} INFO - Creating ORM DAG for example_subdag_operator.section-1
[2025-12-06T03:55:38.991+0500] {logging_mixin.py:188} INFO - [2025-12-06T03:55:38.991+0500] {dag.py:3111} INFO - Creating ORM DAG for example_subdag_operator.section-2
[2025-12-06T03:55:38.991+0500] {logging_mixin.py:188} INFO - [2025-12-06T03:55:38.991+0500] {dag.py:3111} INFO - Creating ORM DAG for example_subdag_operator
[2025-12-06T03:55:39.031+0500] {logging_mixin.py:188} INFO - [2025-12-06T03:55:39.031+0500] {dag.py:3947} INFO - Setting next_dagrun for example_subdag_operator to 2022-01-01 00:00:00+00:00, run_after=2022-01-01 00:00:00+00:00
[2025-12-06T03:55:39.031+0500] {logging_mixin.py:188} INFO - [2025-12-06T03:55:39.031+0500] {dag.py:3947} INFO - Setting next_dagrun for example_subdag_operator.section-1 to None, run_after=None
[2025-12-06T03:55:39.031+0500] {logging_mixin.py:188} INFO - [2025-12-06T03:55:39.031+0500] {dag.py:3947} INFO - Setting next_dagrun for example_subdag_operator.section-2 to None, run_after=None
[2025-12-06T03:55:39.034+0500] {logging_mixin.py:188} INFO - [2025-12-06T03:55:39.034+0500] {dag.py:3089} INFO - Sync 2 DAGs
[2025-12-06T03:55:39.037+0500] {logging_mixin.py:188} INFO - [2025-12-06T03:55:39.037+0500] {dag.py:3947} INFO - Setting next_dagrun for example_subdag_operator.section-1 to None, run_after=None
[2025-12-06T03:55:39.038+0500] {logging_mixin.py:188} INFO - [2025-12-06T03:55:39.038+0500] {dag.py:3947} INFO - Setting next_dagrun for example_subdag_operator.section-2 to None, run_after=None
[2025-12-06T03:55:39.045+0500] {processor.py:183} INFO - Processing /Users/symbat/airflow_local/.venv/lib/python3.11/site-packages/airflow/example_dags/example_subdag_operator.py took 0.169 seconds
[2025-12-06T03:57:38.514+0500] {processor.py:161} INFO - Started process (PID=79679) to work on /Users/symbat/airflow_local/.venv/lib/python3.11/site-packages/airflow/example_dags/example_subdag_operator.py
[2025-12-06T03:57:38.515+0500] {processor.py:830} INFO - Processing file /Users/symbat/airflow_local/.venv/lib/python3.11/site-packages/airflow/example_dags/example_subdag_operator.py for tasks to queue
[2025-12-06T03:57:38.516+0500] {logging_mixin.py:188} INFO - [2025-12-06T03:57:38.515+0500] {dagbag.py:545} INFO - Filling up the DagBag from /Users/symbat/airflow_local/.venv/lib/python3.11/site-packages/airflow/example_dags/example_subdag_operator.py
[2025-12-06T03:57:38.593+0500] {processor.py:840} INFO - DAG(s) 'example_subdag_operator.section-1', 'example_subdag_operator.section-2', 'example_subdag_operator' retrieved from /Users/symbat/airflow_local/.venv/lib/python3.11/site-packages/airflow/example_dags/example_subdag_operator.py
[2025-12-06T03:57:38.614+0500] {logging_mixin.py:188} INFO - [2025-12-06T03:57:38.614+0500] {dag.py:3089} INFO - Sync 3 DAGs
[2025-12-06T03:57:38.623+0500] {logging_mixin.py:188} INFO - [2025-12-06T03:57:38.623+0500] {dag.py:3947} INFO - Setting next_dagrun for example_subdag_operator to 2022-01-01 00:00:00+00:00, run_after=2022-01-01 00:00:00+00:00
[2025-12-06T03:57:38.624+0500] {logging_mixin.py:188} INFO - [2025-12-06T03:57:38.624+0500] {dag.py:3947} INFO - Setting next_dagrun for example_subdag_operator.section-1 to None, run_after=None
[2025-12-06T03:57:38.625+0500] {logging_mixin.py:188} INFO - [2025-12-06T03:57:38.625+0500] {dag.py:3947} INFO - Setting next_dagrun for example_subdag_operator.section-2 to None, run_after=None
[2025-12-06T03:57:38.627+0500] {logging_mixin.py:188} INFO - [2025-12-06T03:57:38.627+0500] {dag.py:3089} INFO - Sync 2 DAGs
[2025-12-06T03:57:38.629+0500] {logging_mixin.py:188} INFO - [2025-12-06T03:57:38.629+0500] {dag.py:3947} INFO - Setting next_dagrun for example_subdag_operator.section-1 to None, run_after=None
[2025-12-06T03:57:38.629+0500] {logging_mixin.py:188} INFO - [2025-12-06T03:57:38.629+0500] {dag.py:3947} INFO - Setting next_dagrun for example_subdag_operator.section-2 to None, run_after=None
[2025-12-06T03:57:38.636+0500] {processor.py:183} INFO - Processing /Users/symbat/airflow_local/.venv/lib/python3.11/site-packages/airflow/example_dags/example_subdag_operator.py took 0.125 seconds
[2025-12-06T03:59:12.719+0500] {processor.py:161} INFO - Started process (PID=79881) to work on /Users/symbat/airflow_local/.venv/lib/python3.11/site-packages/airflow/example_dags/example_subdag_operator.py
[2025-12-06T03:59:12.721+0500] {processor.py:830} INFO - Processing file /Users/symbat/airflow_local/.venv/lib/python3.11/site-packages/airflow/example_dags/example_subdag_operator.py for tasks to queue
[2025-12-06T03:59:12.723+0500] {logging_mixin.py:188} INFO - [2025-12-06T03:59:12.723+0500] {dagbag.py:545} INFO - Filling up the DagBag from /Users/symbat/airflow_local/.venv/lib/python3.11/site-packages/airflow/example_dags/example_subdag_operator.py
[2025-12-06T03:59:12.880+0500] {processor.py:840} INFO - DAG(s) 'example_subdag_operator.section-1', 'example_subdag_operator.section-2', 'example_subdag_operator' retrieved from /Users/symbat/airflow_local/.venv/lib/python3.11/site-packages/airflow/example_dags/example_subdag_operator.py
[2025-12-06T03:59:12.946+0500] {logging_mixin.py:188} INFO - [2025-12-06T03:59:12.941+0500] {dag.py:3089} INFO - Sync 3 DAGs
[2025-12-06T03:59:12.967+0500] {logging_mixin.py:188} INFO - [2025-12-06T03:59:12.967+0500] {dag.py:3947} INFO - Setting next_dagrun for example_subdag_operator to 2022-01-01 00:00:00+00:00, run_after=2022-01-01 00:00:00+00:00
[2025-12-06T03:59:12.971+0500] {logging_mixin.py:188} INFO - [2025-12-06T03:59:12.971+0500] {dag.py:3947} INFO - Setting next_dagrun for example_subdag_operator.section-1 to None, run_after=None
[2025-12-06T03:59:12.972+0500] {logging_mixin.py:188} INFO - [2025-12-06T03:59:12.972+0500] {dag.py:3947} INFO - Setting next_dagrun for example_subdag_operator.section-2 to None, run_after=None
[2025-12-06T03:59:12.980+0500] {logging_mixin.py:188} INFO - [2025-12-06T03:59:12.980+0500] {dag.py:3089} INFO - Sync 2 DAGs
[2025-12-06T03:59:12.985+0500] {logging_mixin.py:188} INFO - [2025-12-06T03:59:12.985+0500] {dag.py:3947} INFO - Setting next_dagrun for example_subdag_operator.section-1 to None, run_after=None
[2025-12-06T03:59:12.986+0500] {logging_mixin.py:188} INFO - [2025-12-06T03:59:12.986+0500] {dag.py:3947} INFO - Setting next_dagrun for example_subdag_operator.section-2 to None, run_after=None
[2025-12-06T03:59:13.005+0500] {processor.py:183} INFO - Processing /Users/symbat/airflow_local/.venv/lib/python3.11/site-packages/airflow/example_dags/example_subdag_operator.py took 0.298 seconds
[2025-12-06T04:00:45.813+0500] {processor.py:161} INFO - Started process (PID=80367) to work on /Users/symbat/airflow_local/.venv/lib/python3.11/site-packages/airflow/example_dags/example_subdag_operator.py
[2025-12-06T04:00:45.814+0500] {processor.py:830} INFO - Processing file /Users/symbat/airflow_local/.venv/lib/python3.11/site-packages/airflow/example_dags/example_subdag_operator.py for tasks to queue
[2025-12-06T04:00:45.814+0500] {logging_mixin.py:188} INFO - [2025-12-06T04:00:45.814+0500] {dagbag.py:545} INFO - Filling up the DagBag from /Users/symbat/airflow_local/.venv/lib/python3.11/site-packages/airflow/example_dags/example_subdag_operator.py
[2025-12-06T04:00:45.863+0500] {processor.py:840} INFO - DAG(s) 'example_subdag_operator.section-1', 'example_subdag_operator.section-2', 'example_subdag_operator' retrieved from /Users/symbat/airflow_local/.venv/lib/python3.11/site-packages/airflow/example_dags/example_subdag_operator.py
[2025-12-06T04:00:45.881+0500] {logging_mixin.py:188} INFO - [2025-12-06T04:00:45.881+0500] {dag.py:3089} INFO - Sync 3 DAGs
[2025-12-06T04:00:45.889+0500] {logging_mixin.py:188} INFO - [2025-12-06T04:00:45.889+0500] {dag.py:3947} INFO - Setting next_dagrun for example_subdag_operator to 2022-01-01 00:00:00+00:00, run_after=2022-01-01 00:00:00+00:00
[2025-12-06T04:00:45.891+0500] {logging_mixin.py:188} INFO - [2025-12-06T04:00:45.890+0500] {dag.py:3947} INFO - Setting next_dagrun for example_subdag_operator.section-1 to None, run_after=None
[2025-12-06T04:00:45.891+0500] {logging_mixin.py:188} INFO - [2025-12-06T04:00:45.891+0500] {dag.py:3947} INFO - Setting next_dagrun for example_subdag_operator.section-2 to None, run_after=None
[2025-12-06T04:00:45.894+0500] {logging_mixin.py:188} INFO - [2025-12-06T04:00:45.894+0500] {dag.py:3089} INFO - Sync 2 DAGs
[2025-12-06T04:00:45.895+0500] {logging_mixin.py:188} INFO - [2025-12-06T04:00:45.895+0500] {dag.py:3947} INFO - Setting next_dagrun for example_subdag_operator.section-1 to None, run_after=None
[2025-12-06T04:00:45.896+0500] {logging_mixin.py:188} INFO - [2025-12-06T04:00:45.896+0500] {dag.py:3947} INFO - Setting next_dagrun for example_subdag_operator.section-2 to None, run_after=None
[2025-12-06T04:00:45.903+0500] {processor.py:183} INFO - Processing /Users/symbat/airflow_local/.venv/lib/python3.11/site-packages/airflow/example_dags/example_subdag_operator.py took 0.092 seconds
[2025-12-06T04:02:22.998+0500] {processor.py:161} INFO - Started process (PID=80642) to work on /Users/symbat/airflow_local/.venv/lib/python3.11/site-packages/airflow/example_dags/example_subdag_operator.py
[2025-12-06T04:02:23.000+0500] {processor.py:830} INFO - Processing file /Users/symbat/airflow_local/.venv/lib/python3.11/site-packages/airflow/example_dags/example_subdag_operator.py for tasks to queue
[2025-12-06T04:02:23.002+0500] {logging_mixin.py:188} INFO - [2025-12-06T04:02:23.002+0500] {dagbag.py:545} INFO - Filling up the DagBag from /Users/symbat/airflow_local/.venv/lib/python3.11/site-packages/airflow/example_dags/example_subdag_operator.py
[2025-12-06T04:02:23.048+0500] {processor.py:840} INFO - DAG(s) 'example_subdag_operator.section-1', 'example_subdag_operator.section-2', 'example_subdag_operator' retrieved from /Users/symbat/airflow_local/.venv/lib/python3.11/site-packages/airflow/example_dags/example_subdag_operator.py
[2025-12-06T04:02:23.065+0500] {logging_mixin.py:188} INFO - [2025-12-06T04:02:23.065+0500] {dag.py:3089} INFO - Sync 3 DAGs
[2025-12-06T04:02:23.073+0500] {logging_mixin.py:188} INFO - [2025-12-06T04:02:23.073+0500] {dag.py:3947} INFO - Setting next_dagrun for example_subdag_operator to 2022-01-01 00:00:00+00:00, run_after=2022-01-01 00:00:00+00:00
[2025-12-06T04:02:23.074+0500] {logging_mixin.py:188} INFO - [2025-12-06T04:02:23.074+0500] {dag.py:3947} INFO - Setting next_dagrun for example_subdag_operator.section-1 to None, run_after=None
[2025-12-06T04:02:23.075+0500] {logging_mixin.py:188} INFO - [2025-12-06T04:02:23.075+0500] {dag.py:3947} INFO - Setting next_dagrun for example_subdag_operator.section-2 to None, run_after=None
[2025-12-06T04:02:23.078+0500] {logging_mixin.py:188} INFO - [2025-12-06T04:02:23.078+0500] {dag.py:3089} INFO - Sync 2 DAGs
[2025-12-06T04:02:23.082+0500] {logging_mixin.py:188} INFO - [2025-12-06T04:02:23.081+0500] {dag.py:3947} INFO - Setting next_dagrun for example_subdag_operator.section-1 to None, run_after=None
[2025-12-06T04:02:23.082+0500] {logging_mixin.py:188} INFO - [2025-12-06T04:02:23.082+0500] {dag.py:3947} INFO - Setting next_dagrun for example_subdag_operator.section-2 to None, run_after=None
[2025-12-06T04:02:23.089+0500] {processor.py:183} INFO - Processing /Users/symbat/airflow_local/.venv/lib/python3.11/site-packages/airflow/example_dags/example_subdag_operator.py took 0.093 seconds
[2025-12-06T04:04:02.170+0500] {processor.py:161} INFO - Started process (PID=80978) to work on /Users/symbat/airflow_local/.venv/lib/python3.11/site-packages/airflow/example_dags/example_subdag_operator.py
[2025-12-06T04:04:02.171+0500] {processor.py:830} INFO - Processing file /Users/symbat/airflow_local/.venv/lib/python3.11/site-packages/airflow/example_dags/example_subdag_operator.py for tasks to queue
[2025-12-06T04:04:02.172+0500] {logging_mixin.py:188} INFO - [2025-12-06T04:04:02.172+0500] {dagbag.py:545} INFO - Filling up the DagBag from /Users/symbat/airflow_local/.venv/lib/python3.11/site-packages/airflow/example_dags/example_subdag_operator.py
[2025-12-06T04:04:02.219+0500] {processor.py:840} INFO - DAG(s) 'example_subdag_operator.section-1', 'example_subdag_operator.section-2', 'example_subdag_operator' retrieved from /Users/symbat/airflow_local/.venv/lib/python3.11/site-packages/airflow/example_dags/example_subdag_operator.py
[2025-12-06T04:04:02.236+0500] {logging_mixin.py:188} INFO - [2025-12-06T04:04:02.236+0500] {dag.py:3089} INFO - Sync 3 DAGs
[2025-12-06T04:04:02.243+0500] {logging_mixin.py:188} INFO - [2025-12-06T04:04:02.243+0500] {dag.py:3947} INFO - Setting next_dagrun for example_subdag_operator to 2022-01-01 00:00:00+00:00, run_after=2022-01-01 00:00:00+00:00
[2025-12-06T04:04:02.245+0500] {logging_mixin.py:188} INFO - [2025-12-06T04:04:02.245+0500] {dag.py:3947} INFO - Setting next_dagrun for example_subdag_operator.section-1 to None, run_after=None
[2025-12-06T04:04:02.245+0500] {logging_mixin.py:188} INFO - [2025-12-06T04:04:02.245+0500] {dag.py:3947} INFO - Setting next_dagrun for example_subdag_operator.section-2 to None, run_after=None
[2025-12-06T04:04:02.248+0500] {logging_mixin.py:188} INFO - [2025-12-06T04:04:02.248+0500] {dag.py:3089} INFO - Sync 2 DAGs
[2025-12-06T04:04:02.249+0500] {logging_mixin.py:188} INFO - [2025-12-06T04:04:02.249+0500] {dag.py:3947} INFO - Setting next_dagrun for example_subdag_operator.section-1 to None, run_after=None
[2025-12-06T04:04:02.249+0500] {logging_mixin.py:188} INFO - [2025-12-06T04:04:02.249+0500] {dag.py:3947} INFO - Setting next_dagrun for example_subdag_operator.section-2 to None, run_after=None
[2025-12-06T04:04:02.255+0500] {processor.py:183} INFO - Processing /Users/symbat/airflow_local/.venv/lib/python3.11/site-packages/airflow/example_dags/example_subdag_operator.py took 0.087 seconds
[2025-12-06T04:05:51.659+0500] {processor.py:161} INFO - Started process (PID=81412) to work on /Users/symbat/airflow_local/.venv/lib/python3.11/site-packages/airflow/example_dags/example_subdag_operator.py
[2025-12-06T04:05:51.660+0500] {processor.py:830} INFO - Processing file /Users/symbat/airflow_local/.venv/lib/python3.11/site-packages/airflow/example_dags/example_subdag_operator.py for tasks to queue
[2025-12-06T04:05:51.660+0500] {logging_mixin.py:188} INFO - [2025-12-06T04:05:51.660+0500] {dagbag.py:545} INFO - Filling up the DagBag from /Users/symbat/airflow_local/.venv/lib/python3.11/site-packages/airflow/example_dags/example_subdag_operator.py
[2025-12-06T04:05:51.707+0500] {processor.py:840} INFO - DAG(s) 'example_subdag_operator.section-1', 'example_subdag_operator.section-2', 'example_subdag_operator' retrieved from /Users/symbat/airflow_local/.venv/lib/python3.11/site-packages/airflow/example_dags/example_subdag_operator.py
[2025-12-06T04:05:51.725+0500] {logging_mixin.py:188} INFO - [2025-12-06T04:05:51.725+0500] {dag.py:3089} INFO - Sync 3 DAGs
[2025-12-06T04:05:51.734+0500] {logging_mixin.py:188} INFO - [2025-12-06T04:05:51.734+0500] {dag.py:3947} INFO - Setting next_dagrun for example_subdag_operator to 2022-01-01 00:00:00+00:00, run_after=2022-01-01 00:00:00+00:00
[2025-12-06T04:05:51.735+0500] {logging_mixin.py:188} INFO - [2025-12-06T04:05:51.735+0500] {dag.py:3947} INFO - Setting next_dagrun for example_subdag_operator.section-1 to None, run_after=None
[2025-12-06T04:05:51.736+0500] {logging_mixin.py:188} INFO - [2025-12-06T04:05:51.736+0500] {dag.py:3947} INFO - Setting next_dagrun for example_subdag_operator.section-2 to None, run_after=None
[2025-12-06T04:05:51.738+0500] {logging_mixin.py:188} INFO - [2025-12-06T04:05:51.738+0500] {dag.py:3089} INFO - Sync 2 DAGs
[2025-12-06T04:05:51.740+0500] {logging_mixin.py:188} INFO - [2025-12-06T04:05:51.740+0500] {dag.py:3947} INFO - Setting next_dagrun for example_subdag_operator.section-1 to None, run_after=None
[2025-12-06T04:05:51.740+0500] {logging_mixin.py:188} INFO - [2025-12-06T04:05:51.740+0500] {dag.py:3947} INFO - Setting next_dagrun for example_subdag_operator.section-2 to None, run_after=None
[2025-12-06T04:05:51.748+0500] {processor.py:183} INFO - Processing /Users/symbat/airflow_local/.venv/lib/python3.11/site-packages/airflow/example_dags/example_subdag_operator.py took 0.091 seconds
[2025-12-06T04:07:30.447+0500] {processor.py:161} INFO - Started process (PID=81542) to work on /Users/symbat/airflow_local/.venv/lib/python3.11/site-packages/airflow/example_dags/example_subdag_operator.py
[2025-12-06T04:07:30.448+0500] {processor.py:830} INFO - Processing file /Users/symbat/airflow_local/.venv/lib/python3.11/site-packages/airflow/example_dags/example_subdag_operator.py for tasks to queue
[2025-12-06T04:07:30.449+0500] {logging_mixin.py:188} INFO - [2025-12-06T04:07:30.449+0500] {dagbag.py:545} INFO - Filling up the DagBag from /Users/symbat/airflow_local/.venv/lib/python3.11/site-packages/airflow/example_dags/example_subdag_operator.py
[2025-12-06T04:07:30.511+0500] {processor.py:840} INFO - DAG(s) 'example_subdag_operator.section-1', 'example_subdag_operator.section-2', 'example_subdag_operator' retrieved from /Users/symbat/airflow_local/.venv/lib/python3.11/site-packages/airflow/example_dags/example_subdag_operator.py
[2025-12-06T04:07:30.529+0500] {logging_mixin.py:188} INFO - [2025-12-06T04:07:30.529+0500] {dag.py:3089} INFO - Sync 3 DAGs
[2025-12-06T04:07:30.539+0500] {logging_mixin.py:188} INFO - [2025-12-06T04:07:30.539+0500] {dag.py:3947} INFO - Setting next_dagrun for example_subdag_operator to 2022-01-01 00:00:00+00:00, run_after=2022-01-01 00:00:00+00:00
[2025-12-06T04:07:30.542+0500] {logging_mixin.py:188} INFO - [2025-12-06T04:07:30.541+0500] {dag.py:3947} INFO - Setting next_dagrun for example_subdag_operator.section-1 to None, run_after=None
[2025-12-06T04:07:30.543+0500] {logging_mixin.py:188} INFO - [2025-12-06T04:07:30.542+0500] {dag.py:3947} INFO - Setting next_dagrun for example_subdag_operator.section-2 to None, run_after=None
[2025-12-06T04:07:30.548+0500] {logging_mixin.py:188} INFO - [2025-12-06T04:07:30.547+0500] {dag.py:3089} INFO - Sync 2 DAGs
[2025-12-06T04:07:30.550+0500] {logging_mixin.py:188} INFO - [2025-12-06T04:07:30.549+0500] {dag.py:3947} INFO - Setting next_dagrun for example_subdag_operator.section-1 to None, run_after=None
[2025-12-06T04:07:30.550+0500] {logging_mixin.py:188} INFO - [2025-12-06T04:07:30.550+0500] {dag.py:3947} INFO - Setting next_dagrun for example_subdag_operator.section-2 to None, run_after=None
[2025-12-06T04:07:30.557+0500] {processor.py:183} INFO - Processing /Users/symbat/airflow_local/.venv/lib/python3.11/site-packages/airflow/example_dags/example_subdag_operator.py took 0.112 seconds
[2025-12-06T04:09:15.528+0500] {processor.py:161} INFO - Started process (PID=81678) to work on /Users/symbat/airflow_local/.venv/lib/python3.11/site-packages/airflow/example_dags/example_subdag_operator.py
[2025-12-06T04:09:15.529+0500] {processor.py:830} INFO - Processing file /Users/symbat/airflow_local/.venv/lib/python3.11/site-packages/airflow/example_dags/example_subdag_operator.py for tasks to queue
[2025-12-06T04:09:15.529+0500] {logging_mixin.py:188} INFO - [2025-12-06T04:09:15.529+0500] {dagbag.py:545} INFO - Filling up the DagBag from /Users/symbat/airflow_local/.venv/lib/python3.11/site-packages/airflow/example_dags/example_subdag_operator.py
[2025-12-06T04:09:15.622+0500] {processor.py:840} INFO - DAG(s) 'example_subdag_operator.section-1', 'example_subdag_operator.section-2', 'example_subdag_operator' retrieved from /Users/symbat/airflow_local/.venv/lib/python3.11/site-packages/airflow/example_dags/example_subdag_operator.py
[2025-12-06T04:09:15.644+0500] {logging_mixin.py:188} INFO - [2025-12-06T04:09:15.644+0500] {dag.py:3089} INFO - Sync 3 DAGs
[2025-12-06T04:09:15.656+0500] {logging_mixin.py:188} INFO - [2025-12-06T04:09:15.656+0500] {dag.py:3947} INFO - Setting next_dagrun for example_subdag_operator to 2022-01-01 00:00:00+00:00, run_after=2022-01-01 00:00:00+00:00
[2025-12-06T04:09:15.659+0500] {logging_mixin.py:188} INFO - [2025-12-06T04:09:15.659+0500] {dag.py:3947} INFO - Setting next_dagrun for example_subdag_operator.section-1 to None, run_after=None
[2025-12-06T04:09:15.660+0500] {logging_mixin.py:188} INFO - [2025-12-06T04:09:15.660+0500] {dag.py:3947} INFO - Setting next_dagrun for example_subdag_operator.section-2 to None, run_after=None
[2025-12-06T04:09:15.663+0500] {logging_mixin.py:188} INFO - [2025-12-06T04:09:15.663+0500] {dag.py:3089} INFO - Sync 2 DAGs
[2025-12-06T04:09:15.665+0500] {logging_mixin.py:188} INFO - [2025-12-06T04:09:15.665+0500] {dag.py:3947} INFO - Setting next_dagrun for example_subdag_operator.section-1 to None, run_after=None
[2025-12-06T04:09:15.666+0500] {logging_mixin.py:188} INFO - [2025-12-06T04:09:15.665+0500] {dag.py:3947} INFO - Setting next_dagrun for example_subdag_operator.section-2 to None, run_after=None
[2025-12-06T04:09:15.680+0500] {processor.py:183} INFO - Processing /Users/symbat/airflow_local/.venv/lib/python3.11/site-packages/airflow/example_dags/example_subdag_operator.py took 0.158 seconds
[2025-12-06T04:10:58.331+0500] {processor.py:161} INFO - Started process (PID=81795) to work on /Users/symbat/airflow_local/.venv/lib/python3.11/site-packages/airflow/example_dags/example_subdag_operator.py
[2025-12-06T04:10:58.333+0500] {processor.py:830} INFO - Processing file /Users/symbat/airflow_local/.venv/lib/python3.11/site-packages/airflow/example_dags/example_subdag_operator.py for tasks to queue
[2025-12-06T04:10:58.334+0500] {logging_mixin.py:188} INFO - [2025-12-06T04:10:58.333+0500] {dagbag.py:545} INFO - Filling up the DagBag from /Users/symbat/airflow_local/.venv/lib/python3.11/site-packages/airflow/example_dags/example_subdag_operator.py
[2025-12-06T04:10:58.400+0500] {processor.py:840} INFO - DAG(s) 'example_subdag_operator.section-1', 'example_subdag_operator.section-2', 'example_subdag_operator' retrieved from /Users/symbat/airflow_local/.venv/lib/python3.11/site-packages/airflow/example_dags/example_subdag_operator.py
[2025-12-06T04:10:58.421+0500] {logging_mixin.py:188} INFO - [2025-12-06T04:10:58.420+0500] {dag.py:3089} INFO - Sync 3 DAGs
[2025-12-06T04:10:58.429+0500] {logging_mixin.py:188} INFO - [2025-12-06T04:10:58.429+0500] {dag.py:3947} INFO - Setting next_dagrun for example_subdag_operator to 2022-01-01 00:00:00+00:00, run_after=2022-01-01 00:00:00+00:00
[2025-12-06T04:10:58.430+0500] {logging_mixin.py:188} INFO - [2025-12-06T04:10:58.430+0500] {dag.py:3947} INFO - Setting next_dagrun for example_subdag_operator.section-1 to None, run_after=None
[2025-12-06T04:10:58.431+0500] {logging_mixin.py:188} INFO - [2025-12-06T04:10:58.431+0500] {dag.py:3947} INFO - Setting next_dagrun for example_subdag_operator.section-2 to None, run_after=None
[2025-12-06T04:10:58.435+0500] {logging_mixin.py:188} INFO - [2025-12-06T04:10:58.435+0500] {dag.py:3089} INFO - Sync 2 DAGs
[2025-12-06T04:10:58.437+0500] {logging_mixin.py:188} INFO - [2025-12-06T04:10:58.437+0500] {dag.py:3947} INFO - Setting next_dagrun for example_subdag_operator.section-1 to None, run_after=None
[2025-12-06T04:10:58.437+0500] {logging_mixin.py:188} INFO - [2025-12-06T04:10:58.437+0500] {dag.py:3947} INFO - Setting next_dagrun for example_subdag_operator.section-2 to None, run_after=None
[2025-12-06T04:10:58.443+0500] {processor.py:183} INFO - Processing /Users/symbat/airflow_local/.venv/lib/python3.11/site-packages/airflow/example_dags/example_subdag_operator.py took 0.116 seconds
[2025-12-06T04:12:34.733+0500] {processor.py:161} INFO - Started process (PID=81930) to work on /Users/symbat/airflow_local/.venv/lib/python3.11/site-packages/airflow/example_dags/example_subdag_operator.py
[2025-12-06T04:12:34.734+0500] {processor.py:830} INFO - Processing file /Users/symbat/airflow_local/.venv/lib/python3.11/site-packages/airflow/example_dags/example_subdag_operator.py for tasks to queue
[2025-12-06T04:12:34.734+0500] {logging_mixin.py:188} INFO - [2025-12-06T04:12:34.734+0500] {dagbag.py:545} INFO - Filling up the DagBag from /Users/symbat/airflow_local/.venv/lib/python3.11/site-packages/airflow/example_dags/example_subdag_operator.py
[2025-12-06T04:12:34.783+0500] {processor.py:840} INFO - DAG(s) 'example_subdag_operator.section-1', 'example_subdag_operator.section-2', 'example_subdag_operator' retrieved from /Users/symbat/airflow_local/.venv/lib/python3.11/site-packages/airflow/example_dags/example_subdag_operator.py
[2025-12-06T04:12:34.805+0500] {logging_mixin.py:188} INFO - [2025-12-06T04:12:34.805+0500] {dag.py:3089} INFO - Sync 3 DAGs
[2025-12-06T04:12:34.814+0500] {logging_mixin.py:188} INFO - [2025-12-06T04:12:34.813+0500] {dag.py:3947} INFO - Setting next_dagrun for example_subdag_operator to 2022-01-01 00:00:00+00:00, run_after=2022-01-01 00:00:00+00:00
[2025-12-06T04:12:34.815+0500] {logging_mixin.py:188} INFO - [2025-12-06T04:12:34.815+0500] {dag.py:3947} INFO - Setting next_dagrun for example_subdag_operator.section-1 to None, run_after=None
[2025-12-06T04:12:34.815+0500] {logging_mixin.py:188} INFO - [2025-12-06T04:12:34.815+0500] {dag.py:3947} INFO - Setting next_dagrun for example_subdag_operator.section-2 to None, run_after=None
[2025-12-06T04:12:34.819+0500] {logging_mixin.py:188} INFO - [2025-12-06T04:12:34.818+0500] {dag.py:3089} INFO - Sync 2 DAGs
[2025-12-06T04:12:34.820+0500] {logging_mixin.py:188} INFO - [2025-12-06T04:12:34.820+0500] {dag.py:3947} INFO - Setting next_dagrun for example_subdag_operator.section-1 to None, run_after=None
[2025-12-06T04:12:34.821+0500] {logging_mixin.py:188} INFO - [2025-12-06T04:12:34.820+0500] {dag.py:3947} INFO - Setting next_dagrun for example_subdag_operator.section-2 to None, run_after=None
[2025-12-06T04:12:34.827+0500] {processor.py:183} INFO - Processing /Users/symbat/airflow_local/.venv/lib/python3.11/site-packages/airflow/example_dags/example_subdag_operator.py took 0.096 seconds
[2025-12-06T04:14:17.071+0500] {processor.py:161} INFO - Started process (PID=82086) to work on /Users/symbat/airflow_local/.venv/lib/python3.11/site-packages/airflow/example_dags/example_subdag_operator.py
[2025-12-06T04:14:17.072+0500] {processor.py:830} INFO - Processing file /Users/symbat/airflow_local/.venv/lib/python3.11/site-packages/airflow/example_dags/example_subdag_operator.py for tasks to queue
[2025-12-06T04:14:17.072+0500] {logging_mixin.py:188} INFO - [2025-12-06T04:14:17.072+0500] {dagbag.py:545} INFO - Filling up the DagBag from /Users/symbat/airflow_local/.venv/lib/python3.11/site-packages/airflow/example_dags/example_subdag_operator.py
[2025-12-06T04:14:17.130+0500] {processor.py:840} INFO - DAG(s) 'example_subdag_operator.section-1', 'example_subdag_operator.section-2', 'example_subdag_operator' retrieved from /Users/symbat/airflow_local/.venv/lib/python3.11/site-packages/airflow/example_dags/example_subdag_operator.py
[2025-12-06T04:14:17.149+0500] {logging_mixin.py:188} INFO - [2025-12-06T04:14:17.149+0500] {dag.py:3089} INFO - Sync 3 DAGs
[2025-12-06T04:14:17.158+0500] {logging_mixin.py:188} INFO - [2025-12-06T04:14:17.157+0500] {dag.py:3947} INFO - Setting next_dagrun for example_subdag_operator to 2022-01-01 00:00:00+00:00, run_after=2022-01-01 00:00:00+00:00
[2025-12-06T04:14:17.159+0500] {logging_mixin.py:188} INFO - [2025-12-06T04:14:17.159+0500] {dag.py:3947} INFO - Setting next_dagrun for example_subdag_operator.section-1 to None, run_after=None
[2025-12-06T04:14:17.159+0500] {logging_mixin.py:188} INFO - [2025-12-06T04:14:17.159+0500] {dag.py:3947} INFO - Setting next_dagrun for example_subdag_operator.section-2 to None, run_after=None
[2025-12-06T04:14:17.162+0500] {logging_mixin.py:188} INFO - [2025-12-06T04:14:17.162+0500] {dag.py:3089} INFO - Sync 2 DAGs
[2025-12-06T04:14:17.164+0500] {logging_mixin.py:188} INFO - [2025-12-06T04:14:17.164+0500] {dag.py:3947} INFO - Setting next_dagrun for example_subdag_operator.section-1 to None, run_after=None
[2025-12-06T04:14:17.164+0500] {logging_mixin.py:188} INFO - [2025-12-06T04:14:17.164+0500] {dag.py:3947} INFO - Setting next_dagrun for example_subdag_operator.section-2 to None, run_after=None
[2025-12-06T04:14:17.171+0500] {processor.py:183} INFO - Processing /Users/symbat/airflow_local/.venv/lib/python3.11/site-packages/airflow/example_dags/example_subdag_operator.py took 0.103 seconds
[2025-12-06T04:15:55.061+0500] {processor.py:161} INFO - Started process (PID=82228) to work on /Users/symbat/airflow_local/.venv/lib/python3.11/site-packages/airflow/example_dags/example_subdag_operator.py
[2025-12-06T04:15:55.062+0500] {processor.py:830} INFO - Processing file /Users/symbat/airflow_local/.venv/lib/python3.11/site-packages/airflow/example_dags/example_subdag_operator.py for tasks to queue
[2025-12-06T04:15:55.062+0500] {logging_mixin.py:188} INFO - [2025-12-06T04:15:55.062+0500] {dagbag.py:545} INFO - Filling up the DagBag from /Users/symbat/airflow_local/.venv/lib/python3.11/site-packages/airflow/example_dags/example_subdag_operator.py
[2025-12-06T04:15:55.110+0500] {processor.py:840} INFO - DAG(s) 'example_subdag_operator.section-1', 'example_subdag_operator.section-2', 'example_subdag_operator' retrieved from /Users/symbat/airflow_local/.venv/lib/python3.11/site-packages/airflow/example_dags/example_subdag_operator.py
[2025-12-06T04:15:55.130+0500] {logging_mixin.py:188} INFO - [2025-12-06T04:15:55.130+0500] {dag.py:3089} INFO - Sync 3 DAGs
[2025-12-06T04:15:55.139+0500] {logging_mixin.py:188} INFO - [2025-12-06T04:15:55.139+0500] {dag.py:3947} INFO - Setting next_dagrun for example_subdag_operator to 2022-01-01 00:00:00+00:00, run_after=2022-01-01 00:00:00+00:00
[2025-12-06T04:15:55.140+0500] {logging_mixin.py:188} INFO - [2025-12-06T04:15:55.140+0500] {dag.py:3947} INFO - Setting next_dagrun for example_subdag_operator.section-1 to None, run_after=None
[2025-12-06T04:15:55.141+0500] {logging_mixin.py:188} INFO - [2025-12-06T04:15:55.141+0500] {dag.py:3947} INFO - Setting next_dagrun for example_subdag_operator.section-2 to None, run_after=None
[2025-12-06T04:15:55.144+0500] {logging_mixin.py:188} INFO - [2025-12-06T04:15:55.144+0500] {dag.py:3089} INFO - Sync 2 DAGs
[2025-12-06T04:15:55.146+0500] {logging_mixin.py:188} INFO - [2025-12-06T04:15:55.146+0500] {dag.py:3947} INFO - Setting next_dagrun for example_subdag_operator.section-1 to None, run_after=None
[2025-12-06T04:15:55.146+0500] {logging_mixin.py:188} INFO - [2025-12-06T04:15:55.146+0500] {dag.py:3947} INFO - Setting next_dagrun for example_subdag_operator.section-2 to None, run_after=None
[2025-12-06T04:15:55.152+0500] {processor.py:183} INFO - Processing /Users/symbat/airflow_local/.venv/lib/python3.11/site-packages/airflow/example_dags/example_subdag_operator.py took 0.094 seconds
[2025-12-06T04:17:30.509+0500] {processor.py:161} INFO - Started process (PID=82332) to work on /Users/symbat/airflow_local/.venv/lib/python3.11/site-packages/airflow/example_dags/example_subdag_operator.py
[2025-12-06T04:17:30.512+0500] {processor.py:830} INFO - Processing file /Users/symbat/airflow_local/.venv/lib/python3.11/site-packages/airflow/example_dags/example_subdag_operator.py for tasks to queue
[2025-12-06T04:17:30.513+0500] {logging_mixin.py:188} INFO - [2025-12-06T04:17:30.512+0500] {dagbag.py:545} INFO - Filling up the DagBag from /Users/symbat/airflow_local/.venv/lib/python3.11/site-packages/airflow/example_dags/example_subdag_operator.py
[2025-12-06T04:17:30.596+0500] {processor.py:840} INFO - DAG(s) 'example_subdag_operator.section-1', 'example_subdag_operator.section-2', 'example_subdag_operator' retrieved from /Users/symbat/airflow_local/.venv/lib/python3.11/site-packages/airflow/example_dags/example_subdag_operator.py
[2025-12-06T04:17:30.622+0500] {logging_mixin.py:188} INFO - [2025-12-06T04:17:30.622+0500] {dag.py:3089} INFO - Sync 3 DAGs
[2025-12-06T04:17:30.630+0500] {logging_mixin.py:188} INFO - [2025-12-06T04:17:30.630+0500] {dag.py:3947} INFO - Setting next_dagrun for example_subdag_operator to 2022-01-01 00:00:00+00:00, run_after=2022-01-01 00:00:00+00:00
[2025-12-06T04:17:30.633+0500] {logging_mixin.py:188} INFO - [2025-12-06T04:17:30.633+0500] {dag.py:3947} INFO - Setting next_dagrun for example_subdag_operator.section-1 to None, run_after=None
[2025-12-06T04:17:30.634+0500] {logging_mixin.py:188} INFO - [2025-12-06T04:17:30.634+0500] {dag.py:3947} INFO - Setting next_dagrun for example_subdag_operator.section-2 to None, run_after=None
[2025-12-06T04:17:30.639+0500] {logging_mixin.py:188} INFO - [2025-12-06T04:17:30.638+0500] {dag.py:3089} INFO - Sync 2 DAGs
[2025-12-06T04:17:30.641+0500] {logging_mixin.py:188} INFO - [2025-12-06T04:17:30.641+0500] {dag.py:3947} INFO - Setting next_dagrun for example_subdag_operator.section-1 to None, run_after=None
[2025-12-06T04:17:30.641+0500] {logging_mixin.py:188} INFO - [2025-12-06T04:17:30.641+0500] {dag.py:3947} INFO - Setting next_dagrun for example_subdag_operator.section-2 to None, run_after=None
[2025-12-06T04:17:30.653+0500] {processor.py:183} INFO - Processing /Users/symbat/airflow_local/.venv/lib/python3.11/site-packages/airflow/example_dags/example_subdag_operator.py took 0.147 seconds
[2025-12-06T04:19:06.753+0500] {processor.py:161} INFO - Started process (PID=82442) to work on /Users/symbat/airflow_local/.venv/lib/python3.11/site-packages/airflow/example_dags/example_subdag_operator.py
[2025-12-06T04:19:06.754+0500] {processor.py:830} INFO - Processing file /Users/symbat/airflow_local/.venv/lib/python3.11/site-packages/airflow/example_dags/example_subdag_operator.py for tasks to queue
[2025-12-06T04:19:06.754+0500] {logging_mixin.py:188} INFO - [2025-12-06T04:19:06.754+0500] {dagbag.py:545} INFO - Filling up the DagBag from /Users/symbat/airflow_local/.venv/lib/python3.11/site-packages/airflow/example_dags/example_subdag_operator.py
[2025-12-06T04:19:06.819+0500] {processor.py:840} INFO - DAG(s) 'example_subdag_operator.section-1', 'example_subdag_operator.section-2', 'example_subdag_operator' retrieved from /Users/symbat/airflow_local/.venv/lib/python3.11/site-packages/airflow/example_dags/example_subdag_operator.py
[2025-12-06T04:19:06.842+0500] {logging_mixin.py:188} INFO - [2025-12-06T04:19:06.842+0500] {dag.py:3089} INFO - Sync 3 DAGs
[2025-12-06T04:19:06.850+0500] {logging_mixin.py:188} INFO - [2025-12-06T04:19:06.850+0500] {dag.py:3947} INFO - Setting next_dagrun for example_subdag_operator to 2022-01-01 00:00:00+00:00, run_after=2022-01-01 00:00:00+00:00
[2025-12-06T04:19:06.851+0500] {logging_mixin.py:188} INFO - [2025-12-06T04:19:06.851+0500] {dag.py:3947} INFO - Setting next_dagrun for example_subdag_operator.section-1 to None, run_after=None
[2025-12-06T04:19:06.852+0500] {logging_mixin.py:188} INFO - [2025-12-06T04:19:06.852+0500] {dag.py:3947} INFO - Setting next_dagrun for example_subdag_operator.section-2 to None, run_after=None
[2025-12-06T04:19:06.854+0500] {logging_mixin.py:188} INFO - [2025-12-06T04:19:06.854+0500] {dag.py:3089} INFO - Sync 2 DAGs
[2025-12-06T04:19:06.856+0500] {logging_mixin.py:188} INFO - [2025-12-06T04:19:06.856+0500] {dag.py:3947} INFO - Setting next_dagrun for example_subdag_operator.section-1 to None, run_after=None
[2025-12-06T04:19:06.857+0500] {logging_mixin.py:188} INFO - [2025-12-06T04:19:06.856+0500] {dag.py:3947} INFO - Setting next_dagrun for example_subdag_operator.section-2 to None, run_after=None
[2025-12-06T04:19:06.863+0500] {processor.py:183} INFO - Processing /Users/symbat/airflow_local/.venv/lib/python3.11/site-packages/airflow/example_dags/example_subdag_operator.py took 0.112 seconds
[2025-12-06T04:20:35.968+0500] {processor.py:161} INFO - Started process (PID=82524) to work on /Users/symbat/airflow_local/.venv/lib/python3.11/site-packages/airflow/example_dags/example_subdag_operator.py
[2025-12-06T04:20:35.970+0500] {processor.py:830} INFO - Processing file /Users/symbat/airflow_local/.venv/lib/python3.11/site-packages/airflow/example_dags/example_subdag_operator.py for tasks to queue
[2025-12-06T04:20:35.971+0500] {logging_mixin.py:188} INFO - [2025-12-06T04:20:35.970+0500] {dagbag.py:545} INFO - Filling up the DagBag from /Users/symbat/airflow_local/.venv/lib/python3.11/site-packages/airflow/example_dags/example_subdag_operator.py
[2025-12-06T04:20:36.018+0500] {processor.py:840} INFO - DAG(s) 'example_subdag_operator.section-1', 'example_subdag_operator.section-2', 'example_subdag_operator' retrieved from /Users/symbat/airflow_local/.venv/lib/python3.11/site-packages/airflow/example_dags/example_subdag_operator.py
[2025-12-06T04:20:36.034+0500] {logging_mixin.py:188} INFO - [2025-12-06T04:20:36.034+0500] {dag.py:3089} INFO - Sync 3 DAGs
[2025-12-06T04:20:36.046+0500] {logging_mixin.py:188} INFO - [2025-12-06T04:20:36.046+0500] {dag.py:3947} INFO - Setting next_dagrun for example_subdag_operator to 2022-01-01 00:00:00+00:00, run_after=2022-01-01 00:00:00+00:00
[2025-12-06T04:20:36.047+0500] {logging_mixin.py:188} INFO - [2025-12-06T04:20:36.047+0500] {dag.py:3947} INFO - Setting next_dagrun for example_subdag_operator.section-1 to None, run_after=None
[2025-12-06T04:20:36.048+0500] {logging_mixin.py:188} INFO - [2025-12-06T04:20:36.048+0500] {dag.py:3947} INFO - Setting next_dagrun for example_subdag_operator.section-2 to None, run_after=None
[2025-12-06T04:20:36.050+0500] {logging_mixin.py:188} INFO - [2025-12-06T04:20:36.050+0500] {dag.py:3089} INFO - Sync 2 DAGs
[2025-12-06T04:20:36.052+0500] {logging_mixin.py:188} INFO - [2025-12-06T04:20:36.052+0500] {dag.py:3947} INFO - Setting next_dagrun for example_subdag_operator.section-1 to None, run_after=None
[2025-12-06T04:20:36.052+0500] {logging_mixin.py:188} INFO - [2025-12-06T04:20:36.052+0500] {dag.py:3947} INFO - Setting next_dagrun for example_subdag_operator.section-2 to None, run_after=None
[2025-12-06T04:20:36.059+0500] {processor.py:183} INFO - Processing /Users/symbat/airflow_local/.venv/lib/python3.11/site-packages/airflow/example_dags/example_subdag_operator.py took 0.092 seconds
[2025-12-06T04:22:04.658+0500] {processor.py:161} INFO - Started process (PID=82629) to work on /Users/symbat/airflow_local/.venv/lib/python3.11/site-packages/airflow/example_dags/example_subdag_operator.py
[2025-12-06T04:22:04.659+0500] {processor.py:830} INFO - Processing file /Users/symbat/airflow_local/.venv/lib/python3.11/site-packages/airflow/example_dags/example_subdag_operator.py for tasks to queue
[2025-12-06T04:22:04.659+0500] {logging_mixin.py:188} INFO - [2025-12-06T04:22:04.659+0500] {dagbag.py:545} INFO - Filling up the DagBag from /Users/symbat/airflow_local/.venv/lib/python3.11/site-packages/airflow/example_dags/example_subdag_operator.py
[2025-12-06T04:22:04.706+0500] {processor.py:840} INFO - DAG(s) 'example_subdag_operator.section-1', 'example_subdag_operator.section-2', 'example_subdag_operator' retrieved from /Users/symbat/airflow_local/.venv/lib/python3.11/site-packages/airflow/example_dags/example_subdag_operator.py
[2025-12-06T04:22:04.726+0500] {logging_mixin.py:188} INFO - [2025-12-06T04:22:04.726+0500] {dag.py:3089} INFO - Sync 3 DAGs
[2025-12-06T04:22:04.735+0500] {logging_mixin.py:188} INFO - [2025-12-06T04:22:04.735+0500] {dag.py:3947} INFO - Setting next_dagrun for example_subdag_operator to 2022-01-01 00:00:00+00:00, run_after=2022-01-01 00:00:00+00:00
[2025-12-06T04:22:04.736+0500] {logging_mixin.py:188} INFO - [2025-12-06T04:22:04.736+0500] {dag.py:3947} INFO - Setting next_dagrun for example_subdag_operator.section-1 to None, run_after=None
[2025-12-06T04:22:04.737+0500] {logging_mixin.py:188} INFO - [2025-12-06T04:22:04.737+0500] {dag.py:3947} INFO - Setting next_dagrun for example_subdag_operator.section-2 to None, run_after=None
[2025-12-06T04:22:04.740+0500] {logging_mixin.py:188} INFO - [2025-12-06T04:22:04.739+0500] {dag.py:3089} INFO - Sync 2 DAGs
[2025-12-06T04:22:04.741+0500] {logging_mixin.py:188} INFO - [2025-12-06T04:22:04.741+0500] {dag.py:3947} INFO - Setting next_dagrun for example_subdag_operator.section-1 to None, run_after=None
[2025-12-06T04:22:04.741+0500] {logging_mixin.py:188} INFO - [2025-12-06T04:22:04.741+0500] {dag.py:3947} INFO - Setting next_dagrun for example_subdag_operator.section-2 to None, run_after=None
[2025-12-06T04:22:04.747+0500] {processor.py:183} INFO - Processing /Users/symbat/airflow_local/.venv/lib/python3.11/site-packages/airflow/example_dags/example_subdag_operator.py took 0.092 seconds
[2025-12-06T04:23:26.661+0500] {processor.py:161} INFO - Started process (PID=82731) to work on /Users/symbat/airflow_local/.venv/lib/python3.11/site-packages/airflow/example_dags/example_subdag_operator.py
[2025-12-06T04:23:26.662+0500] {processor.py:830} INFO - Processing file /Users/symbat/airflow_local/.venv/lib/python3.11/site-packages/airflow/example_dags/example_subdag_operator.py for tasks to queue
[2025-12-06T04:23:26.663+0500] {logging_mixin.py:188} INFO - [2025-12-06T04:23:26.662+0500] {dagbag.py:545} INFO - Filling up the DagBag from /Users/symbat/airflow_local/.venv/lib/python3.11/site-packages/airflow/example_dags/example_subdag_operator.py
[2025-12-06T04:23:26.716+0500] {processor.py:840} INFO - DAG(s) 'example_subdag_operator.section-1', 'example_subdag_operator.section-2', 'example_subdag_operator' retrieved from /Users/symbat/airflow_local/.venv/lib/python3.11/site-packages/airflow/example_dags/example_subdag_operator.py
[2025-12-06T04:23:26.737+0500] {logging_mixin.py:188} INFO - [2025-12-06T04:23:26.737+0500] {dag.py:3089} INFO - Sync 3 DAGs
[2025-12-06T04:23:26.749+0500] {logging_mixin.py:188} INFO - [2025-12-06T04:23:26.748+0500] {dag.py:3947} INFO - Setting next_dagrun for example_subdag_operator to 2022-01-01 00:00:00+00:00, run_after=2022-01-01 00:00:00+00:00
[2025-12-06T04:23:26.750+0500] {logging_mixin.py:188} INFO - [2025-12-06T04:23:26.750+0500] {dag.py:3947} INFO - Setting next_dagrun for example_subdag_operator.section-1 to None, run_after=None
[2025-12-06T04:23:26.751+0500] {logging_mixin.py:188} INFO - [2025-12-06T04:23:26.750+0500] {dag.py:3947} INFO - Setting next_dagrun for example_subdag_operator.section-2 to None, run_after=None
[2025-12-06T04:23:26.754+0500] {logging_mixin.py:188} INFO - [2025-12-06T04:23:26.754+0500] {dag.py:3089} INFO - Sync 2 DAGs
[2025-12-06T04:23:26.756+0500] {logging_mixin.py:188} INFO - [2025-12-06T04:23:26.756+0500] {dag.py:3947} INFO - Setting next_dagrun for example_subdag_operator.section-1 to None, run_after=None
[2025-12-06T04:23:26.756+0500] {logging_mixin.py:188} INFO - [2025-12-06T04:23:26.756+0500] {dag.py:3947} INFO - Setting next_dagrun for example_subdag_operator.section-2 to None, run_after=None
[2025-12-06T04:23:26.763+0500] {processor.py:183} INFO - Processing /Users/symbat/airflow_local/.venv/lib/python3.11/site-packages/airflow/example_dags/example_subdag_operator.py took 0.104 seconds
[2025-12-06T04:24:59.336+0500] {processor.py:161} INFO - Started process (PID=82825) to work on /Users/symbat/airflow_local/.venv/lib/python3.11/site-packages/airflow/example_dags/example_subdag_operator.py
[2025-12-06T04:24:59.337+0500] {processor.py:830} INFO - Processing file /Users/symbat/airflow_local/.venv/lib/python3.11/site-packages/airflow/example_dags/example_subdag_operator.py for tasks to queue
[2025-12-06T04:24:59.338+0500] {logging_mixin.py:188} INFO - [2025-12-06T04:24:59.338+0500] {dagbag.py:545} INFO - Filling up the DagBag from /Users/symbat/airflow_local/.venv/lib/python3.11/site-packages/airflow/example_dags/example_subdag_operator.py
[2025-12-06T04:24:59.400+0500] {processor.py:840} INFO - DAG(s) 'example_subdag_operator.section-1', 'example_subdag_operator.section-2', 'example_subdag_operator' retrieved from /Users/symbat/airflow_local/.venv/lib/python3.11/site-packages/airflow/example_dags/example_subdag_operator.py
[2025-12-06T04:24:59.420+0500] {logging_mixin.py:188} INFO - [2025-12-06T04:24:59.420+0500] {dag.py:3089} INFO - Sync 3 DAGs
[2025-12-06T04:24:59.432+0500] {logging_mixin.py:188} INFO - [2025-12-06T04:24:59.432+0500] {dag.py:3947} INFO - Setting next_dagrun for example_subdag_operator to 2022-01-01 00:00:00+00:00, run_after=2022-01-01 00:00:00+00:00
[2025-12-06T04:24:59.435+0500] {logging_mixin.py:188} INFO - [2025-12-06T04:24:59.435+0500] {dag.py:3947} INFO - Setting next_dagrun for example_subdag_operator.section-1 to None, run_after=None
[2025-12-06T04:24:59.435+0500] {logging_mixin.py:188} INFO - [2025-12-06T04:24:59.435+0500] {dag.py:3947} INFO - Setting next_dagrun for example_subdag_operator.section-2 to None, run_after=None
[2025-12-06T04:24:59.438+0500] {logging_mixin.py:188} INFO - [2025-12-06T04:24:59.438+0500] {dag.py:3089} INFO - Sync 2 DAGs
[2025-12-06T04:24:59.440+0500] {logging_mixin.py:188} INFO - [2025-12-06T04:24:59.440+0500] {dag.py:3947} INFO - Setting next_dagrun for example_subdag_operator.section-1 to None, run_after=None
[2025-12-06T04:24:59.440+0500] {logging_mixin.py:188} INFO - [2025-12-06T04:24:59.440+0500] {dag.py:3947} INFO - Setting next_dagrun for example_subdag_operator.section-2 to None, run_after=None
[2025-12-06T04:24:59.448+0500] {processor.py:183} INFO - Processing /Users/symbat/airflow_local/.venv/lib/python3.11/site-packages/airflow/example_dags/example_subdag_operator.py took 0.115 seconds
[2025-12-06T04:26:44.360+0500] {processor.py:161} INFO - Started process (PID=83242) to work on /Users/symbat/airflow_local/.venv/lib/python3.11/site-packages/airflow/example_dags/example_subdag_operator.py
[2025-12-06T04:26:44.361+0500] {processor.py:830} INFO - Processing file /Users/symbat/airflow_local/.venv/lib/python3.11/site-packages/airflow/example_dags/example_subdag_operator.py for tasks to queue
[2025-12-06T04:26:44.362+0500] {logging_mixin.py:188} INFO - [2025-12-06T04:26:44.362+0500] {dagbag.py:545} INFO - Filling up the DagBag from /Users/symbat/airflow_local/.venv/lib/python3.11/site-packages/airflow/example_dags/example_subdag_operator.py
[2025-12-06T04:26:44.448+0500] {processor.py:840} INFO - DAG(s) 'example_subdag_operator.section-1', 'example_subdag_operator.section-2', 'example_subdag_operator' retrieved from /Users/symbat/airflow_local/.venv/lib/python3.11/site-packages/airflow/example_dags/example_subdag_operator.py
[2025-12-06T04:26:44.477+0500] {logging_mixin.py:188} INFO - [2025-12-06T04:26:44.477+0500] {dag.py:3089} INFO - Sync 3 DAGs
[2025-12-06T04:26:44.490+0500] {logging_mixin.py:188} INFO - [2025-12-06T04:26:44.490+0500] {dag.py:3947} INFO - Setting next_dagrun for example_subdag_operator to 2022-01-01 00:00:00+00:00, run_after=2022-01-01 00:00:00+00:00
[2025-12-06T04:26:44.492+0500] {logging_mixin.py:188} INFO - [2025-12-06T04:26:44.492+0500] {dag.py:3947} INFO - Setting next_dagrun for example_subdag_operator.section-1 to None, run_after=None
[2025-12-06T04:26:44.493+0500] {logging_mixin.py:188} INFO - [2025-12-06T04:26:44.493+0500] {dag.py:3947} INFO - Setting next_dagrun for example_subdag_operator.section-2 to None, run_after=None
[2025-12-06T04:26:44.498+0500] {logging_mixin.py:188} INFO - [2025-12-06T04:26:44.497+0500] {dag.py:3089} INFO - Sync 2 DAGs
[2025-12-06T04:26:44.500+0500] {logging_mixin.py:188} INFO - [2025-12-06T04:26:44.500+0500] {dag.py:3947} INFO - Setting next_dagrun for example_subdag_operator.section-1 to None, run_after=None
[2025-12-06T04:26:44.500+0500] {logging_mixin.py:188} INFO - [2025-12-06T04:26:44.500+0500] {dag.py:3947} INFO - Setting next_dagrun for example_subdag_operator.section-2 to None, run_after=None
[2025-12-06T04:26:44.506+0500] {processor.py:183} INFO - Processing /Users/symbat/airflow_local/.venv/lib/python3.11/site-packages/airflow/example_dags/example_subdag_operator.py took 0.149 seconds
[2025-12-06T04:28:21.482+0500] {processor.py:161} INFO - Started process (PID=83609) to work on /Users/symbat/airflow_local/.venv/lib/python3.11/site-packages/airflow/example_dags/example_subdag_operator.py
[2025-12-06T04:28:21.483+0500] {processor.py:830} INFO - Processing file /Users/symbat/airflow_local/.venv/lib/python3.11/site-packages/airflow/example_dags/example_subdag_operator.py for tasks to queue
[2025-12-06T04:28:21.483+0500] {logging_mixin.py:188} INFO - [2025-12-06T04:28:21.483+0500] {dagbag.py:545} INFO - Filling up the DagBag from /Users/symbat/airflow_local/.venv/lib/python3.11/site-packages/airflow/example_dags/example_subdag_operator.py
[2025-12-06T04:28:21.525+0500] {processor.py:840} INFO - DAG(s) 'example_subdag_operator.section-1', 'example_subdag_operator.section-2', 'example_subdag_operator' retrieved from /Users/symbat/airflow_local/.venv/lib/python3.11/site-packages/airflow/example_dags/example_subdag_operator.py
[2025-12-06T04:28:21.544+0500] {logging_mixin.py:188} INFO - [2025-12-06T04:28:21.544+0500] {dag.py:3089} INFO - Sync 3 DAGs
[2025-12-06T04:28:21.552+0500] {logging_mixin.py:188} INFO - [2025-12-06T04:28:21.552+0500] {dag.py:3947} INFO - Setting next_dagrun for example_subdag_operator to 2022-01-01 00:00:00+00:00, run_after=2022-01-01 00:00:00+00:00
[2025-12-06T04:28:21.553+0500] {logging_mixin.py:188} INFO - [2025-12-06T04:28:21.553+0500] {dag.py:3947} INFO - Setting next_dagrun for example_subdag_operator.section-1 to None, run_after=None
[2025-12-06T04:28:21.554+0500] {logging_mixin.py:188} INFO - [2025-12-06T04:28:21.554+0500] {dag.py:3947} INFO - Setting next_dagrun for example_subdag_operator.section-2 to None, run_after=None
[2025-12-06T04:28:21.558+0500] {logging_mixin.py:188} INFO - [2025-12-06T04:28:21.558+0500] {dag.py:3089} INFO - Sync 2 DAGs
[2025-12-06T04:28:21.560+0500] {logging_mixin.py:188} INFO - [2025-12-06T04:28:21.560+0500] {dag.py:3947} INFO - Setting next_dagrun for example_subdag_operator.section-1 to None, run_after=None
[2025-12-06T04:28:21.560+0500] {logging_mixin.py:188} INFO - [2025-12-06T04:28:21.560+0500] {dag.py:3947} INFO - Setting next_dagrun for example_subdag_operator.section-2 to None, run_after=None
[2025-12-06T04:28:21.566+0500] {processor.py:183} INFO - Processing /Users/symbat/airflow_local/.venv/lib/python3.11/site-packages/airflow/example_dags/example_subdag_operator.py took 0.086 seconds
[2025-12-06T04:30:11.622+0500] {processor.py:161} INFO - Started process (PID=83789) to work on /Users/symbat/airflow_local/.venv/lib/python3.11/site-packages/airflow/example_dags/example_subdag_operator.py
[2025-12-06T04:30:11.623+0500] {processor.py:830} INFO - Processing file /Users/symbat/airflow_local/.venv/lib/python3.11/site-packages/airflow/example_dags/example_subdag_operator.py for tasks to queue
[2025-12-06T04:30:11.623+0500] {logging_mixin.py:188} INFO - [2025-12-06T04:30:11.623+0500] {dagbag.py:545} INFO - Filling up the DagBag from /Users/symbat/airflow_local/.venv/lib/python3.11/site-packages/airflow/example_dags/example_subdag_operator.py
[2025-12-06T04:30:11.664+0500] {processor.py:840} INFO - DAG(s) 'example_subdag_operator.section-1', 'example_subdag_operator.section-2', 'example_subdag_operator' retrieved from /Users/symbat/airflow_local/.venv/lib/python3.11/site-packages/airflow/example_dags/example_subdag_operator.py
[2025-12-06T04:30:11.680+0500] {logging_mixin.py:188} INFO - [2025-12-06T04:30:11.680+0500] {dag.py:3089} INFO - Sync 3 DAGs
[2025-12-06T04:30:11.687+0500] {logging_mixin.py:188} INFO - [2025-12-06T04:30:11.687+0500] {dag.py:3947} INFO - Setting next_dagrun for example_subdag_operator to 2022-01-01 00:00:00+00:00, run_after=2022-01-01 00:00:00+00:00
[2025-12-06T04:30:11.688+0500] {logging_mixin.py:188} INFO - [2025-12-06T04:30:11.688+0500] {dag.py:3947} INFO - Setting next_dagrun for example_subdag_operator.section-1 to None, run_after=None
[2025-12-06T04:30:11.689+0500] {logging_mixin.py:188} INFO - [2025-12-06T04:30:11.688+0500] {dag.py:3947} INFO - Setting next_dagrun for example_subdag_operator.section-2 to None, run_after=None
[2025-12-06T04:30:11.692+0500] {logging_mixin.py:188} INFO - [2025-12-06T04:30:11.692+0500] {dag.py:3089} INFO - Sync 2 DAGs
[2025-12-06T04:30:11.693+0500] {logging_mixin.py:188} INFO - [2025-12-06T04:30:11.693+0500] {dag.py:3947} INFO - Setting next_dagrun for example_subdag_operator.section-1 to None, run_after=None
[2025-12-06T04:30:11.693+0500] {logging_mixin.py:188} INFO - [2025-12-06T04:30:11.693+0500] {dag.py:3947} INFO - Setting next_dagrun for example_subdag_operator.section-2 to None, run_after=None
[2025-12-06T04:30:11.699+0500] {processor.py:183} INFO - Processing /Users/symbat/airflow_local/.venv/lib/python3.11/site-packages/airflow/example_dags/example_subdag_operator.py took 0.079 seconds
[2025-12-06T04:32:07.157+0500] {processor.py:161} INFO - Started process (PID=83942) to work on /Users/symbat/airflow_local/.venv/lib/python3.11/site-packages/airflow/example_dags/example_subdag_operator.py
[2025-12-06T04:32:07.158+0500] {processor.py:830} INFO - Processing file /Users/symbat/airflow_local/.venv/lib/python3.11/site-packages/airflow/example_dags/example_subdag_operator.py for tasks to queue
[2025-12-06T04:32:07.159+0500] {logging_mixin.py:188} INFO - [2025-12-06T04:32:07.159+0500] {dagbag.py:545} INFO - Filling up the DagBag from /Users/symbat/airflow_local/.venv/lib/python3.11/site-packages/airflow/example_dags/example_subdag_operator.py
[2025-12-06T04:32:07.247+0500] {processor.py:840} INFO - DAG(s) 'example_subdag_operator.section-1', 'example_subdag_operator.section-2', 'example_subdag_operator' retrieved from /Users/symbat/airflow_local/.venv/lib/python3.11/site-packages/airflow/example_dags/example_subdag_operator.py
[2025-12-06T04:32:07.265+0500] {logging_mixin.py:188} INFO - [2025-12-06T04:32:07.265+0500] {dag.py:3089} INFO - Sync 3 DAGs
[2025-12-06T04:32:07.272+0500] {logging_mixin.py:188} INFO - [2025-12-06T04:32:07.272+0500] {dag.py:3947} INFO - Setting next_dagrun for example_subdag_operator to 2022-01-01 00:00:00+00:00, run_after=2022-01-01 00:00:00+00:00
[2025-12-06T04:32:07.274+0500] {logging_mixin.py:188} INFO - [2025-12-06T04:32:07.274+0500] {dag.py:3947} INFO - Setting next_dagrun for example_subdag_operator.section-1 to None, run_after=None
[2025-12-06T04:32:07.274+0500] {logging_mixin.py:188} INFO - [2025-12-06T04:32:07.274+0500] {dag.py:3947} INFO - Setting next_dagrun for example_subdag_operator.section-2 to None, run_after=None
[2025-12-06T04:32:07.278+0500] {logging_mixin.py:188} INFO - [2025-12-06T04:32:07.278+0500] {dag.py:3089} INFO - Sync 2 DAGs
[2025-12-06T04:32:07.280+0500] {logging_mixin.py:188} INFO - [2025-12-06T04:32:07.280+0500] {dag.py:3947} INFO - Setting next_dagrun for example_subdag_operator.section-1 to None, run_after=None
[2025-12-06T04:32:07.280+0500] {logging_mixin.py:188} INFO - [2025-12-06T04:32:07.280+0500] {dag.py:3947} INFO - Setting next_dagrun for example_subdag_operator.section-2 to None, run_after=None
[2025-12-06T04:32:07.286+0500] {processor.py:183} INFO - Processing /Users/symbat/airflow_local/.venv/lib/python3.11/site-packages/airflow/example_dags/example_subdag_operator.py took 0.134 seconds
[2025-12-06T04:33:58.307+0500] {processor.py:161} INFO - Started process (PID=84162) to work on /Users/symbat/airflow_local/.venv/lib/python3.11/site-packages/airflow/example_dags/example_subdag_operator.py
[2025-12-06T04:33:58.308+0500] {processor.py:830} INFO - Processing file /Users/symbat/airflow_local/.venv/lib/python3.11/site-packages/airflow/example_dags/example_subdag_operator.py for tasks to queue
[2025-12-06T04:33:58.308+0500] {logging_mixin.py:188} INFO - [2025-12-06T04:33:58.308+0500] {dagbag.py:545} INFO - Filling up the DagBag from /Users/symbat/airflow_local/.venv/lib/python3.11/site-packages/airflow/example_dags/example_subdag_operator.py
[2025-12-06T04:33:58.365+0500] {processor.py:840} INFO - DAG(s) 'example_subdag_operator.section-1', 'example_subdag_operator.section-2', 'example_subdag_operator' retrieved from /Users/symbat/airflow_local/.venv/lib/python3.11/site-packages/airflow/example_dags/example_subdag_operator.py
[2025-12-06T04:33:58.383+0500] {logging_mixin.py:188} INFO - [2025-12-06T04:33:58.383+0500] {dag.py:3089} INFO - Sync 3 DAGs
[2025-12-06T04:33:58.390+0500] {logging_mixin.py:188} INFO - [2025-12-06T04:33:58.390+0500] {dag.py:3947} INFO - Setting next_dagrun for example_subdag_operator to 2022-01-01 00:00:00+00:00, run_after=2022-01-01 00:00:00+00:00
[2025-12-06T04:33:58.391+0500] {logging_mixin.py:188} INFO - [2025-12-06T04:33:58.391+0500] {dag.py:3947} INFO - Setting next_dagrun for example_subdag_operator.section-1 to None, run_after=None
[2025-12-06T04:33:58.392+0500] {logging_mixin.py:188} INFO - [2025-12-06T04:33:58.392+0500] {dag.py:3947} INFO - Setting next_dagrun for example_subdag_operator.section-2 to None, run_after=None
[2025-12-06T04:33:58.395+0500] {logging_mixin.py:188} INFO - [2025-12-06T04:33:58.394+0500] {dag.py:3089} INFO - Sync 2 DAGs
[2025-12-06T04:33:58.396+0500] {logging_mixin.py:188} INFO - [2025-12-06T04:33:58.396+0500] {dag.py:3947} INFO - Setting next_dagrun for example_subdag_operator.section-1 to None, run_after=None
[2025-12-06T04:33:58.396+0500] {logging_mixin.py:188} INFO - [2025-12-06T04:33:58.396+0500] {dag.py:3947} INFO - Setting next_dagrun for example_subdag_operator.section-2 to None, run_after=None
[2025-12-06T04:33:58.405+0500] {processor.py:183} INFO - Processing /Users/symbat/airflow_local/.venv/lib/python3.11/site-packages/airflow/example_dags/example_subdag_operator.py took 0.101 seconds
[2025-12-06T04:36:04.256+0500] {processor.py:161} INFO - Started process (PID=84338) to work on /Users/symbat/airflow_local/.venv/lib/python3.11/site-packages/airflow/example_dags/example_subdag_operator.py
[2025-12-06T04:36:04.258+0500] {processor.py:830} INFO - Processing file /Users/symbat/airflow_local/.venv/lib/python3.11/site-packages/airflow/example_dags/example_subdag_operator.py for tasks to queue
[2025-12-06T04:36:04.259+0500] {logging_mixin.py:188} INFO - [2025-12-06T04:36:04.259+0500] {dagbag.py:545} INFO - Filling up the DagBag from /Users/symbat/airflow_local/.venv/lib/python3.11/site-packages/airflow/example_dags/example_subdag_operator.py
[2025-12-06T04:36:04.321+0500] {processor.py:840} INFO - DAG(s) 'example_subdag_operator.section-1', 'example_subdag_operator.section-2', 'example_subdag_operator' retrieved from /Users/symbat/airflow_local/.venv/lib/python3.11/site-packages/airflow/example_dags/example_subdag_operator.py
[2025-12-06T04:36:04.339+0500] {logging_mixin.py:188} INFO - [2025-12-06T04:36:04.339+0500] {dag.py:3089} INFO - Sync 3 DAGs
[2025-12-06T04:36:04.348+0500] {logging_mixin.py:188} INFO - [2025-12-06T04:36:04.348+0500] {dag.py:3947} INFO - Setting next_dagrun for example_subdag_operator to 2022-01-01 00:00:00+00:00, run_after=2022-01-01 00:00:00+00:00
[2025-12-06T04:36:04.349+0500] {logging_mixin.py:188} INFO - [2025-12-06T04:36:04.349+0500] {dag.py:3947} INFO - Setting next_dagrun for example_subdag_operator.section-1 to None, run_after=None
[2025-12-06T04:36:04.350+0500] {logging_mixin.py:188} INFO - [2025-12-06T04:36:04.350+0500] {dag.py:3947} INFO - Setting next_dagrun for example_subdag_operator.section-2 to None, run_after=None
[2025-12-06T04:36:04.353+0500] {logging_mixin.py:188} INFO - [2025-12-06T04:36:04.353+0500] {dag.py:3089} INFO - Sync 2 DAGs
[2025-12-06T04:36:04.355+0500] {logging_mixin.py:188} INFO - [2025-12-06T04:36:04.355+0500] {dag.py:3947} INFO - Setting next_dagrun for example_subdag_operator.section-1 to None, run_after=None
[2025-12-06T04:36:04.355+0500] {logging_mixin.py:188} INFO - [2025-12-06T04:36:04.355+0500] {dag.py:3947} INFO - Setting next_dagrun for example_subdag_operator.section-2 to None, run_after=None
[2025-12-06T04:36:04.362+0500] {processor.py:183} INFO - Processing /Users/symbat/airflow_local/.venv/lib/python3.11/site-packages/airflow/example_dags/example_subdag_operator.py took 0.109 seconds
[2025-12-06T04:37:56.521+0500] {processor.py:161} INFO - Started process (PID=84602) to work on /Users/symbat/airflow_local/.venv/lib/python3.11/site-packages/airflow/example_dags/example_subdag_operator.py
[2025-12-06T04:37:56.523+0500] {processor.py:830} INFO - Processing file /Users/symbat/airflow_local/.venv/lib/python3.11/site-packages/airflow/example_dags/example_subdag_operator.py for tasks to queue
[2025-12-06T04:37:56.523+0500] {logging_mixin.py:188} INFO - [2025-12-06T04:37:56.523+0500] {dagbag.py:545} INFO - Filling up the DagBag from /Users/symbat/airflow_local/.venv/lib/python3.11/site-packages/airflow/example_dags/example_subdag_operator.py
[2025-12-06T04:37:56.564+0500] {processor.py:840} INFO - DAG(s) 'example_subdag_operator.section-1', 'example_subdag_operator.section-2', 'example_subdag_operator' retrieved from /Users/symbat/airflow_local/.venv/lib/python3.11/site-packages/airflow/example_dags/example_subdag_operator.py
[2025-12-06T04:37:56.579+0500] {logging_mixin.py:188} INFO - [2025-12-06T04:37:56.579+0500] {dag.py:3089} INFO - Sync 3 DAGs
[2025-12-06T04:37:56.586+0500] {logging_mixin.py:188} INFO - [2025-12-06T04:37:56.586+0500] {dag.py:3947} INFO - Setting next_dagrun for example_subdag_operator to 2022-01-01 00:00:00+00:00, run_after=2022-01-01 00:00:00+00:00
[2025-12-06T04:37:56.587+0500] {logging_mixin.py:188} INFO - [2025-12-06T04:37:56.587+0500] {dag.py:3947} INFO - Setting next_dagrun for example_subdag_operator.section-1 to None, run_after=None
[2025-12-06T04:37:56.588+0500] {logging_mixin.py:188} INFO - [2025-12-06T04:37:56.588+0500] {dag.py:3947} INFO - Setting next_dagrun for example_subdag_operator.section-2 to None, run_after=None
[2025-12-06T04:37:56.590+0500] {logging_mixin.py:188} INFO - [2025-12-06T04:37:56.590+0500] {dag.py:3089} INFO - Sync 2 DAGs
[2025-12-06T04:37:56.592+0500] {logging_mixin.py:188} INFO - [2025-12-06T04:37:56.592+0500] {dag.py:3947} INFO - Setting next_dagrun for example_subdag_operator.section-1 to None, run_after=None
[2025-12-06T04:37:56.592+0500] {logging_mixin.py:188} INFO - [2025-12-06T04:37:56.592+0500] {dag.py:3947} INFO - Setting next_dagrun for example_subdag_operator.section-2 to None, run_after=None
[2025-12-06T04:37:56.597+0500] {processor.py:183} INFO - Processing /Users/symbat/airflow_local/.venv/lib/python3.11/site-packages/airflow/example_dags/example_subdag_operator.py took 0.078 seconds
