[2025-12-06T03:55:27.436+0500] {processor.py:161} INFO - Started process (PID=79517) to work on /Users/symbat/airflow_local/.venv/lib/python3.11/site-packages/airflow/example_dags/example_trigger_target_dag.py
[2025-12-06T03:55:27.436+0500] {processor.py:830} INFO - Processing file /Users/symbat/airflow_local/.venv/lib/python3.11/site-packages/airflow/example_dags/example_trigger_target_dag.py for tasks to queue
[2025-12-06T03:55:27.437+0500] {logging_mixin.py:188} INFO - [2025-12-06T03:55:27.437+0500] {dagbag.py:545} INFO - Filling up the DagBag from /Users/symbat/airflow_local/.venv/lib/python3.11/site-packages/airflow/example_dags/example_trigger_target_dag.py
[2025-12-06T03:55:27.469+0500] {processor.py:840} INFO - DAG(s) 'example_trigger_target_dag' retrieved from /Users/symbat/airflow_local/.venv/lib/python3.11/site-packages/airflow/example_dags/example_trigger_target_dag.py
[2025-12-06T03:55:27.636+0500] {logging_mixin.py:188} INFO - [2025-12-06T03:55:27.635+0500] {override.py:1930} INFO - Created Permission View: can edit on DAG:example_trigger_target_dag
[2025-12-06T03:55:27.644+0500] {logging_mixin.py:188} INFO - [2025-12-06T03:55:27.643+0500] {override.py:1930} INFO - Created Permission View: can delete on DAG:example_trigger_target_dag
[2025-12-06T03:55:27.648+0500] {logging_mixin.py:188} INFO - [2025-12-06T03:55:27.648+0500] {override.py:1930} INFO - Created Permission View: can read on DAG:example_trigger_target_dag
[2025-12-06T03:55:27.648+0500] {logging_mixin.py:188} INFO - [2025-12-06T03:55:27.648+0500] {dag.py:3089} INFO - Sync 1 DAGs
[2025-12-06T03:55:27.653+0500] {logging_mixin.py:188} INFO - [2025-12-06T03:55:27.653+0500] {dag.py:3111} INFO - Creating ORM DAG for example_trigger_target_dag
[2025-12-06T03:55:27.654+0500] {logging_mixin.py:188} INFO - [2025-12-06T03:55:27.653+0500] {dag.py:3947} INFO - Setting next_dagrun for example_trigger_target_dag to None, run_after=None
[2025-12-06T03:55:27.667+0500] {processor.py:183} INFO - Processing /Users/symbat/airflow_local/.venv/lib/python3.11/site-packages/airflow/example_dags/example_trigger_target_dag.py took 0.234 seconds
[2025-12-06T03:57:27.339+0500] {processor.py:161} INFO - Started process (PID=79669) to work on /Users/symbat/airflow_local/.venv/lib/python3.11/site-packages/airflow/example_dags/example_trigger_target_dag.py
[2025-12-06T03:57:27.340+0500] {processor.py:830} INFO - Processing file /Users/symbat/airflow_local/.venv/lib/python3.11/site-packages/airflow/example_dags/example_trigger_target_dag.py for tasks to queue
[2025-12-06T03:57:27.340+0500] {logging_mixin.py:188} INFO - [2025-12-06T03:57:27.340+0500] {dagbag.py:545} INFO - Filling up the DagBag from /Users/symbat/airflow_local/.venv/lib/python3.11/site-packages/airflow/example_dags/example_trigger_target_dag.py
[2025-12-06T03:57:27.360+0500] {processor.py:840} INFO - DAG(s) 'example_trigger_target_dag' retrieved from /Users/symbat/airflow_local/.venv/lib/python3.11/site-packages/airflow/example_dags/example_trigger_target_dag.py
[2025-12-06T03:57:27.413+0500] {logging_mixin.py:188} INFO - [2025-12-06T03:57:27.413+0500] {dag.py:3089} INFO - Sync 1 DAGs
[2025-12-06T03:57:27.418+0500] {logging_mixin.py:188} INFO - [2025-12-06T03:57:27.418+0500] {dag.py:3947} INFO - Setting next_dagrun for example_trigger_target_dag to None, run_after=None
[2025-12-06T03:57:27.430+0500] {processor.py:183} INFO - Processing /Users/symbat/airflow_local/.venv/lib/python3.11/site-packages/airflow/example_dags/example_trigger_target_dag.py took 0.093 seconds
[2025-12-06T03:58:57.493+0500] {processor.py:161} INFO - Started process (PID=79769) to work on /Users/symbat/airflow_local/.venv/lib/python3.11/site-packages/airflow/example_dags/example_trigger_target_dag.py
[2025-12-06T03:58:57.494+0500] {processor.py:830} INFO - Processing file /Users/symbat/airflow_local/.venv/lib/python3.11/site-packages/airflow/example_dags/example_trigger_target_dag.py for tasks to queue
[2025-12-06T03:58:57.494+0500] {logging_mixin.py:188} INFO - [2025-12-06T03:58:57.494+0500] {dagbag.py:545} INFO - Filling up the DagBag from /Users/symbat/airflow_local/.venv/lib/python3.11/site-packages/airflow/example_dags/example_trigger_target_dag.py
[2025-12-06T03:58:57.523+0500] {processor.py:840} INFO - DAG(s) 'example_trigger_target_dag' retrieved from /Users/symbat/airflow_local/.venv/lib/python3.11/site-packages/airflow/example_dags/example_trigger_target_dag.py
[2025-12-06T03:58:57.574+0500] {logging_mixin.py:188} INFO - [2025-12-06T03:58:57.574+0500] {dag.py:3089} INFO - Sync 1 DAGs
[2025-12-06T03:58:57.579+0500] {logging_mixin.py:188} INFO - [2025-12-06T03:58:57.579+0500] {dag.py:3947} INFO - Setting next_dagrun for example_trigger_target_dag to None, run_after=None
[2025-12-06T03:58:57.591+0500] {processor.py:183} INFO - Processing /Users/symbat/airflow_local/.venv/lib/python3.11/site-packages/airflow/example_dags/example_trigger_target_dag.py took 0.101 seconds
[2025-12-06T04:00:34.896+0500] {processor.py:161} INFO - Started process (PID=80355) to work on /Users/symbat/airflow_local/.venv/lib/python3.11/site-packages/airflow/example_dags/example_trigger_target_dag.py
[2025-12-06T04:00:34.897+0500] {processor.py:830} INFO - Processing file /Users/symbat/airflow_local/.venv/lib/python3.11/site-packages/airflow/example_dags/example_trigger_target_dag.py for tasks to queue
[2025-12-06T04:00:34.897+0500] {logging_mixin.py:188} INFO - [2025-12-06T04:00:34.897+0500] {dagbag.py:545} INFO - Filling up the DagBag from /Users/symbat/airflow_local/.venv/lib/python3.11/site-packages/airflow/example_dags/example_trigger_target_dag.py
[2025-12-06T04:00:34.918+0500] {processor.py:840} INFO - DAG(s) 'example_trigger_target_dag' retrieved from /Users/symbat/airflow_local/.venv/lib/python3.11/site-packages/airflow/example_dags/example_trigger_target_dag.py
[2025-12-06T04:00:34.963+0500] {logging_mixin.py:188} INFO - [2025-12-06T04:00:34.963+0500] {dag.py:3089} INFO - Sync 1 DAGs
[2025-12-06T04:00:34.968+0500] {logging_mixin.py:188} INFO - [2025-12-06T04:00:34.968+0500] {dag.py:3947} INFO - Setting next_dagrun for example_trigger_target_dag to None, run_after=None
[2025-12-06T04:00:34.983+0500] {processor.py:183} INFO - Processing /Users/symbat/airflow_local/.venv/lib/python3.11/site-packages/airflow/example_dags/example_trigger_target_dag.py took 0.089 seconds
[2025-12-06T04:02:11.065+0500] {processor.py:161} INFO - Started process (PID=80630) to work on /Users/symbat/airflow_local/.venv/lib/python3.11/site-packages/airflow/example_dags/example_trigger_target_dag.py
[2025-12-06T04:02:11.066+0500] {processor.py:830} INFO - Processing file /Users/symbat/airflow_local/.venv/lib/python3.11/site-packages/airflow/example_dags/example_trigger_target_dag.py for tasks to queue
[2025-12-06T04:02:11.067+0500] {logging_mixin.py:188} INFO - [2025-12-06T04:02:11.067+0500] {dagbag.py:545} INFO - Filling up the DagBag from /Users/symbat/airflow_local/.venv/lib/python3.11/site-packages/airflow/example_dags/example_trigger_target_dag.py
[2025-12-06T04:02:11.086+0500] {processor.py:840} INFO - DAG(s) 'example_trigger_target_dag' retrieved from /Users/symbat/airflow_local/.venv/lib/python3.11/site-packages/airflow/example_dags/example_trigger_target_dag.py
[2025-12-06T04:02:11.132+0500] {logging_mixin.py:188} INFO - [2025-12-06T04:02:11.132+0500] {dag.py:3089} INFO - Sync 1 DAGs
[2025-12-06T04:02:11.136+0500] {logging_mixin.py:188} INFO - [2025-12-06T04:02:11.136+0500] {dag.py:3947} INFO - Setting next_dagrun for example_trigger_target_dag to None, run_after=None
[2025-12-06T04:02:11.146+0500] {processor.py:183} INFO - Processing /Users/symbat/airflow_local/.venv/lib/python3.11/site-packages/airflow/example_dags/example_trigger_target_dag.py took 0.083 seconds
[2025-12-06T04:03:51.857+0500] {processor.py:161} INFO - Started process (PID=80966) to work on /Users/symbat/airflow_local/.venv/lib/python3.11/site-packages/airflow/example_dags/example_trigger_target_dag.py
[2025-12-06T04:03:51.858+0500] {processor.py:830} INFO - Processing file /Users/symbat/airflow_local/.venv/lib/python3.11/site-packages/airflow/example_dags/example_trigger_target_dag.py for tasks to queue
[2025-12-06T04:03:51.858+0500] {logging_mixin.py:188} INFO - [2025-12-06T04:03:51.858+0500] {dagbag.py:545} INFO - Filling up the DagBag from /Users/symbat/airflow_local/.venv/lib/python3.11/site-packages/airflow/example_dags/example_trigger_target_dag.py
[2025-12-06T04:03:51.876+0500] {processor.py:840} INFO - DAG(s) 'example_trigger_target_dag' retrieved from /Users/symbat/airflow_local/.venv/lib/python3.11/site-packages/airflow/example_dags/example_trigger_target_dag.py
[2025-12-06T04:03:51.925+0500] {logging_mixin.py:188} INFO - [2025-12-06T04:03:51.925+0500] {dag.py:3089} INFO - Sync 1 DAGs
[2025-12-06T04:03:51.930+0500] {logging_mixin.py:188} INFO - [2025-12-06T04:03:51.930+0500] {dag.py:3947} INFO - Setting next_dagrun for example_trigger_target_dag to None, run_after=None
[2025-12-06T04:03:51.941+0500] {processor.py:183} INFO - Processing /Users/symbat/airflow_local/.venv/lib/python3.11/site-packages/airflow/example_dags/example_trigger_target_dag.py took 0.086 seconds
[2025-12-06T04:05:38.269+0500] {processor.py:161} INFO - Started process (PID=81396) to work on /Users/symbat/airflow_local/.venv/lib/python3.11/site-packages/airflow/example_dags/example_trigger_target_dag.py
[2025-12-06T04:05:38.271+0500] {processor.py:830} INFO - Processing file /Users/symbat/airflow_local/.venv/lib/python3.11/site-packages/airflow/example_dags/example_trigger_target_dag.py for tasks to queue
[2025-12-06T04:05:38.273+0500] {logging_mixin.py:188} INFO - [2025-12-06T04:05:38.272+0500] {dagbag.py:545} INFO - Filling up the DagBag from /Users/symbat/airflow_local/.venv/lib/python3.11/site-packages/airflow/example_dags/example_trigger_target_dag.py
[2025-12-06T04:05:38.332+0500] {processor.py:840} INFO - DAG(s) 'example_trigger_target_dag' retrieved from /Users/symbat/airflow_local/.venv/lib/python3.11/site-packages/airflow/example_dags/example_trigger_target_dag.py
[2025-12-06T04:05:38.417+0500] {logging_mixin.py:188} INFO - [2025-12-06T04:05:38.417+0500] {dag.py:3089} INFO - Sync 1 DAGs
[2025-12-06T04:05:38.424+0500] {logging_mixin.py:188} INFO - [2025-12-06T04:05:38.424+0500] {dag.py:3947} INFO - Setting next_dagrun for example_trigger_target_dag to None, run_after=None
[2025-12-06T04:05:38.443+0500] {processor.py:183} INFO - Processing /Users/symbat/airflow_local/.venv/lib/python3.11/site-packages/airflow/example_dags/example_trigger_target_dag.py took 0.184 seconds
[2025-12-06T04:07:18.860+0500] {processor.py:161} INFO - Started process (PID=81531) to work on /Users/symbat/airflow_local/.venv/lib/python3.11/site-packages/airflow/example_dags/example_trigger_target_dag.py
[2025-12-06T04:07:18.861+0500] {processor.py:830} INFO - Processing file /Users/symbat/airflow_local/.venv/lib/python3.11/site-packages/airflow/example_dags/example_trigger_target_dag.py for tasks to queue
[2025-12-06T04:07:18.862+0500] {logging_mixin.py:188} INFO - [2025-12-06T04:07:18.861+0500] {dagbag.py:545} INFO - Filling up the DagBag from /Users/symbat/airflow_local/.venv/lib/python3.11/site-packages/airflow/example_dags/example_trigger_target_dag.py
[2025-12-06T04:07:18.885+0500] {processor.py:840} INFO - DAG(s) 'example_trigger_target_dag' retrieved from /Users/symbat/airflow_local/.venv/lib/python3.11/site-packages/airflow/example_dags/example_trigger_target_dag.py
[2025-12-06T04:07:18.938+0500] {logging_mixin.py:188} INFO - [2025-12-06T04:07:18.937+0500] {dag.py:3089} INFO - Sync 1 DAGs
[2025-12-06T04:07:18.943+0500] {logging_mixin.py:188} INFO - [2025-12-06T04:07:18.943+0500] {dag.py:3947} INFO - Setting next_dagrun for example_trigger_target_dag to None, run_after=None
[2025-12-06T04:07:18.954+0500] {processor.py:183} INFO - Processing /Users/symbat/airflow_local/.venv/lib/python3.11/site-packages/airflow/example_dags/example_trigger_target_dag.py took 0.096 seconds
[2025-12-06T04:09:03.132+0500] {processor.py:161} INFO - Started process (PID=81666) to work on /Users/symbat/airflow_local/.venv/lib/python3.11/site-packages/airflow/example_dags/example_trigger_target_dag.py
[2025-12-06T04:09:03.134+0500] {processor.py:830} INFO - Processing file /Users/symbat/airflow_local/.venv/lib/python3.11/site-packages/airflow/example_dags/example_trigger_target_dag.py for tasks to queue
[2025-12-06T04:09:03.134+0500] {logging_mixin.py:188} INFO - [2025-12-06T04:09:03.134+0500] {dagbag.py:545} INFO - Filling up the DagBag from /Users/symbat/airflow_local/.venv/lib/python3.11/site-packages/airflow/example_dags/example_trigger_target_dag.py
[2025-12-06T04:09:03.153+0500] {processor.py:840} INFO - DAG(s) 'example_trigger_target_dag' retrieved from /Users/symbat/airflow_local/.venv/lib/python3.11/site-packages/airflow/example_dags/example_trigger_target_dag.py
[2025-12-06T04:09:03.203+0500] {logging_mixin.py:188} INFO - [2025-12-06T04:09:03.203+0500] {dag.py:3089} INFO - Sync 1 DAGs
[2025-12-06T04:09:03.208+0500] {logging_mixin.py:188} INFO - [2025-12-06T04:09:03.208+0500] {dag.py:3947} INFO - Setting next_dagrun for example_trigger_target_dag to None, run_after=None
[2025-12-06T04:09:03.219+0500] {processor.py:183} INFO - Processing /Users/symbat/airflow_local/.venv/lib/python3.11/site-packages/airflow/example_dags/example_trigger_target_dag.py took 0.088 seconds
[2025-12-06T04:10:45.525+0500] {processor.py:161} INFO - Started process (PID=81779) to work on /Users/symbat/airflow_local/.venv/lib/python3.11/site-packages/airflow/example_dags/example_trigger_target_dag.py
[2025-12-06T04:10:45.526+0500] {processor.py:830} INFO - Processing file /Users/symbat/airflow_local/.venv/lib/python3.11/site-packages/airflow/example_dags/example_trigger_target_dag.py for tasks to queue
[2025-12-06T04:10:45.526+0500] {logging_mixin.py:188} INFO - [2025-12-06T04:10:45.526+0500] {dagbag.py:545} INFO - Filling up the DagBag from /Users/symbat/airflow_local/.venv/lib/python3.11/site-packages/airflow/example_dags/example_trigger_target_dag.py
[2025-12-06T04:10:45.550+0500] {processor.py:840} INFO - DAG(s) 'example_trigger_target_dag' retrieved from /Users/symbat/airflow_local/.venv/lib/python3.11/site-packages/airflow/example_dags/example_trigger_target_dag.py
[2025-12-06T04:10:45.616+0500] {logging_mixin.py:188} INFO - [2025-12-06T04:10:45.616+0500] {dag.py:3089} INFO - Sync 1 DAGs
[2025-12-06T04:10:45.624+0500] {logging_mixin.py:188} INFO - [2025-12-06T04:10:45.624+0500] {dag.py:3947} INFO - Setting next_dagrun for example_trigger_target_dag to None, run_after=None
[2025-12-06T04:10:45.638+0500] {processor.py:183} INFO - Processing /Users/symbat/airflow_local/.venv/lib/python3.11/site-packages/airflow/example_dags/example_trigger_target_dag.py took 0.117 seconds
[2025-12-06T04:12:23.241+0500] {processor.py:161} INFO - Started process (PID=81908) to work on /Users/symbat/airflow_local/.venv/lib/python3.11/site-packages/airflow/example_dags/example_trigger_target_dag.py
[2025-12-06T04:12:23.242+0500] {processor.py:830} INFO - Processing file /Users/symbat/airflow_local/.venv/lib/python3.11/site-packages/airflow/example_dags/example_trigger_target_dag.py for tasks to queue
[2025-12-06T04:12:23.242+0500] {logging_mixin.py:188} INFO - [2025-12-06T04:12:23.242+0500] {dagbag.py:545} INFO - Filling up the DagBag from /Users/symbat/airflow_local/.venv/lib/python3.11/site-packages/airflow/example_dags/example_trigger_target_dag.py
[2025-12-06T04:12:23.261+0500] {processor.py:840} INFO - DAG(s) 'example_trigger_target_dag' retrieved from /Users/symbat/airflow_local/.venv/lib/python3.11/site-packages/airflow/example_dags/example_trigger_target_dag.py
[2025-12-06T04:12:23.308+0500] {logging_mixin.py:188} INFO - [2025-12-06T04:12:23.308+0500] {dag.py:3089} INFO - Sync 1 DAGs
[2025-12-06T04:12:23.313+0500] {logging_mixin.py:188} INFO - [2025-12-06T04:12:23.313+0500] {dag.py:3947} INFO - Setting next_dagrun for example_trigger_target_dag to None, run_after=None
[2025-12-06T04:12:23.324+0500] {processor.py:183} INFO - Processing /Users/symbat/airflow_local/.venv/lib/python3.11/site-packages/airflow/example_dags/example_trigger_target_dag.py took 0.086 seconds
[2025-12-06T04:14:05.271+0500] {processor.py:161} INFO - Started process (PID=82076) to work on /Users/symbat/airflow_local/.venv/lib/python3.11/site-packages/airflow/example_dags/example_trigger_target_dag.py
[2025-12-06T04:14:05.273+0500] {processor.py:830} INFO - Processing file /Users/symbat/airflow_local/.venv/lib/python3.11/site-packages/airflow/example_dags/example_trigger_target_dag.py for tasks to queue
[2025-12-06T04:14:05.274+0500] {logging_mixin.py:188} INFO - [2025-12-06T04:14:05.273+0500] {dagbag.py:545} INFO - Filling up the DagBag from /Users/symbat/airflow_local/.venv/lib/python3.11/site-packages/airflow/example_dags/example_trigger_target_dag.py
[2025-12-06T04:14:05.292+0500] {processor.py:840} INFO - DAG(s) 'example_trigger_target_dag' retrieved from /Users/symbat/airflow_local/.venv/lib/python3.11/site-packages/airflow/example_dags/example_trigger_target_dag.py
[2025-12-06T04:14:05.342+0500] {logging_mixin.py:188} INFO - [2025-12-06T04:14:05.341+0500] {dag.py:3089} INFO - Sync 1 DAGs
[2025-12-06T04:14:05.346+0500] {logging_mixin.py:188} INFO - [2025-12-06T04:14:05.346+0500] {dag.py:3947} INFO - Setting next_dagrun for example_trigger_target_dag to None, run_after=None
[2025-12-06T04:14:05.357+0500] {processor.py:183} INFO - Processing /Users/symbat/airflow_local/.venv/lib/python3.11/site-packages/airflow/example_dags/example_trigger_target_dag.py took 0.088 seconds
[2025-12-06T04:15:44.892+0500] {processor.py:161} INFO - Started process (PID=82214) to work on /Users/symbat/airflow_local/.venv/lib/python3.11/site-packages/airflow/example_dags/example_trigger_target_dag.py
[2025-12-06T04:15:44.893+0500] {processor.py:830} INFO - Processing file /Users/symbat/airflow_local/.venv/lib/python3.11/site-packages/airflow/example_dags/example_trigger_target_dag.py for tasks to queue
[2025-12-06T04:15:44.894+0500] {logging_mixin.py:188} INFO - [2025-12-06T04:15:44.894+0500] {dagbag.py:545} INFO - Filling up the DagBag from /Users/symbat/airflow_local/.venv/lib/python3.11/site-packages/airflow/example_dags/example_trigger_target_dag.py
[2025-12-06T04:15:44.912+0500] {processor.py:840} INFO - DAG(s) 'example_trigger_target_dag' retrieved from /Users/symbat/airflow_local/.venv/lib/python3.11/site-packages/airflow/example_dags/example_trigger_target_dag.py
[2025-12-06T04:15:44.962+0500] {logging_mixin.py:188} INFO - [2025-12-06T04:15:44.961+0500] {dag.py:3089} INFO - Sync 1 DAGs
[2025-12-06T04:15:44.966+0500] {logging_mixin.py:188} INFO - [2025-12-06T04:15:44.966+0500] {dag.py:3947} INFO - Setting next_dagrun for example_trigger_target_dag to None, run_after=None
[2025-12-06T04:15:44.978+0500] {processor.py:183} INFO - Processing /Users/symbat/airflow_local/.venv/lib/python3.11/site-packages/airflow/example_dags/example_trigger_target_dag.py took 0.088 seconds
[2025-12-06T04:17:18.967+0500] {processor.py:161} INFO - Started process (PID=82320) to work on /Users/symbat/airflow_local/.venv/lib/python3.11/site-packages/airflow/example_dags/example_trigger_target_dag.py
[2025-12-06T04:17:18.970+0500] {processor.py:830} INFO - Processing file /Users/symbat/airflow_local/.venv/lib/python3.11/site-packages/airflow/example_dags/example_trigger_target_dag.py for tasks to queue
[2025-12-06T04:17:18.971+0500] {logging_mixin.py:188} INFO - [2025-12-06T04:17:18.971+0500] {dagbag.py:545} INFO - Filling up the DagBag from /Users/symbat/airflow_local/.venv/lib/python3.11/site-packages/airflow/example_dags/example_trigger_target_dag.py
[2025-12-06T04:17:18.994+0500] {processor.py:840} INFO - DAG(s) 'example_trigger_target_dag' retrieved from /Users/symbat/airflow_local/.venv/lib/python3.11/site-packages/airflow/example_dags/example_trigger_target_dag.py
[2025-12-06T04:17:19.045+0500] {logging_mixin.py:188} INFO - [2025-12-06T04:17:19.045+0500] {dag.py:3089} INFO - Sync 1 DAGs
[2025-12-06T04:17:19.051+0500] {logging_mixin.py:188} INFO - [2025-12-06T04:17:19.050+0500] {dag.py:3947} INFO - Setting next_dagrun for example_trigger_target_dag to None, run_after=None
[2025-12-06T04:17:19.065+0500] {processor.py:183} INFO - Processing /Users/symbat/airflow_local/.venv/lib/python3.11/site-packages/airflow/example_dags/example_trigger_target_dag.py took 0.101 seconds
[2025-12-06T04:18:55.649+0500] {processor.py:161} INFO - Started process (PID=82428) to work on /Users/symbat/airflow_local/.venv/lib/python3.11/site-packages/airflow/example_dags/example_trigger_target_dag.py
[2025-12-06T04:18:55.652+0500] {processor.py:830} INFO - Processing file /Users/symbat/airflow_local/.venv/lib/python3.11/site-packages/airflow/example_dags/example_trigger_target_dag.py for tasks to queue
[2025-12-06T04:18:55.653+0500] {logging_mixin.py:188} INFO - [2025-12-06T04:18:55.653+0500] {dagbag.py:545} INFO - Filling up the DagBag from /Users/symbat/airflow_local/.venv/lib/python3.11/site-packages/airflow/example_dags/example_trigger_target_dag.py
[2025-12-06T04:18:55.684+0500] {processor.py:840} INFO - DAG(s) 'example_trigger_target_dag' retrieved from /Users/symbat/airflow_local/.venv/lib/python3.11/site-packages/airflow/example_dags/example_trigger_target_dag.py
[2025-12-06T04:18:55.743+0500] {logging_mixin.py:188} INFO - [2025-12-06T04:18:55.743+0500] {dag.py:3089} INFO - Sync 1 DAGs
[2025-12-06T04:18:55.748+0500] {logging_mixin.py:188} INFO - [2025-12-06T04:18:55.748+0500] {dag.py:3947} INFO - Setting next_dagrun for example_trigger_target_dag to None, run_after=None
[2025-12-06T04:18:55.762+0500] {processor.py:183} INFO - Processing /Users/symbat/airflow_local/.venv/lib/python3.11/site-packages/airflow/example_dags/example_trigger_target_dag.py took 0.115 seconds
[2025-12-06T04:20:26.479+0500] {processor.py:161} INFO - Started process (PID=82514) to work on /Users/symbat/airflow_local/.venv/lib/python3.11/site-packages/airflow/example_dags/example_trigger_target_dag.py
[2025-12-06T04:20:26.480+0500] {processor.py:830} INFO - Processing file /Users/symbat/airflow_local/.venv/lib/python3.11/site-packages/airflow/example_dags/example_trigger_target_dag.py for tasks to queue
[2025-12-06T04:20:26.481+0500] {logging_mixin.py:188} INFO - [2025-12-06T04:20:26.480+0500] {dagbag.py:545} INFO - Filling up the DagBag from /Users/symbat/airflow_local/.venv/lib/python3.11/site-packages/airflow/example_dags/example_trigger_target_dag.py
[2025-12-06T04:20:26.502+0500] {processor.py:840} INFO - DAG(s) 'example_trigger_target_dag' retrieved from /Users/symbat/airflow_local/.venv/lib/python3.11/site-packages/airflow/example_dags/example_trigger_target_dag.py
[2025-12-06T04:20:26.568+0500] {logging_mixin.py:188} INFO - [2025-12-06T04:20:26.567+0500] {dag.py:3089} INFO - Sync 1 DAGs
[2025-12-06T04:20:26.575+0500] {logging_mixin.py:188} INFO - [2025-12-06T04:20:26.575+0500] {dag.py:3947} INFO - Setting next_dagrun for example_trigger_target_dag to None, run_after=None
[2025-12-06T04:20:26.587+0500] {processor.py:183} INFO - Processing /Users/symbat/airflow_local/.venv/lib/python3.11/site-packages/airflow/example_dags/example_trigger_target_dag.py took 0.110 seconds
[2025-12-06T04:21:54.076+0500] {processor.py:161} INFO - Started process (PID=82614) to work on /Users/symbat/airflow_local/.venv/lib/python3.11/site-packages/airflow/example_dags/example_trigger_target_dag.py
[2025-12-06T04:21:54.077+0500] {processor.py:830} INFO - Processing file /Users/symbat/airflow_local/.venv/lib/python3.11/site-packages/airflow/example_dags/example_trigger_target_dag.py for tasks to queue
[2025-12-06T04:21:54.078+0500] {logging_mixin.py:188} INFO - [2025-12-06T04:21:54.077+0500] {dagbag.py:545} INFO - Filling up the DagBag from /Users/symbat/airflow_local/.venv/lib/python3.11/site-packages/airflow/example_dags/example_trigger_target_dag.py
[2025-12-06T04:21:54.100+0500] {processor.py:840} INFO - DAG(s) 'example_trigger_target_dag' retrieved from /Users/symbat/airflow_local/.venv/lib/python3.11/site-packages/airflow/example_dags/example_trigger_target_dag.py
[2025-12-06T04:21:54.182+0500] {logging_mixin.py:188} INFO - [2025-12-06T04:21:54.182+0500] {dag.py:3089} INFO - Sync 1 DAGs
[2025-12-06T04:21:54.192+0500] {logging_mixin.py:188} INFO - [2025-12-06T04:21:54.191+0500] {dag.py:3947} INFO - Setting next_dagrun for example_trigger_target_dag to None, run_after=None
[2025-12-06T04:21:54.211+0500] {processor.py:183} INFO - Processing /Users/symbat/airflow_local/.venv/lib/python3.11/site-packages/airflow/example_dags/example_trigger_target_dag.py took 0.137 seconds
[2025-12-06T04:23:15.918+0500] {processor.py:161} INFO - Started process (PID=82718) to work on /Users/symbat/airflow_local/.venv/lib/python3.11/site-packages/airflow/example_dags/example_trigger_target_dag.py
[2025-12-06T04:23:15.919+0500] {processor.py:830} INFO - Processing file /Users/symbat/airflow_local/.venv/lib/python3.11/site-packages/airflow/example_dags/example_trigger_target_dag.py for tasks to queue
[2025-12-06T04:23:15.920+0500] {logging_mixin.py:188} INFO - [2025-12-06T04:23:15.920+0500] {dagbag.py:545} INFO - Filling up the DagBag from /Users/symbat/airflow_local/.venv/lib/python3.11/site-packages/airflow/example_dags/example_trigger_target_dag.py
[2025-12-06T04:23:15.942+0500] {processor.py:840} INFO - DAG(s) 'example_trigger_target_dag' retrieved from /Users/symbat/airflow_local/.venv/lib/python3.11/site-packages/airflow/example_dags/example_trigger_target_dag.py
[2025-12-06T04:23:15.992+0500] {logging_mixin.py:188} INFO - [2025-12-06T04:23:15.992+0500] {dag.py:3089} INFO - Sync 1 DAGs
[2025-12-06T04:23:15.997+0500] {logging_mixin.py:188} INFO - [2025-12-06T04:23:15.997+0500] {dag.py:3947} INFO - Setting next_dagrun for example_trigger_target_dag to None, run_after=None
[2025-12-06T04:23:16.009+0500] {processor.py:183} INFO - Processing /Users/symbat/airflow_local/.venv/lib/python3.11/site-packages/airflow/example_dags/example_trigger_target_dag.py took 0.093 seconds
[2025-12-06T04:24:46.407+0500] {processor.py:161} INFO - Started process (PID=82813) to work on /Users/symbat/airflow_local/.venv/lib/python3.11/site-packages/airflow/example_dags/example_trigger_target_dag.py
[2025-12-06T04:24:46.408+0500] {processor.py:830} INFO - Processing file /Users/symbat/airflow_local/.venv/lib/python3.11/site-packages/airflow/example_dags/example_trigger_target_dag.py for tasks to queue
[2025-12-06T04:24:46.408+0500] {logging_mixin.py:188} INFO - [2025-12-06T04:24:46.408+0500] {dagbag.py:545} INFO - Filling up the DagBag from /Users/symbat/airflow_local/.venv/lib/python3.11/site-packages/airflow/example_dags/example_trigger_target_dag.py
[2025-12-06T04:24:46.436+0500] {processor.py:840} INFO - DAG(s) 'example_trigger_target_dag' retrieved from /Users/symbat/airflow_local/.venv/lib/python3.11/site-packages/airflow/example_dags/example_trigger_target_dag.py
[2025-12-06T04:24:46.513+0500] {logging_mixin.py:188} INFO - [2025-12-06T04:24:46.512+0500] {dag.py:3089} INFO - Sync 1 DAGs
[2025-12-06T04:24:46.518+0500] {logging_mixin.py:188} INFO - [2025-12-06T04:24:46.518+0500] {dag.py:3947} INFO - Setting next_dagrun for example_trigger_target_dag to None, run_after=None
[2025-12-06T04:24:46.537+0500] {processor.py:183} INFO - Processing /Users/symbat/airflow_local/.venv/lib/python3.11/site-packages/airflow/example_dags/example_trigger_target_dag.py took 0.133 seconds
[2025-12-06T04:26:29.901+0500] {processor.py:161} INFO - Started process (PID=83214) to work on /Users/symbat/airflow_local/.venv/lib/python3.11/site-packages/airflow/example_dags/example_trigger_target_dag.py
[2025-12-06T04:26:29.903+0500] {processor.py:830} INFO - Processing file /Users/symbat/airflow_local/.venv/lib/python3.11/site-packages/airflow/example_dags/example_trigger_target_dag.py for tasks to queue
[2025-12-06T04:26:29.905+0500] {logging_mixin.py:188} INFO - [2025-12-06T04:26:29.904+0500] {dagbag.py:545} INFO - Filling up the DagBag from /Users/symbat/airflow_local/.venv/lib/python3.11/site-packages/airflow/example_dags/example_trigger_target_dag.py
[2025-12-06T04:26:29.934+0500] {processor.py:840} INFO - DAG(s) 'example_trigger_target_dag' retrieved from /Users/symbat/airflow_local/.venv/lib/python3.11/site-packages/airflow/example_dags/example_trigger_target_dag.py
[2025-12-06T04:26:29.990+0500] {logging_mixin.py:188} INFO - [2025-12-06T04:26:29.990+0500] {dag.py:3089} INFO - Sync 1 DAGs
[2025-12-06T04:26:30.000+0500] {logging_mixin.py:188} INFO - [2025-12-06T04:26:29.999+0500] {dag.py:3947} INFO - Setting next_dagrun for example_trigger_target_dag to None, run_after=None
[2025-12-06T04:26:30.017+0500] {processor.py:183} INFO - Processing /Users/symbat/airflow_local/.venv/lib/python3.11/site-packages/airflow/example_dags/example_trigger_target_dag.py took 0.120 seconds
[2025-12-06T04:28:08.521+0500] {processor.py:161} INFO - Started process (PID=83565) to work on /Users/symbat/airflow_local/.venv/lib/python3.11/site-packages/airflow/example_dags/example_trigger_target_dag.py
[2025-12-06T04:28:08.522+0500] {processor.py:830} INFO - Processing file /Users/symbat/airflow_local/.venv/lib/python3.11/site-packages/airflow/example_dags/example_trigger_target_dag.py for tasks to queue
[2025-12-06T04:28:08.523+0500] {logging_mixin.py:188} INFO - [2025-12-06T04:28:08.523+0500] {dagbag.py:545} INFO - Filling up the DagBag from /Users/symbat/airflow_local/.venv/lib/python3.11/site-packages/airflow/example_dags/example_trigger_target_dag.py
[2025-12-06T04:28:08.538+0500] {processor.py:840} INFO - DAG(s) 'example_trigger_target_dag' retrieved from /Users/symbat/airflow_local/.venv/lib/python3.11/site-packages/airflow/example_dags/example_trigger_target_dag.py
[2025-12-06T04:28:08.581+0500] {logging_mixin.py:188} INFO - [2025-12-06T04:28:08.581+0500] {dag.py:3089} INFO - Sync 1 DAGs
[2025-12-06T04:28:08.585+0500] {logging_mixin.py:188} INFO - [2025-12-06T04:28:08.585+0500] {dag.py:3947} INFO - Setting next_dagrun for example_trigger_target_dag to None, run_after=None
[2025-12-06T04:28:08.594+0500] {processor.py:183} INFO - Processing /Users/symbat/airflow_local/.venv/lib/python3.11/site-packages/airflow/example_dags/example_trigger_target_dag.py took 0.075 seconds
[2025-12-06T04:29:57.880+0500] {processor.py:161} INFO - Started process (PID=83766) to work on /Users/symbat/airflow_local/.venv/lib/python3.11/site-packages/airflow/example_dags/example_trigger_target_dag.py
[2025-12-06T04:29:57.881+0500] {processor.py:830} INFO - Processing file /Users/symbat/airflow_local/.venv/lib/python3.11/site-packages/airflow/example_dags/example_trigger_target_dag.py for tasks to queue
[2025-12-06T04:29:57.881+0500] {logging_mixin.py:188} INFO - [2025-12-06T04:29:57.881+0500] {dagbag.py:545} INFO - Filling up the DagBag from /Users/symbat/airflow_local/.venv/lib/python3.11/site-packages/airflow/example_dags/example_trigger_target_dag.py
[2025-12-06T04:29:57.898+0500] {processor.py:840} INFO - DAG(s) 'example_trigger_target_dag' retrieved from /Users/symbat/airflow_local/.venv/lib/python3.11/site-packages/airflow/example_dags/example_trigger_target_dag.py
[2025-12-06T04:29:57.938+0500] {logging_mixin.py:188} INFO - [2025-12-06T04:29:57.938+0500] {dag.py:3089} INFO - Sync 1 DAGs
[2025-12-06T04:29:57.942+0500] {logging_mixin.py:188} INFO - [2025-12-06T04:29:57.942+0500] {dag.py:3947} INFO - Setting next_dagrun for example_trigger_target_dag to None, run_after=None
[2025-12-06T04:29:57.951+0500] {processor.py:183} INFO - Processing /Users/symbat/airflow_local/.venv/lib/python3.11/site-packages/airflow/example_dags/example_trigger_target_dag.py took 0.073 seconds
[2025-12-06T04:31:52.915+0500] {processor.py:161} INFO - Started process (PID=83930) to work on /Users/symbat/airflow_local/.venv/lib/python3.11/site-packages/airflow/example_dags/example_trigger_target_dag.py
[2025-12-06T04:31:52.916+0500] {processor.py:830} INFO - Processing file /Users/symbat/airflow_local/.venv/lib/python3.11/site-packages/airflow/example_dags/example_trigger_target_dag.py for tasks to queue
[2025-12-06T04:31:52.916+0500] {logging_mixin.py:188} INFO - [2025-12-06T04:31:52.916+0500] {dagbag.py:545} INFO - Filling up the DagBag from /Users/symbat/airflow_local/.venv/lib/python3.11/site-packages/airflow/example_dags/example_trigger_target_dag.py
[2025-12-06T04:31:52.939+0500] {processor.py:840} INFO - DAG(s) 'example_trigger_target_dag' retrieved from /Users/symbat/airflow_local/.venv/lib/python3.11/site-packages/airflow/example_dags/example_trigger_target_dag.py
[2025-12-06T04:31:52.989+0500] {logging_mixin.py:188} INFO - [2025-12-06T04:31:52.989+0500] {dag.py:3089} INFO - Sync 1 DAGs
[2025-12-06T04:31:52.993+0500] {logging_mixin.py:188} INFO - [2025-12-06T04:31:52.993+0500] {dag.py:3947} INFO - Setting next_dagrun for example_trigger_target_dag to None, run_after=None
[2025-12-06T04:31:53.004+0500] {processor.py:183} INFO - Processing /Users/symbat/airflow_local/.venv/lib/python3.11/site-packages/airflow/example_dags/example_trigger_target_dag.py took 0.092 seconds
[2025-12-06T04:33:44.851+0500] {processor.py:161} INFO - Started process (PID=84140) to work on /Users/symbat/airflow_local/.venv/lib/python3.11/site-packages/airflow/example_dags/example_trigger_target_dag.py
[2025-12-06T04:33:44.852+0500] {processor.py:830} INFO - Processing file /Users/symbat/airflow_local/.venv/lib/python3.11/site-packages/airflow/example_dags/example_trigger_target_dag.py for tasks to queue
[2025-12-06T04:33:44.853+0500] {logging_mixin.py:188} INFO - [2025-12-06T04:33:44.852+0500] {dagbag.py:545} INFO - Filling up the DagBag from /Users/symbat/airflow_local/.venv/lib/python3.11/site-packages/airflow/example_dags/example_trigger_target_dag.py
[2025-12-06T04:33:44.870+0500] {processor.py:840} INFO - DAG(s) 'example_trigger_target_dag' retrieved from /Users/symbat/airflow_local/.venv/lib/python3.11/site-packages/airflow/example_dags/example_trigger_target_dag.py
[2025-12-06T04:33:44.927+0500] {logging_mixin.py:188} INFO - [2025-12-06T04:33:44.927+0500] {dag.py:3089} INFO - Sync 1 DAGs
[2025-12-06T04:33:44.931+0500] {logging_mixin.py:188} INFO - [2025-12-06T04:33:44.931+0500] {dag.py:3947} INFO - Setting next_dagrun for example_trigger_target_dag to None, run_after=None
[2025-12-06T04:33:44.942+0500] {processor.py:183} INFO - Processing /Users/symbat/airflow_local/.venv/lib/python3.11/site-packages/airflow/example_dags/example_trigger_target_dag.py took 0.095 seconds
[2025-12-06T04:35:40.512+0500] {processor.py:161} INFO - Started process (PID=84314) to work on /Users/symbat/airflow_local/.venv/lib/python3.11/site-packages/airflow/example_dags/example_trigger_target_dag.py
[2025-12-06T04:35:40.513+0500] {processor.py:830} INFO - Processing file /Users/symbat/airflow_local/.venv/lib/python3.11/site-packages/airflow/example_dags/example_trigger_target_dag.py for tasks to queue
[2025-12-06T04:35:40.513+0500] {logging_mixin.py:188} INFO - [2025-12-06T04:35:40.513+0500] {dagbag.py:545} INFO - Filling up the DagBag from /Users/symbat/airflow_local/.venv/lib/python3.11/site-packages/airflow/example_dags/example_trigger_target_dag.py
[2025-12-06T04:35:40.533+0500] {processor.py:840} INFO - DAG(s) 'example_trigger_target_dag' retrieved from /Users/symbat/airflow_local/.venv/lib/python3.11/site-packages/airflow/example_dags/example_trigger_target_dag.py
[2025-12-06T04:35:40.583+0500] {logging_mixin.py:188} INFO - [2025-12-06T04:35:40.582+0500] {dag.py:3089} INFO - Sync 1 DAGs
[2025-12-06T04:35:40.587+0500] {logging_mixin.py:188} INFO - [2025-12-06T04:35:40.587+0500] {dag.py:3947} INFO - Setting next_dagrun for example_trigger_target_dag to None, run_after=None
[2025-12-06T04:35:40.597+0500] {processor.py:183} INFO - Processing /Users/symbat/airflow_local/.venv/lib/python3.11/site-packages/airflow/example_dags/example_trigger_target_dag.py took 0.090 seconds
[2025-12-06T04:37:45.326+0500] {processor.py:161} INFO - Started process (PID=84493) to work on /Users/symbat/airflow_local/.venv/lib/python3.11/site-packages/airflow/example_dags/example_trigger_target_dag.py
[2025-12-06T04:37:45.327+0500] {processor.py:830} INFO - Processing file /Users/symbat/airflow_local/.venv/lib/python3.11/site-packages/airflow/example_dags/example_trigger_target_dag.py for tasks to queue
[2025-12-06T04:37:45.327+0500] {logging_mixin.py:188} INFO - [2025-12-06T04:37:45.327+0500] {dagbag.py:545} INFO - Filling up the DagBag from /Users/symbat/airflow_local/.venv/lib/python3.11/site-packages/airflow/example_dags/example_trigger_target_dag.py
[2025-12-06T04:37:45.358+0500] {processor.py:840} INFO - DAG(s) 'example_trigger_target_dag' retrieved from /Users/symbat/airflow_local/.venv/lib/python3.11/site-packages/airflow/example_dags/example_trigger_target_dag.py
[2025-12-06T04:37:45.401+0500] {logging_mixin.py:188} INFO - [2025-12-06T04:37:45.400+0500] {dag.py:3089} INFO - Sync 1 DAGs
[2025-12-06T04:37:45.405+0500] {logging_mixin.py:188} INFO - [2025-12-06T04:37:45.404+0500] {dag.py:3947} INFO - Setting next_dagrun for example_trigger_target_dag to None, run_after=None
[2025-12-06T04:37:45.414+0500] {processor.py:183} INFO - Processing /Users/symbat/airflow_local/.venv/lib/python3.11/site-packages/airflow/example_dags/example_trigger_target_dag.py took 0.090 seconds
