[2025-12-06T03:56:41.365+0500] {processor.py:161} INFO - Started process (PID=79613) to work on /Users/symbat/airflow_local/.venv/lib/python3.11/site-packages/airflow/example_dags/example_branch_python_dop_operator_3.py
[2025-12-06T03:56:41.366+0500] {processor.py:830} INFO - Processing file /Users/symbat/airflow_local/.venv/lib/python3.11/site-packages/airflow/example_dags/example_branch_python_dop_operator_3.py for tasks to queue
[2025-12-06T03:56:41.367+0500] {logging_mixin.py:188} INFO - [2025-12-06T03:56:41.367+0500] {dagbag.py:545} INFO - Filling up the DagBag from /Users/symbat/airflow_local/.venv/lib/python3.11/site-packages/airflow/example_dags/example_branch_python_dop_operator_3.py
[2025-12-06T03:56:41.393+0500] {processor.py:840} INFO - DAG(s) 'example_branch_dop_operator_v3' retrieved from /Users/symbat/airflow_local/.venv/lib/python3.11/site-packages/airflow/example_dags/example_branch_python_dop_operator_3.py
[2025-12-06T03:56:41.558+0500] {logging_mixin.py:188} INFO - [2025-12-06T03:56:41.558+0500] {override.py:1930} INFO - Created Permission View: can delete on DAG:example_branch_dop_operator_v3
[2025-12-06T03:56:41.563+0500] {logging_mixin.py:188} INFO - [2025-12-06T03:56:41.563+0500] {override.py:1930} INFO - Created Permission View: can read on DAG:example_branch_dop_operator_v3
[2025-12-06T03:56:41.568+0500] {logging_mixin.py:188} INFO - [2025-12-06T03:56:41.568+0500] {override.py:1930} INFO - Created Permission View: can edit on DAG:example_branch_dop_operator_v3
[2025-12-06T03:56:41.569+0500] {logging_mixin.py:188} INFO - [2025-12-06T03:56:41.569+0500] {dag.py:3089} INFO - Sync 1 DAGs
[2025-12-06T03:56:41.574+0500] {logging_mixin.py:188} INFO - [2025-12-06T03:56:41.574+0500] {dag.py:3111} INFO - Creating ORM DAG for example_branch_dop_operator_v3
[2025-12-06T03:56:41.583+0500] {logging_mixin.py:188} INFO - [2025-12-06T03:56:41.583+0500] {dag.py:3947} INFO - Setting next_dagrun for example_branch_dop_operator_v3 to 2025-12-05 22:55:00+00:00, run_after=2025-12-05 22:56:00+00:00
[2025-12-06T03:56:41.595+0500] {processor.py:183} INFO - Processing /Users/symbat/airflow_local/.venv/lib/python3.11/site-packages/airflow/example_dags/example_branch_python_dop_operator_3.py took 0.232 seconds
[2025-12-06T03:59:42.435+0500] {processor.py:161} INFO - Started process (PID=80058) to work on /Users/symbat/airflow_local/.venv/lib/python3.11/site-packages/airflow/example_dags/example_branch_python_dop_operator_3.py
[2025-12-06T03:59:42.437+0500] {processor.py:830} INFO - Processing file /Users/symbat/airflow_local/.venv/lib/python3.11/site-packages/airflow/example_dags/example_branch_python_dop_operator_3.py for tasks to queue
[2025-12-06T03:59:42.437+0500] {logging_mixin.py:188} INFO - [2025-12-06T03:59:42.437+0500] {dagbag.py:545} INFO - Filling up the DagBag from /Users/symbat/airflow_local/.venv/lib/python3.11/site-packages/airflow/example_dags/example_branch_python_dop_operator_3.py
[2025-12-06T03:59:42.467+0500] {processor.py:840} INFO - DAG(s) 'example_branch_dop_operator_v3' retrieved from /Users/symbat/airflow_local/.venv/lib/python3.11/site-packages/airflow/example_dags/example_branch_python_dop_operator_3.py
[2025-12-06T03:59:42.524+0500] {logging_mixin.py:188} INFO - [2025-12-06T03:59:42.524+0500] {dag.py:3089} INFO - Sync 1 DAGs
[2025-12-06T03:59:42.537+0500] {logging_mixin.py:188} INFO - [2025-12-06T03:59:42.537+0500] {dag.py:3947} INFO - Setting next_dagrun for example_branch_dop_operator_v3 to 2025-12-05 22:58:00+00:00, run_after=2025-12-05 22:59:00+00:00
[2025-12-06T03:59:42.549+0500] {processor.py:183} INFO - Processing /Users/symbat/airflow_local/.venv/lib/python3.11/site-packages/airflow/example_dags/example_branch_python_dop_operator_3.py took 0.118 seconds
[2025-12-06T04:03:01.391+0500] {processor.py:161} INFO - Started process (PID=80869) to work on /Users/symbat/airflow_local/.venv/lib/python3.11/site-packages/airflow/example_dags/example_branch_python_dop_operator_3.py
[2025-12-06T04:03:01.392+0500] {processor.py:830} INFO - Processing file /Users/symbat/airflow_local/.venv/lib/python3.11/site-packages/airflow/example_dags/example_branch_python_dop_operator_3.py for tasks to queue
[2025-12-06T04:03:01.392+0500] {logging_mixin.py:188} INFO - [2025-12-06T04:03:01.392+0500] {dagbag.py:545} INFO - Filling up the DagBag from /Users/symbat/airflow_local/.venv/lib/python3.11/site-packages/airflow/example_dags/example_branch_python_dop_operator_3.py
[2025-12-06T04:03:01.412+0500] {processor.py:840} INFO - DAG(s) 'example_branch_dop_operator_v3' retrieved from /Users/symbat/airflow_local/.venv/lib/python3.11/site-packages/airflow/example_dags/example_branch_python_dop_operator_3.py
[2025-12-06T04:03:01.461+0500] {logging_mixin.py:188} INFO - [2025-12-06T04:03:01.461+0500] {dag.py:3089} INFO - Sync 1 DAGs
[2025-12-06T04:03:01.472+0500] {logging_mixin.py:188} INFO - [2025-12-06T04:03:01.472+0500] {dag.py:3947} INFO - Setting next_dagrun for example_branch_dop_operator_v3 to 2025-12-05 23:02:00+00:00, run_after=2025-12-05 23:03:00+00:00
[2025-12-06T04:03:01.483+0500] {processor.py:183} INFO - Processing /Users/symbat/airflow_local/.venv/lib/python3.11/site-packages/airflow/example_dags/example_branch_python_dop_operator_3.py took 0.093 seconds
[2025-12-06T04:06:26.858+0500] {processor.py:161} INFO - Started process (PID=81455) to work on /Users/symbat/airflow_local/.venv/lib/python3.11/site-packages/airflow/example_dags/example_branch_python_dop_operator_3.py
[2025-12-06T04:06:26.859+0500] {processor.py:830} INFO - Processing file /Users/symbat/airflow_local/.venv/lib/python3.11/site-packages/airflow/example_dags/example_branch_python_dop_operator_3.py for tasks to queue
[2025-12-06T04:06:26.859+0500] {logging_mixin.py:188} INFO - [2025-12-06T04:06:26.859+0500] {dagbag.py:545} INFO - Filling up the DagBag from /Users/symbat/airflow_local/.venv/lib/python3.11/site-packages/airflow/example_dags/example_branch_python_dop_operator_3.py
[2025-12-06T04:06:26.908+0500] {processor.py:840} INFO - DAG(s) 'example_branch_dop_operator_v3' retrieved from /Users/symbat/airflow_local/.venv/lib/python3.11/site-packages/airflow/example_dags/example_branch_python_dop_operator_3.py
[2025-12-06T04:06:26.998+0500] {logging_mixin.py:188} INFO - [2025-12-06T04:06:26.998+0500] {dag.py:3089} INFO - Sync 1 DAGs
[2025-12-06T04:06:27.017+0500] {logging_mixin.py:188} INFO - [2025-12-06T04:06:27.017+0500] {dag.py:3947} INFO - Setting next_dagrun for example_branch_dop_operator_v3 to 2025-12-05 23:05:00+00:00, run_after=2025-12-05 23:06:00+00:00
[2025-12-06T04:06:27.044+0500] {processor.py:183} INFO - Processing /Users/symbat/airflow_local/.venv/lib/python3.11/site-packages/airflow/example_dags/example_branch_python_dop_operator_3.py took 0.190 seconds
[2025-12-06T04:09:51.593+0500] {processor.py:161} INFO - Started process (PID=81718) to work on /Users/symbat/airflow_local/.venv/lib/python3.11/site-packages/airflow/example_dags/example_branch_python_dop_operator_3.py
[2025-12-06T04:09:51.594+0500] {processor.py:830} INFO - Processing file /Users/symbat/airflow_local/.venv/lib/python3.11/site-packages/airflow/example_dags/example_branch_python_dop_operator_3.py for tasks to queue
[2025-12-06T04:09:51.595+0500] {logging_mixin.py:188} INFO - [2025-12-06T04:09:51.594+0500] {dagbag.py:545} INFO - Filling up the DagBag from /Users/symbat/airflow_local/.venv/lib/python3.11/site-packages/airflow/example_dags/example_branch_python_dop_operator_3.py
[2025-12-06T04:09:51.629+0500] {processor.py:840} INFO - DAG(s) 'example_branch_dop_operator_v3' retrieved from /Users/symbat/airflow_local/.venv/lib/python3.11/site-packages/airflow/example_dags/example_branch_python_dop_operator_3.py
[2025-12-06T04:09:51.697+0500] {logging_mixin.py:188} INFO - [2025-12-06T04:09:51.697+0500] {dag.py:3089} INFO - Sync 1 DAGs
[2025-12-06T04:09:51.712+0500] {logging_mixin.py:188} INFO - [2025-12-06T04:09:51.712+0500] {dag.py:3947} INFO - Setting next_dagrun for example_branch_dop_operator_v3 to 2025-12-05 23:08:00+00:00, run_after=2025-12-05 23:09:00+00:00
[2025-12-06T04:09:51.727+0500] {processor.py:183} INFO - Processing /Users/symbat/airflow_local/.venv/lib/python3.11/site-packages/airflow/example_dags/example_branch_python_dop_operator_3.py took 0.140 seconds
[2025-12-06T04:13:08.026+0500] {processor.py:161} INFO - Started process (PID=82016) to work on /Users/symbat/airflow_local/.venv/lib/python3.11/site-packages/airflow/example_dags/example_branch_python_dop_operator_3.py
[2025-12-06T04:13:08.027+0500] {processor.py:830} INFO - Processing file /Users/symbat/airflow_local/.venv/lib/python3.11/site-packages/airflow/example_dags/example_branch_python_dop_operator_3.py for tasks to queue
[2025-12-06T04:13:08.028+0500] {logging_mixin.py:188} INFO - [2025-12-06T04:13:08.028+0500] {dagbag.py:545} INFO - Filling up the DagBag from /Users/symbat/airflow_local/.venv/lib/python3.11/site-packages/airflow/example_dags/example_branch_python_dop_operator_3.py
[2025-12-06T04:13:08.052+0500] {processor.py:840} INFO - DAG(s) 'example_branch_dop_operator_v3' retrieved from /Users/symbat/airflow_local/.venv/lib/python3.11/site-packages/airflow/example_dags/example_branch_python_dop_operator_3.py
[2025-12-06T04:13:08.124+0500] {logging_mixin.py:188} INFO - [2025-12-06T04:13:08.123+0500] {dag.py:3089} INFO - Sync 1 DAGs
[2025-12-06T04:13:08.138+0500] {logging_mixin.py:188} INFO - [2025-12-06T04:13:08.138+0500] {dag.py:3947} INFO - Setting next_dagrun for example_branch_dop_operator_v3 to 2025-12-05 23:12:00+00:00, run_after=2025-12-05 23:13:00+00:00
[2025-12-06T04:13:08.154+0500] {processor.py:183} INFO - Processing /Users/symbat/airflow_local/.venv/lib/python3.11/site-packages/airflow/example_dags/example_branch_python_dop_operator_3.py took 0.130 seconds
[2025-12-06T04:16:24.476+0500] {processor.py:161} INFO - Started process (PID=82258) to work on /Users/symbat/airflow_local/.venv/lib/python3.11/site-packages/airflow/example_dags/example_branch_python_dop_operator_3.py
[2025-12-06T04:16:24.477+0500] {processor.py:830} INFO - Processing file /Users/symbat/airflow_local/.venv/lib/python3.11/site-packages/airflow/example_dags/example_branch_python_dop_operator_3.py for tasks to queue
[2025-12-06T04:16:24.477+0500] {logging_mixin.py:188} INFO - [2025-12-06T04:16:24.477+0500] {dagbag.py:545} INFO - Filling up the DagBag from /Users/symbat/airflow_local/.venv/lib/python3.11/site-packages/airflow/example_dags/example_branch_python_dop_operator_3.py
[2025-12-06T04:16:24.501+0500] {processor.py:840} INFO - DAG(s) 'example_branch_dop_operator_v3' retrieved from /Users/symbat/airflow_local/.venv/lib/python3.11/site-packages/airflow/example_dags/example_branch_python_dop_operator_3.py
[2025-12-06T04:16:24.552+0500] {logging_mixin.py:188} INFO - [2025-12-06T04:16:24.552+0500] {dag.py:3089} INFO - Sync 1 DAGs
[2025-12-06T04:16:24.563+0500] {logging_mixin.py:188} INFO - [2025-12-06T04:16:24.563+0500] {dag.py:3947} INFO - Setting next_dagrun for example_branch_dop_operator_v3 to 2025-12-05 23:15:00+00:00, run_after=2025-12-05 23:16:00+00:00
[2025-12-06T04:16:24.574+0500] {processor.py:183} INFO - Processing /Users/symbat/airflow_local/.venv/lib/python3.11/site-packages/airflow/example_dags/example_branch_python_dop_operator_3.py took 0.100 seconds
[2025-12-06T04:19:31.372+0500] {processor.py:161} INFO - Started process (PID=82465) to work on /Users/symbat/airflow_local/.venv/lib/python3.11/site-packages/airflow/example_dags/example_branch_python_dop_operator_3.py
[2025-12-06T04:19:31.373+0500] {processor.py:830} INFO - Processing file /Users/symbat/airflow_local/.venv/lib/python3.11/site-packages/airflow/example_dags/example_branch_python_dop_operator_3.py for tasks to queue
[2025-12-06T04:19:31.374+0500] {logging_mixin.py:188} INFO - [2025-12-06T04:19:31.374+0500] {dagbag.py:545} INFO - Filling up the DagBag from /Users/symbat/airflow_local/.venv/lib/python3.11/site-packages/airflow/example_dags/example_branch_python_dop_operator_3.py
[2025-12-06T04:19:31.399+0500] {processor.py:840} INFO - DAG(s) 'example_branch_dop_operator_v3' retrieved from /Users/symbat/airflow_local/.venv/lib/python3.11/site-packages/airflow/example_dags/example_branch_python_dop_operator_3.py
[2025-12-06T04:19:31.463+0500] {logging_mixin.py:188} INFO - [2025-12-06T04:19:31.462+0500] {dag.py:3089} INFO - Sync 1 DAGs
[2025-12-06T04:19:31.478+0500] {logging_mixin.py:188} INFO - [2025-12-06T04:19:31.478+0500] {dag.py:3947} INFO - Setting next_dagrun for example_branch_dop_operator_v3 to 2025-12-05 23:18:00+00:00, run_after=2025-12-05 23:19:00+00:00
[2025-12-06T04:19:31.491+0500] {processor.py:183} INFO - Processing /Users/symbat/airflow_local/.venv/lib/python3.11/site-packages/airflow/example_dags/example_branch_python_dop_operator_3.py took 0.121 seconds
[2025-12-06T04:22:30.507+0500] {processor.py:161} INFO - Started process (PID=82667) to work on /Users/symbat/airflow_local/.venv/lib/python3.11/site-packages/airflow/example_dags/example_branch_python_dop_operator_3.py
[2025-12-06T04:22:30.507+0500] {processor.py:830} INFO - Processing file /Users/symbat/airflow_local/.venv/lib/python3.11/site-packages/airflow/example_dags/example_branch_python_dop_operator_3.py for tasks to queue
[2025-12-06T04:22:30.508+0500] {logging_mixin.py:188} INFO - [2025-12-06T04:22:30.508+0500] {dagbag.py:545} INFO - Filling up the DagBag from /Users/symbat/airflow_local/.venv/lib/python3.11/site-packages/airflow/example_dags/example_branch_python_dop_operator_3.py
[2025-12-06T04:22:30.530+0500] {processor.py:840} INFO - DAG(s) 'example_branch_dop_operator_v3' retrieved from /Users/symbat/airflow_local/.venv/lib/python3.11/site-packages/airflow/example_dags/example_branch_python_dop_operator_3.py
[2025-12-06T04:22:30.574+0500] {logging_mixin.py:188} INFO - [2025-12-06T04:22:30.574+0500] {dag.py:3089} INFO - Sync 1 DAGs
[2025-12-06T04:22:30.586+0500] {logging_mixin.py:188} INFO - [2025-12-06T04:22:30.586+0500] {dag.py:3947} INFO - Setting next_dagrun for example_branch_dop_operator_v3 to 2025-12-05 23:21:00+00:00, run_after=2025-12-05 23:22:00+00:00
[2025-12-06T04:22:30.596+0500] {processor.py:183} INFO - Processing /Users/symbat/airflow_local/.venv/lib/python3.11/site-packages/airflow/example_dags/example_branch_python_dop_operator_3.py took 0.092 seconds
[2025-12-06T04:25:33.670+0500] {processor.py:161} INFO - Started process (PID=83147) to work on /Users/symbat/airflow_local/.venv/lib/python3.11/site-packages/airflow/example_dags/example_branch_python_dop_operator_3.py
[2025-12-06T04:25:33.671+0500] {processor.py:830} INFO - Processing file /Users/symbat/airflow_local/.venv/lib/python3.11/site-packages/airflow/example_dags/example_branch_python_dop_operator_3.py for tasks to queue
[2025-12-06T04:25:33.671+0500] {logging_mixin.py:188} INFO - [2025-12-06T04:25:33.671+0500] {dagbag.py:545} INFO - Filling up the DagBag from /Users/symbat/airflow_local/.venv/lib/python3.11/site-packages/airflow/example_dags/example_branch_python_dop_operator_3.py
[2025-12-06T04:25:33.697+0500] {processor.py:840} INFO - DAG(s) 'example_branch_dop_operator_v3' retrieved from /Users/symbat/airflow_local/.venv/lib/python3.11/site-packages/airflow/example_dags/example_branch_python_dop_operator_3.py
[2025-12-06T04:25:33.768+0500] {logging_mixin.py:188} INFO - [2025-12-06T04:25:33.768+0500] {dag.py:3089} INFO - Sync 1 DAGs
[2025-12-06T04:25:33.781+0500] {logging_mixin.py:188} INFO - [2025-12-06T04:25:33.781+0500] {dag.py:3947} INFO - Setting next_dagrun for example_branch_dop_operator_v3 to 2025-12-05 23:24:00+00:00, run_after=2025-12-05 23:25:00+00:00
[2025-12-06T04:25:33.797+0500] {processor.py:183} INFO - Processing /Users/symbat/airflow_local/.venv/lib/python3.11/site-packages/airflow/example_dags/example_branch_python_dop_operator_3.py took 0.129 seconds
[2025-12-06T04:28:57.595+0500] {processor.py:161} INFO - Started process (PID=83661) to work on /Users/symbat/airflow_local/.venv/lib/python3.11/site-packages/airflow/example_dags/example_branch_python_dop_operator_3.py
[2025-12-06T04:28:57.596+0500] {processor.py:830} INFO - Processing file /Users/symbat/airflow_local/.venv/lib/python3.11/site-packages/airflow/example_dags/example_branch_python_dop_operator_3.py for tasks to queue
[2025-12-06T04:28:57.596+0500] {logging_mixin.py:188} INFO - [2025-12-06T04:28:57.596+0500] {dagbag.py:545} INFO - Filling up the DagBag from /Users/symbat/airflow_local/.venv/lib/python3.11/site-packages/airflow/example_dags/example_branch_python_dop_operator_3.py
[2025-12-06T04:28:57.620+0500] {processor.py:840} INFO - DAG(s) 'example_branch_dop_operator_v3' retrieved from /Users/symbat/airflow_local/.venv/lib/python3.11/site-packages/airflow/example_dags/example_branch_python_dop_operator_3.py
[2025-12-06T04:28:57.662+0500] {logging_mixin.py:188} INFO - [2025-12-06T04:28:57.661+0500] {dag.py:3089} INFO - Sync 1 DAGs
[2025-12-06T04:28:57.671+0500] {logging_mixin.py:188} INFO - [2025-12-06T04:28:57.671+0500] {dag.py:3947} INFO - Setting next_dagrun for example_branch_dop_operator_v3 to 2025-12-05 23:27:00+00:00, run_after=2025-12-05 23:28:00+00:00
[2025-12-06T04:28:57.680+0500] {processor.py:183} INFO - Processing /Users/symbat/airflow_local/.venv/lib/python3.11/site-packages/airflow/example_dags/example_branch_python_dop_operator_3.py took 0.087 seconds
[2025-12-06T04:32:53.259+0500] {processor.py:161} INFO - Started process (PID=84033) to work on /Users/symbat/airflow_local/.venv/lib/python3.11/site-packages/airflow/example_dags/example_branch_python_dop_operator_3.py
[2025-12-06T04:32:53.260+0500] {processor.py:830} INFO - Processing file /Users/symbat/airflow_local/.venv/lib/python3.11/site-packages/airflow/example_dags/example_branch_python_dop_operator_3.py for tasks to queue
[2025-12-06T04:32:53.260+0500] {logging_mixin.py:188} INFO - [2025-12-06T04:32:53.260+0500] {dagbag.py:545} INFO - Filling up the DagBag from /Users/symbat/airflow_local/.venv/lib/python3.11/site-packages/airflow/example_dags/example_branch_python_dop_operator_3.py
[2025-12-06T04:32:53.277+0500] {processor.py:840} INFO - DAG(s) 'example_branch_dop_operator_v3' retrieved from /Users/symbat/airflow_local/.venv/lib/python3.11/site-packages/airflow/example_dags/example_branch_python_dop_operator_3.py
[2025-12-06T04:32:53.323+0500] {logging_mixin.py:188} INFO - [2025-12-06T04:32:53.323+0500] {dag.py:3089} INFO - Sync 1 DAGs
[2025-12-06T04:32:53.332+0500] {logging_mixin.py:188} INFO - [2025-12-06T04:32:53.332+0500] {dag.py:3947} INFO - Setting next_dagrun for example_branch_dop_operator_v3 to 2025-12-05 23:31:00+00:00, run_after=2025-12-05 23:32:00+00:00
[2025-12-06T04:32:53.342+0500] {processor.py:183} INFO - Processing /Users/symbat/airflow_local/.venv/lib/python3.11/site-packages/airflow/example_dags/example_branch_python_dop_operator_3.py took 0.085 seconds
[2025-12-06T04:36:51.576+0500] {processor.py:161} INFO - Started process (PID=84416) to work on /Users/symbat/airflow_local/.venv/lib/python3.11/site-packages/airflow/example_dags/example_branch_python_dop_operator_3.py
[2025-12-06T04:36:51.577+0500] {processor.py:830} INFO - Processing file /Users/symbat/airflow_local/.venv/lib/python3.11/site-packages/airflow/example_dags/example_branch_python_dop_operator_3.py for tasks to queue
[2025-12-06T04:36:51.577+0500] {logging_mixin.py:188} INFO - [2025-12-06T04:36:51.577+0500] {dagbag.py:545} INFO - Filling up the DagBag from /Users/symbat/airflow_local/.venv/lib/python3.11/site-packages/airflow/example_dags/example_branch_python_dop_operator_3.py
[2025-12-06T04:36:51.599+0500] {processor.py:840} INFO - DAG(s) 'example_branch_dop_operator_v3' retrieved from /Users/symbat/airflow_local/.venv/lib/python3.11/site-packages/airflow/example_dags/example_branch_python_dop_operator_3.py
[2025-12-06T04:36:51.643+0500] {logging_mixin.py:188} INFO - [2025-12-06T04:36:51.643+0500] {dag.py:3089} INFO - Sync 1 DAGs
[2025-12-06T04:36:51.652+0500] {logging_mixin.py:188} INFO - [2025-12-06T04:36:51.652+0500] {dag.py:3947} INFO - Setting next_dagrun for example_branch_dop_operator_v3 to 2025-12-05 23:35:00+00:00, run_after=2025-12-05 23:36:00+00:00
[2025-12-06T04:36:51.662+0500] {processor.py:183} INFO - Processing /Users/symbat/airflow_local/.venv/lib/python3.11/site-packages/airflow/example_dags/example_branch_python_dop_operator_3.py took 0.088 seconds
