[2025-12-06T03:56:24.775+0500] {processor.py:161} INFO - Started process (PID=79593) to work on /Users/symbat/airflow_local/.venv/lib/python3.11/site-packages/airflow/example_dags/example_kubernetes_executor.py
[2025-12-06T03:56:24.776+0500] {processor.py:830} INFO - Processing file /Users/symbat/airflow_local/.venv/lib/python3.11/site-packages/airflow/example_dags/example_kubernetes_executor.py for tasks to queue
[2025-12-06T03:56:24.776+0500] {logging_mixin.py:188} INFO - [2025-12-06T03:56:24.776+0500] {dagbag.py:545} INFO - Filling up the DagBag from /Users/symbat/airflow_local/.venv/lib/python3.11/site-packages/airflow/example_dags/example_kubernetes_executor.py
[2025-12-06T03:56:24.798+0500] {logging_mixin.py:188} INFO - [2025-12-06T03:56:24.798+0500] {example_kubernetes_executor.py:39} WARNING - The example_kubernetes_executor example DAG requires the kubernetes provider. Please install it with: pip install apache-airflow[cncf.kubernetes]
[2025-12-06T03:56:24.798+0500] {processor.py:842} WARNING - No viable dags retrieved from /Users/symbat/airflow_local/.venv/lib/python3.11/site-packages/airflow/example_dags/example_kubernetes_executor.py
[2025-12-06T03:56:24.834+0500] {processor.py:183} INFO - Processing /Users/symbat/airflow_local/.venv/lib/python3.11/site-packages/airflow/example_dags/example_kubernetes_executor.py took 0.062 seconds
[2025-12-06T03:58:22.401+0500] {processor.py:161} INFO - Started process (PID=79721) to work on /Users/symbat/airflow_local/.venv/lib/python3.11/site-packages/airflow/example_dags/example_kubernetes_executor.py
[2025-12-06T03:58:22.402+0500] {processor.py:830} INFO - Processing file /Users/symbat/airflow_local/.venv/lib/python3.11/site-packages/airflow/example_dags/example_kubernetes_executor.py for tasks to queue
[2025-12-06T03:58:22.402+0500] {logging_mixin.py:188} INFO - [2025-12-06T03:58:22.402+0500] {dagbag.py:545} INFO - Filling up the DagBag from /Users/symbat/airflow_local/.venv/lib/python3.11/site-packages/airflow/example_dags/example_kubernetes_executor.py
[2025-12-06T03:58:22.419+0500] {logging_mixin.py:188} INFO - [2025-12-06T03:58:22.418+0500] {example_kubernetes_executor.py:39} WARNING - The example_kubernetes_executor example DAG requires the kubernetes provider. Please install it with: pip install apache-airflow[cncf.kubernetes]
[2025-12-06T03:58:22.419+0500] {processor.py:842} WARNING - No viable dags retrieved from /Users/symbat/airflow_local/.venv/lib/python3.11/site-packages/airflow/example_dags/example_kubernetes_executor.py
[2025-12-06T03:58:22.455+0500] {processor.py:183} INFO - Processing /Users/symbat/airflow_local/.venv/lib/python3.11/site-packages/airflow/example_dags/example_kubernetes_executor.py took 0.056 seconds
[2025-12-06T04:01:32.392+0500] {processor.py:161} INFO - Started process (PID=80433) to work on /Users/symbat/airflow_local/.venv/lib/python3.11/site-packages/airflow/example_dags/example_kubernetes_executor.py
[2025-12-06T04:01:32.393+0500] {processor.py:830} INFO - Processing file /Users/symbat/airflow_local/.venv/lib/python3.11/site-packages/airflow/example_dags/example_kubernetes_executor.py for tasks to queue
[2025-12-06T04:01:32.394+0500] {logging_mixin.py:188} INFO - [2025-12-06T04:01:32.393+0500] {dagbag.py:545} INFO - Filling up the DagBag from /Users/symbat/airflow_local/.venv/lib/python3.11/site-packages/airflow/example_dags/example_kubernetes_executor.py
[2025-12-06T04:01:32.425+0500] {logging_mixin.py:188} INFO - [2025-12-06T04:01:32.425+0500] {example_kubernetes_executor.py:39} WARNING - The example_kubernetes_executor example DAG requires the kubernetes provider. Please install it with: pip install apache-airflow[cncf.kubernetes]
[2025-12-06T04:01:32.425+0500] {processor.py:842} WARNING - No viable dags retrieved from /Users/symbat/airflow_local/.venv/lib/python3.11/site-packages/airflow/example_dags/example_kubernetes_executor.py
[2025-12-06T04:01:32.474+0500] {processor.py:183} INFO - Processing /Users/symbat/airflow_local/.venv/lib/python3.11/site-packages/airflow/example_dags/example_kubernetes_executor.py took 0.084 seconds
[2025-12-06T04:04:52.199+0500] {processor.py:161} INFO - Started process (PID=81085) to work on /Users/symbat/airflow_local/.venv/lib/python3.11/site-packages/airflow/example_dags/example_kubernetes_executor.py
[2025-12-06T04:04:52.201+0500] {processor.py:830} INFO - Processing file /Users/symbat/airflow_local/.venv/lib/python3.11/site-packages/airflow/example_dags/example_kubernetes_executor.py for tasks to queue
[2025-12-06T04:04:52.201+0500] {logging_mixin.py:188} INFO - [2025-12-06T04:04:52.201+0500] {dagbag.py:545} INFO - Filling up the DagBag from /Users/symbat/airflow_local/.venv/lib/python3.11/site-packages/airflow/example_dags/example_kubernetes_executor.py
[2025-12-06T04:04:52.228+0500] {logging_mixin.py:188} INFO - [2025-12-06T04:04:52.227+0500] {example_kubernetes_executor.py:39} WARNING - The example_kubernetes_executor example DAG requires the kubernetes provider. Please install it with: pip install apache-airflow[cncf.kubernetes]
[2025-12-06T04:04:52.228+0500] {processor.py:842} WARNING - No viable dags retrieved from /Users/symbat/airflow_local/.venv/lib/python3.11/site-packages/airflow/example_dags/example_kubernetes_executor.py
[2025-12-06T04:04:52.285+0500] {processor.py:183} INFO - Processing /Users/symbat/airflow_local/.venv/lib/python3.11/site-packages/airflow/example_dags/example_kubernetes_executor.py took 0.091 seconds
[2025-12-06T04:08:13.478+0500] {processor.py:161} INFO - Started process (PID=81588) to work on /Users/symbat/airflow_local/.venv/lib/python3.11/site-packages/airflow/example_dags/example_kubernetes_executor.py
[2025-12-06T04:08:13.479+0500] {processor.py:830} INFO - Processing file /Users/symbat/airflow_local/.venv/lib/python3.11/site-packages/airflow/example_dags/example_kubernetes_executor.py for tasks to queue
[2025-12-06T04:08:13.480+0500] {logging_mixin.py:188} INFO - [2025-12-06T04:08:13.479+0500] {dagbag.py:545} INFO - Filling up the DagBag from /Users/symbat/airflow_local/.venv/lib/python3.11/site-packages/airflow/example_dags/example_kubernetes_executor.py
[2025-12-06T04:08:13.513+0500] {logging_mixin.py:188} INFO - [2025-12-06T04:08:13.513+0500] {example_kubernetes_executor.py:39} WARNING - The example_kubernetes_executor example DAG requires the kubernetes provider. Please install it with: pip install apache-airflow[cncf.kubernetes]
[2025-12-06T04:08:13.513+0500] {processor.py:842} WARNING - No viable dags retrieved from /Users/symbat/airflow_local/.venv/lib/python3.11/site-packages/airflow/example_dags/example_kubernetes_executor.py
[2025-12-06T04:08:13.562+0500] {processor.py:183} INFO - Processing /Users/symbat/airflow_local/.venv/lib/python3.11/site-packages/airflow/example_dags/example_kubernetes_executor.py took 0.089 seconds
[2025-12-06T04:11:38.418+0500] {processor.py:161} INFO - Started process (PID=81834) to work on /Users/symbat/airflow_local/.venv/lib/python3.11/site-packages/airflow/example_dags/example_kubernetes_executor.py
[2025-12-06T04:11:38.419+0500] {processor.py:830} INFO - Processing file /Users/symbat/airflow_local/.venv/lib/python3.11/site-packages/airflow/example_dags/example_kubernetes_executor.py for tasks to queue
[2025-12-06T04:11:38.419+0500] {logging_mixin.py:188} INFO - [2025-12-06T04:11:38.419+0500] {dagbag.py:545} INFO - Filling up the DagBag from /Users/symbat/airflow_local/.venv/lib/python3.11/site-packages/airflow/example_dags/example_kubernetes_executor.py
[2025-12-06T04:11:38.442+0500] {logging_mixin.py:188} INFO - [2025-12-06T04:11:38.442+0500] {example_kubernetes_executor.py:39} WARNING - The example_kubernetes_executor example DAG requires the kubernetes provider. Please install it with: pip install apache-airflow[cncf.kubernetes]
[2025-12-06T04:11:38.442+0500] {processor.py:842} WARNING - No viable dags retrieved from /Users/symbat/airflow_local/.venv/lib/python3.11/site-packages/airflow/example_dags/example_kubernetes_executor.py
[2025-12-06T04:11:38.485+0500] {processor.py:183} INFO - Processing /Users/symbat/airflow_local/.venv/lib/python3.11/site-packages/airflow/example_dags/example_kubernetes_executor.py took 0.070 seconds
[2025-12-06T04:14:57.336+0500] {processor.py:161} INFO - Started process (PID=82141) to work on /Users/symbat/airflow_local/.venv/lib/python3.11/site-packages/airflow/example_dags/example_kubernetes_executor.py
[2025-12-06T04:14:57.337+0500] {processor.py:830} INFO - Processing file /Users/symbat/airflow_local/.venv/lib/python3.11/site-packages/airflow/example_dags/example_kubernetes_executor.py for tasks to queue
[2025-12-06T04:14:57.337+0500] {logging_mixin.py:188} INFO - [2025-12-06T04:14:57.337+0500] {dagbag.py:545} INFO - Filling up the DagBag from /Users/symbat/airflow_local/.venv/lib/python3.11/site-packages/airflow/example_dags/example_kubernetes_executor.py
[2025-12-06T04:14:57.355+0500] {logging_mixin.py:188} INFO - [2025-12-06T04:14:57.355+0500] {example_kubernetes_executor.py:39} WARNING - The example_kubernetes_executor example DAG requires the kubernetes provider. Please install it with: pip install apache-airflow[cncf.kubernetes]
[2025-12-06T04:14:57.355+0500] {processor.py:842} WARNING - No viable dags retrieved from /Users/symbat/airflow_local/.venv/lib/python3.11/site-packages/airflow/example_dags/example_kubernetes_executor.py
[2025-12-06T04:14:57.394+0500] {processor.py:183} INFO - Processing /Users/symbat/airflow_local/.venv/lib/python3.11/site-packages/airflow/example_dags/example_kubernetes_executor.py took 0.060 seconds
[2025-12-06T04:18:06.218+0500] {processor.py:161} INFO - Started process (PID=82370) to work on /Users/symbat/airflow_local/.venv/lib/python3.11/site-packages/airflow/example_dags/example_kubernetes_executor.py
[2025-12-06T04:18:06.218+0500] {processor.py:830} INFO - Processing file /Users/symbat/airflow_local/.venv/lib/python3.11/site-packages/airflow/example_dags/example_kubernetes_executor.py for tasks to queue
[2025-12-06T04:18:06.219+0500] {logging_mixin.py:188} INFO - [2025-12-06T04:18:06.219+0500] {dagbag.py:545} INFO - Filling up the DagBag from /Users/symbat/airflow_local/.venv/lib/python3.11/site-packages/airflow/example_dags/example_kubernetes_executor.py
[2025-12-06T04:18:06.238+0500] {logging_mixin.py:188} INFO - [2025-12-06T04:18:06.237+0500] {example_kubernetes_executor.py:39} WARNING - The example_kubernetes_executor example DAG requires the kubernetes provider. Please install it with: pip install apache-airflow[cncf.kubernetes]
[2025-12-06T04:18:06.238+0500] {processor.py:842} WARNING - No viable dags retrieved from /Users/symbat/airflow_local/.venv/lib/python3.11/site-packages/airflow/example_dags/example_kubernetes_executor.py
[2025-12-06T04:18:06.273+0500] {processor.py:183} INFO - Processing /Users/symbat/airflow_local/.venv/lib/python3.11/site-packages/airflow/example_dags/example_kubernetes_executor.py took 0.058 seconds
[2025-12-06T04:21:10.153+0500] {processor.py:161} INFO - Started process (PID=82564) to work on /Users/symbat/airflow_local/.venv/lib/python3.11/site-packages/airflow/example_dags/example_kubernetes_executor.py
[2025-12-06T04:21:10.153+0500] {processor.py:830} INFO - Processing file /Users/symbat/airflow_local/.venv/lib/python3.11/site-packages/airflow/example_dags/example_kubernetes_executor.py for tasks to queue
[2025-12-06T04:21:10.154+0500] {logging_mixin.py:188} INFO - [2025-12-06T04:21:10.154+0500] {dagbag.py:545} INFO - Filling up the DagBag from /Users/symbat/airflow_local/.venv/lib/python3.11/site-packages/airflow/example_dags/example_kubernetes_executor.py
[2025-12-06T04:21:10.171+0500] {logging_mixin.py:188} INFO - [2025-12-06T04:21:10.171+0500] {example_kubernetes_executor.py:39} WARNING - The example_kubernetes_executor example DAG requires the kubernetes provider. Please install it with: pip install apache-airflow[cncf.kubernetes]
[2025-12-06T04:21:10.171+0500] {processor.py:842} WARNING - No viable dags retrieved from /Users/symbat/airflow_local/.venv/lib/python3.11/site-packages/airflow/example_dags/example_kubernetes_executor.py
[2025-12-06T04:21:10.209+0500] {processor.py:183} INFO - Processing /Users/symbat/airflow_local/.venv/lib/python3.11/site-packages/airflow/example_dags/example_kubernetes_executor.py took 0.058 seconds
[2025-12-06T04:23:59.104+0500] {processor.py:161} INFO - Started process (PID=82772) to work on /Users/symbat/airflow_local/.venv/lib/python3.11/site-packages/airflow/example_dags/example_kubernetes_executor.py
[2025-12-06T04:23:59.105+0500] {processor.py:830} INFO - Processing file /Users/symbat/airflow_local/.venv/lib/python3.11/site-packages/airflow/example_dags/example_kubernetes_executor.py for tasks to queue
[2025-12-06T04:23:59.105+0500] {logging_mixin.py:188} INFO - [2025-12-06T04:23:59.105+0500] {dagbag.py:545} INFO - Filling up the DagBag from /Users/symbat/airflow_local/.venv/lib/python3.11/site-packages/airflow/example_dags/example_kubernetes_executor.py
[2025-12-06T04:23:59.129+0500] {logging_mixin.py:188} INFO - [2025-12-06T04:23:59.129+0500] {example_kubernetes_executor.py:39} WARNING - The example_kubernetes_executor example DAG requires the kubernetes provider. Please install it with: pip install apache-airflow[cncf.kubernetes]
[2025-12-06T04:23:59.129+0500] {processor.py:842} WARNING - No viable dags retrieved from /Users/symbat/airflow_local/.venv/lib/python3.11/site-packages/airflow/example_dags/example_kubernetes_executor.py
[2025-12-06T04:23:59.169+0500] {processor.py:183} INFO - Processing /Users/symbat/airflow_local/.venv/lib/python3.11/site-packages/airflow/example_dags/example_kubernetes_executor.py took 0.068 seconds
[2025-12-06T04:27:26.006+0500] {processor.py:161} INFO - Started process (PID=83373) to work on /Users/symbat/airflow_local/.venv/lib/python3.11/site-packages/airflow/example_dags/example_kubernetes_executor.py
[2025-12-06T04:27:26.007+0500] {processor.py:830} INFO - Processing file /Users/symbat/airflow_local/.venv/lib/python3.11/site-packages/airflow/example_dags/example_kubernetes_executor.py for tasks to queue
[2025-12-06T04:27:26.007+0500] {logging_mixin.py:188} INFO - [2025-12-06T04:27:26.007+0500] {dagbag.py:545} INFO - Filling up the DagBag from /Users/symbat/airflow_local/.venv/lib/python3.11/site-packages/airflow/example_dags/example_kubernetes_executor.py
[2025-12-06T04:27:26.023+0500] {logging_mixin.py:188} INFO - [2025-12-06T04:27:26.023+0500] {example_kubernetes_executor.py:39} WARNING - The example_kubernetes_executor example DAG requires the kubernetes provider. Please install it with: pip install apache-airflow[cncf.kubernetes]
[2025-12-06T04:27:26.023+0500] {processor.py:842} WARNING - No viable dags retrieved from /Users/symbat/airflow_local/.venv/lib/python3.11/site-packages/airflow/example_dags/example_kubernetes_executor.py
[2025-12-06T04:27:26.059+0500] {processor.py:183} INFO - Processing /Users/symbat/airflow_local/.venv/lib/python3.11/site-packages/airflow/example_dags/example_kubernetes_executor.py took 0.055 seconds
[2025-12-06T04:31:00.875+0500] {processor.py:161} INFO - Started process (PID=83854) to work on /Users/symbat/airflow_local/.venv/lib/python3.11/site-packages/airflow/example_dags/example_kubernetes_executor.py
[2025-12-06T04:31:00.876+0500] {processor.py:830} INFO - Processing file /Users/symbat/airflow_local/.venv/lib/python3.11/site-packages/airflow/example_dags/example_kubernetes_executor.py for tasks to queue
[2025-12-06T04:31:00.876+0500] {logging_mixin.py:188} INFO - [2025-12-06T04:31:00.876+0500] {dagbag.py:545} INFO - Filling up the DagBag from /Users/symbat/airflow_local/.venv/lib/python3.11/site-packages/airflow/example_dags/example_kubernetes_executor.py
[2025-12-06T04:31:00.894+0500] {logging_mixin.py:188} INFO - [2025-12-06T04:31:00.893+0500] {example_kubernetes_executor.py:39} WARNING - The example_kubernetes_executor example DAG requires the kubernetes provider. Please install it with: pip install apache-airflow[cncf.kubernetes]
[2025-12-06T04:31:00.894+0500] {processor.py:842} WARNING - No viable dags retrieved from /Users/symbat/airflow_local/.venv/lib/python3.11/site-packages/airflow/example_dags/example_kubernetes_executor.py
[2025-12-06T04:31:00.943+0500] {processor.py:183} INFO - Processing /Users/symbat/airflow_local/.venv/lib/python3.11/site-packages/airflow/example_dags/example_kubernetes_executor.py took 0.070 seconds
[2025-12-06T04:34:41.657+0500] {processor.py:161} INFO - Started process (PID=84227) to work on /Users/symbat/airflow_local/.venv/lib/python3.11/site-packages/airflow/example_dags/example_kubernetes_executor.py
[2025-12-06T04:34:41.658+0500] {processor.py:830} INFO - Processing file /Users/symbat/airflow_local/.venv/lib/python3.11/site-packages/airflow/example_dags/example_kubernetes_executor.py for tasks to queue
[2025-12-06T04:34:41.658+0500] {logging_mixin.py:188} INFO - [2025-12-06T04:34:41.658+0500] {dagbag.py:545} INFO - Filling up the DagBag from /Users/symbat/airflow_local/.venv/lib/python3.11/site-packages/airflow/example_dags/example_kubernetes_executor.py
[2025-12-06T04:34:41.674+0500] {logging_mixin.py:188} INFO - [2025-12-06T04:34:41.674+0500] {example_kubernetes_executor.py:39} WARNING - The example_kubernetes_executor example DAG requires the kubernetes provider. Please install it with: pip install apache-airflow[cncf.kubernetes]
[2025-12-06T04:34:41.675+0500] {processor.py:842} WARNING - No viable dags retrieved from /Users/symbat/airflow_local/.venv/lib/python3.11/site-packages/airflow/example_dags/example_kubernetes_executor.py
[2025-12-06T04:34:41.711+0500] {processor.py:183} INFO - Processing /Users/symbat/airflow_local/.venv/lib/python3.11/site-packages/airflow/example_dags/example_kubernetes_executor.py took 0.056 seconds
