[2025-12-06T03:56:48.091+0500] {processor.py:161} INFO - Started process (PID=79621) to work on /Users/symbat/airflow_local/.venv/lib/python3.11/site-packages/airflow/example_dags/example_branch_labels.py
[2025-12-06T03:56:48.092+0500] {processor.py:830} INFO - Processing file /Users/symbat/airflow_local/.venv/lib/python3.11/site-packages/airflow/example_dags/example_branch_labels.py for tasks to queue
[2025-12-06T03:56:48.092+0500] {logging_mixin.py:188} INFO - [2025-12-06T03:56:48.092+0500] {dagbag.py:545} INFO - Filling up the DagBag from /Users/symbat/airflow_local/.venv/lib/python3.11/site-packages/airflow/example_dags/example_branch_labels.py
[2025-12-06T03:56:48.099+0500] {processor.py:840} INFO - DAG(s) 'example_branch_labels' retrieved from /Users/symbat/airflow_local/.venv/lib/python3.11/site-packages/airflow/example_dags/example_branch_labels.py
[2025-12-06T03:56:48.190+0500] {logging_mixin.py:188} INFO - [2025-12-06T03:56:48.190+0500] {override.py:1930} INFO - Created Permission View: can read on DAG:example_branch_labels
[2025-12-06T03:56:48.195+0500] {logging_mixin.py:188} INFO - [2025-12-06T03:56:48.194+0500] {override.py:1930} INFO - Created Permission View: can edit on DAG:example_branch_labels
[2025-12-06T03:56:48.197+0500] {logging_mixin.py:188} INFO - [2025-12-06T03:56:48.197+0500] {override.py:1930} INFO - Created Permission View: can delete on DAG:example_branch_labels
[2025-12-06T03:56:48.197+0500] {logging_mixin.py:188} INFO - [2025-12-06T03:56:48.197+0500] {dag.py:3089} INFO - Sync 1 DAGs
[2025-12-06T03:56:48.202+0500] {logging_mixin.py:188} INFO - [2025-12-06T03:56:48.202+0500] {dag.py:3111} INFO - Creating ORM DAG for example_branch_labels
[2025-12-06T03:56:48.206+0500] {logging_mixin.py:188} INFO - [2025-12-06T03:56:48.206+0500] {dag.py:3947} INFO - Setting next_dagrun for example_branch_labels to 2025-12-04 00:00:00+00:00, run_after=2025-12-05 00:00:00+00:00
[2025-12-06T03:56:48.248+0500] {processor.py:183} INFO - Processing /Users/symbat/airflow_local/.venv/lib/python3.11/site-packages/airflow/example_dags/example_branch_labels.py took 0.160 seconds
[2025-12-06T03:59:49.285+0500] {processor.py:161} INFO - Started process (PID=80209) to work on /Users/symbat/airflow_local/.venv/lib/python3.11/site-packages/airflow/example_dags/example_branch_labels.py
[2025-12-06T03:59:49.286+0500] {processor.py:830} INFO - Processing file /Users/symbat/airflow_local/.venv/lib/python3.11/site-packages/airflow/example_dags/example_branch_labels.py for tasks to queue
[2025-12-06T03:59:49.287+0500] {logging_mixin.py:188} INFO - [2025-12-06T03:59:49.287+0500] {dagbag.py:545} INFO - Filling up the DagBag from /Users/symbat/airflow_local/.venv/lib/python3.11/site-packages/airflow/example_dags/example_branch_labels.py
[2025-12-06T03:59:49.294+0500] {processor.py:840} INFO - DAG(s) 'example_branch_labels' retrieved from /Users/symbat/airflow_local/.venv/lib/python3.11/site-packages/airflow/example_dags/example_branch_labels.py
[2025-12-06T03:59:49.350+0500] {logging_mixin.py:188} INFO - [2025-12-06T03:59:49.350+0500] {dag.py:3089} INFO - Sync 1 DAGs
[2025-12-06T03:59:49.360+0500] {logging_mixin.py:188} INFO - [2025-12-06T03:59:49.360+0500] {dag.py:3947} INFO - Setting next_dagrun for example_branch_labels to 2025-12-04 00:00:00+00:00, run_after=2025-12-05 00:00:00+00:00
[2025-12-06T03:59:49.370+0500] {processor.py:183} INFO - Processing /Users/symbat/airflow_local/.venv/lib/python3.11/site-packages/airflow/example_dags/example_branch_labels.py took 0.088 seconds
[2025-12-06T04:03:07.815+0500] {processor.py:161} INFO - Started process (PID=80909) to work on /Users/symbat/airflow_local/.venv/lib/python3.11/site-packages/airflow/example_dags/example_branch_labels.py
[2025-12-06T04:03:07.816+0500] {processor.py:830} INFO - Processing file /Users/symbat/airflow_local/.venv/lib/python3.11/site-packages/airflow/example_dags/example_branch_labels.py for tasks to queue
[2025-12-06T04:03:07.816+0500] {logging_mixin.py:188} INFO - [2025-12-06T04:03:07.816+0500] {dagbag.py:545} INFO - Filling up the DagBag from /Users/symbat/airflow_local/.venv/lib/python3.11/site-packages/airflow/example_dags/example_branch_labels.py
[2025-12-06T04:03:07.822+0500] {processor.py:840} INFO - DAG(s) 'example_branch_labels' retrieved from /Users/symbat/airflow_local/.venv/lib/python3.11/site-packages/airflow/example_dags/example_branch_labels.py
[2025-12-06T04:03:07.874+0500] {logging_mixin.py:188} INFO - [2025-12-06T04:03:07.874+0500] {dag.py:3089} INFO - Sync 1 DAGs
[2025-12-06T04:03:07.884+0500] {logging_mixin.py:188} INFO - [2025-12-06T04:03:07.883+0500] {dag.py:3947} INFO - Setting next_dagrun for example_branch_labels to 2025-12-04 00:00:00+00:00, run_after=2025-12-05 00:00:00+00:00
[2025-12-06T04:03:07.893+0500] {processor.py:183} INFO - Processing /Users/symbat/airflow_local/.venv/lib/python3.11/site-packages/airflow/example_dags/example_branch_labels.py took 0.079 seconds
[2025-12-06T04:06:35.020+0500] {processor.py:161} INFO - Started process (PID=81469) to work on /Users/symbat/airflow_local/.venv/lib/python3.11/site-packages/airflow/example_dags/example_branch_labels.py
[2025-12-06T04:06:35.022+0500] {processor.py:830} INFO - Processing file /Users/symbat/airflow_local/.venv/lib/python3.11/site-packages/airflow/example_dags/example_branch_labels.py for tasks to queue
[2025-12-06T04:06:35.023+0500] {logging_mixin.py:188} INFO - [2025-12-06T04:06:35.023+0500] {dagbag.py:545} INFO - Filling up the DagBag from /Users/symbat/airflow_local/.venv/lib/python3.11/site-packages/airflow/example_dags/example_branch_labels.py
[2025-12-06T04:06:35.039+0500] {processor.py:840} INFO - DAG(s) 'example_branch_labels' retrieved from /Users/symbat/airflow_local/.venv/lib/python3.11/site-packages/airflow/example_dags/example_branch_labels.py
[2025-12-06T04:06:35.126+0500] {logging_mixin.py:188} INFO - [2025-12-06T04:06:35.125+0500] {dag.py:3089} INFO - Sync 1 DAGs
[2025-12-06T04:06:35.144+0500] {logging_mixin.py:188} INFO - [2025-12-06T04:06:35.144+0500] {dag.py:3947} INFO - Setting next_dagrun for example_branch_labels to 2025-12-04 00:00:00+00:00, run_after=2025-12-05 00:00:00+00:00
[2025-12-06T04:06:35.154+0500] {processor.py:183} INFO - Processing /Users/symbat/airflow_local/.venv/lib/python3.11/site-packages/airflow/example_dags/example_branch_labels.py took 0.139 seconds
[2025-12-06T04:10:01.110+0500] {processor.py:161} INFO - Started process (PID=81728) to work on /Users/symbat/airflow_local/.venv/lib/python3.11/site-packages/airflow/example_dags/example_branch_labels.py
[2025-12-06T04:10:01.111+0500] {processor.py:830} INFO - Processing file /Users/symbat/airflow_local/.venv/lib/python3.11/site-packages/airflow/example_dags/example_branch_labels.py for tasks to queue
[2025-12-06T04:10:01.112+0500] {logging_mixin.py:188} INFO - [2025-12-06T04:10:01.112+0500] {dagbag.py:545} INFO - Filling up the DagBag from /Users/symbat/airflow_local/.venv/lib/python3.11/site-packages/airflow/example_dags/example_branch_labels.py
[2025-12-06T04:10:01.127+0500] {processor.py:840} INFO - DAG(s) 'example_branch_labels' retrieved from /Users/symbat/airflow_local/.venv/lib/python3.11/site-packages/airflow/example_dags/example_branch_labels.py
[2025-12-06T04:10:01.222+0500] {logging_mixin.py:188} INFO - [2025-12-06T04:10:01.222+0500] {dag.py:3089} INFO - Sync 1 DAGs
[2025-12-06T04:10:01.243+0500] {logging_mixin.py:188} INFO - [2025-12-06T04:10:01.242+0500] {dag.py:3947} INFO - Setting next_dagrun for example_branch_labels to 2025-12-04 00:00:00+00:00, run_after=2025-12-05 00:00:00+00:00
[2025-12-06T04:10:01.259+0500] {processor.py:183} INFO - Processing /Users/symbat/airflow_local/.venv/lib/python3.11/site-packages/airflow/example_dags/example_branch_labels.py took 0.154 seconds
[2025-12-06T04:13:16.836+0500] {processor.py:161} INFO - Started process (PID=82025) to work on /Users/symbat/airflow_local/.venv/lib/python3.11/site-packages/airflow/example_dags/example_branch_labels.py
[2025-12-06T04:13:16.838+0500] {processor.py:830} INFO - Processing file /Users/symbat/airflow_local/.venv/lib/python3.11/site-packages/airflow/example_dags/example_branch_labels.py for tasks to queue
[2025-12-06T04:13:16.838+0500] {logging_mixin.py:188} INFO - [2025-12-06T04:13:16.838+0500] {dagbag.py:545} INFO - Filling up the DagBag from /Users/symbat/airflow_local/.venv/lib/python3.11/site-packages/airflow/example_dags/example_branch_labels.py
[2025-12-06T04:13:16.850+0500] {processor.py:840} INFO - DAG(s) 'example_branch_labels' retrieved from /Users/symbat/airflow_local/.venv/lib/python3.11/site-packages/airflow/example_dags/example_branch_labels.py
[2025-12-06T04:13:16.951+0500] {logging_mixin.py:188} INFO - [2025-12-06T04:13:16.950+0500] {dag.py:3089} INFO - Sync 1 DAGs
[2025-12-06T04:13:16.973+0500] {logging_mixin.py:188} INFO - [2025-12-06T04:13:16.972+0500] {dag.py:3947} INFO - Setting next_dagrun for example_branch_labels to 2025-12-04 00:00:00+00:00, run_after=2025-12-05 00:00:00+00:00
[2025-12-06T04:13:16.986+0500] {processor.py:183} INFO - Processing /Users/symbat/airflow_local/.venv/lib/python3.11/site-packages/airflow/example_dags/example_branch_labels.py took 0.155 seconds
[2025-12-06T04:16:32.087+0500] {processor.py:161} INFO - Started process (PID=82265) to work on /Users/symbat/airflow_local/.venv/lib/python3.11/site-packages/airflow/example_dags/example_branch_labels.py
[2025-12-06T04:16:32.088+0500] {processor.py:830} INFO - Processing file /Users/symbat/airflow_local/.venv/lib/python3.11/site-packages/airflow/example_dags/example_branch_labels.py for tasks to queue
[2025-12-06T04:16:32.089+0500] {logging_mixin.py:188} INFO - [2025-12-06T04:16:32.089+0500] {dagbag.py:545} INFO - Filling up the DagBag from /Users/symbat/airflow_local/.venv/lib/python3.11/site-packages/airflow/example_dags/example_branch_labels.py
[2025-12-06T04:16:32.096+0500] {processor.py:840} INFO - DAG(s) 'example_branch_labels' retrieved from /Users/symbat/airflow_local/.venv/lib/python3.11/site-packages/airflow/example_dags/example_branch_labels.py
[2025-12-06T04:16:32.156+0500] {logging_mixin.py:188} INFO - [2025-12-06T04:16:32.156+0500] {dag.py:3089} INFO - Sync 1 DAGs
[2025-12-06T04:16:32.170+0500] {logging_mixin.py:188} INFO - [2025-12-06T04:16:32.170+0500] {dag.py:3947} INFO - Setting next_dagrun for example_branch_labels to 2025-12-04 00:00:00+00:00, run_after=2025-12-05 00:00:00+00:00
[2025-12-06T04:16:32.183+0500] {processor.py:183} INFO - Processing /Users/symbat/airflow_local/.venv/lib/python3.11/site-packages/airflow/example_dags/example_branch_labels.py took 0.098 seconds
[2025-12-06T04:19:40.219+0500] {processor.py:161} INFO - Started process (PID=82473) to work on /Users/symbat/airflow_local/.venv/lib/python3.11/site-packages/airflow/example_dags/example_branch_labels.py
[2025-12-06T04:19:40.221+0500] {processor.py:830} INFO - Processing file /Users/symbat/airflow_local/.venv/lib/python3.11/site-packages/airflow/example_dags/example_branch_labels.py for tasks to queue
[2025-12-06T04:19:40.222+0500] {logging_mixin.py:188} INFO - [2025-12-06T04:19:40.222+0500] {dagbag.py:545} INFO - Filling up the DagBag from /Users/symbat/airflow_local/.venv/lib/python3.11/site-packages/airflow/example_dags/example_branch_labels.py
[2025-12-06T04:19:40.229+0500] {processor.py:840} INFO - DAG(s) 'example_branch_labels' retrieved from /Users/symbat/airflow_local/.venv/lib/python3.11/site-packages/airflow/example_dags/example_branch_labels.py
[2025-12-06T04:19:40.301+0500] {logging_mixin.py:188} INFO - [2025-12-06T04:19:40.301+0500] {dag.py:3089} INFO - Sync 1 DAGs
[2025-12-06T04:19:40.312+0500] {logging_mixin.py:188} INFO - [2025-12-06T04:19:40.312+0500] {dag.py:3947} INFO - Setting next_dagrun for example_branch_labels to 2025-12-04 00:00:00+00:00, run_after=2025-12-05 00:00:00+00:00
[2025-12-06T04:19:40.324+0500] {processor.py:183} INFO - Processing /Users/symbat/airflow_local/.venv/lib/python3.11/site-packages/airflow/example_dags/example_branch_labels.py took 0.109 seconds
[2025-12-06T04:22:37.604+0500] {processor.py:161} INFO - Started process (PID=82675) to work on /Users/symbat/airflow_local/.venv/lib/python3.11/site-packages/airflow/example_dags/example_branch_labels.py
[2025-12-06T04:22:37.605+0500] {processor.py:830} INFO - Processing file /Users/symbat/airflow_local/.venv/lib/python3.11/site-packages/airflow/example_dags/example_branch_labels.py for tasks to queue
[2025-12-06T04:22:37.605+0500] {logging_mixin.py:188} INFO - [2025-12-06T04:22:37.605+0500] {dagbag.py:545} INFO - Filling up the DagBag from /Users/symbat/airflow_local/.venv/lib/python3.11/site-packages/airflow/example_dags/example_branch_labels.py
[2025-12-06T04:22:37.611+0500] {processor.py:840} INFO - DAG(s) 'example_branch_labels' retrieved from /Users/symbat/airflow_local/.venv/lib/python3.11/site-packages/airflow/example_dags/example_branch_labels.py
[2025-12-06T04:22:37.682+0500] {logging_mixin.py:188} INFO - [2025-12-06T04:22:37.682+0500] {dag.py:3089} INFO - Sync 1 DAGs
[2025-12-06T04:22:37.692+0500] {logging_mixin.py:188} INFO - [2025-12-06T04:22:37.692+0500] {dag.py:3947} INFO - Setting next_dagrun for example_branch_labels to 2025-12-04 00:00:00+00:00, run_after=2025-12-05 00:00:00+00:00
[2025-12-06T04:22:37.703+0500] {processor.py:183} INFO - Processing /Users/symbat/airflow_local/.venv/lib/python3.11/site-packages/airflow/example_dags/example_branch_labels.py took 0.101 seconds
[2025-12-06T04:25:40.327+0500] {processor.py:161} INFO - Started process (PID=83153) to work on /Users/symbat/airflow_local/.venv/lib/python3.11/site-packages/airflow/example_dags/example_branch_labels.py
[2025-12-06T04:25:40.328+0500] {processor.py:830} INFO - Processing file /Users/symbat/airflow_local/.venv/lib/python3.11/site-packages/airflow/example_dags/example_branch_labels.py for tasks to queue
[2025-12-06T04:25:40.328+0500] {logging_mixin.py:188} INFO - [2025-12-06T04:25:40.328+0500] {dagbag.py:545} INFO - Filling up the DagBag from /Users/symbat/airflow_local/.venv/lib/python3.11/site-packages/airflow/example_dags/example_branch_labels.py
[2025-12-06T04:25:40.335+0500] {processor.py:840} INFO - DAG(s) 'example_branch_labels' retrieved from /Users/symbat/airflow_local/.venv/lib/python3.11/site-packages/airflow/example_dags/example_branch_labels.py
[2025-12-06T04:25:40.389+0500] {logging_mixin.py:188} INFO - [2025-12-06T04:25:40.389+0500] {dag.py:3089} INFO - Sync 1 DAGs
[2025-12-06T04:25:40.398+0500] {logging_mixin.py:188} INFO - [2025-12-06T04:25:40.398+0500] {dag.py:3947} INFO - Setting next_dagrun for example_branch_labels to 2025-12-04 00:00:00+00:00, run_after=2025-12-05 00:00:00+00:00
[2025-12-06T04:25:40.407+0500] {processor.py:183} INFO - Processing /Users/symbat/airflow_local/.venv/lib/python3.11/site-packages/airflow/example_dags/example_branch_labels.py took 0.082 seconds
[2025-12-06T04:29:05.601+0500] {processor.py:161} INFO - Started process (PID=83668) to work on /Users/symbat/airflow_local/.venv/lib/python3.11/site-packages/airflow/example_dags/example_branch_labels.py
[2025-12-06T04:29:05.602+0500] {processor.py:830} INFO - Processing file /Users/symbat/airflow_local/.venv/lib/python3.11/site-packages/airflow/example_dags/example_branch_labels.py for tasks to queue
[2025-12-06T04:29:05.603+0500] {logging_mixin.py:188} INFO - [2025-12-06T04:29:05.603+0500] {dagbag.py:545} INFO - Filling up the DagBag from /Users/symbat/airflow_local/.venv/lib/python3.11/site-packages/airflow/example_dags/example_branch_labels.py
[2025-12-06T04:29:05.609+0500] {processor.py:840} INFO - DAG(s) 'example_branch_labels' retrieved from /Users/symbat/airflow_local/.venv/lib/python3.11/site-packages/airflow/example_dags/example_branch_labels.py
[2025-12-06T04:29:05.692+0500] {logging_mixin.py:188} INFO - [2025-12-06T04:29:05.691+0500] {dag.py:3089} INFO - Sync 1 DAGs
[2025-12-06T04:29:05.705+0500] {logging_mixin.py:188} INFO - [2025-12-06T04:29:05.705+0500] {dag.py:3947} INFO - Setting next_dagrun for example_branch_labels to 2025-12-04 00:00:00+00:00, run_after=2025-12-05 00:00:00+00:00
[2025-12-06T04:29:05.714+0500] {processor.py:183} INFO - Processing /Users/symbat/airflow_local/.venv/lib/python3.11/site-packages/airflow/example_dags/example_branch_labels.py took 0.118 seconds
[2025-12-06T04:33:01.745+0500] {processor.py:161} INFO - Started process (PID=84050) to work on /Users/symbat/airflow_local/.venv/lib/python3.11/site-packages/airflow/example_dags/example_branch_labels.py
[2025-12-06T04:33:01.746+0500] {processor.py:830} INFO - Processing file /Users/symbat/airflow_local/.venv/lib/python3.11/site-packages/airflow/example_dags/example_branch_labels.py for tasks to queue
[2025-12-06T04:33:01.746+0500] {logging_mixin.py:188} INFO - [2025-12-06T04:33:01.746+0500] {dagbag.py:545} INFO - Filling up the DagBag from /Users/symbat/airflow_local/.venv/lib/python3.11/site-packages/airflow/example_dags/example_branch_labels.py
[2025-12-06T04:33:01.753+0500] {processor.py:840} INFO - DAG(s) 'example_branch_labels' retrieved from /Users/symbat/airflow_local/.venv/lib/python3.11/site-packages/airflow/example_dags/example_branch_labels.py
[2025-12-06T04:33:01.811+0500] {logging_mixin.py:188} INFO - [2025-12-06T04:33:01.811+0500] {dag.py:3089} INFO - Sync 1 DAGs
[2025-12-06T04:33:01.820+0500] {logging_mixin.py:188} INFO - [2025-12-06T04:33:01.820+0500] {dag.py:3947} INFO - Setting next_dagrun for example_branch_labels to 2025-12-04 00:00:00+00:00, run_after=2025-12-05 00:00:00+00:00
[2025-12-06T04:33:01.830+0500] {processor.py:183} INFO - Processing /Users/symbat/airflow_local/.venv/lib/python3.11/site-packages/airflow/example_dags/example_branch_labels.py took 0.088 seconds
[2025-12-06T04:37:00.813+0500] {processor.py:161} INFO - Started process (PID=84429) to work on /Users/symbat/airflow_local/.venv/lib/python3.11/site-packages/airflow/example_dags/example_branch_labels.py
[2025-12-06T04:37:00.814+0500] {processor.py:830} INFO - Processing file /Users/symbat/airflow_local/.venv/lib/python3.11/site-packages/airflow/example_dags/example_branch_labels.py for tasks to queue
[2025-12-06T04:37:00.815+0500] {logging_mixin.py:188} INFO - [2025-12-06T04:37:00.815+0500] {dagbag.py:545} INFO - Filling up the DagBag from /Users/symbat/airflow_local/.venv/lib/python3.11/site-packages/airflow/example_dags/example_branch_labels.py
[2025-12-06T04:37:00.822+0500] {processor.py:840} INFO - DAG(s) 'example_branch_labels' retrieved from /Users/symbat/airflow_local/.venv/lib/python3.11/site-packages/airflow/example_dags/example_branch_labels.py
[2025-12-06T04:37:00.885+0500] {logging_mixin.py:188} INFO - [2025-12-06T04:37:00.885+0500] {dag.py:3089} INFO - Sync 1 DAGs
[2025-12-06T04:37:00.896+0500] {logging_mixin.py:188} INFO - [2025-12-06T04:37:00.896+0500] {dag.py:3947} INFO - Setting next_dagrun for example_branch_labels to 2025-12-04 00:00:00+00:00, run_after=2025-12-05 00:00:00+00:00
[2025-12-06T04:37:00.906+0500] {processor.py:183} INFO - Processing /Users/symbat/airflow_local/.venv/lib/python3.11/site-packages/airflow/example_dags/example_branch_labels.py took 0.097 seconds
