[2025-12-06T03:56:39.145+0500] {processor.py:161} INFO - Started process (PID=79609) to work on /Users/symbat/airflow_local/.venv/lib/python3.11/site-packages/airflow/example_dags/example_complex.py
[2025-12-06T03:56:39.146+0500] {processor.py:830} INFO - Processing file /Users/symbat/airflow_local/.venv/lib/python3.11/site-packages/airflow/example_dags/example_complex.py for tasks to queue
[2025-12-06T03:56:39.146+0500] {logging_mixin.py:188} INFO - [2025-12-06T03:56:39.146+0500] {dagbag.py:545} INFO - Filling up the DagBag from /Users/symbat/airflow_local/.venv/lib/python3.11/site-packages/airflow/example_dags/example_complex.py
[2025-12-06T03:56:39.165+0500] {processor.py:840} INFO - DAG(s) 'example_complex' retrieved from /Users/symbat/airflow_local/.venv/lib/python3.11/site-packages/airflow/example_dags/example_complex.py
[2025-12-06T03:56:39.305+0500] {logging_mixin.py:188} INFO - [2025-12-06T03:56:39.305+0500] {override.py:1930} INFO - Created Permission View: can edit on DAG:example_complex
[2025-12-06T03:56:39.310+0500] {logging_mixin.py:188} INFO - [2025-12-06T03:56:39.310+0500] {override.py:1930} INFO - Created Permission View: can delete on DAG:example_complex
[2025-12-06T03:56:39.313+0500] {logging_mixin.py:188} INFO - [2025-12-06T03:56:39.313+0500] {override.py:1930} INFO - Created Permission View: can read on DAG:example_complex
[2025-12-06T03:56:39.313+0500] {logging_mixin.py:188} INFO - [2025-12-06T03:56:39.313+0500] {dag.py:3089} INFO - Sync 1 DAGs
[2025-12-06T03:56:39.318+0500] {logging_mixin.py:188} INFO - [2025-12-06T03:56:39.318+0500] {dag.py:3111} INFO - Creating ORM DAG for example_complex
[2025-12-06T03:56:39.319+0500] {logging_mixin.py:188} INFO - [2025-12-06T03:56:39.319+0500] {dag.py:3947} INFO - Setting next_dagrun for example_complex to None, run_after=None
[2025-12-06T03:56:39.373+0500] {processor.py:183} INFO - Processing /Users/symbat/airflow_local/.venv/lib/python3.11/site-packages/airflow/example_dags/example_complex.py took 0.232 seconds
[2025-12-06T03:59:39.510+0500] {processor.py:161} INFO - Started process (PID=80056) to work on /Users/symbat/airflow_local/.venv/lib/python3.11/site-packages/airflow/example_dags/example_complex.py
[2025-12-06T03:59:39.511+0500] {processor.py:830} INFO - Processing file /Users/symbat/airflow_local/.venv/lib/python3.11/site-packages/airflow/example_dags/example_complex.py for tasks to queue
[2025-12-06T03:59:39.511+0500] {logging_mixin.py:188} INFO - [2025-12-06T03:59:39.511+0500] {dagbag.py:545} INFO - Filling up the DagBag from /Users/symbat/airflow_local/.venv/lib/python3.11/site-packages/airflow/example_dags/example_complex.py
[2025-12-06T03:59:39.518+0500] {processor.py:840} INFO - DAG(s) 'example_complex' retrieved from /Users/symbat/airflow_local/.venv/lib/python3.11/site-packages/airflow/example_dags/example_complex.py
[2025-12-06T03:59:39.578+0500] {logging_mixin.py:188} INFO - [2025-12-06T03:59:39.578+0500] {dag.py:3089} INFO - Sync 1 DAGs
[2025-12-06T03:59:39.584+0500] {logging_mixin.py:188} INFO - [2025-12-06T03:59:39.583+0500] {dag.py:3947} INFO - Setting next_dagrun for example_complex to None, run_after=None
[2025-12-06T03:59:39.594+0500] {processor.py:183} INFO - Processing /Users/symbat/airflow_local/.venv/lib/python3.11/site-packages/airflow/example_dags/example_complex.py took 0.086 seconds
[2025-12-06T04:02:58.980+0500] {processor.py:161} INFO - Started process (PID=80865) to work on /Users/symbat/airflow_local/.venv/lib/python3.11/site-packages/airflow/example_dags/example_complex.py
[2025-12-06T04:02:58.981+0500] {processor.py:830} INFO - Processing file /Users/symbat/airflow_local/.venv/lib/python3.11/site-packages/airflow/example_dags/example_complex.py for tasks to queue
[2025-12-06T04:02:58.982+0500] {logging_mixin.py:188} INFO - [2025-12-06T04:02:58.982+0500] {dagbag.py:545} INFO - Filling up the DagBag from /Users/symbat/airflow_local/.venv/lib/python3.11/site-packages/airflow/example_dags/example_complex.py
[2025-12-06T04:02:58.999+0500] {processor.py:840} INFO - DAG(s) 'example_complex' retrieved from /Users/symbat/airflow_local/.venv/lib/python3.11/site-packages/airflow/example_dags/example_complex.py
[2025-12-06T04:02:59.057+0500] {logging_mixin.py:188} INFO - [2025-12-06T04:02:59.057+0500] {dag.py:3089} INFO - Sync 1 DAGs
[2025-12-06T04:02:59.063+0500] {logging_mixin.py:188} INFO - [2025-12-06T04:02:59.063+0500] {dag.py:3947} INFO - Setting next_dagrun for example_complex to None, run_after=None
[2025-12-06T04:02:59.075+0500] {processor.py:183} INFO - Processing /Users/symbat/airflow_local/.venv/lib/python3.11/site-packages/airflow/example_dags/example_complex.py took 0.100 seconds
[2025-12-06T04:06:24.277+0500] {processor.py:161} INFO - Started process (PID=81452) to work on /Users/symbat/airflow_local/.venv/lib/python3.11/site-packages/airflow/example_dags/example_complex.py
[2025-12-06T04:06:24.278+0500] {processor.py:830} INFO - Processing file /Users/symbat/airflow_local/.venv/lib/python3.11/site-packages/airflow/example_dags/example_complex.py for tasks to queue
[2025-12-06T04:06:24.278+0500] {logging_mixin.py:188} INFO - [2025-12-06T04:06:24.278+0500] {dagbag.py:545} INFO - Filling up the DagBag from /Users/symbat/airflow_local/.venv/lib/python3.11/site-packages/airflow/example_dags/example_complex.py
[2025-12-06T04:06:24.292+0500] {processor.py:840} INFO - DAG(s) 'example_complex' retrieved from /Users/symbat/airflow_local/.venv/lib/python3.11/site-packages/airflow/example_dags/example_complex.py
[2025-12-06T04:06:24.375+0500] {logging_mixin.py:188} INFO - [2025-12-06T04:06:24.375+0500] {dag.py:3089} INFO - Sync 1 DAGs
[2025-12-06T04:06:24.380+0500] {logging_mixin.py:188} INFO - [2025-12-06T04:06:24.380+0500] {dag.py:3947} INFO - Setting next_dagrun for example_complex to None, run_after=None
[2025-12-06T04:06:24.390+0500] {processor.py:183} INFO - Processing /Users/symbat/airflow_local/.venv/lib/python3.11/site-packages/airflow/example_dags/example_complex.py took 0.117 seconds
[2025-12-06T04:09:48.700+0500] {processor.py:161} INFO - Started process (PID=81716) to work on /Users/symbat/airflow_local/.venv/lib/python3.11/site-packages/airflow/example_dags/example_complex.py
[2025-12-06T04:09:48.701+0500] {processor.py:830} INFO - Processing file /Users/symbat/airflow_local/.venv/lib/python3.11/site-packages/airflow/example_dags/example_complex.py for tasks to queue
[2025-12-06T04:09:48.701+0500] {logging_mixin.py:188} INFO - [2025-12-06T04:09:48.701+0500] {dagbag.py:545} INFO - Filling up the DagBag from /Users/symbat/airflow_local/.venv/lib/python3.11/site-packages/airflow/example_dags/example_complex.py
[2025-12-06T04:09:48.713+0500] {processor.py:840} INFO - DAG(s) 'example_complex' retrieved from /Users/symbat/airflow_local/.venv/lib/python3.11/site-packages/airflow/example_dags/example_complex.py
[2025-12-06T04:09:48.809+0500] {logging_mixin.py:188} INFO - [2025-12-06T04:09:48.809+0500] {dag.py:3089} INFO - Sync 1 DAGs
[2025-12-06T04:09:48.815+0500] {logging_mixin.py:188} INFO - [2025-12-06T04:09:48.815+0500] {dag.py:3947} INFO - Setting next_dagrun for example_complex to None, run_after=None
[2025-12-06T04:09:48.830+0500] {processor.py:183} INFO - Processing /Users/symbat/airflow_local/.venv/lib/python3.11/site-packages/airflow/example_dags/example_complex.py took 0.134 seconds
[2025-12-06T04:13:05.136+0500] {processor.py:161} INFO - Started process (PID=82012) to work on /Users/symbat/airflow_local/.venv/lib/python3.11/site-packages/airflow/example_dags/example_complex.py
[2025-12-06T04:13:05.137+0500] {processor.py:830} INFO - Processing file /Users/symbat/airflow_local/.venv/lib/python3.11/site-packages/airflow/example_dags/example_complex.py for tasks to queue
[2025-12-06T04:13:05.137+0500] {logging_mixin.py:188} INFO - [2025-12-06T04:13:05.137+0500] {dagbag.py:545} INFO - Filling up the DagBag from /Users/symbat/airflow_local/.venv/lib/python3.11/site-packages/airflow/example_dags/example_complex.py
[2025-12-06T04:13:05.149+0500] {processor.py:840} INFO - DAG(s) 'example_complex' retrieved from /Users/symbat/airflow_local/.venv/lib/python3.11/site-packages/airflow/example_dags/example_complex.py
[2025-12-06T04:13:05.230+0500] {logging_mixin.py:188} INFO - [2025-12-06T04:13:05.230+0500] {dag.py:3089} INFO - Sync 1 DAGs
[2025-12-06T04:13:05.236+0500] {logging_mixin.py:188} INFO - [2025-12-06T04:13:05.236+0500] {dag.py:3947} INFO - Setting next_dagrun for example_complex to None, run_after=None
[2025-12-06T04:13:05.250+0500] {processor.py:183} INFO - Processing /Users/symbat/airflow_local/.venv/lib/python3.11/site-packages/airflow/example_dags/example_complex.py took 0.118 seconds
[2025-12-06T04:16:22.198+0500] {processor.py:161} INFO - Started process (PID=82256) to work on /Users/symbat/airflow_local/.venv/lib/python3.11/site-packages/airflow/example_dags/example_complex.py
[2025-12-06T04:16:22.198+0500] {processor.py:830} INFO - Processing file /Users/symbat/airflow_local/.venv/lib/python3.11/site-packages/airflow/example_dags/example_complex.py for tasks to queue
[2025-12-06T04:16:22.199+0500] {logging_mixin.py:188} INFO - [2025-12-06T04:16:22.199+0500] {dagbag.py:545} INFO - Filling up the DagBag from /Users/symbat/airflow_local/.venv/lib/python3.11/site-packages/airflow/example_dags/example_complex.py
[2025-12-06T04:16:22.208+0500] {processor.py:840} INFO - DAG(s) 'example_complex' retrieved from /Users/symbat/airflow_local/.venv/lib/python3.11/site-packages/airflow/example_dags/example_complex.py
[2025-12-06T04:16:22.269+0500] {logging_mixin.py:188} INFO - [2025-12-06T04:16:22.269+0500] {dag.py:3089} INFO - Sync 1 DAGs
[2025-12-06T04:16:22.274+0500] {logging_mixin.py:188} INFO - [2025-12-06T04:16:22.274+0500] {dag.py:3947} INFO - Setting next_dagrun for example_complex to None, run_after=None
[2025-12-06T04:16:22.284+0500] {processor.py:183} INFO - Processing /Users/symbat/airflow_local/.venv/lib/python3.11/site-packages/airflow/example_dags/example_complex.py took 0.089 seconds
[2025-12-06T04:19:28.647+0500] {processor.py:161} INFO - Started process (PID=82463) to work on /Users/symbat/airflow_local/.venv/lib/python3.11/site-packages/airflow/example_dags/example_complex.py
[2025-12-06T04:19:28.648+0500] {processor.py:830} INFO - Processing file /Users/symbat/airflow_local/.venv/lib/python3.11/site-packages/airflow/example_dags/example_complex.py for tasks to queue
[2025-12-06T04:19:28.649+0500] {logging_mixin.py:188} INFO - [2025-12-06T04:19:28.649+0500] {dagbag.py:545} INFO - Filling up the DagBag from /Users/symbat/airflow_local/.venv/lib/python3.11/site-packages/airflow/example_dags/example_complex.py
[2025-12-06T04:19:28.656+0500] {processor.py:840} INFO - DAG(s) 'example_complex' retrieved from /Users/symbat/airflow_local/.venv/lib/python3.11/site-packages/airflow/example_dags/example_complex.py
[2025-12-06T04:19:28.709+0500] {logging_mixin.py:188} INFO - [2025-12-06T04:19:28.709+0500] {dag.py:3089} INFO - Sync 1 DAGs
[2025-12-06T04:19:28.713+0500] {logging_mixin.py:188} INFO - [2025-12-06T04:19:28.713+0500] {dag.py:3947} INFO - Setting next_dagrun for example_complex to None, run_after=None
[2025-12-06T04:19:28.723+0500] {processor.py:183} INFO - Processing /Users/symbat/airflow_local/.venv/lib/python3.11/site-packages/airflow/example_dags/example_complex.py took 0.078 seconds
[2025-12-06T04:22:28.228+0500] {processor.py:161} INFO - Started process (PID=82665) to work on /Users/symbat/airflow_local/.venv/lib/python3.11/site-packages/airflow/example_dags/example_complex.py
[2025-12-06T04:22:28.229+0500] {processor.py:830} INFO - Processing file /Users/symbat/airflow_local/.venv/lib/python3.11/site-packages/airflow/example_dags/example_complex.py for tasks to queue
[2025-12-06T04:22:28.229+0500] {logging_mixin.py:188} INFO - [2025-12-06T04:22:28.229+0500] {dagbag.py:545} INFO - Filling up the DagBag from /Users/symbat/airflow_local/.venv/lib/python3.11/site-packages/airflow/example_dags/example_complex.py
[2025-12-06T04:22:28.242+0500] {processor.py:840} INFO - DAG(s) 'example_complex' retrieved from /Users/symbat/airflow_local/.venv/lib/python3.11/site-packages/airflow/example_dags/example_complex.py
[2025-12-06T04:22:28.301+0500] {logging_mixin.py:188} INFO - [2025-12-06T04:22:28.301+0500] {dag.py:3089} INFO - Sync 1 DAGs
[2025-12-06T04:22:28.305+0500] {logging_mixin.py:188} INFO - [2025-12-06T04:22:28.305+0500] {dag.py:3947} INFO - Setting next_dagrun for example_complex to None, run_after=None
[2025-12-06T04:22:28.320+0500] {processor.py:183} INFO - Processing /Users/symbat/airflow_local/.venv/lib/python3.11/site-packages/airflow/example_dags/example_complex.py took 0.093 seconds
[2025-12-06T04:25:30.167+0500] {processor.py:161} INFO - Started process (PID=83143) to work on /Users/symbat/airflow_local/.venv/lib/python3.11/site-packages/airflow/example_dags/example_complex.py
[2025-12-06T04:25:30.168+0500] {processor.py:830} INFO - Processing file /Users/symbat/airflow_local/.venv/lib/python3.11/site-packages/airflow/example_dags/example_complex.py for tasks to queue
[2025-12-06T04:25:30.169+0500] {logging_mixin.py:188} INFO - [2025-12-06T04:25:30.168+0500] {dagbag.py:545} INFO - Filling up the DagBag from /Users/symbat/airflow_local/.venv/lib/python3.11/site-packages/airflow/example_dags/example_complex.py
[2025-12-06T04:25:30.182+0500] {processor.py:840} INFO - DAG(s) 'example_complex' retrieved from /Users/symbat/airflow_local/.venv/lib/python3.11/site-packages/airflow/example_dags/example_complex.py
[2025-12-06T04:25:30.275+0500] {logging_mixin.py:188} INFO - [2025-12-06T04:25:30.275+0500] {dag.py:3089} INFO - Sync 1 DAGs
[2025-12-06T04:25:30.279+0500] {logging_mixin.py:188} INFO - [2025-12-06T04:25:30.279+0500] {dag.py:3947} INFO - Setting next_dagrun for example_complex to None, run_after=None
[2025-12-06T04:25:30.289+0500] {processor.py:183} INFO - Processing /Users/symbat/airflow_local/.venv/lib/python3.11/site-packages/airflow/example_dags/example_complex.py took 0.126 seconds
[2025-12-06T04:28:55.867+0500] {processor.py:161} INFO - Started process (PID=83657) to work on /Users/symbat/airflow_local/.venv/lib/python3.11/site-packages/airflow/example_dags/example_complex.py
[2025-12-06T04:28:55.868+0500] {processor.py:830} INFO - Processing file /Users/symbat/airflow_local/.venv/lib/python3.11/site-packages/airflow/example_dags/example_complex.py for tasks to queue
[2025-12-06T04:28:55.869+0500] {logging_mixin.py:188} INFO - [2025-12-06T04:28:55.868+0500] {dagbag.py:545} INFO - Filling up the DagBag from /Users/symbat/airflow_local/.venv/lib/python3.11/site-packages/airflow/example_dags/example_complex.py
[2025-12-06T04:28:55.875+0500] {processor.py:840} INFO - DAG(s) 'example_complex' retrieved from /Users/symbat/airflow_local/.venv/lib/python3.11/site-packages/airflow/example_dags/example_complex.py
[2025-12-06T04:28:55.923+0500] {logging_mixin.py:188} INFO - [2025-12-06T04:28:55.923+0500] {dag.py:3089} INFO - Sync 1 DAGs
[2025-12-06T04:28:55.927+0500] {logging_mixin.py:188} INFO - [2025-12-06T04:28:55.927+0500] {dag.py:3947} INFO - Setting next_dagrun for example_complex to None, run_after=None
[2025-12-06T04:28:55.936+0500] {processor.py:183} INFO - Processing /Users/symbat/airflow_local/.venv/lib/python3.11/site-packages/airflow/example_dags/example_complex.py took 0.070 seconds
[2025-12-06T04:32:50.593+0500] {processor.py:161} INFO - Started process (PID=84028) to work on /Users/symbat/airflow_local/.venv/lib/python3.11/site-packages/airflow/example_dags/example_complex.py
[2025-12-06T04:32:50.595+0500] {processor.py:830} INFO - Processing file /Users/symbat/airflow_local/.venv/lib/python3.11/site-packages/airflow/example_dags/example_complex.py for tasks to queue
[2025-12-06T04:32:50.595+0500] {logging_mixin.py:188} INFO - [2025-12-06T04:32:50.595+0500] {dagbag.py:545} INFO - Filling up the DagBag from /Users/symbat/airflow_local/.venv/lib/python3.11/site-packages/airflow/example_dags/example_complex.py
[2025-12-06T04:32:50.602+0500] {processor.py:840} INFO - DAG(s) 'example_complex' retrieved from /Users/symbat/airflow_local/.venv/lib/python3.11/site-packages/airflow/example_dags/example_complex.py
[2025-12-06T04:32:50.659+0500] {logging_mixin.py:188} INFO - [2025-12-06T04:32:50.658+0500] {dag.py:3089} INFO - Sync 1 DAGs
[2025-12-06T04:32:50.671+0500] {logging_mixin.py:188} INFO - [2025-12-06T04:32:50.671+0500] {dag.py:3947} INFO - Setting next_dagrun for example_complex to None, run_after=None
[2025-12-06T04:32:50.692+0500] {processor.py:183} INFO - Processing /Users/symbat/airflow_local/.venv/lib/python3.11/site-packages/airflow/example_dags/example_complex.py took 0.100 seconds
[2025-12-06T04:36:48.635+0500] {processor.py:161} INFO - Started process (PID=84414) to work on /Users/symbat/airflow_local/.venv/lib/python3.11/site-packages/airflow/example_dags/example_complex.py
[2025-12-06T04:36:48.635+0500] {processor.py:830} INFO - Processing file /Users/symbat/airflow_local/.venv/lib/python3.11/site-packages/airflow/example_dags/example_complex.py for tasks to queue
[2025-12-06T04:36:48.636+0500] {logging_mixin.py:188} INFO - [2025-12-06T04:36:48.636+0500] {dagbag.py:545} INFO - Filling up the DagBag from /Users/symbat/airflow_local/.venv/lib/python3.11/site-packages/airflow/example_dags/example_complex.py
[2025-12-06T04:36:48.648+0500] {processor.py:840} INFO - DAG(s) 'example_complex' retrieved from /Users/symbat/airflow_local/.venv/lib/python3.11/site-packages/airflow/example_dags/example_complex.py
[2025-12-06T04:36:48.711+0500] {logging_mixin.py:188} INFO - [2025-12-06T04:36:48.711+0500] {dag.py:3089} INFO - Sync 1 DAGs
[2025-12-06T04:36:48.715+0500] {logging_mixin.py:188} INFO - [2025-12-06T04:36:48.715+0500] {dag.py:3947} INFO - Setting next_dagrun for example_complex to None, run_after=None
[2025-12-06T04:36:48.723+0500] {processor.py:183} INFO - Processing /Users/symbat/airflow_local/.venv/lib/python3.11/site-packages/airflow/example_dags/example_complex.py took 0.091 seconds
