[2025-12-06T03:55:40.339+0500] {processor.py:161} INFO - Started process (PID=79533) to work on /Users/symbat/airflow_local/.venv/lib/python3.11/site-packages/airflow/example_dags/example_sla_dag.py
[2025-12-06T03:55:40.339+0500] {processor.py:830} INFO - Processing file /Users/symbat/airflow_local/.venv/lib/python3.11/site-packages/airflow/example_dags/example_sla_dag.py for tasks to queue
[2025-12-06T03:55:40.340+0500] {logging_mixin.py:188} INFO - [2025-12-06T03:55:40.339+0500] {dagbag.py:545} INFO - Filling up the DagBag from /Users/symbat/airflow_local/.venv/lib/python3.11/site-packages/airflow/example_dags/example_sla_dag.py
[2025-12-06T03:55:40.357+0500] {processor.py:840} INFO - DAG(s) 'example_sla_dag' retrieved from /Users/symbat/airflow_local/.venv/lib/python3.11/site-packages/airflow/example_dags/example_sla_dag.py
[2025-12-06T03:55:40.483+0500] {logging_mixin.py:188} INFO - [2025-12-06T03:55:40.483+0500] {override.py:1930} INFO - Created Permission View: can delete on DAG:example_sla_dag
[2025-12-06T03:55:40.488+0500] {logging_mixin.py:188} INFO - [2025-12-06T03:55:40.488+0500] {override.py:1930} INFO - Created Permission View: can read on DAG:example_sla_dag
[2025-12-06T03:55:40.491+0500] {logging_mixin.py:188} INFO - [2025-12-06T03:55:40.490+0500] {override.py:1930} INFO - Created Permission View: can edit on DAG:example_sla_dag
[2025-12-06T03:55:40.491+0500] {logging_mixin.py:188} INFO - [2025-12-06T03:55:40.491+0500] {dag.py:3089} INFO - Sync 1 DAGs
[2025-12-06T03:55:40.495+0500] {logging_mixin.py:188} INFO - [2025-12-06T03:55:40.495+0500] {dag.py:3111} INFO - Creating ORM DAG for example_sla_dag
[2025-12-06T03:55:40.500+0500] {logging_mixin.py:188} INFO - [2025-12-06T03:55:40.500+0500] {dag.py:3947} INFO - Setting next_dagrun for example_sla_dag to 2025-12-05 22:52:00+00:00, run_after=2025-12-05 22:54:00+00:00
[2025-12-06T03:55:40.508+0500] {processor.py:183} INFO - Processing /Users/symbat/airflow_local/.venv/lib/python3.11/site-packages/airflow/example_dags/example_sla_dag.py took 0.171 seconds
[2025-12-06T03:57:40.260+0500] {processor.py:161} INFO - Started process (PID=79681) to work on /Users/symbat/airflow_local/.venv/lib/python3.11/site-packages/airflow/example_dags/example_sla_dag.py
[2025-12-06T03:57:40.261+0500] {processor.py:830} INFO - Processing file /Users/symbat/airflow_local/.venv/lib/python3.11/site-packages/airflow/example_dags/example_sla_dag.py for tasks to queue
[2025-12-06T03:57:40.261+0500] {logging_mixin.py:188} INFO - [2025-12-06T03:57:40.261+0500] {dagbag.py:545} INFO - Filling up the DagBag from /Users/symbat/airflow_local/.venv/lib/python3.11/site-packages/airflow/example_dags/example_sla_dag.py
[2025-12-06T03:57:40.283+0500] {processor.py:840} INFO - DAG(s) 'example_sla_dag' retrieved from /Users/symbat/airflow_local/.venv/lib/python3.11/site-packages/airflow/example_dags/example_sla_dag.py
[2025-12-06T03:57:40.329+0500] {logging_mixin.py:188} INFO - [2025-12-06T03:57:40.328+0500] {dag.py:3089} INFO - Sync 1 DAGs
[2025-12-06T03:57:40.338+0500] {logging_mixin.py:188} INFO - [2025-12-06T03:57:40.337+0500] {dag.py:3947} INFO - Setting next_dagrun for example_sla_dag to 2025-12-05 22:54:00+00:00, run_after=2025-12-05 22:56:00+00:00
[2025-12-06T03:57:40.347+0500] {processor.py:183} INFO - Processing /Users/symbat/airflow_local/.venv/lib/python3.11/site-packages/airflow/example_dags/example_sla_dag.py took 0.089 seconds
[2025-12-06T03:59:14.803+0500] {processor.py:161} INFO - Started process (PID=79884) to work on /Users/symbat/airflow_local/.venv/lib/python3.11/site-packages/airflow/example_dags/example_sla_dag.py
[2025-12-06T03:59:14.804+0500] {processor.py:830} INFO - Processing file /Users/symbat/airflow_local/.venv/lib/python3.11/site-packages/airflow/example_dags/example_sla_dag.py for tasks to queue
[2025-12-06T03:59:14.804+0500] {logging_mixin.py:188} INFO - [2025-12-06T03:59:14.804+0500] {dagbag.py:545} INFO - Filling up the DagBag from /Users/symbat/airflow_local/.venv/lib/python3.11/site-packages/airflow/example_dags/example_sla_dag.py
[2025-12-06T03:59:14.836+0500] {processor.py:840} INFO - DAG(s) 'example_sla_dag' retrieved from /Users/symbat/airflow_local/.venv/lib/python3.11/site-packages/airflow/example_dags/example_sla_dag.py
[2025-12-06T03:59:14.889+0500] {logging_mixin.py:188} INFO - [2025-12-06T03:59:14.889+0500] {dag.py:3089} INFO - Sync 1 DAGs
[2025-12-06T03:59:14.900+0500] {logging_mixin.py:188} INFO - [2025-12-06T03:59:14.900+0500] {dag.py:3947} INFO - Setting next_dagrun for example_sla_dag to 2025-12-05 22:56:00+00:00, run_after=2025-12-05 22:58:00+00:00
[2025-12-06T03:59:14.911+0500] {processor.py:183} INFO - Processing /Users/symbat/airflow_local/.venv/lib/python3.11/site-packages/airflow/example_dags/example_sla_dag.py took 0.110 seconds
[2025-12-06T04:00:48.155+0500] {processor.py:161} INFO - Started process (PID=80369) to work on /Users/symbat/airflow_local/.venv/lib/python3.11/site-packages/airflow/example_dags/example_sla_dag.py
[2025-12-06T04:00:48.156+0500] {processor.py:830} INFO - Processing file /Users/symbat/airflow_local/.venv/lib/python3.11/site-packages/airflow/example_dags/example_sla_dag.py for tasks to queue
[2025-12-06T04:00:48.157+0500] {logging_mixin.py:188} INFO - [2025-12-06T04:00:48.157+0500] {dagbag.py:545} INFO - Filling up the DagBag from /Users/symbat/airflow_local/.venv/lib/python3.11/site-packages/airflow/example_dags/example_sla_dag.py
[2025-12-06T04:00:48.177+0500] {processor.py:840} INFO - DAG(s) 'example_sla_dag' retrieved from /Users/symbat/airflow_local/.venv/lib/python3.11/site-packages/airflow/example_dags/example_sla_dag.py
[2025-12-06T04:00:48.222+0500] {logging_mixin.py:188} INFO - [2025-12-06T04:00:48.221+0500] {dag.py:3089} INFO - Sync 1 DAGs
[2025-12-06T04:00:48.231+0500] {logging_mixin.py:188} INFO - [2025-12-06T04:00:48.231+0500] {dag.py:3947} INFO - Setting next_dagrun for example_sla_dag to 2025-12-05 22:58:00+00:00, run_after=2025-12-05 23:00:00+00:00
[2025-12-06T04:00:48.240+0500] {processor.py:183} INFO - Processing /Users/symbat/airflow_local/.venv/lib/python3.11/site-packages/airflow/example_dags/example_sla_dag.py took 0.090 seconds
[2025-12-06T04:02:24.507+0500] {processor.py:161} INFO - Started process (PID=80644) to work on /Users/symbat/airflow_local/.venv/lib/python3.11/site-packages/airflow/example_dags/example_sla_dag.py
[2025-12-06T04:02:24.508+0500] {processor.py:830} INFO - Processing file /Users/symbat/airflow_local/.venv/lib/python3.11/site-packages/airflow/example_dags/example_sla_dag.py for tasks to queue
[2025-12-06T04:02:24.508+0500] {logging_mixin.py:188} INFO - [2025-12-06T04:02:24.508+0500] {dagbag.py:545} INFO - Filling up the DagBag from /Users/symbat/airflow_local/.venv/lib/python3.11/site-packages/airflow/example_dags/example_sla_dag.py
[2025-12-06T04:02:24.526+0500] {processor.py:840} INFO - DAG(s) 'example_sla_dag' retrieved from /Users/symbat/airflow_local/.venv/lib/python3.11/site-packages/airflow/example_dags/example_sla_dag.py
[2025-12-06T04:02:24.570+0500] {logging_mixin.py:188} INFO - [2025-12-06T04:02:24.570+0500] {dag.py:3089} INFO - Sync 1 DAGs
[2025-12-06T04:02:24.579+0500] {logging_mixin.py:188} INFO - [2025-12-06T04:02:24.579+0500] {dag.py:3947} INFO - Setting next_dagrun for example_sla_dag to 2025-12-05 23:00:00+00:00, run_after=2025-12-05 23:02:00+00:00
[2025-12-06T04:02:24.589+0500] {processor.py:183} INFO - Processing /Users/symbat/airflow_local/.venv/lib/python3.11/site-packages/airflow/example_dags/example_sla_dag.py took 0.084 seconds
[2025-12-06T04:04:04.950+0500] {processor.py:161} INFO - Started process (PID=80980) to work on /Users/symbat/airflow_local/.venv/lib/python3.11/site-packages/airflow/example_dags/example_sla_dag.py
[2025-12-06T04:04:04.951+0500] {processor.py:830} INFO - Processing file /Users/symbat/airflow_local/.venv/lib/python3.11/site-packages/airflow/example_dags/example_sla_dag.py for tasks to queue
[2025-12-06T04:04:04.952+0500] {logging_mixin.py:188} INFO - [2025-12-06T04:04:04.952+0500] {dagbag.py:545} INFO - Filling up the DagBag from /Users/symbat/airflow_local/.venv/lib/python3.11/site-packages/airflow/example_dags/example_sla_dag.py
[2025-12-06T04:04:04.985+0500] {processor.py:840} INFO - DAG(s) 'example_sla_dag' retrieved from /Users/symbat/airflow_local/.venv/lib/python3.11/site-packages/airflow/example_dags/example_sla_dag.py
[2025-12-06T04:04:05.073+0500] {logging_mixin.py:188} INFO - [2025-12-06T04:04:05.072+0500] {dag.py:3089} INFO - Sync 1 DAGs
[2025-12-06T04:04:05.092+0500] {logging_mixin.py:188} INFO - [2025-12-06T04:04:05.091+0500] {dag.py:3947} INFO - Setting next_dagrun for example_sla_dag to 2025-12-05 23:02:00+00:00, run_after=2025-12-05 23:04:00+00:00
[2025-12-06T04:04:05.104+0500] {processor.py:183} INFO - Processing /Users/symbat/airflow_local/.venv/lib/python3.11/site-packages/airflow/example_dags/example_sla_dag.py took 0.157 seconds
[2025-12-06T04:05:53.160+0500] {processor.py:161} INFO - Started process (PID=81418) to work on /Users/symbat/airflow_local/.venv/lib/python3.11/site-packages/airflow/example_dags/example_sla_dag.py
[2025-12-06T04:05:53.162+0500] {processor.py:830} INFO - Processing file /Users/symbat/airflow_local/.venv/lib/python3.11/site-packages/airflow/example_dags/example_sla_dag.py for tasks to queue
[2025-12-06T04:05:53.162+0500] {logging_mixin.py:188} INFO - [2025-12-06T04:05:53.162+0500] {dagbag.py:545} INFO - Filling up the DagBag from /Users/symbat/airflow_local/.venv/lib/python3.11/site-packages/airflow/example_dags/example_sla_dag.py
[2025-12-06T04:05:53.193+0500] {processor.py:840} INFO - DAG(s) 'example_sla_dag' retrieved from /Users/symbat/airflow_local/.venv/lib/python3.11/site-packages/airflow/example_dags/example_sla_dag.py
[2025-12-06T04:05:53.257+0500] {logging_mixin.py:188} INFO - [2025-12-06T04:05:53.257+0500] {dag.py:3089} INFO - Sync 1 DAGs
[2025-12-06T04:05:53.270+0500] {logging_mixin.py:188} INFO - [2025-12-06T04:05:53.270+0500] {dag.py:3947} INFO - Setting next_dagrun for example_sla_dag to 2025-12-05 23:02:00+00:00, run_after=2025-12-05 23:04:00+00:00
[2025-12-06T04:05:53.284+0500] {processor.py:183} INFO - Processing /Users/symbat/airflow_local/.venv/lib/python3.11/site-packages/airflow/example_dags/example_sla_dag.py took 0.127 seconds
[2025-12-06T04:07:32.649+0500] {processor.py:161} INFO - Started process (PID=81544) to work on /Users/symbat/airflow_local/.venv/lib/python3.11/site-packages/airflow/example_dags/example_sla_dag.py
[2025-12-06T04:07:32.651+0500] {processor.py:830} INFO - Processing file /Users/symbat/airflow_local/.venv/lib/python3.11/site-packages/airflow/example_dags/example_sla_dag.py for tasks to queue
[2025-12-06T04:07:32.654+0500] {logging_mixin.py:188} INFO - [2025-12-06T04:07:32.652+0500] {dagbag.py:545} INFO - Filling up the DagBag from /Users/symbat/airflow_local/.venv/lib/python3.11/site-packages/airflow/example_dags/example_sla_dag.py
[2025-12-06T04:07:32.675+0500] {processor.py:840} INFO - DAG(s) 'example_sla_dag' retrieved from /Users/symbat/airflow_local/.venv/lib/python3.11/site-packages/airflow/example_dags/example_sla_dag.py
[2025-12-06T04:07:32.732+0500] {logging_mixin.py:188} INFO - [2025-12-06T04:07:32.732+0500] {dag.py:3089} INFO - Sync 1 DAGs
[2025-12-06T04:07:32.748+0500] {logging_mixin.py:188} INFO - [2025-12-06T04:07:32.748+0500] {dag.py:3947} INFO - Setting next_dagrun for example_sla_dag to 2025-12-05 23:04:00+00:00, run_after=2025-12-05 23:06:00+00:00
[2025-12-06T04:07:32.764+0500] {processor.py:183} INFO - Processing /Users/symbat/airflow_local/.venv/lib/python3.11/site-packages/airflow/example_dags/example_sla_dag.py took 0.117 seconds
[2025-12-06T04:09:18.507+0500] {processor.py:161} INFO - Started process (PID=81681) to work on /Users/symbat/airflow_local/.venv/lib/python3.11/site-packages/airflow/example_dags/example_sla_dag.py
[2025-12-06T04:09:18.508+0500] {processor.py:830} INFO - Processing file /Users/symbat/airflow_local/.venv/lib/python3.11/site-packages/airflow/example_dags/example_sla_dag.py for tasks to queue
[2025-12-06T04:09:18.509+0500] {logging_mixin.py:188} INFO - [2025-12-06T04:09:18.509+0500] {dagbag.py:545} INFO - Filling up the DagBag from /Users/symbat/airflow_local/.venv/lib/python3.11/site-packages/airflow/example_dags/example_sla_dag.py
[2025-12-06T04:09:18.550+0500] {processor.py:840} INFO - DAG(s) 'example_sla_dag' retrieved from /Users/symbat/airflow_local/.venv/lib/python3.11/site-packages/airflow/example_dags/example_sla_dag.py
[2025-12-06T04:09:18.648+0500] {logging_mixin.py:188} INFO - [2025-12-06T04:09:18.647+0500] {dag.py:3089} INFO - Sync 1 DAGs
[2025-12-06T04:09:18.672+0500] {logging_mixin.py:188} INFO - [2025-12-06T04:09:18.672+0500] {dag.py:3947} INFO - Setting next_dagrun for example_sla_dag to 2025-12-05 23:06:00+00:00, run_after=2025-12-05 23:08:00+00:00
[2025-12-06T04:09:18.693+0500] {processor.py:183} INFO - Processing /Users/symbat/airflow_local/.venv/lib/python3.11/site-packages/airflow/example_dags/example_sla_dag.py took 0.189 seconds
[2025-12-06T04:10:59.721+0500] {processor.py:161} INFO - Started process (PID=81797) to work on /Users/symbat/airflow_local/.venv/lib/python3.11/site-packages/airflow/example_dags/example_sla_dag.py
[2025-12-06T04:10:59.722+0500] {processor.py:830} INFO - Processing file /Users/symbat/airflow_local/.venv/lib/python3.11/site-packages/airflow/example_dags/example_sla_dag.py for tasks to queue
[2025-12-06T04:10:59.722+0500] {logging_mixin.py:188} INFO - [2025-12-06T04:10:59.722+0500] {dagbag.py:545} INFO - Filling up the DagBag from /Users/symbat/airflow_local/.venv/lib/python3.11/site-packages/airflow/example_dags/example_sla_dag.py
[2025-12-06T04:10:59.741+0500] {processor.py:840} INFO - DAG(s) 'example_sla_dag' retrieved from /Users/symbat/airflow_local/.venv/lib/python3.11/site-packages/airflow/example_dags/example_sla_dag.py
[2025-12-06T04:10:59.785+0500] {logging_mixin.py:188} INFO - [2025-12-06T04:10:59.784+0500] {dag.py:3089} INFO - Sync 1 DAGs
[2025-12-06T04:10:59.794+0500] {logging_mixin.py:188} INFO - [2025-12-06T04:10:59.794+0500] {dag.py:3947} INFO - Setting next_dagrun for example_sla_dag to 2025-12-05 23:08:00+00:00, run_after=2025-12-05 23:10:00+00:00
[2025-12-06T04:10:59.805+0500] {processor.py:183} INFO - Processing /Users/symbat/airflow_local/.venv/lib/python3.11/site-packages/airflow/example_dags/example_sla_dag.py took 0.085 seconds
[2025-12-06T04:12:37.149+0500] {processor.py:161} INFO - Started process (PID=81932) to work on /Users/symbat/airflow_local/.venv/lib/python3.11/site-packages/airflow/example_dags/example_sla_dag.py
[2025-12-06T04:12:37.150+0500] {processor.py:830} INFO - Processing file /Users/symbat/airflow_local/.venv/lib/python3.11/site-packages/airflow/example_dags/example_sla_dag.py for tasks to queue
[2025-12-06T04:12:37.151+0500] {logging_mixin.py:188} INFO - [2025-12-06T04:12:37.151+0500] {dagbag.py:545} INFO - Filling up the DagBag from /Users/symbat/airflow_local/.venv/lib/python3.11/site-packages/airflow/example_dags/example_sla_dag.py
[2025-12-06T04:12:37.175+0500] {processor.py:840} INFO - DAG(s) 'example_sla_dag' retrieved from /Users/symbat/airflow_local/.venv/lib/python3.11/site-packages/airflow/example_dags/example_sla_dag.py
[2025-12-06T04:12:37.224+0500] {logging_mixin.py:188} INFO - [2025-12-06T04:12:37.224+0500] {dag.py:3089} INFO - Sync 1 DAGs
[2025-12-06T04:12:37.234+0500] {logging_mixin.py:188} INFO - [2025-12-06T04:12:37.234+0500] {dag.py:3947} INFO - Setting next_dagrun for example_sla_dag to 2025-12-05 23:10:00+00:00, run_after=2025-12-05 23:12:00+00:00
[2025-12-06T04:12:37.244+0500] {processor.py:183} INFO - Processing /Users/symbat/airflow_local/.venv/lib/python3.11/site-packages/airflow/example_dags/example_sla_dag.py took 0.097 seconds
[2025-12-06T04:14:19.451+0500] {processor.py:161} INFO - Started process (PID=82088) to work on /Users/symbat/airflow_local/.venv/lib/python3.11/site-packages/airflow/example_dags/example_sla_dag.py
[2025-12-06T04:14:19.452+0500] {processor.py:830} INFO - Processing file /Users/symbat/airflow_local/.venv/lib/python3.11/site-packages/airflow/example_dags/example_sla_dag.py for tasks to queue
[2025-12-06T04:14:19.453+0500] {logging_mixin.py:188} INFO - [2025-12-06T04:14:19.452+0500] {dagbag.py:545} INFO - Filling up the DagBag from /Users/symbat/airflow_local/.venv/lib/python3.11/site-packages/airflow/example_dags/example_sla_dag.py
[2025-12-06T04:14:19.474+0500] {processor.py:840} INFO - DAG(s) 'example_sla_dag' retrieved from /Users/symbat/airflow_local/.venv/lib/python3.11/site-packages/airflow/example_dags/example_sla_dag.py
[2025-12-06T04:14:19.522+0500] {logging_mixin.py:188} INFO - [2025-12-06T04:14:19.522+0500] {dag.py:3089} INFO - Sync 1 DAGs
[2025-12-06T04:14:19.533+0500] {logging_mixin.py:188} INFO - [2025-12-06T04:14:19.533+0500] {dag.py:3947} INFO - Setting next_dagrun for example_sla_dag to 2025-12-05 23:12:00+00:00, run_after=2025-12-05 23:14:00+00:00
[2025-12-06T04:14:19.547+0500] {processor.py:183} INFO - Processing /Users/symbat/airflow_local/.venv/lib/python3.11/site-packages/airflow/example_dags/example_sla_dag.py took 0.097 seconds
[2025-12-06T04:15:57.544+0500] {processor.py:161} INFO - Started process (PID=82230) to work on /Users/symbat/airflow_local/.venv/lib/python3.11/site-packages/airflow/example_dags/example_sla_dag.py
[2025-12-06T04:15:57.545+0500] {processor.py:830} INFO - Processing file /Users/symbat/airflow_local/.venv/lib/python3.11/site-packages/airflow/example_dags/example_sla_dag.py for tasks to queue
[2025-12-06T04:15:57.545+0500] {logging_mixin.py:188} INFO - [2025-12-06T04:15:57.545+0500] {dagbag.py:545} INFO - Filling up the DagBag from /Users/symbat/airflow_local/.venv/lib/python3.11/site-packages/airflow/example_dags/example_sla_dag.py
[2025-12-06T04:15:57.574+0500] {processor.py:840} INFO - DAG(s) 'example_sla_dag' retrieved from /Users/symbat/airflow_local/.venv/lib/python3.11/site-packages/airflow/example_dags/example_sla_dag.py
[2025-12-06T04:15:57.628+0500] {logging_mixin.py:188} INFO - [2025-12-06T04:15:57.628+0500] {dag.py:3089} INFO - Sync 1 DAGs
[2025-12-06T04:15:57.638+0500] {logging_mixin.py:188} INFO - [2025-12-06T04:15:57.638+0500] {dag.py:3947} INFO - Setting next_dagrun for example_sla_dag to 2025-12-05 23:12:00+00:00, run_after=2025-12-05 23:14:00+00:00
[2025-12-06T04:15:57.648+0500] {processor.py:183} INFO - Processing /Users/symbat/airflow_local/.venv/lib/python3.11/site-packages/airflow/example_dags/example_sla_dag.py took 0.107 seconds
[2025-12-06T04:17:32.902+0500] {processor.py:161} INFO - Started process (PID=82334) to work on /Users/symbat/airflow_local/.venv/lib/python3.11/site-packages/airflow/example_dags/example_sla_dag.py
[2025-12-06T04:17:32.903+0500] {processor.py:830} INFO - Processing file /Users/symbat/airflow_local/.venv/lib/python3.11/site-packages/airflow/example_dags/example_sla_dag.py for tasks to queue
[2025-12-06T04:17:32.904+0500] {logging_mixin.py:188} INFO - [2025-12-06T04:17:32.904+0500] {dagbag.py:545} INFO - Filling up the DagBag from /Users/symbat/airflow_local/.venv/lib/python3.11/site-packages/airflow/example_dags/example_sla_dag.py
[2025-12-06T04:17:32.932+0500] {processor.py:840} INFO - DAG(s) 'example_sla_dag' retrieved from /Users/symbat/airflow_local/.venv/lib/python3.11/site-packages/airflow/example_dags/example_sla_dag.py
[2025-12-06T04:17:33.001+0500] {logging_mixin.py:188} INFO - [2025-12-06T04:17:33.000+0500] {dag.py:3089} INFO - Sync 1 DAGs
[2025-12-06T04:17:33.013+0500] {logging_mixin.py:188} INFO - [2025-12-06T04:17:33.013+0500] {dag.py:3947} INFO - Setting next_dagrun for example_sla_dag to 2025-12-05 23:14:00+00:00, run_after=2025-12-05 23:16:00+00:00
[2025-12-06T04:17:33.027+0500] {processor.py:183} INFO - Processing /Users/symbat/airflow_local/.venv/lib/python3.11/site-packages/airflow/example_dags/example_sla_dag.py took 0.127 seconds
[2025-12-06T04:19:09.127+0500] {processor.py:161} INFO - Started process (PID=82444) to work on /Users/symbat/airflow_local/.venv/lib/python3.11/site-packages/airflow/example_dags/example_sla_dag.py
[2025-12-06T04:19:09.128+0500] {processor.py:830} INFO - Processing file /Users/symbat/airflow_local/.venv/lib/python3.11/site-packages/airflow/example_dags/example_sla_dag.py for tasks to queue
[2025-12-06T04:19:09.128+0500] {logging_mixin.py:188} INFO - [2025-12-06T04:19:09.128+0500] {dagbag.py:545} INFO - Filling up the DagBag from /Users/symbat/airflow_local/.venv/lib/python3.11/site-packages/airflow/example_dags/example_sla_dag.py
[2025-12-06T04:19:09.149+0500] {processor.py:840} INFO - DAG(s) 'example_sla_dag' retrieved from /Users/symbat/airflow_local/.venv/lib/python3.11/site-packages/airflow/example_dags/example_sla_dag.py
[2025-12-06T04:19:09.204+0500] {logging_mixin.py:188} INFO - [2025-12-06T04:19:09.204+0500] {dag.py:3089} INFO - Sync 1 DAGs
[2025-12-06T04:19:09.217+0500] {logging_mixin.py:188} INFO - [2025-12-06T04:19:09.216+0500] {dag.py:3947} INFO - Setting next_dagrun for example_sla_dag to 2025-12-05 23:16:00+00:00, run_after=2025-12-05 23:18:00+00:00
[2025-12-06T04:19:09.229+0500] {processor.py:183} INFO - Processing /Users/symbat/airflow_local/.venv/lib/python3.11/site-packages/airflow/example_dags/example_sla_dag.py took 0.104 seconds
[2025-12-06T04:20:38.325+0500] {processor.py:161} INFO - Started process (PID=82526) to work on /Users/symbat/airflow_local/.venv/lib/python3.11/site-packages/airflow/example_dags/example_sla_dag.py
[2025-12-06T04:20:38.326+0500] {processor.py:830} INFO - Processing file /Users/symbat/airflow_local/.venv/lib/python3.11/site-packages/airflow/example_dags/example_sla_dag.py for tasks to queue
[2025-12-06T04:20:38.327+0500] {logging_mixin.py:188} INFO - [2025-12-06T04:20:38.326+0500] {dagbag.py:545} INFO - Filling up the DagBag from /Users/symbat/airflow_local/.venv/lib/python3.11/site-packages/airflow/example_dags/example_sla_dag.py
[2025-12-06T04:20:38.349+0500] {processor.py:840} INFO - DAG(s) 'example_sla_dag' retrieved from /Users/symbat/airflow_local/.venv/lib/python3.11/site-packages/airflow/example_dags/example_sla_dag.py
[2025-12-06T04:20:38.396+0500] {logging_mixin.py:188} INFO - [2025-12-06T04:20:38.395+0500] {dag.py:3089} INFO - Sync 1 DAGs
[2025-12-06T04:20:38.406+0500] {logging_mixin.py:188} INFO - [2025-12-06T04:20:38.406+0500] {dag.py:3947} INFO - Setting next_dagrun for example_sla_dag to 2025-12-05 23:18:00+00:00, run_after=2025-12-05 23:20:00+00:00
[2025-12-06T04:20:38.417+0500] {processor.py:183} INFO - Processing /Users/symbat/airflow_local/.venv/lib/python3.11/site-packages/airflow/example_dags/example_sla_dag.py took 0.094 seconds
[2025-12-06T04:22:07.297+0500] {processor.py:161} INFO - Started process (PID=82632) to work on /Users/symbat/airflow_local/.venv/lib/python3.11/site-packages/airflow/example_dags/example_sla_dag.py
[2025-12-06T04:22:07.298+0500] {processor.py:830} INFO - Processing file /Users/symbat/airflow_local/.venv/lib/python3.11/site-packages/airflow/example_dags/example_sla_dag.py for tasks to queue
[2025-12-06T04:22:07.298+0500] {logging_mixin.py:188} INFO - [2025-12-06T04:22:07.298+0500] {dagbag.py:545} INFO - Filling up the DagBag from /Users/symbat/airflow_local/.venv/lib/python3.11/site-packages/airflow/example_dags/example_sla_dag.py
[2025-12-06T04:22:07.322+0500] {processor.py:840} INFO - DAG(s) 'example_sla_dag' retrieved from /Users/symbat/airflow_local/.venv/lib/python3.11/site-packages/airflow/example_dags/example_sla_dag.py
[2025-12-06T04:22:07.376+0500] {logging_mixin.py:188} INFO - [2025-12-06T04:22:07.376+0500] {dag.py:3089} INFO - Sync 1 DAGs
[2025-12-06T04:22:07.386+0500] {logging_mixin.py:188} INFO - [2025-12-06T04:22:07.386+0500] {dag.py:3947} INFO - Setting next_dagrun for example_sla_dag to 2025-12-05 23:20:00+00:00, run_after=2025-12-05 23:22:00+00:00
[2025-12-06T04:22:07.397+0500] {processor.py:183} INFO - Processing /Users/symbat/airflow_local/.venv/lib/python3.11/site-packages/airflow/example_dags/example_sla_dag.py took 0.103 seconds
[2025-12-06T04:23:30.049+0500] {processor.py:161} INFO - Started process (PID=82734) to work on /Users/symbat/airflow_local/.venv/lib/python3.11/site-packages/airflow/example_dags/example_sla_dag.py
[2025-12-06T04:23:30.050+0500] {processor.py:830} INFO - Processing file /Users/symbat/airflow_local/.venv/lib/python3.11/site-packages/airflow/example_dags/example_sla_dag.py for tasks to queue
[2025-12-06T04:23:30.051+0500] {logging_mixin.py:188} INFO - [2025-12-06T04:23:30.051+0500] {dagbag.py:545} INFO - Filling up the DagBag from /Users/symbat/airflow_local/.venv/lib/python3.11/site-packages/airflow/example_dags/example_sla_dag.py
[2025-12-06T04:23:30.080+0500] {processor.py:840} INFO - DAG(s) 'example_sla_dag' retrieved from /Users/symbat/airflow_local/.venv/lib/python3.11/site-packages/airflow/example_dags/example_sla_dag.py
[2025-12-06T04:23:30.172+0500] {logging_mixin.py:188} INFO - [2025-12-06T04:23:30.172+0500] {dag.py:3089} INFO - Sync 1 DAGs
[2025-12-06T04:23:30.189+0500] {logging_mixin.py:188} INFO - [2025-12-06T04:23:30.188+0500] {dag.py:3947} INFO - Setting next_dagrun for example_sla_dag to 2025-12-05 23:20:00+00:00, run_after=2025-12-05 23:22:00+00:00
[2025-12-06T04:23:30.211+0500] {processor.py:183} INFO - Processing /Users/symbat/airflow_local/.venv/lib/python3.11/site-packages/airflow/example_dags/example_sla_dag.py took 0.166 seconds
[2025-12-06T04:25:02.171+0500] {processor.py:161} INFO - Started process (PID=82963) to work on /Users/symbat/airflow_local/.venv/lib/python3.11/site-packages/airflow/example_dags/example_sla_dag.py
[2025-12-06T04:25:02.173+0500] {processor.py:830} INFO - Processing file /Users/symbat/airflow_local/.venv/lib/python3.11/site-packages/airflow/example_dags/example_sla_dag.py for tasks to queue
[2025-12-06T04:25:02.173+0500] {logging_mixin.py:188} INFO - [2025-12-06T04:25:02.173+0500] {dagbag.py:545} INFO - Filling up the DagBag from /Users/symbat/airflow_local/.venv/lib/python3.11/site-packages/airflow/example_dags/example_sla_dag.py
[2025-12-06T04:25:02.200+0500] {processor.py:840} INFO - DAG(s) 'example_sla_dag' retrieved from /Users/symbat/airflow_local/.venv/lib/python3.11/site-packages/airflow/example_dags/example_sla_dag.py
[2025-12-06T04:25:02.253+0500] {logging_mixin.py:188} INFO - [2025-12-06T04:25:02.253+0500] {dag.py:3089} INFO - Sync 1 DAGs
[2025-12-06T04:25:02.264+0500] {logging_mixin.py:188} INFO - [2025-12-06T04:25:02.264+0500] {dag.py:3947} INFO - Setting next_dagrun for example_sla_dag to 2025-12-05 23:22:00+00:00, run_after=2025-12-05 23:24:00+00:00
[2025-12-06T04:25:02.288+0500] {processor.py:183} INFO - Processing /Users/symbat/airflow_local/.venv/lib/python3.11/site-packages/airflow/example_dags/example_sla_dag.py took 0.120 seconds
[2025-12-06T04:26:46.794+0500] {processor.py:161} INFO - Started process (PID=83244) to work on /Users/symbat/airflow_local/.venv/lib/python3.11/site-packages/airflow/example_dags/example_sla_dag.py
[2025-12-06T04:26:46.795+0500] {processor.py:830} INFO - Processing file /Users/symbat/airflow_local/.venv/lib/python3.11/site-packages/airflow/example_dags/example_sla_dag.py for tasks to queue
[2025-12-06T04:26:46.796+0500] {logging_mixin.py:188} INFO - [2025-12-06T04:26:46.796+0500] {dagbag.py:545} INFO - Filling up the DagBag from /Users/symbat/airflow_local/.venv/lib/python3.11/site-packages/airflow/example_dags/example_sla_dag.py
[2025-12-06T04:26:46.837+0500] {processor.py:840} INFO - DAG(s) 'example_sla_dag' retrieved from /Users/symbat/airflow_local/.venv/lib/python3.11/site-packages/airflow/example_dags/example_sla_dag.py
[2025-12-06T04:26:46.920+0500] {logging_mixin.py:188} INFO - [2025-12-06T04:26:46.920+0500] {dag.py:3089} INFO - Sync 1 DAGs
[2025-12-06T04:26:46.938+0500] {logging_mixin.py:188} INFO - [2025-12-06T04:26:46.938+0500] {dag.py:3947} INFO - Setting next_dagrun for example_sla_dag to 2025-12-05 23:24:00+00:00, run_after=2025-12-05 23:26:00+00:00
[2025-12-06T04:26:46.956+0500] {processor.py:183} INFO - Processing /Users/symbat/airflow_local/.venv/lib/python3.11/site-packages/airflow/example_dags/example_sla_dag.py took 0.166 seconds
[2025-12-06T04:28:24.214+0500] {processor.py:161} INFO - Started process (PID=83613) to work on /Users/symbat/airflow_local/.venv/lib/python3.11/site-packages/airflow/example_dags/example_sla_dag.py
[2025-12-06T04:28:24.214+0500] {processor.py:830} INFO - Processing file /Users/symbat/airflow_local/.venv/lib/python3.11/site-packages/airflow/example_dags/example_sla_dag.py for tasks to queue
[2025-12-06T04:28:24.215+0500] {logging_mixin.py:188} INFO - [2025-12-06T04:28:24.215+0500] {dagbag.py:545} INFO - Filling up the DagBag from /Users/symbat/airflow_local/.venv/lib/python3.11/site-packages/airflow/example_dags/example_sla_dag.py
[2025-12-06T04:28:24.232+0500] {processor.py:840} INFO - DAG(s) 'example_sla_dag' retrieved from /Users/symbat/airflow_local/.venv/lib/python3.11/site-packages/airflow/example_dags/example_sla_dag.py
[2025-12-06T04:28:24.276+0500] {logging_mixin.py:188} INFO - [2025-12-06T04:28:24.276+0500] {dag.py:3089} INFO - Sync 1 DAGs
[2025-12-06T04:28:24.285+0500] {logging_mixin.py:188} INFO - [2025-12-06T04:28:24.284+0500] {dag.py:3947} INFO - Setting next_dagrun for example_sla_dag to 2025-12-05 23:26:00+00:00, run_after=2025-12-05 23:28:00+00:00
[2025-12-06T04:28:24.293+0500] {processor.py:183} INFO - Processing /Users/symbat/airflow_local/.venv/lib/python3.11/site-packages/airflow/example_dags/example_sla_dag.py took 0.082 seconds
[2025-12-06T04:30:14.499+0500] {processor.py:161} INFO - Started process (PID=83793) to work on /Users/symbat/airflow_local/.venv/lib/python3.11/site-packages/airflow/example_dags/example_sla_dag.py
[2025-12-06T04:30:14.499+0500] {processor.py:830} INFO - Processing file /Users/symbat/airflow_local/.venv/lib/python3.11/site-packages/airflow/example_dags/example_sla_dag.py for tasks to queue
[2025-12-06T04:30:14.500+0500] {logging_mixin.py:188} INFO - [2025-12-06T04:30:14.500+0500] {dagbag.py:545} INFO - Filling up the DagBag from /Users/symbat/airflow_local/.venv/lib/python3.11/site-packages/airflow/example_dags/example_sla_dag.py
[2025-12-06T04:30:14.517+0500] {processor.py:840} INFO - DAG(s) 'example_sla_dag' retrieved from /Users/symbat/airflow_local/.venv/lib/python3.11/site-packages/airflow/example_dags/example_sla_dag.py
[2025-12-06T04:30:14.559+0500] {logging_mixin.py:188} INFO - [2025-12-06T04:30:14.559+0500] {dag.py:3089} INFO - Sync 1 DAGs
[2025-12-06T04:30:14.567+0500] {logging_mixin.py:188} INFO - [2025-12-06T04:30:14.567+0500] {dag.py:3947} INFO - Setting next_dagrun for example_sla_dag to 2025-12-05 23:28:00+00:00, run_after=2025-12-05 23:30:00+00:00
[2025-12-06T04:30:14.577+0500] {processor.py:183} INFO - Processing /Users/symbat/airflow_local/.venv/lib/python3.11/site-packages/airflow/example_dags/example_sla_dag.py took 0.080 seconds
[2025-12-06T04:32:10.184+0500] {processor.py:161} INFO - Started process (PID=83946) to work on /Users/symbat/airflow_local/.venv/lib/python3.11/site-packages/airflow/example_dags/example_sla_dag.py
[2025-12-06T04:32:10.185+0500] {processor.py:830} INFO - Processing file /Users/symbat/airflow_local/.venv/lib/python3.11/site-packages/airflow/example_dags/example_sla_dag.py for tasks to queue
[2025-12-06T04:32:10.185+0500] {logging_mixin.py:188} INFO - [2025-12-06T04:32:10.185+0500] {dagbag.py:545} INFO - Filling up the DagBag from /Users/symbat/airflow_local/.venv/lib/python3.11/site-packages/airflow/example_dags/example_sla_dag.py
[2025-12-06T04:32:10.225+0500] {processor.py:840} INFO - DAG(s) 'example_sla_dag' retrieved from /Users/symbat/airflow_local/.venv/lib/python3.11/site-packages/airflow/example_dags/example_sla_dag.py
[2025-12-06T04:32:10.289+0500] {logging_mixin.py:188} INFO - [2025-12-06T04:32:10.289+0500] {dag.py:3089} INFO - Sync 1 DAGs
[2025-12-06T04:32:10.298+0500] {logging_mixin.py:188} INFO - [2025-12-06T04:32:10.298+0500] {dag.py:3947} INFO - Setting next_dagrun for example_sla_dag to 2025-12-05 23:30:00+00:00, run_after=2025-12-05 23:32:00+00:00
[2025-12-06T04:32:10.307+0500] {processor.py:183} INFO - Processing /Users/symbat/airflow_local/.venv/lib/python3.11/site-packages/airflow/example_dags/example_sla_dag.py took 0.126 seconds
[2025-12-06T04:34:01.074+0500] {processor.py:161} INFO - Started process (PID=84169) to work on /Users/symbat/airflow_local/.venv/lib/python3.11/site-packages/airflow/example_dags/example_sla_dag.py
[2025-12-06T04:34:01.075+0500] {processor.py:830} INFO - Processing file /Users/symbat/airflow_local/.venv/lib/python3.11/site-packages/airflow/example_dags/example_sla_dag.py for tasks to queue
[2025-12-06T04:34:01.075+0500] {logging_mixin.py:188} INFO - [2025-12-06T04:34:01.075+0500] {dagbag.py:545} INFO - Filling up the DagBag from /Users/symbat/airflow_local/.venv/lib/python3.11/site-packages/airflow/example_dags/example_sla_dag.py
[2025-12-06T04:34:01.098+0500] {processor.py:840} INFO - DAG(s) 'example_sla_dag' retrieved from /Users/symbat/airflow_local/.venv/lib/python3.11/site-packages/airflow/example_dags/example_sla_dag.py
[2025-12-06T04:34:01.146+0500] {logging_mixin.py:188} INFO - [2025-12-06T04:34:01.146+0500] {dag.py:3089} INFO - Sync 1 DAGs
[2025-12-06T04:34:01.155+0500] {logging_mixin.py:188} INFO - [2025-12-06T04:34:01.155+0500] {dag.py:3947} INFO - Setting next_dagrun for example_sla_dag to 2025-12-05 23:32:00+00:00, run_after=2025-12-05 23:34:00+00:00
[2025-12-06T04:34:01.164+0500] {processor.py:183} INFO - Processing /Users/symbat/airflow_local/.venv/lib/python3.11/site-packages/airflow/example_dags/example_sla_dag.py took 0.093 seconds
[2025-12-06T04:36:07.056+0500] {processor.py:161} INFO - Started process (PID=84355) to work on /Users/symbat/airflow_local/.venv/lib/python3.11/site-packages/airflow/example_dags/example_sla_dag.py
[2025-12-06T04:36:07.057+0500] {processor.py:830} INFO - Processing file /Users/symbat/airflow_local/.venv/lib/python3.11/site-packages/airflow/example_dags/example_sla_dag.py for tasks to queue
[2025-12-06T04:36:07.058+0500] {logging_mixin.py:188} INFO - [2025-12-06T04:36:07.058+0500] {dagbag.py:545} INFO - Filling up the DagBag from /Users/symbat/airflow_local/.venv/lib/python3.11/site-packages/airflow/example_dags/example_sla_dag.py
[2025-12-06T04:36:07.096+0500] {processor.py:840} INFO - DAG(s) 'example_sla_dag' retrieved from /Users/symbat/airflow_local/.venv/lib/python3.11/site-packages/airflow/example_dags/example_sla_dag.py
[2025-12-06T04:36:07.208+0500] {logging_mixin.py:188} INFO - [2025-12-06T04:36:07.208+0500] {dag.py:3089} INFO - Sync 1 DAGs
[2025-12-06T04:36:07.228+0500] {logging_mixin.py:188} INFO - [2025-12-06T04:36:07.227+0500] {dag.py:3947} INFO - Setting next_dagrun for example_sla_dag to 2025-12-05 23:34:00+00:00, run_after=2025-12-05 23:36:00+00:00
[2025-12-06T04:36:07.240+0500] {processor.py:183} INFO - Processing /Users/symbat/airflow_local/.venv/lib/python3.11/site-packages/airflow/example_dags/example_sla_dag.py took 0.187 seconds
[2025-12-06T04:37:58.451+0500] {processor.py:161} INFO - Started process (PID=84606) to work on /Users/symbat/airflow_local/.venv/lib/python3.11/site-packages/airflow/example_dags/example_sla_dag.py
[2025-12-06T04:37:58.452+0500] {processor.py:830} INFO - Processing file /Users/symbat/airflow_local/.venv/lib/python3.11/site-packages/airflow/example_dags/example_sla_dag.py for tasks to queue
[2025-12-06T04:37:58.452+0500] {logging_mixin.py:188} INFO - [2025-12-06T04:37:58.452+0500] {dagbag.py:545} INFO - Filling up the DagBag from /Users/symbat/airflow_local/.venv/lib/python3.11/site-packages/airflow/example_dags/example_sla_dag.py
[2025-12-06T04:37:58.471+0500] {processor.py:840} INFO - DAG(s) 'example_sla_dag' retrieved from /Users/symbat/airflow_local/.venv/lib/python3.11/site-packages/airflow/example_dags/example_sla_dag.py
[2025-12-06T04:37:58.521+0500] {logging_mixin.py:188} INFO - [2025-12-06T04:37:58.521+0500] {dag.py:3089} INFO - Sync 1 DAGs
[2025-12-06T04:37:58.533+0500] {logging_mixin.py:188} INFO - [2025-12-06T04:37:58.533+0500] {dag.py:3947} INFO - Setting next_dagrun for example_sla_dag to 2025-12-05 23:34:00+00:00, run_after=2025-12-05 23:36:00+00:00
[2025-12-06T04:37:58.542+0500] {processor.py:183} INFO - Processing /Users/symbat/airflow_local/.venv/lib/python3.11/site-packages/airflow/example_dags/example_sla_dag.py took 0.092 seconds
