[2025-12-06T03:56:30.993+0500] {processor.py:161} INFO - Started process (PID=79600) to work on /Users/symbat/airflow_local/.venv/lib/python3.11/site-packages/airflow/example_dags/example_dynamic_task_mapping.py
[2025-12-06T03:56:30.994+0500] {processor.py:830} INFO - Processing file /Users/symbat/airflow_local/.venv/lib/python3.11/site-packages/airflow/example_dags/example_dynamic_task_mapping.py for tasks to queue
[2025-12-06T03:56:30.994+0500] {logging_mixin.py:188} INFO - [2025-12-06T03:56:30.994+0500] {dagbag.py:545} INFO - Filling up the DagBag from /Users/symbat/airflow_local/.venv/lib/python3.11/site-packages/airflow/example_dags/example_dynamic_task_mapping.py
[2025-12-06T03:56:31.012+0500] {processor.py:840} INFO - DAG(s) 'example_dynamic_task_mapping' retrieved from /Users/symbat/airflow_local/.venv/lib/python3.11/site-packages/airflow/example_dags/example_dynamic_task_mapping.py
[2025-12-06T03:56:31.140+0500] {logging_mixin.py:188} INFO - [2025-12-06T03:56:31.140+0500] {override.py:1930} INFO - Created Permission View: can read on DAG:example_dynamic_task_mapping
[2025-12-06T03:56:31.144+0500] {logging_mixin.py:188} INFO - [2025-12-06T03:56:31.144+0500] {override.py:1930} INFO - Created Permission View: can delete on DAG:example_dynamic_task_mapping
[2025-12-06T03:56:31.147+0500] {logging_mixin.py:188} INFO - [2025-12-06T03:56:31.147+0500] {override.py:1930} INFO - Created Permission View: can edit on DAG:example_dynamic_task_mapping
[2025-12-06T03:56:31.147+0500] {logging_mixin.py:188} INFO - [2025-12-06T03:56:31.147+0500] {dag.py:3089} INFO - Sync 1 DAGs
[2025-12-06T03:56:31.152+0500] {logging_mixin.py:188} INFO - [2025-12-06T03:56:31.152+0500] {dag.py:3111} INFO - Creating ORM DAG for example_dynamic_task_mapping
[2025-12-06T03:56:31.155+0500] {logging_mixin.py:188} INFO - [2025-12-06T03:56:31.155+0500] {dag.py:3947} INFO - Setting next_dagrun for example_dynamic_task_mapping to 2022-03-04 00:00:00+00:00, run_after=2022-03-05 00:00:00+00:00
[2025-12-06T03:56:31.163+0500] {processor.py:183} INFO - Processing /Users/symbat/airflow_local/.venv/lib/python3.11/site-packages/airflow/example_dags/example_dynamic_task_mapping.py took 0.171 seconds
[2025-12-06T03:59:30.846+0500] {processor.py:161} INFO - Started process (PID=80048) to work on /Users/symbat/airflow_local/.venv/lib/python3.11/site-packages/airflow/example_dags/example_dynamic_task_mapping.py
[2025-12-06T03:59:30.847+0500] {processor.py:830} INFO - Processing file /Users/symbat/airflow_local/.venv/lib/python3.11/site-packages/airflow/example_dags/example_dynamic_task_mapping.py for tasks to queue
[2025-12-06T03:59:30.847+0500] {logging_mixin.py:188} INFO - [2025-12-06T03:59:30.847+0500] {dagbag.py:545} INFO - Filling up the DagBag from /Users/symbat/airflow_local/.venv/lib/python3.11/site-packages/airflow/example_dags/example_dynamic_task_mapping.py
[2025-12-06T03:59:30.866+0500] {processor.py:840} INFO - DAG(s) 'example_dynamic_task_mapping' retrieved from /Users/symbat/airflow_local/.venv/lib/python3.11/site-packages/airflow/example_dags/example_dynamic_task_mapping.py
[2025-12-06T03:59:30.914+0500] {logging_mixin.py:188} INFO - [2025-12-06T03:59:30.914+0500] {dag.py:3089} INFO - Sync 1 DAGs
[2025-12-06T03:59:30.922+0500] {logging_mixin.py:188} INFO - [2025-12-06T03:59:30.922+0500] {dag.py:3947} INFO - Setting next_dagrun for example_dynamic_task_mapping to 2022-03-04 00:00:00+00:00, run_after=2022-03-05 00:00:00+00:00
[2025-12-06T03:59:30.934+0500] {processor.py:183} INFO - Processing /Users/symbat/airflow_local/.venv/lib/python3.11/site-packages/airflow/example_dags/example_dynamic_task_mapping.py took 0.090 seconds
[2025-12-06T04:02:46.559+0500] {processor.py:161} INFO - Started process (PID=80701) to work on /Users/symbat/airflow_local/.venv/lib/python3.11/site-packages/airflow/example_dags/example_dynamic_task_mapping.py
[2025-12-06T04:02:46.560+0500] {processor.py:830} INFO - Processing file /Users/symbat/airflow_local/.venv/lib/python3.11/site-packages/airflow/example_dags/example_dynamic_task_mapping.py for tasks to queue
[2025-12-06T04:02:46.561+0500] {logging_mixin.py:188} INFO - [2025-12-06T04:02:46.561+0500] {dagbag.py:545} INFO - Filling up the DagBag from /Users/symbat/airflow_local/.venv/lib/python3.11/site-packages/airflow/example_dags/example_dynamic_task_mapping.py
[2025-12-06T04:02:46.586+0500] {processor.py:840} INFO - DAG(s) 'example_dynamic_task_mapping' retrieved from /Users/symbat/airflow_local/.venv/lib/python3.11/site-packages/airflow/example_dags/example_dynamic_task_mapping.py
[2025-12-06T04:02:46.748+0500] {logging_mixin.py:188} INFO - [2025-12-06T04:02:46.747+0500] {dag.py:3089} INFO - Sync 1 DAGs
[2025-12-06T04:02:46.775+0500] {logging_mixin.py:188} INFO - [2025-12-06T04:02:46.775+0500] {dag.py:3947} INFO - Setting next_dagrun for example_dynamic_task_mapping to 2022-03-04 00:00:00+00:00, run_after=2022-03-05 00:00:00+00:00
[2025-12-06T04:02:46.810+0500] {processor.py:183} INFO - Processing /Users/symbat/airflow_local/.venv/lib/python3.11/site-packages/airflow/example_dags/example_dynamic_task_mapping.py took 0.253 seconds
[2025-12-06T04:05:00.128+0500] {processor.py:161} INFO - Started process (PID=81169) to work on /Users/symbat/airflow_local/.venv/lib/python3.11/site-packages/airflow/example_dags/example_dynamic_task_mapping.py
[2025-12-06T04:05:00.132+0500] {processor.py:830} INFO - Processing file /Users/symbat/airflow_local/.venv/lib/python3.11/site-packages/airflow/example_dags/example_dynamic_task_mapping.py for tasks to queue
[2025-12-06T04:05:00.137+0500] {logging_mixin.py:188} INFO - [2025-12-06T04:05:00.136+0500] {dagbag.py:545} INFO - Filling up the DagBag from /Users/symbat/airflow_local/.venv/lib/python3.11/site-packages/airflow/example_dags/example_dynamic_task_mapping.py
[2025-12-06T04:05:00.171+0500] {processor.py:840} INFO - DAG(s) 'example_dynamic_task_mapping' retrieved from /Users/symbat/airflow_local/.venv/lib/python3.11/site-packages/airflow/example_dags/example_dynamic_task_mapping.py
[2025-12-06T04:05:00.237+0500] {logging_mixin.py:188} INFO - [2025-12-06T04:05:00.237+0500] {dag.py:3089} INFO - Sync 1 DAGs
[2025-12-06T04:05:00.246+0500] {logging_mixin.py:188} INFO - [2025-12-06T04:05:00.246+0500] {dag.py:3947} INFO - Setting next_dagrun for example_dynamic_task_mapping to 2022-03-04 00:00:00+00:00, run_after=2022-03-05 00:00:00+00:00
[2025-12-06T04:05:00.266+0500] {processor.py:183} INFO - Processing /Users/symbat/airflow_local/.venv/lib/python3.11/site-packages/airflow/example_dags/example_dynamic_task_mapping.py took 0.142 seconds
[2025-12-06T04:08:19.897+0500] {processor.py:161} INFO - Started process (PID=81596) to work on /Users/symbat/airflow_local/.venv/lib/python3.11/site-packages/airflow/example_dags/example_dynamic_task_mapping.py
[2025-12-06T04:08:19.897+0500] {processor.py:830} INFO - Processing file /Users/symbat/airflow_local/.venv/lib/python3.11/site-packages/airflow/example_dags/example_dynamic_task_mapping.py for tasks to queue
[2025-12-06T04:08:19.898+0500] {logging_mixin.py:188} INFO - [2025-12-06T04:08:19.898+0500] {dagbag.py:545} INFO - Filling up the DagBag from /Users/symbat/airflow_local/.venv/lib/python3.11/site-packages/airflow/example_dags/example_dynamic_task_mapping.py
[2025-12-06T04:08:19.920+0500] {processor.py:840} INFO - DAG(s) 'example_dynamic_task_mapping' retrieved from /Users/symbat/airflow_local/.venv/lib/python3.11/site-packages/airflow/example_dags/example_dynamic_task_mapping.py
[2025-12-06T04:08:19.972+0500] {logging_mixin.py:188} INFO - [2025-12-06T04:08:19.972+0500] {dag.py:3089} INFO - Sync 1 DAGs
[2025-12-06T04:08:19.980+0500] {logging_mixin.py:188} INFO - [2025-12-06T04:08:19.980+0500] {dag.py:3947} INFO - Setting next_dagrun for example_dynamic_task_mapping to 2022-03-04 00:00:00+00:00, run_after=2022-03-05 00:00:00+00:00
[2025-12-06T04:08:19.990+0500] {processor.py:183} INFO - Processing /Users/symbat/airflow_local/.venv/lib/python3.11/site-packages/airflow/example_dags/example_dynamic_task_mapping.py took 0.096 seconds
[2025-12-06T04:11:45.585+0500] {processor.py:161} INFO - Started process (PID=81852) to work on /Users/symbat/airflow_local/.venv/lib/python3.11/site-packages/airflow/example_dags/example_dynamic_task_mapping.py
[2025-12-06T04:11:45.588+0500] {processor.py:830} INFO - Processing file /Users/symbat/airflow_local/.venv/lib/python3.11/site-packages/airflow/example_dags/example_dynamic_task_mapping.py for tasks to queue
[2025-12-06T04:11:45.589+0500] {logging_mixin.py:188} INFO - [2025-12-06T04:11:45.589+0500] {dagbag.py:545} INFO - Filling up the DagBag from /Users/symbat/airflow_local/.venv/lib/python3.11/site-packages/airflow/example_dags/example_dynamic_task_mapping.py
[2025-12-06T04:11:45.622+0500] {processor.py:840} INFO - DAG(s) 'example_dynamic_task_mapping' retrieved from /Users/symbat/airflow_local/.venv/lib/python3.11/site-packages/airflow/example_dags/example_dynamic_task_mapping.py
[2025-12-06T04:11:45.684+0500] {logging_mixin.py:188} INFO - [2025-12-06T04:11:45.683+0500] {dag.py:3089} INFO - Sync 1 DAGs
[2025-12-06T04:11:45.692+0500] {logging_mixin.py:188} INFO - [2025-12-06T04:11:45.692+0500] {dag.py:3947} INFO - Setting next_dagrun for example_dynamic_task_mapping to 2022-03-04 00:00:00+00:00, run_after=2022-03-05 00:00:00+00:00
[2025-12-06T04:11:45.704+0500] {processor.py:183} INFO - Processing /Users/symbat/airflow_local/.venv/lib/python3.11/site-packages/airflow/example_dags/example_dynamic_task_mapping.py took 0.128 seconds
[2025-12-06T04:15:03.767+0500] {processor.py:161} INFO - Started process (PID=82152) to work on /Users/symbat/airflow_local/.venv/lib/python3.11/site-packages/airflow/example_dags/example_dynamic_task_mapping.py
[2025-12-06T04:15:03.768+0500] {processor.py:830} INFO - Processing file /Users/symbat/airflow_local/.venv/lib/python3.11/site-packages/airflow/example_dags/example_dynamic_task_mapping.py for tasks to queue
[2025-12-06T04:15:03.769+0500] {logging_mixin.py:188} INFO - [2025-12-06T04:15:03.769+0500] {dagbag.py:545} INFO - Filling up the DagBag from /Users/symbat/airflow_local/.venv/lib/python3.11/site-packages/airflow/example_dags/example_dynamic_task_mapping.py
[2025-12-06T04:15:03.800+0500] {processor.py:840} INFO - DAG(s) 'example_dynamic_task_mapping' retrieved from /Users/symbat/airflow_local/.venv/lib/python3.11/site-packages/airflow/example_dags/example_dynamic_task_mapping.py
[2025-12-06T04:15:03.865+0500] {logging_mixin.py:188} INFO - [2025-12-06T04:15:03.864+0500] {dag.py:3089} INFO - Sync 1 DAGs
[2025-12-06T04:15:03.878+0500] {logging_mixin.py:188} INFO - [2025-12-06T04:15:03.878+0500] {dag.py:3947} INFO - Setting next_dagrun for example_dynamic_task_mapping to 2022-03-04 00:00:00+00:00, run_after=2022-03-05 00:00:00+00:00
[2025-12-06T04:15:03.893+0500] {processor.py:183} INFO - Processing /Users/symbat/airflow_local/.venv/lib/python3.11/site-packages/airflow/example_dags/example_dynamic_task_mapping.py took 0.128 seconds
[2025-12-06T04:18:11.853+0500] {processor.py:161} INFO - Started process (PID=82376) to work on /Users/symbat/airflow_local/.venv/lib/python3.11/site-packages/airflow/example_dags/example_dynamic_task_mapping.py
[2025-12-06T04:18:11.855+0500] {processor.py:830} INFO - Processing file /Users/symbat/airflow_local/.venv/lib/python3.11/site-packages/airflow/example_dags/example_dynamic_task_mapping.py for tasks to queue
[2025-12-06T04:18:11.856+0500] {logging_mixin.py:188} INFO - [2025-12-06T04:18:11.856+0500] {dagbag.py:545} INFO - Filling up the DagBag from /Users/symbat/airflow_local/.venv/lib/python3.11/site-packages/airflow/example_dags/example_dynamic_task_mapping.py
[2025-12-06T04:18:11.892+0500] {processor.py:840} INFO - DAG(s) 'example_dynamic_task_mapping' retrieved from /Users/symbat/airflow_local/.venv/lib/python3.11/site-packages/airflow/example_dags/example_dynamic_task_mapping.py
[2025-12-06T04:18:11.990+0500] {logging_mixin.py:188} INFO - [2025-12-06T04:18:11.989+0500] {dag.py:3089} INFO - Sync 1 DAGs
[2025-12-06T04:18:12.000+0500] {logging_mixin.py:188} INFO - [2025-12-06T04:18:11.999+0500] {dag.py:3947} INFO - Setting next_dagrun for example_dynamic_task_mapping to 2022-03-04 00:00:00+00:00, run_after=2022-03-05 00:00:00+00:00
[2025-12-06T04:18:12.013+0500] {processor.py:183} INFO - Processing /Users/symbat/airflow_local/.venv/lib/python3.11/site-packages/airflow/example_dags/example_dynamic_task_mapping.py took 0.163 seconds
[2025-12-06T04:21:17.479+0500] {processor.py:161} INFO - Started process (PID=82573) to work on /Users/symbat/airflow_local/.venv/lib/python3.11/site-packages/airflow/example_dags/example_dynamic_task_mapping.py
[2025-12-06T04:21:17.481+0500] {processor.py:830} INFO - Processing file /Users/symbat/airflow_local/.venv/lib/python3.11/site-packages/airflow/example_dags/example_dynamic_task_mapping.py for tasks to queue
[2025-12-06T04:21:17.482+0500] {logging_mixin.py:188} INFO - [2025-12-06T04:21:17.482+0500] {dagbag.py:545} INFO - Filling up the DagBag from /Users/symbat/airflow_local/.venv/lib/python3.11/site-packages/airflow/example_dags/example_dynamic_task_mapping.py
[2025-12-06T04:21:17.506+0500] {processor.py:840} INFO - DAG(s) 'example_dynamic_task_mapping' retrieved from /Users/symbat/airflow_local/.venv/lib/python3.11/site-packages/airflow/example_dags/example_dynamic_task_mapping.py
[2025-12-06T04:21:17.569+0500] {logging_mixin.py:188} INFO - [2025-12-06T04:21:17.568+0500] {dag.py:3089} INFO - Sync 1 DAGs
[2025-12-06T04:21:17.576+0500] {logging_mixin.py:188} INFO - [2025-12-06T04:21:17.576+0500] {dag.py:3947} INFO - Setting next_dagrun for example_dynamic_task_mapping to 2022-03-04 00:00:00+00:00, run_after=2022-03-05 00:00:00+00:00
[2025-12-06T04:21:17.588+0500] {processor.py:183} INFO - Processing /Users/symbat/airflow_local/.venv/lib/python3.11/site-packages/airflow/example_dags/example_dynamic_task_mapping.py took 0.114 seconds
[2025-12-06T04:24:05.513+0500] {processor.py:161} INFO - Started process (PID=82779) to work on /Users/symbat/airflow_local/.venv/lib/python3.11/site-packages/airflow/example_dags/example_dynamic_task_mapping.py
[2025-12-06T04:24:05.514+0500] {processor.py:830} INFO - Processing file /Users/symbat/airflow_local/.venv/lib/python3.11/site-packages/airflow/example_dags/example_dynamic_task_mapping.py for tasks to queue
[2025-12-06T04:24:05.515+0500] {logging_mixin.py:188} INFO - [2025-12-06T04:24:05.515+0500] {dagbag.py:545} INFO - Filling up the DagBag from /Users/symbat/airflow_local/.venv/lib/python3.11/site-packages/airflow/example_dags/example_dynamic_task_mapping.py
[2025-12-06T04:24:05.537+0500] {processor.py:840} INFO - DAG(s) 'example_dynamic_task_mapping' retrieved from /Users/symbat/airflow_local/.venv/lib/python3.11/site-packages/airflow/example_dags/example_dynamic_task_mapping.py
[2025-12-06T04:24:05.595+0500] {logging_mixin.py:188} INFO - [2025-12-06T04:24:05.594+0500] {dag.py:3089} INFO - Sync 1 DAGs
[2025-12-06T04:24:05.602+0500] {logging_mixin.py:188} INFO - [2025-12-06T04:24:05.602+0500] {dag.py:3947} INFO - Setting next_dagrun for example_dynamic_task_mapping to 2022-03-04 00:00:00+00:00, run_after=2022-03-05 00:00:00+00:00
[2025-12-06T04:24:05.612+0500] {processor.py:183} INFO - Processing /Users/symbat/airflow_local/.venv/lib/python3.11/site-packages/airflow/example_dags/example_dynamic_task_mapping.py took 0.102 seconds
[2025-12-06T04:27:33.609+0500] {processor.py:161} INFO - Started process (PID=83381) to work on /Users/symbat/airflow_local/.venv/lib/python3.11/site-packages/airflow/example_dags/example_dynamic_task_mapping.py
[2025-12-06T04:27:33.610+0500] {processor.py:830} INFO - Processing file /Users/symbat/airflow_local/.venv/lib/python3.11/site-packages/airflow/example_dags/example_dynamic_task_mapping.py for tasks to queue
[2025-12-06T04:27:33.611+0500] {logging_mixin.py:188} INFO - [2025-12-06T04:27:33.610+0500] {dagbag.py:545} INFO - Filling up the DagBag from /Users/symbat/airflow_local/.venv/lib/python3.11/site-packages/airflow/example_dags/example_dynamic_task_mapping.py
[2025-12-06T04:27:33.628+0500] {processor.py:840} INFO - DAG(s) 'example_dynamic_task_mapping' retrieved from /Users/symbat/airflow_local/.venv/lib/python3.11/site-packages/airflow/example_dags/example_dynamic_task_mapping.py
[2025-12-06T04:27:33.683+0500] {logging_mixin.py:188} INFO - [2025-12-06T04:27:33.683+0500] {dag.py:3089} INFO - Sync 1 DAGs
[2025-12-06T04:27:33.691+0500] {logging_mixin.py:188} INFO - [2025-12-06T04:27:33.691+0500] {dag.py:3947} INFO - Setting next_dagrun for example_dynamic_task_mapping to 2022-03-04 00:00:00+00:00, run_after=2022-03-05 00:00:00+00:00
[2025-12-06T04:27:33.703+0500] {processor.py:183} INFO - Processing /Users/symbat/airflow_local/.venv/lib/python3.11/site-packages/airflow/example_dags/example_dynamic_task_mapping.py took 0.096 seconds
[2025-12-06T04:31:10.364+0500] {processor.py:161} INFO - Started process (PID=83866) to work on /Users/symbat/airflow_local/.venv/lib/python3.11/site-packages/airflow/example_dags/example_dynamic_task_mapping.py
[2025-12-06T04:31:10.365+0500] {processor.py:830} INFO - Processing file /Users/symbat/airflow_local/.venv/lib/python3.11/site-packages/airflow/example_dags/example_dynamic_task_mapping.py for tasks to queue
[2025-12-06T04:31:10.365+0500] {logging_mixin.py:188} INFO - [2025-12-06T04:31:10.365+0500] {dagbag.py:545} INFO - Filling up the DagBag from /Users/symbat/airflow_local/.venv/lib/python3.11/site-packages/airflow/example_dags/example_dynamic_task_mapping.py
[2025-12-06T04:31:10.389+0500] {processor.py:840} INFO - DAG(s) 'example_dynamic_task_mapping' retrieved from /Users/symbat/airflow_local/.venv/lib/python3.11/site-packages/airflow/example_dags/example_dynamic_task_mapping.py
[2025-12-06T04:31:10.436+0500] {logging_mixin.py:188} INFO - [2025-12-06T04:31:10.435+0500] {dag.py:3089} INFO - Sync 1 DAGs
[2025-12-06T04:31:10.443+0500] {logging_mixin.py:188} INFO - [2025-12-06T04:31:10.443+0500] {dag.py:3947} INFO - Setting next_dagrun for example_dynamic_task_mapping to 2022-03-04 00:00:00+00:00, run_after=2022-03-05 00:00:00+00:00
[2025-12-06T04:31:10.453+0500] {processor.py:183} INFO - Processing /Users/symbat/airflow_local/.venv/lib/python3.11/site-packages/airflow/example_dags/example_dynamic_task_mapping.py took 0.091 seconds
[2025-12-06T04:34:50.281+0500] {processor.py:161} INFO - Started process (PID=84238) to work on /Users/symbat/airflow_local/.venv/lib/python3.11/site-packages/airflow/example_dags/example_dynamic_task_mapping.py
[2025-12-06T04:34:50.282+0500] {processor.py:830} INFO - Processing file /Users/symbat/airflow_local/.venv/lib/python3.11/site-packages/airflow/example_dags/example_dynamic_task_mapping.py for tasks to queue
[2025-12-06T04:34:50.283+0500] {logging_mixin.py:188} INFO - [2025-12-06T04:34:50.283+0500] {dagbag.py:545} INFO - Filling up the DagBag from /Users/symbat/airflow_local/.venv/lib/python3.11/site-packages/airflow/example_dags/example_dynamic_task_mapping.py
[2025-12-06T04:34:50.307+0500] {processor.py:840} INFO - DAG(s) 'example_dynamic_task_mapping' retrieved from /Users/symbat/airflow_local/.venv/lib/python3.11/site-packages/airflow/example_dags/example_dynamic_task_mapping.py
[2025-12-06T04:34:50.366+0500] {logging_mixin.py:188} INFO - [2025-12-06T04:34:50.365+0500] {dag.py:3089} INFO - Sync 1 DAGs
[2025-12-06T04:34:50.377+0500] {logging_mixin.py:188} INFO - [2025-12-06T04:34:50.377+0500] {dag.py:3947} INFO - Setting next_dagrun for example_dynamic_task_mapping to 2022-03-04 00:00:00+00:00, run_after=2022-03-05 00:00:00+00:00
[2025-12-06T04:34:50.389+0500] {processor.py:183} INFO - Processing /Users/symbat/airflow_local/.venv/lib/python3.11/site-packages/airflow/example_dags/example_dynamic_task_mapping.py took 0.111 seconds
