[2025-12-06T03:55:32.508+0500] {processor.py:161} INFO - Started process (PID=79525) to work on /Users/symbat/airflow_local/.venv/lib/python3.11/site-packages/airflow/example_dags/example_time_delta_sensor_async.py
[2025-12-06T03:55:32.509+0500] {processor.py:830} INFO - Processing file /Users/symbat/airflow_local/.venv/lib/python3.11/site-packages/airflow/example_dags/example_time_delta_sensor_async.py for tasks to queue
[2025-12-06T03:55:32.510+0500] {logging_mixin.py:188} INFO - [2025-12-06T03:55:32.510+0500] {dagbag.py:545} INFO - Filling up the DagBag from /Users/symbat/airflow_local/.venv/lib/python3.11/site-packages/airflow/example_dags/example_time_delta_sensor_async.py
[2025-12-06T03:55:32.519+0500] {processor.py:840} INFO - DAG(s) 'example_time_delta_sensor_async' retrieved from /Users/symbat/airflow_local/.venv/lib/python3.11/site-packages/airflow/example_dags/example_time_delta_sensor_async.py
[2025-12-06T03:55:32.606+0500] {logging_mixin.py:188} INFO - [2025-12-06T03:55:32.606+0500] {override.py:1930} INFO - Created Permission View: can edit on DAG:example_time_delta_sensor_async
[2025-12-06T03:55:32.611+0500] {logging_mixin.py:188} INFO - [2025-12-06T03:55:32.611+0500] {override.py:1930} INFO - Created Permission View: can read on DAG:example_time_delta_sensor_async
[2025-12-06T03:55:32.615+0500] {logging_mixin.py:188} INFO - [2025-12-06T03:55:32.614+0500] {override.py:1930} INFO - Created Permission View: can delete on DAG:example_time_delta_sensor_async
[2025-12-06T03:55:32.615+0500] {logging_mixin.py:188} INFO - [2025-12-06T03:55:32.615+0500] {dag.py:3089} INFO - Sync 1 DAGs
[2025-12-06T03:55:32.620+0500] {logging_mixin.py:188} INFO - [2025-12-06T03:55:32.619+0500] {dag.py:3111} INFO - Creating ORM DAG for example_time_delta_sensor_async
[2025-12-06T03:55:32.620+0500] {logging_mixin.py:188} INFO - [2025-12-06T03:55:32.620+0500] {dag.py:3947} INFO - Setting next_dagrun for example_time_delta_sensor_async to None, run_after=None
[2025-12-06T03:55:32.664+0500] {processor.py:183} INFO - Processing /Users/symbat/airflow_local/.venv/lib/python3.11/site-packages/airflow/example_dags/example_time_delta_sensor_async.py took 0.160 seconds
[2025-12-06T03:57:31.965+0500] {processor.py:161} INFO - Started process (PID=79673) to work on /Users/symbat/airflow_local/.venv/lib/python3.11/site-packages/airflow/example_dags/example_time_delta_sensor_async.py
[2025-12-06T03:57:31.966+0500] {processor.py:830} INFO - Processing file /Users/symbat/airflow_local/.venv/lib/python3.11/site-packages/airflow/example_dags/example_time_delta_sensor_async.py for tasks to queue
[2025-12-06T03:57:31.966+0500] {logging_mixin.py:188} INFO - [2025-12-06T03:57:31.966+0500] {dagbag.py:545} INFO - Filling up the DagBag from /Users/symbat/airflow_local/.venv/lib/python3.11/site-packages/airflow/example_dags/example_time_delta_sensor_async.py
[2025-12-06T03:57:31.975+0500] {processor.py:840} INFO - DAG(s) 'example_time_delta_sensor_async' retrieved from /Users/symbat/airflow_local/.venv/lib/python3.11/site-packages/airflow/example_dags/example_time_delta_sensor_async.py
[2025-12-06T03:57:32.033+0500] {logging_mixin.py:188} INFO - [2025-12-06T03:57:32.033+0500] {dag.py:3089} INFO - Sync 1 DAGs
[2025-12-06T03:57:32.039+0500] {logging_mixin.py:188} INFO - [2025-12-06T03:57:32.038+0500] {dag.py:3947} INFO - Setting next_dagrun for example_time_delta_sensor_async to None, run_after=None
[2025-12-06T03:57:32.050+0500] {processor.py:183} INFO - Processing /Users/symbat/airflow_local/.venv/lib/python3.11/site-packages/airflow/example_dags/example_time_delta_sensor_async.py took 0.088 seconds
[2025-12-06T03:59:03.121+0500] {processor.py:161} INFO - Started process (PID=79845) to work on /Users/symbat/airflow_local/.venv/lib/python3.11/site-packages/airflow/example_dags/example_time_delta_sensor_async.py
[2025-12-06T03:59:03.122+0500] {processor.py:830} INFO - Processing file /Users/symbat/airflow_local/.venv/lib/python3.11/site-packages/airflow/example_dags/example_time_delta_sensor_async.py for tasks to queue
[2025-12-06T03:59:03.123+0500] {logging_mixin.py:188} INFO - [2025-12-06T03:59:03.123+0500] {dagbag.py:545} INFO - Filling up the DagBag from /Users/symbat/airflow_local/.venv/lib/python3.11/site-packages/airflow/example_dags/example_time_delta_sensor_async.py
[2025-12-06T03:59:03.134+0500] {processor.py:840} INFO - DAG(s) 'example_time_delta_sensor_async' retrieved from /Users/symbat/airflow_local/.venv/lib/python3.11/site-packages/airflow/example_dags/example_time_delta_sensor_async.py
[2025-12-06T03:59:03.199+0500] {logging_mixin.py:188} INFO - [2025-12-06T03:59:03.199+0500] {dag.py:3089} INFO - Sync 1 DAGs
[2025-12-06T03:59:03.204+0500] {logging_mixin.py:188} INFO - [2025-12-06T03:59:03.204+0500] {dag.py:3947} INFO - Setting next_dagrun for example_time_delta_sensor_async to None, run_after=None
[2025-12-06T03:59:03.219+0500] {processor.py:183} INFO - Processing /Users/symbat/airflow_local/.venv/lib/python3.11/site-packages/airflow/example_dags/example_time_delta_sensor_async.py took 0.105 seconds
[2025-12-06T04:00:38.878+0500] {processor.py:161} INFO - Started process (PID=80360) to work on /Users/symbat/airflow_local/.venv/lib/python3.11/site-packages/airflow/example_dags/example_time_delta_sensor_async.py
[2025-12-06T04:00:38.879+0500] {processor.py:830} INFO - Processing file /Users/symbat/airflow_local/.venv/lib/python3.11/site-packages/airflow/example_dags/example_time_delta_sensor_async.py for tasks to queue
[2025-12-06T04:00:38.879+0500] {logging_mixin.py:188} INFO - [2025-12-06T04:00:38.879+0500] {dagbag.py:545} INFO - Filling up the DagBag from /Users/symbat/airflow_local/.venv/lib/python3.11/site-packages/airflow/example_dags/example_time_delta_sensor_async.py
[2025-12-06T04:00:38.885+0500] {processor.py:840} INFO - DAG(s) 'example_time_delta_sensor_async' retrieved from /Users/symbat/airflow_local/.venv/lib/python3.11/site-packages/airflow/example_dags/example_time_delta_sensor_async.py
[2025-12-06T04:00:38.932+0500] {logging_mixin.py:188} INFO - [2025-12-06T04:00:38.932+0500] {dag.py:3089} INFO - Sync 1 DAGs
[2025-12-06T04:00:38.936+0500] {logging_mixin.py:188} INFO - [2025-12-06T04:00:38.936+0500] {dag.py:3947} INFO - Setting next_dagrun for example_time_delta_sensor_async to None, run_after=None
[2025-12-06T04:00:38.945+0500] {processor.py:183} INFO - Processing /Users/symbat/airflow_local/.venv/lib/python3.11/site-packages/airflow/example_dags/example_time_delta_sensor_async.py took 0.069 seconds
[2025-12-06T04:02:15.249+0500] {processor.py:161} INFO - Started process (PID=80634) to work on /Users/symbat/airflow_local/.venv/lib/python3.11/site-packages/airflow/example_dags/example_time_delta_sensor_async.py
[2025-12-06T04:02:15.250+0500] {processor.py:830} INFO - Processing file /Users/symbat/airflow_local/.venv/lib/python3.11/site-packages/airflow/example_dags/example_time_delta_sensor_async.py for tasks to queue
[2025-12-06T04:02:15.251+0500] {logging_mixin.py:188} INFO - [2025-12-06T04:02:15.251+0500] {dagbag.py:545} INFO - Filling up the DagBag from /Users/symbat/airflow_local/.venv/lib/python3.11/site-packages/airflow/example_dags/example_time_delta_sensor_async.py
[2025-12-06T04:02:15.263+0500] {processor.py:840} INFO - DAG(s) 'example_time_delta_sensor_async' retrieved from /Users/symbat/airflow_local/.venv/lib/python3.11/site-packages/airflow/example_dags/example_time_delta_sensor_async.py
[2025-12-06T04:02:15.335+0500] {logging_mixin.py:188} INFO - [2025-12-06T04:02:15.335+0500] {dag.py:3089} INFO - Sync 1 DAGs
[2025-12-06T04:02:15.340+0500] {logging_mixin.py:188} INFO - [2025-12-06T04:02:15.339+0500] {dag.py:3947} INFO - Setting next_dagrun for example_time_delta_sensor_async to None, run_after=None
[2025-12-06T04:02:15.352+0500] {processor.py:183} INFO - Processing /Users/symbat/airflow_local/.venv/lib/python3.11/site-packages/airflow/example_dags/example_time_delta_sensor_async.py took 0.109 seconds
[2025-12-06T04:03:55.835+0500] {processor.py:161} INFO - Started process (PID=80972) to work on /Users/symbat/airflow_local/.venv/lib/python3.11/site-packages/airflow/example_dags/example_time_delta_sensor_async.py
[2025-12-06T04:03:55.836+0500] {processor.py:830} INFO - Processing file /Users/symbat/airflow_local/.venv/lib/python3.11/site-packages/airflow/example_dags/example_time_delta_sensor_async.py for tasks to queue
[2025-12-06T04:03:55.836+0500] {logging_mixin.py:188} INFO - [2025-12-06T04:03:55.836+0500] {dagbag.py:545} INFO - Filling up the DagBag from /Users/symbat/airflow_local/.venv/lib/python3.11/site-packages/airflow/example_dags/example_time_delta_sensor_async.py
[2025-12-06T04:03:55.841+0500] {processor.py:840} INFO - DAG(s) 'example_time_delta_sensor_async' retrieved from /Users/symbat/airflow_local/.venv/lib/python3.11/site-packages/airflow/example_dags/example_time_delta_sensor_async.py
[2025-12-06T04:03:55.888+0500] {logging_mixin.py:188} INFO - [2025-12-06T04:03:55.888+0500] {dag.py:3089} INFO - Sync 1 DAGs
[2025-12-06T04:03:55.893+0500] {logging_mixin.py:188} INFO - [2025-12-06T04:03:55.893+0500] {dag.py:3947} INFO - Setting next_dagrun for example_time_delta_sensor_async to None, run_after=None
[2025-12-06T04:03:55.902+0500] {processor.py:183} INFO - Processing /Users/symbat/airflow_local/.venv/lib/python3.11/site-packages/airflow/example_dags/example_time_delta_sensor_async.py took 0.069 seconds
[2025-12-06T04:05:43.213+0500] {processor.py:161} INFO - Started process (PID=81400) to work on /Users/symbat/airflow_local/.venv/lib/python3.11/site-packages/airflow/example_dags/example_time_delta_sensor_async.py
[2025-12-06T04:05:43.213+0500] {processor.py:830} INFO - Processing file /Users/symbat/airflow_local/.venv/lib/python3.11/site-packages/airflow/example_dags/example_time_delta_sensor_async.py for tasks to queue
[2025-12-06T04:05:43.214+0500] {logging_mixin.py:188} INFO - [2025-12-06T04:05:43.214+0500] {dagbag.py:545} INFO - Filling up the DagBag from /Users/symbat/airflow_local/.venv/lib/python3.11/site-packages/airflow/example_dags/example_time_delta_sensor_async.py
[2025-12-06T04:05:43.219+0500] {processor.py:840} INFO - DAG(s) 'example_time_delta_sensor_async' retrieved from /Users/symbat/airflow_local/.venv/lib/python3.11/site-packages/airflow/example_dags/example_time_delta_sensor_async.py
[2025-12-06T04:05:43.299+0500] {logging_mixin.py:188} INFO - [2025-12-06T04:05:43.298+0500] {dag.py:3089} INFO - Sync 1 DAGs
[2025-12-06T04:05:43.310+0500] {logging_mixin.py:188} INFO - [2025-12-06T04:05:43.309+0500] {dag.py:3947} INFO - Setting next_dagrun for example_time_delta_sensor_async to None, run_after=None
[2025-12-06T04:05:43.328+0500] {processor.py:183} INFO - Processing /Users/symbat/airflow_local/.venv/lib/python3.11/site-packages/airflow/example_dags/example_time_delta_sensor_async.py took 0.117 seconds
[2025-12-06T04:07:23.396+0500] {processor.py:161} INFO - Started process (PID=81535) to work on /Users/symbat/airflow_local/.venv/lib/python3.11/site-packages/airflow/example_dags/example_time_delta_sensor_async.py
[2025-12-06T04:07:23.397+0500] {processor.py:830} INFO - Processing file /Users/symbat/airflow_local/.venv/lib/python3.11/site-packages/airflow/example_dags/example_time_delta_sensor_async.py for tasks to queue
[2025-12-06T04:07:23.398+0500] {logging_mixin.py:188} INFO - [2025-12-06T04:07:23.398+0500] {dagbag.py:545} INFO - Filling up the DagBag from /Users/symbat/airflow_local/.venv/lib/python3.11/site-packages/airflow/example_dags/example_time_delta_sensor_async.py
[2025-12-06T04:07:23.406+0500] {processor.py:840} INFO - DAG(s) 'example_time_delta_sensor_async' retrieved from /Users/symbat/airflow_local/.venv/lib/python3.11/site-packages/airflow/example_dags/example_time_delta_sensor_async.py
[2025-12-06T04:07:23.490+0500] {logging_mixin.py:188} INFO - [2025-12-06T04:07:23.490+0500] {dag.py:3089} INFO - Sync 1 DAGs
[2025-12-06T04:07:23.495+0500] {logging_mixin.py:188} INFO - [2025-12-06T04:07:23.495+0500] {dag.py:3947} INFO - Setting next_dagrun for example_time_delta_sensor_async to None, run_after=None
[2025-12-06T04:07:23.511+0500] {processor.py:183} INFO - Processing /Users/symbat/airflow_local/.venv/lib/python3.11/site-packages/airflow/example_dags/example_time_delta_sensor_async.py took 0.120 seconds
[2025-12-06T04:09:07.147+0500] {processor.py:161} INFO - Started process (PID=81670) to work on /Users/symbat/airflow_local/.venv/lib/python3.11/site-packages/airflow/example_dags/example_time_delta_sensor_async.py
[2025-12-06T04:09:07.148+0500] {processor.py:830} INFO - Processing file /Users/symbat/airflow_local/.venv/lib/python3.11/site-packages/airflow/example_dags/example_time_delta_sensor_async.py for tasks to queue
[2025-12-06T04:09:07.148+0500] {logging_mixin.py:188} INFO - [2025-12-06T04:09:07.148+0500] {dagbag.py:545} INFO - Filling up the DagBag from /Users/symbat/airflow_local/.venv/lib/python3.11/site-packages/airflow/example_dags/example_time_delta_sensor_async.py
[2025-12-06T04:09:07.154+0500] {processor.py:840} INFO - DAG(s) 'example_time_delta_sensor_async' retrieved from /Users/symbat/airflow_local/.venv/lib/python3.11/site-packages/airflow/example_dags/example_time_delta_sensor_async.py
[2025-12-06T04:09:07.221+0500] {logging_mixin.py:188} INFO - [2025-12-06T04:09:07.221+0500] {dag.py:3089} INFO - Sync 1 DAGs
[2025-12-06T04:09:07.226+0500] {logging_mixin.py:188} INFO - [2025-12-06T04:09:07.226+0500] {dag.py:3947} INFO - Setting next_dagrun for example_time_delta_sensor_async to None, run_after=None
[2025-12-06T04:09:07.236+0500] {processor.py:183} INFO - Processing /Users/symbat/airflow_local/.venv/lib/python3.11/site-packages/airflow/example_dags/example_time_delta_sensor_async.py took 0.091 seconds
[2025-12-06T04:10:50.990+0500] {processor.py:161} INFO - Started process (PID=81785) to work on /Users/symbat/airflow_local/.venv/lib/python3.11/site-packages/airflow/example_dags/example_time_delta_sensor_async.py
[2025-12-06T04:10:50.992+0500] {processor.py:830} INFO - Processing file /Users/symbat/airflow_local/.venv/lib/python3.11/site-packages/airflow/example_dags/example_time_delta_sensor_async.py for tasks to queue
[2025-12-06T04:10:50.993+0500] {logging_mixin.py:188} INFO - [2025-12-06T04:10:50.993+0500] {dagbag.py:545} INFO - Filling up the DagBag from /Users/symbat/airflow_local/.venv/lib/python3.11/site-packages/airflow/example_dags/example_time_delta_sensor_async.py
[2025-12-06T04:10:51.002+0500] {processor.py:840} INFO - DAG(s) 'example_time_delta_sensor_async' retrieved from /Users/symbat/airflow_local/.venv/lib/python3.11/site-packages/airflow/example_dags/example_time_delta_sensor_async.py
[2025-12-06T04:10:51.067+0500] {logging_mixin.py:188} INFO - [2025-12-06T04:10:51.067+0500] {dag.py:3089} INFO - Sync 1 DAGs
[2025-12-06T04:10:51.072+0500] {logging_mixin.py:188} INFO - [2025-12-06T04:10:51.071+0500] {dag.py:3947} INFO - Setting next_dagrun for example_time_delta_sensor_async to None, run_after=None
[2025-12-06T04:10:51.082+0500] {processor.py:183} INFO - Processing /Users/symbat/airflow_local/.venv/lib/python3.11/site-packages/airflow/example_dags/example_time_delta_sensor_async.py took 0.094 seconds
[2025-12-06T04:12:28.432+0500] {processor.py:161} INFO - Started process (PID=81918) to work on /Users/symbat/airflow_local/.venv/lib/python3.11/site-packages/airflow/example_dags/example_time_delta_sensor_async.py
[2025-12-06T04:12:28.433+0500] {processor.py:830} INFO - Processing file /Users/symbat/airflow_local/.venv/lib/python3.11/site-packages/airflow/example_dags/example_time_delta_sensor_async.py for tasks to queue
[2025-12-06T04:12:28.434+0500] {logging_mixin.py:188} INFO - [2025-12-06T04:12:28.433+0500] {dagbag.py:545} INFO - Filling up the DagBag from /Users/symbat/airflow_local/.venv/lib/python3.11/site-packages/airflow/example_dags/example_time_delta_sensor_async.py
[2025-12-06T04:12:28.439+0500] {processor.py:840} INFO - DAG(s) 'example_time_delta_sensor_async' retrieved from /Users/symbat/airflow_local/.venv/lib/python3.11/site-packages/airflow/example_dags/example_time_delta_sensor_async.py
[2025-12-06T04:12:28.495+0500] {logging_mixin.py:188} INFO - [2025-12-06T04:12:28.494+0500] {dag.py:3089} INFO - Sync 1 DAGs
[2025-12-06T04:12:28.502+0500] {logging_mixin.py:188} INFO - [2025-12-06T04:12:28.502+0500] {dag.py:3947} INFO - Setting next_dagrun for example_time_delta_sensor_async to None, run_after=None
[2025-12-06T04:12:28.512+0500] {processor.py:183} INFO - Processing /Users/symbat/airflow_local/.venv/lib/python3.11/site-packages/airflow/example_dags/example_time_delta_sensor_async.py took 0.082 seconds
[2025-12-06T04:14:10.219+0500] {processor.py:161} INFO - Started process (PID=82080) to work on /Users/symbat/airflow_local/.venv/lib/python3.11/site-packages/airflow/example_dags/example_time_delta_sensor_async.py
[2025-12-06T04:14:10.221+0500] {processor.py:830} INFO - Processing file /Users/symbat/airflow_local/.venv/lib/python3.11/site-packages/airflow/example_dags/example_time_delta_sensor_async.py for tasks to queue
[2025-12-06T04:14:10.221+0500] {logging_mixin.py:188} INFO - [2025-12-06T04:14:10.221+0500] {dagbag.py:545} INFO - Filling up the DagBag from /Users/symbat/airflow_local/.venv/lib/python3.11/site-packages/airflow/example_dags/example_time_delta_sensor_async.py
[2025-12-06T04:14:10.228+0500] {processor.py:840} INFO - DAG(s) 'example_time_delta_sensor_async' retrieved from /Users/symbat/airflow_local/.venv/lib/python3.11/site-packages/airflow/example_dags/example_time_delta_sensor_async.py
[2025-12-06T04:14:10.288+0500] {logging_mixin.py:188} INFO - [2025-12-06T04:14:10.288+0500] {dag.py:3089} INFO - Sync 1 DAGs
[2025-12-06T04:14:10.293+0500] {logging_mixin.py:188} INFO - [2025-12-06T04:14:10.293+0500] {dag.py:3947} INFO - Setting next_dagrun for example_time_delta_sensor_async to None, run_after=None
[2025-12-06T04:14:10.303+0500] {processor.py:183} INFO - Processing /Users/symbat/airflow_local/.venv/lib/python3.11/site-packages/airflow/example_dags/example_time_delta_sensor_async.py took 0.086 seconds
[2025-12-06T04:15:48.802+0500] {processor.py:161} INFO - Started process (PID=82218) to work on /Users/symbat/airflow_local/.venv/lib/python3.11/site-packages/airflow/example_dags/example_time_delta_sensor_async.py
[2025-12-06T04:15:48.802+0500] {processor.py:830} INFO - Processing file /Users/symbat/airflow_local/.venv/lib/python3.11/site-packages/airflow/example_dags/example_time_delta_sensor_async.py for tasks to queue
[2025-12-06T04:15:48.803+0500] {logging_mixin.py:188} INFO - [2025-12-06T04:15:48.803+0500] {dagbag.py:545} INFO - Filling up the DagBag from /Users/symbat/airflow_local/.venv/lib/python3.11/site-packages/airflow/example_dags/example_time_delta_sensor_async.py
[2025-12-06T04:15:48.808+0500] {processor.py:840} INFO - DAG(s) 'example_time_delta_sensor_async' retrieved from /Users/symbat/airflow_local/.venv/lib/python3.11/site-packages/airflow/example_dags/example_time_delta_sensor_async.py
[2025-12-06T04:15:48.856+0500] {logging_mixin.py:188} INFO - [2025-12-06T04:15:48.856+0500] {dag.py:3089} INFO - Sync 1 DAGs
[2025-12-06T04:15:48.861+0500] {logging_mixin.py:188} INFO - [2025-12-06T04:15:48.861+0500] {dag.py:3947} INFO - Setting next_dagrun for example_time_delta_sensor_async to None, run_after=None
[2025-12-06T04:15:48.872+0500] {processor.py:183} INFO - Processing /Users/symbat/airflow_local/.venv/lib/python3.11/site-packages/airflow/example_dags/example_time_delta_sensor_async.py took 0.072 seconds
[2025-12-06T04:17:23.733+0500] {processor.py:161} INFO - Started process (PID=82324) to work on /Users/symbat/airflow_local/.venv/lib/python3.11/site-packages/airflow/example_dags/example_time_delta_sensor_async.py
[2025-12-06T04:17:23.736+0500] {processor.py:830} INFO - Processing file /Users/symbat/airflow_local/.venv/lib/python3.11/site-packages/airflow/example_dags/example_time_delta_sensor_async.py for tasks to queue
[2025-12-06T04:17:23.736+0500] {logging_mixin.py:188} INFO - [2025-12-06T04:17:23.736+0500] {dagbag.py:545} INFO - Filling up the DagBag from /Users/symbat/airflow_local/.venv/lib/python3.11/site-packages/airflow/example_dags/example_time_delta_sensor_async.py
[2025-12-06T04:17:23.745+0500] {processor.py:840} INFO - DAG(s) 'example_time_delta_sensor_async' retrieved from /Users/symbat/airflow_local/.venv/lib/python3.11/site-packages/airflow/example_dags/example_time_delta_sensor_async.py
[2025-12-06T04:17:23.804+0500] {logging_mixin.py:188} INFO - [2025-12-06T04:17:23.804+0500] {dag.py:3089} INFO - Sync 1 DAGs
[2025-12-06T04:17:23.809+0500] {logging_mixin.py:188} INFO - [2025-12-06T04:17:23.809+0500] {dag.py:3947} INFO - Setting next_dagrun for example_time_delta_sensor_async to None, run_after=None
[2025-12-06T04:17:23.821+0500] {processor.py:183} INFO - Processing /Users/symbat/airflow_local/.venv/lib/python3.11/site-packages/airflow/example_dags/example_time_delta_sensor_async.py took 0.091 seconds
[2025-12-06T04:19:00.436+0500] {processor.py:161} INFO - Started process (PID=82433) to work on /Users/symbat/airflow_local/.venv/lib/python3.11/site-packages/airflow/example_dags/example_time_delta_sensor_async.py
[2025-12-06T04:19:00.438+0500] {processor.py:830} INFO - Processing file /Users/symbat/airflow_local/.venv/lib/python3.11/site-packages/airflow/example_dags/example_time_delta_sensor_async.py for tasks to queue
[2025-12-06T04:19:00.438+0500] {logging_mixin.py:188} INFO - [2025-12-06T04:19:00.438+0500] {dagbag.py:545} INFO - Filling up the DagBag from /Users/symbat/airflow_local/.venv/lib/python3.11/site-packages/airflow/example_dags/example_time_delta_sensor_async.py
[2025-12-06T04:19:00.444+0500] {processor.py:840} INFO - DAG(s) 'example_time_delta_sensor_async' retrieved from /Users/symbat/airflow_local/.venv/lib/python3.11/site-packages/airflow/example_dags/example_time_delta_sensor_async.py
[2025-12-06T04:19:00.505+0500] {logging_mixin.py:188} INFO - [2025-12-06T04:19:00.505+0500] {dag.py:3089} INFO - Sync 1 DAGs
[2025-12-06T04:19:00.510+0500] {logging_mixin.py:188} INFO - [2025-12-06T04:19:00.509+0500] {dag.py:3947} INFO - Setting next_dagrun for example_time_delta_sensor_async to None, run_after=None
[2025-12-06T04:19:00.519+0500] {processor.py:183} INFO - Processing /Users/symbat/airflow_local/.venv/lib/python3.11/site-packages/airflow/example_dags/example_time_delta_sensor_async.py took 0.085 seconds
[2025-12-06T04:20:30.365+0500] {processor.py:161} INFO - Started process (PID=82518) to work on /Users/symbat/airflow_local/.venv/lib/python3.11/site-packages/airflow/example_dags/example_time_delta_sensor_async.py
[2025-12-06T04:20:30.366+0500] {processor.py:830} INFO - Processing file /Users/symbat/airflow_local/.venv/lib/python3.11/site-packages/airflow/example_dags/example_time_delta_sensor_async.py for tasks to queue
[2025-12-06T04:20:30.366+0500] {logging_mixin.py:188} INFO - [2025-12-06T04:20:30.366+0500] {dagbag.py:545} INFO - Filling up the DagBag from /Users/symbat/airflow_local/.venv/lib/python3.11/site-packages/airflow/example_dags/example_time_delta_sensor_async.py
[2025-12-06T04:20:30.373+0500] {processor.py:840} INFO - DAG(s) 'example_time_delta_sensor_async' retrieved from /Users/symbat/airflow_local/.venv/lib/python3.11/site-packages/airflow/example_dags/example_time_delta_sensor_async.py
[2025-12-06T04:20:30.434+0500] {logging_mixin.py:188} INFO - [2025-12-06T04:20:30.434+0500] {dag.py:3089} INFO - Sync 1 DAGs
[2025-12-06T04:20:30.438+0500] {logging_mixin.py:188} INFO - [2025-12-06T04:20:30.438+0500] {dag.py:3947} INFO - Setting next_dagrun for example_time_delta_sensor_async to None, run_after=None
[2025-12-06T04:20:30.448+0500] {processor.py:183} INFO - Processing /Users/symbat/airflow_local/.venv/lib/python3.11/site-packages/airflow/example_dags/example_time_delta_sensor_async.py took 0.086 seconds
[2025-12-06T04:21:58.137+0500] {processor.py:161} INFO - Started process (PID=82620) to work on /Users/symbat/airflow_local/.venv/lib/python3.11/site-packages/airflow/example_dags/example_time_delta_sensor_async.py
[2025-12-06T04:21:58.139+0500] {processor.py:830} INFO - Processing file /Users/symbat/airflow_local/.venv/lib/python3.11/site-packages/airflow/example_dags/example_time_delta_sensor_async.py for tasks to queue
[2025-12-06T04:21:58.139+0500] {logging_mixin.py:188} INFO - [2025-12-06T04:21:58.139+0500] {dagbag.py:545} INFO - Filling up the DagBag from /Users/symbat/airflow_local/.venv/lib/python3.11/site-packages/airflow/example_dags/example_time_delta_sensor_async.py
[2025-12-06T04:21:58.145+0500] {processor.py:840} INFO - DAG(s) 'example_time_delta_sensor_async' retrieved from /Users/symbat/airflow_local/.venv/lib/python3.11/site-packages/airflow/example_dags/example_time_delta_sensor_async.py
[2025-12-06T04:21:58.199+0500] {logging_mixin.py:188} INFO - [2025-12-06T04:21:58.198+0500] {dag.py:3089} INFO - Sync 1 DAGs
[2025-12-06T04:21:58.203+0500] {logging_mixin.py:188} INFO - [2025-12-06T04:21:58.203+0500] {dag.py:3947} INFO - Setting next_dagrun for example_time_delta_sensor_async to None, run_after=None
[2025-12-06T04:21:58.213+0500] {processor.py:183} INFO - Processing /Users/symbat/airflow_local/.venv/lib/python3.11/site-packages/airflow/example_dags/example_time_delta_sensor_async.py took 0.077 seconds
[2025-12-06T04:23:19.819+0500] {processor.py:161} INFO - Started process (PID=82722) to work on /Users/symbat/airflow_local/.venv/lib/python3.11/site-packages/airflow/example_dags/example_time_delta_sensor_async.py
[2025-12-06T04:23:19.820+0500] {processor.py:830} INFO - Processing file /Users/symbat/airflow_local/.venv/lib/python3.11/site-packages/airflow/example_dags/example_time_delta_sensor_async.py for tasks to queue
[2025-12-06T04:23:19.821+0500] {logging_mixin.py:188} INFO - [2025-12-06T04:23:19.821+0500] {dagbag.py:545} INFO - Filling up the DagBag from /Users/symbat/airflow_local/.venv/lib/python3.11/site-packages/airflow/example_dags/example_time_delta_sensor_async.py
[2025-12-06T04:23:19.826+0500] {processor.py:840} INFO - DAG(s) 'example_time_delta_sensor_async' retrieved from /Users/symbat/airflow_local/.venv/lib/python3.11/site-packages/airflow/example_dags/example_time_delta_sensor_async.py
[2025-12-06T04:23:19.877+0500] {logging_mixin.py:188} INFO - [2025-12-06T04:23:19.877+0500] {dag.py:3089} INFO - Sync 1 DAGs
[2025-12-06T04:23:19.881+0500] {logging_mixin.py:188} INFO - [2025-12-06T04:23:19.881+0500] {dag.py:3947} INFO - Setting next_dagrun for example_time_delta_sensor_async to None, run_after=None
[2025-12-06T04:23:19.890+0500] {processor.py:183} INFO - Processing /Users/symbat/airflow_local/.venv/lib/python3.11/site-packages/airflow/example_dags/example_time_delta_sensor_async.py took 0.073 seconds
[2025-12-06T04:24:51.126+0500] {processor.py:161} INFO - Started process (PID=82817) to work on /Users/symbat/airflow_local/.venv/lib/python3.11/site-packages/airflow/example_dags/example_time_delta_sensor_async.py
[2025-12-06T04:24:51.127+0500] {processor.py:830} INFO - Processing file /Users/symbat/airflow_local/.venv/lib/python3.11/site-packages/airflow/example_dags/example_time_delta_sensor_async.py for tasks to queue
[2025-12-06T04:24:51.127+0500] {logging_mixin.py:188} INFO - [2025-12-06T04:24:51.127+0500] {dagbag.py:545} INFO - Filling up the DagBag from /Users/symbat/airflow_local/.venv/lib/python3.11/site-packages/airflow/example_dags/example_time_delta_sensor_async.py
[2025-12-06T04:24:51.137+0500] {processor.py:840} INFO - DAG(s) 'example_time_delta_sensor_async' retrieved from /Users/symbat/airflow_local/.venv/lib/python3.11/site-packages/airflow/example_dags/example_time_delta_sensor_async.py
[2025-12-06T04:24:51.194+0500] {logging_mixin.py:188} INFO - [2025-12-06T04:24:51.194+0500] {dag.py:3089} INFO - Sync 1 DAGs
[2025-12-06T04:24:51.199+0500] {logging_mixin.py:188} INFO - [2025-12-06T04:24:51.199+0500] {dag.py:3947} INFO - Setting next_dagrun for example_time_delta_sensor_async to None, run_after=None
[2025-12-06T04:24:51.209+0500] {processor.py:183} INFO - Processing /Users/symbat/airflow_local/.venv/lib/python3.11/site-packages/airflow/example_dags/example_time_delta_sensor_async.py took 0.086 seconds
[2025-12-06T04:26:36.398+0500] {processor.py:161} INFO - Started process (PID=83230) to work on /Users/symbat/airflow_local/.venv/lib/python3.11/site-packages/airflow/example_dags/example_time_delta_sensor_async.py
[2025-12-06T04:26:36.399+0500] {processor.py:830} INFO - Processing file /Users/symbat/airflow_local/.venv/lib/python3.11/site-packages/airflow/example_dags/example_time_delta_sensor_async.py for tasks to queue
[2025-12-06T04:26:36.400+0500] {logging_mixin.py:188} INFO - [2025-12-06T04:26:36.400+0500] {dagbag.py:545} INFO - Filling up the DagBag from /Users/symbat/airflow_local/.venv/lib/python3.11/site-packages/airflow/example_dags/example_time_delta_sensor_async.py
[2025-12-06T04:26:36.407+0500] {processor.py:840} INFO - DAG(s) 'example_time_delta_sensor_async' retrieved from /Users/symbat/airflow_local/.venv/lib/python3.11/site-packages/airflow/example_dags/example_time_delta_sensor_async.py
[2025-12-06T04:26:36.493+0500] {logging_mixin.py:188} INFO - [2025-12-06T04:26:36.493+0500] {dag.py:3089} INFO - Sync 1 DAGs
[2025-12-06T04:26:36.498+0500] {logging_mixin.py:188} INFO - [2025-12-06T04:26:36.497+0500] {dag.py:3947} INFO - Setting next_dagrun for example_time_delta_sensor_async to None, run_after=None
[2025-12-06T04:26:36.512+0500] {processor.py:183} INFO - Processing /Users/symbat/airflow_local/.venv/lib/python3.11/site-packages/airflow/example_dags/example_time_delta_sensor_async.py took 0.119 seconds
[2025-12-06T04:28:12.879+0500] {processor.py:161} INFO - Started process (PID=83569) to work on /Users/symbat/airflow_local/.venv/lib/python3.11/site-packages/airflow/example_dags/example_time_delta_sensor_async.py
[2025-12-06T04:28:12.880+0500] {processor.py:830} INFO - Processing file /Users/symbat/airflow_local/.venv/lib/python3.11/site-packages/airflow/example_dags/example_time_delta_sensor_async.py for tasks to queue
[2025-12-06T04:28:12.880+0500] {logging_mixin.py:188} INFO - [2025-12-06T04:28:12.880+0500] {dagbag.py:545} INFO - Filling up the DagBag from /Users/symbat/airflow_local/.venv/lib/python3.11/site-packages/airflow/example_dags/example_time_delta_sensor_async.py
[2025-12-06T04:28:12.888+0500] {processor.py:840} INFO - DAG(s) 'example_time_delta_sensor_async' retrieved from /Users/symbat/airflow_local/.venv/lib/python3.11/site-packages/airflow/example_dags/example_time_delta_sensor_async.py
[2025-12-06T04:28:13.005+0500] {logging_mixin.py:188} INFO - [2025-12-06T04:28:13.005+0500] {dag.py:3089} INFO - Sync 1 DAGs
[2025-12-06T04:28:13.012+0500] {logging_mixin.py:188} INFO - [2025-12-06T04:28:13.012+0500] {dag.py:3947} INFO - Setting next_dagrun for example_time_delta_sensor_async to None, run_after=None
[2025-12-06T04:28:13.021+0500] {processor.py:183} INFO - Processing /Users/symbat/airflow_local/.venv/lib/python3.11/site-packages/airflow/example_dags/example_time_delta_sensor_async.py took 0.145 seconds
[2025-12-06T04:30:03.155+0500] {processor.py:161} INFO - Started process (PID=83777) to work on /Users/symbat/airflow_local/.venv/lib/python3.11/site-packages/airflow/example_dags/example_time_delta_sensor_async.py
[2025-12-06T04:30:03.156+0500] {processor.py:830} INFO - Processing file /Users/symbat/airflow_local/.venv/lib/python3.11/site-packages/airflow/example_dags/example_time_delta_sensor_async.py for tasks to queue
[2025-12-06T04:30:03.156+0500] {logging_mixin.py:188} INFO - [2025-12-06T04:30:03.156+0500] {dagbag.py:545} INFO - Filling up the DagBag from /Users/symbat/airflow_local/.venv/lib/python3.11/site-packages/airflow/example_dags/example_time_delta_sensor_async.py
[2025-12-06T04:30:03.162+0500] {processor.py:840} INFO - DAG(s) 'example_time_delta_sensor_async' retrieved from /Users/symbat/airflow_local/.venv/lib/python3.11/site-packages/airflow/example_dags/example_time_delta_sensor_async.py
[2025-12-06T04:30:03.210+0500] {logging_mixin.py:188} INFO - [2025-12-06T04:30:03.210+0500] {dag.py:3089} INFO - Sync 1 DAGs
[2025-12-06T04:30:03.214+0500] {logging_mixin.py:188} INFO - [2025-12-06T04:30:03.214+0500] {dag.py:3947} INFO - Setting next_dagrun for example_time_delta_sensor_async to None, run_after=None
[2025-12-06T04:30:03.223+0500] {processor.py:183} INFO - Processing /Users/symbat/airflow_local/.venv/lib/python3.11/site-packages/airflow/example_dags/example_time_delta_sensor_async.py took 0.070 seconds
[2025-12-06T04:31:58.207+0500] {processor.py:161} INFO - Started process (PID=83934) to work on /Users/symbat/airflow_local/.venv/lib/python3.11/site-packages/airflow/example_dags/example_time_delta_sensor_async.py
[2025-12-06T04:31:58.208+0500] {processor.py:830} INFO - Processing file /Users/symbat/airflow_local/.venv/lib/python3.11/site-packages/airflow/example_dags/example_time_delta_sensor_async.py for tasks to queue
[2025-12-06T04:31:58.209+0500] {logging_mixin.py:188} INFO - [2025-12-06T04:31:58.209+0500] {dagbag.py:545} INFO - Filling up the DagBag from /Users/symbat/airflow_local/.venv/lib/python3.11/site-packages/airflow/example_dags/example_time_delta_sensor_async.py
[2025-12-06T04:31:58.214+0500] {processor.py:840} INFO - DAG(s) 'example_time_delta_sensor_async' retrieved from /Users/symbat/airflow_local/.venv/lib/python3.11/site-packages/airflow/example_dags/example_time_delta_sensor_async.py
[2025-12-06T04:31:58.262+0500] {logging_mixin.py:188} INFO - [2025-12-06T04:31:58.262+0500] {dag.py:3089} INFO - Sync 1 DAGs
[2025-12-06T04:31:58.266+0500] {logging_mixin.py:188} INFO - [2025-12-06T04:31:58.266+0500] {dag.py:3947} INFO - Setting next_dagrun for example_time_delta_sensor_async to None, run_after=None
[2025-12-06T04:31:58.275+0500] {processor.py:183} INFO - Processing /Users/symbat/airflow_local/.venv/lib/python3.11/site-packages/airflow/example_dags/example_time_delta_sensor_async.py took 0.070 seconds
[2025-12-06T04:33:50.069+0500] {processor.py:161} INFO - Started process (PID=84148) to work on /Users/symbat/airflow_local/.venv/lib/python3.11/site-packages/airflow/example_dags/example_time_delta_sensor_async.py
[2025-12-06T04:33:50.072+0500] {processor.py:830} INFO - Processing file /Users/symbat/airflow_local/.venv/lib/python3.11/site-packages/airflow/example_dags/example_time_delta_sensor_async.py for tasks to queue
[2025-12-06T04:33:50.072+0500] {logging_mixin.py:188} INFO - [2025-12-06T04:33:50.072+0500] {dagbag.py:545} INFO - Filling up the DagBag from /Users/symbat/airflow_local/.venv/lib/python3.11/site-packages/airflow/example_dags/example_time_delta_sensor_async.py
[2025-12-06T04:33:50.078+0500] {processor.py:840} INFO - DAG(s) 'example_time_delta_sensor_async' retrieved from /Users/symbat/airflow_local/.venv/lib/python3.11/site-packages/airflow/example_dags/example_time_delta_sensor_async.py
[2025-12-06T04:33:50.136+0500] {logging_mixin.py:188} INFO - [2025-12-06T04:33:50.135+0500] {dag.py:3089} INFO - Sync 1 DAGs
[2025-12-06T04:33:50.140+0500] {logging_mixin.py:188} INFO - [2025-12-06T04:33:50.139+0500] {dag.py:3947} INFO - Setting next_dagrun for example_time_delta_sensor_async to None, run_after=None
[2025-12-06T04:33:50.148+0500] {processor.py:183} INFO - Processing /Users/symbat/airflow_local/.venv/lib/python3.11/site-packages/airflow/example_dags/example_time_delta_sensor_async.py took 0.082 seconds
[2025-12-06T04:35:46.758+0500] {processor.py:161} INFO - Started process (PID=84322) to work on /Users/symbat/airflow_local/.venv/lib/python3.11/site-packages/airflow/example_dags/example_time_delta_sensor_async.py
[2025-12-06T04:35:46.759+0500] {processor.py:830} INFO - Processing file /Users/symbat/airflow_local/.venv/lib/python3.11/site-packages/airflow/example_dags/example_time_delta_sensor_async.py for tasks to queue
[2025-12-06T04:35:46.760+0500] {logging_mixin.py:188} INFO - [2025-12-06T04:35:46.760+0500] {dagbag.py:545} INFO - Filling up the DagBag from /Users/symbat/airflow_local/.venv/lib/python3.11/site-packages/airflow/example_dags/example_time_delta_sensor_async.py
[2025-12-06T04:35:46.765+0500] {processor.py:840} INFO - DAG(s) 'example_time_delta_sensor_async' retrieved from /Users/symbat/airflow_local/.venv/lib/python3.11/site-packages/airflow/example_dags/example_time_delta_sensor_async.py
[2025-12-06T04:35:46.816+0500] {logging_mixin.py:188} INFO - [2025-12-06T04:35:46.816+0500] {dag.py:3089} INFO - Sync 1 DAGs
[2025-12-06T04:35:46.821+0500] {logging_mixin.py:188} INFO - [2025-12-06T04:35:46.821+0500] {dag.py:3947} INFO - Setting next_dagrun for example_time_delta_sensor_async to None, run_after=None
[2025-12-06T04:35:46.830+0500] {processor.py:183} INFO - Processing /Users/symbat/airflow_local/.venv/lib/python3.11/site-packages/airflow/example_dags/example_time_delta_sensor_async.py took 0.076 seconds
[2025-12-06T04:37:50.269+0500] {processor.py:161} INFO - Started process (PID=84562) to work on /Users/symbat/airflow_local/.venv/lib/python3.11/site-packages/airflow/example_dags/example_time_delta_sensor_async.py
[2025-12-06T04:37:50.270+0500] {processor.py:830} INFO - Processing file /Users/symbat/airflow_local/.venv/lib/python3.11/site-packages/airflow/example_dags/example_time_delta_sensor_async.py for tasks to queue
[2025-12-06T04:37:50.270+0500] {logging_mixin.py:188} INFO - [2025-12-06T04:37:50.270+0500] {dagbag.py:545} INFO - Filling up the DagBag from /Users/symbat/airflow_local/.venv/lib/python3.11/site-packages/airflow/example_dags/example_time_delta_sensor_async.py
[2025-12-06T04:37:50.275+0500] {processor.py:840} INFO - DAG(s) 'example_time_delta_sensor_async' retrieved from /Users/symbat/airflow_local/.venv/lib/python3.11/site-packages/airflow/example_dags/example_time_delta_sensor_async.py
[2025-12-06T04:37:50.320+0500] {logging_mixin.py:188} INFO - [2025-12-06T04:37:50.320+0500] {dag.py:3089} INFO - Sync 1 DAGs
[2025-12-06T04:37:50.324+0500] {logging_mixin.py:188} INFO - [2025-12-06T04:37:50.324+0500] {dag.py:3947} INFO - Setting next_dagrun for example_time_delta_sensor_async to None, run_after=None
[2025-12-06T04:37:50.332+0500] {processor.py:183} INFO - Processing /Users/symbat/airflow_local/.venv/lib/python3.11/site-packages/airflow/example_dags/example_time_delta_sensor_async.py took 0.066 seconds
