[2025-12-06T03:55:45.349+0500] {processor.py:161} INFO - Started process (PID=79542) to work on /Users/symbat/airflow_local/.venv/lib/python3.11/site-packages/airflow/example_dags/example_short_circuit_operator.py
[2025-12-06T03:55:45.349+0500] {processor.py:830} INFO - Processing file /Users/symbat/airflow_local/.venv/lib/python3.11/site-packages/airflow/example_dags/example_short_circuit_operator.py for tasks to queue
[2025-12-06T03:55:45.350+0500] {logging_mixin.py:188} INFO - [2025-12-06T03:55:45.350+0500] {dagbag.py:545} INFO - Filling up the DagBag from /Users/symbat/airflow_local/.venv/lib/python3.11/site-packages/airflow/example_dags/example_short_circuit_operator.py
[2025-12-06T03:55:45.364+0500] {processor.py:840} INFO - DAG(s) 'example_short_circuit_operator' retrieved from /Users/symbat/airflow_local/.venv/lib/python3.11/site-packages/airflow/example_dags/example_short_circuit_operator.py
[2025-12-06T03:55:45.454+0500] {logging_mixin.py:188} INFO - [2025-12-06T03:55:45.454+0500] {override.py:1930} INFO - Created Permission View: can read on DAG:example_short_circuit_operator
[2025-12-06T03:55:45.459+0500] {logging_mixin.py:188} INFO - [2025-12-06T03:55:45.459+0500] {override.py:1930} INFO - Created Permission View: can delete on DAG:example_short_circuit_operator
[2025-12-06T03:55:45.462+0500] {logging_mixin.py:188} INFO - [2025-12-06T03:55:45.462+0500] {override.py:1930} INFO - Created Permission View: can edit on DAG:example_short_circuit_operator
[2025-12-06T03:55:45.462+0500] {logging_mixin.py:188} INFO - [2025-12-06T03:55:45.462+0500] {dag.py:3089} INFO - Sync 1 DAGs
[2025-12-06T03:55:45.507+0500] {logging_mixin.py:188} INFO - [2025-12-06T03:55:45.507+0500] {dag.py:3111} INFO - Creating ORM DAG for example_short_circuit_operator
[2025-12-06T03:55:45.511+0500] {logging_mixin.py:188} INFO - [2025-12-06T03:55:45.511+0500] {dag.py:3947} INFO - Setting next_dagrun for example_short_circuit_operator to 2025-12-04 00:00:00+00:00, run_after=2025-12-05 00:00:00+00:00
[2025-12-06T03:55:45.520+0500] {processor.py:183} INFO - Processing /Users/symbat/airflow_local/.venv/lib/python3.11/site-packages/airflow/example_dags/example_short_circuit_operator.py took 0.173 seconds
[2025-12-06T03:57:45.038+0500] {processor.py:161} INFO - Started process (PID=79685) to work on /Users/symbat/airflow_local/.venv/lib/python3.11/site-packages/airflow/example_dags/example_short_circuit_operator.py
[2025-12-06T03:57:45.039+0500] {processor.py:830} INFO - Processing file /Users/symbat/airflow_local/.venv/lib/python3.11/site-packages/airflow/example_dags/example_short_circuit_operator.py for tasks to queue
[2025-12-06T03:57:45.039+0500] {logging_mixin.py:188} INFO - [2025-12-06T03:57:45.039+0500] {dagbag.py:545} INFO - Filling up the DagBag from /Users/symbat/airflow_local/.venv/lib/python3.11/site-packages/airflow/example_dags/example_short_circuit_operator.py
[2025-12-06T03:57:45.063+0500] {processor.py:840} INFO - DAG(s) 'example_short_circuit_operator' retrieved from /Users/symbat/airflow_local/.venv/lib/python3.11/site-packages/airflow/example_dags/example_short_circuit_operator.py
[2025-12-06T03:57:45.133+0500] {logging_mixin.py:188} INFO - [2025-12-06T03:57:45.133+0500] {dag.py:3089} INFO - Sync 1 DAGs
[2025-12-06T03:57:45.143+0500] {logging_mixin.py:188} INFO - [2025-12-06T03:57:45.143+0500] {dag.py:3947} INFO - Setting next_dagrun for example_short_circuit_operator to 2025-12-04 00:00:00+00:00, run_after=2025-12-05 00:00:00+00:00
[2025-12-06T03:57:45.155+0500] {processor.py:183} INFO - Processing /Users/symbat/airflow_local/.venv/lib/python3.11/site-packages/airflow/example_dags/example_short_circuit_operator.py took 0.120 seconds
[2025-12-06T03:59:19.445+0500] {processor.py:161} INFO - Started process (PID=79892) to work on /Users/symbat/airflow_local/.venv/lib/python3.11/site-packages/airflow/example_dags/example_short_circuit_operator.py
[2025-12-06T03:59:19.446+0500] {processor.py:830} INFO - Processing file /Users/symbat/airflow_local/.venv/lib/python3.11/site-packages/airflow/example_dags/example_short_circuit_operator.py for tasks to queue
[2025-12-06T03:59:19.446+0500] {logging_mixin.py:188} INFO - [2025-12-06T03:59:19.446+0500] {dagbag.py:545} INFO - Filling up the DagBag from /Users/symbat/airflow_local/.venv/lib/python3.11/site-packages/airflow/example_dags/example_short_circuit_operator.py
[2025-12-06T03:59:19.460+0500] {processor.py:840} INFO - DAG(s) 'example_short_circuit_operator' retrieved from /Users/symbat/airflow_local/.venv/lib/python3.11/site-packages/airflow/example_dags/example_short_circuit_operator.py
[2025-12-06T03:59:19.506+0500] {logging_mixin.py:188} INFO - [2025-12-06T03:59:19.506+0500] {dag.py:3089} INFO - Sync 1 DAGs
[2025-12-06T03:59:19.514+0500] {logging_mixin.py:188} INFO - [2025-12-06T03:59:19.513+0500] {dag.py:3947} INFO - Setting next_dagrun for example_short_circuit_operator to 2025-12-04 00:00:00+00:00, run_after=2025-12-05 00:00:00+00:00
[2025-12-06T03:59:19.522+0500] {processor.py:183} INFO - Processing /Users/symbat/airflow_local/.venv/lib/python3.11/site-packages/airflow/example_dags/example_short_circuit_operator.py took 0.079 seconds
[2025-12-06T04:00:52.462+0500] {processor.py:161} INFO - Started process (PID=80375) to work on /Users/symbat/airflow_local/.venv/lib/python3.11/site-packages/airflow/example_dags/example_short_circuit_operator.py
[2025-12-06T04:00:52.463+0500] {processor.py:830} INFO - Processing file /Users/symbat/airflow_local/.venv/lib/python3.11/site-packages/airflow/example_dags/example_short_circuit_operator.py for tasks to queue
[2025-12-06T04:00:52.464+0500] {logging_mixin.py:188} INFO - [2025-12-06T04:00:52.464+0500] {dagbag.py:545} INFO - Filling up the DagBag from /Users/symbat/airflow_local/.venv/lib/python3.11/site-packages/airflow/example_dags/example_short_circuit_operator.py
[2025-12-06T04:00:52.485+0500] {processor.py:840} INFO - DAG(s) 'example_short_circuit_operator' retrieved from /Users/symbat/airflow_local/.venv/lib/python3.11/site-packages/airflow/example_dags/example_short_circuit_operator.py
[2025-12-06T04:00:52.552+0500] {logging_mixin.py:188} INFO - [2025-12-06T04:00:52.552+0500] {dag.py:3089} INFO - Sync 1 DAGs
[2025-12-06T04:00:52.567+0500] {logging_mixin.py:188} INFO - [2025-12-06T04:00:52.567+0500] {dag.py:3947} INFO - Setting next_dagrun for example_short_circuit_operator to 2025-12-04 00:00:00+00:00, run_after=2025-12-05 00:00:00+00:00
[2025-12-06T04:00:52.584+0500] {processor.py:183} INFO - Processing /Users/symbat/airflow_local/.venv/lib/python3.11/site-packages/airflow/example_dags/example_short_circuit_operator.py took 0.125 seconds
[2025-12-06T04:02:28.992+0500] {processor.py:161} INFO - Started process (PID=80649) to work on /Users/symbat/airflow_local/.venv/lib/python3.11/site-packages/airflow/example_dags/example_short_circuit_operator.py
[2025-12-06T04:02:28.995+0500] {processor.py:830} INFO - Processing file /Users/symbat/airflow_local/.venv/lib/python3.11/site-packages/airflow/example_dags/example_short_circuit_operator.py for tasks to queue
[2025-12-06T04:02:28.996+0500] {logging_mixin.py:188} INFO - [2025-12-06T04:02:28.996+0500] {dagbag.py:545} INFO - Filling up the DagBag from /Users/symbat/airflow_local/.venv/lib/python3.11/site-packages/airflow/example_dags/example_short_circuit_operator.py
[2025-12-06T04:02:29.019+0500] {processor.py:840} INFO - DAG(s) 'example_short_circuit_operator' retrieved from /Users/symbat/airflow_local/.venv/lib/python3.11/site-packages/airflow/example_dags/example_short_circuit_operator.py
[2025-12-06T04:02:29.069+0500] {logging_mixin.py:188} INFO - [2025-12-06T04:02:29.069+0500] {dag.py:3089} INFO - Sync 1 DAGs
[2025-12-06T04:02:29.077+0500] {logging_mixin.py:188} INFO - [2025-12-06T04:02:29.076+0500] {dag.py:3947} INFO - Setting next_dagrun for example_short_circuit_operator to 2025-12-04 00:00:00+00:00, run_after=2025-12-05 00:00:00+00:00
[2025-12-06T04:02:29.086+0500] {processor.py:183} INFO - Processing /Users/symbat/airflow_local/.venv/lib/python3.11/site-packages/airflow/example_dags/example_short_circuit_operator.py took 0.099 seconds
[2025-12-06T04:04:10.459+0500] {processor.py:161} INFO - Started process (PID=80985) to work on /Users/symbat/airflow_local/.venv/lib/python3.11/site-packages/airflow/example_dags/example_short_circuit_operator.py
[2025-12-06T04:04:10.460+0500] {processor.py:830} INFO - Processing file /Users/symbat/airflow_local/.venv/lib/python3.11/site-packages/airflow/example_dags/example_short_circuit_operator.py for tasks to queue
[2025-12-06T04:04:10.460+0500] {logging_mixin.py:188} INFO - [2025-12-06T04:04:10.460+0500] {dagbag.py:545} INFO - Filling up the DagBag from /Users/symbat/airflow_local/.venv/lib/python3.11/site-packages/airflow/example_dags/example_short_circuit_operator.py
[2025-12-06T04:04:10.484+0500] {processor.py:840} INFO - DAG(s) 'example_short_circuit_operator' retrieved from /Users/symbat/airflow_local/.venv/lib/python3.11/site-packages/airflow/example_dags/example_short_circuit_operator.py
[2025-12-06T04:04:10.570+0500] {logging_mixin.py:188} INFO - [2025-12-06T04:04:10.570+0500] {dag.py:3089} INFO - Sync 1 DAGs
[2025-12-06T04:04:10.581+0500] {logging_mixin.py:188} INFO - [2025-12-06T04:04:10.581+0500] {dag.py:3947} INFO - Setting next_dagrun for example_short_circuit_operator to 2025-12-04 00:00:00+00:00, run_after=2025-12-05 00:00:00+00:00
[2025-12-06T04:04:10.594+0500] {processor.py:183} INFO - Processing /Users/symbat/airflow_local/.venv/lib/python3.11/site-packages/airflow/example_dags/example_short_circuit_operator.py took 0.139 seconds
[2025-12-06T04:05:58.489+0500] {processor.py:161} INFO - Started process (PID=81422) to work on /Users/symbat/airflow_local/.venv/lib/python3.11/site-packages/airflow/example_dags/example_short_circuit_operator.py
[2025-12-06T04:05:58.492+0500] {processor.py:830} INFO - Processing file /Users/symbat/airflow_local/.venv/lib/python3.11/site-packages/airflow/example_dags/example_short_circuit_operator.py for tasks to queue
[2025-12-06T04:05:58.493+0500] {logging_mixin.py:188} INFO - [2025-12-06T04:05:58.493+0500] {dagbag.py:545} INFO - Filling up the DagBag from /Users/symbat/airflow_local/.venv/lib/python3.11/site-packages/airflow/example_dags/example_short_circuit_operator.py
[2025-12-06T04:05:58.522+0500] {processor.py:840} INFO - DAG(s) 'example_short_circuit_operator' retrieved from /Users/symbat/airflow_local/.venv/lib/python3.11/site-packages/airflow/example_dags/example_short_circuit_operator.py
[2025-12-06T04:05:58.605+0500] {logging_mixin.py:188} INFO - [2025-12-06T04:05:58.605+0500] {dag.py:3089} INFO - Sync 1 DAGs
[2025-12-06T04:05:58.618+0500] {logging_mixin.py:188} INFO - [2025-12-06T04:05:58.617+0500] {dag.py:3947} INFO - Setting next_dagrun for example_short_circuit_operator to 2025-12-04 00:00:00+00:00, run_after=2025-12-05 00:00:00+00:00
[2025-12-06T04:05:58.630+0500] {processor.py:183} INFO - Processing /Users/symbat/airflow_local/.venv/lib/python3.11/site-packages/airflow/example_dags/example_short_circuit_operator.py took 0.147 seconds
[2025-12-06T04:07:37.703+0500] {processor.py:161} INFO - Started process (PID=81548) to work on /Users/symbat/airflow_local/.venv/lib/python3.11/site-packages/airflow/example_dags/example_short_circuit_operator.py
[2025-12-06T04:07:37.705+0500] {processor.py:830} INFO - Processing file /Users/symbat/airflow_local/.venv/lib/python3.11/site-packages/airflow/example_dags/example_short_circuit_operator.py for tasks to queue
[2025-12-06T04:07:37.705+0500] {logging_mixin.py:188} INFO - [2025-12-06T04:07:37.705+0500] {dagbag.py:545} INFO - Filling up the DagBag from /Users/symbat/airflow_local/.venv/lib/python3.11/site-packages/airflow/example_dags/example_short_circuit_operator.py
[2025-12-06T04:07:37.733+0500] {processor.py:840} INFO - DAG(s) 'example_short_circuit_operator' retrieved from /Users/symbat/airflow_local/.venv/lib/python3.11/site-packages/airflow/example_dags/example_short_circuit_operator.py
[2025-12-06T04:07:37.810+0500] {logging_mixin.py:188} INFO - [2025-12-06T04:07:37.810+0500] {dag.py:3089} INFO - Sync 1 DAGs
[2025-12-06T04:07:37.822+0500] {logging_mixin.py:188} INFO - [2025-12-06T04:07:37.822+0500] {dag.py:3947} INFO - Setting next_dagrun for example_short_circuit_operator to 2025-12-04 00:00:00+00:00, run_after=2025-12-05 00:00:00+00:00
[2025-12-06T04:07:37.835+0500] {processor.py:183} INFO - Processing /Users/symbat/airflow_local/.venv/lib/python3.11/site-packages/airflow/example_dags/example_short_circuit_operator.py took 0.135 seconds
[2025-12-06T04:09:24.079+0500] {processor.py:161} INFO - Started process (PID=81689) to work on /Users/symbat/airflow_local/.venv/lib/python3.11/site-packages/airflow/example_dags/example_short_circuit_operator.py
[2025-12-06T04:09:24.081+0500] {processor.py:830} INFO - Processing file /Users/symbat/airflow_local/.venv/lib/python3.11/site-packages/airflow/example_dags/example_short_circuit_operator.py for tasks to queue
[2025-12-06T04:09:24.082+0500] {logging_mixin.py:188} INFO - [2025-12-06T04:09:24.081+0500] {dagbag.py:545} INFO - Filling up the DagBag from /Users/symbat/airflow_local/.venv/lib/python3.11/site-packages/airflow/example_dags/example_short_circuit_operator.py
[2025-12-06T04:09:24.101+0500] {processor.py:840} INFO - DAG(s) 'example_short_circuit_operator' retrieved from /Users/symbat/airflow_local/.venv/lib/python3.11/site-packages/airflow/example_dags/example_short_circuit_operator.py
[2025-12-06T04:09:24.153+0500] {logging_mixin.py:188} INFO - [2025-12-06T04:09:24.152+0500] {dag.py:3089} INFO - Sync 1 DAGs
[2025-12-06T04:09:24.163+0500] {logging_mixin.py:188} INFO - [2025-12-06T04:09:24.162+0500] {dag.py:3947} INFO - Setting next_dagrun for example_short_circuit_operator to 2025-12-04 00:00:00+00:00, run_after=2025-12-05 00:00:00+00:00
[2025-12-06T04:09:24.177+0500] {processor.py:183} INFO - Processing /Users/symbat/airflow_local/.venv/lib/python3.11/site-packages/airflow/example_dags/example_short_circuit_operator.py took 0.101 seconds
[2025-12-06T04:11:04.771+0500] {processor.py:161} INFO - Started process (PID=81801) to work on /Users/symbat/airflow_local/.venv/lib/python3.11/site-packages/airflow/example_dags/example_short_circuit_operator.py
[2025-12-06T04:11:04.772+0500] {processor.py:830} INFO - Processing file /Users/symbat/airflow_local/.venv/lib/python3.11/site-packages/airflow/example_dags/example_short_circuit_operator.py for tasks to queue
[2025-12-06T04:11:04.773+0500] {logging_mixin.py:188} INFO - [2025-12-06T04:11:04.773+0500] {dagbag.py:545} INFO - Filling up the DagBag from /Users/symbat/airflow_local/.venv/lib/python3.11/site-packages/airflow/example_dags/example_short_circuit_operator.py
[2025-12-06T04:11:04.789+0500] {processor.py:840} INFO - DAG(s) 'example_short_circuit_operator' retrieved from /Users/symbat/airflow_local/.venv/lib/python3.11/site-packages/airflow/example_dags/example_short_circuit_operator.py
[2025-12-06T04:11:04.851+0500] {logging_mixin.py:188} INFO - [2025-12-06T04:11:04.851+0500] {dag.py:3089} INFO - Sync 1 DAGs
[2025-12-06T04:11:04.860+0500] {logging_mixin.py:188} INFO - [2025-12-06T04:11:04.859+0500] {dag.py:3947} INFO - Setting next_dagrun for example_short_circuit_operator to 2025-12-04 00:00:00+00:00, run_after=2025-12-05 00:00:00+00:00
[2025-12-06T04:11:04.871+0500] {processor.py:183} INFO - Processing /Users/symbat/airflow_local/.venv/lib/python3.11/site-packages/airflow/example_dags/example_short_circuit_operator.py took 0.105 seconds
[2025-12-06T04:12:42.616+0500] {processor.py:161} INFO - Started process (PID=81947) to work on /Users/symbat/airflow_local/.venv/lib/python3.11/site-packages/airflow/example_dags/example_short_circuit_operator.py
[2025-12-06T04:12:42.617+0500] {processor.py:830} INFO - Processing file /Users/symbat/airflow_local/.venv/lib/python3.11/site-packages/airflow/example_dags/example_short_circuit_operator.py for tasks to queue
[2025-12-06T04:12:42.618+0500] {logging_mixin.py:188} INFO - [2025-12-06T04:12:42.617+0500] {dagbag.py:545} INFO - Filling up the DagBag from /Users/symbat/airflow_local/.venv/lib/python3.11/site-packages/airflow/example_dags/example_short_circuit_operator.py
[2025-12-06T04:12:42.635+0500] {processor.py:840} INFO - DAG(s) 'example_short_circuit_operator' retrieved from /Users/symbat/airflow_local/.venv/lib/python3.11/site-packages/airflow/example_dags/example_short_circuit_operator.py
[2025-12-06T04:12:42.687+0500] {logging_mixin.py:188} INFO - [2025-12-06T04:12:42.687+0500] {dag.py:3089} INFO - Sync 1 DAGs
[2025-12-06T04:12:42.696+0500] {logging_mixin.py:188} INFO - [2025-12-06T04:12:42.696+0500] {dag.py:3947} INFO - Setting next_dagrun for example_short_circuit_operator to 2025-12-04 00:00:00+00:00, run_after=2025-12-05 00:00:00+00:00
[2025-12-06T04:12:42.708+0500] {processor.py:183} INFO - Processing /Users/symbat/airflow_local/.venv/lib/python3.11/site-packages/airflow/example_dags/example_short_circuit_operator.py took 0.094 seconds
[2025-12-06T04:14:23.407+0500] {processor.py:161} INFO - Started process (PID=82093) to work on /Users/symbat/airflow_local/.venv/lib/python3.11/site-packages/airflow/example_dags/example_short_circuit_operator.py
[2025-12-06T04:14:23.408+0500] {processor.py:830} INFO - Processing file /Users/symbat/airflow_local/.venv/lib/python3.11/site-packages/airflow/example_dags/example_short_circuit_operator.py for tasks to queue
[2025-12-06T04:14:23.409+0500] {logging_mixin.py:188} INFO - [2025-12-06T04:14:23.409+0500] {dagbag.py:545} INFO - Filling up the DagBag from /Users/symbat/airflow_local/.venv/lib/python3.11/site-packages/airflow/example_dags/example_short_circuit_operator.py
[2025-12-06T04:14:23.429+0500] {processor.py:840} INFO - DAG(s) 'example_short_circuit_operator' retrieved from /Users/symbat/airflow_local/.venv/lib/python3.11/site-packages/airflow/example_dags/example_short_circuit_operator.py
[2025-12-06T04:14:23.485+0500] {logging_mixin.py:188} INFO - [2025-12-06T04:14:23.485+0500] {dag.py:3089} INFO - Sync 1 DAGs
[2025-12-06T04:14:23.494+0500] {logging_mixin.py:188} INFO - [2025-12-06T04:14:23.494+0500] {dag.py:3947} INFO - Setting next_dagrun for example_short_circuit_operator to 2025-12-04 00:00:00+00:00, run_after=2025-12-05 00:00:00+00:00
[2025-12-06T04:14:23.504+0500] {processor.py:183} INFO - Processing /Users/symbat/airflow_local/.venv/lib/python3.11/site-packages/airflow/example_dags/example_short_circuit_operator.py took 0.100 seconds
[2025-12-06T04:16:01.569+0500] {processor.py:161} INFO - Started process (PID=82234) to work on /Users/symbat/airflow_local/.venv/lib/python3.11/site-packages/airflow/example_dags/example_short_circuit_operator.py
[2025-12-06T04:16:01.570+0500] {processor.py:830} INFO - Processing file /Users/symbat/airflow_local/.venv/lib/python3.11/site-packages/airflow/example_dags/example_short_circuit_operator.py for tasks to queue
[2025-12-06T04:16:01.571+0500] {logging_mixin.py:188} INFO - [2025-12-06T04:16:01.571+0500] {dagbag.py:545} INFO - Filling up the DagBag from /Users/symbat/airflow_local/.venv/lib/python3.11/site-packages/airflow/example_dags/example_short_circuit_operator.py
[2025-12-06T04:16:01.589+0500] {processor.py:840} INFO - DAG(s) 'example_short_circuit_operator' retrieved from /Users/symbat/airflow_local/.venv/lib/python3.11/site-packages/airflow/example_dags/example_short_circuit_operator.py
[2025-12-06T04:16:01.649+0500] {logging_mixin.py:188} INFO - [2025-12-06T04:16:01.649+0500] {dag.py:3089} INFO - Sync 1 DAGs
[2025-12-06T04:16:01.660+0500] {logging_mixin.py:188} INFO - [2025-12-06T04:16:01.660+0500] {dag.py:3947} INFO - Setting next_dagrun for example_short_circuit_operator to 2025-12-04 00:00:00+00:00, run_after=2025-12-05 00:00:00+00:00
[2025-12-06T04:16:01.671+0500] {processor.py:183} INFO - Processing /Users/symbat/airflow_local/.venv/lib/python3.11/site-packages/airflow/example_dags/example_short_circuit_operator.py took 0.105 seconds
[2025-12-06T04:17:36.798+0500] {processor.py:161} INFO - Started process (PID=82338) to work on /Users/symbat/airflow_local/.venv/lib/python3.11/site-packages/airflow/example_dags/example_short_circuit_operator.py
[2025-12-06T04:17:36.799+0500] {processor.py:830} INFO - Processing file /Users/symbat/airflow_local/.venv/lib/python3.11/site-packages/airflow/example_dags/example_short_circuit_operator.py for tasks to queue
[2025-12-06T04:17:36.799+0500] {logging_mixin.py:188} INFO - [2025-12-06T04:17:36.799+0500] {dagbag.py:545} INFO - Filling up the DagBag from /Users/symbat/airflow_local/.venv/lib/python3.11/site-packages/airflow/example_dags/example_short_circuit_operator.py
[2025-12-06T04:17:36.815+0500] {processor.py:840} INFO - DAG(s) 'example_short_circuit_operator' retrieved from /Users/symbat/airflow_local/.venv/lib/python3.11/site-packages/airflow/example_dags/example_short_circuit_operator.py
[2025-12-06T04:17:36.861+0500] {logging_mixin.py:188} INFO - [2025-12-06T04:17:36.861+0500] {dag.py:3089} INFO - Sync 1 DAGs
[2025-12-06T04:17:36.868+0500] {logging_mixin.py:188} INFO - [2025-12-06T04:17:36.868+0500] {dag.py:3947} INFO - Setting next_dagrun for example_short_circuit_operator to 2025-12-04 00:00:00+00:00, run_after=2025-12-05 00:00:00+00:00
[2025-12-06T04:17:36.877+0500] {processor.py:183} INFO - Processing /Users/symbat/airflow_local/.venv/lib/python3.11/site-packages/airflow/example_dags/example_short_circuit_operator.py took 0.081 seconds
[2025-12-06T04:19:13.283+0500] {processor.py:161} INFO - Started process (PID=82448) to work on /Users/symbat/airflow_local/.venv/lib/python3.11/site-packages/airflow/example_dags/example_short_circuit_operator.py
[2025-12-06T04:19:13.286+0500] {processor.py:830} INFO - Processing file /Users/symbat/airflow_local/.venv/lib/python3.11/site-packages/airflow/example_dags/example_short_circuit_operator.py for tasks to queue
[2025-12-06T04:19:13.287+0500] {logging_mixin.py:188} INFO - [2025-12-06T04:19:13.287+0500] {dagbag.py:545} INFO - Filling up the DagBag from /Users/symbat/airflow_local/.venv/lib/python3.11/site-packages/airflow/example_dags/example_short_circuit_operator.py
[2025-12-06T04:19:13.307+0500] {processor.py:840} INFO - DAG(s) 'example_short_circuit_operator' retrieved from /Users/symbat/airflow_local/.venv/lib/python3.11/site-packages/airflow/example_dags/example_short_circuit_operator.py
[2025-12-06T04:19:13.358+0500] {logging_mixin.py:188} INFO - [2025-12-06T04:19:13.358+0500] {dag.py:3089} INFO - Sync 1 DAGs
[2025-12-06T04:19:13.366+0500] {logging_mixin.py:188} INFO - [2025-12-06T04:19:13.366+0500] {dag.py:3947} INFO - Setting next_dagrun for example_short_circuit_operator to 2025-12-04 00:00:00+00:00, run_after=2025-12-05 00:00:00+00:00
[2025-12-06T04:19:13.376+0500] {processor.py:183} INFO - Processing /Users/symbat/airflow_local/.venv/lib/python3.11/site-packages/airflow/example_dags/example_short_circuit_operator.py took 0.096 seconds
[2025-12-06T04:20:43.048+0500] {processor.py:161} INFO - Started process (PID=82530) to work on /Users/symbat/airflow_local/.venv/lib/python3.11/site-packages/airflow/example_dags/example_short_circuit_operator.py
[2025-12-06T04:20:43.049+0500] {processor.py:830} INFO - Processing file /Users/symbat/airflow_local/.venv/lib/python3.11/site-packages/airflow/example_dags/example_short_circuit_operator.py for tasks to queue
[2025-12-06T04:20:43.049+0500] {logging_mixin.py:188} INFO - [2025-12-06T04:20:43.049+0500] {dagbag.py:545} INFO - Filling up the DagBag from /Users/symbat/airflow_local/.venv/lib/python3.11/site-packages/airflow/example_dags/example_short_circuit_operator.py
[2025-12-06T04:20:43.064+0500] {processor.py:840} INFO - DAG(s) 'example_short_circuit_operator' retrieved from /Users/symbat/airflow_local/.venv/lib/python3.11/site-packages/airflow/example_dags/example_short_circuit_operator.py
[2025-12-06T04:20:43.114+0500] {logging_mixin.py:188} INFO - [2025-12-06T04:20:43.114+0500] {dag.py:3089} INFO - Sync 1 DAGs
[2025-12-06T04:20:43.124+0500] {logging_mixin.py:188} INFO - [2025-12-06T04:20:43.124+0500] {dag.py:3947} INFO - Setting next_dagrun for example_short_circuit_operator to 2025-12-04 00:00:00+00:00, run_after=2025-12-05 00:00:00+00:00
[2025-12-06T04:20:43.133+0500] {processor.py:183} INFO - Processing /Users/symbat/airflow_local/.venv/lib/python3.11/site-packages/airflow/example_dags/example_short_circuit_operator.py took 0.087 seconds
[2025-12-06T04:22:11.783+0500] {processor.py:161} INFO - Started process (PID=82639) to work on /Users/symbat/airflow_local/.venv/lib/python3.11/site-packages/airflow/example_dags/example_short_circuit_operator.py
[2025-12-06T04:22:11.784+0500] {processor.py:830} INFO - Processing file /Users/symbat/airflow_local/.venv/lib/python3.11/site-packages/airflow/example_dags/example_short_circuit_operator.py for tasks to queue
[2025-12-06T04:22:11.784+0500] {logging_mixin.py:188} INFO - [2025-12-06T04:22:11.784+0500] {dagbag.py:545} INFO - Filling up the DagBag from /Users/symbat/airflow_local/.venv/lib/python3.11/site-packages/airflow/example_dags/example_short_circuit_operator.py
[2025-12-06T04:22:11.805+0500] {processor.py:840} INFO - DAG(s) 'example_short_circuit_operator' retrieved from /Users/symbat/airflow_local/.venv/lib/python3.11/site-packages/airflow/example_dags/example_short_circuit_operator.py
[2025-12-06T04:22:11.856+0500] {logging_mixin.py:188} INFO - [2025-12-06T04:22:11.856+0500] {dag.py:3089} INFO - Sync 1 DAGs
[2025-12-06T04:22:11.864+0500] {logging_mixin.py:188} INFO - [2025-12-06T04:22:11.864+0500] {dag.py:3947} INFO - Setting next_dagrun for example_short_circuit_operator to 2025-12-04 00:00:00+00:00, run_after=2025-12-05 00:00:00+00:00
[2025-12-06T04:22:11.875+0500] {processor.py:183} INFO - Processing /Users/symbat/airflow_local/.venv/lib/python3.11/site-packages/airflow/example_dags/example_short_circuit_operator.py took 0.094 seconds
[2025-12-06T04:23:35.081+0500] {processor.py:161} INFO - Started process (PID=82739) to work on /Users/symbat/airflow_local/.venv/lib/python3.11/site-packages/airflow/example_dags/example_short_circuit_operator.py
[2025-12-06T04:23:35.082+0500] {processor.py:830} INFO - Processing file /Users/symbat/airflow_local/.venv/lib/python3.11/site-packages/airflow/example_dags/example_short_circuit_operator.py for tasks to queue
[2025-12-06T04:23:35.082+0500] {logging_mixin.py:188} INFO - [2025-12-06T04:23:35.082+0500] {dagbag.py:545} INFO - Filling up the DagBag from /Users/symbat/airflow_local/.venv/lib/python3.11/site-packages/airflow/example_dags/example_short_circuit_operator.py
[2025-12-06T04:23:35.103+0500] {processor.py:840} INFO - DAG(s) 'example_short_circuit_operator' retrieved from /Users/symbat/airflow_local/.venv/lib/python3.11/site-packages/airflow/example_dags/example_short_circuit_operator.py
[2025-12-06T04:23:35.166+0500] {logging_mixin.py:188} INFO - [2025-12-06T04:23:35.166+0500] {dag.py:3089} INFO - Sync 1 DAGs
[2025-12-06T04:23:35.175+0500] {logging_mixin.py:188} INFO - [2025-12-06T04:23:35.175+0500] {dag.py:3947} INFO - Setting next_dagrun for example_short_circuit_operator to 2025-12-04 00:00:00+00:00, run_after=2025-12-05 00:00:00+00:00
[2025-12-06T04:23:35.184+0500] {processor.py:183} INFO - Processing /Users/symbat/airflow_local/.venv/lib/python3.11/site-packages/airflow/example_dags/example_short_circuit_operator.py took 0.106 seconds
[2025-12-06T04:25:07.685+0500] {processor.py:161} INFO - Started process (PID=83092) to work on /Users/symbat/airflow_local/.venv/lib/python3.11/site-packages/airflow/example_dags/example_short_circuit_operator.py
[2025-12-06T04:25:07.686+0500] {processor.py:830} INFO - Processing file /Users/symbat/airflow_local/.venv/lib/python3.11/site-packages/airflow/example_dags/example_short_circuit_operator.py for tasks to queue
[2025-12-06T04:25:07.686+0500] {logging_mixin.py:188} INFO - [2025-12-06T04:25:07.686+0500] {dagbag.py:545} INFO - Filling up the DagBag from /Users/symbat/airflow_local/.venv/lib/python3.11/site-packages/airflow/example_dags/example_short_circuit_operator.py
[2025-12-06T04:25:07.701+0500] {processor.py:840} INFO - DAG(s) 'example_short_circuit_operator' retrieved from /Users/symbat/airflow_local/.venv/lib/python3.11/site-packages/airflow/example_dags/example_short_circuit_operator.py
[2025-12-06T04:25:07.754+0500] {logging_mixin.py:188} INFO - [2025-12-06T04:25:07.753+0500] {dag.py:3089} INFO - Sync 1 DAGs
[2025-12-06T04:25:07.763+0500] {logging_mixin.py:188} INFO - [2025-12-06T04:25:07.763+0500] {dag.py:3947} INFO - Setting next_dagrun for example_short_circuit_operator to 2025-12-04 00:00:00+00:00, run_after=2025-12-05 00:00:00+00:00
[2025-12-06T04:25:07.774+0500] {processor.py:183} INFO - Processing /Users/symbat/airflow_local/.venv/lib/python3.11/site-packages/airflow/example_dags/example_short_circuit_operator.py took 0.090 seconds
[2025-12-06T04:26:52.529+0500] {processor.py:161} INFO - Started process (PID=83248) to work on /Users/symbat/airflow_local/.venv/lib/python3.11/site-packages/airflow/example_dags/example_short_circuit_operator.py
[2025-12-06T04:26:52.531+0500] {processor.py:830} INFO - Processing file /Users/symbat/airflow_local/.venv/lib/python3.11/site-packages/airflow/example_dags/example_short_circuit_operator.py for tasks to queue
[2025-12-06T04:26:52.532+0500] {logging_mixin.py:188} INFO - [2025-12-06T04:26:52.532+0500] {dagbag.py:545} INFO - Filling up the DagBag from /Users/symbat/airflow_local/.venv/lib/python3.11/site-packages/airflow/example_dags/example_short_circuit_operator.py
[2025-12-06T04:26:52.561+0500] {processor.py:840} INFO - DAG(s) 'example_short_circuit_operator' retrieved from /Users/symbat/airflow_local/.venv/lib/python3.11/site-packages/airflow/example_dags/example_short_circuit_operator.py
[2025-12-06T04:26:52.621+0500] {logging_mixin.py:188} INFO - [2025-12-06T04:26:52.621+0500] {dag.py:3089} INFO - Sync 1 DAGs
[2025-12-06T04:26:52.630+0500] {logging_mixin.py:188} INFO - [2025-12-06T04:26:52.630+0500] {dag.py:3947} INFO - Setting next_dagrun for example_short_circuit_operator to 2025-12-04 00:00:00+00:00, run_after=2025-12-05 00:00:00+00:00
[2025-12-06T04:26:52.648+0500] {processor.py:183} INFO - Processing /Users/symbat/airflow_local/.venv/lib/python3.11/site-packages/airflow/example_dags/example_short_circuit_operator.py took 0.125 seconds
[2025-12-06T04:28:29.638+0500] {processor.py:161} INFO - Started process (PID=83635) to work on /Users/symbat/airflow_local/.venv/lib/python3.11/site-packages/airflow/example_dags/example_short_circuit_operator.py
[2025-12-06T04:28:29.638+0500] {processor.py:830} INFO - Processing file /Users/symbat/airflow_local/.venv/lib/python3.11/site-packages/airflow/example_dags/example_short_circuit_operator.py for tasks to queue
[2025-12-06T04:28:29.639+0500] {logging_mixin.py:188} INFO - [2025-12-06T04:28:29.639+0500] {dagbag.py:545} INFO - Filling up the DagBag from /Users/symbat/airflow_local/.venv/lib/python3.11/site-packages/airflow/example_dags/example_short_circuit_operator.py
[2025-12-06T04:28:29.651+0500] {processor.py:840} INFO - DAG(s) 'example_short_circuit_operator' retrieved from /Users/symbat/airflow_local/.venv/lib/python3.11/site-packages/airflow/example_dags/example_short_circuit_operator.py
[2025-12-06T04:28:29.696+0500] {logging_mixin.py:188} INFO - [2025-12-06T04:28:29.696+0500] {dag.py:3089} INFO - Sync 1 DAGs
[2025-12-06T04:28:29.703+0500] {logging_mixin.py:188} INFO - [2025-12-06T04:28:29.703+0500] {dag.py:3947} INFO - Setting next_dagrun for example_short_circuit_operator to 2025-12-04 00:00:00+00:00, run_after=2025-12-05 00:00:00+00:00
[2025-12-06T04:28:29.711+0500] {processor.py:183} INFO - Processing /Users/symbat/airflow_local/.venv/lib/python3.11/site-packages/airflow/example_dags/example_short_circuit_operator.py took 0.075 seconds
[2025-12-06T04:30:20.405+0500] {processor.py:161} INFO - Started process (PID=83800) to work on /Users/symbat/airflow_local/.venv/lib/python3.11/site-packages/airflow/example_dags/example_short_circuit_operator.py
[2025-12-06T04:30:20.406+0500] {processor.py:830} INFO - Processing file /Users/symbat/airflow_local/.venv/lib/python3.11/site-packages/airflow/example_dags/example_short_circuit_operator.py for tasks to queue
[2025-12-06T04:30:20.407+0500] {logging_mixin.py:188} INFO - [2025-12-06T04:30:20.407+0500] {dagbag.py:545} INFO - Filling up the DagBag from /Users/symbat/airflow_local/.venv/lib/python3.11/site-packages/airflow/example_dags/example_short_circuit_operator.py
[2025-12-06T04:30:20.425+0500] {processor.py:840} INFO - DAG(s) 'example_short_circuit_operator' retrieved from /Users/symbat/airflow_local/.venv/lib/python3.11/site-packages/airflow/example_dags/example_short_circuit_operator.py
[2025-12-06T04:30:20.472+0500] {logging_mixin.py:188} INFO - [2025-12-06T04:30:20.472+0500] {dag.py:3089} INFO - Sync 1 DAGs
[2025-12-06T04:30:20.480+0500] {logging_mixin.py:188} INFO - [2025-12-06T04:30:20.480+0500] {dag.py:3947} INFO - Setting next_dagrun for example_short_circuit_operator to 2025-12-04 00:00:00+00:00, run_after=2025-12-05 00:00:00+00:00
[2025-12-06T04:30:20.491+0500] {processor.py:183} INFO - Processing /Users/symbat/airflow_local/.venv/lib/python3.11/site-packages/airflow/example_dags/example_short_circuit_operator.py took 0.089 seconds
[2025-12-06T04:32:14.667+0500] {processor.py:161} INFO - Started process (PID=83952) to work on /Users/symbat/airflow_local/.venv/lib/python3.11/site-packages/airflow/example_dags/example_short_circuit_operator.py
[2025-12-06T04:32:14.668+0500] {processor.py:830} INFO - Processing file /Users/symbat/airflow_local/.venv/lib/python3.11/site-packages/airflow/example_dags/example_short_circuit_operator.py for tasks to queue
[2025-12-06T04:32:14.668+0500] {logging_mixin.py:188} INFO - [2025-12-06T04:32:14.668+0500] {dagbag.py:545} INFO - Filling up the DagBag from /Users/symbat/airflow_local/.venv/lib/python3.11/site-packages/airflow/example_dags/example_short_circuit_operator.py
[2025-12-06T04:32:14.683+0500] {processor.py:840} INFO - DAG(s) 'example_short_circuit_operator' retrieved from /Users/symbat/airflow_local/.venv/lib/python3.11/site-packages/airflow/example_dags/example_short_circuit_operator.py
[2025-12-06T04:32:14.729+0500] {logging_mixin.py:188} INFO - [2025-12-06T04:32:14.728+0500] {dag.py:3089} INFO - Sync 1 DAGs
[2025-12-06T04:32:14.742+0500] {logging_mixin.py:188} INFO - [2025-12-06T04:32:14.741+0500] {dag.py:3947} INFO - Setting next_dagrun for example_short_circuit_operator to 2025-12-04 00:00:00+00:00, run_after=2025-12-05 00:00:00+00:00
[2025-12-06T04:32:14.752+0500] {processor.py:183} INFO - Processing /Users/symbat/airflow_local/.venv/lib/python3.11/site-packages/airflow/example_dags/example_short_circuit_operator.py took 0.088 seconds
[2025-12-06T04:34:07.054+0500] {processor.py:161} INFO - Started process (PID=84175) to work on /Users/symbat/airflow_local/.venv/lib/python3.11/site-packages/airflow/example_dags/example_short_circuit_operator.py
[2025-12-06T04:34:07.056+0500] {processor.py:830} INFO - Processing file /Users/symbat/airflow_local/.venv/lib/python3.11/site-packages/airflow/example_dags/example_short_circuit_operator.py for tasks to queue
[2025-12-06T04:34:07.057+0500] {logging_mixin.py:188} INFO - [2025-12-06T04:34:07.056+0500] {dagbag.py:545} INFO - Filling up the DagBag from /Users/symbat/airflow_local/.venv/lib/python3.11/site-packages/airflow/example_dags/example_short_circuit_operator.py
[2025-12-06T04:34:07.079+0500] {processor.py:840} INFO - DAG(s) 'example_short_circuit_operator' retrieved from /Users/symbat/airflow_local/.venv/lib/python3.11/site-packages/airflow/example_dags/example_short_circuit_operator.py
[2025-12-06T04:34:07.142+0500] {logging_mixin.py:188} INFO - [2025-12-06T04:34:07.142+0500] {dag.py:3089} INFO - Sync 1 DAGs
[2025-12-06T04:34:07.149+0500] {logging_mixin.py:188} INFO - [2025-12-06T04:34:07.149+0500] {dag.py:3947} INFO - Setting next_dagrun for example_short_circuit_operator to 2025-12-04 00:00:00+00:00, run_after=2025-12-05 00:00:00+00:00
[2025-12-06T04:34:07.157+0500] {processor.py:183} INFO - Processing /Users/symbat/airflow_local/.venv/lib/python3.11/site-packages/airflow/example_dags/example_short_circuit_operator.py took 0.107 seconds
[2025-12-06T04:36:14.295+0500] {processor.py:161} INFO - Started process (PID=84364) to work on /Users/symbat/airflow_local/.venv/lib/python3.11/site-packages/airflow/example_dags/example_short_circuit_operator.py
[2025-12-06T04:36:14.297+0500] {processor.py:830} INFO - Processing file /Users/symbat/airflow_local/.venv/lib/python3.11/site-packages/airflow/example_dags/example_short_circuit_operator.py for tasks to queue
[2025-12-06T04:36:14.297+0500] {logging_mixin.py:188} INFO - [2025-12-06T04:36:14.297+0500] {dagbag.py:545} INFO - Filling up the DagBag from /Users/symbat/airflow_local/.venv/lib/python3.11/site-packages/airflow/example_dags/example_short_circuit_operator.py
[2025-12-06T04:36:14.314+0500] {processor.py:840} INFO - DAG(s) 'example_short_circuit_operator' retrieved from /Users/symbat/airflow_local/.venv/lib/python3.11/site-packages/airflow/example_dags/example_short_circuit_operator.py
[2025-12-06T04:36:14.389+0500] {logging_mixin.py:188} INFO - [2025-12-06T04:36:14.388+0500] {dag.py:3089} INFO - Sync 1 DAGs
[2025-12-06T04:36:14.402+0500] {logging_mixin.py:188} INFO - [2025-12-06T04:36:14.402+0500] {dag.py:3947} INFO - Setting next_dagrun for example_short_circuit_operator to 2025-12-04 00:00:00+00:00, run_after=2025-12-05 00:00:00+00:00
[2025-12-06T04:36:14.413+0500] {processor.py:183} INFO - Processing /Users/symbat/airflow_local/.venv/lib/python3.11/site-packages/airflow/example_dags/example_short_circuit_operator.py took 0.119 seconds
