[2025-12-06T03:55:17.665+0500] {processor.py:161} INFO - Started process (PID=79502) to work on /Users/symbat/airflow_local/.venv/lib/python3.11/site-packages/airflow/example_dags/tutorial_dag.py
[2025-12-06T03:55:17.666+0500] {processor.py:830} INFO - Processing file /Users/symbat/airflow_local/.venv/lib/python3.11/site-packages/airflow/example_dags/tutorial_dag.py for tasks to queue
[2025-12-06T03:55:17.667+0500] {logging_mixin.py:188} INFO - [2025-12-06T03:55:17.667+0500] {dagbag.py:545} INFO - Filling up the DagBag from /Users/symbat/airflow_local/.venv/lib/python3.11/site-packages/airflow/example_dags/tutorial_dag.py
[2025-12-06T03:55:17.685+0500] {processor.py:840} INFO - DAG(s) 'tutorial_dag' retrieved from /Users/symbat/airflow_local/.venv/lib/python3.11/site-packages/airflow/example_dags/tutorial_dag.py
[2025-12-06T03:55:17.793+0500] {logging_mixin.py:188} INFO - [2025-12-06T03:55:17.793+0500] {override.py:1930} INFO - Created Permission View: can delete on DAG:tutorial_dag
[2025-12-06T03:55:17.799+0500] {logging_mixin.py:188} INFO - [2025-12-06T03:55:17.798+0500] {override.py:1930} INFO - Created Permission View: can read on DAG:tutorial_dag
[2025-12-06T03:55:17.801+0500] {logging_mixin.py:188} INFO - [2025-12-06T03:55:17.801+0500] {override.py:1930} INFO - Created Permission View: can edit on DAG:tutorial_dag
[2025-12-06T03:55:17.802+0500] {logging_mixin.py:188} INFO - [2025-12-06T03:55:17.802+0500] {dag.py:3089} INFO - Sync 1 DAGs
[2025-12-06T03:55:17.843+0500] {logging_mixin.py:188} INFO - [2025-12-06T03:55:17.843+0500] {dag.py:3111} INFO - Creating ORM DAG for tutorial_dag
[2025-12-06T03:55:17.843+0500] {logging_mixin.py:188} INFO - [2025-12-06T03:55:17.843+0500] {dag.py:3947} INFO - Setting next_dagrun for tutorial_dag to None, run_after=None
[2025-12-06T03:55:17.851+0500] {processor.py:183} INFO - Processing /Users/symbat/airflow_local/.venv/lib/python3.11/site-packages/airflow/example_dags/tutorial_dag.py took 0.194 seconds
[2025-12-06T03:57:19.667+0500] {processor.py:161} INFO - Started process (PID=79660) to work on /Users/symbat/airflow_local/.venv/lib/python3.11/site-packages/airflow/example_dags/tutorial_dag.py
[2025-12-06T03:57:19.667+0500] {processor.py:830} INFO - Processing file /Users/symbat/airflow_local/.venv/lib/python3.11/site-packages/airflow/example_dags/tutorial_dag.py for tasks to queue
[2025-12-06T03:57:19.668+0500] {logging_mixin.py:188} INFO - [2025-12-06T03:57:19.668+0500] {dagbag.py:545} INFO - Filling up the DagBag from /Users/symbat/airflow_local/.venv/lib/python3.11/site-packages/airflow/example_dags/tutorial_dag.py
[2025-12-06T03:57:19.680+0500] {processor.py:840} INFO - DAG(s) 'tutorial_dag' retrieved from /Users/symbat/airflow_local/.venv/lib/python3.11/site-packages/airflow/example_dags/tutorial_dag.py
[2025-12-06T03:57:19.725+0500] {logging_mixin.py:188} INFO - [2025-12-06T03:57:19.725+0500] {dag.py:3089} INFO - Sync 1 DAGs
[2025-12-06T03:57:19.729+0500] {logging_mixin.py:188} INFO - [2025-12-06T03:57:19.729+0500] {dag.py:3947} INFO - Setting next_dagrun for tutorial_dag to None, run_after=None
[2025-12-06T03:57:19.738+0500] {processor.py:183} INFO - Processing /Users/symbat/airflow_local/.venv/lib/python3.11/site-packages/airflow/example_dags/tutorial_dag.py took 0.074 seconds
[2025-12-06T03:58:46.431+0500] {processor.py:161} INFO - Started process (PID=79751) to work on /Users/symbat/airflow_local/.venv/lib/python3.11/site-packages/airflow/example_dags/tutorial_dag.py
[2025-12-06T03:58:46.433+0500] {processor.py:830} INFO - Processing file /Users/symbat/airflow_local/.venv/lib/python3.11/site-packages/airflow/example_dags/tutorial_dag.py for tasks to queue
[2025-12-06T03:58:46.434+0500] {logging_mixin.py:188} INFO - [2025-12-06T03:58:46.434+0500] {dagbag.py:545} INFO - Filling up the DagBag from /Users/symbat/airflow_local/.venv/lib/python3.11/site-packages/airflow/example_dags/tutorial_dag.py
[2025-12-06T03:58:46.473+0500] {processor.py:840} INFO - DAG(s) 'tutorial_dag' retrieved from /Users/symbat/airflow_local/.venv/lib/python3.11/site-packages/airflow/example_dags/tutorial_dag.py
[2025-12-06T03:58:46.655+0500] {logging_mixin.py:188} INFO - [2025-12-06T03:58:46.647+0500] {dag.py:3089} INFO - Sync 1 DAGs
[2025-12-06T03:58:46.678+0500] {logging_mixin.py:188} INFO - [2025-12-06T03:58:46.677+0500] {dag.py:3947} INFO - Setting next_dagrun for tutorial_dag to None, run_after=None
[2025-12-06T03:58:46.711+0500] {processor.py:183} INFO - Processing /Users/symbat/airflow_local/.venv/lib/python3.11/site-packages/airflow/example_dags/tutorial_dag.py took 0.286 seconds
[2025-12-06T04:00:25.114+0500] {processor.py:161} INFO - Started process (PID=80332) to work on /Users/symbat/airflow_local/.venv/lib/python3.11/site-packages/airflow/example_dags/tutorial_dag.py
[2025-12-06T04:00:25.115+0500] {processor.py:830} INFO - Processing file /Users/symbat/airflow_local/.venv/lib/python3.11/site-packages/airflow/example_dags/tutorial_dag.py for tasks to queue
[2025-12-06T04:00:25.116+0500] {logging_mixin.py:188} INFO - [2025-12-06T04:00:25.116+0500] {dagbag.py:545} INFO - Filling up the DagBag from /Users/symbat/airflow_local/.venv/lib/python3.11/site-packages/airflow/example_dags/tutorial_dag.py
[2025-12-06T04:00:25.148+0500] {processor.py:840} INFO - DAG(s) 'tutorial_dag' retrieved from /Users/symbat/airflow_local/.venv/lib/python3.11/site-packages/airflow/example_dags/tutorial_dag.py
[2025-12-06T04:00:25.229+0500] {logging_mixin.py:188} INFO - [2025-12-06T04:00:25.228+0500] {dag.py:3089} INFO - Sync 1 DAGs
[2025-12-06T04:00:25.234+0500] {logging_mixin.py:188} INFO - [2025-12-06T04:00:25.234+0500] {dag.py:3947} INFO - Setting next_dagrun for tutorial_dag to None, run_after=None
[2025-12-06T04:00:25.259+0500] {processor.py:183} INFO - Processing /Users/symbat/airflow_local/.venv/lib/python3.11/site-packages/airflow/example_dags/tutorial_dag.py took 0.147 seconds
[2025-12-06T04:02:01.102+0500] {processor.py:161} INFO - Started process (PID=80616) to work on /Users/symbat/airflow_local/.venv/lib/python3.11/site-packages/airflow/example_dags/tutorial_dag.py
[2025-12-06T04:02:01.104+0500] {processor.py:830} INFO - Processing file /Users/symbat/airflow_local/.venv/lib/python3.11/site-packages/airflow/example_dags/tutorial_dag.py for tasks to queue
[2025-12-06T04:02:01.105+0500] {logging_mixin.py:188} INFO - [2025-12-06T04:02:01.105+0500] {dagbag.py:545} INFO - Filling up the DagBag from /Users/symbat/airflow_local/.venv/lib/python3.11/site-packages/airflow/example_dags/tutorial_dag.py
[2025-12-06T04:02:01.131+0500] {processor.py:840} INFO - DAG(s) 'tutorial_dag' retrieved from /Users/symbat/airflow_local/.venv/lib/python3.11/site-packages/airflow/example_dags/tutorial_dag.py
[2025-12-06T04:02:01.196+0500] {logging_mixin.py:188} INFO - [2025-12-06T04:02:01.196+0500] {dag.py:3089} INFO - Sync 1 DAGs
[2025-12-06T04:02:01.201+0500] {logging_mixin.py:188} INFO - [2025-12-06T04:02:01.201+0500] {dag.py:3947} INFO - Setting next_dagrun for tutorial_dag to None, run_after=None
[2025-12-06T04:02:01.211+0500] {processor.py:183} INFO - Processing /Users/symbat/airflow_local/.venv/lib/python3.11/site-packages/airflow/example_dags/tutorial_dag.py took 0.116 seconds
[2025-12-06T04:03:43.199+0500] {processor.py:161} INFO - Started process (PID=80958) to work on /Users/symbat/airflow_local/.venv/lib/python3.11/site-packages/airflow/example_dags/tutorial_dag.py
[2025-12-06T04:03:43.200+0500] {processor.py:830} INFO - Processing file /Users/symbat/airflow_local/.venv/lib/python3.11/site-packages/airflow/example_dags/tutorial_dag.py for tasks to queue
[2025-12-06T04:03:43.200+0500] {logging_mixin.py:188} INFO - [2025-12-06T04:03:43.200+0500] {dagbag.py:545} INFO - Filling up the DagBag from /Users/symbat/airflow_local/.venv/lib/python3.11/site-packages/airflow/example_dags/tutorial_dag.py
[2025-12-06T04:03:43.224+0500] {processor.py:840} INFO - DAG(s) 'tutorial_dag' retrieved from /Users/symbat/airflow_local/.venv/lib/python3.11/site-packages/airflow/example_dags/tutorial_dag.py
[2025-12-06T04:03:43.284+0500] {logging_mixin.py:188} INFO - [2025-12-06T04:03:43.284+0500] {dag.py:3089} INFO - Sync 1 DAGs
[2025-12-06T04:03:43.291+0500] {logging_mixin.py:188} INFO - [2025-12-06T04:03:43.290+0500] {dag.py:3947} INFO - Setting next_dagrun for tutorial_dag to None, run_after=None
[2025-12-06T04:03:43.302+0500] {processor.py:183} INFO - Processing /Users/symbat/airflow_local/.venv/lib/python3.11/site-packages/airflow/example_dags/tutorial_dag.py took 0.106 seconds
[2025-12-06T04:05:29.377+0500] {processor.py:161} INFO - Started process (PID=81388) to work on /Users/symbat/airflow_local/.venv/lib/python3.11/site-packages/airflow/example_dags/tutorial_dag.py
[2025-12-06T04:05:29.378+0500] {processor.py:830} INFO - Processing file /Users/symbat/airflow_local/.venv/lib/python3.11/site-packages/airflow/example_dags/tutorial_dag.py for tasks to queue
[2025-12-06T04:05:29.378+0500] {logging_mixin.py:188} INFO - [2025-12-06T04:05:29.378+0500] {dagbag.py:545} INFO - Filling up the DagBag from /Users/symbat/airflow_local/.venv/lib/python3.11/site-packages/airflow/example_dags/tutorial_dag.py
[2025-12-06T04:05:29.395+0500] {processor.py:840} INFO - DAG(s) 'tutorial_dag' retrieved from /Users/symbat/airflow_local/.venv/lib/python3.11/site-packages/airflow/example_dags/tutorial_dag.py
[2025-12-06T04:05:29.443+0500] {logging_mixin.py:188} INFO - [2025-12-06T04:05:29.443+0500] {dag.py:3089} INFO - Sync 1 DAGs
[2025-12-06T04:05:29.448+0500] {logging_mixin.py:188} INFO - [2025-12-06T04:05:29.448+0500] {dag.py:3947} INFO - Setting next_dagrun for tutorial_dag to None, run_after=None
[2025-12-06T04:05:29.457+0500] {processor.py:183} INFO - Processing /Users/symbat/airflow_local/.venv/lib/python3.11/site-packages/airflow/example_dags/tutorial_dag.py took 0.083 seconds
[2025-12-06T04:07:09.870+0500] {processor.py:161} INFO - Started process (PID=81521) to work on /Users/symbat/airflow_local/.venv/lib/python3.11/site-packages/airflow/example_dags/tutorial_dag.py
[2025-12-06T04:07:09.871+0500] {processor.py:830} INFO - Processing file /Users/symbat/airflow_local/.venv/lib/python3.11/site-packages/airflow/example_dags/tutorial_dag.py for tasks to queue
[2025-12-06T04:07:09.871+0500] {logging_mixin.py:188} INFO - [2025-12-06T04:07:09.871+0500] {dagbag.py:545} INFO - Filling up the DagBag from /Users/symbat/airflow_local/.venv/lib/python3.11/site-packages/airflow/example_dags/tutorial_dag.py
[2025-12-06T04:07:09.885+0500] {processor.py:840} INFO - DAG(s) 'tutorial_dag' retrieved from /Users/symbat/airflow_local/.venv/lib/python3.11/site-packages/airflow/example_dags/tutorial_dag.py
[2025-12-06T04:07:09.934+0500] {logging_mixin.py:188} INFO - [2025-12-06T04:07:09.934+0500] {dag.py:3089} INFO - Sync 1 DAGs
[2025-12-06T04:07:09.938+0500] {logging_mixin.py:188} INFO - [2025-12-06T04:07:09.938+0500] {dag.py:3947} INFO - Setting next_dagrun for tutorial_dag to None, run_after=None
[2025-12-06T04:07:09.948+0500] {processor.py:183} INFO - Processing /Users/symbat/airflow_local/.venv/lib/python3.11/site-packages/airflow/example_dags/tutorial_dag.py took 0.081 seconds
[2025-12-06T04:08:52.405+0500] {processor.py:161} INFO - Started process (PID=81650) to work on /Users/symbat/airflow_local/.venv/lib/python3.11/site-packages/airflow/example_dags/tutorial_dag.py
[2025-12-06T04:08:52.405+0500] {processor.py:830} INFO - Processing file /Users/symbat/airflow_local/.venv/lib/python3.11/site-packages/airflow/example_dags/tutorial_dag.py for tasks to queue
[2025-12-06T04:08:52.406+0500] {logging_mixin.py:188} INFO - [2025-12-06T04:08:52.406+0500] {dagbag.py:545} INFO - Filling up the DagBag from /Users/symbat/airflow_local/.venv/lib/python3.11/site-packages/airflow/example_dags/tutorial_dag.py
[2025-12-06T04:08:52.420+0500] {processor.py:840} INFO - DAG(s) 'tutorial_dag' retrieved from /Users/symbat/airflow_local/.venv/lib/python3.11/site-packages/airflow/example_dags/tutorial_dag.py
[2025-12-06T04:08:52.468+0500] {logging_mixin.py:188} INFO - [2025-12-06T04:08:52.467+0500] {dag.py:3089} INFO - Sync 1 DAGs
[2025-12-06T04:08:52.474+0500] {logging_mixin.py:188} INFO - [2025-12-06T04:08:52.474+0500] {dag.py:3947} INFO - Setting next_dagrun for tutorial_dag to None, run_after=None
[2025-12-06T04:08:52.485+0500] {processor.py:183} INFO - Processing /Users/symbat/airflow_local/.venv/lib/python3.11/site-packages/airflow/example_dags/tutorial_dag.py took 0.082 seconds
[2025-12-06T04:10:35.535+0500] {processor.py:161} INFO - Started process (PID=81771) to work on /Users/symbat/airflow_local/.venv/lib/python3.11/site-packages/airflow/example_dags/tutorial_dag.py
[2025-12-06T04:10:35.536+0500] {processor.py:830} INFO - Processing file /Users/symbat/airflow_local/.venv/lib/python3.11/site-packages/airflow/example_dags/tutorial_dag.py for tasks to queue
[2025-12-06T04:10:35.537+0500] {logging_mixin.py:188} INFO - [2025-12-06T04:10:35.537+0500] {dagbag.py:545} INFO - Filling up the DagBag from /Users/symbat/airflow_local/.venv/lib/python3.11/site-packages/airflow/example_dags/tutorial_dag.py
[2025-12-06T04:10:35.560+0500] {processor.py:840} INFO - DAG(s) 'tutorial_dag' retrieved from /Users/symbat/airflow_local/.venv/lib/python3.11/site-packages/airflow/example_dags/tutorial_dag.py
[2025-12-06T04:10:35.612+0500] {logging_mixin.py:188} INFO - [2025-12-06T04:10:35.612+0500] {dag.py:3089} INFO - Sync 1 DAGs
[2025-12-06T04:10:35.617+0500] {logging_mixin.py:188} INFO - [2025-12-06T04:10:35.617+0500] {dag.py:3947} INFO - Setting next_dagrun for tutorial_dag to None, run_after=None
[2025-12-06T04:10:35.627+0500] {processor.py:183} INFO - Processing /Users/symbat/airflow_local/.venv/lib/python3.11/site-packages/airflow/example_dags/tutorial_dag.py took 0.098 seconds
[2025-12-06T04:12:13.718+0500] {processor.py:161} INFO - Started process (PID=81895) to work on /Users/symbat/airflow_local/.venv/lib/python3.11/site-packages/airflow/example_dags/tutorial_dag.py
[2025-12-06T04:12:13.719+0500] {processor.py:830} INFO - Processing file /Users/symbat/airflow_local/.venv/lib/python3.11/site-packages/airflow/example_dags/tutorial_dag.py for tasks to queue
[2025-12-06T04:12:13.720+0500] {logging_mixin.py:188} INFO - [2025-12-06T04:12:13.719+0500] {dagbag.py:545} INFO - Filling up the DagBag from /Users/symbat/airflow_local/.venv/lib/python3.11/site-packages/airflow/example_dags/tutorial_dag.py
[2025-12-06T04:12:13.741+0500] {processor.py:840} INFO - DAG(s) 'tutorial_dag' retrieved from /Users/symbat/airflow_local/.venv/lib/python3.11/site-packages/airflow/example_dags/tutorial_dag.py
[2025-12-06T04:12:13.807+0500] {logging_mixin.py:188} INFO - [2025-12-06T04:12:13.807+0500] {dag.py:3089} INFO - Sync 1 DAGs
[2025-12-06T04:12:13.812+0500] {logging_mixin.py:188} INFO - [2025-12-06T04:12:13.812+0500] {dag.py:3947} INFO - Setting next_dagrun for tutorial_dag to None, run_after=None
[2025-12-06T04:12:13.822+0500] {processor.py:183} INFO - Processing /Users/symbat/airflow_local/.venv/lib/python3.11/site-packages/airflow/example_dags/tutorial_dag.py took 0.109 seconds
[2025-12-06T04:13:56.722+0500] {processor.py:161} INFO - Started process (PID=82068) to work on /Users/symbat/airflow_local/.venv/lib/python3.11/site-packages/airflow/example_dags/tutorial_dag.py
[2025-12-06T04:13:56.723+0500] {processor.py:830} INFO - Processing file /Users/symbat/airflow_local/.venv/lib/python3.11/site-packages/airflow/example_dags/tutorial_dag.py for tasks to queue
[2025-12-06T04:13:56.724+0500] {logging_mixin.py:188} INFO - [2025-12-06T04:13:56.724+0500] {dagbag.py:545} INFO - Filling up the DagBag from /Users/symbat/airflow_local/.venv/lib/python3.11/site-packages/airflow/example_dags/tutorial_dag.py
[2025-12-06T04:13:56.738+0500] {processor.py:840} INFO - DAG(s) 'tutorial_dag' retrieved from /Users/symbat/airflow_local/.venv/lib/python3.11/site-packages/airflow/example_dags/tutorial_dag.py
[2025-12-06T04:13:56.787+0500] {logging_mixin.py:188} INFO - [2025-12-06T04:13:56.787+0500] {dag.py:3089} INFO - Sync 1 DAGs
[2025-12-06T04:13:56.792+0500] {logging_mixin.py:188} INFO - [2025-12-06T04:13:56.792+0500] {dag.py:3947} INFO - Setting next_dagrun for tutorial_dag to None, run_after=None
[2025-12-06T04:13:56.802+0500] {processor.py:183} INFO - Processing /Users/symbat/airflow_local/.venv/lib/python3.11/site-packages/airflow/example_dags/tutorial_dag.py took 0.082 seconds
[2025-12-06T04:15:34.560+0500] {processor.py:161} INFO - Started process (PID=82199) to work on /Users/symbat/airflow_local/.venv/lib/python3.11/site-packages/airflow/example_dags/tutorial_dag.py
[2025-12-06T04:15:34.561+0500] {processor.py:830} INFO - Processing file /Users/symbat/airflow_local/.venv/lib/python3.11/site-packages/airflow/example_dags/tutorial_dag.py for tasks to queue
[2025-12-06T04:15:34.562+0500] {logging_mixin.py:188} INFO - [2025-12-06T04:15:34.562+0500] {dagbag.py:545} INFO - Filling up the DagBag from /Users/symbat/airflow_local/.venv/lib/python3.11/site-packages/airflow/example_dags/tutorial_dag.py
[2025-12-06T04:15:34.582+0500] {processor.py:840} INFO - DAG(s) 'tutorial_dag' retrieved from /Users/symbat/airflow_local/.venv/lib/python3.11/site-packages/airflow/example_dags/tutorial_dag.py
[2025-12-06T04:15:34.639+0500] {logging_mixin.py:188} INFO - [2025-12-06T04:15:34.638+0500] {dag.py:3089} INFO - Sync 1 DAGs
[2025-12-06T04:15:34.646+0500] {logging_mixin.py:188} INFO - [2025-12-06T04:15:34.645+0500] {dag.py:3947} INFO - Setting next_dagrun for tutorial_dag to None, run_after=None
[2025-12-06T04:15:34.657+0500] {processor.py:183} INFO - Processing /Users/symbat/airflow_local/.venv/lib/python3.11/site-packages/airflow/example_dags/tutorial_dag.py took 0.101 seconds
[2025-12-06T04:17:09.704+0500] {processor.py:161} INFO - Started process (PID=82308) to work on /Users/symbat/airflow_local/.venv/lib/python3.11/site-packages/airflow/example_dags/tutorial_dag.py
[2025-12-06T04:17:09.706+0500] {processor.py:830} INFO - Processing file /Users/symbat/airflow_local/.venv/lib/python3.11/site-packages/airflow/example_dags/tutorial_dag.py for tasks to queue
[2025-12-06T04:17:09.706+0500] {logging_mixin.py:188} INFO - [2025-12-06T04:17:09.706+0500] {dagbag.py:545} INFO - Filling up the DagBag from /Users/symbat/airflow_local/.venv/lib/python3.11/site-packages/airflow/example_dags/tutorial_dag.py
[2025-12-06T04:17:09.721+0500] {processor.py:840} INFO - DAG(s) 'tutorial_dag' retrieved from /Users/symbat/airflow_local/.venv/lib/python3.11/site-packages/airflow/example_dags/tutorial_dag.py
[2025-12-06T04:17:09.817+0500] {logging_mixin.py:188} INFO - [2025-12-06T04:17:09.816+0500] {dag.py:3089} INFO - Sync 1 DAGs
[2025-12-06T04:17:09.827+0500] {logging_mixin.py:188} INFO - [2025-12-06T04:17:09.827+0500] {dag.py:3947} INFO - Setting next_dagrun for tutorial_dag to None, run_after=None
[2025-12-06T04:17:09.854+0500] {processor.py:183} INFO - Processing /Users/symbat/airflow_local/.venv/lib/python3.11/site-packages/airflow/example_dags/tutorial_dag.py took 0.154 seconds
[2025-12-06T04:18:43.918+0500] {processor.py:161} INFO - Started process (PID=82415) to work on /Users/symbat/airflow_local/.venv/lib/python3.11/site-packages/airflow/example_dags/tutorial_dag.py
[2025-12-06T04:18:43.919+0500] {processor.py:830} INFO - Processing file /Users/symbat/airflow_local/.venv/lib/python3.11/site-packages/airflow/example_dags/tutorial_dag.py for tasks to queue
[2025-12-06T04:18:43.920+0500] {logging_mixin.py:188} INFO - [2025-12-06T04:18:43.919+0500] {dagbag.py:545} INFO - Filling up the DagBag from /Users/symbat/airflow_local/.venv/lib/python3.11/site-packages/airflow/example_dags/tutorial_dag.py
[2025-12-06T04:18:43.941+0500] {processor.py:840} INFO - DAG(s) 'tutorial_dag' retrieved from /Users/symbat/airflow_local/.venv/lib/python3.11/site-packages/airflow/example_dags/tutorial_dag.py
[2025-12-06T04:18:43.992+0500] {logging_mixin.py:188} INFO - [2025-12-06T04:18:43.992+0500] {dag.py:3089} INFO - Sync 1 DAGs
[2025-12-06T04:18:43.997+0500] {logging_mixin.py:188} INFO - [2025-12-06T04:18:43.997+0500] {dag.py:3947} INFO - Setting next_dagrun for tutorial_dag to None, run_after=None
[2025-12-06T04:18:44.009+0500] {processor.py:183} INFO - Processing /Users/symbat/airflow_local/.venv/lib/python3.11/site-packages/airflow/example_dags/tutorial_dag.py took 0.095 seconds
[2025-12-06T04:20:17.827+0500] {processor.py:161} INFO - Started process (PID=82505) to work on /Users/symbat/airflow_local/.venv/lib/python3.11/site-packages/airflow/example_dags/tutorial_dag.py
[2025-12-06T04:20:17.828+0500] {processor.py:830} INFO - Processing file /Users/symbat/airflow_local/.venv/lib/python3.11/site-packages/airflow/example_dags/tutorial_dag.py for tasks to queue
[2025-12-06T04:20:17.829+0500] {logging_mixin.py:188} INFO - [2025-12-06T04:20:17.829+0500] {dagbag.py:545} INFO - Filling up the DagBag from /Users/symbat/airflow_local/.venv/lib/python3.11/site-packages/airflow/example_dags/tutorial_dag.py
[2025-12-06T04:20:17.843+0500] {processor.py:840} INFO - DAG(s) 'tutorial_dag' retrieved from /Users/symbat/airflow_local/.venv/lib/python3.11/site-packages/airflow/example_dags/tutorial_dag.py
[2025-12-06T04:20:17.898+0500] {logging_mixin.py:188} INFO - [2025-12-06T04:20:17.898+0500] {dag.py:3089} INFO - Sync 1 DAGs
[2025-12-06T04:20:17.902+0500] {logging_mixin.py:188} INFO - [2025-12-06T04:20:17.902+0500] {dag.py:3947} INFO - Setting next_dagrun for tutorial_dag to None, run_after=None
[2025-12-06T04:20:17.911+0500] {processor.py:183} INFO - Processing /Users/symbat/airflow_local/.venv/lib/python3.11/site-packages/airflow/example_dags/tutorial_dag.py took 0.086 seconds
[2025-12-06T04:21:45.447+0500] {processor.py:161} INFO - Started process (PID=82605) to work on /Users/symbat/airflow_local/.venv/lib/python3.11/site-packages/airflow/example_dags/tutorial_dag.py
[2025-12-06T04:21:45.448+0500] {processor.py:830} INFO - Processing file /Users/symbat/airflow_local/.venv/lib/python3.11/site-packages/airflow/example_dags/tutorial_dag.py for tasks to queue
[2025-12-06T04:21:45.448+0500] {logging_mixin.py:188} INFO - [2025-12-06T04:21:45.448+0500] {dagbag.py:545} INFO - Filling up the DagBag from /Users/symbat/airflow_local/.venv/lib/python3.11/site-packages/airflow/example_dags/tutorial_dag.py
[2025-12-06T04:21:45.466+0500] {processor.py:840} INFO - DAG(s) 'tutorial_dag' retrieved from /Users/symbat/airflow_local/.venv/lib/python3.11/site-packages/airflow/example_dags/tutorial_dag.py
[2025-12-06T04:21:45.522+0500] {logging_mixin.py:188} INFO - [2025-12-06T04:21:45.521+0500] {dag.py:3089} INFO - Sync 1 DAGs
[2025-12-06T04:21:45.529+0500] {logging_mixin.py:188} INFO - [2025-12-06T04:21:45.528+0500] {dag.py:3947} INFO - Setting next_dagrun for tutorial_dag to None, run_after=None
[2025-12-06T04:21:45.541+0500] {processor.py:183} INFO - Processing /Users/symbat/airflow_local/.venv/lib/python3.11/site-packages/airflow/example_dags/tutorial_dag.py took 0.097 seconds
[2025-12-06T04:23:07.196+0500] {processor.py:161} INFO - Started process (PID=82710) to work on /Users/symbat/airflow_local/.venv/lib/python3.11/site-packages/airflow/example_dags/tutorial_dag.py
[2025-12-06T04:23:07.197+0500] {processor.py:830} INFO - Processing file /Users/symbat/airflow_local/.venv/lib/python3.11/site-packages/airflow/example_dags/tutorial_dag.py for tasks to queue
[2025-12-06T04:23:07.197+0500] {logging_mixin.py:188} INFO - [2025-12-06T04:23:07.197+0500] {dagbag.py:545} INFO - Filling up the DagBag from /Users/symbat/airflow_local/.venv/lib/python3.11/site-packages/airflow/example_dags/tutorial_dag.py
[2025-12-06T04:23:07.210+0500] {processor.py:840} INFO - DAG(s) 'tutorial_dag' retrieved from /Users/symbat/airflow_local/.venv/lib/python3.11/site-packages/airflow/example_dags/tutorial_dag.py
[2025-12-06T04:23:07.254+0500] {logging_mixin.py:188} INFO - [2025-12-06T04:23:07.254+0500] {dag.py:3089} INFO - Sync 1 DAGs
[2025-12-06T04:23:07.258+0500] {logging_mixin.py:188} INFO - [2025-12-06T04:23:07.258+0500] {dag.py:3947} INFO - Setting next_dagrun for tutorial_dag to None, run_after=None
[2025-12-06T04:23:07.268+0500] {processor.py:183} INFO - Processing /Users/symbat/airflow_local/.venv/lib/python3.11/site-packages/airflow/example_dags/tutorial_dag.py took 0.074 seconds
[2025-12-06T04:24:37.404+0500] {processor.py:161} INFO - Started process (PID=82805) to work on /Users/symbat/airflow_local/.venv/lib/python3.11/site-packages/airflow/example_dags/tutorial_dag.py
[2025-12-06T04:24:37.404+0500] {processor.py:830} INFO - Processing file /Users/symbat/airflow_local/.venv/lib/python3.11/site-packages/airflow/example_dags/tutorial_dag.py for tasks to queue
[2025-12-06T04:24:37.405+0500] {logging_mixin.py:188} INFO - [2025-12-06T04:24:37.405+0500] {dagbag.py:545} INFO - Filling up the DagBag from /Users/symbat/airflow_local/.venv/lib/python3.11/site-packages/airflow/example_dags/tutorial_dag.py
[2025-12-06T04:24:37.427+0500] {processor.py:840} INFO - DAG(s) 'tutorial_dag' retrieved from /Users/symbat/airflow_local/.venv/lib/python3.11/site-packages/airflow/example_dags/tutorial_dag.py
[2025-12-06T04:24:37.478+0500] {logging_mixin.py:188} INFO - [2025-12-06T04:24:37.478+0500] {dag.py:3089} INFO - Sync 1 DAGs
[2025-12-06T04:24:37.482+0500] {logging_mixin.py:188} INFO - [2025-12-06T04:24:37.482+0500] {dag.py:3947} INFO - Setting next_dagrun for tutorial_dag to None, run_after=None
[2025-12-06T04:24:37.492+0500] {processor.py:183} INFO - Processing /Users/symbat/airflow_local/.venv/lib/python3.11/site-packages/airflow/example_dags/tutorial_dag.py took 0.091 seconds
[2025-12-06T04:26:17.977+0500] {processor.py:161} INFO - Started process (PID=83188) to work on /Users/symbat/airflow_local/.venv/lib/python3.11/site-packages/airflow/example_dags/tutorial_dag.py
[2025-12-06T04:26:17.978+0500] {processor.py:830} INFO - Processing file /Users/symbat/airflow_local/.venv/lib/python3.11/site-packages/airflow/example_dags/tutorial_dag.py for tasks to queue
[2025-12-06T04:26:17.979+0500] {logging_mixin.py:188} INFO - [2025-12-06T04:26:17.979+0500] {dagbag.py:545} INFO - Filling up the DagBag from /Users/symbat/airflow_local/.venv/lib/python3.11/site-packages/airflow/example_dags/tutorial_dag.py
[2025-12-06T04:26:18.007+0500] {processor.py:840} INFO - DAG(s) 'tutorial_dag' retrieved from /Users/symbat/airflow_local/.venv/lib/python3.11/site-packages/airflow/example_dags/tutorial_dag.py
[2025-12-06T04:26:18.081+0500] {logging_mixin.py:188} INFO - [2025-12-06T04:26:18.081+0500] {dag.py:3089} INFO - Sync 1 DAGs
[2025-12-06T04:26:18.086+0500] {logging_mixin.py:188} INFO - [2025-12-06T04:26:18.085+0500] {dag.py:3947} INFO - Setting next_dagrun for tutorial_dag to None, run_after=None
[2025-12-06T04:26:18.101+0500] {processor.py:183} INFO - Processing /Users/symbat/airflow_local/.venv/lib/python3.11/site-packages/airflow/example_dags/tutorial_dag.py took 0.126 seconds
[2025-12-06T04:28:00.099+0500] {processor.py:161} INFO - Started process (PID=83521) to work on /Users/symbat/airflow_local/.venv/lib/python3.11/site-packages/airflow/example_dags/tutorial_dag.py
[2025-12-06T04:28:00.100+0500] {processor.py:830} INFO - Processing file /Users/symbat/airflow_local/.venv/lib/python3.11/site-packages/airflow/example_dags/tutorial_dag.py for tasks to queue
[2025-12-06T04:28:00.100+0500] {logging_mixin.py:188} INFO - [2025-12-06T04:28:00.100+0500] {dagbag.py:545} INFO - Filling up the DagBag from /Users/symbat/airflow_local/.venv/lib/python3.11/site-packages/airflow/example_dags/tutorial_dag.py
[2025-12-06T04:28:00.118+0500] {processor.py:840} INFO - DAG(s) 'tutorial_dag' retrieved from /Users/symbat/airflow_local/.venv/lib/python3.11/site-packages/airflow/example_dags/tutorial_dag.py
[2025-12-06T04:28:00.192+0500] {logging_mixin.py:188} INFO - [2025-12-06T04:28:00.192+0500] {dag.py:3089} INFO - Sync 1 DAGs
[2025-12-06T04:28:00.214+0500] {logging_mixin.py:188} INFO - [2025-12-06T04:28:00.213+0500] {dag.py:3947} INFO - Setting next_dagrun for tutorial_dag to None, run_after=None
[2025-12-06T04:28:00.241+0500] {processor.py:183} INFO - Processing /Users/symbat/airflow_local/.venv/lib/python3.11/site-packages/airflow/example_dags/tutorial_dag.py took 0.144 seconds
[2025-12-06T04:29:46.437+0500] {processor.py:161} INFO - Started process (PID=83740) to work on /Users/symbat/airflow_local/.venv/lib/python3.11/site-packages/airflow/example_dags/tutorial_dag.py
[2025-12-06T04:29:46.438+0500] {processor.py:830} INFO - Processing file /Users/symbat/airflow_local/.venv/lib/python3.11/site-packages/airflow/example_dags/tutorial_dag.py for tasks to queue
[2025-12-06T04:29:46.439+0500] {logging_mixin.py:188} INFO - [2025-12-06T04:29:46.438+0500] {dagbag.py:545} INFO - Filling up the DagBag from /Users/symbat/airflow_local/.venv/lib/python3.11/site-packages/airflow/example_dags/tutorial_dag.py
[2025-12-06T04:29:46.454+0500] {processor.py:840} INFO - DAG(s) 'tutorial_dag' retrieved from /Users/symbat/airflow_local/.venv/lib/python3.11/site-packages/airflow/example_dags/tutorial_dag.py
[2025-12-06T04:29:46.515+0500] {logging_mixin.py:188} INFO - [2025-12-06T04:29:46.515+0500] {dag.py:3089} INFO - Sync 1 DAGs
[2025-12-06T04:29:46.519+0500] {logging_mixin.py:188} INFO - [2025-12-06T04:29:46.519+0500] {dag.py:3947} INFO - Setting next_dagrun for tutorial_dag to None, run_after=None
[2025-12-06T04:29:46.527+0500] {processor.py:183} INFO - Processing /Users/symbat/airflow_local/.venv/lib/python3.11/site-packages/airflow/example_dags/tutorial_dag.py took 0.092 seconds
[2025-12-06T04:31:42.071+0500] {processor.py:161} INFO - Started process (PID=83919) to work on /Users/symbat/airflow_local/.venv/lib/python3.11/site-packages/airflow/example_dags/tutorial_dag.py
[2025-12-06T04:31:42.072+0500] {processor.py:830} INFO - Processing file /Users/symbat/airflow_local/.venv/lib/python3.11/site-packages/airflow/example_dags/tutorial_dag.py for tasks to queue
[2025-12-06T04:31:42.072+0500] {logging_mixin.py:188} INFO - [2025-12-06T04:31:42.072+0500] {dagbag.py:545} INFO - Filling up the DagBag from /Users/symbat/airflow_local/.venv/lib/python3.11/site-packages/airflow/example_dags/tutorial_dag.py
[2025-12-06T04:31:42.087+0500] {processor.py:840} INFO - DAG(s) 'tutorial_dag' retrieved from /Users/symbat/airflow_local/.venv/lib/python3.11/site-packages/airflow/example_dags/tutorial_dag.py
[2025-12-06T04:31:42.128+0500] {logging_mixin.py:188} INFO - [2025-12-06T04:31:42.127+0500] {dag.py:3089} INFO - Sync 1 DAGs
[2025-12-06T04:31:42.132+0500] {logging_mixin.py:188} INFO - [2025-12-06T04:31:42.131+0500] {dag.py:3947} INFO - Setting next_dagrun for tutorial_dag to None, run_after=None
[2025-12-06T04:31:42.140+0500] {processor.py:183} INFO - Processing /Users/symbat/airflow_local/.venv/lib/python3.11/site-packages/airflow/example_dags/tutorial_dag.py took 0.070 seconds
[2025-12-06T04:33:34.437+0500] {processor.py:161} INFO - Started process (PID=84131) to work on /Users/symbat/airflow_local/.venv/lib/python3.11/site-packages/airflow/example_dags/tutorial_dag.py
[2025-12-06T04:33:34.437+0500] {processor.py:830} INFO - Processing file /Users/symbat/airflow_local/.venv/lib/python3.11/site-packages/airflow/example_dags/tutorial_dag.py for tasks to queue
[2025-12-06T04:33:34.438+0500] {logging_mixin.py:188} INFO - [2025-12-06T04:33:34.438+0500] {dagbag.py:545} INFO - Filling up the DagBag from /Users/symbat/airflow_local/.venv/lib/python3.11/site-packages/airflow/example_dags/tutorial_dag.py
[2025-12-06T04:33:34.449+0500] {processor.py:840} INFO - DAG(s) 'tutorial_dag' retrieved from /Users/symbat/airflow_local/.venv/lib/python3.11/site-packages/airflow/example_dags/tutorial_dag.py
[2025-12-06T04:33:34.491+0500] {logging_mixin.py:188} INFO - [2025-12-06T04:33:34.491+0500] {dag.py:3089} INFO - Sync 1 DAGs
[2025-12-06T04:33:34.495+0500] {logging_mixin.py:188} INFO - [2025-12-06T04:33:34.495+0500] {dag.py:3947} INFO - Setting next_dagrun for tutorial_dag to None, run_after=None
[2025-12-06T04:33:34.503+0500] {processor.py:183} INFO - Processing /Users/symbat/airflow_local/.venv/lib/python3.11/site-packages/airflow/example_dags/tutorial_dag.py took 0.069 seconds
[2025-12-06T04:35:27.364+0500] {processor.py:161} INFO - Started process (PID=84299) to work on /Users/symbat/airflow_local/.venv/lib/python3.11/site-packages/airflow/example_dags/tutorial_dag.py
[2025-12-06T04:35:27.366+0500] {processor.py:830} INFO - Processing file /Users/symbat/airflow_local/.venv/lib/python3.11/site-packages/airflow/example_dags/tutorial_dag.py for tasks to queue
[2025-12-06T04:35:27.367+0500] {logging_mixin.py:188} INFO - [2025-12-06T04:35:27.367+0500] {dagbag.py:545} INFO - Filling up the DagBag from /Users/symbat/airflow_local/.venv/lib/python3.11/site-packages/airflow/example_dags/tutorial_dag.py
[2025-12-06T04:35:27.388+0500] {processor.py:840} INFO - DAG(s) 'tutorial_dag' retrieved from /Users/symbat/airflow_local/.venv/lib/python3.11/site-packages/airflow/example_dags/tutorial_dag.py
[2025-12-06T04:35:27.505+0500] {logging_mixin.py:188} INFO - [2025-12-06T04:35:27.505+0500] {dag.py:3089} INFO - Sync 1 DAGs
[2025-12-06T04:35:27.519+0500] {logging_mixin.py:188} INFO - [2025-12-06T04:35:27.518+0500] {dag.py:3947} INFO - Setting next_dagrun for tutorial_dag to None, run_after=None
[2025-12-06T04:35:27.536+0500] {processor.py:183} INFO - Processing /Users/symbat/airflow_local/.venv/lib/python3.11/site-packages/airflow/example_dags/tutorial_dag.py took 0.176 seconds
[2025-12-06T04:37:34.362+0500] {processor.py:161} INFO - Started process (PID=84473) to work on /Users/symbat/airflow_local/.venv/lib/python3.11/site-packages/airflow/example_dags/tutorial_dag.py
[2025-12-06T04:37:34.363+0500] {processor.py:830} INFO - Processing file /Users/symbat/airflow_local/.venv/lib/python3.11/site-packages/airflow/example_dags/tutorial_dag.py for tasks to queue
[2025-12-06T04:37:34.363+0500] {logging_mixin.py:188} INFO - [2025-12-06T04:37:34.363+0500] {dagbag.py:545} INFO - Filling up the DagBag from /Users/symbat/airflow_local/.venv/lib/python3.11/site-packages/airflow/example_dags/tutorial_dag.py
[2025-12-06T04:37:34.376+0500] {processor.py:840} INFO - DAG(s) 'tutorial_dag' retrieved from /Users/symbat/airflow_local/.venv/lib/python3.11/site-packages/airflow/example_dags/tutorial_dag.py
[2025-12-06T04:37:34.423+0500] {logging_mixin.py:188} INFO - [2025-12-06T04:37:34.422+0500] {dag.py:3089} INFO - Sync 1 DAGs
[2025-12-06T04:37:34.427+0500] {logging_mixin.py:188} INFO - [2025-12-06T04:37:34.427+0500] {dag.py:3947} INFO - Setting next_dagrun for tutorial_dag to None, run_after=None
[2025-12-06T04:37:34.436+0500] {processor.py:183} INFO - Processing /Users/symbat/airflow_local/.venv/lib/python3.11/site-packages/airflow/example_dags/tutorial_dag.py took 0.076 seconds
