[2025-12-06T03:55:14.957+0500] {processor.py:161} INFO - Started process (PID=79496) to work on /Users/symbat/airflow_local/.venv/lib/python3.11/site-packages/airflow/example_dags/tutorial_objectstorage.py
[2025-12-06T03:55:14.958+0500] {processor.py:830} INFO - Processing file /Users/symbat/airflow_local/.venv/lib/python3.11/site-packages/airflow/example_dags/tutorial_objectstorage.py for tasks to queue
[2025-12-06T03:55:14.960+0500] {logging_mixin.py:188} INFO - [2025-12-06T03:55:14.960+0500] {dagbag.py:545} INFO - Filling up the DagBag from /Users/symbat/airflow_local/.venv/lib/python3.11/site-packages/airflow/example_dags/tutorial_objectstorage.py
[2025-12-06T03:55:15.044+0500] {processor.py:840} INFO - DAG(s) 'tutorial_objectstorage' retrieved from /Users/symbat/airflow_local/.venv/lib/python3.11/site-packages/airflow/example_dags/tutorial_objectstorage.py
[2025-12-06T03:55:15.258+0500] {logging_mixin.py:188} INFO - [2025-12-06T03:55:15.258+0500] {override.py:1930} INFO - Created Permission View: can delete on DAG:tutorial_objectstorage
[2025-12-06T03:55:15.263+0500] {logging_mixin.py:188} INFO - [2025-12-06T03:55:15.263+0500] {override.py:1930} INFO - Created Permission View: can read on DAG:tutorial_objectstorage
[2025-12-06T03:55:15.266+0500] {logging_mixin.py:188} INFO - [2025-12-06T03:55:15.266+0500] {override.py:1930} INFO - Created Permission View: can edit on DAG:tutorial_objectstorage
[2025-12-06T03:55:15.266+0500] {logging_mixin.py:188} INFO - [2025-12-06T03:55:15.266+0500] {dag.py:3089} INFO - Sync 1 DAGs
[2025-12-06T03:55:15.273+0500] {logging_mixin.py:188} INFO - [2025-12-06T03:55:15.273+0500] {dag.py:3111} INFO - Creating ORM DAG for tutorial_objectstorage
[2025-12-06T03:55:15.273+0500] {logging_mixin.py:188} INFO - [2025-12-06T03:55:15.273+0500] {dag.py:3947} INFO - Setting next_dagrun for tutorial_objectstorage to None, run_after=None
[2025-12-06T03:55:15.286+0500] {processor.py:183} INFO - Processing /Users/symbat/airflow_local/.venv/lib/python3.11/site-packages/airflow/example_dags/tutorial_objectstorage.py took 0.336 seconds
[2025-12-06T03:57:17.321+0500] {processor.py:161} INFO - Started process (PID=79658) to work on /Users/symbat/airflow_local/.venv/lib/python3.11/site-packages/airflow/example_dags/tutorial_objectstorage.py
[2025-12-06T03:57:17.322+0500] {processor.py:830} INFO - Processing file /Users/symbat/airflow_local/.venv/lib/python3.11/site-packages/airflow/example_dags/tutorial_objectstorage.py for tasks to queue
[2025-12-06T03:57:17.322+0500] {logging_mixin.py:188} INFO - [2025-12-06T03:57:17.322+0500] {dagbag.py:545} INFO - Filling up the DagBag from /Users/symbat/airflow_local/.venv/lib/python3.11/site-packages/airflow/example_dags/tutorial_objectstorage.py
[2025-12-06T03:57:17.390+0500] {processor.py:840} INFO - DAG(s) 'tutorial_objectstorage' retrieved from /Users/symbat/airflow_local/.venv/lib/python3.11/site-packages/airflow/example_dags/tutorial_objectstorage.py
[2025-12-06T03:57:17.438+0500] {logging_mixin.py:188} INFO - [2025-12-06T03:57:17.438+0500] {dag.py:3089} INFO - Sync 1 DAGs
[2025-12-06T03:57:17.443+0500] {logging_mixin.py:188} INFO - [2025-12-06T03:57:17.443+0500] {dag.py:3947} INFO - Setting next_dagrun for tutorial_objectstorage to None, run_after=None
[2025-12-06T03:57:17.453+0500] {processor.py:183} INFO - Processing /Users/symbat/airflow_local/.venv/lib/python3.11/site-packages/airflow/example_dags/tutorial_objectstorage.py took 0.134 seconds
[2025-12-06T03:58:43.434+0500] {processor.py:161} INFO - Started process (PID=79746) to work on /Users/symbat/airflow_local/.venv/lib/python3.11/site-packages/airflow/example_dags/tutorial_objectstorage.py
[2025-12-06T03:58:43.435+0500] {processor.py:830} INFO - Processing file /Users/symbat/airflow_local/.venv/lib/python3.11/site-packages/airflow/example_dags/tutorial_objectstorage.py for tasks to queue
[2025-12-06T03:58:43.436+0500] {logging_mixin.py:188} INFO - [2025-12-06T03:58:43.435+0500] {dagbag.py:545} INFO - Filling up the DagBag from /Users/symbat/airflow_local/.venv/lib/python3.11/site-packages/airflow/example_dags/tutorial_objectstorage.py
[2025-12-06T03:58:43.493+0500] {processor.py:840} INFO - DAG(s) 'tutorial_objectstorage' retrieved from /Users/symbat/airflow_local/.venv/lib/python3.11/site-packages/airflow/example_dags/tutorial_objectstorage.py
[2025-12-06T03:58:43.536+0500] {logging_mixin.py:188} INFO - [2025-12-06T03:58:43.536+0500] {dag.py:3089} INFO - Sync 1 DAGs
[2025-12-06T03:58:43.541+0500] {logging_mixin.py:188} INFO - [2025-12-06T03:58:43.541+0500] {dag.py:3947} INFO - Setting next_dagrun for tutorial_objectstorage to None, run_after=None
[2025-12-06T03:58:43.551+0500] {processor.py:183} INFO - Processing /Users/symbat/airflow_local/.venv/lib/python3.11/site-packages/airflow/example_dags/tutorial_objectstorage.py took 0.119 seconds
[2025-12-06T04:00:22.293+0500] {processor.py:161} INFO - Started process (PID=80330) to work on /Users/symbat/airflow_local/.venv/lib/python3.11/site-packages/airflow/example_dags/tutorial_objectstorage.py
[2025-12-06T04:00:22.294+0500] {processor.py:830} INFO - Processing file /Users/symbat/airflow_local/.venv/lib/python3.11/site-packages/airflow/example_dags/tutorial_objectstorage.py for tasks to queue
[2025-12-06T04:00:22.294+0500] {logging_mixin.py:188} INFO - [2025-12-06T04:00:22.294+0500] {dagbag.py:545} INFO - Filling up the DagBag from /Users/symbat/airflow_local/.venv/lib/python3.11/site-packages/airflow/example_dags/tutorial_objectstorage.py
[2025-12-06T04:00:22.341+0500] {processor.py:840} INFO - DAG(s) 'tutorial_objectstorage' retrieved from /Users/symbat/airflow_local/.venv/lib/python3.11/site-packages/airflow/example_dags/tutorial_objectstorage.py
[2025-12-06T04:00:22.387+0500] {logging_mixin.py:188} INFO - [2025-12-06T04:00:22.386+0500] {dag.py:3089} INFO - Sync 1 DAGs
[2025-12-06T04:00:22.395+0500] {logging_mixin.py:188} INFO - [2025-12-06T04:00:22.394+0500] {dag.py:3947} INFO - Setting next_dagrun for tutorial_objectstorage to None, run_after=None
[2025-12-06T04:00:22.410+0500] {processor.py:183} INFO - Processing /Users/symbat/airflow_local/.venv/lib/python3.11/site-packages/airflow/example_dags/tutorial_objectstorage.py took 0.120 seconds
[2025-12-06T04:01:58.629+0500] {processor.py:161} INFO - Started process (PID=80613) to work on /Users/symbat/airflow_local/.venv/lib/python3.11/site-packages/airflow/example_dags/tutorial_objectstorage.py
[2025-12-06T04:01:58.630+0500] {processor.py:830} INFO - Processing file /Users/symbat/airflow_local/.venv/lib/python3.11/site-packages/airflow/example_dags/tutorial_objectstorage.py for tasks to queue
[2025-12-06T04:01:58.630+0500] {logging_mixin.py:188} INFO - [2025-12-06T04:01:58.630+0500] {dagbag.py:545} INFO - Filling up the DagBag from /Users/symbat/airflow_local/.venv/lib/python3.11/site-packages/airflow/example_dags/tutorial_objectstorage.py
[2025-12-06T04:01:58.683+0500] {processor.py:840} INFO - DAG(s) 'tutorial_objectstorage' retrieved from /Users/symbat/airflow_local/.venv/lib/python3.11/site-packages/airflow/example_dags/tutorial_objectstorage.py
[2025-12-06T04:01:58.731+0500] {logging_mixin.py:188} INFO - [2025-12-06T04:01:58.731+0500] {dag.py:3089} INFO - Sync 1 DAGs
[2025-12-06T04:01:58.736+0500] {logging_mixin.py:188} INFO - [2025-12-06T04:01:58.736+0500] {dag.py:3947} INFO - Setting next_dagrun for tutorial_objectstorage to None, run_after=None
[2025-12-06T04:01:58.747+0500] {processor.py:183} INFO - Processing /Users/symbat/airflow_local/.venv/lib/python3.11/site-packages/airflow/example_dags/tutorial_objectstorage.py took 0.120 seconds
[2025-12-06T04:03:40.977+0500] {processor.py:161} INFO - Started process (PID=80954) to work on /Users/symbat/airflow_local/.venv/lib/python3.11/site-packages/airflow/example_dags/tutorial_objectstorage.py
[2025-12-06T04:03:40.978+0500] {processor.py:830} INFO - Processing file /Users/symbat/airflow_local/.venv/lib/python3.11/site-packages/airflow/example_dags/tutorial_objectstorage.py for tasks to queue
[2025-12-06T04:03:40.979+0500] {logging_mixin.py:188} INFO - [2025-12-06T04:03:40.978+0500] {dagbag.py:545} INFO - Filling up the DagBag from /Users/symbat/airflow_local/.venv/lib/python3.11/site-packages/airflow/example_dags/tutorial_objectstorage.py
[2025-12-06T04:03:41.047+0500] {processor.py:840} INFO - DAG(s) 'tutorial_objectstorage' retrieved from /Users/symbat/airflow_local/.venv/lib/python3.11/site-packages/airflow/example_dags/tutorial_objectstorage.py
[2025-12-06T04:03:41.104+0500] {logging_mixin.py:188} INFO - [2025-12-06T04:03:41.104+0500] {dag.py:3089} INFO - Sync 1 DAGs
[2025-12-06T04:03:41.109+0500] {logging_mixin.py:188} INFO - [2025-12-06T04:03:41.109+0500] {dag.py:3947} INFO - Setting next_dagrun for tutorial_objectstorage to None, run_after=None
[2025-12-06T04:03:41.120+0500] {processor.py:183} INFO - Processing /Users/symbat/airflow_local/.venv/lib/python3.11/site-packages/airflow/example_dags/tutorial_objectstorage.py took 0.145 seconds
[2025-12-06T04:05:26.668+0500] {processor.py:161} INFO - Started process (PID=81382) to work on /Users/symbat/airflow_local/.venv/lib/python3.11/site-packages/airflow/example_dags/tutorial_objectstorage.py
[2025-12-06T04:05:26.671+0500] {processor.py:830} INFO - Processing file /Users/symbat/airflow_local/.venv/lib/python3.11/site-packages/airflow/example_dags/tutorial_objectstorage.py for tasks to queue
[2025-12-06T04:05:26.672+0500] {logging_mixin.py:188} INFO - [2025-12-06T04:05:26.672+0500] {dagbag.py:545} INFO - Filling up the DagBag from /Users/symbat/airflow_local/.venv/lib/python3.11/site-packages/airflow/example_dags/tutorial_objectstorage.py
[2025-12-06T04:05:26.732+0500] {processor.py:840} INFO - DAG(s) 'tutorial_objectstorage' retrieved from /Users/symbat/airflow_local/.venv/lib/python3.11/site-packages/airflow/example_dags/tutorial_objectstorage.py
[2025-12-06T04:05:26.792+0500] {logging_mixin.py:188} INFO - [2025-12-06T04:05:26.792+0500] {dag.py:3089} INFO - Sync 1 DAGs
[2025-12-06T04:05:26.797+0500] {logging_mixin.py:188} INFO - [2025-12-06T04:05:26.797+0500] {dag.py:3947} INFO - Setting next_dagrun for tutorial_objectstorage to None, run_after=None
[2025-12-06T04:05:26.807+0500] {processor.py:183} INFO - Processing /Users/symbat/airflow_local/.venv/lib/python3.11/site-packages/airflow/example_dags/tutorial_objectstorage.py took 0.143 seconds
[2025-12-06T04:07:07.448+0500] {processor.py:161} INFO - Started process (PID=81519) to work on /Users/symbat/airflow_local/.venv/lib/python3.11/site-packages/airflow/example_dags/tutorial_objectstorage.py
[2025-12-06T04:07:07.451+0500] {processor.py:830} INFO - Processing file /Users/symbat/airflow_local/.venv/lib/python3.11/site-packages/airflow/example_dags/tutorial_objectstorage.py for tasks to queue
[2025-12-06T04:07:07.451+0500] {logging_mixin.py:188} INFO - [2025-12-06T04:07:07.451+0500] {dagbag.py:545} INFO - Filling up the DagBag from /Users/symbat/airflow_local/.venv/lib/python3.11/site-packages/airflow/example_dags/tutorial_objectstorage.py
[2025-12-06T04:07:07.514+0500] {processor.py:840} INFO - DAG(s) 'tutorial_objectstorage' retrieved from /Users/symbat/airflow_local/.venv/lib/python3.11/site-packages/airflow/example_dags/tutorial_objectstorage.py
[2025-12-06T04:07:07.566+0500] {logging_mixin.py:188} INFO - [2025-12-06T04:07:07.566+0500] {dag.py:3089} INFO - Sync 1 DAGs
[2025-12-06T04:07:07.571+0500] {logging_mixin.py:188} INFO - [2025-12-06T04:07:07.571+0500] {dag.py:3947} INFO - Setting next_dagrun for tutorial_objectstorage to None, run_after=None
[2025-12-06T04:07:07.585+0500] {processor.py:183} INFO - Processing /Users/symbat/airflow_local/.venv/lib/python3.11/site-packages/airflow/example_dags/tutorial_objectstorage.py took 0.139 seconds
[2025-12-06T04:08:49.923+0500] {processor.py:161} INFO - Started process (PID=81642) to work on /Users/symbat/airflow_local/.venv/lib/python3.11/site-packages/airflow/example_dags/tutorial_objectstorage.py
[2025-12-06T04:08:49.927+0500] {processor.py:830} INFO - Processing file /Users/symbat/airflow_local/.venv/lib/python3.11/site-packages/airflow/example_dags/tutorial_objectstorage.py for tasks to queue
[2025-12-06T04:08:49.928+0500] {logging_mixin.py:188} INFO - [2025-12-06T04:08:49.927+0500] {dagbag.py:545} INFO - Filling up the DagBag from /Users/symbat/airflow_local/.venv/lib/python3.11/site-packages/airflow/example_dags/tutorial_objectstorage.py
[2025-12-06T04:08:49.988+0500] {processor.py:840} INFO - DAG(s) 'tutorial_objectstorage' retrieved from /Users/symbat/airflow_local/.venv/lib/python3.11/site-packages/airflow/example_dags/tutorial_objectstorage.py
[2025-12-06T04:08:50.039+0500] {logging_mixin.py:188} INFO - [2025-12-06T04:08:50.039+0500] {dag.py:3089} INFO - Sync 1 DAGs
[2025-12-06T04:08:50.044+0500] {logging_mixin.py:188} INFO - [2025-12-06T04:08:50.044+0500] {dag.py:3947} INFO - Setting next_dagrun for tutorial_objectstorage to None, run_after=None
[2025-12-06T04:08:50.054+0500] {processor.py:183} INFO - Processing /Users/symbat/airflow_local/.venv/lib/python3.11/site-packages/airflow/example_dags/tutorial_objectstorage.py took 0.133 seconds
[2025-12-06T04:10:32.737+0500] {processor.py:161} INFO - Started process (PID=81767) to work on /Users/symbat/airflow_local/.venv/lib/python3.11/site-packages/airflow/example_dags/tutorial_objectstorage.py
[2025-12-06T04:10:32.741+0500] {processor.py:830} INFO - Processing file /Users/symbat/airflow_local/.venv/lib/python3.11/site-packages/airflow/example_dags/tutorial_objectstorage.py for tasks to queue
[2025-12-06T04:10:32.741+0500] {logging_mixin.py:188} INFO - [2025-12-06T04:10:32.741+0500] {dagbag.py:545} INFO - Filling up the DagBag from /Users/symbat/airflow_local/.venv/lib/python3.11/site-packages/airflow/example_dags/tutorial_objectstorage.py
[2025-12-06T04:10:32.796+0500] {processor.py:840} INFO - DAG(s) 'tutorial_objectstorage' retrieved from /Users/symbat/airflow_local/.venv/lib/python3.11/site-packages/airflow/example_dags/tutorial_objectstorage.py
[2025-12-06T04:10:32.844+0500] {logging_mixin.py:188} INFO - [2025-12-06T04:10:32.844+0500] {dag.py:3089} INFO - Sync 1 DAGs
[2025-12-06T04:10:32.849+0500] {logging_mixin.py:188} INFO - [2025-12-06T04:10:32.848+0500] {dag.py:3947} INFO - Setting next_dagrun for tutorial_objectstorage to None, run_after=None
[2025-12-06T04:10:32.859+0500] {processor.py:183} INFO - Processing /Users/symbat/airflow_local/.venv/lib/python3.11/site-packages/airflow/example_dags/tutorial_objectstorage.py took 0.125 seconds
[2025-12-06T04:12:10.942+0500] {processor.py:161} INFO - Started process (PID=81893) to work on /Users/symbat/airflow_local/.venv/lib/python3.11/site-packages/airflow/example_dags/tutorial_objectstorage.py
[2025-12-06T04:12:10.944+0500] {processor.py:830} INFO - Processing file /Users/symbat/airflow_local/.venv/lib/python3.11/site-packages/airflow/example_dags/tutorial_objectstorage.py for tasks to queue
[2025-12-06T04:12:10.945+0500] {logging_mixin.py:188} INFO - [2025-12-06T04:12:10.944+0500] {dagbag.py:545} INFO - Filling up the DagBag from /Users/symbat/airflow_local/.venv/lib/python3.11/site-packages/airflow/example_dags/tutorial_objectstorage.py
[2025-12-06T04:12:11.032+0500] {processor.py:840} INFO - DAG(s) 'tutorial_objectstorage' retrieved from /Users/symbat/airflow_local/.venv/lib/python3.11/site-packages/airflow/example_dags/tutorial_objectstorage.py
[2025-12-06T04:12:11.118+0500] {logging_mixin.py:188} INFO - [2025-12-06T04:12:11.118+0500] {dag.py:3089} INFO - Sync 1 DAGs
[2025-12-06T04:12:11.126+0500] {logging_mixin.py:188} INFO - [2025-12-06T04:12:11.126+0500] {dag.py:3947} INFO - Setting next_dagrun for tutorial_objectstorage to None, run_after=None
[2025-12-06T04:12:11.139+0500] {processor.py:183} INFO - Processing /Users/symbat/airflow_local/.venv/lib/python3.11/site-packages/airflow/example_dags/tutorial_objectstorage.py took 0.200 seconds
[2025-12-06T04:13:54.407+0500] {processor.py:161} INFO - Started process (PID=82066) to work on /Users/symbat/airflow_local/.venv/lib/python3.11/site-packages/airflow/example_dags/tutorial_objectstorage.py
[2025-12-06T04:13:54.409+0500] {processor.py:830} INFO - Processing file /Users/symbat/airflow_local/.venv/lib/python3.11/site-packages/airflow/example_dags/tutorial_objectstorage.py for tasks to queue
[2025-12-06T04:13:54.409+0500] {logging_mixin.py:188} INFO - [2025-12-06T04:13:54.409+0500] {dagbag.py:545} INFO - Filling up the DagBag from /Users/symbat/airflow_local/.venv/lib/python3.11/site-packages/airflow/example_dags/tutorial_objectstorage.py
[2025-12-06T04:13:54.460+0500] {processor.py:840} INFO - DAG(s) 'tutorial_objectstorage' retrieved from /Users/symbat/airflow_local/.venv/lib/python3.11/site-packages/airflow/example_dags/tutorial_objectstorage.py
[2025-12-06T04:13:54.514+0500] {logging_mixin.py:188} INFO - [2025-12-06T04:13:54.514+0500] {dag.py:3089} INFO - Sync 1 DAGs
[2025-12-06T04:13:54.519+0500] {logging_mixin.py:188} INFO - [2025-12-06T04:13:54.519+0500] {dag.py:3947} INFO - Setting next_dagrun for tutorial_objectstorage to None, run_after=None
[2025-12-06T04:13:54.532+0500] {processor.py:183} INFO - Processing /Users/symbat/airflow_local/.venv/lib/python3.11/site-packages/airflow/example_dags/tutorial_objectstorage.py took 0.128 seconds
[2025-12-06T04:15:32.619+0500] {processor.py:161} INFO - Started process (PID=82195) to work on /Users/symbat/airflow_local/.venv/lib/python3.11/site-packages/airflow/example_dags/tutorial_objectstorage.py
[2025-12-06T04:15:32.620+0500] {processor.py:830} INFO - Processing file /Users/symbat/airflow_local/.venv/lib/python3.11/site-packages/airflow/example_dags/tutorial_objectstorage.py for tasks to queue
[2025-12-06T04:15:32.620+0500] {logging_mixin.py:188} INFO - [2025-12-06T04:15:32.620+0500] {dagbag.py:545} INFO - Filling up the DagBag from /Users/symbat/airflow_local/.venv/lib/python3.11/site-packages/airflow/example_dags/tutorial_objectstorage.py
[2025-12-06T04:15:32.674+0500] {processor.py:840} INFO - DAG(s) 'tutorial_objectstorage' retrieved from /Users/symbat/airflow_local/.venv/lib/python3.11/site-packages/airflow/example_dags/tutorial_objectstorage.py
[2025-12-06T04:15:32.725+0500] {logging_mixin.py:188} INFO - [2025-12-06T04:15:32.725+0500] {dag.py:3089} INFO - Sync 1 DAGs
[2025-12-06T04:15:32.730+0500] {logging_mixin.py:188} INFO - [2025-12-06T04:15:32.729+0500] {dag.py:3947} INFO - Setting next_dagrun for tutorial_objectstorage to None, run_after=None
[2025-12-06T04:15:32.739+0500] {processor.py:183} INFO - Processing /Users/symbat/airflow_local/.venv/lib/python3.11/site-packages/airflow/example_dags/tutorial_objectstorage.py took 0.123 seconds
[2025-12-06T04:17:07.293+0500] {processor.py:161} INFO - Started process (PID=82302) to work on /Users/symbat/airflow_local/.venv/lib/python3.11/site-packages/airflow/example_dags/tutorial_objectstorage.py
[2025-12-06T04:17:07.294+0500] {processor.py:830} INFO - Processing file /Users/symbat/airflow_local/.venv/lib/python3.11/site-packages/airflow/example_dags/tutorial_objectstorage.py for tasks to queue
[2025-12-06T04:17:07.294+0500] {logging_mixin.py:188} INFO - [2025-12-06T04:17:07.294+0500] {dagbag.py:545} INFO - Filling up the DagBag from /Users/symbat/airflow_local/.venv/lib/python3.11/site-packages/airflow/example_dags/tutorial_objectstorage.py
[2025-12-06T04:17:07.351+0500] {processor.py:840} INFO - DAG(s) 'tutorial_objectstorage' retrieved from /Users/symbat/airflow_local/.venv/lib/python3.11/site-packages/airflow/example_dags/tutorial_objectstorage.py
[2025-12-06T04:17:07.405+0500] {logging_mixin.py:188} INFO - [2025-12-06T04:17:07.405+0500] {dag.py:3089} INFO - Sync 1 DAGs
[2025-12-06T04:17:07.411+0500] {logging_mixin.py:188} INFO - [2025-12-06T04:17:07.411+0500] {dag.py:3947} INFO - Setting next_dagrun for tutorial_objectstorage to None, run_after=None
[2025-12-06T04:17:07.423+0500] {processor.py:183} INFO - Processing /Users/symbat/airflow_local/.venv/lib/python3.11/site-packages/airflow/example_dags/tutorial_objectstorage.py took 0.133 seconds
[2025-12-06T04:18:40.729+0500] {processor.py:161} INFO - Started process (PID=82410) to work on /Users/symbat/airflow_local/.venv/lib/python3.11/site-packages/airflow/example_dags/tutorial_objectstorage.py
[2025-12-06T04:18:40.731+0500] {processor.py:830} INFO - Processing file /Users/symbat/airflow_local/.venv/lib/python3.11/site-packages/airflow/example_dags/tutorial_objectstorage.py for tasks to queue
[2025-12-06T04:18:40.732+0500] {logging_mixin.py:188} INFO - [2025-12-06T04:18:40.732+0500] {dagbag.py:545} INFO - Filling up the DagBag from /Users/symbat/airflow_local/.venv/lib/python3.11/site-packages/airflow/example_dags/tutorial_objectstorage.py
[2025-12-06T04:18:40.874+0500] {processor.py:840} INFO - DAG(s) 'tutorial_objectstorage' retrieved from /Users/symbat/airflow_local/.venv/lib/python3.11/site-packages/airflow/example_dags/tutorial_objectstorage.py
[2025-12-06T04:18:40.950+0500] {logging_mixin.py:188} INFO - [2025-12-06T04:18:40.949+0500] {dag.py:3089} INFO - Sync 1 DAGs
[2025-12-06T04:18:40.957+0500] {logging_mixin.py:188} INFO - [2025-12-06T04:18:40.956+0500] {dag.py:3947} INFO - Setting next_dagrun for tutorial_objectstorage to None, run_after=None
[2025-12-06T04:18:40.976+0500] {processor.py:183} INFO - Processing /Users/symbat/airflow_local/.venv/lib/python3.11/site-packages/airflow/example_dags/tutorial_objectstorage.py took 0.251 seconds
[2025-12-06T04:20:15.484+0500] {processor.py:161} INFO - Started process (PID=82503) to work on /Users/symbat/airflow_local/.venv/lib/python3.11/site-packages/airflow/example_dags/tutorial_objectstorage.py
[2025-12-06T04:20:15.486+0500] {processor.py:830} INFO - Processing file /Users/symbat/airflow_local/.venv/lib/python3.11/site-packages/airflow/example_dags/tutorial_objectstorage.py for tasks to queue
[2025-12-06T04:20:15.487+0500] {logging_mixin.py:188} INFO - [2025-12-06T04:20:15.486+0500] {dagbag.py:545} INFO - Filling up the DagBag from /Users/symbat/airflow_local/.venv/lib/python3.11/site-packages/airflow/example_dags/tutorial_objectstorage.py
[2025-12-06T04:20:15.538+0500] {processor.py:840} INFO - DAG(s) 'tutorial_objectstorage' retrieved from /Users/symbat/airflow_local/.venv/lib/python3.11/site-packages/airflow/example_dags/tutorial_objectstorage.py
[2025-12-06T04:20:15.584+0500] {logging_mixin.py:188} INFO - [2025-12-06T04:20:15.584+0500] {dag.py:3089} INFO - Sync 1 DAGs
[2025-12-06T04:20:15.588+0500] {logging_mixin.py:188} INFO - [2025-12-06T04:20:15.588+0500] {dag.py:3947} INFO - Setting next_dagrun for tutorial_objectstorage to None, run_after=None
[2025-12-06T04:20:15.604+0500] {processor.py:183} INFO - Processing /Users/symbat/airflow_local/.venv/lib/python3.11/site-packages/airflow/example_dags/tutorial_objectstorage.py took 0.122 seconds
[2025-12-06T04:21:42.964+0500] {processor.py:161} INFO - Started process (PID=82601) to work on /Users/symbat/airflow_local/.venv/lib/python3.11/site-packages/airflow/example_dags/tutorial_objectstorage.py
[2025-12-06T04:21:42.965+0500] {processor.py:830} INFO - Processing file /Users/symbat/airflow_local/.venv/lib/python3.11/site-packages/airflow/example_dags/tutorial_objectstorage.py for tasks to queue
[2025-12-06T04:21:42.965+0500] {logging_mixin.py:188} INFO - [2025-12-06T04:21:42.965+0500] {dagbag.py:545} INFO - Filling up the DagBag from /Users/symbat/airflow_local/.venv/lib/python3.11/site-packages/airflow/example_dags/tutorial_objectstorage.py
[2025-12-06T04:21:43.029+0500] {processor.py:840} INFO - DAG(s) 'tutorial_objectstorage' retrieved from /Users/symbat/airflow_local/.venv/lib/python3.11/site-packages/airflow/example_dags/tutorial_objectstorage.py
[2025-12-06T04:21:43.095+0500] {logging_mixin.py:188} INFO - [2025-12-06T04:21:43.095+0500] {dag.py:3089} INFO - Sync 1 DAGs
[2025-12-06T04:21:43.099+0500] {logging_mixin.py:188} INFO - [2025-12-06T04:21:43.099+0500] {dag.py:3947} INFO - Setting next_dagrun for tutorial_objectstorage to None, run_after=None
[2025-12-06T04:21:43.108+0500] {processor.py:183} INFO - Processing /Users/symbat/airflow_local/.venv/lib/python3.11/site-packages/airflow/example_dags/tutorial_objectstorage.py took 0.147 seconds
[2025-12-06T04:23:04.906+0500] {processor.py:161} INFO - Started process (PID=82708) to work on /Users/symbat/airflow_local/.venv/lib/python3.11/site-packages/airflow/example_dags/tutorial_objectstorage.py
[2025-12-06T04:23:04.907+0500] {processor.py:830} INFO - Processing file /Users/symbat/airflow_local/.venv/lib/python3.11/site-packages/airflow/example_dags/tutorial_objectstorage.py for tasks to queue
[2025-12-06T04:23:04.907+0500] {logging_mixin.py:188} INFO - [2025-12-06T04:23:04.907+0500] {dagbag.py:545} INFO - Filling up the DagBag from /Users/symbat/airflow_local/.venv/lib/python3.11/site-packages/airflow/example_dags/tutorial_objectstorage.py
[2025-12-06T04:23:04.954+0500] {processor.py:840} INFO - DAG(s) 'tutorial_objectstorage' retrieved from /Users/symbat/airflow_local/.venv/lib/python3.11/site-packages/airflow/example_dags/tutorial_objectstorage.py
[2025-12-06T04:23:04.998+0500] {logging_mixin.py:188} INFO - [2025-12-06T04:23:04.998+0500] {dag.py:3089} INFO - Sync 1 DAGs
[2025-12-06T04:23:05.002+0500] {logging_mixin.py:188} INFO - [2025-12-06T04:23:05.002+0500] {dag.py:3947} INFO - Setting next_dagrun for tutorial_objectstorage to None, run_after=None
[2025-12-06T04:23:05.011+0500] {processor.py:183} INFO - Processing /Users/symbat/airflow_local/.venv/lib/python3.11/site-packages/airflow/example_dags/tutorial_objectstorage.py took 0.107 seconds
[2025-12-06T04:24:35.012+0500] {processor.py:161} INFO - Started process (PID=82803) to work on /Users/symbat/airflow_local/.venv/lib/python3.11/site-packages/airflow/example_dags/tutorial_objectstorage.py
[2025-12-06T04:24:35.013+0500] {processor.py:830} INFO - Processing file /Users/symbat/airflow_local/.venv/lib/python3.11/site-packages/airflow/example_dags/tutorial_objectstorage.py for tasks to queue
[2025-12-06T04:24:35.014+0500] {logging_mixin.py:188} INFO - [2025-12-06T04:24:35.014+0500] {dagbag.py:545} INFO - Filling up the DagBag from /Users/symbat/airflow_local/.venv/lib/python3.11/site-packages/airflow/example_dags/tutorial_objectstorage.py
[2025-12-06T04:24:35.073+0500] {processor.py:840} INFO - DAG(s) 'tutorial_objectstorage' retrieved from /Users/symbat/airflow_local/.venv/lib/python3.11/site-packages/airflow/example_dags/tutorial_objectstorage.py
[2025-12-06T04:24:35.136+0500] {logging_mixin.py:188} INFO - [2025-12-06T04:24:35.135+0500] {dag.py:3089} INFO - Sync 1 DAGs
[2025-12-06T04:24:35.140+0500] {logging_mixin.py:188} INFO - [2025-12-06T04:24:35.140+0500] {dag.py:3947} INFO - Setting next_dagrun for tutorial_objectstorage to None, run_after=None
[2025-12-06T04:24:35.151+0500] {processor.py:183} INFO - Processing /Users/symbat/airflow_local/.venv/lib/python3.11/site-packages/airflow/example_dags/tutorial_objectstorage.py took 0.141 seconds
[2025-12-06T04:26:14.547+0500] {processor.py:161} INFO - Started process (PID=83181) to work on /Users/symbat/airflow_local/.venv/lib/python3.11/site-packages/airflow/example_dags/tutorial_objectstorage.py
[2025-12-06T04:26:14.547+0500] {processor.py:830} INFO - Processing file /Users/symbat/airflow_local/.venv/lib/python3.11/site-packages/airflow/example_dags/tutorial_objectstorage.py for tasks to queue
[2025-12-06T04:26:14.548+0500] {logging_mixin.py:188} INFO - [2025-12-06T04:26:14.548+0500] {dagbag.py:545} INFO - Filling up the DagBag from /Users/symbat/airflow_local/.venv/lib/python3.11/site-packages/airflow/example_dags/tutorial_objectstorage.py
[2025-12-06T04:26:14.616+0500] {processor.py:840} INFO - DAG(s) 'tutorial_objectstorage' retrieved from /Users/symbat/airflow_local/.venv/lib/python3.11/site-packages/airflow/example_dags/tutorial_objectstorage.py
[2025-12-06T04:26:14.678+0500] {logging_mixin.py:188} INFO - [2025-12-06T04:26:14.678+0500] {dag.py:3089} INFO - Sync 1 DAGs
[2025-12-06T04:26:14.684+0500] {logging_mixin.py:188} INFO - [2025-12-06T04:26:14.683+0500] {dag.py:3947} INFO - Setting next_dagrun for tutorial_objectstorage to None, run_after=None
[2025-12-06T04:26:14.696+0500] {processor.py:183} INFO - Processing /Users/symbat/airflow_local/.venv/lib/python3.11/site-packages/airflow/example_dags/tutorial_objectstorage.py took 0.152 seconds
[2025-12-06T04:27:57.338+0500] {processor.py:161} INFO - Started process (PID=83501) to work on /Users/symbat/airflow_local/.venv/lib/python3.11/site-packages/airflow/example_dags/tutorial_objectstorage.py
[2025-12-06T04:27:57.339+0500] {processor.py:830} INFO - Processing file /Users/symbat/airflow_local/.venv/lib/python3.11/site-packages/airflow/example_dags/tutorial_objectstorage.py for tasks to queue
[2025-12-06T04:27:57.339+0500] {logging_mixin.py:188} INFO - [2025-12-06T04:27:57.339+0500] {dagbag.py:545} INFO - Filling up the DagBag from /Users/symbat/airflow_local/.venv/lib/python3.11/site-packages/airflow/example_dags/tutorial_objectstorage.py
[2025-12-06T04:27:57.386+0500] {processor.py:840} INFO - DAG(s) 'tutorial_objectstorage' retrieved from /Users/symbat/airflow_local/.venv/lib/python3.11/site-packages/airflow/example_dags/tutorial_objectstorage.py
[2025-12-06T04:27:57.426+0500] {logging_mixin.py:188} INFO - [2025-12-06T04:27:57.426+0500] {dag.py:3089} INFO - Sync 1 DAGs
[2025-12-06T04:27:57.430+0500] {logging_mixin.py:188} INFO - [2025-12-06T04:27:57.430+0500] {dag.py:3947} INFO - Setting next_dagrun for tutorial_objectstorage to None, run_after=None
[2025-12-06T04:27:57.439+0500] {processor.py:183} INFO - Processing /Users/symbat/airflow_local/.venv/lib/python3.11/site-packages/airflow/example_dags/tutorial_objectstorage.py took 0.103 seconds
[2025-12-06T04:29:44.258+0500] {processor.py:161} INFO - Started process (PID=83736) to work on /Users/symbat/airflow_local/.venv/lib/python3.11/site-packages/airflow/example_dags/tutorial_objectstorage.py
[2025-12-06T04:29:44.260+0500] {processor.py:830} INFO - Processing file /Users/symbat/airflow_local/.venv/lib/python3.11/site-packages/airflow/example_dags/tutorial_objectstorage.py for tasks to queue
[2025-12-06T04:29:44.260+0500] {logging_mixin.py:188} INFO - [2025-12-06T04:29:44.260+0500] {dagbag.py:545} INFO - Filling up the DagBag from /Users/symbat/airflow_local/.venv/lib/python3.11/site-packages/airflow/example_dags/tutorial_objectstorage.py
[2025-12-06T04:29:44.314+0500] {processor.py:840} INFO - DAG(s) 'tutorial_objectstorage' retrieved from /Users/symbat/airflow_local/.venv/lib/python3.11/site-packages/airflow/example_dags/tutorial_objectstorage.py
[2025-12-06T04:29:44.358+0500] {logging_mixin.py:188} INFO - [2025-12-06T04:29:44.358+0500] {dag.py:3089} INFO - Sync 1 DAGs
[2025-12-06T04:29:44.363+0500] {logging_mixin.py:188} INFO - [2025-12-06T04:29:44.363+0500] {dag.py:3947} INFO - Setting next_dagrun for tutorial_objectstorage to None, run_after=None
[2025-12-06T04:29:44.373+0500] {processor.py:183} INFO - Processing /Users/symbat/airflow_local/.venv/lib/python3.11/site-packages/airflow/example_dags/tutorial_objectstorage.py took 0.117 seconds
[2025-12-06T04:31:39.714+0500] {processor.py:161} INFO - Started process (PID=83917) to work on /Users/symbat/airflow_local/.venv/lib/python3.11/site-packages/airflow/example_dags/tutorial_objectstorage.py
[2025-12-06T04:31:39.715+0500] {processor.py:830} INFO - Processing file /Users/symbat/airflow_local/.venv/lib/python3.11/site-packages/airflow/example_dags/tutorial_objectstorage.py for tasks to queue
[2025-12-06T04:31:39.715+0500] {logging_mixin.py:188} INFO - [2025-12-06T04:31:39.715+0500] {dagbag.py:545} INFO - Filling up the DagBag from /Users/symbat/airflow_local/.venv/lib/python3.11/site-packages/airflow/example_dags/tutorial_objectstorage.py
[2025-12-06T04:31:39.756+0500] {processor.py:840} INFO - DAG(s) 'tutorial_objectstorage' retrieved from /Users/symbat/airflow_local/.venv/lib/python3.11/site-packages/airflow/example_dags/tutorial_objectstorage.py
[2025-12-06T04:31:39.803+0500] {logging_mixin.py:188} INFO - [2025-12-06T04:31:39.803+0500] {dag.py:3089} INFO - Sync 1 DAGs
[2025-12-06T04:31:39.808+0500] {logging_mixin.py:188} INFO - [2025-12-06T04:31:39.808+0500] {dag.py:3947} INFO - Setting next_dagrun for tutorial_objectstorage to None, run_after=None
[2025-12-06T04:31:39.818+0500] {processor.py:183} INFO - Processing /Users/symbat/airflow_local/.venv/lib/python3.11/site-packages/airflow/example_dags/tutorial_objectstorage.py took 0.105 seconds
[2025-12-06T04:33:32.742+0500] {processor.py:161} INFO - Started process (PID=84129) to work on /Users/symbat/airflow_local/.venv/lib/python3.11/site-packages/airflow/example_dags/tutorial_objectstorage.py
[2025-12-06T04:33:32.742+0500] {processor.py:830} INFO - Processing file /Users/symbat/airflow_local/.venv/lib/python3.11/site-packages/airflow/example_dags/tutorial_objectstorage.py for tasks to queue
[2025-12-06T04:33:32.743+0500] {logging_mixin.py:188} INFO - [2025-12-06T04:33:32.743+0500] {dagbag.py:545} INFO - Filling up the DagBag from /Users/symbat/airflow_local/.venv/lib/python3.11/site-packages/airflow/example_dags/tutorial_objectstorage.py
[2025-12-06T04:33:32.785+0500] {processor.py:840} INFO - DAG(s) 'tutorial_objectstorage' retrieved from /Users/symbat/airflow_local/.venv/lib/python3.11/site-packages/airflow/example_dags/tutorial_objectstorage.py
[2025-12-06T04:33:32.832+0500] {logging_mixin.py:188} INFO - [2025-12-06T04:33:32.832+0500] {dag.py:3089} INFO - Sync 1 DAGs
[2025-12-06T04:33:32.836+0500] {logging_mixin.py:188} INFO - [2025-12-06T04:33:32.836+0500] {dag.py:3947} INFO - Setting next_dagrun for tutorial_objectstorage to None, run_after=None
[2025-12-06T04:33:32.844+0500] {processor.py:183} INFO - Processing /Users/symbat/airflow_local/.venv/lib/python3.11/site-packages/airflow/example_dags/tutorial_objectstorage.py took 0.105 seconds
[2025-12-06T04:35:23.902+0500] {processor.py:161} INFO - Started process (PID=84294) to work on /Users/symbat/airflow_local/.venv/lib/python3.11/site-packages/airflow/example_dags/tutorial_objectstorage.py
[2025-12-06T04:35:23.904+0500] {processor.py:830} INFO - Processing file /Users/symbat/airflow_local/.venv/lib/python3.11/site-packages/airflow/example_dags/tutorial_objectstorage.py for tasks to queue
[2025-12-06T04:35:23.905+0500] {logging_mixin.py:188} INFO - [2025-12-06T04:35:23.904+0500] {dagbag.py:545} INFO - Filling up the DagBag from /Users/symbat/airflow_local/.venv/lib/python3.11/site-packages/airflow/example_dags/tutorial_objectstorage.py
[2025-12-06T04:35:23.982+0500] {processor.py:840} INFO - DAG(s) 'tutorial_objectstorage' retrieved from /Users/symbat/airflow_local/.venv/lib/python3.11/site-packages/airflow/example_dags/tutorial_objectstorage.py
[2025-12-06T04:35:24.067+0500] {logging_mixin.py:188} INFO - [2025-12-06T04:35:24.066+0500] {dag.py:3089} INFO - Sync 1 DAGs
[2025-12-06T04:35:24.074+0500] {logging_mixin.py:188} INFO - [2025-12-06T04:35:24.074+0500] {dag.py:3947} INFO - Setting next_dagrun for tutorial_objectstorage to None, run_after=None
[2025-12-06T04:35:24.089+0500] {processor.py:183} INFO - Processing /Users/symbat/airflow_local/.venv/lib/python3.11/site-packages/airflow/example_dags/tutorial_objectstorage.py took 0.191 seconds
[2025-12-06T04:37:31.553+0500] {processor.py:161} INFO - Started process (PID=84467) to work on /Users/symbat/airflow_local/.venv/lib/python3.11/site-packages/airflow/example_dags/tutorial_objectstorage.py
[2025-12-06T04:37:31.557+0500] {processor.py:830} INFO - Processing file /Users/symbat/airflow_local/.venv/lib/python3.11/site-packages/airflow/example_dags/tutorial_objectstorage.py for tasks to queue
[2025-12-06T04:37:31.560+0500] {logging_mixin.py:188} INFO - [2025-12-06T04:37:31.560+0500] {dagbag.py:545} INFO - Filling up the DagBag from /Users/symbat/airflow_local/.venv/lib/python3.11/site-packages/airflow/example_dags/tutorial_objectstorage.py
[2025-12-06T04:37:31.631+0500] {processor.py:840} INFO - DAG(s) 'tutorial_objectstorage' retrieved from /Users/symbat/airflow_local/.venv/lib/python3.11/site-packages/airflow/example_dags/tutorial_objectstorage.py
[2025-12-06T04:37:31.693+0500] {logging_mixin.py:188} INFO - [2025-12-06T04:37:31.693+0500] {dag.py:3089} INFO - Sync 1 DAGs
[2025-12-06T04:37:31.697+0500] {logging_mixin.py:188} INFO - [2025-12-06T04:37:31.697+0500] {dag.py:3947} INFO - Setting next_dagrun for tutorial_objectstorage to None, run_after=None
[2025-12-06T04:37:31.707+0500] {processor.py:183} INFO - Processing /Users/symbat/airflow_local/.venv/lib/python3.11/site-packages/airflow/example_dags/tutorial_objectstorage.py took 0.160 seconds
