[2025-12-06T03:54:57.605+0500] {processor.py:161} INFO - Started process (PID=79473) to work on /Users/symbat/airflow_local/.venv/lib/python3.11/site-packages/airflow/example_dags/subdags/subdag.py
[2025-12-06T03:54:57.608+0500] {processor.py:830} INFO - Processing file /Users/symbat/airflow_local/.venv/lib/python3.11/site-packages/airflow/example_dags/subdags/subdag.py for tasks to queue
[2025-12-06T03:54:57.609+0500] {logging_mixin.py:188} INFO - [2025-12-06T03:54:57.609+0500] {dagbag.py:545} INFO - Filling up the DagBag from /Users/symbat/airflow_local/.venv/lib/python3.11/site-packages/airflow/example_dags/subdags/subdag.py
[2025-12-06T03:54:57.610+0500] {processor.py:842} WARNING - No viable dags retrieved from /Users/symbat/airflow_local/.venv/lib/python3.11/site-packages/airflow/example_dags/subdags/subdag.py
[2025-12-06T03:54:57.676+0500] {processor.py:183} INFO - Processing /Users/symbat/airflow_local/.venv/lib/python3.11/site-packages/airflow/example_dags/subdags/subdag.py took 0.076 seconds
[2025-12-06T03:57:01.244+0500] {processor.py:161} INFO - Started process (PID=79643) to work on /Users/symbat/airflow_local/.venv/lib/python3.11/site-packages/airflow/example_dags/subdags/subdag.py
[2025-12-06T03:57:01.244+0500] {processor.py:830} INFO - Processing file /Users/symbat/airflow_local/.venv/lib/python3.11/site-packages/airflow/example_dags/subdags/subdag.py for tasks to queue
[2025-12-06T03:57:01.245+0500] {logging_mixin.py:188} INFO - [2025-12-06T03:57:01.245+0500] {dagbag.py:545} INFO - Filling up the DagBag from /Users/symbat/airflow_local/.venv/lib/python3.11/site-packages/airflow/example_dags/subdags/subdag.py
[2025-12-06T03:57:01.246+0500] {processor.py:842} WARNING - No viable dags retrieved from /Users/symbat/airflow_local/.venv/lib/python3.11/site-packages/airflow/example_dags/subdags/subdag.py
[2025-12-06T03:57:01.288+0500] {processor.py:183} INFO - Processing /Users/symbat/airflow_local/.venv/lib/python3.11/site-packages/airflow/example_dags/subdags/subdag.py took 0.046 seconds
[2025-12-06T03:58:29.149+0500] {processor.py:161} INFO - Started process (PID=79732) to work on /Users/symbat/airflow_local/.venv/lib/python3.11/site-packages/airflow/example_dags/subdags/subdag.py
[2025-12-06T03:58:29.153+0500] {processor.py:830} INFO - Processing file /Users/symbat/airflow_local/.venv/lib/python3.11/site-packages/airflow/example_dags/subdags/subdag.py for tasks to queue
[2025-12-06T03:58:29.153+0500] {logging_mixin.py:188} INFO - [2025-12-06T03:58:29.153+0500] {dagbag.py:545} INFO - Filling up the DagBag from /Users/symbat/airflow_local/.venv/lib/python3.11/site-packages/airflow/example_dags/subdags/subdag.py
[2025-12-06T03:58:29.159+0500] {processor.py:842} WARNING - No viable dags retrieved from /Users/symbat/airflow_local/.venv/lib/python3.11/site-packages/airflow/example_dags/subdags/subdag.py
[2025-12-06T03:58:29.208+0500] {processor.py:183} INFO - Processing /Users/symbat/airflow_local/.venv/lib/python3.11/site-packages/airflow/example_dags/subdags/subdag.py took 0.063 seconds
[2025-12-06T04:00:04.869+0500] {processor.py:161} INFO - Started process (PID=80310) to work on /Users/symbat/airflow_local/.venv/lib/python3.11/site-packages/airflow/example_dags/subdags/subdag.py
[2025-12-06T04:00:04.871+0500] {processor.py:830} INFO - Processing file /Users/symbat/airflow_local/.venv/lib/python3.11/site-packages/airflow/example_dags/subdags/subdag.py for tasks to queue
[2025-12-06T04:00:04.872+0500] {logging_mixin.py:188} INFO - [2025-12-06T04:00:04.872+0500] {dagbag.py:545} INFO - Filling up the DagBag from /Users/symbat/airflow_local/.venv/lib/python3.11/site-packages/airflow/example_dags/subdags/subdag.py
[2025-12-06T04:00:04.873+0500] {processor.py:842} WARNING - No viable dags retrieved from /Users/symbat/airflow_local/.venv/lib/python3.11/site-packages/airflow/example_dags/subdags/subdag.py
[2025-12-06T04:00:04.916+0500] {processor.py:183} INFO - Processing /Users/symbat/airflow_local/.venv/lib/python3.11/site-packages/airflow/example_dags/subdags/subdag.py took 0.051 seconds
[2025-12-06T04:01:43.259+0500] {processor.py:161} INFO - Started process (PID=80448) to work on /Users/symbat/airflow_local/.venv/lib/python3.11/site-packages/airflow/example_dags/subdags/subdag.py
[2025-12-06T04:01:43.260+0500] {processor.py:830} INFO - Processing file /Users/symbat/airflow_local/.venv/lib/python3.11/site-packages/airflow/example_dags/subdags/subdag.py for tasks to queue
[2025-12-06T04:01:43.260+0500] {logging_mixin.py:188} INFO - [2025-12-06T04:01:43.260+0500] {dagbag.py:545} INFO - Filling up the DagBag from /Users/symbat/airflow_local/.venv/lib/python3.11/site-packages/airflow/example_dags/subdags/subdag.py
[2025-12-06T04:01:43.261+0500] {processor.py:842} WARNING - No viable dags retrieved from /Users/symbat/airflow_local/.venv/lib/python3.11/site-packages/airflow/example_dags/subdags/subdag.py
[2025-12-06T04:01:43.307+0500] {processor.py:183} INFO - Processing /Users/symbat/airflow_local/.venv/lib/python3.11/site-packages/airflow/example_dags/subdags/subdag.py took 0.050 seconds
[2025-12-06T04:03:24.519+0500] {processor.py:161} INFO - Started process (PID=80932) to work on /Users/symbat/airflow_local/.venv/lib/python3.11/site-packages/airflow/example_dags/subdags/subdag.py
[2025-12-06T04:03:24.520+0500] {processor.py:830} INFO - Processing file /Users/symbat/airflow_local/.venv/lib/python3.11/site-packages/airflow/example_dags/subdags/subdag.py for tasks to queue
[2025-12-06T04:03:24.521+0500] {logging_mixin.py:188} INFO - [2025-12-06T04:03:24.521+0500] {dagbag.py:545} INFO - Filling up the DagBag from /Users/symbat/airflow_local/.venv/lib/python3.11/site-packages/airflow/example_dags/subdags/subdag.py
[2025-12-06T04:03:24.524+0500] {processor.py:842} WARNING - No viable dags retrieved from /Users/symbat/airflow_local/.venv/lib/python3.11/site-packages/airflow/example_dags/subdags/subdag.py
[2025-12-06T04:03:24.579+0500] {processor.py:183} INFO - Processing /Users/symbat/airflow_local/.venv/lib/python3.11/site-packages/airflow/example_dags/subdags/subdag.py took 0.065 seconds
[2025-12-06T04:05:07.271+0500] {processor.py:161} INFO - Started process (PID=81231) to work on /Users/symbat/airflow_local/.venv/lib/python3.11/site-packages/airflow/example_dags/subdags/subdag.py
[2025-12-06T04:05:07.272+0500] {processor.py:830} INFO - Processing file /Users/symbat/airflow_local/.venv/lib/python3.11/site-packages/airflow/example_dags/subdags/subdag.py for tasks to queue
[2025-12-06T04:05:07.273+0500] {logging_mixin.py:188} INFO - [2025-12-06T04:05:07.273+0500] {dagbag.py:545} INFO - Filling up the DagBag from /Users/symbat/airflow_local/.venv/lib/python3.11/site-packages/airflow/example_dags/subdags/subdag.py
[2025-12-06T04:05:07.274+0500] {processor.py:842} WARNING - No viable dags retrieved from /Users/symbat/airflow_local/.venv/lib/python3.11/site-packages/airflow/example_dags/subdags/subdag.py
[2025-12-06T04:05:07.338+0500] {processor.py:183} INFO - Processing /Users/symbat/airflow_local/.venv/lib/python3.11/site-packages/airflow/example_dags/subdags/subdag.py took 0.072 seconds
[2025-12-06T04:06:51.704+0500] {processor.py:161} INFO - Started process (PID=81498) to work on /Users/symbat/airflow_local/.venv/lib/python3.11/site-packages/airflow/example_dags/subdags/subdag.py
[2025-12-06T04:06:51.705+0500] {processor.py:830} INFO - Processing file /Users/symbat/airflow_local/.venv/lib/python3.11/site-packages/airflow/example_dags/subdags/subdag.py for tasks to queue
[2025-12-06T04:06:51.705+0500] {logging_mixin.py:188} INFO - [2025-12-06T04:06:51.705+0500] {dagbag.py:545} INFO - Filling up the DagBag from /Users/symbat/airflow_local/.venv/lib/python3.11/site-packages/airflow/example_dags/subdags/subdag.py
[2025-12-06T04:06:51.708+0500] {processor.py:842} WARNING - No viable dags retrieved from /Users/symbat/airflow_local/.venv/lib/python3.11/site-packages/airflow/example_dags/subdags/subdag.py
[2025-12-06T04:06:51.762+0500] {processor.py:183} INFO - Processing /Users/symbat/airflow_local/.venv/lib/python3.11/site-packages/airflow/example_dags/subdags/subdag.py took 0.061 seconds
[2025-12-06T04:08:30.939+0500] {processor.py:161} INFO - Started process (PID=81607) to work on /Users/symbat/airflow_local/.venv/lib/python3.11/site-packages/airflow/example_dags/subdags/subdag.py
[2025-12-06T04:08:30.940+0500] {processor.py:830} INFO - Processing file /Users/symbat/airflow_local/.venv/lib/python3.11/site-packages/airflow/example_dags/subdags/subdag.py for tasks to queue
[2025-12-06T04:08:30.940+0500] {logging_mixin.py:188} INFO - [2025-12-06T04:08:30.940+0500] {dagbag.py:545} INFO - Filling up the DagBag from /Users/symbat/airflow_local/.venv/lib/python3.11/site-packages/airflow/example_dags/subdags/subdag.py
[2025-12-06T04:08:30.942+0500] {processor.py:842} WARNING - No viable dags retrieved from /Users/symbat/airflow_local/.venv/lib/python3.11/site-packages/airflow/example_dags/subdags/subdag.py
[2025-12-06T04:08:30.998+0500] {processor.py:183} INFO - Processing /Users/symbat/airflow_local/.venv/lib/python3.11/site-packages/airflow/example_dags/subdags/subdag.py took 0.064 seconds
[2025-12-06T04:10:16.345+0500] {processor.py:161} INFO - Started process (PID=81746) to work on /Users/symbat/airflow_local/.venv/lib/python3.11/site-packages/airflow/example_dags/subdags/subdag.py
[2025-12-06T04:10:16.346+0500] {processor.py:830} INFO - Processing file /Users/symbat/airflow_local/.venv/lib/python3.11/site-packages/airflow/example_dags/subdags/subdag.py for tasks to queue
[2025-12-06T04:10:16.347+0500] {logging_mixin.py:188} INFO - [2025-12-06T04:10:16.346+0500] {dagbag.py:545} INFO - Filling up the DagBag from /Users/symbat/airflow_local/.venv/lib/python3.11/site-packages/airflow/example_dags/subdags/subdag.py
[2025-12-06T04:10:16.348+0500] {processor.py:842} WARNING - No viable dags retrieved from /Users/symbat/airflow_local/.venv/lib/python3.11/site-packages/airflow/example_dags/subdags/subdag.py
[2025-12-06T04:10:16.395+0500] {processor.py:183} INFO - Processing /Users/symbat/airflow_local/.venv/lib/python3.11/site-packages/airflow/example_dags/subdags/subdag.py took 0.055 seconds
[2025-12-06T04:11:54.129+0500] {processor.py:161} INFO - Started process (PID=81870) to work on /Users/symbat/airflow_local/.venv/lib/python3.11/site-packages/airflow/example_dags/subdags/subdag.py
[2025-12-06T04:11:54.130+0500] {processor.py:830} INFO - Processing file /Users/symbat/airflow_local/.venv/lib/python3.11/site-packages/airflow/example_dags/subdags/subdag.py for tasks to queue
[2025-12-06T04:11:54.131+0500] {logging_mixin.py:188} INFO - [2025-12-06T04:11:54.131+0500] {dagbag.py:545} INFO - Filling up the DagBag from /Users/symbat/airflow_local/.venv/lib/python3.11/site-packages/airflow/example_dags/subdags/subdag.py
[2025-12-06T04:11:54.133+0500] {processor.py:842} WARNING - No viable dags retrieved from /Users/symbat/airflow_local/.venv/lib/python3.11/site-packages/airflow/example_dags/subdags/subdag.py
[2025-12-06T04:11:54.192+0500] {processor.py:183} INFO - Processing /Users/symbat/airflow_local/.venv/lib/python3.11/site-packages/airflow/example_dags/subdags/subdag.py took 0.065 seconds
[2025-12-06T04:13:35.052+0500] {processor.py:161} INFO - Started process (PID=82045) to work on /Users/symbat/airflow_local/.venv/lib/python3.11/site-packages/airflow/example_dags/subdags/subdag.py
[2025-12-06T04:13:35.053+0500] {processor.py:830} INFO - Processing file /Users/symbat/airflow_local/.venv/lib/python3.11/site-packages/airflow/example_dags/subdags/subdag.py for tasks to queue
[2025-12-06T04:13:35.053+0500] {logging_mixin.py:188} INFO - [2025-12-06T04:13:35.053+0500] {dagbag.py:545} INFO - Filling up the DagBag from /Users/symbat/airflow_local/.venv/lib/python3.11/site-packages/airflow/example_dags/subdags/subdag.py
[2025-12-06T04:13:35.055+0500] {processor.py:842} WARNING - No viable dags retrieved from /Users/symbat/airflow_local/.venv/lib/python3.11/site-packages/airflow/example_dags/subdags/subdag.py
[2025-12-06T04:13:35.124+0500] {processor.py:183} INFO - Processing /Users/symbat/airflow_local/.venv/lib/python3.11/site-packages/airflow/example_dags/subdags/subdag.py took 0.076 seconds
[2025-12-06T04:15:13.383+0500] {processor.py:161} INFO - Started process (PID=82164) to work on /Users/symbat/airflow_local/.venv/lib/python3.11/site-packages/airflow/example_dags/subdags/subdag.py
[2025-12-06T04:15:13.384+0500] {processor.py:830} INFO - Processing file /Users/symbat/airflow_local/.venv/lib/python3.11/site-packages/airflow/example_dags/subdags/subdag.py for tasks to queue
[2025-12-06T04:15:13.384+0500] {logging_mixin.py:188} INFO - [2025-12-06T04:15:13.384+0500] {dagbag.py:545} INFO - Filling up the DagBag from /Users/symbat/airflow_local/.venv/lib/python3.11/site-packages/airflow/example_dags/subdags/subdag.py
[2025-12-06T04:15:13.386+0500] {processor.py:842} WARNING - No viable dags retrieved from /Users/symbat/airflow_local/.venv/lib/python3.11/site-packages/airflow/example_dags/subdags/subdag.py
[2025-12-06T04:15:13.438+0500] {processor.py:183} INFO - Processing /Users/symbat/airflow_local/.venv/lib/python3.11/site-packages/airflow/example_dags/subdags/subdag.py took 0.058 seconds
[2025-12-06T04:16:49.972+0500] {processor.py:161} INFO - Started process (PID=82277) to work on /Users/symbat/airflow_local/.venv/lib/python3.11/site-packages/airflow/example_dags/subdags/subdag.py
[2025-12-06T04:16:49.974+0500] {processor.py:830} INFO - Processing file /Users/symbat/airflow_local/.venv/lib/python3.11/site-packages/airflow/example_dags/subdags/subdag.py for tasks to queue
[2025-12-06T04:16:49.974+0500] {logging_mixin.py:188} INFO - [2025-12-06T04:16:49.974+0500] {dagbag.py:545} INFO - Filling up the DagBag from /Users/symbat/airflow_local/.venv/lib/python3.11/site-packages/airflow/example_dags/subdags/subdag.py
[2025-12-06T04:16:49.976+0500] {processor.py:842} WARNING - No viable dags retrieved from /Users/symbat/airflow_local/.venv/lib/python3.11/site-packages/airflow/example_dags/subdags/subdag.py
[2025-12-06T04:16:50.021+0500] {processor.py:183} INFO - Processing /Users/symbat/airflow_local/.venv/lib/python3.11/site-packages/airflow/example_dags/subdags/subdag.py took 0.051 seconds
[2025-12-06T04:18:21.821+0500] {processor.py:161} INFO - Started process (PID=82384) to work on /Users/symbat/airflow_local/.venv/lib/python3.11/site-packages/airflow/example_dags/subdags/subdag.py
[2025-12-06T04:18:21.822+0500] {processor.py:830} INFO - Processing file /Users/symbat/airflow_local/.venv/lib/python3.11/site-packages/airflow/example_dags/subdags/subdag.py for tasks to queue
[2025-12-06T04:18:21.823+0500] {logging_mixin.py:188} INFO - [2025-12-06T04:18:21.823+0500] {dagbag.py:545} INFO - Filling up the DagBag from /Users/symbat/airflow_local/.venv/lib/python3.11/site-packages/airflow/example_dags/subdags/subdag.py
[2025-12-06T04:18:21.825+0500] {processor.py:842} WARNING - No viable dags retrieved from /Users/symbat/airflow_local/.venv/lib/python3.11/site-packages/airflow/example_dags/subdags/subdag.py
[2025-12-06T04:18:21.874+0500] {processor.py:183} INFO - Processing /Users/symbat/airflow_local/.venv/lib/python3.11/site-packages/airflow/example_dags/subdags/subdag.py took 0.056 seconds
[2025-12-06T04:19:57.302+0500] {processor.py:161} INFO - Started process (PID=82487) to work on /Users/symbat/airflow_local/.venv/lib/python3.11/site-packages/airflow/example_dags/subdags/subdag.py
[2025-12-06T04:19:57.303+0500] {processor.py:830} INFO - Processing file /Users/symbat/airflow_local/.venv/lib/python3.11/site-packages/airflow/example_dags/subdags/subdag.py for tasks to queue
[2025-12-06T04:19:57.304+0500] {logging_mixin.py:188} INFO - [2025-12-06T04:19:57.304+0500] {dagbag.py:545} INFO - Filling up the DagBag from /Users/symbat/airflow_local/.venv/lib/python3.11/site-packages/airflow/example_dags/subdags/subdag.py
[2025-12-06T04:19:57.306+0500] {processor.py:842} WARNING - No viable dags retrieved from /Users/symbat/airflow_local/.venv/lib/python3.11/site-packages/airflow/example_dags/subdags/subdag.py
[2025-12-06T04:19:57.359+0500] {processor.py:183} INFO - Processing /Users/symbat/airflow_local/.venv/lib/python3.11/site-packages/airflow/example_dags/subdags/subdag.py took 0.059 seconds
[2025-12-06T04:21:26.371+0500] {processor.py:161} INFO - Started process (PID=82587) to work on /Users/symbat/airflow_local/.venv/lib/python3.11/site-packages/airflow/example_dags/subdags/subdag.py
[2025-12-06T04:21:26.373+0500] {processor.py:830} INFO - Processing file /Users/symbat/airflow_local/.venv/lib/python3.11/site-packages/airflow/example_dags/subdags/subdag.py for tasks to queue
[2025-12-06T04:21:26.373+0500] {logging_mixin.py:188} INFO - [2025-12-06T04:21:26.373+0500] {dagbag.py:545} INFO - Filling up the DagBag from /Users/symbat/airflow_local/.venv/lib/python3.11/site-packages/airflow/example_dags/subdags/subdag.py
[2025-12-06T04:21:26.375+0500] {processor.py:842} WARNING - No viable dags retrieved from /Users/symbat/airflow_local/.venv/lib/python3.11/site-packages/airflow/example_dags/subdags/subdag.py
[2025-12-06T04:21:26.433+0500] {processor.py:183} INFO - Processing /Users/symbat/airflow_local/.venv/lib/python3.11/site-packages/airflow/example_dags/subdags/subdag.py took 0.064 seconds
[2025-12-06T04:22:50.851+0500] {processor.py:161} INFO - Started process (PID=82690) to work on /Users/symbat/airflow_local/.venv/lib/python3.11/site-packages/airflow/example_dags/subdags/subdag.py
[2025-12-06T04:22:50.852+0500] {processor.py:830} INFO - Processing file /Users/symbat/airflow_local/.venv/lib/python3.11/site-packages/airflow/example_dags/subdags/subdag.py for tasks to queue
[2025-12-06T04:22:50.853+0500] {logging_mixin.py:188} INFO - [2025-12-06T04:22:50.853+0500] {dagbag.py:545} INFO - Filling up the DagBag from /Users/symbat/airflow_local/.venv/lib/python3.11/site-packages/airflow/example_dags/subdags/subdag.py
[2025-12-06T04:22:50.854+0500] {processor.py:842} WARNING - No viable dags retrieved from /Users/symbat/airflow_local/.venv/lib/python3.11/site-packages/airflow/example_dags/subdags/subdag.py
[2025-12-06T04:22:50.898+0500] {processor.py:183} INFO - Processing /Users/symbat/airflow_local/.venv/lib/python3.11/site-packages/airflow/example_dags/subdags/subdag.py took 0.049 seconds
[2025-12-06T04:24:14.873+0500] {processor.py:161} INFO - Started process (PID=82787) to work on /Users/symbat/airflow_local/.venv/lib/python3.11/site-packages/airflow/example_dags/subdags/subdag.py
[2025-12-06T04:24:14.874+0500] {processor.py:830} INFO - Processing file /Users/symbat/airflow_local/.venv/lib/python3.11/site-packages/airflow/example_dags/subdags/subdag.py for tasks to queue
[2025-12-06T04:24:14.875+0500] {logging_mixin.py:188} INFO - [2025-12-06T04:24:14.875+0500] {dagbag.py:545} INFO - Filling up the DagBag from /Users/symbat/airflow_local/.venv/lib/python3.11/site-packages/airflow/example_dags/subdags/subdag.py
[2025-12-06T04:24:14.876+0500] {processor.py:842} WARNING - No viable dags retrieved from /Users/symbat/airflow_local/.venv/lib/python3.11/site-packages/airflow/example_dags/subdags/subdag.py
[2025-12-06T04:24:14.931+0500] {processor.py:183} INFO - Processing /Users/symbat/airflow_local/.venv/lib/python3.11/site-packages/airflow/example_dags/subdags/subdag.py took 0.061 seconds
[2025-12-06T04:25:54.743+0500] {processor.py:161} INFO - Started process (PID=83165) to work on /Users/symbat/airflow_local/.venv/lib/python3.11/site-packages/airflow/example_dags/subdags/subdag.py
[2025-12-06T04:25:54.744+0500] {processor.py:830} INFO - Processing file /Users/symbat/airflow_local/.venv/lib/python3.11/site-packages/airflow/example_dags/subdags/subdag.py for tasks to queue
[2025-12-06T04:25:54.744+0500] {logging_mixin.py:188} INFO - [2025-12-06T04:25:54.744+0500] {dagbag.py:545} INFO - Filling up the DagBag from /Users/symbat/airflow_local/.venv/lib/python3.11/site-packages/airflow/example_dags/subdags/subdag.py
[2025-12-06T04:25:54.746+0500] {processor.py:842} WARNING - No viable dags retrieved from /Users/symbat/airflow_local/.venv/lib/python3.11/site-packages/airflow/example_dags/subdags/subdag.py
[2025-12-06T04:25:54.791+0500] {processor.py:183} INFO - Processing /Users/symbat/airflow_local/.venv/lib/python3.11/site-packages/airflow/example_dags/subdags/subdag.py took 0.051 seconds
[2025-12-06T04:27:42.525+0500] {processor.py:161} INFO - Started process (PID=83402) to work on /Users/symbat/airflow_local/.venv/lib/python3.11/site-packages/airflow/example_dags/subdags/subdag.py
[2025-12-06T04:27:42.525+0500] {processor.py:830} INFO - Processing file /Users/symbat/airflow_local/.venv/lib/python3.11/site-packages/airflow/example_dags/subdags/subdag.py for tasks to queue
[2025-12-06T04:27:42.526+0500] {logging_mixin.py:188} INFO - [2025-12-06T04:27:42.526+0500] {dagbag.py:545} INFO - Filling up the DagBag from /Users/symbat/airflow_local/.venv/lib/python3.11/site-packages/airflow/example_dags/subdags/subdag.py
[2025-12-06T04:27:42.527+0500] {processor.py:842} WARNING - No viable dags retrieved from /Users/symbat/airflow_local/.venv/lib/python3.11/site-packages/airflow/example_dags/subdags/subdag.py
[2025-12-06T04:27:42.563+0500] {processor.py:183} INFO - Processing /Users/symbat/airflow_local/.venv/lib/python3.11/site-packages/airflow/example_dags/subdags/subdag.py took 0.040 seconds
[2025-12-06T04:29:23.140+0500] {processor.py:161} INFO - Started process (PID=83697) to work on /Users/symbat/airflow_local/.venv/lib/python3.11/site-packages/airflow/example_dags/subdags/subdag.py
[2025-12-06T04:29:23.142+0500] {processor.py:830} INFO - Processing file /Users/symbat/airflow_local/.venv/lib/python3.11/site-packages/airflow/example_dags/subdags/subdag.py for tasks to queue
[2025-12-06T04:29:23.145+0500] {logging_mixin.py:188} INFO - [2025-12-06T04:29:23.145+0500] {dagbag.py:545} INFO - Filling up the DagBag from /Users/symbat/airflow_local/.venv/lib/python3.11/site-packages/airflow/example_dags/subdags/subdag.py
[2025-12-06T04:29:23.147+0500] {processor.py:842} WARNING - No viable dags retrieved from /Users/symbat/airflow_local/.venv/lib/python3.11/site-packages/airflow/example_dags/subdags/subdag.py
[2025-12-06T04:29:23.209+0500] {processor.py:183} INFO - Processing /Users/symbat/airflow_local/.venv/lib/python3.11/site-packages/airflow/example_dags/subdags/subdag.py took 0.074 seconds
[2025-12-06T04:31:24.277+0500] {processor.py:161} INFO - Started process (PID=83885) to work on /Users/symbat/airflow_local/.venv/lib/python3.11/site-packages/airflow/example_dags/subdags/subdag.py
[2025-12-06T04:31:24.279+0500] {processor.py:830} INFO - Processing file /Users/symbat/airflow_local/.venv/lib/python3.11/site-packages/airflow/example_dags/subdags/subdag.py for tasks to queue
[2025-12-06T04:31:24.279+0500] {logging_mixin.py:188} INFO - [2025-12-06T04:31:24.279+0500] {dagbag.py:545} INFO - Filling up the DagBag from /Users/symbat/airflow_local/.venv/lib/python3.11/site-packages/airflow/example_dags/subdags/subdag.py
[2025-12-06T04:31:24.280+0500] {processor.py:842} WARNING - No viable dags retrieved from /Users/symbat/airflow_local/.venv/lib/python3.11/site-packages/airflow/example_dags/subdags/subdag.py
[2025-12-06T04:31:24.335+0500] {processor.py:183} INFO - Processing /Users/symbat/airflow_local/.venv/lib/python3.11/site-packages/airflow/example_dags/subdags/subdag.py took 0.060 seconds
[2025-12-06T04:33:16.070+0500] {processor.py:161} INFO - Started process (PID=84086) to work on /Users/symbat/airflow_local/.venv/lib/python3.11/site-packages/airflow/example_dags/subdags/subdag.py
[2025-12-06T04:33:16.071+0500] {processor.py:830} INFO - Processing file /Users/symbat/airflow_local/.venv/lib/python3.11/site-packages/airflow/example_dags/subdags/subdag.py for tasks to queue
[2025-12-06T04:33:16.072+0500] {logging_mixin.py:188} INFO - [2025-12-06T04:33:16.072+0500] {dagbag.py:545} INFO - Filling up the DagBag from /Users/symbat/airflow_local/.venv/lib/python3.11/site-packages/airflow/example_dags/subdags/subdag.py
[2025-12-06T04:33:16.073+0500] {processor.py:842} WARNING - No viable dags retrieved from /Users/symbat/airflow_local/.venv/lib/python3.11/site-packages/airflow/example_dags/subdags/subdag.py
[2025-12-06T04:33:16.164+0500] {processor.py:183} INFO - Processing /Users/symbat/airflow_local/.venv/lib/python3.11/site-packages/airflow/example_dags/subdags/subdag.py took 0.097 seconds
[2025-12-06T04:35:02.047+0500] {processor.py:161} INFO - Started process (PID=84261) to work on /Users/symbat/airflow_local/.venv/lib/python3.11/site-packages/airflow/example_dags/subdags/subdag.py
[2025-12-06T04:35:02.049+0500] {processor.py:830} INFO - Processing file /Users/symbat/airflow_local/.venv/lib/python3.11/site-packages/airflow/example_dags/subdags/subdag.py for tasks to queue
[2025-12-06T04:35:02.049+0500] {logging_mixin.py:188} INFO - [2025-12-06T04:35:02.049+0500] {dagbag.py:545} INFO - Filling up the DagBag from /Users/symbat/airflow_local/.venv/lib/python3.11/site-packages/airflow/example_dags/subdags/subdag.py
[2025-12-06T04:35:02.052+0500] {processor.py:842} WARNING - No viable dags retrieved from /Users/symbat/airflow_local/.venv/lib/python3.11/site-packages/airflow/example_dags/subdags/subdag.py
[2025-12-06T04:35:02.102+0500] {processor.py:183} INFO - Processing /Users/symbat/airflow_local/.venv/lib/python3.11/site-packages/airflow/example_dags/subdags/subdag.py took 0.058 seconds
[2025-12-06T04:37:15.246+0500] {processor.py:161} INFO - Started process (PID=84445) to work on /Users/symbat/airflow_local/.venv/lib/python3.11/site-packages/airflow/example_dags/subdags/subdag.py
[2025-12-06T04:37:15.247+0500] {processor.py:830} INFO - Processing file /Users/symbat/airflow_local/.venv/lib/python3.11/site-packages/airflow/example_dags/subdags/subdag.py for tasks to queue
[2025-12-06T04:37:15.248+0500] {logging_mixin.py:188} INFO - [2025-12-06T04:37:15.248+0500] {dagbag.py:545} INFO - Filling up the DagBag from /Users/symbat/airflow_local/.venv/lib/python3.11/site-packages/airflow/example_dags/subdags/subdag.py
[2025-12-06T04:37:15.249+0500] {processor.py:842} WARNING - No viable dags retrieved from /Users/symbat/airflow_local/.venv/lib/python3.11/site-packages/airflow/example_dags/subdags/subdag.py
[2025-12-06T04:37:15.316+0500] {processor.py:183} INFO - Processing /Users/symbat/airflow_local/.venv/lib/python3.11/site-packages/airflow/example_dags/subdags/subdag.py took 0.077 seconds
