[2025-12-06T03:04:38.287+0500] {processor.py:161} INFO - Started process (PID=76793) to work on /Users/symbat/airflow_local/.venv/lib/python3.11/site-packages/airflow/example_dags/plugins/decreasing_priority_weight_strategy.py
[2025-12-06T03:04:38.287+0500] {processor.py:830} INFO - Processing file /Users/symbat/airflow_local/.venv/lib/python3.11/site-packages/airflow/example_dags/plugins/decreasing_priority_weight_strategy.py for tasks to queue
[2025-12-06T03:04:38.288+0500] {logging_mixin.py:188} INFO - [2025-12-06T03:04:38.288+0500] {dagbag.py:545} INFO - Filling up the DagBag from /Users/symbat/airflow_local/.venv/lib/python3.11/site-packages/airflow/example_dags/plugins/decreasing_priority_weight_strategy.py
[2025-12-06T03:04:38.289+0500] {processor.py:842} WARNING - No viable dags retrieved from /Users/symbat/airflow_local/.venv/lib/python3.11/site-packages/airflow/example_dags/plugins/decreasing_priority_weight_strategy.py
[2025-12-06T03:04:38.331+0500] {processor.py:183} INFO - Processing /Users/symbat/airflow_local/.venv/lib/python3.11/site-packages/airflow/example_dags/plugins/decreasing_priority_weight_strategy.py took 0.046 seconds
[2025-12-06T03:09:01.736+0500] {processor.py:161} INFO - Started process (PID=77599) to work on /Users/symbat/airflow_local/.venv/lib/python3.11/site-packages/airflow/example_dags/plugins/decreasing_priority_weight_strategy.py
[2025-12-06T03:09:01.737+0500] {processor.py:830} INFO - Processing file /Users/symbat/airflow_local/.venv/lib/python3.11/site-packages/airflow/example_dags/plugins/decreasing_priority_weight_strategy.py for tasks to queue
[2025-12-06T03:09:01.738+0500] {logging_mixin.py:188} INFO - [2025-12-06T03:09:01.738+0500] {dagbag.py:545} INFO - Filling up the DagBag from /Users/symbat/airflow_local/.venv/lib/python3.11/site-packages/airflow/example_dags/plugins/decreasing_priority_weight_strategy.py
[2025-12-06T03:09:01.739+0500] {processor.py:842} WARNING - No viable dags retrieved from /Users/symbat/airflow_local/.venv/lib/python3.11/site-packages/airflow/example_dags/plugins/decreasing_priority_weight_strategy.py
[2025-12-06T03:09:01.789+0500] {processor.py:183} INFO - Processing /Users/symbat/airflow_local/.venv/lib/python3.11/site-packages/airflow/example_dags/plugins/decreasing_priority_weight_strategy.py took 0.056 seconds
[2025-12-06T04:29:45.854+0500] {processor.py:161} INFO - Started process (PID=83738) to work on /Users/symbat/airflow_local/.venv/lib/python3.11/site-packages/airflow/example_dags/plugins/decreasing_priority_weight_strategy.py
[2025-12-06T04:29:45.855+0500] {processor.py:830} INFO - Processing file /Users/symbat/airflow_local/.venv/lib/python3.11/site-packages/airflow/example_dags/plugins/decreasing_priority_weight_strategy.py for tasks to queue
[2025-12-06T04:29:45.856+0500] {logging_mixin.py:188} INFO - [2025-12-06T04:29:45.856+0500] {dagbag.py:545} INFO - Filling up the DagBag from /Users/symbat/airflow_local/.venv/lib/python3.11/site-packages/airflow/example_dags/plugins/decreasing_priority_weight_strategy.py
[2025-12-06T04:29:45.856+0500] {processor.py:842} WARNING - No viable dags retrieved from /Users/symbat/airflow_local/.venv/lib/python3.11/site-packages/airflow/example_dags/plugins/decreasing_priority_weight_strategy.py
[2025-12-06T04:29:45.892+0500] {processor.py:183} INFO - Processing /Users/symbat/airflow_local/.venv/lib/python3.11/site-packages/airflow/example_dags/plugins/decreasing_priority_weight_strategy.py took 0.039 seconds
[2025-12-06T04:32:41.613+0500] {processor.py:161} INFO - Started process (PID=84012) to work on /Users/symbat/airflow_local/.venv/lib/python3.11/site-packages/airflow/example_dags/plugins/decreasing_priority_weight_strategy.py
[2025-12-06T04:32:41.615+0500] {processor.py:830} INFO - Processing file /Users/symbat/airflow_local/.venv/lib/python3.11/site-packages/airflow/example_dags/plugins/decreasing_priority_weight_strategy.py for tasks to queue
[2025-12-06T04:32:41.615+0500] {logging_mixin.py:188} INFO - [2025-12-06T04:32:41.615+0500] {dagbag.py:545} INFO - Filling up the DagBag from /Users/symbat/airflow_local/.venv/lib/python3.11/site-packages/airflow/example_dags/plugins/decreasing_priority_weight_strategy.py
[2025-12-06T04:32:41.616+0500] {processor.py:842} WARNING - No viable dags retrieved from /Users/symbat/airflow_local/.venv/lib/python3.11/site-packages/airflow/example_dags/plugins/decreasing_priority_weight_strategy.py
[2025-12-06T04:32:41.653+0500] {processor.py:183} INFO - Processing /Users/symbat/airflow_local/.venv/lib/python3.11/site-packages/airflow/example_dags/plugins/decreasing_priority_weight_strategy.py took 0.044 seconds
[2025-12-06T04:34:42.273+0500] {processor.py:161} INFO - Started process (PID=84228) to work on /Users/symbat/airflow_local/.venv/lib/python3.11/site-packages/airflow/example_dags/plugins/decreasing_priority_weight_strategy.py
[2025-12-06T04:34:42.275+0500] {processor.py:830} INFO - Processing file /Users/symbat/airflow_local/.venv/lib/python3.11/site-packages/airflow/example_dags/plugins/decreasing_priority_weight_strategy.py for tasks to queue
[2025-12-06T04:34:42.275+0500] {logging_mixin.py:188} INFO - [2025-12-06T04:34:42.275+0500] {dagbag.py:545} INFO - Filling up the DagBag from /Users/symbat/airflow_local/.venv/lib/python3.11/site-packages/airflow/example_dags/plugins/decreasing_priority_weight_strategy.py
[2025-12-06T04:34:42.276+0500] {processor.py:842} WARNING - No viable dags retrieved from /Users/symbat/airflow_local/.venv/lib/python3.11/site-packages/airflow/example_dags/plugins/decreasing_priority_weight_strategy.py
[2025-12-06T04:34:42.316+0500] {processor.py:183} INFO - Processing /Users/symbat/airflow_local/.venv/lib/python3.11/site-packages/airflow/example_dags/plugins/decreasing_priority_weight_strategy.py took 0.044 seconds
[2025-12-06T04:37:42.045+0500] {processor.py:161} INFO - Started process (PID=84485) to work on /Users/symbat/airflow_local/.venv/lib/python3.11/site-packages/airflow/example_dags/plugins/decreasing_priority_weight_strategy.py
[2025-12-06T04:37:42.046+0500] {processor.py:830} INFO - Processing file /Users/symbat/airflow_local/.venv/lib/python3.11/site-packages/airflow/example_dags/plugins/decreasing_priority_weight_strategy.py for tasks to queue
[2025-12-06T04:37:42.047+0500] {logging_mixin.py:188} INFO - [2025-12-06T04:37:42.046+0500] {dagbag.py:545} INFO - Filling up the DagBag from /Users/symbat/airflow_local/.venv/lib/python3.11/site-packages/airflow/example_dags/plugins/decreasing_priority_weight_strategy.py
[2025-12-06T04:37:42.047+0500] {processor.py:842} WARNING - No viable dags retrieved from /Users/symbat/airflow_local/.venv/lib/python3.11/site-packages/airflow/example_dags/plugins/decreasing_priority_weight_strategy.py
[2025-12-06T04:37:42.086+0500] {processor.py:183} INFO - Processing /Users/symbat/airflow_local/.venv/lib/python3.11/site-packages/airflow/example_dags/plugins/decreasing_priority_weight_strategy.py took 0.043 seconds
[2025-12-06T04:40:06.956+0500] {processor.py:161} INFO - Started process (PID=85488) to work on /Users/symbat/airflow_local/.venv/lib/python3.11/site-packages/airflow/example_dags/plugins/decreasing_priority_weight_strategy.py
[2025-12-06T04:40:06.957+0500] {processor.py:830} INFO - Processing file /Users/symbat/airflow_local/.venv/lib/python3.11/site-packages/airflow/example_dags/plugins/decreasing_priority_weight_strategy.py for tasks to queue
[2025-12-06T04:40:06.958+0500] {logging_mixin.py:188} INFO - [2025-12-06T04:40:06.958+0500] {dagbag.py:545} INFO - Filling up the DagBag from /Users/symbat/airflow_local/.venv/lib/python3.11/site-packages/airflow/example_dags/plugins/decreasing_priority_weight_strategy.py
[2025-12-06T04:40:06.959+0500] {processor.py:842} WARNING - No viable dags retrieved from /Users/symbat/airflow_local/.venv/lib/python3.11/site-packages/airflow/example_dags/plugins/decreasing_priority_weight_strategy.py
[2025-12-06T04:40:07.013+0500] {processor.py:183} INFO - Processing /Users/symbat/airflow_local/.venv/lib/python3.11/site-packages/airflow/example_dags/plugins/decreasing_priority_weight_strategy.py took 0.060 seconds
[2025-12-06T04:42:46.369+0500] {processor.py:161} INFO - Started process (PID=85636) to work on /Users/symbat/airflow_local/.venv/lib/python3.11/site-packages/airflow/example_dags/plugins/decreasing_priority_weight_strategy.py
[2025-12-06T04:42:46.370+0500] {processor.py:830} INFO - Processing file /Users/symbat/airflow_local/.venv/lib/python3.11/site-packages/airflow/example_dags/plugins/decreasing_priority_weight_strategy.py for tasks to queue
[2025-12-06T04:42:46.371+0500] {logging_mixin.py:188} INFO - [2025-12-06T04:42:46.370+0500] {dagbag.py:545} INFO - Filling up the DagBag from /Users/symbat/airflow_local/.venv/lib/python3.11/site-packages/airflow/example_dags/plugins/decreasing_priority_weight_strategy.py
[2025-12-06T04:42:46.372+0500] {processor.py:842} WARNING - No viable dags retrieved from /Users/symbat/airflow_local/.venv/lib/python3.11/site-packages/airflow/example_dags/plugins/decreasing_priority_weight_strategy.py
[2025-12-06T04:42:46.429+0500] {processor.py:183} INFO - Processing /Users/symbat/airflow_local/.venv/lib/python3.11/site-packages/airflow/example_dags/plugins/decreasing_priority_weight_strategy.py took 0.063 seconds
[2025-12-06T04:45:07.911+0500] {processor.py:161} INFO - Started process (PID=85767) to work on /Users/symbat/airflow_local/.venv/lib/python3.11/site-packages/airflow/example_dags/plugins/decreasing_priority_weight_strategy.py
[2025-12-06T04:45:07.912+0500] {processor.py:830} INFO - Processing file /Users/symbat/airflow_local/.venv/lib/python3.11/site-packages/airflow/example_dags/plugins/decreasing_priority_weight_strategy.py for tasks to queue
[2025-12-06T04:45:07.912+0500] {logging_mixin.py:188} INFO - [2025-12-06T04:45:07.912+0500] {dagbag.py:545} INFO - Filling up the DagBag from /Users/symbat/airflow_local/.venv/lib/python3.11/site-packages/airflow/example_dags/plugins/decreasing_priority_weight_strategy.py
[2025-12-06T04:45:07.913+0500] {processor.py:842} WARNING - No viable dags retrieved from /Users/symbat/airflow_local/.venv/lib/python3.11/site-packages/airflow/example_dags/plugins/decreasing_priority_weight_strategy.py
[2025-12-06T04:45:07.948+0500] {processor.py:183} INFO - Processing /Users/symbat/airflow_local/.venv/lib/python3.11/site-packages/airflow/example_dags/plugins/decreasing_priority_weight_strategy.py took 0.039 seconds
[2025-12-06T04:47:41.116+0500] {processor.py:161} INFO - Started process (PID=85900) to work on /Users/symbat/airflow_local/.venv/lib/python3.11/site-packages/airflow/example_dags/plugins/decreasing_priority_weight_strategy.py
[2025-12-06T04:47:41.117+0500] {processor.py:830} INFO - Processing file /Users/symbat/airflow_local/.venv/lib/python3.11/site-packages/airflow/example_dags/plugins/decreasing_priority_weight_strategy.py for tasks to queue
[2025-12-06T04:47:41.118+0500] {logging_mixin.py:188} INFO - [2025-12-06T04:47:41.118+0500] {dagbag.py:545} INFO - Filling up the DagBag from /Users/symbat/airflow_local/.venv/lib/python3.11/site-packages/airflow/example_dags/plugins/decreasing_priority_weight_strategy.py
[2025-12-06T04:47:41.119+0500] {processor.py:842} WARNING - No viable dags retrieved from /Users/symbat/airflow_local/.venv/lib/python3.11/site-packages/airflow/example_dags/plugins/decreasing_priority_weight_strategy.py
[2025-12-06T04:47:41.176+0500] {processor.py:183} INFO - Processing /Users/symbat/airflow_local/.venv/lib/python3.11/site-packages/airflow/example_dags/plugins/decreasing_priority_weight_strategy.py took 0.063 seconds
[2025-12-06T04:50:08.914+0500] {processor.py:161} INFO - Started process (PID=86321) to work on /Users/symbat/airflow_local/.venv/lib/python3.11/site-packages/airflow/example_dags/plugins/decreasing_priority_weight_strategy.py
[2025-12-06T04:50:08.914+0500] {processor.py:830} INFO - Processing file /Users/symbat/airflow_local/.venv/lib/python3.11/site-packages/airflow/example_dags/plugins/decreasing_priority_weight_strategy.py for tasks to queue
[2025-12-06T04:50:08.915+0500] {logging_mixin.py:188} INFO - [2025-12-06T04:50:08.915+0500] {dagbag.py:545} INFO - Filling up the DagBag from /Users/symbat/airflow_local/.venv/lib/python3.11/site-packages/airflow/example_dags/plugins/decreasing_priority_weight_strategy.py
[2025-12-06T04:50:08.915+0500] {processor.py:842} WARNING - No viable dags retrieved from /Users/symbat/airflow_local/.venv/lib/python3.11/site-packages/airflow/example_dags/plugins/decreasing_priority_weight_strategy.py
[2025-12-06T04:50:08.950+0500] {processor.py:183} INFO - Processing /Users/symbat/airflow_local/.venv/lib/python3.11/site-packages/airflow/example_dags/plugins/decreasing_priority_weight_strategy.py took 0.038 seconds
[2025-12-06T04:52:44.456+0500] {processor.py:161} INFO - Started process (PID=86573) to work on /Users/symbat/airflow_local/.venv/lib/python3.11/site-packages/airflow/example_dags/plugins/decreasing_priority_weight_strategy.py
[2025-12-06T04:52:44.459+0500] {processor.py:830} INFO - Processing file /Users/symbat/airflow_local/.venv/lib/python3.11/site-packages/airflow/example_dags/plugins/decreasing_priority_weight_strategy.py for tasks to queue
[2025-12-06T04:52:44.460+0500] {logging_mixin.py:188} INFO - [2025-12-06T04:52:44.460+0500] {dagbag.py:545} INFO - Filling up the DagBag from /Users/symbat/airflow_local/.venv/lib/python3.11/site-packages/airflow/example_dags/plugins/decreasing_priority_weight_strategy.py
[2025-12-06T04:52:44.463+0500] {processor.py:842} WARNING - No viable dags retrieved from /Users/symbat/airflow_local/.venv/lib/python3.11/site-packages/airflow/example_dags/plugins/decreasing_priority_weight_strategy.py
[2025-12-06T04:52:44.500+0500] {processor.py:183} INFO - Processing /Users/symbat/airflow_local/.venv/lib/python3.11/site-packages/airflow/example_dags/plugins/decreasing_priority_weight_strategy.py took 0.047 seconds
[2025-12-06T04:55:16.026+0500] {processor.py:161} INFO - Started process (PID=87351) to work on /Users/symbat/airflow_local/.venv/lib/python3.11/site-packages/airflow/example_dags/plugins/decreasing_priority_weight_strategy.py
[2025-12-06T04:55:16.027+0500] {processor.py:830} INFO - Processing file /Users/symbat/airflow_local/.venv/lib/python3.11/site-packages/airflow/example_dags/plugins/decreasing_priority_weight_strategy.py for tasks to queue
[2025-12-06T04:55:16.027+0500] {logging_mixin.py:188} INFO - [2025-12-06T04:55:16.027+0500] {dagbag.py:545} INFO - Filling up the DagBag from /Users/symbat/airflow_local/.venv/lib/python3.11/site-packages/airflow/example_dags/plugins/decreasing_priority_weight_strategy.py
[2025-12-06T04:55:16.028+0500] {processor.py:842} WARNING - No viable dags retrieved from /Users/symbat/airflow_local/.venv/lib/python3.11/site-packages/airflow/example_dags/plugins/decreasing_priority_weight_strategy.py
[2025-12-06T04:55:16.094+0500] {processor.py:183} INFO - Processing /Users/symbat/airflow_local/.venv/lib/python3.11/site-packages/airflow/example_dags/plugins/decreasing_priority_weight_strategy.py took 0.070 seconds
[2025-12-06T04:57:43.449+0500] {processor.py:161} INFO - Started process (PID=87524) to work on /Users/symbat/airflow_local/.venv/lib/python3.11/site-packages/airflow/example_dags/plugins/decreasing_priority_weight_strategy.py
[2025-12-06T04:57:43.450+0500] {processor.py:830} INFO - Processing file /Users/symbat/airflow_local/.venv/lib/python3.11/site-packages/airflow/example_dags/plugins/decreasing_priority_weight_strategy.py for tasks to queue
[2025-12-06T04:57:43.450+0500] {logging_mixin.py:188} INFO - [2025-12-06T04:57:43.450+0500] {dagbag.py:545} INFO - Filling up the DagBag from /Users/symbat/airflow_local/.venv/lib/python3.11/site-packages/airflow/example_dags/plugins/decreasing_priority_weight_strategy.py
[2025-12-06T04:57:43.451+0500] {processor.py:842} WARNING - No viable dags retrieved from /Users/symbat/airflow_local/.venv/lib/python3.11/site-packages/airflow/example_dags/plugins/decreasing_priority_weight_strategy.py
[2025-12-06T04:57:43.497+0500] {processor.py:183} INFO - Processing /Users/symbat/airflow_local/.venv/lib/python3.11/site-packages/airflow/example_dags/plugins/decreasing_priority_weight_strategy.py took 0.050 seconds
