[2025-12-06T03:04:36.119+0500] {processor.py:161} INFO - Started process (PID=76791) to work on /Users/symbat/airflow_local/.venv/lib/python3.11/site-packages/airflow/example_dags/plugins/event_listener.py
[2025-12-06T03:04:36.120+0500] {processor.py:830} INFO - Processing file /Users/symbat/airflow_local/.venv/lib/python3.11/site-packages/airflow/example_dags/plugins/event_listener.py for tasks to queue
[2025-12-06T03:04:36.120+0500] {logging_mixin.py:188} INFO - [2025-12-06T03:04:36.120+0500] {dagbag.py:545} INFO - Filling up the DagBag from /Users/symbat/airflow_local/.venv/lib/python3.11/site-packages/airflow/example_dags/plugins/event_listener.py
[2025-12-06T03:04:36.121+0500] {processor.py:842} WARNING - No viable dags retrieved from /Users/symbat/airflow_local/.venv/lib/python3.11/site-packages/airflow/example_dags/plugins/event_listener.py
[2025-12-06T03:04:36.161+0500] {processor.py:183} INFO - Processing /Users/symbat/airflow_local/.venv/lib/python3.11/site-packages/airflow/example_dags/plugins/event_listener.py took 0.045 seconds
[2025-12-06T03:08:59.330+0500] {processor.py:161} INFO - Started process (PID=77597) to work on /Users/symbat/airflow_local/.venv/lib/python3.11/site-packages/airflow/example_dags/plugins/event_listener.py
[2025-12-06T03:08:59.330+0500] {processor.py:830} INFO - Processing file /Users/symbat/airflow_local/.venv/lib/python3.11/site-packages/airflow/example_dags/plugins/event_listener.py for tasks to queue
[2025-12-06T03:08:59.331+0500] {logging_mixin.py:188} INFO - [2025-12-06T03:08:59.331+0500] {dagbag.py:545} INFO - Filling up the DagBag from /Users/symbat/airflow_local/.venv/lib/python3.11/site-packages/airflow/example_dags/plugins/event_listener.py
[2025-12-06T03:08:59.332+0500] {processor.py:842} WARNING - No viable dags retrieved from /Users/symbat/airflow_local/.venv/lib/python3.11/site-packages/airflow/example_dags/plugins/event_listener.py
[2025-12-06T03:08:59.374+0500] {processor.py:183} INFO - Processing /Users/symbat/airflow_local/.venv/lib/python3.11/site-packages/airflow/example_dags/plugins/event_listener.py took 0.046 seconds
[2025-12-06T03:11:15.697+0500] {processor.py:161} INFO - Started process (PID=77747) to work on /Users/symbat/airflow_local/.venv/lib/python3.11/site-packages/airflow/example_dags/plugins/event_listener.py
[2025-12-06T03:11:15.699+0500] {processor.py:830} INFO - Processing file /Users/symbat/airflow_local/.venv/lib/python3.11/site-packages/airflow/example_dags/plugins/event_listener.py for tasks to queue
[2025-12-06T03:11:15.701+0500] {logging_mixin.py:188} INFO - [2025-12-06T03:11:15.700+0500] {dagbag.py:545} INFO - Filling up the DagBag from /Users/symbat/airflow_local/.venv/lib/python3.11/site-packages/airflow/example_dags/plugins/event_listener.py
[2025-12-06T03:11:15.702+0500] {processor.py:842} WARNING - No viable dags retrieved from /Users/symbat/airflow_local/.venv/lib/python3.11/site-packages/airflow/example_dags/plugins/event_listener.py
[2025-12-06T03:11:15.771+0500] {processor.py:183} INFO - Processing /Users/symbat/airflow_local/.venv/lib/python3.11/site-packages/airflow/example_dags/plugins/event_listener.py took 0.082 seconds
[2025-12-06T04:29:42.815+0500] {processor.py:161} INFO - Started process (PID=83733) to work on /Users/symbat/airflow_local/.venv/lib/python3.11/site-packages/airflow/example_dags/plugins/event_listener.py
[2025-12-06T04:29:42.817+0500] {processor.py:830} INFO - Processing file /Users/symbat/airflow_local/.venv/lib/python3.11/site-packages/airflow/example_dags/plugins/event_listener.py for tasks to queue
[2025-12-06T04:29:42.817+0500] {logging_mixin.py:188} INFO - [2025-12-06T04:29:42.817+0500] {dagbag.py:545} INFO - Filling up the DagBag from /Users/symbat/airflow_local/.venv/lib/python3.11/site-packages/airflow/example_dags/plugins/event_listener.py
[2025-12-06T04:29:42.818+0500] {processor.py:842} WARNING - No viable dags retrieved from /Users/symbat/airflow_local/.venv/lib/python3.11/site-packages/airflow/example_dags/plugins/event_listener.py
[2025-12-06T04:29:42.852+0500] {processor.py:183} INFO - Processing /Users/symbat/airflow_local/.venv/lib/python3.11/site-packages/airflow/example_dags/plugins/event_listener.py took 0.039 seconds
[2025-12-06T04:32:39.056+0500] {processor.py:161} INFO - Started process (PID=84008) to work on /Users/symbat/airflow_local/.venv/lib/python3.11/site-packages/airflow/example_dags/plugins/event_listener.py
[2025-12-06T04:32:39.057+0500] {processor.py:830} INFO - Processing file /Users/symbat/airflow_local/.venv/lib/python3.11/site-packages/airflow/example_dags/plugins/event_listener.py for tasks to queue
[2025-12-06T04:32:39.058+0500] {logging_mixin.py:188} INFO - [2025-12-06T04:32:39.058+0500] {dagbag.py:545} INFO - Filling up the DagBag from /Users/symbat/airflow_local/.venv/lib/python3.11/site-packages/airflow/example_dags/plugins/event_listener.py
[2025-12-06T04:32:39.060+0500] {processor.py:842} WARNING - No viable dags retrieved from /Users/symbat/airflow_local/.venv/lib/python3.11/site-packages/airflow/example_dags/plugins/event_listener.py
[2025-12-06T04:32:39.111+0500] {processor.py:183} INFO - Processing /Users/symbat/airflow_local/.venv/lib/python3.11/site-packages/airflow/example_dags/plugins/event_listener.py took 0.058 seconds
[2025-12-06T04:34:39.401+0500] {processor.py:161} INFO - Started process (PID=84224) to work on /Users/symbat/airflow_local/.venv/lib/python3.11/site-packages/airflow/example_dags/plugins/event_listener.py
[2025-12-06T04:34:39.402+0500] {processor.py:830} INFO - Processing file /Users/symbat/airflow_local/.venv/lib/python3.11/site-packages/airflow/example_dags/plugins/event_listener.py for tasks to queue
[2025-12-06T04:34:39.402+0500] {logging_mixin.py:188} INFO - [2025-12-06T04:34:39.402+0500] {dagbag.py:545} INFO - Filling up the DagBag from /Users/symbat/airflow_local/.venv/lib/python3.11/site-packages/airflow/example_dags/plugins/event_listener.py
[2025-12-06T04:34:39.403+0500] {processor.py:842} WARNING - No viable dags retrieved from /Users/symbat/airflow_local/.venv/lib/python3.11/site-packages/airflow/example_dags/plugins/event_listener.py
[2025-12-06T04:34:39.440+0500] {processor.py:183} INFO - Processing /Users/symbat/airflow_local/.venv/lib/python3.11/site-packages/airflow/example_dags/plugins/event_listener.py took 0.040 seconds
[2025-12-06T04:37:39.928+0500] {processor.py:161} INFO - Started process (PID=84482) to work on /Users/symbat/airflow_local/.venv/lib/python3.11/site-packages/airflow/example_dags/plugins/event_listener.py
[2025-12-06T04:37:39.929+0500] {processor.py:830} INFO - Processing file /Users/symbat/airflow_local/.venv/lib/python3.11/site-packages/airflow/example_dags/plugins/event_listener.py for tasks to queue
[2025-12-06T04:37:39.930+0500] {logging_mixin.py:188} INFO - [2025-12-06T04:37:39.930+0500] {dagbag.py:545} INFO - Filling up the DagBag from /Users/symbat/airflow_local/.venv/lib/python3.11/site-packages/airflow/example_dags/plugins/event_listener.py
[2025-12-06T04:37:39.930+0500] {processor.py:842} WARNING - No viable dags retrieved from /Users/symbat/airflow_local/.venv/lib/python3.11/site-packages/airflow/example_dags/plugins/event_listener.py
[2025-12-06T04:37:39.981+0500] {processor.py:183} INFO - Processing /Users/symbat/airflow_local/.venv/lib/python3.11/site-packages/airflow/example_dags/plugins/event_listener.py took 0.055 seconds
[2025-12-06T04:40:05.020+0500] {processor.py:161} INFO - Started process (PID=85486) to work on /Users/symbat/airflow_local/.venv/lib/python3.11/site-packages/airflow/example_dags/plugins/event_listener.py
[2025-12-06T04:40:05.021+0500] {processor.py:830} INFO - Processing file /Users/symbat/airflow_local/.venv/lib/python3.11/site-packages/airflow/example_dags/plugins/event_listener.py for tasks to queue
[2025-12-06T04:40:05.021+0500] {logging_mixin.py:188} INFO - [2025-12-06T04:40:05.021+0500] {dagbag.py:545} INFO - Filling up the DagBag from /Users/symbat/airflow_local/.venv/lib/python3.11/site-packages/airflow/example_dags/plugins/event_listener.py
[2025-12-06T04:40:05.022+0500] {processor.py:842} WARNING - No viable dags retrieved from /Users/symbat/airflow_local/.venv/lib/python3.11/site-packages/airflow/example_dags/plugins/event_listener.py
[2025-12-06T04:40:05.083+0500] {processor.py:183} INFO - Processing /Users/symbat/airflow_local/.venv/lib/python3.11/site-packages/airflow/example_dags/plugins/event_listener.py took 0.066 seconds
[2025-12-06T04:42:43.867+0500] {processor.py:161} INFO - Started process (PID=85634) to work on /Users/symbat/airflow_local/.venv/lib/python3.11/site-packages/airflow/example_dags/plugins/event_listener.py
[2025-12-06T04:42:43.868+0500] {processor.py:830} INFO - Processing file /Users/symbat/airflow_local/.venv/lib/python3.11/site-packages/airflow/example_dags/plugins/event_listener.py for tasks to queue
[2025-12-06T04:42:43.869+0500] {logging_mixin.py:188} INFO - [2025-12-06T04:42:43.868+0500] {dagbag.py:545} INFO - Filling up the DagBag from /Users/symbat/airflow_local/.venv/lib/python3.11/site-packages/airflow/example_dags/plugins/event_listener.py
[2025-12-06T04:42:43.869+0500] {processor.py:842} WARNING - No viable dags retrieved from /Users/symbat/airflow_local/.venv/lib/python3.11/site-packages/airflow/example_dags/plugins/event_listener.py
[2025-12-06T04:42:43.914+0500] {processor.py:183} INFO - Processing /Users/symbat/airflow_local/.venv/lib/python3.11/site-packages/airflow/example_dags/plugins/event_listener.py took 0.049 seconds
[2025-12-06T04:45:06.206+0500] {processor.py:161} INFO - Started process (PID=85765) to work on /Users/symbat/airflow_local/.venv/lib/python3.11/site-packages/airflow/example_dags/plugins/event_listener.py
[2025-12-06T04:45:06.207+0500] {processor.py:830} INFO - Processing file /Users/symbat/airflow_local/.venv/lib/python3.11/site-packages/airflow/example_dags/plugins/event_listener.py for tasks to queue
[2025-12-06T04:45:06.207+0500] {logging_mixin.py:188} INFO - [2025-12-06T04:45:06.207+0500] {dagbag.py:545} INFO - Filling up the DagBag from /Users/symbat/airflow_local/.venv/lib/python3.11/site-packages/airflow/example_dags/plugins/event_listener.py
[2025-12-06T04:45:06.208+0500] {processor.py:842} WARNING - No viable dags retrieved from /Users/symbat/airflow_local/.venv/lib/python3.11/site-packages/airflow/example_dags/plugins/event_listener.py
[2025-12-06T04:45:06.242+0500] {processor.py:183} INFO - Processing /Users/symbat/airflow_local/.venv/lib/python3.11/site-packages/airflow/example_dags/plugins/event_listener.py took 0.038 seconds
[2025-12-06T04:47:38.199+0500] {processor.py:161} INFO - Started process (PID=85898) to work on /Users/symbat/airflow_local/.venv/lib/python3.11/site-packages/airflow/example_dags/plugins/event_listener.py
[2025-12-06T04:47:38.199+0500] {processor.py:830} INFO - Processing file /Users/symbat/airflow_local/.venv/lib/python3.11/site-packages/airflow/example_dags/plugins/event_listener.py for tasks to queue
[2025-12-06T04:47:38.200+0500] {logging_mixin.py:188} INFO - [2025-12-06T04:47:38.200+0500] {dagbag.py:545} INFO - Filling up the DagBag from /Users/symbat/airflow_local/.venv/lib/python3.11/site-packages/airflow/example_dags/plugins/event_listener.py
[2025-12-06T04:47:38.200+0500] {processor.py:842} WARNING - No viable dags retrieved from /Users/symbat/airflow_local/.venv/lib/python3.11/site-packages/airflow/example_dags/plugins/event_listener.py
[2025-12-06T04:47:38.255+0500] {processor.py:183} INFO - Processing /Users/symbat/airflow_local/.venv/lib/python3.11/site-packages/airflow/example_dags/plugins/event_listener.py took 0.058 seconds
[2025-12-06T04:50:07.480+0500] {processor.py:161} INFO - Started process (PID=86319) to work on /Users/symbat/airflow_local/.venv/lib/python3.11/site-packages/airflow/example_dags/plugins/event_listener.py
[2025-12-06T04:50:07.481+0500] {processor.py:830} INFO - Processing file /Users/symbat/airflow_local/.venv/lib/python3.11/site-packages/airflow/example_dags/plugins/event_listener.py for tasks to queue
[2025-12-06T04:50:07.481+0500] {logging_mixin.py:188} INFO - [2025-12-06T04:50:07.481+0500] {dagbag.py:545} INFO - Filling up the DagBag from /Users/symbat/airflow_local/.venv/lib/python3.11/site-packages/airflow/example_dags/plugins/event_listener.py
[2025-12-06T04:50:07.482+0500] {processor.py:842} WARNING - No viable dags retrieved from /Users/symbat/airflow_local/.venv/lib/python3.11/site-packages/airflow/example_dags/plugins/event_listener.py
[2025-12-06T04:50:07.523+0500] {processor.py:183} INFO - Processing /Users/symbat/airflow_local/.venv/lib/python3.11/site-packages/airflow/example_dags/plugins/event_listener.py took 0.044 seconds
[2025-12-06T04:52:42.195+0500] {processor.py:161} INFO - Started process (PID=86570) to work on /Users/symbat/airflow_local/.venv/lib/python3.11/site-packages/airflow/example_dags/plugins/event_listener.py
[2025-12-06T04:52:42.196+0500] {processor.py:830} INFO - Processing file /Users/symbat/airflow_local/.venv/lib/python3.11/site-packages/airflow/example_dags/plugins/event_listener.py for tasks to queue
[2025-12-06T04:52:42.196+0500] {logging_mixin.py:188} INFO - [2025-12-06T04:52:42.196+0500] {dagbag.py:545} INFO - Filling up the DagBag from /Users/symbat/airflow_local/.venv/lib/python3.11/site-packages/airflow/example_dags/plugins/event_listener.py
[2025-12-06T04:52:42.197+0500] {processor.py:842} WARNING - No viable dags retrieved from /Users/symbat/airflow_local/.venv/lib/python3.11/site-packages/airflow/example_dags/plugins/event_listener.py
[2025-12-06T04:52:42.231+0500] {processor.py:183} INFO - Processing /Users/symbat/airflow_local/.venv/lib/python3.11/site-packages/airflow/example_dags/plugins/event_listener.py took 0.038 seconds
[2025-12-06T04:55:13.151+0500] {processor.py:161} INFO - Started process (PID=87347) to work on /Users/symbat/airflow_local/.venv/lib/python3.11/site-packages/airflow/example_dags/plugins/event_listener.py
[2025-12-06T04:55:13.152+0500] {processor.py:830} INFO - Processing file /Users/symbat/airflow_local/.venv/lib/python3.11/site-packages/airflow/example_dags/plugins/event_listener.py for tasks to queue
[2025-12-06T04:55:13.152+0500] {logging_mixin.py:188} INFO - [2025-12-06T04:55:13.152+0500] {dagbag.py:545} INFO - Filling up the DagBag from /Users/symbat/airflow_local/.venv/lib/python3.11/site-packages/airflow/example_dags/plugins/event_listener.py
[2025-12-06T04:55:13.153+0500] {processor.py:842} WARNING - No viable dags retrieved from /Users/symbat/airflow_local/.venv/lib/python3.11/site-packages/airflow/example_dags/plugins/event_listener.py
[2025-12-06T04:55:13.205+0500] {processor.py:183} INFO - Processing /Users/symbat/airflow_local/.venv/lib/python3.11/site-packages/airflow/example_dags/plugins/event_listener.py took 0.057 seconds
[2025-12-06T04:57:41.000+0500] {processor.py:161} INFO - Started process (PID=87522) to work on /Users/symbat/airflow_local/.venv/lib/python3.11/site-packages/airflow/example_dags/plugins/event_listener.py
[2025-12-06T04:57:41.001+0500] {processor.py:830} INFO - Processing file /Users/symbat/airflow_local/.venv/lib/python3.11/site-packages/airflow/example_dags/plugins/event_listener.py for tasks to queue
[2025-12-06T04:57:41.001+0500] {logging_mixin.py:188} INFO - [2025-12-06T04:57:41.001+0500] {dagbag.py:545} INFO - Filling up the DagBag from /Users/symbat/airflow_local/.venv/lib/python3.11/site-packages/airflow/example_dags/plugins/event_listener.py
[2025-12-06T04:57:41.002+0500] {processor.py:842} WARNING - No viable dags retrieved from /Users/symbat/airflow_local/.venv/lib/python3.11/site-packages/airflow/example_dags/plugins/event_listener.py
[2025-12-06T04:57:41.036+0500] {processor.py:183} INFO - Processing /Users/symbat/airflow_local/.venv/lib/python3.11/site-packages/airflow/example_dags/plugins/event_listener.py took 0.038 seconds
