[2025-12-06T03:04:32.209+0500] {processor.py:161} INFO - Started process (PID=76785) to work on /Users/symbat/airflow_local/.venv/lib/python3.11/site-packages/airflow/example_dags/plugins/workday.py
[2025-12-06T03:04:32.210+0500] {processor.py:830} INFO - Processing file /Users/symbat/airflow_local/.venv/lib/python3.11/site-packages/airflow/example_dags/plugins/workday.py for tasks to queue
[2025-12-06T03:04:32.211+0500] {logging_mixin.py:188} INFO - [2025-12-06T03:04:32.210+0500] {dagbag.py:545} INFO - Filling up the DagBag from /Users/symbat/airflow_local/.venv/lib/python3.11/site-packages/airflow/example_dags/plugins/workday.py
[2025-12-06T03:04:32.479+0500] {processor.py:842} WARNING - No viable dags retrieved from /Users/symbat/airflow_local/.venv/lib/python3.11/site-packages/airflow/example_dags/plugins/workday.py
[2025-12-06T03:04:32.524+0500] {processor.py:183} INFO - Processing /Users/symbat/airflow_local/.venv/lib/python3.11/site-packages/airflow/example_dags/plugins/workday.py took 0.317 seconds
[2025-12-06T03:08:55.366+0500] {processor.py:161} INFO - Started process (PID=77591) to work on /Users/symbat/airflow_local/.venv/lib/python3.11/site-packages/airflow/example_dags/plugins/workday.py
[2025-12-06T03:08:55.367+0500] {processor.py:830} INFO - Processing file /Users/symbat/airflow_local/.venv/lib/python3.11/site-packages/airflow/example_dags/plugins/workday.py for tasks to queue
[2025-12-06T03:08:55.368+0500] {logging_mixin.py:188} INFO - [2025-12-06T03:08:55.367+0500] {dagbag.py:545} INFO - Filling up the DagBag from /Users/symbat/airflow_local/.venv/lib/python3.11/site-packages/airflow/example_dags/plugins/workday.py
[2025-12-06T03:08:55.631+0500] {processor.py:842} WARNING - No viable dags retrieved from /Users/symbat/airflow_local/.venv/lib/python3.11/site-packages/airflow/example_dags/plugins/workday.py
[2025-12-06T03:08:55.677+0500] {processor.py:183} INFO - Processing /Users/symbat/airflow_local/.venv/lib/python3.11/site-packages/airflow/example_dags/plugins/workday.py took 0.313 seconds
[2025-12-06T03:11:09.873+0500] {processor.py:161} INFO - Started process (PID=77743) to work on /Users/symbat/airflow_local/.venv/lib/python3.11/site-packages/airflow/example_dags/plugins/workday.py
[2025-12-06T03:11:09.874+0500] {processor.py:830} INFO - Processing file /Users/symbat/airflow_local/.venv/lib/python3.11/site-packages/airflow/example_dags/plugins/workday.py for tasks to queue
[2025-12-06T03:11:09.874+0500] {logging_mixin.py:188} INFO - [2025-12-06T03:11:09.874+0500] {dagbag.py:545} INFO - Filling up the DagBag from /Users/symbat/airflow_local/.venv/lib/python3.11/site-packages/airflow/example_dags/plugins/workday.py
[2025-12-06T03:11:10.168+0500] {processor.py:842} WARNING - No viable dags retrieved from /Users/symbat/airflow_local/.venv/lib/python3.11/site-packages/airflow/example_dags/plugins/workday.py
[2025-12-06T03:11:10.209+0500] {processor.py:183} INFO - Processing /Users/symbat/airflow_local/.venv/lib/python3.11/site-packages/airflow/example_dags/plugins/workday.py took 0.339 seconds
[2025-12-06T04:29:36.144+0500] {processor.py:161} INFO - Started process (PID=83725) to work on /Users/symbat/airflow_local/.venv/lib/python3.11/site-packages/airflow/example_dags/plugins/workday.py
[2025-12-06T04:29:36.144+0500] {processor.py:830} INFO - Processing file /Users/symbat/airflow_local/.venv/lib/python3.11/site-packages/airflow/example_dags/plugins/workday.py for tasks to queue
[2025-12-06T04:29:36.145+0500] {logging_mixin.py:188} INFO - [2025-12-06T04:29:36.145+0500] {dagbag.py:545} INFO - Filling up the DagBag from /Users/symbat/airflow_local/.venv/lib/python3.11/site-packages/airflow/example_dags/plugins/workday.py
[2025-12-06T04:29:36.382+0500] {processor.py:842} WARNING - No viable dags retrieved from /Users/symbat/airflow_local/.venv/lib/python3.11/site-packages/airflow/example_dags/plugins/workday.py
[2025-12-06T04:29:36.422+0500] {processor.py:183} INFO - Processing /Users/symbat/airflow_local/.venv/lib/python3.11/site-packages/airflow/example_dags/plugins/workday.py took 0.281 seconds
[2025-12-06T04:32:34.114+0500] {processor.py:161} INFO - Started process (PID=83992) to work on /Users/symbat/airflow_local/.venv/lib/python3.11/site-packages/airflow/example_dags/plugins/workday.py
[2025-12-06T04:32:34.115+0500] {processor.py:830} INFO - Processing file /Users/symbat/airflow_local/.venv/lib/python3.11/site-packages/airflow/example_dags/plugins/workday.py for tasks to queue
[2025-12-06T04:32:34.116+0500] {logging_mixin.py:188} INFO - [2025-12-06T04:32:34.115+0500] {dagbag.py:545} INFO - Filling up the DagBag from /Users/symbat/airflow_local/.venv/lib/python3.11/site-packages/airflow/example_dags/plugins/workday.py
[2025-12-06T04:32:34.388+0500] {processor.py:842} WARNING - No viable dags retrieved from /Users/symbat/airflow_local/.venv/lib/python3.11/site-packages/airflow/example_dags/plugins/workday.py
[2025-12-06T04:32:34.423+0500] {processor.py:183} INFO - Processing /Users/symbat/airflow_local/.venv/lib/python3.11/site-packages/airflow/example_dags/plugins/workday.py took 0.311 seconds
[2025-12-06T04:34:35.382+0500] {processor.py:161} INFO - Started process (PID=84217) to work on /Users/symbat/airflow_local/.venv/lib/python3.11/site-packages/airflow/example_dags/plugins/workday.py
[2025-12-06T04:34:35.382+0500] {processor.py:830} INFO - Processing file /Users/symbat/airflow_local/.venv/lib/python3.11/site-packages/airflow/example_dags/plugins/workday.py for tasks to queue
[2025-12-06T04:34:35.383+0500] {logging_mixin.py:188} INFO - [2025-12-06T04:34:35.382+0500] {dagbag.py:545} INFO - Filling up the DagBag from /Users/symbat/airflow_local/.venv/lib/python3.11/site-packages/airflow/example_dags/plugins/workday.py
[2025-12-06T04:34:35.670+0500] {processor.py:842} WARNING - No viable dags retrieved from /Users/symbat/airflow_local/.venv/lib/python3.11/site-packages/airflow/example_dags/plugins/workday.py
[2025-12-06T04:34:35.707+0500] {processor.py:183} INFO - Processing /Users/symbat/airflow_local/.venv/lib/python3.11/site-packages/airflow/example_dags/plugins/workday.py took 0.328 seconds
[2025-12-06T04:37:34.674+0500] {processor.py:161} INFO - Started process (PID=84474) to work on /Users/symbat/airflow_local/.venv/lib/python3.11/site-packages/airflow/example_dags/plugins/workday.py
[2025-12-06T04:37:34.675+0500] {processor.py:830} INFO - Processing file /Users/symbat/airflow_local/.venv/lib/python3.11/site-packages/airflow/example_dags/plugins/workday.py for tasks to queue
[2025-12-06T04:37:34.676+0500] {logging_mixin.py:188} INFO - [2025-12-06T04:37:34.675+0500] {dagbag.py:545} INFO - Filling up the DagBag from /Users/symbat/airflow_local/.venv/lib/python3.11/site-packages/airflow/example_dags/plugins/workday.py
[2025-12-06T04:37:34.962+0500] {processor.py:842} WARNING - No viable dags retrieved from /Users/symbat/airflow_local/.venv/lib/python3.11/site-packages/airflow/example_dags/plugins/workday.py
[2025-12-06T04:37:35.013+0500] {processor.py:183} INFO - Processing /Users/symbat/airflow_local/.venv/lib/python3.11/site-packages/airflow/example_dags/plugins/workday.py took 0.341 seconds
[2025-12-06T04:39:59.923+0500] {processor.py:161} INFO - Started process (PID=85479) to work on /Users/symbat/airflow_local/.venv/lib/python3.11/site-packages/airflow/example_dags/plugins/workday.py
[2025-12-06T04:39:59.924+0500] {processor.py:830} INFO - Processing file /Users/symbat/airflow_local/.venv/lib/python3.11/site-packages/airflow/example_dags/plugins/workday.py for tasks to queue
[2025-12-06T04:39:59.924+0500] {logging_mixin.py:188} INFO - [2025-12-06T04:39:59.924+0500] {dagbag.py:545} INFO - Filling up the DagBag from /Users/symbat/airflow_local/.venv/lib/python3.11/site-packages/airflow/example_dags/plugins/workday.py
[2025-12-06T04:40:00.266+0500] {processor.py:842} WARNING - No viable dags retrieved from /Users/symbat/airflow_local/.venv/lib/python3.11/site-packages/airflow/example_dags/plugins/workday.py
[2025-12-06T04:40:00.315+0500] {processor.py:183} INFO - Processing /Users/symbat/airflow_local/.venv/lib/python3.11/site-packages/airflow/example_dags/plugins/workday.py took 0.394 seconds
[2025-12-06T04:42:38.793+0500] {processor.py:161} INFO - Started process (PID=85630) to work on /Users/symbat/airflow_local/.venv/lib/python3.11/site-packages/airflow/example_dags/plugins/workday.py
[2025-12-06T04:42:38.794+0500] {processor.py:830} INFO - Processing file /Users/symbat/airflow_local/.venv/lib/python3.11/site-packages/airflow/example_dags/plugins/workday.py for tasks to queue
[2025-12-06T04:42:38.794+0500] {logging_mixin.py:188} INFO - [2025-12-06T04:42:38.794+0500] {dagbag.py:545} INFO - Filling up the DagBag from /Users/symbat/airflow_local/.venv/lib/python3.11/site-packages/airflow/example_dags/plugins/workday.py
[2025-12-06T04:42:39.020+0500] {processor.py:842} WARNING - No viable dags retrieved from /Users/symbat/airflow_local/.venv/lib/python3.11/site-packages/airflow/example_dags/plugins/workday.py
[2025-12-06T04:42:39.058+0500] {processor.py:183} INFO - Processing /Users/symbat/airflow_local/.venv/lib/python3.11/site-packages/airflow/example_dags/plugins/workday.py took 0.267 seconds
[2025-12-06T04:45:01.082+0500] {processor.py:161} INFO - Started process (PID=85760) to work on /Users/symbat/airflow_local/.venv/lib/python3.11/site-packages/airflow/example_dags/plugins/workday.py
[2025-12-06T04:45:01.083+0500] {processor.py:830} INFO - Processing file /Users/symbat/airflow_local/.venv/lib/python3.11/site-packages/airflow/example_dags/plugins/workday.py for tasks to queue
[2025-12-06T04:45:01.084+0500] {logging_mixin.py:188} INFO - [2025-12-06T04:45:01.084+0500] {dagbag.py:545} INFO - Filling up the DagBag from /Users/symbat/airflow_local/.venv/lib/python3.11/site-packages/airflow/example_dags/plugins/workday.py
[2025-12-06T04:45:01.320+0500] {processor.py:842} WARNING - No viable dags retrieved from /Users/symbat/airflow_local/.venv/lib/python3.11/site-packages/airflow/example_dags/plugins/workday.py
[2025-12-06T04:45:01.355+0500] {processor.py:183} INFO - Processing /Users/symbat/airflow_local/.venv/lib/python3.11/site-packages/airflow/example_dags/plugins/workday.py took 0.274 seconds
[2025-12-06T04:47:32.892+0500] {processor.py:161} INFO - Started process (PID=85894) to work on /Users/symbat/airflow_local/.venv/lib/python3.11/site-packages/airflow/example_dags/plugins/workday.py
[2025-12-06T04:47:32.893+0500] {processor.py:830} INFO - Processing file /Users/symbat/airflow_local/.venv/lib/python3.11/site-packages/airflow/example_dags/plugins/workday.py for tasks to queue
[2025-12-06T04:47:32.893+0500] {logging_mixin.py:188} INFO - [2025-12-06T04:47:32.893+0500] {dagbag.py:545} INFO - Filling up the DagBag from /Users/symbat/airflow_local/.venv/lib/python3.11/site-packages/airflow/example_dags/plugins/workday.py
[2025-12-06T04:47:33.153+0500] {processor.py:842} WARNING - No viable dags retrieved from /Users/symbat/airflow_local/.venv/lib/python3.11/site-packages/airflow/example_dags/plugins/workday.py
[2025-12-06T04:47:33.189+0500] {processor.py:183} INFO - Processing /Users/symbat/airflow_local/.venv/lib/python3.11/site-packages/airflow/example_dags/plugins/workday.py took 0.299 seconds
[2025-12-06T04:50:02.149+0500] {processor.py:161} INFO - Started process (PID=86315) to work on /Users/symbat/airflow_local/.venv/lib/python3.11/site-packages/airflow/example_dags/plugins/workday.py
[2025-12-06T04:50:02.150+0500] {processor.py:830} INFO - Processing file /Users/symbat/airflow_local/.venv/lib/python3.11/site-packages/airflow/example_dags/plugins/workday.py for tasks to queue
[2025-12-06T04:50:02.150+0500] {logging_mixin.py:188} INFO - [2025-12-06T04:50:02.150+0500] {dagbag.py:545} INFO - Filling up the DagBag from /Users/symbat/airflow_local/.venv/lib/python3.11/site-packages/airflow/example_dags/plugins/workday.py
[2025-12-06T04:50:02.458+0500] {processor.py:842} WARNING - No viable dags retrieved from /Users/symbat/airflow_local/.venv/lib/python3.11/site-packages/airflow/example_dags/plugins/workday.py
[2025-12-06T04:50:02.494+0500] {processor.py:183} INFO - Processing /Users/symbat/airflow_local/.venv/lib/python3.11/site-packages/airflow/example_dags/plugins/workday.py took 0.348 seconds
[2025-12-06T04:52:38.291+0500] {processor.py:161} INFO - Started process (PID=86566) to work on /Users/symbat/airflow_local/.venv/lib/python3.11/site-packages/airflow/example_dags/plugins/workday.py
[2025-12-06T04:52:38.292+0500] {processor.py:830} INFO - Processing file /Users/symbat/airflow_local/.venv/lib/python3.11/site-packages/airflow/example_dags/plugins/workday.py for tasks to queue
[2025-12-06T04:52:38.292+0500] {logging_mixin.py:188} INFO - [2025-12-06T04:52:38.292+0500] {dagbag.py:545} INFO - Filling up the DagBag from /Users/symbat/airflow_local/.venv/lib/python3.11/site-packages/airflow/example_dags/plugins/workday.py
[2025-12-06T04:52:38.500+0500] {processor.py:842} WARNING - No viable dags retrieved from /Users/symbat/airflow_local/.venv/lib/python3.11/site-packages/airflow/example_dags/plugins/workday.py
[2025-12-06T04:52:38.534+0500] {processor.py:183} INFO - Processing /Users/symbat/airflow_local/.venv/lib/python3.11/site-packages/airflow/example_dags/plugins/workday.py took 0.245 seconds
[2025-12-06T04:55:06.775+0500] {processor.py:161} INFO - Started process (PID=87272) to work on /Users/symbat/airflow_local/.venv/lib/python3.11/site-packages/airflow/example_dags/plugins/workday.py
[2025-12-06T04:55:06.776+0500] {processor.py:830} INFO - Processing file /Users/symbat/airflow_local/.venv/lib/python3.11/site-packages/airflow/example_dags/plugins/workday.py for tasks to queue
[2025-12-06T04:55:06.777+0500] {logging_mixin.py:188} INFO - [2025-12-06T04:55:06.776+0500] {dagbag.py:545} INFO - Filling up the DagBag from /Users/symbat/airflow_local/.venv/lib/python3.11/site-packages/airflow/example_dags/plugins/workday.py
[2025-12-06T04:55:07.357+0500] {processor.py:842} WARNING - No viable dags retrieved from /Users/symbat/airflow_local/.venv/lib/python3.11/site-packages/airflow/example_dags/plugins/workday.py
[2025-12-06T04:55:07.408+0500] {processor.py:183} INFO - Processing /Users/symbat/airflow_local/.venv/lib/python3.11/site-packages/airflow/example_dags/plugins/workday.py took 0.637 seconds
[2025-12-06T04:57:36.831+0500] {processor.py:161} INFO - Started process (PID=87518) to work on /Users/symbat/airflow_local/.venv/lib/python3.11/site-packages/airflow/example_dags/plugins/workday.py
[2025-12-06T04:57:36.832+0500] {processor.py:830} INFO - Processing file /Users/symbat/airflow_local/.venv/lib/python3.11/site-packages/airflow/example_dags/plugins/workday.py for tasks to queue
[2025-12-06T04:57:36.832+0500] {logging_mixin.py:188} INFO - [2025-12-06T04:57:36.832+0500] {dagbag.py:545} INFO - Filling up the DagBag from /Users/symbat/airflow_local/.venv/lib/python3.11/site-packages/airflow/example_dags/plugins/workday.py
[2025-12-06T04:57:37.034+0500] {processor.py:842} WARNING - No viable dags retrieved from /Users/symbat/airflow_local/.venv/lib/python3.11/site-packages/airflow/example_dags/plugins/workday.py
[2025-12-06T04:57:37.068+0500] {processor.py:183} INFO - Processing /Users/symbat/airflow_local/.venv/lib/python3.11/site-packages/airflow/example_dags/plugins/workday.py took 0.238 seconds
