[2025-12-06T08:26:48.838+0500] {processor.py:161} INFO - Started process (PID=93851) to work on /Users/symbat/airflow_local/.venv/lib/python3.11/site-packages/airflow/example_dags/example_branch_operator_decorator.py
[2025-12-06T08:26:48.839+0500] {processor.py:830} INFO - Processing file /Users/symbat/airflow_local/.venv/lib/python3.11/site-packages/airflow/example_dags/example_branch_operator_decorator.py for tasks to queue
[2025-12-06T08:26:48.840+0500] {logging_mixin.py:188} INFO - [2025-12-06T08:26:48.839+0500] {dagbag.py:545} INFO - Filling up the DagBag from /Users/symbat/airflow_local/.venv/lib/python3.11/site-packages/airflow/example_dags/example_branch_operator_decorator.py
[2025-12-06T08:26:48.858+0500] {processor.py:842} WARNING - No viable dags retrieved from /Users/symbat/airflow_local/.venv/lib/python3.11/site-packages/airflow/example_dags/example_branch_operator_decorator.py
[2025-12-06T08:26:48.889+0500] {processor.py:183} INFO - Processing /Users/symbat/airflow_local/.venv/lib/python3.11/site-packages/airflow/example_dags/example_branch_operator_decorator.py took 0.057 seconds
[2025-12-06T08:26:53.994+0500] {processor.py:161} INFO - Started process (PID=93862) to work on /Users/symbat/airflow_local/.venv/lib/python3.11/site-packages/airflow/example_dags/example_branch_operator_decorator.py
[2025-12-06T08:26:53.995+0500] {processor.py:830} INFO - Processing file /Users/symbat/airflow_local/.venv/lib/python3.11/site-packages/airflow/example_dags/example_branch_operator_decorator.py for tasks to queue
[2025-12-06T08:26:53.996+0500] {logging_mixin.py:188} INFO - [2025-12-06T08:26:53.996+0500] {dagbag.py:545} INFO - Filling up the DagBag from /Users/symbat/airflow_local/.venv/lib/python3.11/site-packages/airflow/example_dags/example_branch_operator_decorator.py
[2025-12-06T08:26:54.011+0500] {processor.py:842} WARNING - No viable dags retrieved from /Users/symbat/airflow_local/.venv/lib/python3.11/site-packages/airflow/example_dags/example_branch_operator_decorator.py
[2025-12-06T08:26:54.045+0500] {processor.py:183} INFO - Processing /Users/symbat/airflow_local/.venv/lib/python3.11/site-packages/airflow/example_dags/example_branch_operator_decorator.py took 0.054 seconds
[2025-12-06T08:35:34.777+0500] {processor.py:161} INFO - Started process (PID=94977) to work on /Users/symbat/airflow_local/.venv/lib/python3.11/site-packages/airflow/example_dags/example_branch_operator_decorator.py
[2025-12-06T08:35:34.778+0500] {processor.py:830} INFO - Processing file /Users/symbat/airflow_local/.venv/lib/python3.11/site-packages/airflow/example_dags/example_branch_operator_decorator.py for tasks to queue
[2025-12-06T08:35:34.778+0500] {logging_mixin.py:188} INFO - [2025-12-06T08:35:34.778+0500] {dagbag.py:545} INFO - Filling up the DagBag from /Users/symbat/airflow_local/.venv/lib/python3.11/site-packages/airflow/example_dags/example_branch_operator_decorator.py
[2025-12-06T08:35:34.794+0500] {processor.py:842} WARNING - No viable dags retrieved from /Users/symbat/airflow_local/.venv/lib/python3.11/site-packages/airflow/example_dags/example_branch_operator_decorator.py
[2025-12-06T08:35:34.834+0500] {processor.py:183} INFO - Processing /Users/symbat/airflow_local/.venv/lib/python3.11/site-packages/airflow/example_dags/example_branch_operator_decorator.py took 0.058 seconds
[2025-12-06T08:36:41.949+0500] {processor.py:161} INFO - Started process (PID=95108) to work on /Users/symbat/airflow_local/.venv/lib/python3.11/site-packages/airflow/example_dags/example_branch_operator_decorator.py
[2025-12-06T08:36:41.951+0500] {processor.py:830} INFO - Processing file /Users/symbat/airflow_local/.venv/lib/python3.11/site-packages/airflow/example_dags/example_branch_operator_decorator.py for tasks to queue
[2025-12-06T08:36:41.951+0500] {logging_mixin.py:188} INFO - [2025-12-06T08:36:41.951+0500] {dagbag.py:545} INFO - Filling up the DagBag from /Users/symbat/airflow_local/.venv/lib/python3.11/site-packages/airflow/example_dags/example_branch_operator_decorator.py
[2025-12-06T08:36:41.969+0500] {processor.py:842} WARNING - No viable dags retrieved from /Users/symbat/airflow_local/.venv/lib/python3.11/site-packages/airflow/example_dags/example_branch_operator_decorator.py
[2025-12-06T08:36:42.001+0500] {processor.py:183} INFO - Processing /Users/symbat/airflow_local/.venv/lib/python3.11/site-packages/airflow/example_dags/example_branch_operator_decorator.py took 0.058 seconds
[2025-12-06T08:40:34.689+0500] {processor.py:161} INFO - Started process (PID=95626) to work on /Users/symbat/airflow_local/.venv/lib/python3.11/site-packages/airflow/example_dags/example_branch_operator_decorator.py
[2025-12-06T08:40:34.690+0500] {processor.py:830} INFO - Processing file /Users/symbat/airflow_local/.venv/lib/python3.11/site-packages/airflow/example_dags/example_branch_operator_decorator.py for tasks to queue
[2025-12-06T08:40:34.691+0500] {logging_mixin.py:188} INFO - [2025-12-06T08:40:34.691+0500] {dagbag.py:545} INFO - Filling up the DagBag from /Users/symbat/airflow_local/.venv/lib/python3.11/site-packages/airflow/example_dags/example_branch_operator_decorator.py
[2025-12-06T08:40:34.711+0500] {processor.py:842} WARNING - No viable dags retrieved from /Users/symbat/airflow_local/.venv/lib/python3.11/site-packages/airflow/example_dags/example_branch_operator_decorator.py
[2025-12-06T08:40:34.785+0500] {processor.py:183} INFO - Processing /Users/symbat/airflow_local/.venv/lib/python3.11/site-packages/airflow/example_dags/example_branch_operator_decorator.py took 0.099 seconds
[2025-12-06T08:48:27.282+0500] {processor.py:161} INFO - Started process (PID=97058) to work on /Users/symbat/airflow_local/.venv/lib/python3.11/site-packages/airflow/example_dags/example_branch_operator_decorator.py
[2025-12-06T08:48:27.284+0500] {processor.py:830} INFO - Processing file /Users/symbat/airflow_local/.venv/lib/python3.11/site-packages/airflow/example_dags/example_branch_operator_decorator.py for tasks to queue
[2025-12-06T08:48:27.285+0500] {logging_mixin.py:188} INFO - [2025-12-06T08:48:27.285+0500] {dagbag.py:545} INFO - Filling up the DagBag from /Users/symbat/airflow_local/.venv/lib/python3.11/site-packages/airflow/example_dags/example_branch_operator_decorator.py
[2025-12-06T08:48:27.297+0500] {processor.py:842} WARNING - No viable dags retrieved from /Users/symbat/airflow_local/.venv/lib/python3.11/site-packages/airflow/example_dags/example_branch_operator_decorator.py
[2025-12-06T08:48:27.339+0500] {processor.py:183} INFO - Processing /Users/symbat/airflow_local/.venv/lib/python3.11/site-packages/airflow/example_dags/example_branch_operator_decorator.py took 0.062 seconds
[2025-12-06T08:54:09.952+0500] {processor.py:161} INFO - Started process (PID=97594) to work on /Users/symbat/airflow_local/.venv/lib/python3.11/site-packages/airflow/example_dags/example_branch_operator_decorator.py
[2025-12-06T08:54:09.953+0500] {processor.py:830} INFO - Processing file /Users/symbat/airflow_local/.venv/lib/python3.11/site-packages/airflow/example_dags/example_branch_operator_decorator.py for tasks to queue
[2025-12-06T08:54:09.954+0500] {logging_mixin.py:188} INFO - [2025-12-06T08:54:09.954+0500] {dagbag.py:545} INFO - Filling up the DagBag from /Users/symbat/airflow_local/.venv/lib/python3.11/site-packages/airflow/example_dags/example_branch_operator_decorator.py
[2025-12-06T08:54:09.966+0500] {processor.py:842} WARNING - No viable dags retrieved from /Users/symbat/airflow_local/.venv/lib/python3.11/site-packages/airflow/example_dags/example_branch_operator_decorator.py
[2025-12-06T08:54:10.007+0500] {processor.py:183} INFO - Processing /Users/symbat/airflow_local/.venv/lib/python3.11/site-packages/airflow/example_dags/example_branch_operator_decorator.py took 0.057 seconds
[2025-12-06T08:58:01.349+0500] {processor.py:161} INFO - Started process (PID=97887) to work on /Users/symbat/airflow_local/.venv/lib/python3.11/site-packages/airflow/example_dags/example_branch_operator_decorator.py
[2025-12-06T08:58:01.351+0500] {processor.py:830} INFO - Processing file /Users/symbat/airflow_local/.venv/lib/python3.11/site-packages/airflow/example_dags/example_branch_operator_decorator.py for tasks to queue
[2025-12-06T08:58:01.351+0500] {logging_mixin.py:188} INFO - [2025-12-06T08:58:01.351+0500] {dagbag.py:545} INFO - Filling up the DagBag from /Users/symbat/airflow_local/.venv/lib/python3.11/site-packages/airflow/example_dags/example_branch_operator_decorator.py
[2025-12-06T08:58:01.369+0500] {processor.py:842} WARNING - No viable dags retrieved from /Users/symbat/airflow_local/.venv/lib/python3.11/site-packages/airflow/example_dags/example_branch_operator_decorator.py
[2025-12-06T08:58:01.403+0500] {processor.py:183} INFO - Processing /Users/symbat/airflow_local/.venv/lib/python3.11/site-packages/airflow/example_dags/example_branch_operator_decorator.py took 0.056 seconds
[2025-12-06T08:59:02.330+0500] {processor.py:161} INFO - Started process (PID=98016) to work on /Users/symbat/airflow_local/.venv/lib/python3.11/site-packages/airflow/example_dags/example_branch_operator_decorator.py
[2025-12-06T08:59:02.331+0500] {processor.py:830} INFO - Processing file /Users/symbat/airflow_local/.venv/lib/python3.11/site-packages/airflow/example_dags/example_branch_operator_decorator.py for tasks to queue
[2025-12-06T08:59:02.331+0500] {logging_mixin.py:188} INFO - [2025-12-06T08:59:02.331+0500] {dagbag.py:545} INFO - Filling up the DagBag from /Users/symbat/airflow_local/.venv/lib/python3.11/site-packages/airflow/example_dags/example_branch_operator_decorator.py
[2025-12-06T08:59:02.341+0500] {processor.py:842} WARNING - No viable dags retrieved from /Users/symbat/airflow_local/.venv/lib/python3.11/site-packages/airflow/example_dags/example_branch_operator_decorator.py
[2025-12-06T08:59:02.373+0500] {processor.py:183} INFO - Processing /Users/symbat/airflow_local/.venv/lib/python3.11/site-packages/airflow/example_dags/example_branch_operator_decorator.py took 0.046 seconds
[2025-12-06T09:02:08.581+0500] {processor.py:161} INFO - Started process (PID=98308) to work on /Users/symbat/airflow_local/.venv/lib/python3.11/site-packages/airflow/example_dags/example_branch_operator_decorator.py
[2025-12-06T09:02:08.582+0500] {processor.py:830} INFO - Processing file /Users/symbat/airflow_local/.venv/lib/python3.11/site-packages/airflow/example_dags/example_branch_operator_decorator.py for tasks to queue
[2025-12-06T09:02:08.582+0500] {logging_mixin.py:188} INFO - [2025-12-06T09:02:08.582+0500] {dagbag.py:545} INFO - Filling up the DagBag from /Users/symbat/airflow_local/.venv/lib/python3.11/site-packages/airflow/example_dags/example_branch_operator_decorator.py
[2025-12-06T09:02:08.598+0500] {processor.py:842} WARNING - No viable dags retrieved from /Users/symbat/airflow_local/.venv/lib/python3.11/site-packages/airflow/example_dags/example_branch_operator_decorator.py
[2025-12-06T09:02:08.638+0500] {processor.py:183} INFO - Processing /Users/symbat/airflow_local/.venv/lib/python3.11/site-packages/airflow/example_dags/example_branch_operator_decorator.py took 0.061 seconds
[2025-12-06T09:03:20.528+0500] {processor.py:161} INFO - Started process (PID=98464) to work on /Users/symbat/airflow_local/.venv/lib/python3.11/site-packages/airflow/example_dags/example_branch_operator_decorator.py
[2025-12-06T09:03:20.529+0500] {processor.py:830} INFO - Processing file /Users/symbat/airflow_local/.venv/lib/python3.11/site-packages/airflow/example_dags/example_branch_operator_decorator.py for tasks to queue
[2025-12-06T09:03:20.530+0500] {logging_mixin.py:188} INFO - [2025-12-06T09:03:20.529+0500] {dagbag.py:545} INFO - Filling up the DagBag from /Users/symbat/airflow_local/.venv/lib/python3.11/site-packages/airflow/example_dags/example_branch_operator_decorator.py
[2025-12-06T09:03:20.543+0500] {processor.py:842} WARNING - No viable dags retrieved from /Users/symbat/airflow_local/.venv/lib/python3.11/site-packages/airflow/example_dags/example_branch_operator_decorator.py
[2025-12-06T09:03:20.586+0500] {processor.py:183} INFO - Processing /Users/symbat/airflow_local/.venv/lib/python3.11/site-packages/airflow/example_dags/example_branch_operator_decorator.py took 0.060 seconds
[2025-12-06T09:04:18.383+0500] {processor.py:161} INFO - Started process (PID=98593) to work on /Users/symbat/airflow_local/.venv/lib/python3.11/site-packages/airflow/example_dags/example_branch_operator_decorator.py
[2025-12-06T09:04:18.383+0500] {processor.py:830} INFO - Processing file /Users/symbat/airflow_local/.venv/lib/python3.11/site-packages/airflow/example_dags/example_branch_operator_decorator.py for tasks to queue
[2025-12-06T09:04:18.384+0500] {logging_mixin.py:188} INFO - [2025-12-06T09:04:18.384+0500] {dagbag.py:545} INFO - Filling up the DagBag from /Users/symbat/airflow_local/.venv/lib/python3.11/site-packages/airflow/example_dags/example_branch_operator_decorator.py
[2025-12-06T09:04:18.394+0500] {processor.py:842} WARNING - No viable dags retrieved from /Users/symbat/airflow_local/.venv/lib/python3.11/site-packages/airflow/example_dags/example_branch_operator_decorator.py
[2025-12-06T09:04:18.430+0500] {processor.py:183} INFO - Processing /Users/symbat/airflow_local/.venv/lib/python3.11/site-packages/airflow/example_dags/example_branch_operator_decorator.py took 0.049 seconds
[2025-12-06T09:06:32.409+0500] {processor.py:161} INFO - Started process (PID=99175) to work on /Users/symbat/airflow_local/.venv/lib/python3.11/site-packages/airflow/example_dags/example_branch_operator_decorator.py
[2025-12-06T09:06:32.411+0500] {processor.py:830} INFO - Processing file /Users/symbat/airflow_local/.venv/lib/python3.11/site-packages/airflow/example_dags/example_branch_operator_decorator.py for tasks to queue
[2025-12-06T09:06:32.411+0500] {logging_mixin.py:188} INFO - [2025-12-06T09:06:32.411+0500] {dagbag.py:545} INFO - Filling up the DagBag from /Users/symbat/airflow_local/.venv/lib/python3.11/site-packages/airflow/example_dags/example_branch_operator_decorator.py
[2025-12-06T09:06:32.424+0500] {processor.py:842} WARNING - No viable dags retrieved from /Users/symbat/airflow_local/.venv/lib/python3.11/site-packages/airflow/example_dags/example_branch_operator_decorator.py
[2025-12-06T09:06:32.478+0500] {processor.py:183} INFO - Processing /Users/symbat/airflow_local/.venv/lib/python3.11/site-packages/airflow/example_dags/example_branch_operator_decorator.py took 0.071 seconds
[2025-12-06T09:08:17.235+0500] {processor.py:161} INFO - Started process (PID=99443) to work on /Users/symbat/airflow_local/.venv/lib/python3.11/site-packages/airflow/example_dags/example_branch_operator_decorator.py
[2025-12-06T09:08:17.238+0500] {processor.py:830} INFO - Processing file /Users/symbat/airflow_local/.venv/lib/python3.11/site-packages/airflow/example_dags/example_branch_operator_decorator.py for tasks to queue
[2025-12-06T09:08:17.239+0500] {logging_mixin.py:188} INFO - [2025-12-06T09:08:17.239+0500] {dagbag.py:545} INFO - Filling up the DagBag from /Users/symbat/airflow_local/.venv/lib/python3.11/site-packages/airflow/example_dags/example_branch_operator_decorator.py
[2025-12-06T09:08:17.261+0500] {processor.py:842} WARNING - No viable dags retrieved from /Users/symbat/airflow_local/.venv/lib/python3.11/site-packages/airflow/example_dags/example_branch_operator_decorator.py
[2025-12-06T09:08:17.321+0500] {processor.py:183} INFO - Processing /Users/symbat/airflow_local/.venv/lib/python3.11/site-packages/airflow/example_dags/example_branch_operator_decorator.py took 0.088 seconds
[2025-12-06T09:08:37.334+0500] {processor.py:161} INFO - Started process (PID=99502) to work on /Users/symbat/airflow_local/.venv/lib/python3.11/site-packages/airflow/example_dags/example_branch_operator_decorator.py
[2025-12-06T09:08:37.335+0500] {processor.py:830} INFO - Processing file /Users/symbat/airflow_local/.venv/lib/python3.11/site-packages/airflow/example_dags/example_branch_operator_decorator.py for tasks to queue
[2025-12-06T09:08:37.336+0500] {logging_mixin.py:188} INFO - [2025-12-06T09:08:37.335+0500] {dagbag.py:545} INFO - Filling up the DagBag from /Users/symbat/airflow_local/.venv/lib/python3.11/site-packages/airflow/example_dags/example_branch_operator_decorator.py
[2025-12-06T09:08:37.346+0500] {processor.py:842} WARNING - No viable dags retrieved from /Users/symbat/airflow_local/.venv/lib/python3.11/site-packages/airflow/example_dags/example_branch_operator_decorator.py
[2025-12-06T09:08:37.383+0500] {processor.py:183} INFO - Processing /Users/symbat/airflow_local/.venv/lib/python3.11/site-packages/airflow/example_dags/example_branch_operator_decorator.py took 0.051 seconds
[2025-12-06T09:11:01.220+0500] {processor.py:161} INFO - Started process (PID=275) to work on /Users/symbat/airflow_local/.venv/lib/python3.11/site-packages/airflow/example_dags/example_branch_operator_decorator.py
[2025-12-06T09:11:01.221+0500] {processor.py:830} INFO - Processing file /Users/symbat/airflow_local/.venv/lib/python3.11/site-packages/airflow/example_dags/example_branch_operator_decorator.py for tasks to queue
[2025-12-06T09:11:01.221+0500] {logging_mixin.py:188} INFO - [2025-12-06T09:11:01.221+0500] {dagbag.py:545} INFO - Filling up the DagBag from /Users/symbat/airflow_local/.venv/lib/python3.11/site-packages/airflow/example_dags/example_branch_operator_decorator.py
[2025-12-06T09:11:01.234+0500] {processor.py:842} WARNING - No viable dags retrieved from /Users/symbat/airflow_local/.venv/lib/python3.11/site-packages/airflow/example_dags/example_branch_operator_decorator.py
[2025-12-06T09:11:01.270+0500] {processor.py:183} INFO - Processing /Users/symbat/airflow_local/.venv/lib/python3.11/site-packages/airflow/example_dags/example_branch_operator_decorator.py took 0.052 seconds
[2025-12-06T09:13:26.114+0500] {processor.py:161} INFO - Started process (PID=957) to work on /Users/symbat/airflow_local/.venv/lib/python3.11/site-packages/airflow/example_dags/example_branch_operator_decorator.py
[2025-12-06T09:13:26.115+0500] {processor.py:830} INFO - Processing file /Users/symbat/airflow_local/.venv/lib/python3.11/site-packages/airflow/example_dags/example_branch_operator_decorator.py for tasks to queue
[2025-12-06T09:13:26.116+0500] {logging_mixin.py:188} INFO - [2025-12-06T09:13:26.116+0500] {dagbag.py:545} INFO - Filling up the DagBag from /Users/symbat/airflow_local/.venv/lib/python3.11/site-packages/airflow/example_dags/example_branch_operator_decorator.py
[2025-12-06T09:13:26.128+0500] {processor.py:842} WARNING - No viable dags retrieved from /Users/symbat/airflow_local/.venv/lib/python3.11/site-packages/airflow/example_dags/example_branch_operator_decorator.py
[2025-12-06T09:13:26.178+0500] {processor.py:183} INFO - Processing /Users/symbat/airflow_local/.venv/lib/python3.11/site-packages/airflow/example_dags/example_branch_operator_decorator.py took 0.066 seconds
[2025-12-06T09:13:42.596+0500] {processor.py:161} INFO - Started process (PID=988) to work on /Users/symbat/airflow_local/.venv/lib/python3.11/site-packages/airflow/example_dags/example_branch_operator_decorator.py
[2025-12-06T09:13:42.598+0500] {processor.py:830} INFO - Processing file /Users/symbat/airflow_local/.venv/lib/python3.11/site-packages/airflow/example_dags/example_branch_operator_decorator.py for tasks to queue
[2025-12-06T09:13:42.599+0500] {logging_mixin.py:188} INFO - [2025-12-06T09:13:42.598+0500] {dagbag.py:545} INFO - Filling up the DagBag from /Users/symbat/airflow_local/.venv/lib/python3.11/site-packages/airflow/example_dags/example_branch_operator_decorator.py
[2025-12-06T09:13:42.610+0500] {processor.py:842} WARNING - No viable dags retrieved from /Users/symbat/airflow_local/.venv/lib/python3.11/site-packages/airflow/example_dags/example_branch_operator_decorator.py
[2025-12-06T09:13:42.655+0500] {processor.py:183} INFO - Processing /Users/symbat/airflow_local/.venv/lib/python3.11/site-packages/airflow/example_dags/example_branch_operator_decorator.py took 0.062 seconds
[2025-12-06T09:16:10.074+0500] {processor.py:161} INFO - Started process (PID=1484) to work on /Users/symbat/airflow_local/.venv/lib/python3.11/site-packages/airflow/example_dags/example_branch_operator_decorator.py
[2025-12-06T09:16:10.075+0500] {processor.py:830} INFO - Processing file /Users/symbat/airflow_local/.venv/lib/python3.11/site-packages/airflow/example_dags/example_branch_operator_decorator.py for tasks to queue
[2025-12-06T09:16:10.076+0500] {logging_mixin.py:188} INFO - [2025-12-06T09:16:10.076+0500] {dagbag.py:545} INFO - Filling up the DagBag from /Users/symbat/airflow_local/.venv/lib/python3.11/site-packages/airflow/example_dags/example_branch_operator_decorator.py
[2025-12-06T09:16:10.089+0500] {processor.py:842} WARNING - No viable dags retrieved from /Users/symbat/airflow_local/.venv/lib/python3.11/site-packages/airflow/example_dags/example_branch_operator_decorator.py
[2025-12-06T09:16:10.129+0500] {processor.py:183} INFO - Processing /Users/symbat/airflow_local/.venv/lib/python3.11/site-packages/airflow/example_dags/example_branch_operator_decorator.py took 0.057 seconds
[2025-12-06T09:18:37.546+0500] {processor.py:161} INFO - Started process (PID=2236) to work on /Users/symbat/airflow_local/.venv/lib/python3.11/site-packages/airflow/example_dags/example_branch_operator_decorator.py
[2025-12-06T09:18:37.546+0500] {processor.py:830} INFO - Processing file /Users/symbat/airflow_local/.venv/lib/python3.11/site-packages/airflow/example_dags/example_branch_operator_decorator.py for tasks to queue
[2025-12-06T09:18:37.547+0500] {logging_mixin.py:188} INFO - [2025-12-06T09:18:37.547+0500] {dagbag.py:545} INFO - Filling up the DagBag from /Users/symbat/airflow_local/.venv/lib/python3.11/site-packages/airflow/example_dags/example_branch_operator_decorator.py
[2025-12-06T09:18:37.557+0500] {processor.py:842} WARNING - No viable dags retrieved from /Users/symbat/airflow_local/.venv/lib/python3.11/site-packages/airflow/example_dags/example_branch_operator_decorator.py
[2025-12-06T09:18:37.593+0500] {processor.py:183} INFO - Processing /Users/symbat/airflow_local/.venv/lib/python3.11/site-packages/airflow/example_dags/example_branch_operator_decorator.py took 0.050 seconds
[2025-12-06T09:19:23.180+0500] {processor.py:161} INFO - Started process (PID=2330) to work on /Users/symbat/airflow_local/.venv/lib/python3.11/site-packages/airflow/example_dags/example_branch_operator_decorator.py
[2025-12-06T09:19:23.181+0500] {processor.py:830} INFO - Processing file /Users/symbat/airflow_local/.venv/lib/python3.11/site-packages/airflow/example_dags/example_branch_operator_decorator.py for tasks to queue
[2025-12-06T09:19:23.182+0500] {logging_mixin.py:188} INFO - [2025-12-06T09:19:23.181+0500] {dagbag.py:545} INFO - Filling up the DagBag from /Users/symbat/airflow_local/.venv/lib/python3.11/site-packages/airflow/example_dags/example_branch_operator_decorator.py
[2025-12-06T09:19:23.195+0500] {processor.py:842} WARNING - No viable dags retrieved from /Users/symbat/airflow_local/.venv/lib/python3.11/site-packages/airflow/example_dags/example_branch_operator_decorator.py
[2025-12-06T09:19:23.238+0500] {processor.py:183} INFO - Processing /Users/symbat/airflow_local/.venv/lib/python3.11/site-packages/airflow/example_dags/example_branch_operator_decorator.py took 0.061 seconds
[2025-12-06T09:20:54.796+0500] {processor.py:161} INFO - Started process (PID=2522) to work on /Users/symbat/airflow_local/.venv/lib/python3.11/site-packages/airflow/example_dags/example_branch_operator_decorator.py
[2025-12-06T09:20:54.797+0500] {processor.py:830} INFO - Processing file /Users/symbat/airflow_local/.venv/lib/python3.11/site-packages/airflow/example_dags/example_branch_operator_decorator.py for tasks to queue
[2025-12-06T09:20:54.798+0500] {logging_mixin.py:188} INFO - [2025-12-06T09:20:54.798+0500] {dagbag.py:545} INFO - Filling up the DagBag from /Users/symbat/airflow_local/.venv/lib/python3.11/site-packages/airflow/example_dags/example_branch_operator_decorator.py
[2025-12-06T09:20:54.809+0500] {processor.py:842} WARNING - No viable dags retrieved from /Users/symbat/airflow_local/.venv/lib/python3.11/site-packages/airflow/example_dags/example_branch_operator_decorator.py
[2025-12-06T09:20:54.845+0500] {processor.py:183} INFO - Processing /Users/symbat/airflow_local/.venv/lib/python3.11/site-packages/airflow/example_dags/example_branch_operator_decorator.py took 0.051 seconds
[2025-12-06T09:23:17.138+0500] {processor.py:161} INFO - Started process (PID=2831) to work on /Users/symbat/airflow_local/.venv/lib/python3.11/site-packages/airflow/example_dags/example_branch_operator_decorator.py
[2025-12-06T09:23:17.139+0500] {processor.py:830} INFO - Processing file /Users/symbat/airflow_local/.venv/lib/python3.11/site-packages/airflow/example_dags/example_branch_operator_decorator.py for tasks to queue
[2025-12-06T09:23:17.139+0500] {logging_mixin.py:188} INFO - [2025-12-06T09:23:17.139+0500] {dagbag.py:545} INFO - Filling up the DagBag from /Users/symbat/airflow_local/.venv/lib/python3.11/site-packages/airflow/example_dags/example_branch_operator_decorator.py
[2025-12-06T09:23:17.155+0500] {processor.py:842} WARNING - No viable dags retrieved from /Users/symbat/airflow_local/.venv/lib/python3.11/site-packages/airflow/example_dags/example_branch_operator_decorator.py
[2025-12-06T09:23:17.195+0500] {processor.py:183} INFO - Processing /Users/symbat/airflow_local/.venv/lib/python3.11/site-packages/airflow/example_dags/example_branch_operator_decorator.py took 0.059 seconds
[2025-12-06T09:24:28.709+0500] {processor.py:161} INFO - Started process (PID=2992) to work on /Users/symbat/airflow_local/.venv/lib/python3.11/site-packages/airflow/example_dags/example_branch_operator_decorator.py
[2025-12-06T09:24:28.711+0500] {processor.py:830} INFO - Processing file /Users/symbat/airflow_local/.venv/lib/python3.11/site-packages/airflow/example_dags/example_branch_operator_decorator.py for tasks to queue
[2025-12-06T09:24:28.711+0500] {logging_mixin.py:188} INFO - [2025-12-06T09:24:28.711+0500] {dagbag.py:545} INFO - Filling up the DagBag from /Users/symbat/airflow_local/.venv/lib/python3.11/site-packages/airflow/example_dags/example_branch_operator_decorator.py
[2025-12-06T09:24:28.731+0500] {processor.py:842} WARNING - No viable dags retrieved from /Users/symbat/airflow_local/.venv/lib/python3.11/site-packages/airflow/example_dags/example_branch_operator_decorator.py
[2025-12-06T09:24:28.790+0500] {processor.py:183} INFO - Processing /Users/symbat/airflow_local/.venv/lib/python3.11/site-packages/airflow/example_dags/example_branch_operator_decorator.py took 0.084 seconds
[2025-12-06T09:25:35.423+0500] {processor.py:161} INFO - Started process (PID=3133) to work on /Users/symbat/airflow_local/.venv/lib/python3.11/site-packages/airflow/example_dags/example_branch_operator_decorator.py
[2025-12-06T09:25:35.424+0500] {processor.py:830} INFO - Processing file /Users/symbat/airflow_local/.venv/lib/python3.11/site-packages/airflow/example_dags/example_branch_operator_decorator.py for tasks to queue
[2025-12-06T09:25:35.425+0500] {logging_mixin.py:188} INFO - [2025-12-06T09:25:35.425+0500] {dagbag.py:545} INFO - Filling up the DagBag from /Users/symbat/airflow_local/.venv/lib/python3.11/site-packages/airflow/example_dags/example_branch_operator_decorator.py
[2025-12-06T09:25:35.442+0500] {processor.py:842} WARNING - No viable dags retrieved from /Users/symbat/airflow_local/.venv/lib/python3.11/site-packages/airflow/example_dags/example_branch_operator_decorator.py
[2025-12-06T09:25:35.519+0500] {processor.py:183} INFO - Processing /Users/symbat/airflow_local/.venv/lib/python3.11/site-packages/airflow/example_dags/example_branch_operator_decorator.py took 0.099 seconds
[2025-12-06T09:28:03.444+0500] {processor.py:161} INFO - Started process (PID=3414) to work on /Users/symbat/airflow_local/.venv/lib/python3.11/site-packages/airflow/example_dags/example_branch_operator_decorator.py
[2025-12-06T09:28:03.445+0500] {processor.py:830} INFO - Processing file /Users/symbat/airflow_local/.venv/lib/python3.11/site-packages/airflow/example_dags/example_branch_operator_decorator.py for tasks to queue
[2025-12-06T09:28:03.445+0500] {logging_mixin.py:188} INFO - [2025-12-06T09:28:03.445+0500] {dagbag.py:545} INFO - Filling up the DagBag from /Users/symbat/airflow_local/.venv/lib/python3.11/site-packages/airflow/example_dags/example_branch_operator_decorator.py
[2025-12-06T09:28:03.458+0500] {processor.py:842} WARNING - No viable dags retrieved from /Users/symbat/airflow_local/.venv/lib/python3.11/site-packages/airflow/example_dags/example_branch_operator_decorator.py
[2025-12-06T09:28:03.498+0500] {processor.py:183} INFO - Processing /Users/symbat/airflow_local/.venv/lib/python3.11/site-packages/airflow/example_dags/example_branch_operator_decorator.py took 0.056 seconds
[2025-12-06T09:29:56.512+0500] {processor.py:161} INFO - Started process (PID=3653) to work on /Users/symbat/airflow_local/.venv/lib/python3.11/site-packages/airflow/example_dags/example_branch_operator_decorator.py
[2025-12-06T09:29:56.513+0500] {processor.py:830} INFO - Processing file /Users/symbat/airflow_local/.venv/lib/python3.11/site-packages/airflow/example_dags/example_branch_operator_decorator.py for tasks to queue
[2025-12-06T09:29:56.513+0500] {logging_mixin.py:188} INFO - [2025-12-06T09:29:56.513+0500] {dagbag.py:545} INFO - Filling up the DagBag from /Users/symbat/airflow_local/.venv/lib/python3.11/site-packages/airflow/example_dags/example_branch_operator_decorator.py
[2025-12-06T09:29:56.529+0500] {processor.py:842} WARNING - No viable dags retrieved from /Users/symbat/airflow_local/.venv/lib/python3.11/site-packages/airflow/example_dags/example_branch_operator_decorator.py
[2025-12-06T09:29:56.569+0500] {processor.py:183} INFO - Processing /Users/symbat/airflow_local/.venv/lib/python3.11/site-packages/airflow/example_dags/example_branch_operator_decorator.py took 0.059 seconds
[2025-12-06T09:30:17.900+0500] {processor.py:161} INFO - Started process (PID=3702) to work on /Users/symbat/airflow_local/.venv/lib/python3.11/site-packages/airflow/example_dags/example_branch_operator_decorator.py
[2025-12-06T09:30:17.901+0500] {processor.py:830} INFO - Processing file /Users/symbat/airflow_local/.venv/lib/python3.11/site-packages/airflow/example_dags/example_branch_operator_decorator.py for tasks to queue
[2025-12-06T09:30:17.902+0500] {logging_mixin.py:188} INFO - [2025-12-06T09:30:17.902+0500] {dagbag.py:545} INFO - Filling up the DagBag from /Users/symbat/airflow_local/.venv/lib/python3.11/site-packages/airflow/example_dags/example_branch_operator_decorator.py
[2025-12-06T09:30:17.918+0500] {processor.py:842} WARNING - No viable dags retrieved from /Users/symbat/airflow_local/.venv/lib/python3.11/site-packages/airflow/example_dags/example_branch_operator_decorator.py
[2025-12-06T09:30:17.973+0500] {processor.py:183} INFO - Processing /Users/symbat/airflow_local/.venv/lib/python3.11/site-packages/airflow/example_dags/example_branch_operator_decorator.py took 0.075 seconds
[2025-12-06T09:33:05.601+0500] {processor.py:161} INFO - Started process (PID=4240) to work on /Users/symbat/airflow_local/.venv/lib/python3.11/site-packages/airflow/example_dags/example_branch_operator_decorator.py
[2025-12-06T09:33:05.602+0500] {processor.py:830} INFO - Processing file /Users/symbat/airflow_local/.venv/lib/python3.11/site-packages/airflow/example_dags/example_branch_operator_decorator.py for tasks to queue
[2025-12-06T09:33:05.603+0500] {logging_mixin.py:188} INFO - [2025-12-06T09:33:05.603+0500] {dagbag.py:545} INFO - Filling up the DagBag from /Users/symbat/airflow_local/.venv/lib/python3.11/site-packages/airflow/example_dags/example_branch_operator_decorator.py
[2025-12-06T09:33:05.616+0500] {processor.py:842} WARNING - No viable dags retrieved from /Users/symbat/airflow_local/.venv/lib/python3.11/site-packages/airflow/example_dags/example_branch_operator_decorator.py
[2025-12-06T09:33:05.658+0500] {processor.py:183} INFO - Processing /Users/symbat/airflow_local/.venv/lib/python3.11/site-packages/airflow/example_dags/example_branch_operator_decorator.py took 0.060 seconds
[2025-12-06T09:33:43.015+0500] {processor.py:161} INFO - Started process (PID=4333) to work on /Users/symbat/airflow_local/.venv/lib/python3.11/site-packages/airflow/example_dags/example_branch_operator_decorator.py
[2025-12-06T09:33:43.016+0500] {processor.py:830} INFO - Processing file /Users/symbat/airflow_local/.venv/lib/python3.11/site-packages/airflow/example_dags/example_branch_operator_decorator.py for tasks to queue
[2025-12-06T09:33:43.017+0500] {logging_mixin.py:188} INFO - [2025-12-06T09:33:43.017+0500] {dagbag.py:545} INFO - Filling up the DagBag from /Users/symbat/airflow_local/.venv/lib/python3.11/site-packages/airflow/example_dags/example_branch_operator_decorator.py
[2025-12-06T09:33:43.030+0500] {processor.py:842} WARNING - No viable dags retrieved from /Users/symbat/airflow_local/.venv/lib/python3.11/site-packages/airflow/example_dags/example_branch_operator_decorator.py
[2025-12-06T09:33:43.065+0500] {processor.py:183} INFO - Processing /Users/symbat/airflow_local/.venv/lib/python3.11/site-packages/airflow/example_dags/example_branch_operator_decorator.py took 0.052 seconds
[2025-12-06T09:35:38.102+0500] {processor.py:161} INFO - Started process (PID=4642) to work on /Users/symbat/airflow_local/.venv/lib/python3.11/site-packages/airflow/example_dags/example_branch_operator_decorator.py
[2025-12-06T09:35:38.103+0500] {processor.py:830} INFO - Processing file /Users/symbat/airflow_local/.venv/lib/python3.11/site-packages/airflow/example_dags/example_branch_operator_decorator.py for tasks to queue
[2025-12-06T09:35:38.103+0500] {logging_mixin.py:188} INFO - [2025-12-06T09:35:38.103+0500] {dagbag.py:545} INFO - Filling up the DagBag from /Users/symbat/airflow_local/.venv/lib/python3.11/site-packages/airflow/example_dags/example_branch_operator_decorator.py
[2025-12-06T09:35:38.113+0500] {processor.py:842} WARNING - No viable dags retrieved from /Users/symbat/airflow_local/.venv/lib/python3.11/site-packages/airflow/example_dags/example_branch_operator_decorator.py
[2025-12-06T09:35:38.146+0500] {processor.py:183} INFO - Processing /Users/symbat/airflow_local/.venv/lib/python3.11/site-packages/airflow/example_dags/example_branch_operator_decorator.py took 0.046 seconds
[2025-12-06T09:35:59.768+0500] {processor.py:161} INFO - Started process (PID=4697) to work on /Users/symbat/airflow_local/.venv/lib/python3.11/site-packages/airflow/example_dags/example_branch_operator_decorator.py
[2025-12-06T09:35:59.769+0500] {processor.py:830} INFO - Processing file /Users/symbat/airflow_local/.venv/lib/python3.11/site-packages/airflow/example_dags/example_branch_operator_decorator.py for tasks to queue
[2025-12-06T09:35:59.769+0500] {logging_mixin.py:188} INFO - [2025-12-06T09:35:59.769+0500] {dagbag.py:545} INFO - Filling up the DagBag from /Users/symbat/airflow_local/.venv/lib/python3.11/site-packages/airflow/example_dags/example_branch_operator_decorator.py
[2025-12-06T09:35:59.779+0500] {processor.py:842} WARNING - No viable dags retrieved from /Users/symbat/airflow_local/.venv/lib/python3.11/site-packages/airflow/example_dags/example_branch_operator_decorator.py
[2025-12-06T09:35:59.812+0500] {processor.py:183} INFO - Processing /Users/symbat/airflow_local/.venv/lib/python3.11/site-packages/airflow/example_dags/example_branch_operator_decorator.py took 0.046 seconds
[2025-12-06T09:38:19.586+0500] {processor.py:161} INFO - Started process (PID=5032) to work on /Users/symbat/airflow_local/.venv/lib/python3.11/site-packages/airflow/example_dags/example_branch_operator_decorator.py
[2025-12-06T09:38:19.587+0500] {processor.py:830} INFO - Processing file /Users/symbat/airflow_local/.venv/lib/python3.11/site-packages/airflow/example_dags/example_branch_operator_decorator.py for tasks to queue
[2025-12-06T09:38:19.587+0500] {logging_mixin.py:188} INFO - [2025-12-06T09:38:19.587+0500] {dagbag.py:545} INFO - Filling up the DagBag from /Users/symbat/airflow_local/.venv/lib/python3.11/site-packages/airflow/example_dags/example_branch_operator_decorator.py
[2025-12-06T09:38:19.598+0500] {processor.py:842} WARNING - No viable dags retrieved from /Users/symbat/airflow_local/.venv/lib/python3.11/site-packages/airflow/example_dags/example_branch_operator_decorator.py
[2025-12-06T09:38:19.637+0500] {processor.py:183} INFO - Processing /Users/symbat/airflow_local/.venv/lib/python3.11/site-packages/airflow/example_dags/example_branch_operator_decorator.py took 0.053 seconds
[2025-12-06T09:39:05.999+0500] {processor.py:161} INFO - Started process (PID=5142) to work on /Users/symbat/airflow_local/.venv/lib/python3.11/site-packages/airflow/example_dags/example_branch_operator_decorator.py
[2025-12-06T09:39:06.000+0500] {processor.py:830} INFO - Processing file /Users/symbat/airflow_local/.venv/lib/python3.11/site-packages/airflow/example_dags/example_branch_operator_decorator.py for tasks to queue
[2025-12-06T09:39:06.000+0500] {logging_mixin.py:188} INFO - [2025-12-06T09:39:06.000+0500] {dagbag.py:545} INFO - Filling up the DagBag from /Users/symbat/airflow_local/.venv/lib/python3.11/site-packages/airflow/example_dags/example_branch_operator_decorator.py
[2025-12-06T09:39:06.012+0500] {processor.py:842} WARNING - No viable dags retrieved from /Users/symbat/airflow_local/.venv/lib/python3.11/site-packages/airflow/example_dags/example_branch_operator_decorator.py
[2025-12-06T09:39:06.056+0500] {processor.py:183} INFO - Processing /Users/symbat/airflow_local/.venv/lib/python3.11/site-packages/airflow/example_dags/example_branch_operator_decorator.py took 0.059 seconds
[2025-12-06T09:40:54.683+0500] {processor.py:161} INFO - Started process (PID=5396) to work on /Users/symbat/airflow_local/.venv/lib/python3.11/site-packages/airflow/example_dags/example_branch_operator_decorator.py
[2025-12-06T09:40:54.685+0500] {processor.py:830} INFO - Processing file /Users/symbat/airflow_local/.venv/lib/python3.11/site-packages/airflow/example_dags/example_branch_operator_decorator.py for tasks to queue
[2025-12-06T09:40:54.685+0500] {logging_mixin.py:188} INFO - [2025-12-06T09:40:54.685+0500] {dagbag.py:545} INFO - Filling up the DagBag from /Users/symbat/airflow_local/.venv/lib/python3.11/site-packages/airflow/example_dags/example_branch_operator_decorator.py
[2025-12-06T09:40:54.702+0500] {processor.py:842} WARNING - No viable dags retrieved from /Users/symbat/airflow_local/.venv/lib/python3.11/site-packages/airflow/example_dags/example_branch_operator_decorator.py
[2025-12-06T09:40:54.780+0500] {processor.py:183} INFO - Processing /Users/symbat/airflow_local/.venv/lib/python3.11/site-packages/airflow/example_dags/example_branch_operator_decorator.py took 0.099 seconds
[2025-12-06T09:41:07.911+0500] {processor.py:161} INFO - Started process (PID=5439) to work on /Users/symbat/airflow_local/.venv/lib/python3.11/site-packages/airflow/example_dags/example_branch_operator_decorator.py
[2025-12-06T09:41:07.912+0500] {processor.py:830} INFO - Processing file /Users/symbat/airflow_local/.venv/lib/python3.11/site-packages/airflow/example_dags/example_branch_operator_decorator.py for tasks to queue
[2025-12-06T09:41:07.913+0500] {logging_mixin.py:188} INFO - [2025-12-06T09:41:07.913+0500] {dagbag.py:545} INFO - Filling up the DagBag from /Users/symbat/airflow_local/.venv/lib/python3.11/site-packages/airflow/example_dags/example_branch_operator_decorator.py
[2025-12-06T09:41:07.930+0500] {processor.py:842} WARNING - No viable dags retrieved from /Users/symbat/airflow_local/.venv/lib/python3.11/site-packages/airflow/example_dags/example_branch_operator_decorator.py
[2025-12-06T09:41:07.986+0500] {processor.py:183} INFO - Processing /Users/symbat/airflow_local/.venv/lib/python3.11/site-packages/airflow/example_dags/example_branch_operator_decorator.py took 0.077 seconds
[2025-12-06T09:43:55.591+0500] {processor.py:161} INFO - Started process (PID=5880) to work on /Users/symbat/airflow_local/.venv/lib/python3.11/site-packages/airflow/example_dags/example_branch_operator_decorator.py
[2025-12-06T09:43:55.592+0500] {processor.py:830} INFO - Processing file /Users/symbat/airflow_local/.venv/lib/python3.11/site-packages/airflow/example_dags/example_branch_operator_decorator.py for tasks to queue
[2025-12-06T09:43:55.593+0500] {logging_mixin.py:188} INFO - [2025-12-06T09:43:55.592+0500] {dagbag.py:545} INFO - Filling up the DagBag from /Users/symbat/airflow_local/.venv/lib/python3.11/site-packages/airflow/example_dags/example_branch_operator_decorator.py
[2025-12-06T09:43:55.603+0500] {processor.py:842} WARNING - No viable dags retrieved from /Users/symbat/airflow_local/.venv/lib/python3.11/site-packages/airflow/example_dags/example_branch_operator_decorator.py
[2025-12-06T09:43:55.642+0500] {processor.py:183} INFO - Processing /Users/symbat/airflow_local/.venv/lib/python3.11/site-packages/airflow/example_dags/example_branch_operator_decorator.py took 0.052 seconds
[2025-12-06T09:44:39.356+0500] {processor.py:161} INFO - Started process (PID=5987) to work on /Users/symbat/airflow_local/.venv/lib/python3.11/site-packages/airflow/example_dags/example_branch_operator_decorator.py
[2025-12-06T09:44:39.357+0500] {processor.py:830} INFO - Processing file /Users/symbat/airflow_local/.venv/lib/python3.11/site-packages/airflow/example_dags/example_branch_operator_decorator.py for tasks to queue
[2025-12-06T09:44:39.357+0500] {logging_mixin.py:188} INFO - [2025-12-06T09:44:39.357+0500] {dagbag.py:545} INFO - Filling up the DagBag from /Users/symbat/airflow_local/.venv/lib/python3.11/site-packages/airflow/example_dags/example_branch_operator_decorator.py
[2025-12-06T09:44:39.373+0500] {processor.py:842} WARNING - No viable dags retrieved from /Users/symbat/airflow_local/.venv/lib/python3.11/site-packages/airflow/example_dags/example_branch_operator_decorator.py
[2025-12-06T09:44:39.412+0500] {processor.py:183} INFO - Processing /Users/symbat/airflow_local/.venv/lib/python3.11/site-packages/airflow/example_dags/example_branch_operator_decorator.py took 0.058 seconds
[2025-12-06T09:46:28.542+0500] {processor.py:161} INFO - Started process (PID=6263) to work on /Users/symbat/airflow_local/.venv/lib/python3.11/site-packages/airflow/example_dags/example_branch_operator_decorator.py
[2025-12-06T09:46:28.543+0500] {processor.py:830} INFO - Processing file /Users/symbat/airflow_local/.venv/lib/python3.11/site-packages/airflow/example_dags/example_branch_operator_decorator.py for tasks to queue
[2025-12-06T09:46:28.543+0500] {logging_mixin.py:188} INFO - [2025-12-06T09:46:28.543+0500] {dagbag.py:545} INFO - Filling up the DagBag from /Users/symbat/airflow_local/.venv/lib/python3.11/site-packages/airflow/example_dags/example_branch_operator_decorator.py
[2025-12-06T09:46:28.554+0500] {processor.py:842} WARNING - No viable dags retrieved from /Users/symbat/airflow_local/.venv/lib/python3.11/site-packages/airflow/example_dags/example_branch_operator_decorator.py
[2025-12-06T09:46:28.595+0500] {processor.py:183} INFO - Processing /Users/symbat/airflow_local/.venv/lib/python3.11/site-packages/airflow/example_dags/example_branch_operator_decorator.py took 0.055 seconds
[2025-12-06T09:48:29.911+0500] {processor.py:161} INFO - Started process (PID=6528) to work on /Users/symbat/airflow_local/.venv/lib/python3.11/site-packages/airflow/example_dags/example_branch_operator_decorator.py
[2025-12-06T09:48:29.912+0500] {processor.py:830} INFO - Processing file /Users/symbat/airflow_local/.venv/lib/python3.11/site-packages/airflow/example_dags/example_branch_operator_decorator.py for tasks to queue
[2025-12-06T09:48:29.912+0500] {logging_mixin.py:188} INFO - [2025-12-06T09:48:29.912+0500] {dagbag.py:545} INFO - Filling up the DagBag from /Users/symbat/airflow_local/.venv/lib/python3.11/site-packages/airflow/example_dags/example_branch_operator_decorator.py
[2025-12-06T09:48:29.923+0500] {processor.py:842} WARNING - No viable dags retrieved from /Users/symbat/airflow_local/.venv/lib/python3.11/site-packages/airflow/example_dags/example_branch_operator_decorator.py
[2025-12-06T09:48:29.963+0500] {processor.py:183} INFO - Processing /Users/symbat/airflow_local/.venv/lib/python3.11/site-packages/airflow/example_dags/example_branch_operator_decorator.py took 0.054 seconds
[2025-12-06T09:49:32.351+0500] {processor.py:161} INFO - Started process (PID=6662) to work on /Users/symbat/airflow_local/.venv/lib/python3.11/site-packages/airflow/example_dags/example_branch_operator_decorator.py
[2025-12-06T09:49:32.352+0500] {processor.py:830} INFO - Processing file /Users/symbat/airflow_local/.venv/lib/python3.11/site-packages/airflow/example_dags/example_branch_operator_decorator.py for tasks to queue
[2025-12-06T09:49:32.353+0500] {logging_mixin.py:188} INFO - [2025-12-06T09:49:32.353+0500] {dagbag.py:545} INFO - Filling up the DagBag from /Users/symbat/airflow_local/.venv/lib/python3.11/site-packages/airflow/example_dags/example_branch_operator_decorator.py
[2025-12-06T09:49:32.366+0500] {processor.py:842} WARNING - No viable dags retrieved from /Users/symbat/airflow_local/.venv/lib/python3.11/site-packages/airflow/example_dags/example_branch_operator_decorator.py
[2025-12-06T09:49:32.415+0500] {processor.py:183} INFO - Processing /Users/symbat/airflow_local/.venv/lib/python3.11/site-packages/airflow/example_dags/example_branch_operator_decorator.py took 0.069 seconds
[2025-12-06T09:50:12.997+0500] {processor.py:161} INFO - Started process (PID=6749) to work on /Users/symbat/airflow_local/.venv/lib/python3.11/site-packages/airflow/example_dags/example_branch_operator_decorator.py
[2025-12-06T09:50:12.998+0500] {processor.py:830} INFO - Processing file /Users/symbat/airflow_local/.venv/lib/python3.11/site-packages/airflow/example_dags/example_branch_operator_decorator.py for tasks to queue
[2025-12-06T09:50:12.998+0500] {logging_mixin.py:188} INFO - [2025-12-06T09:50:12.998+0500] {dagbag.py:545} INFO - Filling up the DagBag from /Users/symbat/airflow_local/.venv/lib/python3.11/site-packages/airflow/example_dags/example_branch_operator_decorator.py
[2025-12-06T09:50:13.009+0500] {processor.py:842} WARNING - No viable dags retrieved from /Users/symbat/airflow_local/.venv/lib/python3.11/site-packages/airflow/example_dags/example_branch_operator_decorator.py
[2025-12-06T09:50:13.046+0500] {processor.py:183} INFO - Processing /Users/symbat/airflow_local/.venv/lib/python3.11/site-packages/airflow/example_dags/example_branch_operator_decorator.py took 0.051 seconds
[2025-12-06T09:52:22.779+0500] {processor.py:161} INFO - Started process (PID=7055) to work on /Users/symbat/airflow_local/.venv/lib/python3.11/site-packages/airflow/example_dags/example_branch_operator_decorator.py
[2025-12-06T09:52:22.780+0500] {processor.py:830} INFO - Processing file /Users/symbat/airflow_local/.venv/lib/python3.11/site-packages/airflow/example_dags/example_branch_operator_decorator.py for tasks to queue
[2025-12-06T09:52:22.781+0500] {logging_mixin.py:188} INFO - [2025-12-06T09:52:22.781+0500] {dagbag.py:545} INFO - Filling up the DagBag from /Users/symbat/airflow_local/.venv/lib/python3.11/site-packages/airflow/example_dags/example_branch_operator_decorator.py
[2025-12-06T09:52:22.794+0500] {processor.py:842} WARNING - No viable dags retrieved from /Users/symbat/airflow_local/.venv/lib/python3.11/site-packages/airflow/example_dags/example_branch_operator_decorator.py
[2025-12-06T09:52:22.834+0500] {processor.py:183} INFO - Processing /Users/symbat/airflow_local/.venv/lib/python3.11/site-packages/airflow/example_dags/example_branch_operator_decorator.py took 0.056 seconds
[2025-12-06T09:55:04.744+0500] {processor.py:161} INFO - Started process (PID=7440) to work on /Users/symbat/airflow_local/.venv/lib/python3.11/site-packages/airflow/example_dags/example_branch_operator_decorator.py
[2025-12-06T09:55:04.745+0500] {processor.py:830} INFO - Processing file /Users/symbat/airflow_local/.venv/lib/python3.11/site-packages/airflow/example_dags/example_branch_operator_decorator.py for tasks to queue
[2025-12-06T09:55:04.746+0500] {logging_mixin.py:188} INFO - [2025-12-06T09:55:04.746+0500] {dagbag.py:545} INFO - Filling up the DagBag from /Users/symbat/airflow_local/.venv/lib/python3.11/site-packages/airflow/example_dags/example_branch_operator_decorator.py
[2025-12-06T09:55:04.759+0500] {processor.py:842} WARNING - No viable dags retrieved from /Users/symbat/airflow_local/.venv/lib/python3.11/site-packages/airflow/example_dags/example_branch_operator_decorator.py
[2025-12-06T09:55:04.807+0500] {processor.py:183} INFO - Processing /Users/symbat/airflow_local/.venv/lib/python3.11/site-packages/airflow/example_dags/example_branch_operator_decorator.py took 0.066 seconds
[2025-12-06T09:55:27.787+0500] {processor.py:161} INFO - Started process (PID=7501) to work on /Users/symbat/airflow_local/.venv/lib/python3.11/site-packages/airflow/example_dags/example_branch_operator_decorator.py
[2025-12-06T09:55:27.788+0500] {processor.py:830} INFO - Processing file /Users/symbat/airflow_local/.venv/lib/python3.11/site-packages/airflow/example_dags/example_branch_operator_decorator.py for tasks to queue
[2025-12-06T09:55:27.789+0500] {logging_mixin.py:188} INFO - [2025-12-06T09:55:27.788+0500] {dagbag.py:545} INFO - Filling up the DagBag from /Users/symbat/airflow_local/.venv/lib/python3.11/site-packages/airflow/example_dags/example_branch_operator_decorator.py
[2025-12-06T09:55:27.802+0500] {processor.py:842} WARNING - No viable dags retrieved from /Users/symbat/airflow_local/.venv/lib/python3.11/site-packages/airflow/example_dags/example_branch_operator_decorator.py
[2025-12-06T09:55:27.853+0500] {processor.py:183} INFO - Processing /Users/symbat/airflow_local/.venv/lib/python3.11/site-packages/airflow/example_dags/example_branch_operator_decorator.py took 0.069 seconds
[2025-12-06T09:55:34.463+0500] {processor.py:161} INFO - Started process (PID=7519) to work on /Users/symbat/airflow_local/.venv/lib/python3.11/site-packages/airflow/example_dags/example_branch_operator_decorator.py
[2025-12-06T09:55:34.465+0500] {processor.py:830} INFO - Processing file /Users/symbat/airflow_local/.venv/lib/python3.11/site-packages/airflow/example_dags/example_branch_operator_decorator.py for tasks to queue
[2025-12-06T09:55:34.466+0500] {logging_mixin.py:188} INFO - [2025-12-06T09:55:34.466+0500] {dagbag.py:545} INFO - Filling up the DagBag from /Users/symbat/airflow_local/.venv/lib/python3.11/site-packages/airflow/example_dags/example_branch_operator_decorator.py
[2025-12-06T09:55:34.483+0500] {processor.py:842} WARNING - No viable dags retrieved from /Users/symbat/airflow_local/.venv/lib/python3.11/site-packages/airflow/example_dags/example_branch_operator_decorator.py
[2025-12-06T09:55:34.523+0500] {processor.py:183} INFO - Processing /Users/symbat/airflow_local/.venv/lib/python3.11/site-packages/airflow/example_dags/example_branch_operator_decorator.py took 0.063 seconds
[2025-12-06T09:57:52.982+0500] {processor.py:161} INFO - Started process (PID=7847) to work on /Users/symbat/airflow_local/.venv/lib/python3.11/site-packages/airflow/example_dags/example_branch_operator_decorator.py
[2025-12-06T09:57:52.984+0500] {processor.py:830} INFO - Processing file /Users/symbat/airflow_local/.venv/lib/python3.11/site-packages/airflow/example_dags/example_branch_operator_decorator.py for tasks to queue
[2025-12-06T09:57:52.985+0500] {logging_mixin.py:188} INFO - [2025-12-06T09:57:52.985+0500] {dagbag.py:545} INFO - Filling up the DagBag from /Users/symbat/airflow_local/.venv/lib/python3.11/site-packages/airflow/example_dags/example_branch_operator_decorator.py
[2025-12-06T09:57:53.002+0500] {processor.py:842} WARNING - No viable dags retrieved from /Users/symbat/airflow_local/.venv/lib/python3.11/site-packages/airflow/example_dags/example_branch_operator_decorator.py
[2025-12-06T09:57:53.042+0500] {processor.py:183} INFO - Processing /Users/symbat/airflow_local/.venv/lib/python3.11/site-packages/airflow/example_dags/example_branch_operator_decorator.py took 0.066 seconds
[2025-12-06T10:00:40.096+0500] {processor.py:161} INFO - Started process (PID=8251) to work on /Users/symbat/airflow_local/.venv/lib/python3.11/site-packages/airflow/example_dags/example_branch_operator_decorator.py
[2025-12-06T10:00:40.097+0500] {processor.py:830} INFO - Processing file /Users/symbat/airflow_local/.venv/lib/python3.11/site-packages/airflow/example_dags/example_branch_operator_decorator.py for tasks to queue
[2025-12-06T10:00:40.098+0500] {logging_mixin.py:188} INFO - [2025-12-06T10:00:40.097+0500] {dagbag.py:545} INFO - Filling up the DagBag from /Users/symbat/airflow_local/.venv/lib/python3.11/site-packages/airflow/example_dags/example_branch_operator_decorator.py
[2025-12-06T10:00:40.114+0500] {processor.py:842} WARNING - No viable dags retrieved from /Users/symbat/airflow_local/.venv/lib/python3.11/site-packages/airflow/example_dags/example_branch_operator_decorator.py
[2025-12-06T10:00:40.160+0500] {processor.py:183} INFO - Processing /Users/symbat/airflow_local/.venv/lib/python3.11/site-packages/airflow/example_dags/example_branch_operator_decorator.py took 0.068 seconds
[2025-12-06T10:01:18.838+0500] {processor.py:161} INFO - Started process (PID=8342) to work on /Users/symbat/airflow_local/.venv/lib/python3.11/site-packages/airflow/example_dags/example_branch_operator_decorator.py
[2025-12-06T10:01:18.839+0500] {processor.py:830} INFO - Processing file /Users/symbat/airflow_local/.venv/lib/python3.11/site-packages/airflow/example_dags/example_branch_operator_decorator.py for tasks to queue
[2025-12-06T10:01:18.839+0500] {logging_mixin.py:188} INFO - [2025-12-06T10:01:18.839+0500] {dagbag.py:545} INFO - Filling up the DagBag from /Users/symbat/airflow_local/.venv/lib/python3.11/site-packages/airflow/example_dags/example_branch_operator_decorator.py
[2025-12-06T10:01:18.850+0500] {processor.py:842} WARNING - No viable dags retrieved from /Users/symbat/airflow_local/.venv/lib/python3.11/site-packages/airflow/example_dags/example_branch_operator_decorator.py
[2025-12-06T10:01:18.890+0500] {processor.py:183} INFO - Processing /Users/symbat/airflow_local/.venv/lib/python3.11/site-packages/airflow/example_dags/example_branch_operator_decorator.py took 0.054 seconds
[2025-12-06T10:02:46.064+0500] {processor.py:161} INFO - Started process (PID=8522) to work on /Users/symbat/airflow_local/.venv/lib/python3.11/site-packages/airflow/example_dags/example_branch_operator_decorator.py
[2025-12-06T10:02:46.065+0500] {processor.py:830} INFO - Processing file /Users/symbat/airflow_local/.venv/lib/python3.11/site-packages/airflow/example_dags/example_branch_operator_decorator.py for tasks to queue
[2025-12-06T10:02:46.066+0500] {logging_mixin.py:188} INFO - [2025-12-06T10:02:46.066+0500] {dagbag.py:545} INFO - Filling up the DagBag from /Users/symbat/airflow_local/.venv/lib/python3.11/site-packages/airflow/example_dags/example_branch_operator_decorator.py
[2025-12-06T10:02:46.080+0500] {processor.py:842} WARNING - No viable dags retrieved from /Users/symbat/airflow_local/.venv/lib/python3.11/site-packages/airflow/example_dags/example_branch_operator_decorator.py
[2025-12-06T10:02:46.131+0500] {processor.py:183} INFO - Processing /Users/symbat/airflow_local/.venv/lib/python3.11/site-packages/airflow/example_dags/example_branch_operator_decorator.py took 0.071 seconds
[2025-12-06T10:03:35.877+0500] {processor.py:161} INFO - Started process (PID=8634) to work on /Users/symbat/airflow_local/.venv/lib/python3.11/site-packages/airflow/example_dags/example_branch_operator_decorator.py
[2025-12-06T10:03:35.879+0500] {processor.py:830} INFO - Processing file /Users/symbat/airflow_local/.venv/lib/python3.11/site-packages/airflow/example_dags/example_branch_operator_decorator.py for tasks to queue
[2025-12-06T10:03:35.880+0500] {logging_mixin.py:188} INFO - [2025-12-06T10:03:35.879+0500] {dagbag.py:545} INFO - Filling up the DagBag from /Users/symbat/airflow_local/.venv/lib/python3.11/site-packages/airflow/example_dags/example_branch_operator_decorator.py
[2025-12-06T10:03:35.892+0500] {processor.py:842} WARNING - No viable dags retrieved from /Users/symbat/airflow_local/.venv/lib/python3.11/site-packages/airflow/example_dags/example_branch_operator_decorator.py
[2025-12-06T10:03:35.934+0500] {processor.py:183} INFO - Processing /Users/symbat/airflow_local/.venv/lib/python3.11/site-packages/airflow/example_dags/example_branch_operator_decorator.py took 0.058 seconds
[2025-12-06T10:06:38.747+0500] {processor.py:161} INFO - Started process (PID=9057) to work on /Users/symbat/airflow_local/.venv/lib/python3.11/site-packages/airflow/example_dags/example_branch_operator_decorator.py
[2025-12-06T10:06:38.748+0500] {processor.py:830} INFO - Processing file /Users/symbat/airflow_local/.venv/lib/python3.11/site-packages/airflow/example_dags/example_branch_operator_decorator.py for tasks to queue
[2025-12-06T10:06:38.748+0500] {logging_mixin.py:188} INFO - [2025-12-06T10:06:38.748+0500] {dagbag.py:545} INFO - Filling up the DagBag from /Users/symbat/airflow_local/.venv/lib/python3.11/site-packages/airflow/example_dags/example_branch_operator_decorator.py
[2025-12-06T10:06:38.763+0500] {processor.py:842} WARNING - No viable dags retrieved from /Users/symbat/airflow_local/.venv/lib/python3.11/site-packages/airflow/example_dags/example_branch_operator_decorator.py
[2025-12-06T10:06:38.811+0500] {processor.py:183} INFO - Processing /Users/symbat/airflow_local/.venv/lib/python3.11/site-packages/airflow/example_dags/example_branch_operator_decorator.py took 0.073 seconds
[2025-12-06T10:07:17.954+0500] {processor.py:161} INFO - Started process (PID=9127) to work on /Users/symbat/airflow_local/.venv/lib/python3.11/site-packages/airflow/example_dags/example_branch_operator_decorator.py
[2025-12-06T10:07:17.955+0500] {processor.py:830} INFO - Processing file /Users/symbat/airflow_local/.venv/lib/python3.11/site-packages/airflow/example_dags/example_branch_operator_decorator.py for tasks to queue
[2025-12-06T10:07:17.956+0500] {logging_mixin.py:188} INFO - [2025-12-06T10:07:17.956+0500] {dagbag.py:545} INFO - Filling up the DagBag from /Users/symbat/airflow_local/.venv/lib/python3.11/site-packages/airflow/example_dags/example_branch_operator_decorator.py
[2025-12-06T10:07:17.973+0500] {processor.py:842} WARNING - No viable dags retrieved from /Users/symbat/airflow_local/.venv/lib/python3.11/site-packages/airflow/example_dags/example_branch_operator_decorator.py
[2025-12-06T10:07:18.028+0500] {processor.py:183} INFO - Processing /Users/symbat/airflow_local/.venv/lib/python3.11/site-packages/airflow/example_dags/example_branch_operator_decorator.py took 0.079 seconds
[2025-12-06T10:09:40.526+0500] {processor.py:161} INFO - Started process (PID=9460) to work on /Users/symbat/airflow_local/.venv/lib/python3.11/site-packages/airflow/example_dags/example_branch_operator_decorator.py
[2025-12-06T10:09:40.527+0500] {processor.py:830} INFO - Processing file /Users/symbat/airflow_local/.venv/lib/python3.11/site-packages/airflow/example_dags/example_branch_operator_decorator.py for tasks to queue
[2025-12-06T10:09:40.528+0500] {logging_mixin.py:188} INFO - [2025-12-06T10:09:40.527+0500] {dagbag.py:545} INFO - Filling up the DagBag from /Users/symbat/airflow_local/.venv/lib/python3.11/site-packages/airflow/example_dags/example_branch_operator_decorator.py
[2025-12-06T10:09:40.541+0500] {processor.py:842} WARNING - No viable dags retrieved from /Users/symbat/airflow_local/.venv/lib/python3.11/site-packages/airflow/example_dags/example_branch_operator_decorator.py
[2025-12-06T10:09:40.601+0500] {processor.py:183} INFO - Processing /Users/symbat/airflow_local/.venv/lib/python3.11/site-packages/airflow/example_dags/example_branch_operator_decorator.py took 0.079 seconds
[2025-12-06T10:11:55.154+0500] {processor.py:161} INFO - Started process (PID=9749) to work on /Users/symbat/airflow_local/.venv/lib/python3.11/site-packages/airflow/example_dags/example_branch_operator_decorator.py
[2025-12-06T10:11:55.155+0500] {processor.py:830} INFO - Processing file /Users/symbat/airflow_local/.venv/lib/python3.11/site-packages/airflow/example_dags/example_branch_operator_decorator.py for tasks to queue
[2025-12-06T10:11:55.156+0500] {logging_mixin.py:188} INFO - [2025-12-06T10:11:55.156+0500] {dagbag.py:545} INFO - Filling up the DagBag from /Users/symbat/airflow_local/.venv/lib/python3.11/site-packages/airflow/example_dags/example_branch_operator_decorator.py
[2025-12-06T10:11:55.172+0500] {processor.py:842} WARNING - No viable dags retrieved from /Users/symbat/airflow_local/.venv/lib/python3.11/site-packages/airflow/example_dags/example_branch_operator_decorator.py
[2025-12-06T10:11:55.212+0500] {processor.py:183} INFO - Processing /Users/symbat/airflow_local/.venv/lib/python3.11/site-packages/airflow/example_dags/example_branch_operator_decorator.py took 0.060 seconds
[2025-12-06T10:12:58.333+0500] {processor.py:161} INFO - Started process (PID=9913) to work on /Users/symbat/airflow_local/.venv/lib/python3.11/site-packages/airflow/example_dags/example_branch_operator_decorator.py
[2025-12-06T10:12:58.335+0500] {processor.py:830} INFO - Processing file /Users/symbat/airflow_local/.venv/lib/python3.11/site-packages/airflow/example_dags/example_branch_operator_decorator.py for tasks to queue
[2025-12-06T10:12:58.336+0500] {logging_mixin.py:188} INFO - [2025-12-06T10:12:58.335+0500] {dagbag.py:545} INFO - Filling up the DagBag from /Users/symbat/airflow_local/.venv/lib/python3.11/site-packages/airflow/example_dags/example_branch_operator_decorator.py
[2025-12-06T10:12:58.353+0500] {processor.py:842} WARNING - No viable dags retrieved from /Users/symbat/airflow_local/.venv/lib/python3.11/site-packages/airflow/example_dags/example_branch_operator_decorator.py
[2025-12-06T10:12:58.394+0500] {processor.py:183} INFO - Processing /Users/symbat/airflow_local/.venv/lib/python3.11/site-packages/airflow/example_dags/example_branch_operator_decorator.py took 0.063 seconds
[2025-12-06T10:13:29.152+0500] {processor.py:161} INFO - Started process (PID=9993) to work on /Users/symbat/airflow_local/.venv/lib/python3.11/site-packages/airflow/example_dags/example_branch_operator_decorator.py
[2025-12-06T10:13:29.153+0500] {processor.py:830} INFO - Processing file /Users/symbat/airflow_local/.venv/lib/python3.11/site-packages/airflow/example_dags/example_branch_operator_decorator.py for tasks to queue
[2025-12-06T10:13:29.153+0500] {logging_mixin.py:188} INFO - [2025-12-06T10:13:29.153+0500] {dagbag.py:545} INFO - Filling up the DagBag from /Users/symbat/airflow_local/.venv/lib/python3.11/site-packages/airflow/example_dags/example_branch_operator_decorator.py
[2025-12-06T10:13:29.170+0500] {processor.py:842} WARNING - No viable dags retrieved from /Users/symbat/airflow_local/.venv/lib/python3.11/site-packages/airflow/example_dags/example_branch_operator_decorator.py
[2025-12-06T10:13:29.215+0500] {processor.py:183} INFO - Processing /Users/symbat/airflow_local/.venv/lib/python3.11/site-packages/airflow/example_dags/example_branch_operator_decorator.py took 0.065 seconds
[2025-12-06T10:15:37.852+0500] {processor.py:161} INFO - Started process (PID=10305) to work on /Users/symbat/airflow_local/.venv/lib/python3.11/site-packages/airflow/example_dags/example_branch_operator_decorator.py
[2025-12-06T10:15:37.853+0500] {processor.py:830} INFO - Processing file /Users/symbat/airflow_local/.venv/lib/python3.11/site-packages/airflow/example_dags/example_branch_operator_decorator.py for tasks to queue
[2025-12-06T10:15:37.853+0500] {logging_mixin.py:188} INFO - [2025-12-06T10:15:37.853+0500] {dagbag.py:545} INFO - Filling up the DagBag from /Users/symbat/airflow_local/.venv/lib/python3.11/site-packages/airflow/example_dags/example_branch_operator_decorator.py
[2025-12-06T10:15:37.865+0500] {processor.py:842} WARNING - No viable dags retrieved from /Users/symbat/airflow_local/.venv/lib/python3.11/site-packages/airflow/example_dags/example_branch_operator_decorator.py
[2025-12-06T10:15:37.905+0500] {processor.py:183} INFO - Processing /Users/symbat/airflow_local/.venv/lib/python3.11/site-packages/airflow/example_dags/example_branch_operator_decorator.py took 0.056 seconds
[2025-12-06T10:18:48.198+0500] {processor.py:161} INFO - Started process (PID=10739) to work on /Users/symbat/airflow_local/.venv/lib/python3.11/site-packages/airflow/example_dags/example_branch_operator_decorator.py
[2025-12-06T10:18:48.205+0500] {processor.py:830} INFO - Processing file /Users/symbat/airflow_local/.venv/lib/python3.11/site-packages/airflow/example_dags/example_branch_operator_decorator.py for tasks to queue
[2025-12-06T10:18:48.206+0500] {logging_mixin.py:188} INFO - [2025-12-06T10:18:48.206+0500] {dagbag.py:545} INFO - Filling up the DagBag from /Users/symbat/airflow_local/.venv/lib/python3.11/site-packages/airflow/example_dags/example_branch_operator_decorator.py
[2025-12-06T10:18:48.219+0500] {processor.py:842} WARNING - No viable dags retrieved from /Users/symbat/airflow_local/.venv/lib/python3.11/site-packages/airflow/example_dags/example_branch_operator_decorator.py
[2025-12-06T10:18:48.260+0500] {processor.py:183} INFO - Processing /Users/symbat/airflow_local/.venv/lib/python3.11/site-packages/airflow/example_dags/example_branch_operator_decorator.py took 0.067 seconds
[2025-12-06T10:19:30.685+0500] {processor.py:161} INFO - Started process (PID=10857) to work on /Users/symbat/airflow_local/.venv/lib/python3.11/site-packages/airflow/example_dags/example_branch_operator_decorator.py
[2025-12-06T10:19:30.686+0500] {processor.py:830} INFO - Processing file /Users/symbat/airflow_local/.venv/lib/python3.11/site-packages/airflow/example_dags/example_branch_operator_decorator.py for tasks to queue
[2025-12-06T10:19:30.686+0500] {logging_mixin.py:188} INFO - [2025-12-06T10:19:30.686+0500] {dagbag.py:545} INFO - Filling up the DagBag from /Users/symbat/airflow_local/.venv/lib/python3.11/site-packages/airflow/example_dags/example_branch_operator_decorator.py
[2025-12-06T10:19:30.698+0500] {processor.py:842} WARNING - No viable dags retrieved from /Users/symbat/airflow_local/.venv/lib/python3.11/site-packages/airflow/example_dags/example_branch_operator_decorator.py
[2025-12-06T10:19:30.737+0500] {processor.py:183} INFO - Processing /Users/symbat/airflow_local/.venv/lib/python3.11/site-packages/airflow/example_dags/example_branch_operator_decorator.py took 0.054 seconds
[2025-12-06T10:19:37.033+0500] {processor.py:161} INFO - Started process (PID=10873) to work on /Users/symbat/airflow_local/.venv/lib/python3.11/site-packages/airflow/example_dags/example_branch_operator_decorator.py
[2025-12-06T10:19:37.034+0500] {processor.py:830} INFO - Processing file /Users/symbat/airflow_local/.venv/lib/python3.11/site-packages/airflow/example_dags/example_branch_operator_decorator.py for tasks to queue
[2025-12-06T10:19:37.034+0500] {logging_mixin.py:188} INFO - [2025-12-06T10:19:37.034+0500] {dagbag.py:545} INFO - Filling up the DagBag from /Users/symbat/airflow_local/.venv/lib/python3.11/site-packages/airflow/example_dags/example_branch_operator_decorator.py
[2025-12-06T10:19:37.052+0500] {processor.py:842} WARNING - No viable dags retrieved from /Users/symbat/airflow_local/.venv/lib/python3.11/site-packages/airflow/example_dags/example_branch_operator_decorator.py
[2025-12-06T10:19:37.095+0500] {processor.py:183} INFO - Processing /Users/symbat/airflow_local/.venv/lib/python3.11/site-packages/airflow/example_dags/example_branch_operator_decorator.py took 0.065 seconds
[2025-12-06T10:21:29.860+0500] {processor.py:161} INFO - Started process (PID=11149) to work on /Users/symbat/airflow_local/.venv/lib/python3.11/site-packages/airflow/example_dags/example_branch_operator_decorator.py
[2025-12-06T10:21:29.862+0500] {processor.py:830} INFO - Processing file /Users/symbat/airflow_local/.venv/lib/python3.11/site-packages/airflow/example_dags/example_branch_operator_decorator.py for tasks to queue
[2025-12-06T10:21:29.863+0500] {logging_mixin.py:188} INFO - [2025-12-06T10:21:29.863+0500] {dagbag.py:545} INFO - Filling up the DagBag from /Users/symbat/airflow_local/.venv/lib/python3.11/site-packages/airflow/example_dags/example_branch_operator_decorator.py
[2025-12-06T10:21:29.885+0500] {processor.py:842} WARNING - No viable dags retrieved from /Users/symbat/airflow_local/.venv/lib/python3.11/site-packages/airflow/example_dags/example_branch_operator_decorator.py
[2025-12-06T10:21:29.977+0500] {processor.py:183} INFO - Processing /Users/symbat/airflow_local/.venv/lib/python3.11/site-packages/airflow/example_dags/example_branch_operator_decorator.py took 0.121 seconds
[2025-12-06T10:25:03.860+0500] {processor.py:161} INFO - Started process (PID=11612) to work on /Users/symbat/airflow_local/.venv/lib/python3.11/site-packages/airflow/example_dags/example_branch_operator_decorator.py
[2025-12-06T10:25:03.861+0500] {processor.py:830} INFO - Processing file /Users/symbat/airflow_local/.venv/lib/python3.11/site-packages/airflow/example_dags/example_branch_operator_decorator.py for tasks to queue
[2025-12-06T10:25:03.863+0500] {logging_mixin.py:188} INFO - [2025-12-06T10:25:03.862+0500] {dagbag.py:545} INFO - Filling up the DagBag from /Users/symbat/airflow_local/.venv/lib/python3.11/site-packages/airflow/example_dags/example_branch_operator_decorator.py
[2025-12-06T10:25:03.879+0500] {processor.py:842} WARNING - No viable dags retrieved from /Users/symbat/airflow_local/.venv/lib/python3.11/site-packages/airflow/example_dags/example_branch_operator_decorator.py
[2025-12-06T10:25:03.934+0500] {processor.py:183} INFO - Processing /Users/symbat/airflow_local/.venv/lib/python3.11/site-packages/airflow/example_dags/example_branch_operator_decorator.py took 0.077 seconds
[2025-12-06T10:26:08.663+0500] {processor.py:161} INFO - Started process (PID=11723) to work on /Users/symbat/airflow_local/.venv/lib/python3.11/site-packages/airflow/example_dags/example_branch_operator_decorator.py
[2025-12-06T10:26:08.665+0500] {processor.py:830} INFO - Processing file /Users/symbat/airflow_local/.venv/lib/python3.11/site-packages/airflow/example_dags/example_branch_operator_decorator.py for tasks to queue
[2025-12-06T10:26:08.666+0500] {logging_mixin.py:188} INFO - [2025-12-06T10:26:08.665+0500] {dagbag.py:545} INFO - Filling up the DagBag from /Users/symbat/airflow_local/.venv/lib/python3.11/site-packages/airflow/example_dags/example_branch_operator_decorator.py
[2025-12-06T10:26:08.687+0500] {processor.py:842} WARNING - No viable dags retrieved from /Users/symbat/airflow_local/.venv/lib/python3.11/site-packages/airflow/example_dags/example_branch_operator_decorator.py
[2025-12-06T10:26:08.752+0500] {processor.py:183} INFO - Processing /Users/symbat/airflow_local/.venv/lib/python3.11/site-packages/airflow/example_dags/example_branch_operator_decorator.py took 0.093 seconds
[2025-12-06T10:28:23.438+0500] {processor.py:161} INFO - Started process (PID=12000) to work on /Users/symbat/airflow_local/.venv/lib/python3.11/site-packages/airflow/example_dags/example_branch_operator_decorator.py
[2025-12-06T10:28:23.440+0500] {processor.py:830} INFO - Processing file /Users/symbat/airflow_local/.venv/lib/python3.11/site-packages/airflow/example_dags/example_branch_operator_decorator.py for tasks to queue
[2025-12-06T10:28:23.440+0500] {logging_mixin.py:188} INFO - [2025-12-06T10:28:23.440+0500] {dagbag.py:545} INFO - Filling up the DagBag from /Users/symbat/airflow_local/.venv/lib/python3.11/site-packages/airflow/example_dags/example_branch_operator_decorator.py
[2025-12-06T10:28:23.463+0500] {processor.py:842} WARNING - No viable dags retrieved from /Users/symbat/airflow_local/.venv/lib/python3.11/site-packages/airflow/example_dags/example_branch_operator_decorator.py
[2025-12-06T10:28:23.508+0500] {processor.py:183} INFO - Processing /Users/symbat/airflow_local/.venv/lib/python3.11/site-packages/airflow/example_dags/example_branch_operator_decorator.py took 0.073 seconds
[2025-12-06T10:29:06.353+0500] {processor.py:161} INFO - Started process (PID=12102) to work on /Users/symbat/airflow_local/.venv/lib/python3.11/site-packages/airflow/example_dags/example_branch_operator_decorator.py
[2025-12-06T10:29:06.354+0500] {processor.py:830} INFO - Processing file /Users/symbat/airflow_local/.venv/lib/python3.11/site-packages/airflow/example_dags/example_branch_operator_decorator.py for tasks to queue
[2025-12-06T10:29:06.354+0500] {logging_mixin.py:188} INFO - [2025-12-06T10:29:06.354+0500] {dagbag.py:545} INFO - Filling up the DagBag from /Users/symbat/airflow_local/.venv/lib/python3.11/site-packages/airflow/example_dags/example_branch_operator_decorator.py
[2025-12-06T10:29:06.368+0500] {processor.py:842} WARNING - No viable dags retrieved from /Users/symbat/airflow_local/.venv/lib/python3.11/site-packages/airflow/example_dags/example_branch_operator_decorator.py
[2025-12-06T10:29:06.421+0500] {processor.py:183} INFO - Processing /Users/symbat/airflow_local/.venv/lib/python3.11/site-packages/airflow/example_dags/example_branch_operator_decorator.py took 0.070 seconds
[2025-12-06T10:31:28.445+0500] {processor.py:161} INFO - Started process (PID=12414) to work on /Users/symbat/airflow_local/.venv/lib/python3.11/site-packages/airflow/example_dags/example_branch_operator_decorator.py
[2025-12-06T10:31:28.446+0500] {processor.py:830} INFO - Processing file /Users/symbat/airflow_local/.venv/lib/python3.11/site-packages/airflow/example_dags/example_branch_operator_decorator.py for tasks to queue
[2025-12-06T10:31:28.447+0500] {logging_mixin.py:188} INFO - [2025-12-06T10:31:28.447+0500] {dagbag.py:545} INFO - Filling up the DagBag from /Users/symbat/airflow_local/.venv/lib/python3.11/site-packages/airflow/example_dags/example_branch_operator_decorator.py
[2025-12-06T10:31:28.465+0500] {processor.py:842} WARNING - No viable dags retrieved from /Users/symbat/airflow_local/.venv/lib/python3.11/site-packages/airflow/example_dags/example_branch_operator_decorator.py
[2025-12-06T10:31:28.512+0500] {processor.py:183} INFO - Processing /Users/symbat/airflow_local/.venv/lib/python3.11/site-packages/airflow/example_dags/example_branch_operator_decorator.py took 0.070 seconds
[2025-12-06T10:32:31.180+0500] {processor.py:161} INFO - Started process (PID=12563) to work on /Users/symbat/airflow_local/.venv/lib/python3.11/site-packages/airflow/example_dags/example_branch_operator_decorator.py
[2025-12-06T10:32:31.181+0500] {processor.py:830} INFO - Processing file /Users/symbat/airflow_local/.venv/lib/python3.11/site-packages/airflow/example_dags/example_branch_operator_decorator.py for tasks to queue
[2025-12-06T10:32:31.182+0500] {logging_mixin.py:188} INFO - [2025-12-06T10:32:31.181+0500] {dagbag.py:545} INFO - Filling up the DagBag from /Users/symbat/airflow_local/.venv/lib/python3.11/site-packages/airflow/example_dags/example_branch_operator_decorator.py
[2025-12-06T10:32:31.193+0500] {processor.py:842} WARNING - No viable dags retrieved from /Users/symbat/airflow_local/.venv/lib/python3.11/site-packages/airflow/example_dags/example_branch_operator_decorator.py
[2025-12-06T10:32:31.234+0500] {processor.py:183} INFO - Processing /Users/symbat/airflow_local/.venv/lib/python3.11/site-packages/airflow/example_dags/example_branch_operator_decorator.py took 0.056 seconds
[2025-12-06T10:34:23.991+0500] {processor.py:161} INFO - Started process (PID=12825) to work on /Users/symbat/airflow_local/.venv/lib/python3.11/site-packages/airflow/example_dags/example_branch_operator_decorator.py
[2025-12-06T10:34:23.992+0500] {processor.py:830} INFO - Processing file /Users/symbat/airflow_local/.venv/lib/python3.11/site-packages/airflow/example_dags/example_branch_operator_decorator.py for tasks to queue
[2025-12-06T10:34:23.993+0500] {logging_mixin.py:188} INFO - [2025-12-06T10:34:23.993+0500] {dagbag.py:545} INFO - Filling up the DagBag from /Users/symbat/airflow_local/.venv/lib/python3.11/site-packages/airflow/example_dags/example_branch_operator_decorator.py
[2025-12-06T10:34:24.004+0500] {processor.py:842} WARNING - No viable dags retrieved from /Users/symbat/airflow_local/.venv/lib/python3.11/site-packages/airflow/example_dags/example_branch_operator_decorator.py
[2025-12-06T10:34:24.055+0500] {processor.py:183} INFO - Processing /Users/symbat/airflow_local/.venv/lib/python3.11/site-packages/airflow/example_dags/example_branch_operator_decorator.py took 0.066 seconds
[2025-12-06T10:37:20.892+0500] {processor.py:161} INFO - Started process (PID=13202) to work on /Users/symbat/airflow_local/.venv/lib/python3.11/site-packages/airflow/example_dags/example_branch_operator_decorator.py
[2025-12-06T10:37:20.894+0500] {processor.py:830} INFO - Processing file /Users/symbat/airflow_local/.venv/lib/python3.11/site-packages/airflow/example_dags/example_branch_operator_decorator.py for tasks to queue
[2025-12-06T10:37:20.895+0500] {logging_mixin.py:188} INFO - [2025-12-06T10:37:20.895+0500] {dagbag.py:545} INFO - Filling up the DagBag from /Users/symbat/airflow_local/.venv/lib/python3.11/site-packages/airflow/example_dags/example_branch_operator_decorator.py
[2025-12-06T10:37:20.913+0500] {processor.py:842} WARNING - No viable dags retrieved from /Users/symbat/airflow_local/.venv/lib/python3.11/site-packages/airflow/example_dags/example_branch_operator_decorator.py
[2025-12-06T10:37:20.968+0500] {processor.py:183} INFO - Processing /Users/symbat/airflow_local/.venv/lib/python3.11/site-packages/airflow/example_dags/example_branch_operator_decorator.py took 0.080 seconds
[2025-12-06T10:37:29.065+0500] {processor.py:161} INFO - Started process (PID=13226) to work on /Users/symbat/airflow_local/.venv/lib/python3.11/site-packages/airflow/example_dags/example_branch_operator_decorator.py
[2025-12-06T10:37:29.067+0500] {processor.py:830} INFO - Processing file /Users/symbat/airflow_local/.venv/lib/python3.11/site-packages/airflow/example_dags/example_branch_operator_decorator.py for tasks to queue
[2025-12-06T10:37:29.069+0500] {logging_mixin.py:188} INFO - [2025-12-06T10:37:29.068+0500] {dagbag.py:545} INFO - Filling up the DagBag from /Users/symbat/airflow_local/.venv/lib/python3.11/site-packages/airflow/example_dags/example_branch_operator_decorator.py
[2025-12-06T10:37:29.091+0500] {processor.py:842} WARNING - No viable dags retrieved from /Users/symbat/airflow_local/.venv/lib/python3.11/site-packages/airflow/example_dags/example_branch_operator_decorator.py
[2025-12-06T10:37:29.147+0500] {processor.py:183} INFO - Processing /Users/symbat/airflow_local/.venv/lib/python3.11/site-packages/airflow/example_dags/example_branch_operator_decorator.py took 0.087 seconds
[2025-12-06T10:38:48.766+0500] {processor.py:161} INFO - Started process (PID=13404) to work on /Users/symbat/airflow_local/.venv/lib/python3.11/site-packages/airflow/example_dags/example_branch_operator_decorator.py
[2025-12-06T10:38:48.767+0500] {processor.py:830} INFO - Processing file /Users/symbat/airflow_local/.venv/lib/python3.11/site-packages/airflow/example_dags/example_branch_operator_decorator.py for tasks to queue
[2025-12-06T10:38:48.767+0500] {logging_mixin.py:188} INFO - [2025-12-06T10:38:48.767+0500] {dagbag.py:545} INFO - Filling up the DagBag from /Users/symbat/airflow_local/.venv/lib/python3.11/site-packages/airflow/example_dags/example_branch_operator_decorator.py
[2025-12-06T10:38:48.780+0500] {processor.py:842} WARNING - No viable dags retrieved from /Users/symbat/airflow_local/.venv/lib/python3.11/site-packages/airflow/example_dags/example_branch_operator_decorator.py
[2025-12-06T10:38:48.824+0500] {processor.py:183} INFO - Processing /Users/symbat/airflow_local/.venv/lib/python3.11/site-packages/airflow/example_dags/example_branch_operator_decorator.py took 0.060 seconds
[2025-12-06T10:40:52.367+0500] {processor.py:161} INFO - Started process (PID=13698) to work on /Users/symbat/airflow_local/.venv/lib/python3.11/site-packages/airflow/example_dags/example_branch_operator_decorator.py
[2025-12-06T10:40:52.369+0500] {processor.py:830} INFO - Processing file /Users/symbat/airflow_local/.venv/lib/python3.11/site-packages/airflow/example_dags/example_branch_operator_decorator.py for tasks to queue
[2025-12-06T10:40:52.369+0500] {logging_mixin.py:188} INFO - [2025-12-06T10:40:52.369+0500] {dagbag.py:545} INFO - Filling up the DagBag from /Users/symbat/airflow_local/.venv/lib/python3.11/site-packages/airflow/example_dags/example_branch_operator_decorator.py
[2025-12-06T10:40:52.385+0500] {processor.py:842} WARNING - No viable dags retrieved from /Users/symbat/airflow_local/.venv/lib/python3.11/site-packages/airflow/example_dags/example_branch_operator_decorator.py
[2025-12-06T10:40:52.439+0500] {processor.py:183} INFO - Processing /Users/symbat/airflow_local/.venv/lib/python3.11/site-packages/airflow/example_dags/example_branch_operator_decorator.py took 0.074 seconds
[2025-12-06T10:42:48.832+0500] {processor.py:161} INFO - Started process (PID=13942) to work on /Users/symbat/airflow_local/.venv/lib/python3.11/site-packages/airflow/example_dags/example_branch_operator_decorator.py
[2025-12-06T10:42:48.833+0500] {processor.py:830} INFO - Processing file /Users/symbat/airflow_local/.venv/lib/python3.11/site-packages/airflow/example_dags/example_branch_operator_decorator.py for tasks to queue
[2025-12-06T10:42:48.833+0500] {logging_mixin.py:188} INFO - [2025-12-06T10:42:48.833+0500] {dagbag.py:545} INFO - Filling up the DagBag from /Users/symbat/airflow_local/.venv/lib/python3.11/site-packages/airflow/example_dags/example_branch_operator_decorator.py
[2025-12-06T10:42:48.849+0500] {processor.py:842} WARNING - No viable dags retrieved from /Users/symbat/airflow_local/.venv/lib/python3.11/site-packages/airflow/example_dags/example_branch_operator_decorator.py
[2025-12-06T10:42:48.915+0500] {processor.py:183} INFO - Processing /Users/symbat/airflow_local/.venv/lib/python3.11/site-packages/airflow/example_dags/example_branch_operator_decorator.py took 0.085 seconds
[2025-12-06T10:44:07.548+0500] {processor.py:161} INFO - Started process (PID=14127) to work on /Users/symbat/airflow_local/.venv/lib/python3.11/site-packages/airflow/example_dags/example_branch_operator_decorator.py
[2025-12-06T10:44:07.550+0500] {processor.py:830} INFO - Processing file /Users/symbat/airflow_local/.venv/lib/python3.11/site-packages/airflow/example_dags/example_branch_operator_decorator.py for tasks to queue
[2025-12-06T10:44:07.551+0500] {logging_mixin.py:188} INFO - [2025-12-06T10:44:07.551+0500] {dagbag.py:545} INFO - Filling up the DagBag from /Users/symbat/airflow_local/.venv/lib/python3.11/site-packages/airflow/example_dags/example_branch_operator_decorator.py
[2025-12-06T10:44:07.565+0500] {processor.py:842} WARNING - No viable dags retrieved from /Users/symbat/airflow_local/.venv/lib/python3.11/site-packages/airflow/example_dags/example_branch_operator_decorator.py
[2025-12-06T10:44:07.625+0500] {processor.py:183} INFO - Processing /Users/symbat/airflow_local/.venv/lib/python3.11/site-packages/airflow/example_dags/example_branch_operator_decorator.py took 0.080 seconds
[2025-12-06T10:46:35.734+0500] {processor.py:161} INFO - Started process (PID=14445) to work on /Users/symbat/airflow_local/.venv/lib/python3.11/site-packages/airflow/example_dags/example_branch_operator_decorator.py
[2025-12-06T10:46:35.735+0500] {processor.py:830} INFO - Processing file /Users/symbat/airflow_local/.venv/lib/python3.11/site-packages/airflow/example_dags/example_branch_operator_decorator.py for tasks to queue
[2025-12-06T10:46:35.736+0500] {logging_mixin.py:188} INFO - [2025-12-06T10:46:35.736+0500] {dagbag.py:545} INFO - Filling up the DagBag from /Users/symbat/airflow_local/.venv/lib/python3.11/site-packages/airflow/example_dags/example_branch_operator_decorator.py
[2025-12-06T10:46:35.754+0500] {processor.py:842} WARNING - No viable dags retrieved from /Users/symbat/airflow_local/.venv/lib/python3.11/site-packages/airflow/example_dags/example_branch_operator_decorator.py
[2025-12-06T10:46:35.819+0500] {processor.py:183} INFO - Processing /Users/symbat/airflow_local/.venv/lib/python3.11/site-packages/airflow/example_dags/example_branch_operator_decorator.py took 0.089 seconds
[2025-12-06T10:47:11.059+0500] {processor.py:161} INFO - Started process (PID=14545) to work on /Users/symbat/airflow_local/.venv/lib/python3.11/site-packages/airflow/example_dags/example_branch_operator_decorator.py
[2025-12-06T10:47:11.060+0500] {processor.py:830} INFO - Processing file /Users/symbat/airflow_local/.venv/lib/python3.11/site-packages/airflow/example_dags/example_branch_operator_decorator.py for tasks to queue
[2025-12-06T10:47:11.060+0500] {logging_mixin.py:188} INFO - [2025-12-06T10:47:11.060+0500] {dagbag.py:545} INFO - Filling up the DagBag from /Users/symbat/airflow_local/.venv/lib/python3.11/site-packages/airflow/example_dags/example_branch_operator_decorator.py
[2025-12-06T10:47:11.073+0500] {processor.py:842} WARNING - No viable dags retrieved from /Users/symbat/airflow_local/.venv/lib/python3.11/site-packages/airflow/example_dags/example_branch_operator_decorator.py
[2025-12-06T10:47:11.117+0500] {processor.py:183} INFO - Processing /Users/symbat/airflow_local/.venv/lib/python3.11/site-packages/airflow/example_dags/example_branch_operator_decorator.py took 0.060 seconds
