[2025-12-06T08:26:51.437+0500] {processor.py:161} INFO - Started process (PID=93857) to work on /Users/symbat/airflow_local/.venv/lib/python3.11/site-packages/airflow/example_dags/example_branch_operator.py
[2025-12-06T08:26:51.438+0500] {processor.py:830} INFO - Processing file /Users/symbat/airflow_local/.venv/lib/python3.11/site-packages/airflow/example_dags/example_branch_operator.py for tasks to queue
[2025-12-06T08:26:51.438+0500] {logging_mixin.py:188} INFO - [2025-12-06T08:26:51.438+0500] {dagbag.py:545} INFO - Filling up the DagBag from /Users/symbat/airflow_local/.venv/lib/python3.11/site-packages/airflow/example_dags/example_branch_operator.py
[2025-12-06T08:26:51.448+0500] {processor.py:842} WARNING - No viable dags retrieved from /Users/symbat/airflow_local/.venv/lib/python3.11/site-packages/airflow/example_dags/example_branch_operator.py
[2025-12-06T08:26:51.481+0500] {processor.py:183} INFO - Processing /Users/symbat/airflow_local/.venv/lib/python3.11/site-packages/airflow/example_dags/example_branch_operator.py took 0.045 seconds
[2025-12-06T08:26:56.658+0500] {processor.py:161} INFO - Started process (PID=93865) to work on /Users/symbat/airflow_local/.venv/lib/python3.11/site-packages/airflow/example_dags/example_branch_operator.py
[2025-12-06T08:26:56.659+0500] {processor.py:830} INFO - Processing file /Users/symbat/airflow_local/.venv/lib/python3.11/site-packages/airflow/example_dags/example_branch_operator.py for tasks to queue
[2025-12-06T08:26:56.659+0500] {logging_mixin.py:188} INFO - [2025-12-06T08:26:56.659+0500] {dagbag.py:545} INFO - Filling up the DagBag from /Users/symbat/airflow_local/.venv/lib/python3.11/site-packages/airflow/example_dags/example_branch_operator.py
[2025-12-06T08:26:56.677+0500] {processor.py:842} WARNING - No viable dags retrieved from /Users/symbat/airflow_local/.venv/lib/python3.11/site-packages/airflow/example_dags/example_branch_operator.py
[2025-12-06T08:26:56.710+0500] {processor.py:183} INFO - Processing /Users/symbat/airflow_local/.venv/lib/python3.11/site-packages/airflow/example_dags/example_branch_operator.py took 0.054 seconds
[2025-12-06T08:35:37.744+0500] {processor.py:161} INFO - Started process (PID=94981) to work on /Users/symbat/airflow_local/.venv/lib/python3.11/site-packages/airflow/example_dags/example_branch_operator.py
[2025-12-06T08:35:37.744+0500] {processor.py:830} INFO - Processing file /Users/symbat/airflow_local/.venv/lib/python3.11/site-packages/airflow/example_dags/example_branch_operator.py for tasks to queue
[2025-12-06T08:35:37.745+0500] {logging_mixin.py:188} INFO - [2025-12-06T08:35:37.745+0500] {dagbag.py:545} INFO - Filling up the DagBag from /Users/symbat/airflow_local/.venv/lib/python3.11/site-packages/airflow/example_dags/example_branch_operator.py
[2025-12-06T08:35:37.756+0500] {processor.py:842} WARNING - No viable dags retrieved from /Users/symbat/airflow_local/.venv/lib/python3.11/site-packages/airflow/example_dags/example_branch_operator.py
[2025-12-06T08:35:37.798+0500] {processor.py:183} INFO - Processing /Users/symbat/airflow_local/.venv/lib/python3.11/site-packages/airflow/example_dags/example_branch_operator.py took 0.056 seconds
[2025-12-06T08:36:44.437+0500] {processor.py:161} INFO - Started process (PID=95118) to work on /Users/symbat/airflow_local/.venv/lib/python3.11/site-packages/airflow/example_dags/example_branch_operator.py
[2025-12-06T08:36:44.439+0500] {processor.py:830} INFO - Processing file /Users/symbat/airflow_local/.venv/lib/python3.11/site-packages/airflow/example_dags/example_branch_operator.py for tasks to queue
[2025-12-06T08:36:44.439+0500] {logging_mixin.py:188} INFO - [2025-12-06T08:36:44.439+0500] {dagbag.py:545} INFO - Filling up the DagBag from /Users/symbat/airflow_local/.venv/lib/python3.11/site-packages/airflow/example_dags/example_branch_operator.py
[2025-12-06T08:36:44.449+0500] {processor.py:842} WARNING - No viable dags retrieved from /Users/symbat/airflow_local/.venv/lib/python3.11/site-packages/airflow/example_dags/example_branch_operator.py
[2025-12-06T08:36:44.482+0500] {processor.py:183} INFO - Processing /Users/symbat/airflow_local/.venv/lib/python3.11/site-packages/airflow/example_dags/example_branch_operator.py took 0.046 seconds
[2025-12-06T08:40:37.973+0500] {processor.py:161} INFO - Started process (PID=95629) to work on /Users/symbat/airflow_local/.venv/lib/python3.11/site-packages/airflow/example_dags/example_branch_operator.py
[2025-12-06T08:40:37.974+0500] {processor.py:830} INFO - Processing file /Users/symbat/airflow_local/.venv/lib/python3.11/site-packages/airflow/example_dags/example_branch_operator.py for tasks to queue
[2025-12-06T08:40:37.974+0500] {logging_mixin.py:188} INFO - [2025-12-06T08:40:37.974+0500] {dagbag.py:545} INFO - Filling up the DagBag from /Users/symbat/airflow_local/.venv/lib/python3.11/site-packages/airflow/example_dags/example_branch_operator.py
[2025-12-06T08:40:37.994+0500] {processor.py:842} WARNING - No viable dags retrieved from /Users/symbat/airflow_local/.venv/lib/python3.11/site-packages/airflow/example_dags/example_branch_operator.py
[2025-12-06T08:40:38.045+0500] {processor.py:183} INFO - Processing /Users/symbat/airflow_local/.venv/lib/python3.11/site-packages/airflow/example_dags/example_branch_operator.py took 0.075 seconds
[2025-12-06T08:48:29.289+0500] {processor.py:161} INFO - Started process (PID=97063) to work on /Users/symbat/airflow_local/.venv/lib/python3.11/site-packages/airflow/example_dags/example_branch_operator.py
[2025-12-06T08:48:29.289+0500] {processor.py:830} INFO - Processing file /Users/symbat/airflow_local/.venv/lib/python3.11/site-packages/airflow/example_dags/example_branch_operator.py for tasks to queue
[2025-12-06T08:48:29.290+0500] {logging_mixin.py:188} INFO - [2025-12-06T08:48:29.290+0500] {dagbag.py:545} INFO - Filling up the DagBag from /Users/symbat/airflow_local/.venv/lib/python3.11/site-packages/airflow/example_dags/example_branch_operator.py
[2025-12-06T08:48:29.299+0500] {processor.py:842} WARNING - No viable dags retrieved from /Users/symbat/airflow_local/.venv/lib/python3.11/site-packages/airflow/example_dags/example_branch_operator.py
[2025-12-06T08:48:29.332+0500] {processor.py:183} INFO - Processing /Users/symbat/airflow_local/.venv/lib/python3.11/site-packages/airflow/example_dags/example_branch_operator.py took 0.045 seconds
[2025-12-06T08:54:12.501+0500] {processor.py:161} INFO - Started process (PID=97596) to work on /Users/symbat/airflow_local/.venv/lib/python3.11/site-packages/airflow/example_dags/example_branch_operator.py
[2025-12-06T08:54:12.502+0500] {processor.py:830} INFO - Processing file /Users/symbat/airflow_local/.venv/lib/python3.11/site-packages/airflow/example_dags/example_branch_operator.py for tasks to queue
[2025-12-06T08:54:12.502+0500] {logging_mixin.py:188} INFO - [2025-12-06T08:54:12.502+0500] {dagbag.py:545} INFO - Filling up the DagBag from /Users/symbat/airflow_local/.venv/lib/python3.11/site-packages/airflow/example_dags/example_branch_operator.py
[2025-12-06T08:54:12.517+0500] {processor.py:842} WARNING - No viable dags retrieved from /Users/symbat/airflow_local/.venv/lib/python3.11/site-packages/airflow/example_dags/example_branch_operator.py
[2025-12-06T08:54:12.552+0500] {processor.py:183} INFO - Processing /Users/symbat/airflow_local/.venv/lib/python3.11/site-packages/airflow/example_dags/example_branch_operator.py took 0.053 seconds
[2025-12-06T08:58:04.690+0500] {processor.py:161} INFO - Started process (PID=97893) to work on /Users/symbat/airflow_local/.venv/lib/python3.11/site-packages/airflow/example_dags/example_branch_operator.py
[2025-12-06T08:58:04.691+0500] {processor.py:830} INFO - Processing file /Users/symbat/airflow_local/.venv/lib/python3.11/site-packages/airflow/example_dags/example_branch_operator.py for tasks to queue
[2025-12-06T08:58:04.691+0500] {logging_mixin.py:188} INFO - [2025-12-06T08:58:04.691+0500] {dagbag.py:545} INFO - Filling up the DagBag from /Users/symbat/airflow_local/.venv/lib/python3.11/site-packages/airflow/example_dags/example_branch_operator.py
[2025-12-06T08:58:04.702+0500] {processor.py:842} WARNING - No viable dags retrieved from /Users/symbat/airflow_local/.venv/lib/python3.11/site-packages/airflow/example_dags/example_branch_operator.py
[2025-12-06T08:58:04.735+0500] {processor.py:183} INFO - Processing /Users/symbat/airflow_local/.venv/lib/python3.11/site-packages/airflow/example_dags/example_branch_operator.py took 0.047 seconds
[2025-12-06T08:59:05.264+0500] {processor.py:161} INFO - Started process (PID=98018) to work on /Users/symbat/airflow_local/.venv/lib/python3.11/site-packages/airflow/example_dags/example_branch_operator.py
[2025-12-06T08:59:05.265+0500] {processor.py:830} INFO - Processing file /Users/symbat/airflow_local/.venv/lib/python3.11/site-packages/airflow/example_dags/example_branch_operator.py for tasks to queue
[2025-12-06T08:59:05.265+0500] {logging_mixin.py:188} INFO - [2025-12-06T08:59:05.265+0500] {dagbag.py:545} INFO - Filling up the DagBag from /Users/symbat/airflow_local/.venv/lib/python3.11/site-packages/airflow/example_dags/example_branch_operator.py
[2025-12-06T08:59:05.281+0500] {processor.py:842} WARNING - No viable dags retrieved from /Users/symbat/airflow_local/.venv/lib/python3.11/site-packages/airflow/example_dags/example_branch_operator.py
[2025-12-06T08:59:05.321+0500] {processor.py:183} INFO - Processing /Users/symbat/airflow_local/.venv/lib/python3.11/site-packages/airflow/example_dags/example_branch_operator.py took 0.059 seconds
[2025-12-06T09:02:12.574+0500] {processor.py:161} INFO - Started process (PID=98316) to work on /Users/symbat/airflow_local/.venv/lib/python3.11/site-packages/airflow/example_dags/example_branch_operator.py
[2025-12-06T09:02:12.575+0500] {processor.py:830} INFO - Processing file /Users/symbat/airflow_local/.venv/lib/python3.11/site-packages/airflow/example_dags/example_branch_operator.py for tasks to queue
[2025-12-06T09:02:12.575+0500] {logging_mixin.py:188} INFO - [2025-12-06T09:02:12.575+0500] {dagbag.py:545} INFO - Filling up the DagBag from /Users/symbat/airflow_local/.venv/lib/python3.11/site-packages/airflow/example_dags/example_branch_operator.py
[2025-12-06T09:02:12.591+0500] {processor.py:842} WARNING - No viable dags retrieved from /Users/symbat/airflow_local/.venv/lib/python3.11/site-packages/airflow/example_dags/example_branch_operator.py
[2025-12-06T09:02:12.634+0500] {processor.py:183} INFO - Processing /Users/symbat/airflow_local/.venv/lib/python3.11/site-packages/airflow/example_dags/example_branch_operator.py took 0.062 seconds
[2025-12-06T09:03:24.492+0500] {processor.py:161} INFO - Started process (PID=98470) to work on /Users/symbat/airflow_local/.venv/lib/python3.11/site-packages/airflow/example_dags/example_branch_operator.py
[2025-12-06T09:03:24.494+0500] {processor.py:830} INFO - Processing file /Users/symbat/airflow_local/.venv/lib/python3.11/site-packages/airflow/example_dags/example_branch_operator.py for tasks to queue
[2025-12-06T09:03:24.494+0500] {logging_mixin.py:188} INFO - [2025-12-06T09:03:24.494+0500] {dagbag.py:545} INFO - Filling up the DagBag from /Users/symbat/airflow_local/.venv/lib/python3.11/site-packages/airflow/example_dags/example_branch_operator.py
[2025-12-06T09:03:24.510+0500] {processor.py:842} WARNING - No viable dags retrieved from /Users/symbat/airflow_local/.venv/lib/python3.11/site-packages/airflow/example_dags/example_branch_operator.py
[2025-12-06T09:03:24.565+0500] {processor.py:183} INFO - Processing /Users/symbat/airflow_local/.venv/lib/python3.11/site-packages/airflow/example_dags/example_branch_operator.py took 0.075 seconds
[2025-12-06T09:04:21.188+0500] {processor.py:161} INFO - Started process (PID=98598) to work on /Users/symbat/airflow_local/.venv/lib/python3.11/site-packages/airflow/example_dags/example_branch_operator.py
[2025-12-06T09:04:21.190+0500] {processor.py:830} INFO - Processing file /Users/symbat/airflow_local/.venv/lib/python3.11/site-packages/airflow/example_dags/example_branch_operator.py for tasks to queue
[2025-12-06T09:04:21.190+0500] {logging_mixin.py:188} INFO - [2025-12-06T09:04:21.190+0500] {dagbag.py:545} INFO - Filling up the DagBag from /Users/symbat/airflow_local/.venv/lib/python3.11/site-packages/airflow/example_dags/example_branch_operator.py
[2025-12-06T09:04:21.200+0500] {processor.py:842} WARNING - No viable dags retrieved from /Users/symbat/airflow_local/.venv/lib/python3.11/site-packages/airflow/example_dags/example_branch_operator.py
[2025-12-06T09:04:21.233+0500] {processor.py:183} INFO - Processing /Users/symbat/airflow_local/.venv/lib/python3.11/site-packages/airflow/example_dags/example_branch_operator.py took 0.047 seconds
[2025-12-06T09:06:35.332+0500] {processor.py:161} INFO - Started process (PID=99182) to work on /Users/symbat/airflow_local/.venv/lib/python3.11/site-packages/airflow/example_dags/example_branch_operator.py
[2025-12-06T09:06:35.334+0500] {processor.py:830} INFO - Processing file /Users/symbat/airflow_local/.venv/lib/python3.11/site-packages/airflow/example_dags/example_branch_operator.py for tasks to queue
[2025-12-06T09:06:35.334+0500] {logging_mixin.py:188} INFO - [2025-12-06T09:06:35.334+0500] {dagbag.py:545} INFO - Filling up the DagBag from /Users/symbat/airflow_local/.venv/lib/python3.11/site-packages/airflow/example_dags/example_branch_operator.py
[2025-12-06T09:06:35.346+0500] {processor.py:842} WARNING - No viable dags retrieved from /Users/symbat/airflow_local/.venv/lib/python3.11/site-packages/airflow/example_dags/example_branch_operator.py
[2025-12-06T09:06:35.385+0500] {processor.py:183} INFO - Processing /Users/symbat/airflow_local/.venv/lib/python3.11/site-packages/airflow/example_dags/example_branch_operator.py took 0.055 seconds
[2025-12-06T09:08:20.533+0500] {processor.py:161} INFO - Started process (PID=99449) to work on /Users/symbat/airflow_local/.venv/lib/python3.11/site-packages/airflow/example_dags/example_branch_operator.py
[2025-12-06T09:08:20.539+0500] {processor.py:830} INFO - Processing file /Users/symbat/airflow_local/.venv/lib/python3.11/site-packages/airflow/example_dags/example_branch_operator.py for tasks to queue
[2025-12-06T09:08:20.540+0500] {logging_mixin.py:188} INFO - [2025-12-06T09:08:20.540+0500] {dagbag.py:545} INFO - Filling up the DagBag from /Users/symbat/airflow_local/.venv/lib/python3.11/site-packages/airflow/example_dags/example_branch_operator.py
[2025-12-06T09:08:20.559+0500] {processor.py:842} WARNING - No viable dags retrieved from /Users/symbat/airflow_local/.venv/lib/python3.11/site-packages/airflow/example_dags/example_branch_operator.py
[2025-12-06T09:08:20.595+0500] {processor.py:183} INFO - Processing /Users/symbat/airflow_local/.venv/lib/python3.11/site-packages/airflow/example_dags/example_branch_operator.py took 0.068 seconds
[2025-12-06T09:08:40.146+0500] {processor.py:161} INFO - Started process (PID=99510) to work on /Users/symbat/airflow_local/.venv/lib/python3.11/site-packages/airflow/example_dags/example_branch_operator.py
[2025-12-06T09:08:40.147+0500] {processor.py:830} INFO - Processing file /Users/symbat/airflow_local/.venv/lib/python3.11/site-packages/airflow/example_dags/example_branch_operator.py for tasks to queue
[2025-12-06T09:08:40.147+0500] {logging_mixin.py:188} INFO - [2025-12-06T09:08:40.147+0500] {dagbag.py:545} INFO - Filling up the DagBag from /Users/symbat/airflow_local/.venv/lib/python3.11/site-packages/airflow/example_dags/example_branch_operator.py
[2025-12-06T09:08:40.159+0500] {processor.py:842} WARNING - No viable dags retrieved from /Users/symbat/airflow_local/.venv/lib/python3.11/site-packages/airflow/example_dags/example_branch_operator.py
[2025-12-06T09:08:40.224+0500] {processor.py:183} INFO - Processing /Users/symbat/airflow_local/.venv/lib/python3.11/site-packages/airflow/example_dags/example_branch_operator.py took 0.080 seconds
[2025-12-06T09:11:04.180+0500] {processor.py:161} INFO - Started process (PID=281) to work on /Users/symbat/airflow_local/.venv/lib/python3.11/site-packages/airflow/example_dags/example_branch_operator.py
[2025-12-06T09:11:04.181+0500] {processor.py:830} INFO - Processing file /Users/symbat/airflow_local/.venv/lib/python3.11/site-packages/airflow/example_dags/example_branch_operator.py for tasks to queue
[2025-12-06T09:11:04.181+0500] {logging_mixin.py:188} INFO - [2025-12-06T09:11:04.181+0500] {dagbag.py:545} INFO - Filling up the DagBag from /Users/symbat/airflow_local/.venv/lib/python3.11/site-packages/airflow/example_dags/example_branch_operator.py
[2025-12-06T09:11:04.192+0500] {processor.py:842} WARNING - No viable dags retrieved from /Users/symbat/airflow_local/.venv/lib/python3.11/site-packages/airflow/example_dags/example_branch_operator.py
[2025-12-06T09:11:04.228+0500] {processor.py:183} INFO - Processing /Users/symbat/airflow_local/.venv/lib/python3.11/site-packages/airflow/example_dags/example_branch_operator.py took 0.050 seconds
[2025-12-06T09:13:29.944+0500] {processor.py:161} INFO - Started process (PID=962) to work on /Users/symbat/airflow_local/.venv/lib/python3.11/site-packages/airflow/example_dags/example_branch_operator.py
[2025-12-06T09:13:29.945+0500] {processor.py:830} INFO - Processing file /Users/symbat/airflow_local/.venv/lib/python3.11/site-packages/airflow/example_dags/example_branch_operator.py for tasks to queue
[2025-12-06T09:13:29.946+0500] {logging_mixin.py:188} INFO - [2025-12-06T09:13:29.946+0500] {dagbag.py:545} INFO - Filling up the DagBag from /Users/symbat/airflow_local/.venv/lib/python3.11/site-packages/airflow/example_dags/example_branch_operator.py
[2025-12-06T09:13:29.961+0500] {processor.py:842} WARNING - No viable dags retrieved from /Users/symbat/airflow_local/.venv/lib/python3.11/site-packages/airflow/example_dags/example_branch_operator.py
[2025-12-06T09:13:30.013+0500] {processor.py:183} INFO - Processing /Users/symbat/airflow_local/.venv/lib/python3.11/site-packages/airflow/example_dags/example_branch_operator.py took 0.070 seconds
[2025-12-06T09:13:46.279+0500] {processor.py:161} INFO - Started process (PID=994) to work on /Users/symbat/airflow_local/.venv/lib/python3.11/site-packages/airflow/example_dags/example_branch_operator.py
[2025-12-06T09:13:46.280+0500] {processor.py:830} INFO - Processing file /Users/symbat/airflow_local/.venv/lib/python3.11/site-packages/airflow/example_dags/example_branch_operator.py for tasks to queue
[2025-12-06T09:13:46.280+0500] {logging_mixin.py:188} INFO - [2025-12-06T09:13:46.280+0500] {dagbag.py:545} INFO - Filling up the DagBag from /Users/symbat/airflow_local/.venv/lib/python3.11/site-packages/airflow/example_dags/example_branch_operator.py
[2025-12-06T09:13:46.294+0500] {processor.py:842} WARNING - No viable dags retrieved from /Users/symbat/airflow_local/.venv/lib/python3.11/site-packages/airflow/example_dags/example_branch_operator.py
[2025-12-06T09:13:46.353+0500] {processor.py:183} INFO - Processing /Users/symbat/airflow_local/.venv/lib/python3.11/site-packages/airflow/example_dags/example_branch_operator.py took 0.076 seconds
[2025-12-06T09:16:13.711+0500] {processor.py:161} INFO - Started process (PID=1491) to work on /Users/symbat/airflow_local/.venv/lib/python3.11/site-packages/airflow/example_dags/example_branch_operator.py
[2025-12-06T09:16:13.712+0500] {processor.py:830} INFO - Processing file /Users/symbat/airflow_local/.venv/lib/python3.11/site-packages/airflow/example_dags/example_branch_operator.py for tasks to queue
[2025-12-06T09:16:13.712+0500] {logging_mixin.py:188} INFO - [2025-12-06T09:16:13.712+0500] {dagbag.py:545} INFO - Filling up the DagBag from /Users/symbat/airflow_local/.venv/lib/python3.11/site-packages/airflow/example_dags/example_branch_operator.py
[2025-12-06T09:16:13.730+0500] {processor.py:842} WARNING - No viable dags retrieved from /Users/symbat/airflow_local/.venv/lib/python3.11/site-packages/airflow/example_dags/example_branch_operator.py
[2025-12-06T09:16:13.795+0500] {processor.py:183} INFO - Processing /Users/symbat/airflow_local/.venv/lib/python3.11/site-packages/airflow/example_dags/example_branch_operator.py took 0.088 seconds
[2025-12-06T09:18:40.269+0500] {processor.py:161} INFO - Started process (PID=2244) to work on /Users/symbat/airflow_local/.venv/lib/python3.11/site-packages/airflow/example_dags/example_branch_operator.py
[2025-12-06T09:18:40.270+0500] {processor.py:830} INFO - Processing file /Users/symbat/airflow_local/.venv/lib/python3.11/site-packages/airflow/example_dags/example_branch_operator.py for tasks to queue
[2025-12-06T09:18:40.271+0500] {logging_mixin.py:188} INFO - [2025-12-06T09:18:40.270+0500] {dagbag.py:545} INFO - Filling up the DagBag from /Users/symbat/airflow_local/.venv/lib/python3.11/site-packages/airflow/example_dags/example_branch_operator.py
[2025-12-06T09:18:40.283+0500] {processor.py:842} WARNING - No viable dags retrieved from /Users/symbat/airflow_local/.venv/lib/python3.11/site-packages/airflow/example_dags/example_branch_operator.py
[2025-12-06T09:18:40.342+0500] {processor.py:183} INFO - Processing /Users/symbat/airflow_local/.venv/lib/python3.11/site-packages/airflow/example_dags/example_branch_operator.py took 0.074 seconds
[2025-12-06T09:19:26.034+0500] {processor.py:161} INFO - Started process (PID=2336) to work on /Users/symbat/airflow_local/.venv/lib/python3.11/site-packages/airflow/example_dags/example_branch_operator.py
[2025-12-06T09:19:26.035+0500] {processor.py:830} INFO - Processing file /Users/symbat/airflow_local/.venv/lib/python3.11/site-packages/airflow/example_dags/example_branch_operator.py for tasks to queue
[2025-12-06T09:19:26.036+0500] {logging_mixin.py:188} INFO - [2025-12-06T09:19:26.035+0500] {dagbag.py:545} INFO - Filling up the DagBag from /Users/symbat/airflow_local/.venv/lib/python3.11/site-packages/airflow/example_dags/example_branch_operator.py
[2025-12-06T09:19:26.049+0500] {processor.py:842} WARNING - No viable dags retrieved from /Users/symbat/airflow_local/.venv/lib/python3.11/site-packages/airflow/example_dags/example_branch_operator.py
[2025-12-06T09:19:26.110+0500] {processor.py:183} INFO - Processing /Users/symbat/airflow_local/.venv/lib/python3.11/site-packages/airflow/example_dags/example_branch_operator.py took 0.081 seconds
[2025-12-06T09:20:57.870+0500] {processor.py:161} INFO - Started process (PID=2528) to work on /Users/symbat/airflow_local/.venv/lib/python3.11/site-packages/airflow/example_dags/example_branch_operator.py
[2025-12-06T09:20:57.871+0500] {processor.py:830} INFO - Processing file /Users/symbat/airflow_local/.venv/lib/python3.11/site-packages/airflow/example_dags/example_branch_operator.py for tasks to queue
[2025-12-06T09:20:57.872+0500] {logging_mixin.py:188} INFO - [2025-12-06T09:20:57.872+0500] {dagbag.py:545} INFO - Filling up the DagBag from /Users/symbat/airflow_local/.venv/lib/python3.11/site-packages/airflow/example_dags/example_branch_operator.py
[2025-12-06T09:20:57.887+0500] {processor.py:842} WARNING - No viable dags retrieved from /Users/symbat/airflow_local/.venv/lib/python3.11/site-packages/airflow/example_dags/example_branch_operator.py
[2025-12-06T09:20:57.930+0500] {processor.py:183} INFO - Processing /Users/symbat/airflow_local/.venv/lib/python3.11/site-packages/airflow/example_dags/example_branch_operator.py took 0.063 seconds
[2025-12-06T09:23:20.192+0500] {processor.py:161} INFO - Started process (PID=2842) to work on /Users/symbat/airflow_local/.venv/lib/python3.11/site-packages/airflow/example_dags/example_branch_operator.py
[2025-12-06T09:23:20.193+0500] {processor.py:830} INFO - Processing file /Users/symbat/airflow_local/.venv/lib/python3.11/site-packages/airflow/example_dags/example_branch_operator.py for tasks to queue
[2025-12-06T09:23:20.194+0500] {logging_mixin.py:188} INFO - [2025-12-06T09:23:20.194+0500] {dagbag.py:545} INFO - Filling up the DagBag from /Users/symbat/airflow_local/.venv/lib/python3.11/site-packages/airflow/example_dags/example_branch_operator.py
[2025-12-06T09:23:20.208+0500] {processor.py:842} WARNING - No viable dags retrieved from /Users/symbat/airflow_local/.venv/lib/python3.11/site-packages/airflow/example_dags/example_branch_operator.py
[2025-12-06T09:23:20.248+0500] {processor.py:183} INFO - Processing /Users/symbat/airflow_local/.venv/lib/python3.11/site-packages/airflow/example_dags/example_branch_operator.py took 0.058 seconds
[2025-12-06T09:24:32.656+0500] {processor.py:161} INFO - Started process (PID=2999) to work on /Users/symbat/airflow_local/.venv/lib/python3.11/site-packages/airflow/example_dags/example_branch_operator.py
[2025-12-06T09:24:32.658+0500] {processor.py:830} INFO - Processing file /Users/symbat/airflow_local/.venv/lib/python3.11/site-packages/airflow/example_dags/example_branch_operator.py for tasks to queue
[2025-12-06T09:24:32.658+0500] {logging_mixin.py:188} INFO - [2025-12-06T09:24:32.658+0500] {dagbag.py:545} INFO - Filling up the DagBag from /Users/symbat/airflow_local/.venv/lib/python3.11/site-packages/airflow/example_dags/example_branch_operator.py
[2025-12-06T09:24:32.676+0500] {processor.py:842} WARNING - No viable dags retrieved from /Users/symbat/airflow_local/.venv/lib/python3.11/site-packages/airflow/example_dags/example_branch_operator.py
[2025-12-06T09:24:32.738+0500] {processor.py:183} INFO - Processing /Users/symbat/airflow_local/.venv/lib/python3.11/site-packages/airflow/example_dags/example_branch_operator.py took 0.084 seconds
[2025-12-06T09:25:39.134+0500] {processor.py:161} INFO - Started process (PID=3140) to work on /Users/symbat/airflow_local/.venv/lib/python3.11/site-packages/airflow/example_dags/example_branch_operator.py
[2025-12-06T09:25:39.135+0500] {processor.py:830} INFO - Processing file /Users/symbat/airflow_local/.venv/lib/python3.11/site-packages/airflow/example_dags/example_branch_operator.py for tasks to queue
[2025-12-06T09:25:39.136+0500] {logging_mixin.py:188} INFO - [2025-12-06T09:25:39.136+0500] {dagbag.py:545} INFO - Filling up the DagBag from /Users/symbat/airflow_local/.venv/lib/python3.11/site-packages/airflow/example_dags/example_branch_operator.py
[2025-12-06T09:25:39.156+0500] {processor.py:842} WARNING - No viable dags retrieved from /Users/symbat/airflow_local/.venv/lib/python3.11/site-packages/airflow/example_dags/example_branch_operator.py
[2025-12-06T09:25:39.220+0500] {processor.py:183} INFO - Processing /Users/symbat/airflow_local/.venv/lib/python3.11/site-packages/airflow/example_dags/example_branch_operator.py took 0.089 seconds
[2025-12-06T09:28:06.176+0500] {processor.py:161} INFO - Started process (PID=3419) to work on /Users/symbat/airflow_local/.venv/lib/python3.11/site-packages/airflow/example_dags/example_branch_operator.py
[2025-12-06T09:28:06.178+0500] {processor.py:830} INFO - Processing file /Users/symbat/airflow_local/.venv/lib/python3.11/site-packages/airflow/example_dags/example_branch_operator.py for tasks to queue
[2025-12-06T09:28:06.179+0500] {logging_mixin.py:188} INFO - [2025-12-06T09:28:06.179+0500] {dagbag.py:545} INFO - Filling up the DagBag from /Users/symbat/airflow_local/.venv/lib/python3.11/site-packages/airflow/example_dags/example_branch_operator.py
[2025-12-06T09:28:06.196+0500] {processor.py:842} WARNING - No viable dags retrieved from /Users/symbat/airflow_local/.venv/lib/python3.11/site-packages/airflow/example_dags/example_branch_operator.py
[2025-12-06T09:28:06.256+0500] {processor.py:183} INFO - Processing /Users/symbat/airflow_local/.venv/lib/python3.11/site-packages/airflow/example_dags/example_branch_operator.py took 0.096 seconds
[2025-12-06T09:29:59.759+0500] {processor.py:161} INFO - Started process (PID=3661) to work on /Users/symbat/airflow_local/.venv/lib/python3.11/site-packages/airflow/example_dags/example_branch_operator.py
[2025-12-06T09:29:59.760+0500] {processor.py:830} INFO - Processing file /Users/symbat/airflow_local/.venv/lib/python3.11/site-packages/airflow/example_dags/example_branch_operator.py for tasks to queue
[2025-12-06T09:29:59.761+0500] {logging_mixin.py:188} INFO - [2025-12-06T09:29:59.760+0500] {dagbag.py:545} INFO - Filling up the DagBag from /Users/symbat/airflow_local/.venv/lib/python3.11/site-packages/airflow/example_dags/example_branch_operator.py
[2025-12-06T09:29:59.775+0500] {processor.py:842} WARNING - No viable dags retrieved from /Users/symbat/airflow_local/.venv/lib/python3.11/site-packages/airflow/example_dags/example_branch_operator.py
[2025-12-06T09:29:59.812+0500] {processor.py:183} INFO - Processing /Users/symbat/airflow_local/.venv/lib/python3.11/site-packages/airflow/example_dags/example_branch_operator.py took 0.056 seconds
[2025-12-06T09:30:22.524+0500] {processor.py:161} INFO - Started process (PID=3711) to work on /Users/symbat/airflow_local/.venv/lib/python3.11/site-packages/airflow/example_dags/example_branch_operator.py
[2025-12-06T09:30:22.525+0500] {processor.py:830} INFO - Processing file /Users/symbat/airflow_local/.venv/lib/python3.11/site-packages/airflow/example_dags/example_branch_operator.py for tasks to queue
[2025-12-06T09:30:22.526+0500] {logging_mixin.py:188} INFO - [2025-12-06T09:30:22.526+0500] {dagbag.py:545} INFO - Filling up the DagBag from /Users/symbat/airflow_local/.venv/lib/python3.11/site-packages/airflow/example_dags/example_branch_operator.py
[2025-12-06T09:30:22.537+0500] {processor.py:842} WARNING - No viable dags retrieved from /Users/symbat/airflow_local/.venv/lib/python3.11/site-packages/airflow/example_dags/example_branch_operator.py
[2025-12-06T09:30:22.574+0500] {processor.py:183} INFO - Processing /Users/symbat/airflow_local/.venv/lib/python3.11/site-packages/airflow/example_dags/example_branch_operator.py took 0.052 seconds
[2025-12-06T09:33:08.926+0500] {processor.py:161} INFO - Started process (PID=4248) to work on /Users/symbat/airflow_local/.venv/lib/python3.11/site-packages/airflow/example_dags/example_branch_operator.py
[2025-12-06T09:33:08.927+0500] {processor.py:830} INFO - Processing file /Users/symbat/airflow_local/.venv/lib/python3.11/site-packages/airflow/example_dags/example_branch_operator.py for tasks to queue
[2025-12-06T09:33:08.928+0500] {logging_mixin.py:188} INFO - [2025-12-06T09:33:08.928+0500] {dagbag.py:545} INFO - Filling up the DagBag from /Users/symbat/airflow_local/.venv/lib/python3.11/site-packages/airflow/example_dags/example_branch_operator.py
[2025-12-06T09:33:08.941+0500] {processor.py:842} WARNING - No viable dags retrieved from /Users/symbat/airflow_local/.venv/lib/python3.11/site-packages/airflow/example_dags/example_branch_operator.py
[2025-12-06T09:33:08.989+0500] {processor.py:183} INFO - Processing /Users/symbat/airflow_local/.venv/lib/python3.11/site-packages/airflow/example_dags/example_branch_operator.py took 0.066 seconds
[2025-12-06T09:33:47.091+0500] {processor.py:161} INFO - Started process (PID=4344) to work on /Users/symbat/airflow_local/.venv/lib/python3.11/site-packages/airflow/example_dags/example_branch_operator.py
[2025-12-06T09:33:47.092+0500] {processor.py:830} INFO - Processing file /Users/symbat/airflow_local/.venv/lib/python3.11/site-packages/airflow/example_dags/example_branch_operator.py for tasks to queue
[2025-12-06T09:33:47.093+0500] {logging_mixin.py:188} INFO - [2025-12-06T09:33:47.092+0500] {dagbag.py:545} INFO - Filling up the DagBag from /Users/symbat/airflow_local/.venv/lib/python3.11/site-packages/airflow/example_dags/example_branch_operator.py
[2025-12-06T09:33:47.107+0500] {processor.py:842} WARNING - No viable dags retrieved from /Users/symbat/airflow_local/.venv/lib/python3.11/site-packages/airflow/example_dags/example_branch_operator.py
[2025-12-06T09:33:47.151+0500] {processor.py:183} INFO - Processing /Users/symbat/airflow_local/.venv/lib/python3.11/site-packages/airflow/example_dags/example_branch_operator.py took 0.067 seconds
[2025-12-06T09:35:41.148+0500] {processor.py:161} INFO - Started process (PID=4651) to work on /Users/symbat/airflow_local/.venv/lib/python3.11/site-packages/airflow/example_dags/example_branch_operator.py
[2025-12-06T09:35:41.149+0500] {processor.py:830} INFO - Processing file /Users/symbat/airflow_local/.venv/lib/python3.11/site-packages/airflow/example_dags/example_branch_operator.py for tasks to queue
[2025-12-06T09:35:41.149+0500] {logging_mixin.py:188} INFO - [2025-12-06T09:35:41.149+0500] {dagbag.py:545} INFO - Filling up the DagBag from /Users/symbat/airflow_local/.venv/lib/python3.11/site-packages/airflow/example_dags/example_branch_operator.py
[2025-12-06T09:35:41.159+0500] {processor.py:842} WARNING - No viable dags retrieved from /Users/symbat/airflow_local/.venv/lib/python3.11/site-packages/airflow/example_dags/example_branch_operator.py
[2025-12-06T09:35:41.192+0500] {processor.py:183} INFO - Processing /Users/symbat/airflow_local/.venv/lib/python3.11/site-packages/airflow/example_dags/example_branch_operator.py took 0.046 seconds
[2025-12-06T09:36:03.041+0500] {processor.py:161} INFO - Started process (PID=4710) to work on /Users/symbat/airflow_local/.venv/lib/python3.11/site-packages/airflow/example_dags/example_branch_operator.py
[2025-12-06T09:36:03.042+0500] {processor.py:830} INFO - Processing file /Users/symbat/airflow_local/.venv/lib/python3.11/site-packages/airflow/example_dags/example_branch_operator.py for tasks to queue
[2025-12-06T09:36:03.043+0500] {logging_mixin.py:188} INFO - [2025-12-06T09:36:03.042+0500] {dagbag.py:545} INFO - Filling up the DagBag from /Users/symbat/airflow_local/.venv/lib/python3.11/site-packages/airflow/example_dags/example_branch_operator.py
[2025-12-06T09:36:03.057+0500] {processor.py:842} WARNING - No viable dags retrieved from /Users/symbat/airflow_local/.venv/lib/python3.11/site-packages/airflow/example_dags/example_branch_operator.py
[2025-12-06T09:36:03.105+0500] {processor.py:183} INFO - Processing /Users/symbat/airflow_local/.venv/lib/python3.11/site-packages/airflow/example_dags/example_branch_operator.py took 0.067 seconds
[2025-12-06T09:38:23.815+0500] {processor.py:161} INFO - Started process (PID=5043) to work on /Users/symbat/airflow_local/.venv/lib/python3.11/site-packages/airflow/example_dags/example_branch_operator.py
[2025-12-06T09:38:23.817+0500] {processor.py:830} INFO - Processing file /Users/symbat/airflow_local/.venv/lib/python3.11/site-packages/airflow/example_dags/example_branch_operator.py for tasks to queue
[2025-12-06T09:38:23.817+0500] {logging_mixin.py:188} INFO - [2025-12-06T09:38:23.817+0500] {dagbag.py:545} INFO - Filling up the DagBag from /Users/symbat/airflow_local/.venv/lib/python3.11/site-packages/airflow/example_dags/example_branch_operator.py
[2025-12-06T09:38:23.842+0500] {processor.py:842} WARNING - No viable dags retrieved from /Users/symbat/airflow_local/.venv/lib/python3.11/site-packages/airflow/example_dags/example_branch_operator.py
[2025-12-06T09:38:23.891+0500] {processor.py:183} INFO - Processing /Users/symbat/airflow_local/.venv/lib/python3.11/site-packages/airflow/example_dags/example_branch_operator.py took 0.079 seconds
[2025-12-06T09:39:09.015+0500] {processor.py:161} INFO - Started process (PID=5150) to work on /Users/symbat/airflow_local/.venv/lib/python3.11/site-packages/airflow/example_dags/example_branch_operator.py
[2025-12-06T09:39:09.016+0500] {processor.py:830} INFO - Processing file /Users/symbat/airflow_local/.venv/lib/python3.11/site-packages/airflow/example_dags/example_branch_operator.py for tasks to queue
[2025-12-06T09:39:09.017+0500] {logging_mixin.py:188} INFO - [2025-12-06T09:39:09.016+0500] {dagbag.py:545} INFO - Filling up the DagBag from /Users/symbat/airflow_local/.venv/lib/python3.11/site-packages/airflow/example_dags/example_branch_operator.py
[2025-12-06T09:39:09.029+0500] {processor.py:842} WARNING - No viable dags retrieved from /Users/symbat/airflow_local/.venv/lib/python3.11/site-packages/airflow/example_dags/example_branch_operator.py
[2025-12-06T09:39:09.064+0500] {processor.py:183} INFO - Processing /Users/symbat/airflow_local/.venv/lib/python3.11/site-packages/airflow/example_dags/example_branch_operator.py took 0.051 seconds
[2025-12-06T09:41:02.189+0500] {processor.py:161} INFO - Started process (PID=5407) to work on /Users/symbat/airflow_local/.venv/lib/python3.11/site-packages/airflow/example_dags/example_branch_operator.py
[2025-12-06T09:41:02.191+0500] {processor.py:830} INFO - Processing file /Users/symbat/airflow_local/.venv/lib/python3.11/site-packages/airflow/example_dags/example_branch_operator.py for tasks to queue
[2025-12-06T09:41:02.191+0500] {logging_mixin.py:188} INFO - [2025-12-06T09:41:02.191+0500] {dagbag.py:545} INFO - Filling up the DagBag from /Users/symbat/airflow_local/.venv/lib/python3.11/site-packages/airflow/example_dags/example_branch_operator.py
[2025-12-06T09:41:02.213+0500] {processor.py:842} WARNING - No viable dags retrieved from /Users/symbat/airflow_local/.venv/lib/python3.11/site-packages/airflow/example_dags/example_branch_operator.py
[2025-12-06T09:41:02.308+0500] {processor.py:183} INFO - Processing /Users/symbat/airflow_local/.venv/lib/python3.11/site-packages/airflow/example_dags/example_branch_operator.py took 0.127 seconds
[2025-12-06T09:41:11.239+0500] {processor.py:161} INFO - Started process (PID=5455) to work on /Users/symbat/airflow_local/.venv/lib/python3.11/site-packages/airflow/example_dags/example_branch_operator.py
[2025-12-06T09:41:11.240+0500] {processor.py:830} INFO - Processing file /Users/symbat/airflow_local/.venv/lib/python3.11/site-packages/airflow/example_dags/example_branch_operator.py for tasks to queue
[2025-12-06T09:41:11.240+0500] {logging_mixin.py:188} INFO - [2025-12-06T09:41:11.240+0500] {dagbag.py:545} INFO - Filling up the DagBag from /Users/symbat/airflow_local/.venv/lib/python3.11/site-packages/airflow/example_dags/example_branch_operator.py
[2025-12-06T09:41:11.255+0500] {processor.py:842} WARNING - No viable dags retrieved from /Users/symbat/airflow_local/.venv/lib/python3.11/site-packages/airflow/example_dags/example_branch_operator.py
[2025-12-06T09:41:11.315+0500] {processor.py:183} INFO - Processing /Users/symbat/airflow_local/.venv/lib/python3.11/site-packages/airflow/example_dags/example_branch_operator.py took 0.078 seconds
[2025-12-06T09:43:58.613+0500] {processor.py:161} INFO - Started process (PID=5888) to work on /Users/symbat/airflow_local/.venv/lib/python3.11/site-packages/airflow/example_dags/example_branch_operator.py
[2025-12-06T09:43:58.614+0500] {processor.py:830} INFO - Processing file /Users/symbat/airflow_local/.venv/lib/python3.11/site-packages/airflow/example_dags/example_branch_operator.py for tasks to queue
[2025-12-06T09:43:58.614+0500] {logging_mixin.py:188} INFO - [2025-12-06T09:43:58.614+0500] {dagbag.py:545} INFO - Filling up the DagBag from /Users/symbat/airflow_local/.venv/lib/python3.11/site-packages/airflow/example_dags/example_branch_operator.py
[2025-12-06T09:43:58.624+0500] {processor.py:842} WARNING - No viable dags retrieved from /Users/symbat/airflow_local/.venv/lib/python3.11/site-packages/airflow/example_dags/example_branch_operator.py
[2025-12-06T09:43:58.660+0500] {processor.py:183} INFO - Processing /Users/symbat/airflow_local/.venv/lib/python3.11/site-packages/airflow/example_dags/example_branch_operator.py took 0.050 seconds
[2025-12-06T09:44:43.046+0500] {processor.py:161} INFO - Started process (PID=5998) to work on /Users/symbat/airflow_local/.venv/lib/python3.11/site-packages/airflow/example_dags/example_branch_operator.py
[2025-12-06T09:44:43.047+0500] {processor.py:830} INFO - Processing file /Users/symbat/airflow_local/.venv/lib/python3.11/site-packages/airflow/example_dags/example_branch_operator.py for tasks to queue
[2025-12-06T09:44:43.047+0500] {logging_mixin.py:188} INFO - [2025-12-06T09:44:43.047+0500] {dagbag.py:545} INFO - Filling up the DagBag from /Users/symbat/airflow_local/.venv/lib/python3.11/site-packages/airflow/example_dags/example_branch_operator.py
[2025-12-06T09:44:43.059+0500] {processor.py:842} WARNING - No viable dags retrieved from /Users/symbat/airflow_local/.venv/lib/python3.11/site-packages/airflow/example_dags/example_branch_operator.py
[2025-12-06T09:44:43.098+0500] {processor.py:183} INFO - Processing /Users/symbat/airflow_local/.venv/lib/python3.11/site-packages/airflow/example_dags/example_branch_operator.py took 0.055 seconds
[2025-12-06T09:46:32.675+0500] {processor.py:161} INFO - Started process (PID=6270) to work on /Users/symbat/airflow_local/.venv/lib/python3.11/site-packages/airflow/example_dags/example_branch_operator.py
[2025-12-06T09:46:32.676+0500] {processor.py:830} INFO - Processing file /Users/symbat/airflow_local/.venv/lib/python3.11/site-packages/airflow/example_dags/example_branch_operator.py for tasks to queue
[2025-12-06T09:46:32.676+0500] {logging_mixin.py:188} INFO - [2025-12-06T09:46:32.676+0500] {dagbag.py:545} INFO - Filling up the DagBag from /Users/symbat/airflow_local/.venv/lib/python3.11/site-packages/airflow/example_dags/example_branch_operator.py
[2025-12-06T09:46:32.693+0500] {processor.py:842} WARNING - No viable dags retrieved from /Users/symbat/airflow_local/.venv/lib/python3.11/site-packages/airflow/example_dags/example_branch_operator.py
[2025-12-06T09:46:32.742+0500] {processor.py:183} INFO - Processing /Users/symbat/airflow_local/.venv/lib/python3.11/site-packages/airflow/example_dags/example_branch_operator.py took 0.070 seconds
[2025-12-06T09:48:33.659+0500] {processor.py:161} INFO - Started process (PID=6536) to work on /Users/symbat/airflow_local/.venv/lib/python3.11/site-packages/airflow/example_dags/example_branch_operator.py
[2025-12-06T09:48:33.660+0500] {processor.py:830} INFO - Processing file /Users/symbat/airflow_local/.venv/lib/python3.11/site-packages/airflow/example_dags/example_branch_operator.py for tasks to queue
[2025-12-06T09:48:33.660+0500] {logging_mixin.py:188} INFO - [2025-12-06T09:48:33.660+0500] {dagbag.py:545} INFO - Filling up the DagBag from /Users/symbat/airflow_local/.venv/lib/python3.11/site-packages/airflow/example_dags/example_branch_operator.py
[2025-12-06T09:48:33.672+0500] {processor.py:842} WARNING - No viable dags retrieved from /Users/symbat/airflow_local/.venv/lib/python3.11/site-packages/airflow/example_dags/example_branch_operator.py
[2025-12-06T09:48:33.711+0500] {processor.py:183} INFO - Processing /Users/symbat/airflow_local/.venv/lib/python3.11/site-packages/airflow/example_dags/example_branch_operator.py took 0.055 seconds
[2025-12-06T09:49:37.551+0500] {processor.py:161} INFO - Started process (PID=6669) to work on /Users/symbat/airflow_local/.venv/lib/python3.11/site-packages/airflow/example_dags/example_branch_operator.py
[2025-12-06T09:49:37.552+0500] {processor.py:830} INFO - Processing file /Users/symbat/airflow_local/.venv/lib/python3.11/site-packages/airflow/example_dags/example_branch_operator.py for tasks to queue
[2025-12-06T09:49:37.552+0500] {logging_mixin.py:188} INFO - [2025-12-06T09:49:37.552+0500] {dagbag.py:545} INFO - Filling up the DagBag from /Users/symbat/airflow_local/.venv/lib/python3.11/site-packages/airflow/example_dags/example_branch_operator.py
[2025-12-06T09:49:37.568+0500] {processor.py:842} WARNING - No viable dags retrieved from /Users/symbat/airflow_local/.venv/lib/python3.11/site-packages/airflow/example_dags/example_branch_operator.py
[2025-12-06T09:49:37.620+0500] {processor.py:183} INFO - Processing /Users/symbat/airflow_local/.venv/lib/python3.11/site-packages/airflow/example_dags/example_branch_operator.py took 0.072 seconds
[2025-12-06T09:50:16.260+0500] {processor.py:161} INFO - Started process (PID=6757) to work on /Users/symbat/airflow_local/.venv/lib/python3.11/site-packages/airflow/example_dags/example_branch_operator.py
[2025-12-06T09:50:16.261+0500] {processor.py:830} INFO - Processing file /Users/symbat/airflow_local/.venv/lib/python3.11/site-packages/airflow/example_dags/example_branch_operator.py for tasks to queue
[2025-12-06T09:50:16.261+0500] {logging_mixin.py:188} INFO - [2025-12-06T09:50:16.261+0500] {dagbag.py:545} INFO - Filling up the DagBag from /Users/symbat/airflow_local/.venv/lib/python3.11/site-packages/airflow/example_dags/example_branch_operator.py
[2025-12-06T09:50:16.271+0500] {processor.py:842} WARNING - No viable dags retrieved from /Users/symbat/airflow_local/.venv/lib/python3.11/site-packages/airflow/example_dags/example_branch_operator.py
[2025-12-06T09:50:16.306+0500] {processor.py:183} INFO - Processing /Users/symbat/airflow_local/.venv/lib/python3.11/site-packages/airflow/example_dags/example_branch_operator.py took 0.048 seconds
[2025-12-06T09:52:26.384+0500] {processor.py:161} INFO - Started process (PID=7062) to work on /Users/symbat/airflow_local/.venv/lib/python3.11/site-packages/airflow/example_dags/example_branch_operator.py
[2025-12-06T09:52:26.385+0500] {processor.py:830} INFO - Processing file /Users/symbat/airflow_local/.venv/lib/python3.11/site-packages/airflow/example_dags/example_branch_operator.py for tasks to queue
[2025-12-06T09:52:26.386+0500] {logging_mixin.py:188} INFO - [2025-12-06T09:52:26.386+0500] {dagbag.py:545} INFO - Filling up the DagBag from /Users/symbat/airflow_local/.venv/lib/python3.11/site-packages/airflow/example_dags/example_branch_operator.py
[2025-12-06T09:52:26.399+0500] {processor.py:842} WARNING - No viable dags retrieved from /Users/symbat/airflow_local/.venv/lib/python3.11/site-packages/airflow/example_dags/example_branch_operator.py
[2025-12-06T09:52:26.457+0500] {processor.py:183} INFO - Processing /Users/symbat/airflow_local/.venv/lib/python3.11/site-packages/airflow/example_dags/example_branch_operator.py took 0.078 seconds
[2025-12-06T09:55:08.393+0500] {processor.py:161} INFO - Started process (PID=7449) to work on /Users/symbat/airflow_local/.venv/lib/python3.11/site-packages/airflow/example_dags/example_branch_operator.py
[2025-12-06T09:55:08.394+0500] {processor.py:830} INFO - Processing file /Users/symbat/airflow_local/.venv/lib/python3.11/site-packages/airflow/example_dags/example_branch_operator.py for tasks to queue
[2025-12-06T09:55:08.395+0500] {logging_mixin.py:188} INFO - [2025-12-06T09:55:08.395+0500] {dagbag.py:545} INFO - Filling up the DagBag from /Users/symbat/airflow_local/.venv/lib/python3.11/site-packages/airflow/example_dags/example_branch_operator.py
[2025-12-06T09:55:08.407+0500] {processor.py:842} WARNING - No viable dags retrieved from /Users/symbat/airflow_local/.venv/lib/python3.11/site-packages/airflow/example_dags/example_branch_operator.py
[2025-12-06T09:55:08.449+0500] {processor.py:183} INFO - Processing /Users/symbat/airflow_local/.venv/lib/python3.11/site-packages/airflow/example_dags/example_branch_operator.py took 0.057 seconds
[2025-12-06T09:55:33.345+0500] {processor.py:161} INFO - Started process (PID=7511) to work on /Users/symbat/airflow_local/.venv/lib/python3.11/site-packages/airflow/example_dags/example_branch_operator.py
[2025-12-06T09:55:33.346+0500] {processor.py:830} INFO - Processing file /Users/symbat/airflow_local/.venv/lib/python3.11/site-packages/airflow/example_dags/example_branch_operator.py for tasks to queue
[2025-12-06T09:55:33.346+0500] {logging_mixin.py:188} INFO - [2025-12-06T09:55:33.346+0500] {dagbag.py:545} INFO - Filling up the DagBag from /Users/symbat/airflow_local/.venv/lib/python3.11/site-packages/airflow/example_dags/example_branch_operator.py
[2025-12-06T09:55:33.360+0500] {processor.py:842} WARNING - No viable dags retrieved from /Users/symbat/airflow_local/.venv/lib/python3.11/site-packages/airflow/example_dags/example_branch_operator.py
[2025-12-06T09:55:33.404+0500] {processor.py:183} INFO - Processing /Users/symbat/airflow_local/.venv/lib/python3.11/site-packages/airflow/example_dags/example_branch_operator.py took 0.061 seconds
[2025-12-06T09:55:39.124+0500] {processor.py:161} INFO - Started process (PID=7526) to work on /Users/symbat/airflow_local/.venv/lib/python3.11/site-packages/airflow/example_dags/example_branch_operator.py
[2025-12-06T09:55:39.125+0500] {processor.py:830} INFO - Processing file /Users/symbat/airflow_local/.venv/lib/python3.11/site-packages/airflow/example_dags/example_branch_operator.py for tasks to queue
[2025-12-06T09:55:39.125+0500] {logging_mixin.py:188} INFO - [2025-12-06T09:55:39.125+0500] {dagbag.py:545} INFO - Filling up the DagBag from /Users/symbat/airflow_local/.venv/lib/python3.11/site-packages/airflow/example_dags/example_branch_operator.py
[2025-12-06T09:55:39.136+0500] {processor.py:842} WARNING - No viable dags retrieved from /Users/symbat/airflow_local/.venv/lib/python3.11/site-packages/airflow/example_dags/example_branch_operator.py
[2025-12-06T09:55:39.174+0500] {processor.py:183} INFO - Processing /Users/symbat/airflow_local/.venv/lib/python3.11/site-packages/airflow/example_dags/example_branch_operator.py took 0.052 seconds
[2025-12-06T09:57:57.034+0500] {processor.py:161} INFO - Started process (PID=7855) to work on /Users/symbat/airflow_local/.venv/lib/python3.11/site-packages/airflow/example_dags/example_branch_operator.py
[2025-12-06T09:57:57.035+0500] {processor.py:830} INFO - Processing file /Users/symbat/airflow_local/.venv/lib/python3.11/site-packages/airflow/example_dags/example_branch_operator.py for tasks to queue
[2025-12-06T09:57:57.036+0500] {logging_mixin.py:188} INFO - [2025-12-06T09:57:57.035+0500] {dagbag.py:545} INFO - Filling up the DagBag from /Users/symbat/airflow_local/.venv/lib/python3.11/site-packages/airflow/example_dags/example_branch_operator.py
[2025-12-06T09:57:57.049+0500] {processor.py:842} WARNING - No viable dags retrieved from /Users/symbat/airflow_local/.venv/lib/python3.11/site-packages/airflow/example_dags/example_branch_operator.py
[2025-12-06T09:57:57.100+0500] {processor.py:183} INFO - Processing /Users/symbat/airflow_local/.venv/lib/python3.11/site-packages/airflow/example_dags/example_branch_operator.py took 0.069 seconds
[2025-12-06T10:00:44.271+0500] {processor.py:161} INFO - Started process (PID=8264) to work on /Users/symbat/airflow_local/.venv/lib/python3.11/site-packages/airflow/example_dags/example_branch_operator.py
[2025-12-06T10:00:44.272+0500] {processor.py:830} INFO - Processing file /Users/symbat/airflow_local/.venv/lib/python3.11/site-packages/airflow/example_dags/example_branch_operator.py for tasks to queue
[2025-12-06T10:00:44.272+0500] {logging_mixin.py:188} INFO - [2025-12-06T10:00:44.272+0500] {dagbag.py:545} INFO - Filling up the DagBag from /Users/symbat/airflow_local/.venv/lib/python3.11/site-packages/airflow/example_dags/example_branch_operator.py
[2025-12-06T10:00:44.284+0500] {processor.py:842} WARNING - No viable dags retrieved from /Users/symbat/airflow_local/.venv/lib/python3.11/site-packages/airflow/example_dags/example_branch_operator.py
[2025-12-06T10:00:44.324+0500] {processor.py:183} INFO - Processing /Users/symbat/airflow_local/.venv/lib/python3.11/site-packages/airflow/example_dags/example_branch_operator.py took 0.056 seconds
[2025-12-06T10:01:23.021+0500] {processor.py:161} INFO - Started process (PID=8355) to work on /Users/symbat/airflow_local/.venv/lib/python3.11/site-packages/airflow/example_dags/example_branch_operator.py
[2025-12-06T10:01:23.022+0500] {processor.py:830} INFO - Processing file /Users/symbat/airflow_local/.venv/lib/python3.11/site-packages/airflow/example_dags/example_branch_operator.py for tasks to queue
[2025-12-06T10:01:23.023+0500] {logging_mixin.py:188} INFO - [2025-12-06T10:01:23.022+0500] {dagbag.py:545} INFO - Filling up the DagBag from /Users/symbat/airflow_local/.venv/lib/python3.11/site-packages/airflow/example_dags/example_branch_operator.py
[2025-12-06T10:01:23.034+0500] {processor.py:842} WARNING - No viable dags retrieved from /Users/symbat/airflow_local/.venv/lib/python3.11/site-packages/airflow/example_dags/example_branch_operator.py
[2025-12-06T10:01:23.080+0500] {processor.py:183} INFO - Processing /Users/symbat/airflow_local/.venv/lib/python3.11/site-packages/airflow/example_dags/example_branch_operator.py took 0.061 seconds
[2025-12-06T10:02:51.284+0500] {processor.py:161} INFO - Started process (PID=8531) to work on /Users/symbat/airflow_local/.venv/lib/python3.11/site-packages/airflow/example_dags/example_branch_operator.py
[2025-12-06T10:02:51.286+0500] {processor.py:830} INFO - Processing file /Users/symbat/airflow_local/.venv/lib/python3.11/site-packages/airflow/example_dags/example_branch_operator.py for tasks to queue
[2025-12-06T10:02:51.286+0500] {logging_mixin.py:188} INFO - [2025-12-06T10:02:51.286+0500] {dagbag.py:545} INFO - Filling up the DagBag from /Users/symbat/airflow_local/.venv/lib/python3.11/site-packages/airflow/example_dags/example_branch_operator.py
[2025-12-06T10:02:51.305+0500] {processor.py:842} WARNING - No viable dags retrieved from /Users/symbat/airflow_local/.venv/lib/python3.11/site-packages/airflow/example_dags/example_branch_operator.py
[2025-12-06T10:02:51.367+0500] {processor.py:183} INFO - Processing /Users/symbat/airflow_local/.venv/lib/python3.11/site-packages/airflow/example_dags/example_branch_operator.py took 0.085 seconds
[2025-12-06T10:03:39.466+0500] {processor.py:161} INFO - Started process (PID=8644) to work on /Users/symbat/airflow_local/.venv/lib/python3.11/site-packages/airflow/example_dags/example_branch_operator.py
[2025-12-06T10:03:39.467+0500] {processor.py:830} INFO - Processing file /Users/symbat/airflow_local/.venv/lib/python3.11/site-packages/airflow/example_dags/example_branch_operator.py for tasks to queue
[2025-12-06T10:03:39.468+0500] {logging_mixin.py:188} INFO - [2025-12-06T10:03:39.468+0500] {dagbag.py:545} INFO - Filling up the DagBag from /Users/symbat/airflow_local/.venv/lib/python3.11/site-packages/airflow/example_dags/example_branch_operator.py
[2025-12-06T10:03:39.487+0500] {processor.py:842} WARNING - No viable dags retrieved from /Users/symbat/airflow_local/.venv/lib/python3.11/site-packages/airflow/example_dags/example_branch_operator.py
[2025-12-06T10:03:39.528+0500] {processor.py:183} INFO - Processing /Users/symbat/airflow_local/.venv/lib/python3.11/site-packages/airflow/example_dags/example_branch_operator.py took 0.063 seconds
[2025-12-06T10:06:43.095+0500] {processor.py:161} INFO - Started process (PID=9063) to work on /Users/symbat/airflow_local/.venv/lib/python3.11/site-packages/airflow/example_dags/example_branch_operator.py
[2025-12-06T10:06:43.096+0500] {processor.py:830} INFO - Processing file /Users/symbat/airflow_local/.venv/lib/python3.11/site-packages/airflow/example_dags/example_branch_operator.py for tasks to queue
[2025-12-06T10:06:43.096+0500] {logging_mixin.py:188} INFO - [2025-12-06T10:06:43.096+0500] {dagbag.py:545} INFO - Filling up the DagBag from /Users/symbat/airflow_local/.venv/lib/python3.11/site-packages/airflow/example_dags/example_branch_operator.py
[2025-12-06T10:06:43.109+0500] {processor.py:842} WARNING - No viable dags retrieved from /Users/symbat/airflow_local/.venv/lib/python3.11/site-packages/airflow/example_dags/example_branch_operator.py
[2025-12-06T10:06:43.149+0500] {processor.py:183} INFO - Processing /Users/symbat/airflow_local/.venv/lib/python3.11/site-packages/airflow/example_dags/example_branch_operator.py took 0.057 seconds
[2025-12-06T10:07:22.040+0500] {processor.py:161} INFO - Started process (PID=9137) to work on /Users/symbat/airflow_local/.venv/lib/python3.11/site-packages/airflow/example_dags/example_branch_operator.py
[2025-12-06T10:07:22.042+0500] {processor.py:830} INFO - Processing file /Users/symbat/airflow_local/.venv/lib/python3.11/site-packages/airflow/example_dags/example_branch_operator.py for tasks to queue
[2025-12-06T10:07:22.043+0500] {logging_mixin.py:188} INFO - [2025-12-06T10:07:22.042+0500] {dagbag.py:545} INFO - Filling up the DagBag from /Users/symbat/airflow_local/.venv/lib/python3.11/site-packages/airflow/example_dags/example_branch_operator.py
[2025-12-06T10:07:22.063+0500] {processor.py:842} WARNING - No viable dags retrieved from /Users/symbat/airflow_local/.venv/lib/python3.11/site-packages/airflow/example_dags/example_branch_operator.py
[2025-12-06T10:07:22.146+0500] {processor.py:183} INFO - Processing /Users/symbat/airflow_local/.venv/lib/python3.11/site-packages/airflow/example_dags/example_branch_operator.py took 0.110 seconds
[2025-12-06T10:09:43.224+0500] {processor.py:161} INFO - Started process (PID=9468) to work on /Users/symbat/airflow_local/.venv/lib/python3.11/site-packages/airflow/example_dags/example_branch_operator.py
[2025-12-06T10:09:43.225+0500] {processor.py:830} INFO - Processing file /Users/symbat/airflow_local/.venv/lib/python3.11/site-packages/airflow/example_dags/example_branch_operator.py for tasks to queue
[2025-12-06T10:09:43.225+0500] {logging_mixin.py:188} INFO - [2025-12-06T10:09:43.225+0500] {dagbag.py:545} INFO - Filling up the DagBag from /Users/symbat/airflow_local/.venv/lib/python3.11/site-packages/airflow/example_dags/example_branch_operator.py
[2025-12-06T10:09:43.237+0500] {processor.py:842} WARNING - No viable dags retrieved from /Users/symbat/airflow_local/.venv/lib/python3.11/site-packages/airflow/example_dags/example_branch_operator.py
[2025-12-06T10:09:43.283+0500] {processor.py:183} INFO - Processing /Users/symbat/airflow_local/.venv/lib/python3.11/site-packages/airflow/example_dags/example_branch_operator.py took 0.060 seconds
[2025-12-06T10:12:01.190+0500] {processor.py:161} INFO - Started process (PID=9766) to work on /Users/symbat/airflow_local/.venv/lib/python3.11/site-packages/airflow/example_dags/example_branch_operator.py
[2025-12-06T10:12:01.191+0500] {processor.py:830} INFO - Processing file /Users/symbat/airflow_local/.venv/lib/python3.11/site-packages/airflow/example_dags/example_branch_operator.py for tasks to queue
[2025-12-06T10:12:01.192+0500] {logging_mixin.py:188} INFO - [2025-12-06T10:12:01.192+0500] {dagbag.py:545} INFO - Filling up the DagBag from /Users/symbat/airflow_local/.venv/lib/python3.11/site-packages/airflow/example_dags/example_branch_operator.py
[2025-12-06T10:12:01.206+0500] {processor.py:842} WARNING - No viable dags retrieved from /Users/symbat/airflow_local/.venv/lib/python3.11/site-packages/airflow/example_dags/example_branch_operator.py
[2025-12-06T10:12:01.255+0500] {processor.py:183} INFO - Processing /Users/symbat/airflow_local/.venv/lib/python3.11/site-packages/airflow/example_dags/example_branch_operator.py took 0.068 seconds
[2025-12-06T10:13:01.735+0500] {processor.py:161} INFO - Started process (PID=9922) to work on /Users/symbat/airflow_local/.venv/lib/python3.11/site-packages/airflow/example_dags/example_branch_operator.py
[2025-12-06T10:13:01.737+0500] {processor.py:830} INFO - Processing file /Users/symbat/airflow_local/.venv/lib/python3.11/site-packages/airflow/example_dags/example_branch_operator.py for tasks to queue
[2025-12-06T10:13:01.737+0500] {logging_mixin.py:188} INFO - [2025-12-06T10:13:01.737+0500] {dagbag.py:545} INFO - Filling up the DagBag from /Users/symbat/airflow_local/.venv/lib/python3.11/site-packages/airflow/example_dags/example_branch_operator.py
[2025-12-06T10:13:01.749+0500] {processor.py:842} WARNING - No viable dags retrieved from /Users/symbat/airflow_local/.venv/lib/python3.11/site-packages/airflow/example_dags/example_branch_operator.py
[2025-12-06T10:13:01.789+0500] {processor.py:183} INFO - Processing /Users/symbat/airflow_local/.venv/lib/python3.11/site-packages/airflow/example_dags/example_branch_operator.py took 0.056 seconds
[2025-12-06T10:13:32.461+0500] {processor.py:161} INFO - Started process (PID=10003) to work on /Users/symbat/airflow_local/.venv/lib/python3.11/site-packages/airflow/example_dags/example_branch_operator.py
[2025-12-06T10:13:32.462+0500] {processor.py:830} INFO - Processing file /Users/symbat/airflow_local/.venv/lib/python3.11/site-packages/airflow/example_dags/example_branch_operator.py for tasks to queue
[2025-12-06T10:13:32.463+0500] {logging_mixin.py:188} INFO - [2025-12-06T10:13:32.463+0500] {dagbag.py:545} INFO - Filling up the DagBag from /Users/symbat/airflow_local/.venv/lib/python3.11/site-packages/airflow/example_dags/example_branch_operator.py
[2025-12-06T10:13:32.476+0500] {processor.py:842} WARNING - No viable dags retrieved from /Users/symbat/airflow_local/.venv/lib/python3.11/site-packages/airflow/example_dags/example_branch_operator.py
[2025-12-06T10:13:32.521+0500] {processor.py:183} INFO - Processing /Users/symbat/airflow_local/.venv/lib/python3.11/site-packages/airflow/example_dags/example_branch_operator.py took 0.062 seconds
[2025-12-06T10:15:41.202+0500] {processor.py:161} INFO - Started process (PID=10312) to work on /Users/symbat/airflow_local/.venv/lib/python3.11/site-packages/airflow/example_dags/example_branch_operator.py
[2025-12-06T10:15:41.203+0500] {processor.py:830} INFO - Processing file /Users/symbat/airflow_local/.venv/lib/python3.11/site-packages/airflow/example_dags/example_branch_operator.py for tasks to queue
[2025-12-06T10:15:41.203+0500] {logging_mixin.py:188} INFO - [2025-12-06T10:15:41.203+0500] {dagbag.py:545} INFO - Filling up the DagBag from /Users/symbat/airflow_local/.venv/lib/python3.11/site-packages/airflow/example_dags/example_branch_operator.py
[2025-12-06T10:15:41.219+0500] {processor.py:842} WARNING - No viable dags retrieved from /Users/symbat/airflow_local/.venv/lib/python3.11/site-packages/airflow/example_dags/example_branch_operator.py
[2025-12-06T10:15:41.259+0500] {processor.py:183} INFO - Processing /Users/symbat/airflow_local/.venv/lib/python3.11/site-packages/airflow/example_dags/example_branch_operator.py took 0.059 seconds
[2025-12-06T10:18:50.984+0500] {processor.py:161} INFO - Started process (PID=10745) to work on /Users/symbat/airflow_local/.venv/lib/python3.11/site-packages/airflow/example_dags/example_branch_operator.py
[2025-12-06T10:18:50.985+0500] {processor.py:830} INFO - Processing file /Users/symbat/airflow_local/.venv/lib/python3.11/site-packages/airflow/example_dags/example_branch_operator.py for tasks to queue
[2025-12-06T10:18:50.985+0500] {logging_mixin.py:188} INFO - [2025-12-06T10:18:50.985+0500] {dagbag.py:545} INFO - Filling up the DagBag from /Users/symbat/airflow_local/.venv/lib/python3.11/site-packages/airflow/example_dags/example_branch_operator.py
[2025-12-06T10:18:51.002+0500] {processor.py:842} WARNING - No viable dags retrieved from /Users/symbat/airflow_local/.venv/lib/python3.11/site-packages/airflow/example_dags/example_branch_operator.py
[2025-12-06T10:18:51.060+0500] {processor.py:183} INFO - Processing /Users/symbat/airflow_local/.venv/lib/python3.11/site-packages/airflow/example_dags/example_branch_operator.py took 0.078 seconds
[2025-12-06T10:19:34.101+0500] {processor.py:161} INFO - Started process (PID=10865) to work on /Users/symbat/airflow_local/.venv/lib/python3.11/site-packages/airflow/example_dags/example_branch_operator.py
[2025-12-06T10:19:34.101+0500] {processor.py:830} INFO - Processing file /Users/symbat/airflow_local/.venv/lib/python3.11/site-packages/airflow/example_dags/example_branch_operator.py for tasks to queue
[2025-12-06T10:19:34.102+0500] {logging_mixin.py:188} INFO - [2025-12-06T10:19:34.102+0500] {dagbag.py:545} INFO - Filling up the DagBag from /Users/symbat/airflow_local/.venv/lib/python3.11/site-packages/airflow/example_dags/example_branch_operator.py
[2025-12-06T10:19:34.113+0500] {processor.py:842} WARNING - No viable dags retrieved from /Users/symbat/airflow_local/.venv/lib/python3.11/site-packages/airflow/example_dags/example_branch_operator.py
[2025-12-06T10:19:34.153+0500] {processor.py:183} INFO - Processing /Users/symbat/airflow_local/.venv/lib/python3.11/site-packages/airflow/example_dags/example_branch_operator.py took 0.055 seconds
[2025-12-06T10:19:41.228+0500] {processor.py:161} INFO - Started process (PID=10881) to work on /Users/symbat/airflow_local/.venv/lib/python3.11/site-packages/airflow/example_dags/example_branch_operator.py
[2025-12-06T10:19:41.228+0500] {processor.py:830} INFO - Processing file /Users/symbat/airflow_local/.venv/lib/python3.11/site-packages/airflow/example_dags/example_branch_operator.py for tasks to queue
[2025-12-06T10:19:41.229+0500] {logging_mixin.py:188} INFO - [2025-12-06T10:19:41.229+0500] {dagbag.py:545} INFO - Filling up the DagBag from /Users/symbat/airflow_local/.venv/lib/python3.11/site-packages/airflow/example_dags/example_branch_operator.py
[2025-12-06T10:19:41.241+0500] {processor.py:842} WARNING - No viable dags retrieved from /Users/symbat/airflow_local/.venv/lib/python3.11/site-packages/airflow/example_dags/example_branch_operator.py
[2025-12-06T10:19:41.283+0500] {processor.py:183} INFO - Processing /Users/symbat/airflow_local/.venv/lib/python3.11/site-packages/airflow/example_dags/example_branch_operator.py took 0.058 seconds
[2025-12-06T10:21:33.875+0500] {processor.py:161} INFO - Started process (PID=11159) to work on /Users/symbat/airflow_local/.venv/lib/python3.11/site-packages/airflow/example_dags/example_branch_operator.py
[2025-12-06T10:21:33.876+0500] {processor.py:830} INFO - Processing file /Users/symbat/airflow_local/.venv/lib/python3.11/site-packages/airflow/example_dags/example_branch_operator.py for tasks to queue
[2025-12-06T10:21:33.876+0500] {logging_mixin.py:188} INFO - [2025-12-06T10:21:33.876+0500] {dagbag.py:545} INFO - Filling up the DagBag from /Users/symbat/airflow_local/.venv/lib/python3.11/site-packages/airflow/example_dags/example_branch_operator.py
[2025-12-06T10:21:33.889+0500] {processor.py:842} WARNING - No viable dags retrieved from /Users/symbat/airflow_local/.venv/lib/python3.11/site-packages/airflow/example_dags/example_branch_operator.py
[2025-12-06T10:21:33.939+0500] {processor.py:183} INFO - Processing /Users/symbat/airflow_local/.venv/lib/python3.11/site-packages/airflow/example_dags/example_branch_operator.py took 0.066 seconds
[2025-12-06T10:25:08.969+0500] {processor.py:161} INFO - Started process (PID=11621) to work on /Users/symbat/airflow_local/.venv/lib/python3.11/site-packages/airflow/example_dags/example_branch_operator.py
[2025-12-06T10:25:08.970+0500] {processor.py:830} INFO - Processing file /Users/symbat/airflow_local/.venv/lib/python3.11/site-packages/airflow/example_dags/example_branch_operator.py for tasks to queue
[2025-12-06T10:25:08.970+0500] {logging_mixin.py:188} INFO - [2025-12-06T10:25:08.970+0500] {dagbag.py:545} INFO - Filling up the DagBag from /Users/symbat/airflow_local/.venv/lib/python3.11/site-packages/airflow/example_dags/example_branch_operator.py
[2025-12-06T10:25:08.983+0500] {processor.py:842} WARNING - No viable dags retrieved from /Users/symbat/airflow_local/.venv/lib/python3.11/site-packages/airflow/example_dags/example_branch_operator.py
[2025-12-06T10:25:09.027+0500] {processor.py:183} INFO - Processing /Users/symbat/airflow_local/.venv/lib/python3.11/site-packages/airflow/example_dags/example_branch_operator.py took 0.061 seconds
[2025-12-06T10:26:13.070+0500] {processor.py:161} INFO - Started process (PID=11730) to work on /Users/symbat/airflow_local/.venv/lib/python3.11/site-packages/airflow/example_dags/example_branch_operator.py
[2025-12-06T10:26:13.072+0500] {processor.py:830} INFO - Processing file /Users/symbat/airflow_local/.venv/lib/python3.11/site-packages/airflow/example_dags/example_branch_operator.py for tasks to queue
[2025-12-06T10:26:13.073+0500] {logging_mixin.py:188} INFO - [2025-12-06T10:26:13.073+0500] {dagbag.py:545} INFO - Filling up the DagBag from /Users/symbat/airflow_local/.venv/lib/python3.11/site-packages/airflow/example_dags/example_branch_operator.py
[2025-12-06T10:26:13.094+0500] {processor.py:842} WARNING - No viable dags retrieved from /Users/symbat/airflow_local/.venv/lib/python3.11/site-packages/airflow/example_dags/example_branch_operator.py
[2025-12-06T10:26:13.172+0500] {processor.py:183} INFO - Processing /Users/symbat/airflow_local/.venv/lib/python3.11/site-packages/airflow/example_dags/example_branch_operator.py took 0.108 seconds
[2025-12-06T10:28:27.581+0500] {processor.py:161} INFO - Started process (PID=12007) to work on /Users/symbat/airflow_local/.venv/lib/python3.11/site-packages/airflow/example_dags/example_branch_operator.py
[2025-12-06T10:28:27.582+0500] {processor.py:830} INFO - Processing file /Users/symbat/airflow_local/.venv/lib/python3.11/site-packages/airflow/example_dags/example_branch_operator.py for tasks to queue
[2025-12-06T10:28:27.582+0500] {logging_mixin.py:188} INFO - [2025-12-06T10:28:27.582+0500] {dagbag.py:545} INFO - Filling up the DagBag from /Users/symbat/airflow_local/.venv/lib/python3.11/site-packages/airflow/example_dags/example_branch_operator.py
[2025-12-06T10:28:27.595+0500] {processor.py:842} WARNING - No viable dags retrieved from /Users/symbat/airflow_local/.venv/lib/python3.11/site-packages/airflow/example_dags/example_branch_operator.py
[2025-12-06T10:28:27.651+0500] {processor.py:183} INFO - Processing /Users/symbat/airflow_local/.venv/lib/python3.11/site-packages/airflow/example_dags/example_branch_operator.py took 0.074 seconds
[2025-12-06T10:29:10.824+0500] {processor.py:161} INFO - Started process (PID=12111) to work on /Users/symbat/airflow_local/.venv/lib/python3.11/site-packages/airflow/example_dags/example_branch_operator.py
[2025-12-06T10:29:10.825+0500] {processor.py:830} INFO - Processing file /Users/symbat/airflow_local/.venv/lib/python3.11/site-packages/airflow/example_dags/example_branch_operator.py for tasks to queue
[2025-12-06T10:29:10.825+0500] {logging_mixin.py:188} INFO - [2025-12-06T10:29:10.825+0500] {dagbag.py:545} INFO - Filling up the DagBag from /Users/symbat/airflow_local/.venv/lib/python3.11/site-packages/airflow/example_dags/example_branch_operator.py
[2025-12-06T10:29:10.836+0500] {processor.py:842} WARNING - No viable dags retrieved from /Users/symbat/airflow_local/.venv/lib/python3.11/site-packages/airflow/example_dags/example_branch_operator.py
[2025-12-06T10:29:10.878+0500] {processor.py:183} INFO - Processing /Users/symbat/airflow_local/.venv/lib/python3.11/site-packages/airflow/example_dags/example_branch_operator.py took 0.056 seconds
[2025-12-06T10:31:31.865+0500] {processor.py:161} INFO - Started process (PID=12423) to work on /Users/symbat/airflow_local/.venv/lib/python3.11/site-packages/airflow/example_dags/example_branch_operator.py
[2025-12-06T10:31:31.866+0500] {processor.py:830} INFO - Processing file /Users/symbat/airflow_local/.venv/lib/python3.11/site-packages/airflow/example_dags/example_branch_operator.py for tasks to queue
[2025-12-06T10:31:31.867+0500] {logging_mixin.py:188} INFO - [2025-12-06T10:31:31.867+0500] {dagbag.py:545} INFO - Filling up the DagBag from /Users/symbat/airflow_local/.venv/lib/python3.11/site-packages/airflow/example_dags/example_branch_operator.py
[2025-12-06T10:31:31.878+0500] {processor.py:842} WARNING - No viable dags retrieved from /Users/symbat/airflow_local/.venv/lib/python3.11/site-packages/airflow/example_dags/example_branch_operator.py
[2025-12-06T10:31:31.918+0500] {processor.py:183} INFO - Processing /Users/symbat/airflow_local/.venv/lib/python3.11/site-packages/airflow/example_dags/example_branch_operator.py took 0.055 seconds
[2025-12-06T10:32:34.896+0500] {processor.py:161} INFO - Started process (PID=12571) to work on /Users/symbat/airflow_local/.venv/lib/python3.11/site-packages/airflow/example_dags/example_branch_operator.py
[2025-12-06T10:32:34.897+0500] {processor.py:830} INFO - Processing file /Users/symbat/airflow_local/.venv/lib/python3.11/site-packages/airflow/example_dags/example_branch_operator.py for tasks to queue
[2025-12-06T10:32:34.898+0500] {logging_mixin.py:188} INFO - [2025-12-06T10:32:34.898+0500] {dagbag.py:545} INFO - Filling up the DagBag from /Users/symbat/airflow_local/.venv/lib/python3.11/site-packages/airflow/example_dags/example_branch_operator.py
[2025-12-06T10:32:34.910+0500] {processor.py:842} WARNING - No viable dags retrieved from /Users/symbat/airflow_local/.venv/lib/python3.11/site-packages/airflow/example_dags/example_branch_operator.py
[2025-12-06T10:32:34.968+0500] {processor.py:183} INFO - Processing /Users/symbat/airflow_local/.venv/lib/python3.11/site-packages/airflow/example_dags/example_branch_operator.py took 0.074 seconds
[2025-12-06T10:34:28.561+0500] {processor.py:161} INFO - Started process (PID=12835) to work on /Users/symbat/airflow_local/.venv/lib/python3.11/site-packages/airflow/example_dags/example_branch_operator.py
[2025-12-06T10:34:28.562+0500] {processor.py:830} INFO - Processing file /Users/symbat/airflow_local/.venv/lib/python3.11/site-packages/airflow/example_dags/example_branch_operator.py for tasks to queue
[2025-12-06T10:34:28.562+0500] {logging_mixin.py:188} INFO - [2025-12-06T10:34:28.562+0500] {dagbag.py:545} INFO - Filling up the DagBag from /Users/symbat/airflow_local/.venv/lib/python3.11/site-packages/airflow/example_dags/example_branch_operator.py
[2025-12-06T10:34:28.574+0500] {processor.py:842} WARNING - No viable dags retrieved from /Users/symbat/airflow_local/.venv/lib/python3.11/site-packages/airflow/example_dags/example_branch_operator.py
[2025-12-06T10:34:28.616+0500] {processor.py:183} INFO - Processing /Users/symbat/airflow_local/.venv/lib/python3.11/site-packages/airflow/example_dags/example_branch_operator.py took 0.057 seconds
[2025-12-06T10:37:25.511+0500] {processor.py:161} INFO - Started process (PID=13216) to work on /Users/symbat/airflow_local/.venv/lib/python3.11/site-packages/airflow/example_dags/example_branch_operator.py
[2025-12-06T10:37:25.512+0500] {processor.py:830} INFO - Processing file /Users/symbat/airflow_local/.venv/lib/python3.11/site-packages/airflow/example_dags/example_branch_operator.py for tasks to queue
[2025-12-06T10:37:25.513+0500] {logging_mixin.py:188} INFO - [2025-12-06T10:37:25.513+0500] {dagbag.py:545} INFO - Filling up the DagBag from /Users/symbat/airflow_local/.venv/lib/python3.11/site-packages/airflow/example_dags/example_branch_operator.py
[2025-12-06T10:37:25.550+0500] {processor.py:842} WARNING - No viable dags retrieved from /Users/symbat/airflow_local/.venv/lib/python3.11/site-packages/airflow/example_dags/example_branch_operator.py
[2025-12-06T10:37:25.645+0500] {processor.py:183} INFO - Processing /Users/symbat/airflow_local/.venv/lib/python3.11/site-packages/airflow/example_dags/example_branch_operator.py took 0.138 seconds
[2025-12-06T10:37:32.956+0500] {processor.py:161} INFO - Started process (PID=13241) to work on /Users/symbat/airflow_local/.venv/lib/python3.11/site-packages/airflow/example_dags/example_branch_operator.py
[2025-12-06T10:37:32.957+0500] {processor.py:830} INFO - Processing file /Users/symbat/airflow_local/.venv/lib/python3.11/site-packages/airflow/example_dags/example_branch_operator.py for tasks to queue
[2025-12-06T10:37:32.958+0500] {logging_mixin.py:188} INFO - [2025-12-06T10:37:32.958+0500] {dagbag.py:545} INFO - Filling up the DagBag from /Users/symbat/airflow_local/.venv/lib/python3.11/site-packages/airflow/example_dags/example_branch_operator.py
[2025-12-06T10:37:32.980+0500] {processor.py:842} WARNING - No viable dags retrieved from /Users/symbat/airflow_local/.venv/lib/python3.11/site-packages/airflow/example_dags/example_branch_operator.py
[2025-12-06T10:37:33.049+0500] {processor.py:183} INFO - Processing /Users/symbat/airflow_local/.venv/lib/python3.11/site-packages/airflow/example_dags/example_branch_operator.py took 0.098 seconds
[2025-12-06T10:38:54.133+0500] {processor.py:161} INFO - Started process (PID=13412) to work on /Users/symbat/airflow_local/.venv/lib/python3.11/site-packages/airflow/example_dags/example_branch_operator.py
[2025-12-06T10:38:54.134+0500] {processor.py:830} INFO - Processing file /Users/symbat/airflow_local/.venv/lib/python3.11/site-packages/airflow/example_dags/example_branch_operator.py for tasks to queue
[2025-12-06T10:38:54.135+0500] {logging_mixin.py:188} INFO - [2025-12-06T10:38:54.135+0500] {dagbag.py:545} INFO - Filling up the DagBag from /Users/symbat/airflow_local/.venv/lib/python3.11/site-packages/airflow/example_dags/example_branch_operator.py
[2025-12-06T10:38:54.156+0500] {processor.py:842} WARNING - No viable dags retrieved from /Users/symbat/airflow_local/.venv/lib/python3.11/site-packages/airflow/example_dags/example_branch_operator.py
[2025-12-06T10:38:54.230+0500] {processor.py:183} INFO - Processing /Users/symbat/airflow_local/.venv/lib/python3.11/site-packages/airflow/example_dags/example_branch_operator.py took 0.102 seconds
[2025-12-06T10:40:56.620+0500] {processor.py:161} INFO - Started process (PID=13705) to work on /Users/symbat/airflow_local/.venv/lib/python3.11/site-packages/airflow/example_dags/example_branch_operator.py
[2025-12-06T10:40:56.622+0500] {processor.py:830} INFO - Processing file /Users/symbat/airflow_local/.venv/lib/python3.11/site-packages/airflow/example_dags/example_branch_operator.py for tasks to queue
[2025-12-06T10:40:56.622+0500] {logging_mixin.py:188} INFO - [2025-12-06T10:40:56.622+0500] {dagbag.py:545} INFO - Filling up the DagBag from /Users/symbat/airflow_local/.venv/lib/python3.11/site-packages/airflow/example_dags/example_branch_operator.py
[2025-12-06T10:40:56.649+0500] {processor.py:842} WARNING - No viable dags retrieved from /Users/symbat/airflow_local/.venv/lib/python3.11/site-packages/airflow/example_dags/example_branch_operator.py
[2025-12-06T10:40:56.716+0500] {processor.py:183} INFO - Processing /Users/symbat/airflow_local/.venv/lib/python3.11/site-packages/airflow/example_dags/example_branch_operator.py took 0.100 seconds
[2025-12-06T10:44:12.325+0500] {processor.py:161} INFO - Started process (PID=14134) to work on /Users/symbat/airflow_local/.venv/lib/python3.11/site-packages/airflow/example_dags/example_branch_operator.py
[2025-12-06T10:44:12.327+0500] {processor.py:830} INFO - Processing file /Users/symbat/airflow_local/.venv/lib/python3.11/site-packages/airflow/example_dags/example_branch_operator.py for tasks to queue
[2025-12-06T10:44:12.328+0500] {logging_mixin.py:188} INFO - [2025-12-06T10:44:12.328+0500] {dagbag.py:545} INFO - Filling up the DagBag from /Users/symbat/airflow_local/.venv/lib/python3.11/site-packages/airflow/example_dags/example_branch_operator.py
[2025-12-06T10:44:12.345+0500] {processor.py:842} WARNING - No viable dags retrieved from /Users/symbat/airflow_local/.venv/lib/python3.11/site-packages/airflow/example_dags/example_branch_operator.py
[2025-12-06T10:44:12.407+0500] {processor.py:183} INFO - Processing /Users/symbat/airflow_local/.venv/lib/python3.11/site-packages/airflow/example_dags/example_branch_operator.py took 0.086 seconds
[2025-12-06T10:45:31.170+0500] {processor.py:161} INFO - Started process (PID=14326) to work on /Users/symbat/airflow_local/.venv/lib/python3.11/site-packages/airflow/example_dags/example_branch_operator.py
[2025-12-06T10:45:31.172+0500] {processor.py:830} INFO - Processing file /Users/symbat/airflow_local/.venv/lib/python3.11/site-packages/airflow/example_dags/example_branch_operator.py for tasks to queue
[2025-12-06T10:45:31.173+0500] {logging_mixin.py:188} INFO - [2025-12-06T10:45:31.173+0500] {dagbag.py:545} INFO - Filling up the DagBag from /Users/symbat/airflow_local/.venv/lib/python3.11/site-packages/airflow/example_dags/example_branch_operator.py
[2025-12-06T10:45:31.196+0500] {processor.py:842} WARNING - No viable dags retrieved from /Users/symbat/airflow_local/.venv/lib/python3.11/site-packages/airflow/example_dags/example_branch_operator.py
[2025-12-06T10:45:31.270+0500] {processor.py:183} INFO - Processing /Users/symbat/airflow_local/.venv/lib/python3.11/site-packages/airflow/example_dags/example_branch_operator.py took 0.103 seconds
[2025-12-06T10:46:46.896+0500] {processor.py:161} INFO - Started process (PID=14463) to work on /Users/symbat/airflow_local/.venv/lib/python3.11/site-packages/airflow/example_dags/example_branch_operator.py
[2025-12-06T10:46:46.897+0500] {processor.py:830} INFO - Processing file /Users/symbat/airflow_local/.venv/lib/python3.11/site-packages/airflow/example_dags/example_branch_operator.py for tasks to queue
[2025-12-06T10:46:46.898+0500] {logging_mixin.py:188} INFO - [2025-12-06T10:46:46.898+0500] {dagbag.py:545} INFO - Filling up the DagBag from /Users/symbat/airflow_local/.venv/lib/python3.11/site-packages/airflow/example_dags/example_branch_operator.py
[2025-12-06T10:46:46.913+0500] {processor.py:842} WARNING - No viable dags retrieved from /Users/symbat/airflow_local/.venv/lib/python3.11/site-packages/airflow/example_dags/example_branch_operator.py
[2025-12-06T10:46:46.962+0500] {processor.py:183} INFO - Processing /Users/symbat/airflow_local/.venv/lib/python3.11/site-packages/airflow/example_dags/example_branch_operator.py took 0.077 seconds
[2025-12-06T10:47:14.809+0500] {processor.py:161} INFO - Started process (PID=14554) to work on /Users/symbat/airflow_local/.venv/lib/python3.11/site-packages/airflow/example_dags/example_branch_operator.py
[2025-12-06T10:47:14.810+0500] {processor.py:830} INFO - Processing file /Users/symbat/airflow_local/.venv/lib/python3.11/site-packages/airflow/example_dags/example_branch_operator.py for tasks to queue
[2025-12-06T10:47:14.811+0500] {logging_mixin.py:188} INFO - [2025-12-06T10:47:14.810+0500] {dagbag.py:545} INFO - Filling up the DagBag from /Users/symbat/airflow_local/.venv/lib/python3.11/site-packages/airflow/example_dags/example_branch_operator.py
[2025-12-06T10:47:14.826+0500] {processor.py:842} WARNING - No viable dags retrieved from /Users/symbat/airflow_local/.venv/lib/python3.11/site-packages/airflow/example_dags/example_branch_operator.py
[2025-12-06T10:47:14.878+0500] {processor.py:183} INFO - Processing /Users/symbat/airflow_local/.venv/lib/python3.11/site-packages/airflow/example_dags/example_branch_operator.py took 0.072 seconds
