[2025-12-06T03:05:37.860+0500] {processor.py:161} INFO - Started process (PID=76849) to work on /Users/symbat/airflow_local/.venv/lib/python3.11/site-packages/airflow/example_dags/example_python_operator.py
[2025-12-06T03:05:37.861+0500] {processor.py:830} INFO - Processing file /Users/symbat/airflow_local/.venv/lib/python3.11/site-packages/airflow/example_dags/example_python_operator.py for tasks to queue
[2025-12-06T03:05:37.861+0500] {logging_mixin.py:188} INFO - [2025-12-06T03:05:37.861+0500] {dagbag.py:545} INFO - Filling up the DagBag from /Users/symbat/airflow_local/.venv/lib/python3.11/site-packages/airflow/example_dags/example_python_operator.py
[2025-12-06T03:05:37.881+0500] {logging_mixin.py:188} INFO - [2025-12-06T03:05:37.880+0500] {example_python_operator.py:93} WARNING - The virtalenv_python example task requires virtualenv, please install it.
[2025-12-06T03:05:37.885+0500] {processor.py:840} INFO - DAG(s) 'example_python_operator' retrieved from /Users/symbat/airflow_local/.venv/lib/python3.11/site-packages/airflow/example_dags/example_python_operator.py
[2025-12-06T03:05:38.016+0500] {logging_mixin.py:188} INFO - [2025-12-06T03:05:38.015+0500] {dag.py:3089} INFO - Sync 1 DAGs
[2025-12-06T03:05:38.063+0500] {logging_mixin.py:188} INFO - [2025-12-06T03:05:38.063+0500] {dag.py:3947} INFO - Setting next_dagrun for example_python_operator to None, run_after=None
[2025-12-06T03:05:38.077+0500] {processor.py:183} INFO - Processing /Users/symbat/airflow_local/.venv/lib/python3.11/site-packages/airflow/example_dags/example_python_operator.py took 0.221 seconds
[2025-12-06T03:09:59.125+0500] {processor.py:161} INFO - Started process (PID=77672) to work on /Users/symbat/airflow_local/.venv/lib/python3.11/site-packages/airflow/example_dags/example_python_operator.py
[2025-12-06T03:09:59.126+0500] {processor.py:830} INFO - Processing file /Users/symbat/airflow_local/.venv/lib/python3.11/site-packages/airflow/example_dags/example_python_operator.py for tasks to queue
[2025-12-06T03:09:59.127+0500] {logging_mixin.py:188} INFO - [2025-12-06T03:09:59.127+0500] {dagbag.py:545} INFO - Filling up the DagBag from /Users/symbat/airflow_local/.venv/lib/python3.11/site-packages/airflow/example_dags/example_python_operator.py
[2025-12-06T03:09:59.144+0500] {logging_mixin.py:188} INFO - [2025-12-06T03:09:59.143+0500] {example_python_operator.py:93} WARNING - The virtalenv_python example task requires virtualenv, please install it.
[2025-12-06T03:09:59.146+0500] {processor.py:840} INFO - DAG(s) 'example_python_operator' retrieved from /Users/symbat/airflow_local/.venv/lib/python3.11/site-packages/airflow/example_dags/example_python_operator.py
[2025-12-06T03:09:59.238+0500] {logging_mixin.py:188} INFO - [2025-12-06T03:09:59.238+0500] {dag.py:3089} INFO - Sync 1 DAGs
[2025-12-06T03:09:59.277+0500] {logging_mixin.py:188} INFO - [2025-12-06T03:09:59.277+0500] {dag.py:3947} INFO - Setting next_dagrun for example_python_operator to None, run_after=None
[2025-12-06T03:09:59.288+0500] {processor.py:183} INFO - Processing /Users/symbat/airflow_local/.venv/lib/python3.11/site-packages/airflow/example_dags/example_python_operator.py took 0.165 seconds
[2025-12-06T04:30:54.615+0500] {processor.py:161} INFO - Started process (PID=83844) to work on /Users/symbat/airflow_local/.venv/lib/python3.11/site-packages/airflow/example_dags/example_python_operator.py
[2025-12-06T04:30:54.616+0500] {processor.py:830} INFO - Processing file /Users/symbat/airflow_local/.venv/lib/python3.11/site-packages/airflow/example_dags/example_python_operator.py for tasks to queue
[2025-12-06T04:30:54.616+0500] {logging_mixin.py:188} INFO - [2025-12-06T04:30:54.616+0500] {dagbag.py:545} INFO - Filling up the DagBag from /Users/symbat/airflow_local/.venv/lib/python3.11/site-packages/airflow/example_dags/example_python_operator.py
[2025-12-06T04:30:54.639+0500] {logging_mixin.py:188} INFO - [2025-12-06T04:30:54.639+0500] {example_python_operator.py:93} WARNING - The virtalenv_python example task requires virtualenv, please install it.
[2025-12-06T04:30:54.641+0500] {processor.py:840} INFO - DAG(s) 'example_python_operator' retrieved from /Users/symbat/airflow_local/.venv/lib/python3.11/site-packages/airflow/example_dags/example_python_operator.py
[2025-12-06T04:30:54.800+0500] {logging_mixin.py:188} INFO - [2025-12-06T04:30:54.800+0500] {dag.py:3089} INFO - Sync 1 DAGs
[2025-12-06T04:30:54.862+0500] {logging_mixin.py:188} INFO - [2025-12-06T04:30:54.862+0500] {dag.py:3947} INFO - Setting next_dagrun for example_python_operator to None, run_after=None
[2025-12-06T04:30:54.872+0500] {processor.py:183} INFO - Processing /Users/symbat/airflow_local/.venv/lib/python3.11/site-packages/airflow/example_dags/example_python_operator.py took 0.261 seconds
[2025-12-06T04:36:04.814+0500] {processor.py:161} INFO - Started process (PID=84339) to work on /Users/symbat/airflow_local/.venv/lib/python3.11/site-packages/airflow/example_dags/example_python_operator.py
[2025-12-06T04:36:04.814+0500] {processor.py:830} INFO - Processing file /Users/symbat/airflow_local/.venv/lib/python3.11/site-packages/airflow/example_dags/example_python_operator.py for tasks to queue
[2025-12-06T04:36:04.815+0500] {logging_mixin.py:188} INFO - [2025-12-06T04:36:04.815+0500] {dagbag.py:545} INFO - Filling up the DagBag from /Users/symbat/airflow_local/.venv/lib/python3.11/site-packages/airflow/example_dags/example_python_operator.py
[2025-12-06T04:36:04.833+0500] {logging_mixin.py:188} INFO - [2025-12-06T04:36:04.833+0500] {example_python_operator.py:93} WARNING - The virtalenv_python example task requires virtualenv, please install it.
[2025-12-06T04:36:04.835+0500] {processor.py:840} INFO - DAG(s) 'example_python_operator' retrieved from /Users/symbat/airflow_local/.venv/lib/python3.11/site-packages/airflow/example_dags/example_python_operator.py
[2025-12-06T04:36:04.888+0500] {logging_mixin.py:188} INFO - [2025-12-06T04:36:04.888+0500] {dag.py:3089} INFO - Sync 1 DAGs
[2025-12-06T04:36:04.892+0500] {logging_mixin.py:188} INFO - [2025-12-06T04:36:04.892+0500] {dag.py:3947} INFO - Setting next_dagrun for example_python_operator to None, run_after=None
[2025-12-06T04:36:04.901+0500] {processor.py:183} INFO - Processing /Users/symbat/airflow_local/.venv/lib/python3.11/site-packages/airflow/example_dags/example_python_operator.py took 0.090 seconds
[2025-12-06T04:41:06.788+0500] {processor.py:161} INFO - Started process (PID=85545) to work on /Users/symbat/airflow_local/.venv/lib/python3.11/site-packages/airflow/example_dags/example_python_operator.py
[2025-12-06T04:41:06.789+0500] {processor.py:830} INFO - Processing file /Users/symbat/airflow_local/.venv/lib/python3.11/site-packages/airflow/example_dags/example_python_operator.py for tasks to queue
[2025-12-06T04:41:06.789+0500] {logging_mixin.py:188} INFO - [2025-12-06T04:41:06.789+0500] {dagbag.py:545} INFO - Filling up the DagBag from /Users/symbat/airflow_local/.venv/lib/python3.11/site-packages/airflow/example_dags/example_python_operator.py
[2025-12-06T04:41:06.801+0500] {logging_mixin.py:188} INFO - [2025-12-06T04:41:06.801+0500] {example_python_operator.py:93} WARNING - The virtalenv_python example task requires virtualenv, please install it.
[2025-12-06T04:41:06.803+0500] {processor.py:840} INFO - DAG(s) 'example_python_operator' retrieved from /Users/symbat/airflow_local/.venv/lib/python3.11/site-packages/airflow/example_dags/example_python_operator.py
[2025-12-06T04:41:06.844+0500] {logging_mixin.py:188} INFO - [2025-12-06T04:41:06.844+0500] {dag.py:3089} INFO - Sync 1 DAGs
[2025-12-06T04:41:06.848+0500] {logging_mixin.py:188} INFO - [2025-12-06T04:41:06.848+0500] {dag.py:3947} INFO - Setting next_dagrun for example_python_operator to None, run_after=None
[2025-12-06T04:41:06.857+0500] {processor.py:183} INFO - Processing /Users/symbat/airflow_local/.venv/lib/python3.11/site-packages/airflow/example_dags/example_python_operator.py took 0.071 seconds
[2025-12-06T04:43:43.757+0500] {processor.py:161} INFO - Started process (PID=85715) to work on /Users/symbat/airflow_local/.venv/lib/python3.11/site-packages/airflow/example_dags/example_python_operator.py
[2025-12-06T04:43:43.758+0500] {processor.py:830} INFO - Processing file /Users/symbat/airflow_local/.venv/lib/python3.11/site-packages/airflow/example_dags/example_python_operator.py for tasks to queue
[2025-12-06T04:43:43.758+0500] {logging_mixin.py:188} INFO - [2025-12-06T04:43:43.758+0500] {dagbag.py:545} INFO - Filling up the DagBag from /Users/symbat/airflow_local/.venv/lib/python3.11/site-packages/airflow/example_dags/example_python_operator.py
[2025-12-06T04:43:43.775+0500] {logging_mixin.py:188} INFO - [2025-12-06T04:43:43.775+0500] {example_python_operator.py:93} WARNING - The virtalenv_python example task requires virtualenv, please install it.
[2025-12-06T04:43:43.777+0500] {processor.py:840} INFO - DAG(s) 'example_python_operator' retrieved from /Users/symbat/airflow_local/.venv/lib/python3.11/site-packages/airflow/example_dags/example_python_operator.py
[2025-12-06T04:43:43.827+0500] {logging_mixin.py:188} INFO - [2025-12-06T04:43:43.827+0500] {dag.py:3089} INFO - Sync 1 DAGs
[2025-12-06T04:43:43.832+0500] {logging_mixin.py:188} INFO - [2025-12-06T04:43:43.832+0500] {dag.py:3947} INFO - Setting next_dagrun for example_python_operator to None, run_after=None
[2025-12-06T04:43:43.843+0500] {processor.py:183} INFO - Processing /Users/symbat/airflow_local/.venv/lib/python3.11/site-packages/airflow/example_dags/example_python_operator.py took 0.088 seconds
[2025-12-06T04:46:07.280+0500] {processor.py:161} INFO - Started process (PID=85841) to work on /Users/symbat/airflow_local/.venv/lib/python3.11/site-packages/airflow/example_dags/example_python_operator.py
[2025-12-06T04:46:07.281+0500] {processor.py:830} INFO - Processing file /Users/symbat/airflow_local/.venv/lib/python3.11/site-packages/airflow/example_dags/example_python_operator.py for tasks to queue
[2025-12-06T04:46:07.282+0500] {logging_mixin.py:188} INFO - [2025-12-06T04:46:07.281+0500] {dagbag.py:545} INFO - Filling up the DagBag from /Users/symbat/airflow_local/.venv/lib/python3.11/site-packages/airflow/example_dags/example_python_operator.py
[2025-12-06T04:46:07.295+0500] {logging_mixin.py:188} INFO - [2025-12-06T04:46:07.295+0500] {example_python_operator.py:93} WARNING - The virtalenv_python example task requires virtualenv, please install it.
[2025-12-06T04:46:07.298+0500] {processor.py:840} INFO - DAG(s) 'example_python_operator' retrieved from /Users/symbat/airflow_local/.venv/lib/python3.11/site-packages/airflow/example_dags/example_python_operator.py
[2025-12-06T04:46:07.340+0500] {logging_mixin.py:188} INFO - [2025-12-06T04:46:07.340+0500] {dag.py:3089} INFO - Sync 1 DAGs
[2025-12-06T04:46:07.344+0500] {logging_mixin.py:188} INFO - [2025-12-06T04:46:07.344+0500] {dag.py:3947} INFO - Setting next_dagrun for example_python_operator to None, run_after=None
[2025-12-06T04:46:07.353+0500] {processor.py:183} INFO - Processing /Users/symbat/airflow_local/.venv/lib/python3.11/site-packages/airflow/example_dags/example_python_operator.py took 0.074 seconds
[2025-12-06T04:48:30.239+0500] {processor.py:161} INFO - Started process (PID=85952) to work on /Users/symbat/airflow_local/.venv/lib/python3.11/site-packages/airflow/example_dags/example_python_operator.py
[2025-12-06T04:48:30.240+0500] {processor.py:830} INFO - Processing file /Users/symbat/airflow_local/.venv/lib/python3.11/site-packages/airflow/example_dags/example_python_operator.py for tasks to queue
[2025-12-06T04:48:30.240+0500] {logging_mixin.py:188} INFO - [2025-12-06T04:48:30.240+0500] {dagbag.py:545} INFO - Filling up the DagBag from /Users/symbat/airflow_local/.venv/lib/python3.11/site-packages/airflow/example_dags/example_python_operator.py
[2025-12-06T04:48:30.250+0500] {logging_mixin.py:188} INFO - [2025-12-06T04:48:30.250+0500] {example_python_operator.py:93} WARNING - The virtalenv_python example task requires virtualenv, please install it.
[2025-12-06T04:48:30.252+0500] {processor.py:840} INFO - DAG(s) 'example_python_operator' retrieved from /Users/symbat/airflow_local/.venv/lib/python3.11/site-packages/airflow/example_dags/example_python_operator.py
[2025-12-06T04:48:30.293+0500] {logging_mixin.py:188} INFO - [2025-12-06T04:48:30.293+0500] {dag.py:3089} INFO - Sync 1 DAGs
[2025-12-06T04:48:30.297+0500] {logging_mixin.py:188} INFO - [2025-12-06T04:48:30.297+0500] {dag.py:3947} INFO - Setting next_dagrun for example_python_operator to None, run_after=None
[2025-12-06T04:48:30.306+0500] {processor.py:183} INFO - Processing /Users/symbat/airflow_local/.venv/lib/python3.11/site-packages/airflow/example_dags/example_python_operator.py took 0.068 seconds
[2025-12-06T04:51:11.943+0500] {processor.py:161} INFO - Started process (PID=86521) to work on /Users/symbat/airflow_local/.venv/lib/python3.11/site-packages/airflow/example_dags/example_python_operator.py
[2025-12-06T04:51:11.944+0500] {processor.py:830} INFO - Processing file /Users/symbat/airflow_local/.venv/lib/python3.11/site-packages/airflow/example_dags/example_python_operator.py for tasks to queue
[2025-12-06T04:51:11.945+0500] {logging_mixin.py:188} INFO - [2025-12-06T04:51:11.944+0500] {dagbag.py:545} INFO - Filling up the DagBag from /Users/symbat/airflow_local/.venv/lib/python3.11/site-packages/airflow/example_dags/example_python_operator.py
[2025-12-06T04:51:11.956+0500] {logging_mixin.py:188} INFO - [2025-12-06T04:51:11.956+0500] {example_python_operator.py:93} WARNING - The virtalenv_python example task requires virtualenv, please install it.
[2025-12-06T04:51:11.958+0500] {processor.py:840} INFO - DAG(s) 'example_python_operator' retrieved from /Users/symbat/airflow_local/.venv/lib/python3.11/site-packages/airflow/example_dags/example_python_operator.py
[2025-12-06T04:51:12.009+0500] {logging_mixin.py:188} INFO - [2025-12-06T04:51:12.009+0500] {dag.py:3089} INFO - Sync 1 DAGs
[2025-12-06T04:51:12.017+0500] {logging_mixin.py:188} INFO - [2025-12-06T04:51:12.017+0500] {dag.py:3947} INFO - Setting next_dagrun for example_python_operator to None, run_after=None
[2025-12-06T04:51:12.036+0500] {processor.py:183} INFO - Processing /Users/symbat/airflow_local/.venv/lib/python3.11/site-packages/airflow/example_dags/example_python_operator.py took 0.095 seconds
[2025-12-06T04:53:32.238+0500] {processor.py:161} INFO - Started process (PID=86639) to work on /Users/symbat/airflow_local/.venv/lib/python3.11/site-packages/airflow/example_dags/example_python_operator.py
[2025-12-06T04:53:32.238+0500] {processor.py:830} INFO - Processing file /Users/symbat/airflow_local/.venv/lib/python3.11/site-packages/airflow/example_dags/example_python_operator.py for tasks to queue
[2025-12-06T04:53:32.239+0500] {logging_mixin.py:188} INFO - [2025-12-06T04:53:32.239+0500] {dagbag.py:545} INFO - Filling up the DagBag from /Users/symbat/airflow_local/.venv/lib/python3.11/site-packages/airflow/example_dags/example_python_operator.py
[2025-12-06T04:53:32.249+0500] {logging_mixin.py:188} INFO - [2025-12-06T04:53:32.249+0500] {example_python_operator.py:93} WARNING - The virtalenv_python example task requires virtualenv, please install it.
[2025-12-06T04:53:32.251+0500] {processor.py:840} INFO - DAG(s) 'example_python_operator' retrieved from /Users/symbat/airflow_local/.venv/lib/python3.11/site-packages/airflow/example_dags/example_python_operator.py
[2025-12-06T04:53:32.292+0500] {logging_mixin.py:188} INFO - [2025-12-06T04:53:32.292+0500] {dag.py:3089} INFO - Sync 1 DAGs
[2025-12-06T04:53:32.296+0500] {logging_mixin.py:188} INFO - [2025-12-06T04:53:32.296+0500] {dag.py:3947} INFO - Setting next_dagrun for example_python_operator to None, run_after=None
[2025-12-06T04:53:32.304+0500] {processor.py:183} INFO - Processing /Users/symbat/airflow_local/.venv/lib/python3.11/site-packages/airflow/example_dags/example_python_operator.py took 0.068 seconds
[2025-12-06T04:58:41.348+0500] {processor.py:161} INFO - Started process (PID=87959) to work on /Users/symbat/airflow_local/.venv/lib/python3.11/site-packages/airflow/example_dags/example_python_operator.py
[2025-12-06T04:58:41.349+0500] {processor.py:830} INFO - Processing file /Users/symbat/airflow_local/.venv/lib/python3.11/site-packages/airflow/example_dags/example_python_operator.py for tasks to queue
[2025-12-06T04:58:41.350+0500] {logging_mixin.py:188} INFO - [2025-12-06T04:58:41.349+0500] {dagbag.py:545} INFO - Filling up the DagBag from /Users/symbat/airflow_local/.venv/lib/python3.11/site-packages/airflow/example_dags/example_python_operator.py
[2025-12-06T04:58:41.366+0500] {logging_mixin.py:188} INFO - [2025-12-06T04:58:41.366+0500] {example_python_operator.py:93} WARNING - The virtalenv_python example task requires virtualenv, please install it.
[2025-12-06T04:58:41.368+0500] {processor.py:840} INFO - DAG(s) 'example_python_operator' retrieved from /Users/symbat/airflow_local/.venv/lib/python3.11/site-packages/airflow/example_dags/example_python_operator.py
[2025-12-06T04:58:41.411+0500] {logging_mixin.py:188} INFO - [2025-12-06T04:58:41.410+0500] {dag.py:3089} INFO - Sync 1 DAGs
[2025-12-06T04:58:41.415+0500] {logging_mixin.py:188} INFO - [2025-12-06T04:58:41.415+0500] {dag.py:3947} INFO - Setting next_dagrun for example_python_operator to None, run_after=None
[2025-12-06T04:58:41.424+0500] {processor.py:183} INFO - Processing /Users/symbat/airflow_local/.venv/lib/python3.11/site-packages/airflow/example_dags/example_python_operator.py took 0.081 seconds
