[2025-12-06T03:05:01.607+0500] {processor.py:161} INFO - Started process (PID=76815) to work on /Users/symbat/airflow_local/.venv/lib/python3.11/site-packages/airflow/example_dags/example_trigger_controller_dag.py
[2025-12-06T03:05:01.610+0500] {processor.py:830} INFO - Processing file /Users/symbat/airflow_local/.venv/lib/python3.11/site-packages/airflow/example_dags/example_trigger_controller_dag.py for tasks to queue
[2025-12-06T03:05:01.613+0500] {logging_mixin.py:188} INFO - [2025-12-06T03:05:01.612+0500] {dagbag.py:545} INFO - Filling up the DagBag from /Users/symbat/airflow_local/.venv/lib/python3.11/site-packages/airflow/example_dags/example_trigger_controller_dag.py
[2025-12-06T03:05:01.622+0500] {processor.py:840} INFO - DAG(s) 'example_trigger_controller_dag' retrieved from /Users/symbat/airflow_local/.venv/lib/python3.11/site-packages/airflow/example_dags/example_trigger_controller_dag.py
[2025-12-06T03:05:01.729+0500] {logging_mixin.py:188} INFO - [2025-12-06T03:05:01.728+0500] {dag.py:3089} INFO - Sync 1 DAGs
[2025-12-06T03:05:01.738+0500] {logging_mixin.py:188} INFO - [2025-12-06T03:05:01.738+0500] {dag.py:3947} INFO - Setting next_dagrun for example_trigger_controller_dag to 2021-01-01 00:00:00+00:00, run_after=2021-01-01 00:00:00+00:00
[2025-12-06T03:05:01.790+0500] {processor.py:183} INFO - Processing /Users/symbat/airflow_local/.venv/lib/python3.11/site-packages/airflow/example_dags/example_trigger_controller_dag.py took 0.189 seconds
[2025-12-06T03:09:25.309+0500] {processor.py:161} INFO - Started process (PID=77630) to work on /Users/symbat/airflow_local/.venv/lib/python3.11/site-packages/airflow/example_dags/example_trigger_controller_dag.py
[2025-12-06T03:09:25.311+0500] {processor.py:830} INFO - Processing file /Users/symbat/airflow_local/.venv/lib/python3.11/site-packages/airflow/example_dags/example_trigger_controller_dag.py for tasks to queue
[2025-12-06T03:09:25.312+0500] {logging_mixin.py:188} INFO - [2025-12-06T03:09:25.311+0500] {dagbag.py:545} INFO - Filling up the DagBag from /Users/symbat/airflow_local/.venv/lib/python3.11/site-packages/airflow/example_dags/example_trigger_controller_dag.py
[2025-12-06T03:09:25.324+0500] {processor.py:840} INFO - DAG(s) 'example_trigger_controller_dag' retrieved from /Users/symbat/airflow_local/.venv/lib/python3.11/site-packages/airflow/example_dags/example_trigger_controller_dag.py
[2025-12-06T03:09:25.424+0500] {logging_mixin.py:188} INFO - [2025-12-06T03:09:25.424+0500] {dag.py:3089} INFO - Sync 1 DAGs
[2025-12-06T03:09:25.434+0500] {logging_mixin.py:188} INFO - [2025-12-06T03:09:25.434+0500] {dag.py:3947} INFO - Setting next_dagrun for example_trigger_controller_dag to 2021-01-01 00:00:00+00:00, run_after=2021-01-01 00:00:00+00:00
[2025-12-06T03:09:25.496+0500] {processor.py:183} INFO - Processing /Users/symbat/airflow_local/.venv/lib/python3.11/site-packages/airflow/example_dags/example_trigger_controller_dag.py took 0.190 seconds
[2025-12-06T04:30:10.542+0500] {processor.py:161} INFO - Started process (PID=83788) to work on /Users/symbat/airflow_local/.venv/lib/python3.11/site-packages/airflow/example_dags/example_trigger_controller_dag.py
[2025-12-06T04:30:10.543+0500] {processor.py:830} INFO - Processing file /Users/symbat/airflow_local/.venv/lib/python3.11/site-packages/airflow/example_dags/example_trigger_controller_dag.py for tasks to queue
[2025-12-06T04:30:10.544+0500] {logging_mixin.py:188} INFO - [2025-12-06T04:30:10.544+0500] {dagbag.py:545} INFO - Filling up the DagBag from /Users/symbat/airflow_local/.venv/lib/python3.11/site-packages/airflow/example_dags/example_trigger_controller_dag.py
[2025-12-06T04:30:10.552+0500] {processor.py:840} INFO - DAG(s) 'example_trigger_controller_dag' retrieved from /Users/symbat/airflow_local/.venv/lib/python3.11/site-packages/airflow/example_dags/example_trigger_controller_dag.py
[2025-12-06T04:30:10.629+0500] {logging_mixin.py:188} INFO - [2025-12-06T04:30:10.629+0500] {dag.py:3089} INFO - Sync 1 DAGs
[2025-12-06T04:30:10.635+0500] {logging_mixin.py:188} INFO - [2025-12-06T04:30:10.635+0500] {dag.py:3947} INFO - Setting next_dagrun for example_trigger_controller_dag to 2021-01-01 00:00:00+00:00, run_after=2021-01-01 00:00:00+00:00
[2025-12-06T04:30:10.684+0500] {processor.py:183} INFO - Processing /Users/symbat/airflow_local/.venv/lib/python3.11/site-packages/airflow/example_dags/example_trigger_controller_dag.py took 0.145 seconds
[2025-12-06T04:33:05.356+0500] {processor.py:161} INFO - Started process (PID=84059) to work on /Users/symbat/airflow_local/.venv/lib/python3.11/site-packages/airflow/example_dags/example_trigger_controller_dag.py
[2025-12-06T04:33:05.357+0500] {processor.py:830} INFO - Processing file /Users/symbat/airflow_local/.venv/lib/python3.11/site-packages/airflow/example_dags/example_trigger_controller_dag.py for tasks to queue
[2025-12-06T04:33:05.358+0500] {logging_mixin.py:188} INFO - [2025-12-06T04:33:05.357+0500] {dagbag.py:545} INFO - Filling up the DagBag from /Users/symbat/airflow_local/.venv/lib/python3.11/site-packages/airflow/example_dags/example_trigger_controller_dag.py
[2025-12-06T04:33:05.364+0500] {processor.py:840} INFO - DAG(s) 'example_trigger_controller_dag' retrieved from /Users/symbat/airflow_local/.venv/lib/python3.11/site-packages/airflow/example_dags/example_trigger_controller_dag.py
[2025-12-06T04:33:05.409+0500] {logging_mixin.py:188} INFO - [2025-12-06T04:33:05.409+0500] {dag.py:3089} INFO - Sync 1 DAGs
[2025-12-06T04:33:05.416+0500] {logging_mixin.py:188} INFO - [2025-12-06T04:33:05.416+0500] {dag.py:3947} INFO - Setting next_dagrun for example_trigger_controller_dag to 2021-01-01 00:00:00+00:00, run_after=2021-01-01 00:00:00+00:00
[2025-12-06T04:33:05.424+0500] {processor.py:183} INFO - Processing /Users/symbat/airflow_local/.venv/lib/python3.11/site-packages/airflow/example_dags/example_trigger_controller_dag.py took 0.070 seconds
[2025-12-06T04:35:11.266+0500] {processor.py:161} INFO - Started process (PID=84277) to work on /Users/symbat/airflow_local/.venv/lib/python3.11/site-packages/airflow/example_dags/example_trigger_controller_dag.py
[2025-12-06T04:35:11.267+0500] {processor.py:830} INFO - Processing file /Users/symbat/airflow_local/.venv/lib/python3.11/site-packages/airflow/example_dags/example_trigger_controller_dag.py for tasks to queue
[2025-12-06T04:35:11.267+0500] {logging_mixin.py:188} INFO - [2025-12-06T04:35:11.267+0500] {dagbag.py:545} INFO - Filling up the DagBag from /Users/symbat/airflow_local/.venv/lib/python3.11/site-packages/airflow/example_dags/example_trigger_controller_dag.py
[2025-12-06T04:35:11.273+0500] {processor.py:840} INFO - DAG(s) 'example_trigger_controller_dag' retrieved from /Users/symbat/airflow_local/.venv/lib/python3.11/site-packages/airflow/example_dags/example_trigger_controller_dag.py
[2025-12-06T04:35:11.312+0500] {logging_mixin.py:188} INFO - [2025-12-06T04:35:11.312+0500] {dag.py:3089} INFO - Sync 1 DAGs
[2025-12-06T04:35:11.319+0500] {logging_mixin.py:188} INFO - [2025-12-06T04:35:11.319+0500] {dag.py:3947} INFO - Setting next_dagrun for example_trigger_controller_dag to 2021-01-01 00:00:00+00:00, run_after=2021-01-01 00:00:00+00:00
[2025-12-06T04:35:11.328+0500] {processor.py:183} INFO - Processing /Users/symbat/airflow_local/.venv/lib/python3.11/site-packages/airflow/example_dags/example_trigger_controller_dag.py took 0.064 seconds
[2025-12-06T04:40:31.906+0500] {processor.py:161} INFO - Started process (PID=85513) to work on /Users/symbat/airflow_local/.venv/lib/python3.11/site-packages/airflow/example_dags/example_trigger_controller_dag.py
[2025-12-06T04:40:31.908+0500] {processor.py:830} INFO - Processing file /Users/symbat/airflow_local/.venv/lib/python3.11/site-packages/airflow/example_dags/example_trigger_controller_dag.py for tasks to queue
[2025-12-06T04:40:31.909+0500] {logging_mixin.py:188} INFO - [2025-12-06T04:40:31.909+0500] {dagbag.py:545} INFO - Filling up the DagBag from /Users/symbat/airflow_local/.venv/lib/python3.11/site-packages/airflow/example_dags/example_trigger_controller_dag.py
[2025-12-06T04:40:31.924+0500] {processor.py:840} INFO - DAG(s) 'example_trigger_controller_dag' retrieved from /Users/symbat/airflow_local/.venv/lib/python3.11/site-packages/airflow/example_dags/example_trigger_controller_dag.py
[2025-12-06T04:40:31.983+0500] {logging_mixin.py:188} INFO - [2025-12-06T04:40:31.983+0500] {dag.py:3089} INFO - Sync 1 DAGs
[2025-12-06T04:40:31.992+0500] {logging_mixin.py:188} INFO - [2025-12-06T04:40:31.992+0500] {dag.py:3947} INFO - Setting next_dagrun for example_trigger_controller_dag to 2021-01-01 00:00:00+00:00, run_after=2021-01-01 00:00:00+00:00
[2025-12-06T04:40:32.001+0500] {processor.py:183} INFO - Processing /Users/symbat/airflow_local/.venv/lib/python3.11/site-packages/airflow/example_dags/example_trigger_controller_dag.py took 0.099 seconds
[2025-12-06T04:43:08.186+0500] {processor.py:161} INFO - Started process (PID=85660) to work on /Users/symbat/airflow_local/.venv/lib/python3.11/site-packages/airflow/example_dags/example_trigger_controller_dag.py
[2025-12-06T04:43:08.187+0500] {processor.py:830} INFO - Processing file /Users/symbat/airflow_local/.venv/lib/python3.11/site-packages/airflow/example_dags/example_trigger_controller_dag.py for tasks to queue
[2025-12-06T04:43:08.188+0500] {logging_mixin.py:188} INFO - [2025-12-06T04:43:08.188+0500] {dagbag.py:545} INFO - Filling up the DagBag from /Users/symbat/airflow_local/.venv/lib/python3.11/site-packages/airflow/example_dags/example_trigger_controller_dag.py
[2025-12-06T04:43:08.195+0500] {processor.py:840} INFO - DAG(s) 'example_trigger_controller_dag' retrieved from /Users/symbat/airflow_local/.venv/lib/python3.11/site-packages/airflow/example_dags/example_trigger_controller_dag.py
[2025-12-06T04:43:08.249+0500] {logging_mixin.py:188} INFO - [2025-12-06T04:43:08.249+0500] {dag.py:3089} INFO - Sync 1 DAGs
[2025-12-06T04:43:08.258+0500] {logging_mixin.py:188} INFO - [2025-12-06T04:43:08.258+0500] {dag.py:3947} INFO - Setting next_dagrun for example_trigger_controller_dag to 2021-01-01 00:00:00+00:00, run_after=2021-01-01 00:00:00+00:00
[2025-12-06T04:43:08.273+0500] {processor.py:183} INFO - Processing /Users/symbat/airflow_local/.venv/lib/python3.11/site-packages/airflow/example_dags/example_trigger_controller_dag.py took 0.092 seconds
[2025-12-06T04:45:32.872+0500] {processor.py:161} INFO - Started process (PID=85813) to work on /Users/symbat/airflow_local/.venv/lib/python3.11/site-packages/airflow/example_dags/example_trigger_controller_dag.py
[2025-12-06T04:45:32.872+0500] {processor.py:830} INFO - Processing file /Users/symbat/airflow_local/.venv/lib/python3.11/site-packages/airflow/example_dags/example_trigger_controller_dag.py for tasks to queue
[2025-12-06T04:45:32.873+0500] {logging_mixin.py:188} INFO - [2025-12-06T04:45:32.873+0500] {dagbag.py:545} INFO - Filling up the DagBag from /Users/symbat/airflow_local/.venv/lib/python3.11/site-packages/airflow/example_dags/example_trigger_controller_dag.py
[2025-12-06T04:45:32.883+0500] {processor.py:840} INFO - DAG(s) 'example_trigger_controller_dag' retrieved from /Users/symbat/airflow_local/.venv/lib/python3.11/site-packages/airflow/example_dags/example_trigger_controller_dag.py
[2025-12-06T04:45:32.929+0500] {logging_mixin.py:188} INFO - [2025-12-06T04:45:32.929+0500] {dag.py:3089} INFO - Sync 1 DAGs
[2025-12-06T04:45:32.937+0500] {logging_mixin.py:188} INFO - [2025-12-06T04:45:32.937+0500] {dag.py:3947} INFO - Setting next_dagrun for example_trigger_controller_dag to 2021-01-01 00:00:00+00:00, run_after=2021-01-01 00:00:00+00:00
[2025-12-06T04:45:32.945+0500] {processor.py:183} INFO - Processing /Users/symbat/airflow_local/.venv/lib/python3.11/site-packages/airflow/example_dags/example_trigger_controller_dag.py took 0.075 seconds
[2025-12-06T04:48:01.639+0500] {processor.py:161} INFO - Started process (PID=85924) to work on /Users/symbat/airflow_local/.venv/lib/python3.11/site-packages/airflow/example_dags/example_trigger_controller_dag.py
[2025-12-06T04:48:01.640+0500] {processor.py:830} INFO - Processing file /Users/symbat/airflow_local/.venv/lib/python3.11/site-packages/airflow/example_dags/example_trigger_controller_dag.py for tasks to queue
[2025-12-06T04:48:01.640+0500] {logging_mixin.py:188} INFO - [2025-12-06T04:48:01.640+0500] {dagbag.py:545} INFO - Filling up the DagBag from /Users/symbat/airflow_local/.venv/lib/python3.11/site-packages/airflow/example_dags/example_trigger_controller_dag.py
[2025-12-06T04:48:01.646+0500] {processor.py:840} INFO - DAG(s) 'example_trigger_controller_dag' retrieved from /Users/symbat/airflow_local/.venv/lib/python3.11/site-packages/airflow/example_dags/example_trigger_controller_dag.py
[2025-12-06T04:48:01.684+0500] {logging_mixin.py:188} INFO - [2025-12-06T04:48:01.684+0500] {dag.py:3089} INFO - Sync 1 DAGs
[2025-12-06T04:48:01.691+0500] {logging_mixin.py:188} INFO - [2025-12-06T04:48:01.691+0500] {dag.py:3947} INFO - Setting next_dagrun for example_trigger_controller_dag to 2021-01-01 00:00:00+00:00, run_after=2021-01-01 00:00:00+00:00
[2025-12-06T04:48:01.699+0500] {processor.py:183} INFO - Processing /Users/symbat/airflow_local/.venv/lib/python3.11/site-packages/airflow/example_dags/example_trigger_controller_dag.py took 0.062 seconds
[2025-12-06T04:50:34.560+0500] {processor.py:161} INFO - Started process (PID=86414) to work on /Users/symbat/airflow_local/.venv/lib/python3.11/site-packages/airflow/example_dags/example_trigger_controller_dag.py
[2025-12-06T04:50:34.561+0500] {processor.py:830} INFO - Processing file /Users/symbat/airflow_local/.venv/lib/python3.11/site-packages/airflow/example_dags/example_trigger_controller_dag.py for tasks to queue
[2025-12-06T04:50:34.561+0500] {logging_mixin.py:188} INFO - [2025-12-06T04:50:34.561+0500] {dagbag.py:545} INFO - Filling up the DagBag from /Users/symbat/airflow_local/.venv/lib/python3.11/site-packages/airflow/example_dags/example_trigger_controller_dag.py
[2025-12-06T04:50:34.569+0500] {processor.py:840} INFO - DAG(s) 'example_trigger_controller_dag' retrieved from /Users/symbat/airflow_local/.venv/lib/python3.11/site-packages/airflow/example_dags/example_trigger_controller_dag.py
[2025-12-06T04:50:34.629+0500] {logging_mixin.py:188} INFO - [2025-12-06T04:50:34.628+0500] {dag.py:3089} INFO - Sync 1 DAGs
[2025-12-06T04:50:34.640+0500] {logging_mixin.py:188} INFO - [2025-12-06T04:50:34.640+0500] {dag.py:3947} INFO - Setting next_dagrun for example_trigger_controller_dag to 2021-01-01 00:00:00+00:00, run_after=2021-01-01 00:00:00+00:00
[2025-12-06T04:50:34.650+0500] {processor.py:183} INFO - Processing /Users/symbat/airflow_local/.venv/lib/python3.11/site-packages/airflow/example_dags/example_trigger_controller_dag.py took 0.092 seconds
[2025-12-06T04:53:02.354+0500] {processor.py:161} INFO - Started process (PID=86597) to work on /Users/symbat/airflow_local/.venv/lib/python3.11/site-packages/airflow/example_dags/example_trigger_controller_dag.py
[2025-12-06T04:53:02.355+0500] {processor.py:830} INFO - Processing file /Users/symbat/airflow_local/.venv/lib/python3.11/site-packages/airflow/example_dags/example_trigger_controller_dag.py for tasks to queue
[2025-12-06T04:53:02.355+0500] {logging_mixin.py:188} INFO - [2025-12-06T04:53:02.355+0500] {dagbag.py:545} INFO - Filling up the DagBag from /Users/symbat/airflow_local/.venv/lib/python3.11/site-packages/airflow/example_dags/example_trigger_controller_dag.py
[2025-12-06T04:53:02.362+0500] {processor.py:840} INFO - DAG(s) 'example_trigger_controller_dag' retrieved from /Users/symbat/airflow_local/.venv/lib/python3.11/site-packages/airflow/example_dags/example_trigger_controller_dag.py
[2025-12-06T04:53:02.400+0500] {logging_mixin.py:188} INFO - [2025-12-06T04:53:02.400+0500] {dag.py:3089} INFO - Sync 1 DAGs
[2025-12-06T04:53:02.407+0500] {logging_mixin.py:188} INFO - [2025-12-06T04:53:02.407+0500] {dag.py:3947} INFO - Setting next_dagrun for example_trigger_controller_dag to 2021-01-01 00:00:00+00:00, run_after=2021-01-01 00:00:00+00:00
[2025-12-06T04:53:02.415+0500] {processor.py:183} INFO - Processing /Users/symbat/airflow_local/.venv/lib/python3.11/site-packages/airflow/example_dags/example_trigger_controller_dag.py took 0.063 seconds
[2025-12-06T04:55:43.126+0500] {processor.py:161} INFO - Started process (PID=87443) to work on /Users/symbat/airflow_local/.venv/lib/python3.11/site-packages/airflow/example_dags/example_trigger_controller_dag.py
[2025-12-06T04:55:43.128+0500] {processor.py:830} INFO - Processing file /Users/symbat/airflow_local/.venv/lib/python3.11/site-packages/airflow/example_dags/example_trigger_controller_dag.py for tasks to queue
[2025-12-06T04:55:43.129+0500] {logging_mixin.py:188} INFO - [2025-12-06T04:55:43.129+0500] {dagbag.py:545} INFO - Filling up the DagBag from /Users/symbat/airflow_local/.venv/lib/python3.11/site-packages/airflow/example_dags/example_trigger_controller_dag.py
[2025-12-06T04:55:43.136+0500] {processor.py:840} INFO - DAG(s) 'example_trigger_controller_dag' retrieved from /Users/symbat/airflow_local/.venv/lib/python3.11/site-packages/airflow/example_dags/example_trigger_controller_dag.py
[2025-12-06T04:55:43.181+0500] {logging_mixin.py:188} INFO - [2025-12-06T04:55:43.181+0500] {dag.py:3089} INFO - Sync 1 DAGs
[2025-12-06T04:55:43.189+0500] {logging_mixin.py:188} INFO - [2025-12-06T04:55:43.189+0500] {dag.py:3947} INFO - Setting next_dagrun for example_trigger_controller_dag to 2021-01-01 00:00:00+00:00, run_after=2021-01-01 00:00:00+00:00
[2025-12-06T04:55:43.198+0500] {processor.py:183} INFO - Processing /Users/symbat/airflow_local/.venv/lib/python3.11/site-packages/airflow/example_dags/example_trigger_controller_dag.py took 0.076 seconds
[2025-12-06T04:58:06.761+0500] {processor.py:161} INFO - Started process (PID=87673) to work on /Users/symbat/airflow_local/.venv/lib/python3.11/site-packages/airflow/example_dags/example_trigger_controller_dag.py
[2025-12-06T04:58:06.762+0500] {processor.py:830} INFO - Processing file /Users/symbat/airflow_local/.venv/lib/python3.11/site-packages/airflow/example_dags/example_trigger_controller_dag.py for tasks to queue
[2025-12-06T04:58:06.763+0500] {logging_mixin.py:188} INFO - [2025-12-06T04:58:06.763+0500] {dagbag.py:545} INFO - Filling up the DagBag from /Users/symbat/airflow_local/.venv/lib/python3.11/site-packages/airflow/example_dags/example_trigger_controller_dag.py
[2025-12-06T04:58:06.771+0500] {processor.py:840} INFO - DAG(s) 'example_trigger_controller_dag' retrieved from /Users/symbat/airflow_local/.venv/lib/python3.11/site-packages/airflow/example_dags/example_trigger_controller_dag.py
[2025-12-06T04:58:06.811+0500] {logging_mixin.py:188} INFO - [2025-12-06T04:58:06.811+0500] {dag.py:3089} INFO - Sync 1 DAGs
[2025-12-06T04:58:06.818+0500] {logging_mixin.py:188} INFO - [2025-12-06T04:58:06.818+0500] {dag.py:3947} INFO - Setting next_dagrun for example_trigger_controller_dag to 2021-01-01 00:00:00+00:00, run_after=2021-01-01 00:00:00+00:00
[2025-12-06T04:58:06.829+0500] {processor.py:183} INFO - Processing /Users/symbat/airflow_local/.venv/lib/python3.11/site-packages/airflow/example_dags/example_trigger_controller_dag.py took 0.070 seconds
