[2025-12-06T03:05:53.187+0500] {processor.py:161} INFO - Started process (PID=76869) to work on /Users/symbat/airflow_local/.venv/lib/python3.11/site-packages/airflow/example_dags/example_local_kubernetes_executor.py
[2025-12-06T03:05:53.188+0500] {processor.py:830} INFO - Processing file /Users/symbat/airflow_local/.venv/lib/python3.11/site-packages/airflow/example_dags/example_local_kubernetes_executor.py for tasks to queue
[2025-12-06T03:05:53.189+0500] {logging_mixin.py:188} INFO - [2025-12-06T03:05:53.189+0500] {dagbag.py:545} INFO - Filling up the DagBag from /Users/symbat/airflow_local/.venv/lib/python3.11/site-packages/airflow/example_dags/example_local_kubernetes_executor.py
[2025-12-06T03:05:53.218+0500] {logging_mixin.py:188} INFO - [2025-12-06T03:05:53.217+0500] {example_local_kubernetes_executor.py:40} WARNING - Could not import DAGs in example_local_kubernetes_executor.py
Traceback (most recent call last):
  File "/Users/symbat/airflow_local/.venv/lib/python3.11/site-packages/airflow/example_dags/example_local_kubernetes_executor.py", line 38, in <module>
    from kubernetes.client import models as k8s
ModuleNotFoundError: No module named 'kubernetes'
[2025-12-06T03:05:53.218+0500] {logging_mixin.py:188} INFO - [2025-12-06T03:05:53.218+0500] {example_local_kubernetes_executor.py:41} WARNING - Install Kubernetes dependencies with: pip install apache-airflow[cncf.kubernetes]
[2025-12-06T03:05:53.218+0500] {processor.py:842} WARNING - No viable dags retrieved from /Users/symbat/airflow_local/.venv/lib/python3.11/site-packages/airflow/example_dags/example_local_kubernetes_executor.py
[2025-12-06T03:05:53.265+0500] {processor.py:183} INFO - Processing /Users/symbat/airflow_local/.venv/lib/python3.11/site-packages/airflow/example_dags/example_local_kubernetes_executor.py took 0.083 seconds
[2025-12-06T03:10:12.082+0500] {processor.py:161} INFO - Started process (PID=77687) to work on /Users/symbat/airflow_local/.venv/lib/python3.11/site-packages/airflow/example_dags/example_local_kubernetes_executor.py
[2025-12-06T03:10:12.083+0500] {processor.py:830} INFO - Processing file /Users/symbat/airflow_local/.venv/lib/python3.11/site-packages/airflow/example_dags/example_local_kubernetes_executor.py for tasks to queue
[2025-12-06T03:10:12.084+0500] {logging_mixin.py:188} INFO - [2025-12-06T03:10:12.083+0500] {dagbag.py:545} INFO - Filling up the DagBag from /Users/symbat/airflow_local/.venv/lib/python3.11/site-packages/airflow/example_dags/example_local_kubernetes_executor.py
[2025-12-06T03:10:12.102+0500] {logging_mixin.py:188} INFO - [2025-12-06T03:10:12.102+0500] {example_local_kubernetes_executor.py:40} WARNING - Could not import DAGs in example_local_kubernetes_executor.py
Traceback (most recent call last):
  File "/Users/symbat/airflow_local/.venv/lib/python3.11/site-packages/airflow/example_dags/example_local_kubernetes_executor.py", line 38, in <module>
    from kubernetes.client import models as k8s
ModuleNotFoundError: No module named 'kubernetes'
[2025-12-06T03:10:12.103+0500] {logging_mixin.py:188} INFO - [2025-12-06T03:10:12.102+0500] {example_local_kubernetes_executor.py:41} WARNING - Install Kubernetes dependencies with: pip install apache-airflow[cncf.kubernetes]
[2025-12-06T03:10:12.103+0500] {processor.py:842} WARNING - No viable dags retrieved from /Users/symbat/airflow_local/.venv/lib/python3.11/site-packages/airflow/example_dags/example_local_kubernetes_executor.py
[2025-12-06T03:10:12.143+0500] {processor.py:183} INFO - Processing /Users/symbat/airflow_local/.venv/lib/python3.11/site-packages/airflow/example_dags/example_local_kubernetes_executor.py took 0.063 seconds
[2025-12-06T04:31:15.334+0500] {processor.py:161} INFO - Started process (PID=83872) to work on /Users/symbat/airflow_local/.venv/lib/python3.11/site-packages/airflow/example_dags/example_local_kubernetes_executor.py
[2025-12-06T04:31:15.335+0500] {processor.py:830} INFO - Processing file /Users/symbat/airflow_local/.venv/lib/python3.11/site-packages/airflow/example_dags/example_local_kubernetes_executor.py for tasks to queue
[2025-12-06T04:31:15.336+0500] {logging_mixin.py:188} INFO - [2025-12-06T04:31:15.336+0500] {dagbag.py:545} INFO - Filling up the DagBag from /Users/symbat/airflow_local/.venv/lib/python3.11/site-packages/airflow/example_dags/example_local_kubernetes_executor.py
[2025-12-06T04:31:15.352+0500] {logging_mixin.py:188} INFO - [2025-12-06T04:31:15.352+0500] {example_local_kubernetes_executor.py:40} WARNING - Could not import DAGs in example_local_kubernetes_executor.py
Traceback (most recent call last):
  File "/Users/symbat/airflow_local/.venv/lib/python3.11/site-packages/airflow/example_dags/example_local_kubernetes_executor.py", line 38, in <module>
    from kubernetes.client import models as k8s
ModuleNotFoundError: No module named 'kubernetes'
[2025-12-06T04:31:15.352+0500] {logging_mixin.py:188} INFO - [2025-12-06T04:31:15.352+0500] {example_local_kubernetes_executor.py:41} WARNING - Install Kubernetes dependencies with: pip install apache-airflow[cncf.kubernetes]
[2025-12-06T04:31:15.353+0500] {processor.py:842} WARNING - No viable dags retrieved from /Users/symbat/airflow_local/.venv/lib/python3.11/site-packages/airflow/example_dags/example_local_kubernetes_executor.py
[2025-12-06T04:31:15.403+0500] {processor.py:183} INFO - Processing /Users/symbat/airflow_local/.venv/lib/python3.11/site-packages/airflow/example_dags/example_local_kubernetes_executor.py took 0.072 seconds
[2025-12-06T04:48:42.926+0500] {processor.py:161} INFO - Started process (PID=85966) to work on /Users/symbat/airflow_local/.venv/lib/python3.11/site-packages/airflow/example_dags/example_local_kubernetes_executor.py
[2025-12-06T04:48:42.927+0500] {processor.py:830} INFO - Processing file /Users/symbat/airflow_local/.venv/lib/python3.11/site-packages/airflow/example_dags/example_local_kubernetes_executor.py for tasks to queue
[2025-12-06T04:48:42.927+0500] {logging_mixin.py:188} INFO - [2025-12-06T04:48:42.927+0500] {dagbag.py:545} INFO - Filling up the DagBag from /Users/symbat/airflow_local/.venv/lib/python3.11/site-packages/airflow/example_dags/example_local_kubernetes_executor.py
[2025-12-06T04:48:42.949+0500] {logging_mixin.py:188} INFO - [2025-12-06T04:48:42.949+0500] {example_local_kubernetes_executor.py:40} WARNING - Could not import DAGs in example_local_kubernetes_executor.py
Traceback (most recent call last):
  File "/Users/symbat/airflow_local/.venv/lib/python3.11/site-packages/airflow/example_dags/example_local_kubernetes_executor.py", line 38, in <module>
    from kubernetes.client import models as k8s
ModuleNotFoundError: No module named 'kubernetes'
[2025-12-06T04:48:42.949+0500] {logging_mixin.py:188} INFO - [2025-12-06T04:48:42.949+0500] {example_local_kubernetes_executor.py:41} WARNING - Install Kubernetes dependencies with: pip install apache-airflow[cncf.kubernetes]
[2025-12-06T04:48:42.949+0500] {processor.py:842} WARNING - No viable dags retrieved from /Users/symbat/airflow_local/.venv/lib/python3.11/site-packages/airflow/example_dags/example_local_kubernetes_executor.py
[2025-12-06T04:48:42.983+0500] {processor.py:183} INFO - Processing /Users/symbat/airflow_local/.venv/lib/python3.11/site-packages/airflow/example_dags/example_local_kubernetes_executor.py took 0.059 seconds
[2025-12-06T04:53:47.520+0500] {processor.py:161} INFO - Started process (PID=86868) to work on /Users/symbat/airflow_local/.venv/lib/python3.11/site-packages/airflow/example_dags/example_local_kubernetes_executor.py
[2025-12-06T04:53:47.521+0500] {processor.py:830} INFO - Processing file /Users/symbat/airflow_local/.venv/lib/python3.11/site-packages/airflow/example_dags/example_local_kubernetes_executor.py for tasks to queue
[2025-12-06T04:53:47.522+0500] {logging_mixin.py:188} INFO - [2025-12-06T04:53:47.522+0500] {dagbag.py:545} INFO - Filling up the DagBag from /Users/symbat/airflow_local/.venv/lib/python3.11/site-packages/airflow/example_dags/example_local_kubernetes_executor.py
[2025-12-06T04:53:47.560+0500] {logging_mixin.py:188} INFO - [2025-12-06T04:53:47.560+0500] {example_local_kubernetes_executor.py:40} WARNING - Could not import DAGs in example_local_kubernetes_executor.py
Traceback (most recent call last):
  File "/Users/symbat/airflow_local/.venv/lib/python3.11/site-packages/airflow/example_dags/example_local_kubernetes_executor.py", line 38, in <module>
    from kubernetes.client import models as k8s
ModuleNotFoundError: No module named 'kubernetes'
[2025-12-06T04:53:47.560+0500] {logging_mixin.py:188} INFO - [2025-12-06T04:53:47.560+0500] {example_local_kubernetes_executor.py:41} WARNING - Install Kubernetes dependencies with: pip install apache-airflow[cncf.kubernetes]
[2025-12-06T04:53:47.561+0500] {processor.py:842} WARNING - No viable dags retrieved from /Users/symbat/airflow_local/.venv/lib/python3.11/site-packages/airflow/example_dags/example_local_kubernetes_executor.py
[2025-12-06T04:53:47.618+0500] {processor.py:183} INFO - Processing /Users/symbat/airflow_local/.venv/lib/python3.11/site-packages/airflow/example_dags/example_local_kubernetes_executor.py took 0.110 seconds
