[2025-12-06T03:05:06.912+0500] {processor.py:161} INFO - Started process (PID=76820) to work on /Users/symbat/airflow_local/.venv/lib/python3.11/site-packages/airflow/example_dags/example_task_group_decorator.py
[2025-12-06T03:05:06.913+0500] {processor.py:830} INFO - Processing file /Users/symbat/airflow_local/.venv/lib/python3.11/site-packages/airflow/example_dags/example_task_group_decorator.py for tasks to queue
[2025-12-06T03:05:06.914+0500] {logging_mixin.py:188} INFO - [2025-12-06T03:05:06.913+0500] {dagbag.py:545} INFO - Filling up the DagBag from /Users/symbat/airflow_local/.venv/lib/python3.11/site-packages/airflow/example_dags/example_task_group_decorator.py
[2025-12-06T03:05:06.948+0500] {processor.py:840} INFO - DAG(s) 'example_task_group_decorator' retrieved from /Users/symbat/airflow_local/.venv/lib/python3.11/site-packages/airflow/example_dags/example_task_group_decorator.py
[2025-12-06T03:05:07.084+0500] {logging_mixin.py:188} INFO - [2025-12-06T03:05:07.084+0500] {dag.py:3089} INFO - Sync 1 DAGs
[2025-12-06T03:05:07.093+0500] {logging_mixin.py:188} INFO - [2025-12-06T03:05:07.092+0500] {dag.py:3947} INFO - Setting next_dagrun for example_task_group_decorator to 2025-12-04 00:00:00+00:00, run_after=2025-12-05 00:00:00+00:00
[2025-12-06T03:05:07.103+0500] {processor.py:183} INFO - Processing /Users/symbat/airflow_local/.venv/lib/python3.11/site-packages/airflow/example_dags/example_task_group_decorator.py took 0.194 seconds
[2025-12-06T03:09:31.108+0500] {processor.py:161} INFO - Started process (PID=77636) to work on /Users/symbat/airflow_local/.venv/lib/python3.11/site-packages/airflow/example_dags/example_task_group_decorator.py
[2025-12-06T03:09:31.109+0500] {processor.py:830} INFO - Processing file /Users/symbat/airflow_local/.venv/lib/python3.11/site-packages/airflow/example_dags/example_task_group_decorator.py for tasks to queue
[2025-12-06T03:09:31.110+0500] {logging_mixin.py:188} INFO - [2025-12-06T03:09:31.110+0500] {dagbag.py:545} INFO - Filling up the DagBag from /Users/symbat/airflow_local/.venv/lib/python3.11/site-packages/airflow/example_dags/example_task_group_decorator.py
[2025-12-06T03:09:31.143+0500] {processor.py:840} INFO - DAG(s) 'example_task_group_decorator' retrieved from /Users/symbat/airflow_local/.venv/lib/python3.11/site-packages/airflow/example_dags/example_task_group_decorator.py
[2025-12-06T03:09:31.287+0500] {logging_mixin.py:188} INFO - [2025-12-06T03:09:31.287+0500] {dag.py:3089} INFO - Sync 1 DAGs
[2025-12-06T03:09:31.296+0500] {logging_mixin.py:188} INFO - [2025-12-06T03:09:31.295+0500] {dag.py:3947} INFO - Setting next_dagrun for example_task_group_decorator to 2025-12-04 00:00:00+00:00, run_after=2025-12-05 00:00:00+00:00
[2025-12-06T03:09:31.306+0500] {processor.py:183} INFO - Processing /Users/symbat/airflow_local/.venv/lib/python3.11/site-packages/airflow/example_dags/example_task_group_decorator.py took 0.203 seconds
[2025-12-06T04:30:17.640+0500] {processor.py:161} INFO - Started process (PID=83796) to work on /Users/symbat/airflow_local/.venv/lib/python3.11/site-packages/airflow/example_dags/example_task_group_decorator.py
[2025-12-06T04:30:17.642+0500] {processor.py:830} INFO - Processing file /Users/symbat/airflow_local/.venv/lib/python3.11/site-packages/airflow/example_dags/example_task_group_decorator.py for tasks to queue
[2025-12-06T04:30:17.643+0500] {logging_mixin.py:188} INFO - [2025-12-06T04:30:17.642+0500] {dagbag.py:545} INFO - Filling up the DagBag from /Users/symbat/airflow_local/.venv/lib/python3.11/site-packages/airflow/example_dags/example_task_group_decorator.py
[2025-12-06T04:30:17.678+0500] {processor.py:840} INFO - DAG(s) 'example_task_group_decorator' retrieved from /Users/symbat/airflow_local/.venv/lib/python3.11/site-packages/airflow/example_dags/example_task_group_decorator.py
[2025-12-06T04:30:17.939+0500] {logging_mixin.py:188} INFO - [2025-12-06T04:30:17.938+0500] {dag.py:3089} INFO - Sync 1 DAGs
[2025-12-06T04:30:17.955+0500] {logging_mixin.py:188} INFO - [2025-12-06T04:30:17.955+0500] {dag.py:3947} INFO - Setting next_dagrun for example_task_group_decorator to 2025-12-04 00:00:00+00:00, run_after=2025-12-05 00:00:00+00:00
[2025-12-06T04:30:17.971+0500] {processor.py:183} INFO - Processing /Users/symbat/airflow_local/.venv/lib/python3.11/site-packages/airflow/example_dags/example_task_group_decorator.py took 0.335 seconds
[2025-12-06T04:33:09.406+0500] {processor.py:161} INFO - Started process (PID=84072) to work on /Users/symbat/airflow_local/.venv/lib/python3.11/site-packages/airflow/example_dags/example_task_group_decorator.py
[2025-12-06T04:33:09.407+0500] {processor.py:830} INFO - Processing file /Users/symbat/airflow_local/.venv/lib/python3.11/site-packages/airflow/example_dags/example_task_group_decorator.py for tasks to queue
[2025-12-06T04:33:09.408+0500] {logging_mixin.py:188} INFO - [2025-12-06T04:33:09.408+0500] {dagbag.py:545} INFO - Filling up the DagBag from /Users/symbat/airflow_local/.venv/lib/python3.11/site-packages/airflow/example_dags/example_task_group_decorator.py
[2025-12-06T04:33:09.448+0500] {processor.py:840} INFO - DAG(s) 'example_task_group_decorator' retrieved from /Users/symbat/airflow_local/.venv/lib/python3.11/site-packages/airflow/example_dags/example_task_group_decorator.py
[2025-12-06T04:33:09.502+0500] {logging_mixin.py:188} INFO - [2025-12-06T04:33:09.502+0500] {dag.py:3089} INFO - Sync 1 DAGs
[2025-12-06T04:33:09.510+0500] {logging_mixin.py:188} INFO - [2025-12-06T04:33:09.510+0500] {dag.py:3947} INFO - Setting next_dagrun for example_task_group_decorator to 2025-12-04 00:00:00+00:00, run_after=2025-12-05 00:00:00+00:00
[2025-12-06T04:33:09.519+0500] {processor.py:183} INFO - Processing /Users/symbat/airflow_local/.venv/lib/python3.11/site-packages/airflow/example_dags/example_task_group_decorator.py took 0.117 seconds
[2025-12-06T04:35:17.075+0500] {processor.py:161} INFO - Started process (PID=84287) to work on /Users/symbat/airflow_local/.venv/lib/python3.11/site-packages/airflow/example_dags/example_task_group_decorator.py
[2025-12-06T04:35:17.076+0500] {processor.py:830} INFO - Processing file /Users/symbat/airflow_local/.venv/lib/python3.11/site-packages/airflow/example_dags/example_task_group_decorator.py for tasks to queue
[2025-12-06T04:35:17.077+0500] {logging_mixin.py:188} INFO - [2025-12-06T04:35:17.077+0500] {dagbag.py:545} INFO - Filling up the DagBag from /Users/symbat/airflow_local/.venv/lib/python3.11/site-packages/airflow/example_dags/example_task_group_decorator.py
[2025-12-06T04:35:17.107+0500] {processor.py:840} INFO - DAG(s) 'example_task_group_decorator' retrieved from /Users/symbat/airflow_local/.venv/lib/python3.11/site-packages/airflow/example_dags/example_task_group_decorator.py
[2025-12-06T04:35:17.165+0500] {logging_mixin.py:188} INFO - [2025-12-06T04:35:17.164+0500] {dag.py:3089} INFO - Sync 1 DAGs
[2025-12-06T04:35:17.175+0500] {logging_mixin.py:188} INFO - [2025-12-06T04:35:17.175+0500] {dag.py:3947} INFO - Setting next_dagrun for example_task_group_decorator to 2025-12-04 00:00:00+00:00, run_after=2025-12-05 00:00:00+00:00
[2025-12-06T04:35:17.185+0500] {processor.py:183} INFO - Processing /Users/symbat/airflow_local/.venv/lib/python3.11/site-packages/airflow/example_dags/example_task_group_decorator.py took 0.113 seconds
[2025-12-06T04:40:37.687+0500] {processor.py:161} INFO - Started process (PID=85521) to work on /Users/symbat/airflow_local/.venv/lib/python3.11/site-packages/airflow/example_dags/example_task_group_decorator.py
[2025-12-06T04:40:37.689+0500] {processor.py:830} INFO - Processing file /Users/symbat/airflow_local/.venv/lib/python3.11/site-packages/airflow/example_dags/example_task_group_decorator.py for tasks to queue
[2025-12-06T04:40:37.690+0500] {logging_mixin.py:188} INFO - [2025-12-06T04:40:37.689+0500] {dagbag.py:545} INFO - Filling up the DagBag from /Users/symbat/airflow_local/.venv/lib/python3.11/site-packages/airflow/example_dags/example_task_group_decorator.py
[2025-12-06T04:40:37.714+0500] {processor.py:840} INFO - DAG(s) 'example_task_group_decorator' retrieved from /Users/symbat/airflow_local/.venv/lib/python3.11/site-packages/airflow/example_dags/example_task_group_decorator.py
[2025-12-06T04:40:37.764+0500] {logging_mixin.py:188} INFO - [2025-12-06T04:40:37.763+0500] {dag.py:3089} INFO - Sync 1 DAGs
[2025-12-06T04:40:37.777+0500] {logging_mixin.py:188} INFO - [2025-12-06T04:40:37.777+0500] {dag.py:3947} INFO - Setting next_dagrun for example_task_group_decorator to 2025-12-04 00:00:00+00:00, run_after=2025-12-05 00:00:00+00:00
[2025-12-06T04:40:37.790+0500] {processor.py:183} INFO - Processing /Users/symbat/airflow_local/.venv/lib/python3.11/site-packages/airflow/example_dags/example_task_group_decorator.py took 0.107 seconds
[2025-12-06T04:43:15.014+0500] {processor.py:161} INFO - Started process (PID=85685) to work on /Users/symbat/airflow_local/.venv/lib/python3.11/site-packages/airflow/example_dags/example_task_group_decorator.py
[2025-12-06T04:43:15.015+0500] {processor.py:830} INFO - Processing file /Users/symbat/airflow_local/.venv/lib/python3.11/site-packages/airflow/example_dags/example_task_group_decorator.py for tasks to queue
[2025-12-06T04:43:15.015+0500] {logging_mixin.py:188} INFO - [2025-12-06T04:43:15.015+0500] {dagbag.py:545} INFO - Filling up the DagBag from /Users/symbat/airflow_local/.venv/lib/python3.11/site-packages/airflow/example_dags/example_task_group_decorator.py
[2025-12-06T04:43:15.052+0500] {processor.py:840} INFO - DAG(s) 'example_task_group_decorator' retrieved from /Users/symbat/airflow_local/.venv/lib/python3.11/site-packages/airflow/example_dags/example_task_group_decorator.py
[2025-12-06T04:43:15.168+0500] {logging_mixin.py:188} INFO - [2025-12-06T04:43:15.168+0500] {dag.py:3089} INFO - Sync 1 DAGs
[2025-12-06T04:43:15.185+0500] {logging_mixin.py:188} INFO - [2025-12-06T04:43:15.185+0500] {dag.py:3947} INFO - Setting next_dagrun for example_task_group_decorator to 2025-12-04 00:00:00+00:00, run_after=2025-12-05 00:00:00+00:00
[2025-12-06T04:43:15.203+0500] {processor.py:183} INFO - Processing /Users/symbat/airflow_local/.venv/lib/python3.11/site-packages/airflow/example_dags/example_task_group_decorator.py took 0.192 seconds
[2025-12-06T04:45:37.976+0500] {processor.py:161} INFO - Started process (PID=85817) to work on /Users/symbat/airflow_local/.venv/lib/python3.11/site-packages/airflow/example_dags/example_task_group_decorator.py
[2025-12-06T04:45:37.977+0500] {processor.py:830} INFO - Processing file /Users/symbat/airflow_local/.venv/lib/python3.11/site-packages/airflow/example_dags/example_task_group_decorator.py for tasks to queue
[2025-12-06T04:45:37.977+0500] {logging_mixin.py:188} INFO - [2025-12-06T04:45:37.977+0500] {dagbag.py:545} INFO - Filling up the DagBag from /Users/symbat/airflow_local/.venv/lib/python3.11/site-packages/airflow/example_dags/example_task_group_decorator.py
[2025-12-06T04:45:37.998+0500] {processor.py:840} INFO - DAG(s) 'example_task_group_decorator' retrieved from /Users/symbat/airflow_local/.venv/lib/python3.11/site-packages/airflow/example_dags/example_task_group_decorator.py
[2025-12-06T04:45:38.042+0500] {logging_mixin.py:188} INFO - [2025-12-06T04:45:38.041+0500] {dag.py:3089} INFO - Sync 1 DAGs
[2025-12-06T04:45:38.050+0500] {logging_mixin.py:188} INFO - [2025-12-06T04:45:38.050+0500] {dag.py:3947} INFO - Setting next_dagrun for example_task_group_decorator to 2025-12-04 00:00:00+00:00, run_after=2025-12-05 00:00:00+00:00
[2025-12-06T04:45:38.058+0500] {processor.py:183} INFO - Processing /Users/symbat/airflow_local/.venv/lib/python3.11/site-packages/airflow/example_dags/example_task_group_decorator.py took 0.086 seconds
[2025-12-06T04:48:05.817+0500] {processor.py:161} INFO - Started process (PID=85929) to work on /Users/symbat/airflow_local/.venv/lib/python3.11/site-packages/airflow/example_dags/example_task_group_decorator.py
[2025-12-06T04:48:05.819+0500] {processor.py:830} INFO - Processing file /Users/symbat/airflow_local/.venv/lib/python3.11/site-packages/airflow/example_dags/example_task_group_decorator.py for tasks to queue
[2025-12-06T04:48:05.819+0500] {logging_mixin.py:188} INFO - [2025-12-06T04:48:05.819+0500] {dagbag.py:545} INFO - Filling up the DagBag from /Users/symbat/airflow_local/.venv/lib/python3.11/site-packages/airflow/example_dags/example_task_group_decorator.py
[2025-12-06T04:48:05.840+0500] {processor.py:840} INFO - DAG(s) 'example_task_group_decorator' retrieved from /Users/symbat/airflow_local/.venv/lib/python3.11/site-packages/airflow/example_dags/example_task_group_decorator.py
[2025-12-06T04:48:05.883+0500] {logging_mixin.py:188} INFO - [2025-12-06T04:48:05.883+0500] {dag.py:3089} INFO - Sync 1 DAGs
[2025-12-06T04:48:05.891+0500] {logging_mixin.py:188} INFO - [2025-12-06T04:48:05.891+0500] {dag.py:3947} INFO - Setting next_dagrun for example_task_group_decorator to 2025-12-04 00:00:00+00:00, run_after=2025-12-05 00:00:00+00:00
[2025-12-06T04:48:05.900+0500] {processor.py:183} INFO - Processing /Users/symbat/airflow_local/.venv/lib/python3.11/site-packages/airflow/example_dags/example_task_group_decorator.py took 0.089 seconds
[2025-12-06T04:50:40.426+0500] {processor.py:161} INFO - Started process (PID=86420) to work on /Users/symbat/airflow_local/.venv/lib/python3.11/site-packages/airflow/example_dags/example_task_group_decorator.py
[2025-12-06T04:50:40.427+0500] {processor.py:830} INFO - Processing file /Users/symbat/airflow_local/.venv/lib/python3.11/site-packages/airflow/example_dags/example_task_group_decorator.py for tasks to queue
[2025-12-06T04:50:40.427+0500] {logging_mixin.py:188} INFO - [2025-12-06T04:50:40.427+0500] {dagbag.py:545} INFO - Filling up the DagBag from /Users/symbat/airflow_local/.venv/lib/python3.11/site-packages/airflow/example_dags/example_task_group_decorator.py
[2025-12-06T04:50:40.456+0500] {processor.py:840} INFO - DAG(s) 'example_task_group_decorator' retrieved from /Users/symbat/airflow_local/.venv/lib/python3.11/site-packages/airflow/example_dags/example_task_group_decorator.py
[2025-12-06T04:50:40.505+0500] {logging_mixin.py:188} INFO - [2025-12-06T04:50:40.505+0500] {dag.py:3089} INFO - Sync 1 DAGs
[2025-12-06T04:50:40.514+0500] {logging_mixin.py:188} INFO - [2025-12-06T04:50:40.514+0500] {dag.py:3947} INFO - Setting next_dagrun for example_task_group_decorator to 2025-12-04 00:00:00+00:00, run_after=2025-12-05 00:00:00+00:00
[2025-12-06T04:50:40.523+0500] {processor.py:183} INFO - Processing /Users/symbat/airflow_local/.venv/lib/python3.11/site-packages/airflow/example_dags/example_task_group_decorator.py took 0.098 seconds
[2025-12-06T04:53:06.936+0500] {processor.py:161} INFO - Started process (PID=86613) to work on /Users/symbat/airflow_local/.venv/lib/python3.11/site-packages/airflow/example_dags/example_task_group_decorator.py
[2025-12-06T04:53:06.937+0500] {processor.py:830} INFO - Processing file /Users/symbat/airflow_local/.venv/lib/python3.11/site-packages/airflow/example_dags/example_task_group_decorator.py for tasks to queue
[2025-12-06T04:53:06.937+0500] {logging_mixin.py:188} INFO - [2025-12-06T04:53:06.937+0500] {dagbag.py:545} INFO - Filling up the DagBag from /Users/symbat/airflow_local/.venv/lib/python3.11/site-packages/airflow/example_dags/example_task_group_decorator.py
[2025-12-06T04:53:06.966+0500] {processor.py:840} INFO - DAG(s) 'example_task_group_decorator' retrieved from /Users/symbat/airflow_local/.venv/lib/python3.11/site-packages/airflow/example_dags/example_task_group_decorator.py
[2025-12-06T04:53:07.011+0500] {logging_mixin.py:188} INFO - [2025-12-06T04:53:07.011+0500] {dag.py:3089} INFO - Sync 1 DAGs
[2025-12-06T04:53:07.019+0500] {logging_mixin.py:188} INFO - [2025-12-06T04:53:07.019+0500] {dag.py:3947} INFO - Setting next_dagrun for example_task_group_decorator to 2025-12-04 00:00:00+00:00, run_after=2025-12-05 00:00:00+00:00
[2025-12-06T04:53:07.028+0500] {processor.py:183} INFO - Processing /Users/symbat/airflow_local/.venv/lib/python3.11/site-packages/airflow/example_dags/example_task_group_decorator.py took 0.095 seconds
[2025-12-06T04:55:51.354+0500] {processor.py:161} INFO - Started process (PID=87447) to work on /Users/symbat/airflow_local/.venv/lib/python3.11/site-packages/airflow/example_dags/example_task_group_decorator.py
[2025-12-06T04:55:51.355+0500] {processor.py:830} INFO - Processing file /Users/symbat/airflow_local/.venv/lib/python3.11/site-packages/airflow/example_dags/example_task_group_decorator.py for tasks to queue
[2025-12-06T04:55:51.356+0500] {logging_mixin.py:188} INFO - [2025-12-06T04:55:51.356+0500] {dagbag.py:545} INFO - Filling up the DagBag from /Users/symbat/airflow_local/.venv/lib/python3.11/site-packages/airflow/example_dags/example_task_group_decorator.py
[2025-12-06T04:55:51.399+0500] {processor.py:840} INFO - DAG(s) 'example_task_group_decorator' retrieved from /Users/symbat/airflow_local/.venv/lib/python3.11/site-packages/airflow/example_dags/example_task_group_decorator.py
[2025-12-06T04:55:51.479+0500] {logging_mixin.py:188} INFO - [2025-12-06T04:55:51.478+0500] {dag.py:3089} INFO - Sync 1 DAGs
[2025-12-06T04:55:51.496+0500] {logging_mixin.py:188} INFO - [2025-12-06T04:55:51.496+0500] {dag.py:3947} INFO - Setting next_dagrun for example_task_group_decorator to 2025-12-04 00:00:00+00:00, run_after=2025-12-05 00:00:00+00:00
[2025-12-06T04:55:51.512+0500] {processor.py:183} INFO - Processing /Users/symbat/airflow_local/.venv/lib/python3.11/site-packages/airflow/example_dags/example_task_group_decorator.py took 0.162 seconds
[2025-12-06T04:58:12.123+0500] {processor.py:161} INFO - Started process (PID=87757) to work on /Users/symbat/airflow_local/.venv/lib/python3.11/site-packages/airflow/example_dags/example_task_group_decorator.py
[2025-12-06T04:58:12.125+0500] {processor.py:830} INFO - Processing file /Users/symbat/airflow_local/.venv/lib/python3.11/site-packages/airflow/example_dags/example_task_group_decorator.py for tasks to queue
[2025-12-06T04:58:12.125+0500] {logging_mixin.py:188} INFO - [2025-12-06T04:58:12.125+0500] {dagbag.py:545} INFO - Filling up the DagBag from /Users/symbat/airflow_local/.venv/lib/python3.11/site-packages/airflow/example_dags/example_task_group_decorator.py
[2025-12-06T04:58:12.146+0500] {processor.py:840} INFO - DAG(s) 'example_task_group_decorator' retrieved from /Users/symbat/airflow_local/.venv/lib/python3.11/site-packages/airflow/example_dags/example_task_group_decorator.py
[2025-12-06T04:58:12.191+0500] {logging_mixin.py:188} INFO - [2025-12-06T04:58:12.190+0500] {dag.py:3089} INFO - Sync 1 DAGs
[2025-12-06T04:58:12.199+0500] {logging_mixin.py:188} INFO - [2025-12-06T04:58:12.198+0500] {dag.py:3947} INFO - Setting next_dagrun for example_task_group_decorator to 2025-12-04 00:00:00+00:00, run_after=2025-12-05 00:00:00+00:00
[2025-12-06T04:58:12.207+0500] {processor.py:183} INFO - Processing /Users/symbat/airflow_local/.venv/lib/python3.11/site-packages/airflow/example_dags/example_task_group_decorator.py took 0.086 seconds
