[2025-12-06T03:05:21.251+0500] {processor.py:161} INFO - Started process (PID=76830) to work on /Users/symbat/airflow_local/.venv/lib/python3.11/site-packages/airflow/example_dags/example_short_circuit_operator.py
[2025-12-06T03:05:21.254+0500] {processor.py:830} INFO - Processing file /Users/symbat/airflow_local/.venv/lib/python3.11/site-packages/airflow/example_dags/example_short_circuit_operator.py for tasks to queue
[2025-12-06T03:05:21.255+0500] {logging_mixin.py:188} INFO - [2025-12-06T03:05:21.255+0500] {dagbag.py:545} INFO - Filling up the DagBag from /Users/symbat/airflow_local/.venv/lib/python3.11/site-packages/airflow/example_dags/example_short_circuit_operator.py
[2025-12-06T03:05:21.274+0500] {processor.py:840} INFO - DAG(s) 'example_short_circuit_operator' retrieved from /Users/symbat/airflow_local/.venv/lib/python3.11/site-packages/airflow/example_dags/example_short_circuit_operator.py
[2025-12-06T03:05:21.388+0500] {logging_mixin.py:188} INFO - [2025-12-06T03:05:21.388+0500] {dag.py:3089} INFO - Sync 1 DAGs
[2025-12-06T03:05:21.437+0500] {logging_mixin.py:188} INFO - [2025-12-06T03:05:21.436+0500] {dag.py:3947} INFO - Setting next_dagrun for example_short_circuit_operator to 2025-12-04 00:00:00+00:00, run_after=2025-12-05 00:00:00+00:00
[2025-12-06T03:05:21.447+0500] {processor.py:183} INFO - Processing /Users/symbat/airflow_local/.venv/lib/python3.11/site-packages/airflow/example_dags/example_short_circuit_operator.py took 0.201 seconds
[2025-12-06T03:09:44.780+0500] {processor.py:161} INFO - Started process (PID=77650) to work on /Users/symbat/airflow_local/.venv/lib/python3.11/site-packages/airflow/example_dags/example_short_circuit_operator.py
[2025-12-06T03:09:44.782+0500] {processor.py:830} INFO - Processing file /Users/symbat/airflow_local/.venv/lib/python3.11/site-packages/airflow/example_dags/example_short_circuit_operator.py for tasks to queue
[2025-12-06T03:09:44.783+0500] {logging_mixin.py:188} INFO - [2025-12-06T03:09:44.783+0500] {dagbag.py:545} INFO - Filling up the DagBag from /Users/symbat/airflow_local/.venv/lib/python3.11/site-packages/airflow/example_dags/example_short_circuit_operator.py
[2025-12-06T03:09:44.821+0500] {processor.py:840} INFO - DAG(s) 'example_short_circuit_operator' retrieved from /Users/symbat/airflow_local/.venv/lib/python3.11/site-packages/airflow/example_dags/example_short_circuit_operator.py
[2025-12-06T03:09:44.968+0500] {logging_mixin.py:188} INFO - [2025-12-06T03:09:44.967+0500] {dag.py:3089} INFO - Sync 1 DAGs
[2025-12-06T03:09:45.032+0500] {logging_mixin.py:188} INFO - [2025-12-06T03:09:45.031+0500] {dag.py:3947} INFO - Setting next_dagrun for example_short_circuit_operator to 2025-12-04 00:00:00+00:00, run_after=2025-12-05 00:00:00+00:00
[2025-12-06T03:09:45.046+0500] {processor.py:183} INFO - Processing /Users/symbat/airflow_local/.venv/lib/python3.11/site-packages/airflow/example_dags/example_short_circuit_operator.py took 0.271 seconds
[2025-12-06T04:30:32.629+0500] {processor.py:161} INFO - Started process (PID=83820) to work on /Users/symbat/airflow_local/.venv/lib/python3.11/site-packages/airflow/example_dags/example_short_circuit_operator.py
[2025-12-06T04:30:32.630+0500] {processor.py:830} INFO - Processing file /Users/symbat/airflow_local/.venv/lib/python3.11/site-packages/airflow/example_dags/example_short_circuit_operator.py for tasks to queue
[2025-12-06T04:30:32.631+0500] {logging_mixin.py:188} INFO - [2025-12-06T04:30:32.631+0500] {dagbag.py:545} INFO - Filling up the DagBag from /Users/symbat/airflow_local/.venv/lib/python3.11/site-packages/airflow/example_dags/example_short_circuit_operator.py
[2025-12-06T04:30:32.653+0500] {processor.py:840} INFO - DAG(s) 'example_short_circuit_operator' retrieved from /Users/symbat/airflow_local/.venv/lib/python3.11/site-packages/airflow/example_dags/example_short_circuit_operator.py
[2025-12-06T04:30:32.748+0500] {logging_mixin.py:188} INFO - [2025-12-06T04:30:32.748+0500] {dag.py:3089} INFO - Sync 1 DAGs
[2025-12-06T04:30:32.791+0500] {logging_mixin.py:188} INFO - [2025-12-06T04:30:32.791+0500] {dag.py:3947} INFO - Setting next_dagrun for example_short_circuit_operator to 2025-12-04 00:00:00+00:00, run_after=2025-12-05 00:00:00+00:00
[2025-12-06T04:30:32.802+0500] {processor.py:183} INFO - Processing /Users/symbat/airflow_local/.venv/lib/python3.11/site-packages/airflow/example_dags/example_short_circuit_operator.py took 0.175 seconds
[2025-12-06T04:33:20.697+0500] {processor.py:161} INFO - Started process (PID=84096) to work on /Users/symbat/airflow_local/.venv/lib/python3.11/site-packages/airflow/example_dags/example_short_circuit_operator.py
[2025-12-06T04:33:20.697+0500] {processor.py:830} INFO - Processing file /Users/symbat/airflow_local/.venv/lib/python3.11/site-packages/airflow/example_dags/example_short_circuit_operator.py for tasks to queue
[2025-12-06T04:33:20.698+0500] {logging_mixin.py:188} INFO - [2025-12-06T04:33:20.698+0500] {dagbag.py:545} INFO - Filling up the DagBag from /Users/symbat/airflow_local/.venv/lib/python3.11/site-packages/airflow/example_dags/example_short_circuit_operator.py
[2025-12-06T04:33:20.716+0500] {processor.py:840} INFO - DAG(s) 'example_short_circuit_operator' retrieved from /Users/symbat/airflow_local/.venv/lib/python3.11/site-packages/airflow/example_dags/example_short_circuit_operator.py
[2025-12-06T04:33:20.769+0500] {logging_mixin.py:188} INFO - [2025-12-06T04:33:20.768+0500] {dag.py:3089} INFO - Sync 1 DAGs
[2025-12-06T04:33:20.777+0500] {logging_mixin.py:188} INFO - [2025-12-06T04:33:20.777+0500] {dag.py:3947} INFO - Setting next_dagrun for example_short_circuit_operator to 2025-12-04 00:00:00+00:00, run_after=2025-12-05 00:00:00+00:00
[2025-12-06T04:33:20.789+0500] {processor.py:183} INFO - Processing /Users/symbat/airflow_local/.venv/lib/python3.11/site-packages/airflow/example_dags/example_short_circuit_operator.py took 0.094 seconds
[2025-12-06T04:35:35.369+0500] {processor.py:161} INFO - Started process (PID=84308) to work on /Users/symbat/airflow_local/.venv/lib/python3.11/site-packages/airflow/example_dags/example_short_circuit_operator.py
[2025-12-06T04:35:35.370+0500] {processor.py:830} INFO - Processing file /Users/symbat/airflow_local/.venv/lib/python3.11/site-packages/airflow/example_dags/example_short_circuit_operator.py for tasks to queue
[2025-12-06T04:35:35.371+0500] {logging_mixin.py:188} INFO - [2025-12-06T04:35:35.371+0500] {dagbag.py:545} INFO - Filling up the DagBag from /Users/symbat/airflow_local/.venv/lib/python3.11/site-packages/airflow/example_dags/example_short_circuit_operator.py
[2025-12-06T04:35:35.391+0500] {processor.py:840} INFO - DAG(s) 'example_short_circuit_operator' retrieved from /Users/symbat/airflow_local/.venv/lib/python3.11/site-packages/airflow/example_dags/example_short_circuit_operator.py
[2025-12-06T04:35:35.453+0500] {logging_mixin.py:188} INFO - [2025-12-06T04:35:35.453+0500] {dag.py:3089} INFO - Sync 1 DAGs
[2025-12-06T04:35:35.463+0500] {logging_mixin.py:188} INFO - [2025-12-06T04:35:35.462+0500] {dag.py:3947} INFO - Setting next_dagrun for example_short_circuit_operator to 2025-12-04 00:00:00+00:00, run_after=2025-12-05 00:00:00+00:00
[2025-12-06T04:35:35.474+0500] {processor.py:183} INFO - Processing /Users/symbat/airflow_local/.venv/lib/python3.11/site-packages/airflow/example_dags/example_short_circuit_operator.py took 0.108 seconds
[2025-12-06T04:40:51.120+0500] {processor.py:161} INFO - Started process (PID=85533) to work on /Users/symbat/airflow_local/.venv/lib/python3.11/site-packages/airflow/example_dags/example_short_circuit_operator.py
[2025-12-06T04:40:51.121+0500] {processor.py:830} INFO - Processing file /Users/symbat/airflow_local/.venv/lib/python3.11/site-packages/airflow/example_dags/example_short_circuit_operator.py for tasks to queue
[2025-12-06T04:40:51.121+0500] {logging_mixin.py:188} INFO - [2025-12-06T04:40:51.121+0500] {dagbag.py:545} INFO - Filling up the DagBag from /Users/symbat/airflow_local/.venv/lib/python3.11/site-packages/airflow/example_dags/example_short_circuit_operator.py
[2025-12-06T04:40:51.136+0500] {processor.py:840} INFO - DAG(s) 'example_short_circuit_operator' retrieved from /Users/symbat/airflow_local/.venv/lib/python3.11/site-packages/airflow/example_dags/example_short_circuit_operator.py
[2025-12-06T04:40:51.195+0500] {logging_mixin.py:188} INFO - [2025-12-06T04:40:51.195+0500] {dag.py:3089} INFO - Sync 1 DAGs
[2025-12-06T04:40:51.203+0500] {logging_mixin.py:188} INFO - [2025-12-06T04:40:51.203+0500] {dag.py:3947} INFO - Setting next_dagrun for example_short_circuit_operator to 2025-12-04 00:00:00+00:00, run_after=2025-12-05 00:00:00+00:00
[2025-12-06T04:40:51.213+0500] {processor.py:183} INFO - Processing /Users/symbat/airflow_local/.venv/lib/python3.11/site-packages/airflow/example_dags/example_short_circuit_operator.py took 0.095 seconds
[2025-12-06T04:43:29.752+0500] {processor.py:161} INFO - Started process (PID=85700) to work on /Users/symbat/airflow_local/.venv/lib/python3.11/site-packages/airflow/example_dags/example_short_circuit_operator.py
[2025-12-06T04:43:29.753+0500] {processor.py:830} INFO - Processing file /Users/symbat/airflow_local/.venv/lib/python3.11/site-packages/airflow/example_dags/example_short_circuit_operator.py for tasks to queue
[2025-12-06T04:43:29.754+0500] {logging_mixin.py:188} INFO - [2025-12-06T04:43:29.754+0500] {dagbag.py:545} INFO - Filling up the DagBag from /Users/symbat/airflow_local/.venv/lib/python3.11/site-packages/airflow/example_dags/example_short_circuit_operator.py
[2025-12-06T04:43:29.772+0500] {processor.py:840} INFO - DAG(s) 'example_short_circuit_operator' retrieved from /Users/symbat/airflow_local/.venv/lib/python3.11/site-packages/airflow/example_dags/example_short_circuit_operator.py
[2025-12-06T04:43:29.823+0500] {logging_mixin.py:188} INFO - [2025-12-06T04:43:29.823+0500] {dag.py:3089} INFO - Sync 1 DAGs
[2025-12-06T04:43:29.832+0500] {logging_mixin.py:188} INFO - [2025-12-06T04:43:29.832+0500] {dag.py:3947} INFO - Setting next_dagrun for example_short_circuit_operator to 2025-12-04 00:00:00+00:00, run_after=2025-12-05 00:00:00+00:00
[2025-12-06T04:43:29.842+0500] {processor.py:183} INFO - Processing /Users/symbat/airflow_local/.venv/lib/python3.11/site-packages/airflow/example_dags/example_short_circuit_operator.py took 0.093 seconds
[2025-12-06T04:45:51.162+0500] {processor.py:161} INFO - Started process (PID=85829) to work on /Users/symbat/airflow_local/.venv/lib/python3.11/site-packages/airflow/example_dags/example_short_circuit_operator.py
[2025-12-06T04:45:51.163+0500] {processor.py:830} INFO - Processing file /Users/symbat/airflow_local/.venv/lib/python3.11/site-packages/airflow/example_dags/example_short_circuit_operator.py for tasks to queue
[2025-12-06T04:45:51.163+0500] {logging_mixin.py:188} INFO - [2025-12-06T04:45:51.163+0500] {dagbag.py:545} INFO - Filling up the DagBag from /Users/symbat/airflow_local/.venv/lib/python3.11/site-packages/airflow/example_dags/example_short_circuit_operator.py
[2025-12-06T04:45:51.176+0500] {processor.py:840} INFO - DAG(s) 'example_short_circuit_operator' retrieved from /Users/symbat/airflow_local/.venv/lib/python3.11/site-packages/airflow/example_dags/example_short_circuit_operator.py
[2025-12-06T04:45:51.218+0500] {logging_mixin.py:188} INFO - [2025-12-06T04:45:51.217+0500] {dag.py:3089} INFO - Sync 1 DAGs
[2025-12-06T04:45:51.224+0500] {logging_mixin.py:188} INFO - [2025-12-06T04:45:51.224+0500] {dag.py:3947} INFO - Setting next_dagrun for example_short_circuit_operator to 2025-12-04 00:00:00+00:00, run_after=2025-12-05 00:00:00+00:00
[2025-12-06T04:45:51.233+0500] {processor.py:183} INFO - Processing /Users/symbat/airflow_local/.venv/lib/python3.11/site-packages/airflow/example_dags/example_short_circuit_operator.py took 0.072 seconds
[2025-12-06T04:48:17.475+0500] {processor.py:161} INFO - Started process (PID=85939) to work on /Users/symbat/airflow_local/.venv/lib/python3.11/site-packages/airflow/example_dags/example_short_circuit_operator.py
[2025-12-06T04:48:17.476+0500] {processor.py:830} INFO - Processing file /Users/symbat/airflow_local/.venv/lib/python3.11/site-packages/airflow/example_dags/example_short_circuit_operator.py for tasks to queue
[2025-12-06T04:48:17.477+0500] {logging_mixin.py:188} INFO - [2025-12-06T04:48:17.477+0500] {dagbag.py:545} INFO - Filling up the DagBag from /Users/symbat/airflow_local/.venv/lib/python3.11/site-packages/airflow/example_dags/example_short_circuit_operator.py
[2025-12-06T04:48:17.503+0500] {processor.py:840} INFO - DAG(s) 'example_short_circuit_operator' retrieved from /Users/symbat/airflow_local/.venv/lib/python3.11/site-packages/airflow/example_dags/example_short_circuit_operator.py
[2025-12-06T04:48:17.574+0500] {logging_mixin.py:188} INFO - [2025-12-06T04:48:17.574+0500] {dag.py:3089} INFO - Sync 1 DAGs
[2025-12-06T04:48:17.581+0500] {logging_mixin.py:188} INFO - [2025-12-06T04:48:17.581+0500] {dag.py:3947} INFO - Setting next_dagrun for example_short_circuit_operator to 2025-12-04 00:00:00+00:00, run_after=2025-12-05 00:00:00+00:00
[2025-12-06T04:48:17.591+0500] {processor.py:183} INFO - Processing /Users/symbat/airflow_local/.venv/lib/python3.11/site-packages/airflow/example_dags/example_short_circuit_operator.py took 0.120 seconds
[2025-12-06T04:50:55.411+0500] {processor.py:161} INFO - Started process (PID=86508) to work on /Users/symbat/airflow_local/.venv/lib/python3.11/site-packages/airflow/example_dags/example_short_circuit_operator.py
[2025-12-06T04:50:55.412+0500] {processor.py:830} INFO - Processing file /Users/symbat/airflow_local/.venv/lib/python3.11/site-packages/airflow/example_dags/example_short_circuit_operator.py for tasks to queue
[2025-12-06T04:50:55.413+0500] {logging_mixin.py:188} INFO - [2025-12-06T04:50:55.413+0500] {dagbag.py:545} INFO - Filling up the DagBag from /Users/symbat/airflow_local/.venv/lib/python3.11/site-packages/airflow/example_dags/example_short_circuit_operator.py
[2025-12-06T04:50:55.433+0500] {processor.py:840} INFO - DAG(s) 'example_short_circuit_operator' retrieved from /Users/symbat/airflow_local/.venv/lib/python3.11/site-packages/airflow/example_dags/example_short_circuit_operator.py
[2025-12-06T04:50:55.480+0500] {logging_mixin.py:188} INFO - [2025-12-06T04:50:55.480+0500] {dag.py:3089} INFO - Sync 1 DAGs
[2025-12-06T04:50:55.488+0500] {logging_mixin.py:188} INFO - [2025-12-06T04:50:55.488+0500] {dag.py:3947} INFO - Setting next_dagrun for example_short_circuit_operator to 2025-12-04 00:00:00+00:00, run_after=2025-12-05 00:00:00+00:00
[2025-12-06T04:50:55.497+0500] {processor.py:183} INFO - Processing /Users/symbat/airflow_local/.venv/lib/python3.11/site-packages/airflow/example_dags/example_short_circuit_operator.py took 0.089 seconds
[2025-12-06T04:53:18.431+0500] {processor.py:161} INFO - Started process (PID=86625) to work on /Users/symbat/airflow_local/.venv/lib/python3.11/site-packages/airflow/example_dags/example_short_circuit_operator.py
[2025-12-06T04:53:18.432+0500] {processor.py:830} INFO - Processing file /Users/symbat/airflow_local/.venv/lib/python3.11/site-packages/airflow/example_dags/example_short_circuit_operator.py for tasks to queue
[2025-12-06T04:53:18.432+0500] {logging_mixin.py:188} INFO - [2025-12-06T04:53:18.432+0500] {dagbag.py:545} INFO - Filling up the DagBag from /Users/symbat/airflow_local/.venv/lib/python3.11/site-packages/airflow/example_dags/example_short_circuit_operator.py
[2025-12-06T04:53:18.449+0500] {processor.py:840} INFO - DAG(s) 'example_short_circuit_operator' retrieved from /Users/symbat/airflow_local/.venv/lib/python3.11/site-packages/airflow/example_dags/example_short_circuit_operator.py
[2025-12-06T04:53:18.492+0500] {logging_mixin.py:188} INFO - [2025-12-06T04:53:18.492+0500] {dag.py:3089} INFO - Sync 1 DAGs
[2025-12-06T04:53:18.499+0500] {logging_mixin.py:188} INFO - [2025-12-06T04:53:18.499+0500] {dag.py:3947} INFO - Setting next_dagrun for example_short_circuit_operator to 2025-12-04 00:00:00+00:00, run_after=2025-12-05 00:00:00+00:00
[2025-12-06T04:53:18.507+0500] {processor.py:183} INFO - Processing /Users/symbat/airflow_local/.venv/lib/python3.11/site-packages/airflow/example_dags/example_short_circuit_operator.py took 0.077 seconds
[2025-12-06T04:56:18.086+0500] {processor.py:161} INFO - Started process (PID=87476) to work on /Users/symbat/airflow_local/.venv/lib/python3.11/site-packages/airflow/example_dags/example_short_circuit_operator.py
[2025-12-06T04:56:18.087+0500] {processor.py:830} INFO - Processing file /Users/symbat/airflow_local/.venv/lib/python3.11/site-packages/airflow/example_dags/example_short_circuit_operator.py for tasks to queue
[2025-12-06T04:56:18.088+0500] {logging_mixin.py:188} INFO - [2025-12-06T04:56:18.088+0500] {dagbag.py:545} INFO - Filling up the DagBag from /Users/symbat/airflow_local/.venv/lib/python3.11/site-packages/airflow/example_dags/example_short_circuit_operator.py
[2025-12-06T04:56:18.120+0500] {processor.py:840} INFO - DAG(s) 'example_short_circuit_operator' retrieved from /Users/symbat/airflow_local/.venv/lib/python3.11/site-packages/airflow/example_dags/example_short_circuit_operator.py
[2025-12-06T04:56:18.192+0500] {logging_mixin.py:188} INFO - [2025-12-06T04:56:18.191+0500] {dag.py:3089} INFO - Sync 1 DAGs
[2025-12-06T04:56:18.206+0500] {logging_mixin.py:188} INFO - [2025-12-06T04:56:18.206+0500] {dag.py:3947} INFO - Setting next_dagrun for example_short_circuit_operator to 2025-12-04 00:00:00+00:00, run_after=2025-12-05 00:00:00+00:00
[2025-12-06T04:56:18.219+0500] {processor.py:183} INFO - Processing /Users/symbat/airflow_local/.venv/lib/python3.11/site-packages/airflow/example_dags/example_short_circuit_operator.py took 0.137 seconds
[2025-12-06T04:58:24.045+0500] {processor.py:161} INFO - Started process (PID=87840) to work on /Users/symbat/airflow_local/.venv/lib/python3.11/site-packages/airflow/example_dags/example_short_circuit_operator.py
[2025-12-06T04:58:24.046+0500] {processor.py:830} INFO - Processing file /Users/symbat/airflow_local/.venv/lib/python3.11/site-packages/airflow/example_dags/example_short_circuit_operator.py for tasks to queue
[2025-12-06T04:58:24.046+0500] {logging_mixin.py:188} INFO - [2025-12-06T04:58:24.046+0500] {dagbag.py:545} INFO - Filling up the DagBag from /Users/symbat/airflow_local/.venv/lib/python3.11/site-packages/airflow/example_dags/example_short_circuit_operator.py
[2025-12-06T04:58:24.059+0500] {processor.py:840} INFO - DAG(s) 'example_short_circuit_operator' retrieved from /Users/symbat/airflow_local/.venv/lib/python3.11/site-packages/airflow/example_dags/example_short_circuit_operator.py
[2025-12-06T04:58:24.100+0500] {logging_mixin.py:188} INFO - [2025-12-06T04:58:24.100+0500] {dag.py:3089} INFO - Sync 1 DAGs
[2025-12-06T04:58:24.107+0500] {logging_mixin.py:188} INFO - [2025-12-06T04:58:24.107+0500] {dag.py:3947} INFO - Setting next_dagrun for example_short_circuit_operator to 2025-12-04 00:00:00+00:00, run_after=2025-12-05 00:00:00+00:00
[2025-12-06T04:58:24.116+0500] {processor.py:183} INFO - Processing /Users/symbat/airflow_local/.venv/lib/python3.11/site-packages/airflow/example_dags/example_short_circuit_operator.py took 0.072 seconds
