[2025-12-06T03:05:55.561+0500] {processor.py:161} INFO - Started process (PID=76871) to work on /Users/symbat/airflow_local/.venv/lib/python3.11/site-packages/airflow/example_dags/example_latest_only_with_trigger.py
[2025-12-06T03:05:55.562+0500] {processor.py:830} INFO - Processing file /Users/symbat/airflow_local/.venv/lib/python3.11/site-packages/airflow/example_dags/example_latest_only_with_trigger.py for tasks to queue
[2025-12-06T03:05:55.563+0500] {logging_mixin.py:188} INFO - [2025-12-06T03:05:55.563+0500] {dagbag.py:545} INFO - Filling up the DagBag from /Users/symbat/airflow_local/.venv/lib/python3.11/site-packages/airflow/example_dags/example_latest_only_with_trigger.py
[2025-12-06T03:05:55.569+0500] {processor.py:840} INFO - DAG(s) 'latest_only_with_trigger' retrieved from /Users/symbat/airflow_local/.venv/lib/python3.11/site-packages/airflow/example_dags/example_latest_only_with_trigger.py
[2025-12-06T03:05:55.673+0500] {logging_mixin.py:188} INFO - [2025-12-06T03:05:55.672+0500] {dag.py:3089} INFO - Sync 1 DAGs
[2025-12-06T03:05:55.681+0500] {logging_mixin.py:188} INFO - [2025-12-06T03:05:55.681+0500] {dag.py:3947} INFO - Setting next_dagrun for latest_only_with_trigger to 2025-12-05 16:00:00+00:00, run_after=2025-12-05 20:00:00+00:00
[2025-12-06T03:05:55.727+0500] {processor.py:183} INFO - Processing /Users/symbat/airflow_local/.venv/lib/python3.11/site-packages/airflow/example_dags/example_latest_only_with_trigger.py took 0.168 seconds
[2025-12-06T03:10:13.581+0500] {processor.py:161} INFO - Started process (PID=77689) to work on /Users/symbat/airflow_local/.venv/lib/python3.11/site-packages/airflow/example_dags/example_latest_only_with_trigger.py
[2025-12-06T03:10:13.582+0500] {processor.py:830} INFO - Processing file /Users/symbat/airflow_local/.venv/lib/python3.11/site-packages/airflow/example_dags/example_latest_only_with_trigger.py for tasks to queue
[2025-12-06T03:10:13.582+0500] {logging_mixin.py:188} INFO - [2025-12-06T03:10:13.582+0500] {dagbag.py:545} INFO - Filling up the DagBag from /Users/symbat/airflow_local/.venv/lib/python3.11/site-packages/airflow/example_dags/example_latest_only_with_trigger.py
[2025-12-06T03:10:13.588+0500] {processor.py:840} INFO - DAG(s) 'latest_only_with_trigger' retrieved from /Users/symbat/airflow_local/.venv/lib/python3.11/site-packages/airflow/example_dags/example_latest_only_with_trigger.py
[2025-12-06T03:10:13.683+0500] {logging_mixin.py:188} INFO - [2025-12-06T03:10:13.683+0500] {dag.py:3089} INFO - Sync 1 DAGs
[2025-12-06T03:10:13.691+0500] {logging_mixin.py:188} INFO - [2025-12-06T03:10:13.691+0500] {dag.py:3947} INFO - Setting next_dagrun for latest_only_with_trigger to 2025-12-05 16:00:00+00:00, run_after=2025-12-05 20:00:00+00:00
[2025-12-06T03:10:13.737+0500] {processor.py:183} INFO - Processing /Users/symbat/airflow_local/.venv/lib/python3.11/site-packages/airflow/example_dags/example_latest_only_with_trigger.py took 0.158 seconds
[2025-12-06T04:31:19.473+0500] {processor.py:161} INFO - Started process (PID=83877) to work on /Users/symbat/airflow_local/.venv/lib/python3.11/site-packages/airflow/example_dags/example_latest_only_with_trigger.py
[2025-12-06T04:31:19.474+0500] {processor.py:830} INFO - Processing file /Users/symbat/airflow_local/.venv/lib/python3.11/site-packages/airflow/example_dags/example_latest_only_with_trigger.py for tasks to queue
[2025-12-06T04:31:19.474+0500] {logging_mixin.py:188} INFO - [2025-12-06T04:31:19.474+0500] {dagbag.py:545} INFO - Filling up the DagBag from /Users/symbat/airflow_local/.venv/lib/python3.11/site-packages/airflow/example_dags/example_latest_only_with_trigger.py
[2025-12-06T04:31:19.480+0500] {processor.py:840} INFO - DAG(s) 'latest_only_with_trigger' retrieved from /Users/symbat/airflow_local/.venv/lib/python3.11/site-packages/airflow/example_dags/example_latest_only_with_trigger.py
[2025-12-06T04:31:19.592+0500] {logging_mixin.py:188} INFO - [2025-12-06T04:31:19.592+0500] {dag.py:3089} INFO - Sync 1 DAGs
[2025-12-06T04:31:19.607+0500] {logging_mixin.py:188} INFO - [2025-12-06T04:31:19.607+0500] {dag.py:3947} INFO - Setting next_dagrun for latest_only_with_trigger to 2025-12-05 16:00:00+00:00, run_after=2025-12-05 20:00:00+00:00
[2025-12-06T04:31:19.665+0500] {processor.py:183} INFO - Processing /Users/symbat/airflow_local/.venv/lib/python3.11/site-packages/airflow/example_dags/example_latest_only_with_trigger.py took 0.194 seconds
[2025-12-06T04:48:45.345+0500] {processor.py:161} INFO - Started process (PID=85970) to work on /Users/symbat/airflow_local/.venv/lib/python3.11/site-packages/airflow/example_dags/example_latest_only_with_trigger.py
[2025-12-06T04:48:45.346+0500] {processor.py:830} INFO - Processing file /Users/symbat/airflow_local/.venv/lib/python3.11/site-packages/airflow/example_dags/example_latest_only_with_trigger.py for tasks to queue
[2025-12-06T04:48:45.347+0500] {logging_mixin.py:188} INFO - [2025-12-06T04:48:45.347+0500] {dagbag.py:545} INFO - Filling up the DagBag from /Users/symbat/airflow_local/.venv/lib/python3.11/site-packages/airflow/example_dags/example_latest_only_with_trigger.py
[2025-12-06T04:48:45.352+0500] {processor.py:840} INFO - DAG(s) 'latest_only_with_trigger' retrieved from /Users/symbat/airflow_local/.venv/lib/python3.11/site-packages/airflow/example_dags/example_latest_only_with_trigger.py
[2025-12-06T04:48:45.394+0500] {logging_mixin.py:188} INFO - [2025-12-06T04:48:45.394+0500] {dag.py:3089} INFO - Sync 1 DAGs
[2025-12-06T04:48:45.401+0500] {logging_mixin.py:188} INFO - [2025-12-06T04:48:45.401+0500] {dag.py:3947} INFO - Setting next_dagrun for latest_only_with_trigger to 2025-12-05 16:00:00+00:00, run_after=2025-12-05 20:00:00+00:00
[2025-12-06T04:48:45.410+0500] {processor.py:183} INFO - Processing /Users/symbat/airflow_local/.venv/lib/python3.11/site-packages/airflow/example_dags/example_latest_only_with_trigger.py took 0.067 seconds
