[2025-12-06T03:05:40.904+0500] {processor.py:161} INFO - Started process (PID=76852) to work on /Users/symbat/airflow_local/.venv/lib/python3.11/site-packages/airflow/example_dags/example_python_decorator.py
[2025-12-06T03:05:40.905+0500] {processor.py:830} INFO - Processing file /Users/symbat/airflow_local/.venv/lib/python3.11/site-packages/airflow/example_dags/example_python_decorator.py for tasks to queue
[2025-12-06T03:05:40.906+0500] {logging_mixin.py:188} INFO - [2025-12-06T03:05:40.905+0500] {dagbag.py:545} INFO - Filling up the DagBag from /Users/symbat/airflow_local/.venv/lib/python3.11/site-packages/airflow/example_dags/example_python_decorator.py
[2025-12-06T03:05:40.945+0500] {logging_mixin.py:188} INFO - [2025-12-06T03:05:40.945+0500] {example_python_decorator.py:80} WARNING - The virtalenv_python example task requires virtualenv, please install it.
[2025-12-06T03:05:40.947+0500] {processor.py:840} INFO - DAG(s) 'example_python_decorator' retrieved from /Users/symbat/airflow_local/.venv/lib/python3.11/site-packages/airflow/example_dags/example_python_decorator.py
[2025-12-06T03:05:41.117+0500] {logging_mixin.py:188} INFO - [2025-12-06T03:05:41.117+0500] {dag.py:3089} INFO - Sync 1 DAGs
[2025-12-06T03:05:41.123+0500] {logging_mixin.py:188} INFO - [2025-12-06T03:05:41.123+0500] {dag.py:3947} INFO - Setting next_dagrun for example_python_decorator to None, run_after=None
[2025-12-06T03:05:41.137+0500] {processor.py:183} INFO - Processing /Users/symbat/airflow_local/.venv/lib/python3.11/site-packages/airflow/example_dags/example_python_decorator.py took 0.237 seconds
[2025-12-06T03:10:00.717+0500] {processor.py:161} INFO - Started process (PID=77676) to work on /Users/symbat/airflow_local/.venv/lib/python3.11/site-packages/airflow/example_dags/example_python_decorator.py
[2025-12-06T03:10:00.718+0500] {processor.py:830} INFO - Processing file /Users/symbat/airflow_local/.venv/lib/python3.11/site-packages/airflow/example_dags/example_python_decorator.py for tasks to queue
[2025-12-06T03:10:00.719+0500] {logging_mixin.py:188} INFO - [2025-12-06T03:10:00.719+0500] {dagbag.py:545} INFO - Filling up the DagBag from /Users/symbat/airflow_local/.venv/lib/python3.11/site-packages/airflow/example_dags/example_python_decorator.py
[2025-12-06T03:10:00.739+0500] {logging_mixin.py:188} INFO - [2025-12-06T03:10:00.739+0500] {example_python_decorator.py:80} WARNING - The virtalenv_python example task requires virtualenv, please install it.
[2025-12-06T03:10:00.741+0500] {processor.py:840} INFO - DAG(s) 'example_python_decorator' retrieved from /Users/symbat/airflow_local/.venv/lib/python3.11/site-packages/airflow/example_dags/example_python_decorator.py
[2025-12-06T03:10:00.868+0500] {logging_mixin.py:188} INFO - [2025-12-06T03:10:00.868+0500] {dag.py:3089} INFO - Sync 1 DAGs
[2025-12-06T03:10:00.873+0500] {logging_mixin.py:188} INFO - [2025-12-06T03:10:00.873+0500] {dag.py:3947} INFO - Setting next_dagrun for example_python_decorator to None, run_after=None
[2025-12-06T03:10:00.884+0500] {processor.py:183} INFO - Processing /Users/symbat/airflow_local/.venv/lib/python3.11/site-packages/airflow/example_dags/example_python_decorator.py took 0.169 seconds
[2025-12-06T04:30:58.130+0500] {processor.py:161} INFO - Started process (PID=83849) to work on /Users/symbat/airflow_local/.venv/lib/python3.11/site-packages/airflow/example_dags/example_python_decorator.py
[2025-12-06T04:30:58.130+0500] {processor.py:830} INFO - Processing file /Users/symbat/airflow_local/.venv/lib/python3.11/site-packages/airflow/example_dags/example_python_decorator.py for tasks to queue
[2025-12-06T04:30:58.131+0500] {logging_mixin.py:188} INFO - [2025-12-06T04:30:58.131+0500] {dagbag.py:545} INFO - Filling up the DagBag from /Users/symbat/airflow_local/.venv/lib/python3.11/site-packages/airflow/example_dags/example_python_decorator.py
[2025-12-06T04:30:58.149+0500] {logging_mixin.py:188} INFO - [2025-12-06T04:30:58.149+0500] {example_python_decorator.py:80} WARNING - The virtalenv_python example task requires virtualenv, please install it.
[2025-12-06T04:30:58.151+0500] {processor.py:840} INFO - DAG(s) 'example_python_decorator' retrieved from /Users/symbat/airflow_local/.venv/lib/python3.11/site-packages/airflow/example_dags/example_python_decorator.py
[2025-12-06T04:30:58.281+0500] {logging_mixin.py:188} INFO - [2025-12-06T04:30:58.280+0500] {dag.py:3089} INFO - Sync 1 DAGs
[2025-12-06T04:30:58.287+0500] {logging_mixin.py:188} INFO - [2025-12-06T04:30:58.287+0500] {dag.py:3947} INFO - Setting next_dagrun for example_python_decorator to None, run_after=None
[2025-12-06T04:30:58.298+0500] {processor.py:183} INFO - Processing /Users/symbat/airflow_local/.venv/lib/python3.11/site-packages/airflow/example_dags/example_python_decorator.py took 0.170 seconds
[2025-12-06T04:36:07.680+0500] {processor.py:161} INFO - Started process (PID=84356) to work on /Users/symbat/airflow_local/.venv/lib/python3.11/site-packages/airflow/example_dags/example_python_decorator.py
[2025-12-06T04:36:07.680+0500] {processor.py:830} INFO - Processing file /Users/symbat/airflow_local/.venv/lib/python3.11/site-packages/airflow/example_dags/example_python_decorator.py for tasks to queue
[2025-12-06T04:36:07.681+0500] {logging_mixin.py:188} INFO - [2025-12-06T04:36:07.681+0500] {dagbag.py:545} INFO - Filling up the DagBag from /Users/symbat/airflow_local/.venv/lib/python3.11/site-packages/airflow/example_dags/example_python_decorator.py
[2025-12-06T04:36:07.706+0500] {logging_mixin.py:188} INFO - [2025-12-06T04:36:07.705+0500] {example_python_decorator.py:80} WARNING - The virtalenv_python example task requires virtualenv, please install it.
[2025-12-06T04:36:07.707+0500] {processor.py:840} INFO - DAG(s) 'example_python_decorator' retrieved from /Users/symbat/airflow_local/.venv/lib/python3.11/site-packages/airflow/example_dags/example_python_decorator.py
[2025-12-06T04:36:07.763+0500] {logging_mixin.py:188} INFO - [2025-12-06T04:36:07.763+0500] {dag.py:3089} INFO - Sync 1 DAGs
[2025-12-06T04:36:07.769+0500] {logging_mixin.py:188} INFO - [2025-12-06T04:36:07.769+0500] {dag.py:3947} INFO - Setting next_dagrun for example_python_decorator to None, run_after=None
[2025-12-06T04:36:07.781+0500] {processor.py:183} INFO - Processing /Users/symbat/airflow_local/.venv/lib/python3.11/site-packages/airflow/example_dags/example_python_decorator.py took 0.104 seconds
[2025-12-06T04:41:09.284+0500] {processor.py:161} INFO - Started process (PID=85547) to work on /Users/symbat/airflow_local/.venv/lib/python3.11/site-packages/airflow/example_dags/example_python_decorator.py
[2025-12-06T04:41:09.285+0500] {processor.py:830} INFO - Processing file /Users/symbat/airflow_local/.venv/lib/python3.11/site-packages/airflow/example_dags/example_python_decorator.py for tasks to queue
[2025-12-06T04:41:09.286+0500] {logging_mixin.py:188} INFO - [2025-12-06T04:41:09.285+0500] {dagbag.py:545} INFO - Filling up the DagBag from /Users/symbat/airflow_local/.venv/lib/python3.11/site-packages/airflow/example_dags/example_python_decorator.py
[2025-12-06T04:41:09.302+0500] {logging_mixin.py:188} INFO - [2025-12-06T04:41:09.302+0500] {example_python_decorator.py:80} WARNING - The virtalenv_python example task requires virtualenv, please install it.
[2025-12-06T04:41:09.303+0500] {processor.py:840} INFO - DAG(s) 'example_python_decorator' retrieved from /Users/symbat/airflow_local/.venv/lib/python3.11/site-packages/airflow/example_dags/example_python_decorator.py
[2025-12-06T04:41:09.356+0500] {logging_mixin.py:188} INFO - [2025-12-06T04:41:09.356+0500] {dag.py:3089} INFO - Sync 1 DAGs
[2025-12-06T04:41:09.360+0500] {logging_mixin.py:188} INFO - [2025-12-06T04:41:09.360+0500] {dag.py:3947} INFO - Setting next_dagrun for example_python_decorator to None, run_after=None
[2025-12-06T04:41:09.371+0500] {processor.py:183} INFO - Processing /Users/symbat/airflow_local/.venv/lib/python3.11/site-packages/airflow/example_dags/example_python_decorator.py took 0.089 seconds
[2025-12-06T04:46:09.959+0500] {processor.py:161} INFO - Started process (PID=85843) to work on /Users/symbat/airflow_local/.venv/lib/python3.11/site-packages/airflow/example_dags/example_python_decorator.py
[2025-12-06T04:46:09.960+0500] {processor.py:830} INFO - Processing file /Users/symbat/airflow_local/.venv/lib/python3.11/site-packages/airflow/example_dags/example_python_decorator.py for tasks to queue
[2025-12-06T04:46:09.960+0500] {logging_mixin.py:188} INFO - [2025-12-06T04:46:09.960+0500] {dagbag.py:545} INFO - Filling up the DagBag from /Users/symbat/airflow_local/.venv/lib/python3.11/site-packages/airflow/example_dags/example_python_decorator.py
[2025-12-06T04:46:09.977+0500] {logging_mixin.py:188} INFO - [2025-12-06T04:46:09.976+0500] {example_python_decorator.py:80} WARNING - The virtalenv_python example task requires virtualenv, please install it.
[2025-12-06T04:46:09.978+0500] {processor.py:840} INFO - DAG(s) 'example_python_decorator' retrieved from /Users/symbat/airflow_local/.venv/lib/python3.11/site-packages/airflow/example_dags/example_python_decorator.py
[2025-12-06T04:46:10.019+0500] {logging_mixin.py:188} INFO - [2025-12-06T04:46:10.018+0500] {dag.py:3089} INFO - Sync 1 DAGs
[2025-12-06T04:46:10.022+0500] {logging_mixin.py:188} INFO - [2025-12-06T04:46:10.022+0500] {dag.py:3947} INFO - Setting next_dagrun for example_python_decorator to None, run_after=None
[2025-12-06T04:46:10.032+0500] {processor.py:183} INFO - Processing /Users/symbat/airflow_local/.venv/lib/python3.11/site-packages/airflow/example_dags/example_python_decorator.py took 0.074 seconds
[2025-12-06T04:48:32.635+0500] {processor.py:161} INFO - Started process (PID=85954) to work on /Users/symbat/airflow_local/.venv/lib/python3.11/site-packages/airflow/example_dags/example_python_decorator.py
[2025-12-06T04:48:32.636+0500] {processor.py:830} INFO - Processing file /Users/symbat/airflow_local/.venv/lib/python3.11/site-packages/airflow/example_dags/example_python_decorator.py for tasks to queue
[2025-12-06T04:48:32.636+0500] {logging_mixin.py:188} INFO - [2025-12-06T04:48:32.636+0500] {dagbag.py:545} INFO - Filling up the DagBag from /Users/symbat/airflow_local/.venv/lib/python3.11/site-packages/airflow/example_dags/example_python_decorator.py
[2025-12-06T04:48:32.653+0500] {logging_mixin.py:188} INFO - [2025-12-06T04:48:32.653+0500] {example_python_decorator.py:80} WARNING - The virtalenv_python example task requires virtualenv, please install it.
[2025-12-06T04:48:32.655+0500] {processor.py:840} INFO - DAG(s) 'example_python_decorator' retrieved from /Users/symbat/airflow_local/.venv/lib/python3.11/site-packages/airflow/example_dags/example_python_decorator.py
[2025-12-06T04:48:32.697+0500] {logging_mixin.py:188} INFO - [2025-12-06T04:48:32.697+0500] {dag.py:3089} INFO - Sync 1 DAGs
[2025-12-06T04:48:32.701+0500] {logging_mixin.py:188} INFO - [2025-12-06T04:48:32.701+0500] {dag.py:3947} INFO - Setting next_dagrun for example_python_decorator to None, run_after=None
[2025-12-06T04:48:32.709+0500] {processor.py:183} INFO - Processing /Users/symbat/airflow_local/.venv/lib/python3.11/site-packages/airflow/example_dags/example_python_decorator.py took 0.076 seconds
[2025-12-06T04:51:15.488+0500] {processor.py:161} INFO - Started process (PID=86523) to work on /Users/symbat/airflow_local/.venv/lib/python3.11/site-packages/airflow/example_dags/example_python_decorator.py
[2025-12-06T04:51:15.488+0500] {processor.py:830} INFO - Processing file /Users/symbat/airflow_local/.venv/lib/python3.11/site-packages/airflow/example_dags/example_python_decorator.py for tasks to queue
[2025-12-06T04:51:15.489+0500] {logging_mixin.py:188} INFO - [2025-12-06T04:51:15.489+0500] {dagbag.py:545} INFO - Filling up the DagBag from /Users/symbat/airflow_local/.venv/lib/python3.11/site-packages/airflow/example_dags/example_python_decorator.py
[2025-12-06T04:51:15.516+0500] {logging_mixin.py:188} INFO - [2025-12-06T04:51:15.516+0500] {example_python_decorator.py:80} WARNING - The virtalenv_python example task requires virtualenv, please install it.
[2025-12-06T04:51:15.517+0500] {processor.py:840} INFO - DAG(s) 'example_python_decorator' retrieved from /Users/symbat/airflow_local/.venv/lib/python3.11/site-packages/airflow/example_dags/example_python_decorator.py
[2025-12-06T04:51:15.578+0500] {logging_mixin.py:188} INFO - [2025-12-06T04:51:15.577+0500] {dag.py:3089} INFO - Sync 1 DAGs
[2025-12-06T04:51:15.588+0500] {logging_mixin.py:188} INFO - [2025-12-06T04:51:15.588+0500] {dag.py:3947} INFO - Setting next_dagrun for example_python_decorator to None, run_after=None
[2025-12-06T04:51:15.603+0500] {processor.py:183} INFO - Processing /Users/symbat/airflow_local/.venv/lib/python3.11/site-packages/airflow/example_dags/example_python_decorator.py took 0.118 seconds
[2025-12-06T04:53:34.642+0500] {processor.py:161} INFO - Started process (PID=86641) to work on /Users/symbat/airflow_local/.venv/lib/python3.11/site-packages/airflow/example_dags/example_python_decorator.py
[2025-12-06T04:53:34.643+0500] {processor.py:830} INFO - Processing file /Users/symbat/airflow_local/.venv/lib/python3.11/site-packages/airflow/example_dags/example_python_decorator.py for tasks to queue
[2025-12-06T04:53:34.644+0500] {logging_mixin.py:188} INFO - [2025-12-06T04:53:34.644+0500] {dagbag.py:545} INFO - Filling up the DagBag from /Users/symbat/airflow_local/.venv/lib/python3.11/site-packages/airflow/example_dags/example_python_decorator.py
[2025-12-06T04:53:34.670+0500] {logging_mixin.py:188} INFO - [2025-12-06T04:53:34.670+0500] {example_python_decorator.py:80} WARNING - The virtalenv_python example task requires virtualenv, please install it.
[2025-12-06T04:53:34.673+0500] {processor.py:840} INFO - DAG(s) 'example_python_decorator' retrieved from /Users/symbat/airflow_local/.venv/lib/python3.11/site-packages/airflow/example_dags/example_python_decorator.py
[2025-12-06T04:53:34.717+0500] {logging_mixin.py:188} INFO - [2025-12-06T04:53:34.717+0500] {dag.py:3089} INFO - Sync 1 DAGs
[2025-12-06T04:53:34.721+0500] {logging_mixin.py:188} INFO - [2025-12-06T04:53:34.721+0500] {dag.py:3947} INFO - Setting next_dagrun for example_python_decorator to None, run_after=None
[2025-12-06T04:53:34.734+0500] {processor.py:183} INFO - Processing /Users/symbat/airflow_local/.venv/lib/python3.11/site-packages/airflow/example_dags/example_python_decorator.py took 0.093 seconds
[2025-12-06T04:58:43.718+0500] {processor.py:161} INFO - Started process (PID=87961) to work on /Users/symbat/airflow_local/.venv/lib/python3.11/site-packages/airflow/example_dags/example_python_decorator.py
[2025-12-06T04:58:43.719+0500] {processor.py:830} INFO - Processing file /Users/symbat/airflow_local/.venv/lib/python3.11/site-packages/airflow/example_dags/example_python_decorator.py for tasks to queue
[2025-12-06T04:58:43.719+0500] {logging_mixin.py:188} INFO - [2025-12-06T04:58:43.719+0500] {dagbag.py:545} INFO - Filling up the DagBag from /Users/symbat/airflow_local/.venv/lib/python3.11/site-packages/airflow/example_dags/example_python_decorator.py
[2025-12-06T04:58:43.735+0500] {logging_mixin.py:188} INFO - [2025-12-06T04:58:43.735+0500] {example_python_decorator.py:80} WARNING - The virtalenv_python example task requires virtualenv, please install it.
[2025-12-06T04:58:43.736+0500] {processor.py:840} INFO - DAG(s) 'example_python_decorator' retrieved from /Users/symbat/airflow_local/.venv/lib/python3.11/site-packages/airflow/example_dags/example_python_decorator.py
[2025-12-06T04:58:43.772+0500] {logging_mixin.py:188} INFO - [2025-12-06T04:58:43.772+0500] {dag.py:3089} INFO - Sync 1 DAGs
[2025-12-06T04:58:43.776+0500] {logging_mixin.py:188} INFO - [2025-12-06T04:58:43.776+0500] {dag.py:3947} INFO - Setting next_dagrun for example_python_decorator to None, run_after=None
[2025-12-06T04:58:43.785+0500] {processor.py:183} INFO - Processing /Users/symbat/airflow_local/.venv/lib/python3.11/site-packages/airflow/example_dags/example_python_decorator.py took 0.069 seconds
