[2025-12-06T03:05:24.017+0500] {processor.py:161} INFO - Started process (PID=76832) to work on /Users/symbat/airflow_local/.venv/lib/python3.11/site-packages/airflow/example_dags/example_short_circuit_decorator.py
[2025-12-06T03:05:24.018+0500] {processor.py:830} INFO - Processing file /Users/symbat/airflow_local/.venv/lib/python3.11/site-packages/airflow/example_dags/example_short_circuit_decorator.py for tasks to queue
[2025-12-06T03:05:24.018+0500] {logging_mixin.py:188} INFO - [2025-12-06T03:05:24.018+0500] {dagbag.py:545} INFO - Filling up the DagBag from /Users/symbat/airflow_local/.venv/lib/python3.11/site-packages/airflow/example_dags/example_short_circuit_decorator.py
[2025-12-06T03:05:24.058+0500] {processor.py:840} INFO - DAG(s) 'example_short_circuit_decorator' retrieved from /Users/symbat/airflow_local/.venv/lib/python3.11/site-packages/airflow/example_dags/example_short_circuit_decorator.py
[2025-12-06T03:05:24.252+0500] {logging_mixin.py:188} INFO - [2025-12-06T03:05:24.252+0500] {dag.py:3089} INFO - Sync 1 DAGs
[2025-12-06T03:05:24.262+0500] {logging_mixin.py:188} INFO - [2025-12-06T03:05:24.262+0500] {dag.py:3947} INFO - Setting next_dagrun for example_short_circuit_decorator to 2025-12-04 00:00:00+00:00, run_after=2025-12-05 00:00:00+00:00
[2025-12-06T03:05:24.275+0500] {processor.py:183} INFO - Processing /Users/symbat/airflow_local/.venv/lib/python3.11/site-packages/airflow/example_dags/example_short_circuit_decorator.py took 0.261 seconds
[2025-12-06T03:09:47.748+0500] {processor.py:161} INFO - Started process (PID=77653) to work on /Users/symbat/airflow_local/.venv/lib/python3.11/site-packages/airflow/example_dags/example_short_circuit_decorator.py
[2025-12-06T03:09:47.750+0500] {processor.py:830} INFO - Processing file /Users/symbat/airflow_local/.venv/lib/python3.11/site-packages/airflow/example_dags/example_short_circuit_decorator.py for tasks to queue
[2025-12-06T03:09:47.752+0500] {logging_mixin.py:188} INFO - [2025-12-06T03:09:47.751+0500] {dagbag.py:545} INFO - Filling up the DagBag from /Users/symbat/airflow_local/.venv/lib/python3.11/site-packages/airflow/example_dags/example_short_circuit_decorator.py
[2025-12-06T03:09:47.795+0500] {processor.py:840} INFO - DAG(s) 'example_short_circuit_decorator' retrieved from /Users/symbat/airflow_local/.venv/lib/python3.11/site-packages/airflow/example_dags/example_short_circuit_decorator.py
[2025-12-06T03:09:47.990+0500] {logging_mixin.py:188} INFO - [2025-12-06T03:09:47.990+0500] {dag.py:3089} INFO - Sync 1 DAGs
[2025-12-06T03:09:48.001+0500] {logging_mixin.py:188} INFO - [2025-12-06T03:09:48.001+0500] {dag.py:3947} INFO - Setting next_dagrun for example_short_circuit_decorator to 2025-12-04 00:00:00+00:00, run_after=2025-12-05 00:00:00+00:00
[2025-12-06T03:09:48.013+0500] {processor.py:183} INFO - Processing /Users/symbat/airflow_local/.venv/lib/python3.11/site-packages/airflow/example_dags/example_short_circuit_decorator.py took 0.271 seconds
[2025-12-06T04:30:35.714+0500] {processor.py:161} INFO - Started process (PID=83824) to work on /Users/symbat/airflow_local/.venv/lib/python3.11/site-packages/airflow/example_dags/example_short_circuit_decorator.py
[2025-12-06T04:30:35.715+0500] {processor.py:830} INFO - Processing file /Users/symbat/airflow_local/.venv/lib/python3.11/site-packages/airflow/example_dags/example_short_circuit_decorator.py for tasks to queue
[2025-12-06T04:30:35.716+0500] {logging_mixin.py:188} INFO - [2025-12-06T04:30:35.716+0500] {dagbag.py:545} INFO - Filling up the DagBag from /Users/symbat/airflow_local/.venv/lib/python3.11/site-packages/airflow/example_dags/example_short_circuit_decorator.py
[2025-12-06T04:30:35.738+0500] {processor.py:840} INFO - DAG(s) 'example_short_circuit_decorator' retrieved from /Users/symbat/airflow_local/.venv/lib/python3.11/site-packages/airflow/example_dags/example_short_circuit_decorator.py
[2025-12-06T04:30:35.892+0500] {logging_mixin.py:188} INFO - [2025-12-06T04:30:35.892+0500] {dag.py:3089} INFO - Sync 1 DAGs
[2025-12-06T04:30:35.899+0500] {logging_mixin.py:188} INFO - [2025-12-06T04:30:35.899+0500] {dag.py:3947} INFO - Setting next_dagrun for example_short_circuit_decorator to 2025-12-04 00:00:00+00:00, run_after=2025-12-05 00:00:00+00:00
[2025-12-06T04:30:35.913+0500] {processor.py:183} INFO - Processing /Users/symbat/airflow_local/.venv/lib/python3.11/site-packages/airflow/example_dags/example_short_circuit_decorator.py took 0.203 seconds
[2025-12-06T04:35:39.150+0500] {processor.py:161} INFO - Started process (PID=84312) to work on /Users/symbat/airflow_local/.venv/lib/python3.11/site-packages/airflow/example_dags/example_short_circuit_decorator.py
[2025-12-06T04:35:39.150+0500] {processor.py:830} INFO - Processing file /Users/symbat/airflow_local/.venv/lib/python3.11/site-packages/airflow/example_dags/example_short_circuit_decorator.py for tasks to queue
[2025-12-06T04:35:39.151+0500] {logging_mixin.py:188} INFO - [2025-12-06T04:35:39.151+0500] {dagbag.py:545} INFO - Filling up the DagBag from /Users/symbat/airflow_local/.venv/lib/python3.11/site-packages/airflow/example_dags/example_short_circuit_decorator.py
[2025-12-06T04:35:39.174+0500] {processor.py:840} INFO - DAG(s) 'example_short_circuit_decorator' retrieved from /Users/symbat/airflow_local/.venv/lib/python3.11/site-packages/airflow/example_dags/example_short_circuit_decorator.py
[2025-12-06T04:35:39.235+0500] {logging_mixin.py:188} INFO - [2025-12-06T04:35:39.235+0500] {dag.py:3089} INFO - Sync 1 DAGs
[2025-12-06T04:35:39.244+0500] {logging_mixin.py:188} INFO - [2025-12-06T04:35:39.243+0500] {dag.py:3947} INFO - Setting next_dagrun for example_short_circuit_decorator to 2025-12-04 00:00:00+00:00, run_after=2025-12-05 00:00:00+00:00
[2025-12-06T04:35:39.258+0500] {processor.py:183} INFO - Processing /Users/symbat/airflow_local/.venv/lib/python3.11/site-packages/airflow/example_dags/example_short_circuit_decorator.py took 0.111 seconds
[2025-12-06T04:40:53.849+0500] {processor.py:161} INFO - Started process (PID=85535) to work on /Users/symbat/airflow_local/.venv/lib/python3.11/site-packages/airflow/example_dags/example_short_circuit_decorator.py
[2025-12-06T04:40:53.849+0500] {processor.py:830} INFO - Processing file /Users/symbat/airflow_local/.venv/lib/python3.11/site-packages/airflow/example_dags/example_short_circuit_decorator.py for tasks to queue
[2025-12-06T04:40:53.850+0500] {logging_mixin.py:188} INFO - [2025-12-06T04:40:53.850+0500] {dagbag.py:545} INFO - Filling up the DagBag from /Users/symbat/airflow_local/.venv/lib/python3.11/site-packages/airflow/example_dags/example_short_circuit_decorator.py
[2025-12-06T04:40:53.891+0500] {processor.py:840} INFO - DAG(s) 'example_short_circuit_decorator' retrieved from /Users/symbat/airflow_local/.venv/lib/python3.11/site-packages/airflow/example_dags/example_short_circuit_decorator.py
[2025-12-06T04:40:53.954+0500] {logging_mixin.py:188} INFO - [2025-12-06T04:40:53.954+0500] {dag.py:3089} INFO - Sync 1 DAGs
[2025-12-06T04:40:53.962+0500] {logging_mixin.py:188} INFO - [2025-12-06T04:40:53.962+0500] {dag.py:3947} INFO - Setting next_dagrun for example_short_circuit_decorator to 2025-12-04 00:00:00+00:00, run_after=2025-12-05 00:00:00+00:00
[2025-12-06T04:40:53.988+0500] {processor.py:183} INFO - Processing /Users/symbat/airflow_local/.venv/lib/python3.11/site-packages/airflow/example_dags/example_short_circuit_decorator.py took 0.144 seconds
[2025-12-06T04:43:31.683+0500] {processor.py:161} INFO - Started process (PID=85702) to work on /Users/symbat/airflow_local/.venv/lib/python3.11/site-packages/airflow/example_dags/example_short_circuit_decorator.py
[2025-12-06T04:43:31.684+0500] {processor.py:830} INFO - Processing file /Users/symbat/airflow_local/.venv/lib/python3.11/site-packages/airflow/example_dags/example_short_circuit_decorator.py for tasks to queue
[2025-12-06T04:43:31.685+0500] {logging_mixin.py:188} INFO - [2025-12-06T04:43:31.684+0500] {dagbag.py:545} INFO - Filling up the DagBag from /Users/symbat/airflow_local/.venv/lib/python3.11/site-packages/airflow/example_dags/example_short_circuit_decorator.py
[2025-12-06T04:43:31.713+0500] {processor.py:840} INFO - DAG(s) 'example_short_circuit_decorator' retrieved from /Users/symbat/airflow_local/.venv/lib/python3.11/site-packages/airflow/example_dags/example_short_circuit_decorator.py
[2025-12-06T04:43:31.773+0500] {logging_mixin.py:188} INFO - [2025-12-06T04:43:31.773+0500] {dag.py:3089} INFO - Sync 1 DAGs
[2025-12-06T04:43:31.783+0500] {logging_mixin.py:188} INFO - [2025-12-06T04:43:31.782+0500] {dag.py:3947} INFO - Setting next_dagrun for example_short_circuit_decorator to 2025-12-04 00:00:00+00:00, run_after=2025-12-05 00:00:00+00:00
[2025-12-06T04:43:31.795+0500] {processor.py:183} INFO - Processing /Users/symbat/airflow_local/.venv/lib/python3.11/site-packages/airflow/example_dags/example_short_circuit_decorator.py took 0.114 seconds
[2025-12-06T04:45:53.712+0500] {processor.py:161} INFO - Started process (PID=85831) to work on /Users/symbat/airflow_local/.venv/lib/python3.11/site-packages/airflow/example_dags/example_short_circuit_decorator.py
[2025-12-06T04:45:53.713+0500] {processor.py:830} INFO - Processing file /Users/symbat/airflow_local/.venv/lib/python3.11/site-packages/airflow/example_dags/example_short_circuit_decorator.py for tasks to queue
[2025-12-06T04:45:53.713+0500] {logging_mixin.py:188} INFO - [2025-12-06T04:45:53.713+0500] {dagbag.py:545} INFO - Filling up the DagBag from /Users/symbat/airflow_local/.venv/lib/python3.11/site-packages/airflow/example_dags/example_short_circuit_decorator.py
[2025-12-06T04:45:53.730+0500] {processor.py:840} INFO - DAG(s) 'example_short_circuit_decorator' retrieved from /Users/symbat/airflow_local/.venv/lib/python3.11/site-packages/airflow/example_dags/example_short_circuit_decorator.py
[2025-12-06T04:45:53.773+0500] {logging_mixin.py:188} INFO - [2025-12-06T04:45:53.773+0500] {dag.py:3089} INFO - Sync 1 DAGs
[2025-12-06T04:45:53.780+0500] {logging_mixin.py:188} INFO - [2025-12-06T04:45:53.779+0500] {dag.py:3947} INFO - Setting next_dagrun for example_short_circuit_decorator to 2025-12-04 00:00:00+00:00, run_after=2025-12-05 00:00:00+00:00
[2025-12-06T04:45:53.789+0500] {processor.py:183} INFO - Processing /Users/symbat/airflow_local/.venv/lib/python3.11/site-packages/airflow/example_dags/example_short_circuit_decorator.py took 0.078 seconds
[2025-12-06T04:48:19.472+0500] {processor.py:161} INFO - Started process (PID=85941) to work on /Users/symbat/airflow_local/.venv/lib/python3.11/site-packages/airflow/example_dags/example_short_circuit_decorator.py
[2025-12-06T04:48:19.477+0500] {processor.py:830} INFO - Processing file /Users/symbat/airflow_local/.venv/lib/python3.11/site-packages/airflow/example_dags/example_short_circuit_decorator.py for tasks to queue
[2025-12-06T04:48:19.478+0500] {logging_mixin.py:188} INFO - [2025-12-06T04:48:19.477+0500] {dagbag.py:545} INFO - Filling up the DagBag from /Users/symbat/airflow_local/.venv/lib/python3.11/site-packages/airflow/example_dags/example_short_circuit_decorator.py
[2025-12-06T04:48:19.499+0500] {processor.py:840} INFO - DAG(s) 'example_short_circuit_decorator' retrieved from /Users/symbat/airflow_local/.venv/lib/python3.11/site-packages/airflow/example_dags/example_short_circuit_decorator.py
[2025-12-06T04:48:19.541+0500] {logging_mixin.py:188} INFO - [2025-12-06T04:48:19.541+0500] {dag.py:3089} INFO - Sync 1 DAGs
[2025-12-06T04:48:19.548+0500] {logging_mixin.py:188} INFO - [2025-12-06T04:48:19.548+0500] {dag.py:3947} INFO - Setting next_dagrun for example_short_circuit_decorator to 2025-12-04 00:00:00+00:00, run_after=2025-12-05 00:00:00+00:00
[2025-12-06T04:48:19.556+0500] {processor.py:183} INFO - Processing /Users/symbat/airflow_local/.venv/lib/python3.11/site-packages/airflow/example_dags/example_short_circuit_decorator.py took 0.086 seconds
[2025-12-06T04:50:58.251+0500] {processor.py:161} INFO - Started process (PID=86510) to work on /Users/symbat/airflow_local/.venv/lib/python3.11/site-packages/airflow/example_dags/example_short_circuit_decorator.py
[2025-12-06T04:50:58.251+0500] {processor.py:830} INFO - Processing file /Users/symbat/airflow_local/.venv/lib/python3.11/site-packages/airflow/example_dags/example_short_circuit_decorator.py for tasks to queue
[2025-12-06T04:50:58.252+0500] {logging_mixin.py:188} INFO - [2025-12-06T04:50:58.252+0500] {dagbag.py:545} INFO - Filling up the DagBag from /Users/symbat/airflow_local/.venv/lib/python3.11/site-packages/airflow/example_dags/example_short_circuit_decorator.py
[2025-12-06T04:50:58.274+0500] {processor.py:840} INFO - DAG(s) 'example_short_circuit_decorator' retrieved from /Users/symbat/airflow_local/.venv/lib/python3.11/site-packages/airflow/example_dags/example_short_circuit_decorator.py
[2025-12-06T04:50:58.321+0500] {logging_mixin.py:188} INFO - [2025-12-06T04:50:58.321+0500] {dag.py:3089} INFO - Sync 1 DAGs
[2025-12-06T04:50:58.328+0500] {logging_mixin.py:188} INFO - [2025-12-06T04:50:58.328+0500] {dag.py:3947} INFO - Setting next_dagrun for example_short_circuit_decorator to 2025-12-04 00:00:00+00:00, run_after=2025-12-05 00:00:00+00:00
[2025-12-06T04:50:58.341+0500] {processor.py:183} INFO - Processing /Users/symbat/airflow_local/.venv/lib/python3.11/site-packages/airflow/example_dags/example_short_circuit_decorator.py took 0.092 seconds
[2025-12-06T04:53:20.855+0500] {processor.py:161} INFO - Started process (PID=86627) to work on /Users/symbat/airflow_local/.venv/lib/python3.11/site-packages/airflow/example_dags/example_short_circuit_decorator.py
[2025-12-06T04:53:20.856+0500] {processor.py:830} INFO - Processing file /Users/symbat/airflow_local/.venv/lib/python3.11/site-packages/airflow/example_dags/example_short_circuit_decorator.py for tasks to queue
[2025-12-06T04:53:20.857+0500] {logging_mixin.py:188} INFO - [2025-12-06T04:53:20.857+0500] {dagbag.py:545} INFO - Filling up the DagBag from /Users/symbat/airflow_local/.venv/lib/python3.11/site-packages/airflow/example_dags/example_short_circuit_decorator.py
[2025-12-06T04:53:20.882+0500] {processor.py:840} INFO - DAG(s) 'example_short_circuit_decorator' retrieved from /Users/symbat/airflow_local/.venv/lib/python3.11/site-packages/airflow/example_dags/example_short_circuit_decorator.py
[2025-12-06T04:53:20.925+0500] {logging_mixin.py:188} INFO - [2025-12-06T04:53:20.924+0500] {dag.py:3089} INFO - Sync 1 DAGs
[2025-12-06T04:53:20.931+0500] {logging_mixin.py:188} INFO - [2025-12-06T04:53:20.931+0500] {dag.py:3947} INFO - Setting next_dagrun for example_short_circuit_decorator to 2025-12-04 00:00:00+00:00, run_after=2025-12-05 00:00:00+00:00
[2025-12-06T04:53:20.940+0500] {processor.py:183} INFO - Processing /Users/symbat/airflow_local/.venv/lib/python3.11/site-packages/airflow/example_dags/example_short_circuit_decorator.py took 0.088 seconds
[2025-12-06T04:56:20.938+0500] {processor.py:161} INFO - Started process (PID=87478) to work on /Users/symbat/airflow_local/.venv/lib/python3.11/site-packages/airflow/example_dags/example_short_circuit_decorator.py
[2025-12-06T04:56:20.939+0500] {processor.py:830} INFO - Processing file /Users/symbat/airflow_local/.venv/lib/python3.11/site-packages/airflow/example_dags/example_short_circuit_decorator.py for tasks to queue
[2025-12-06T04:56:20.939+0500] {logging_mixin.py:188} INFO - [2025-12-06T04:56:20.939+0500] {dagbag.py:545} INFO - Filling up the DagBag from /Users/symbat/airflow_local/.venv/lib/python3.11/site-packages/airflow/example_dags/example_short_circuit_decorator.py
[2025-12-06T04:56:20.965+0500] {processor.py:840} INFO - DAG(s) 'example_short_circuit_decorator' retrieved from /Users/symbat/airflow_local/.venv/lib/python3.11/site-packages/airflow/example_dags/example_short_circuit_decorator.py
[2025-12-06T04:56:21.010+0500] {logging_mixin.py:188} INFO - [2025-12-06T04:56:21.010+0500] {dag.py:3089} INFO - Sync 1 DAGs
[2025-12-06T04:56:21.017+0500] {logging_mixin.py:188} INFO - [2025-12-06T04:56:21.017+0500] {dag.py:3947} INFO - Setting next_dagrun for example_short_circuit_decorator to 2025-12-04 00:00:00+00:00, run_after=2025-12-05 00:00:00+00:00
[2025-12-06T04:56:21.027+0500] {processor.py:183} INFO - Processing /Users/symbat/airflow_local/.venv/lib/python3.11/site-packages/airflow/example_dags/example_short_circuit_decorator.py took 0.092 seconds
[2025-12-06T04:58:26.525+0500] {processor.py:161} INFO - Started process (PID=87842) to work on /Users/symbat/airflow_local/.venv/lib/python3.11/site-packages/airflow/example_dags/example_short_circuit_decorator.py
[2025-12-06T04:58:26.526+0500] {processor.py:830} INFO - Processing file /Users/symbat/airflow_local/.venv/lib/python3.11/site-packages/airflow/example_dags/example_short_circuit_decorator.py for tasks to queue
[2025-12-06T04:58:26.527+0500] {logging_mixin.py:188} INFO - [2025-12-06T04:58:26.526+0500] {dagbag.py:545} INFO - Filling up the DagBag from /Users/symbat/airflow_local/.venv/lib/python3.11/site-packages/airflow/example_dags/example_short_circuit_decorator.py
[2025-12-06T04:58:26.567+0500] {processor.py:840} INFO - DAG(s) 'example_short_circuit_decorator' retrieved from /Users/symbat/airflow_local/.venv/lib/python3.11/site-packages/airflow/example_dags/example_short_circuit_decorator.py
[2025-12-06T04:58:26.646+0500] {logging_mixin.py:188} INFO - [2025-12-06T04:58:26.645+0500] {dag.py:3089} INFO - Sync 1 DAGs
[2025-12-06T04:58:26.669+0500] {logging_mixin.py:188} INFO - [2025-12-06T04:58:26.668+0500] {dag.py:3947} INFO - Setting next_dagrun for example_short_circuit_decorator to 2025-12-04 00:00:00+00:00, run_after=2025-12-05 00:00:00+00:00
[2025-12-06T04:58:26.696+0500] {processor.py:183} INFO - Processing /Users/symbat/airflow_local/.venv/lib/python3.11/site-packages/airflow/example_dags/example_short_circuit_decorator.py took 0.175 seconds
