[2025-12-06T03:05:04.261+0500] {processor.py:161} INFO - Started process (PID=76817) to work on /Users/symbat/airflow_local/.venv/lib/python3.11/site-packages/airflow/example_dags/example_time_delta_sensor_async.py
[2025-12-06T03:05:04.262+0500] {processor.py:830} INFO - Processing file /Users/symbat/airflow_local/.venv/lib/python3.11/site-packages/airflow/example_dags/example_time_delta_sensor_async.py for tasks to queue
[2025-12-06T03:05:04.263+0500] {logging_mixin.py:188} INFO - [2025-12-06T03:05:04.263+0500] {dagbag.py:545} INFO - Filling up the DagBag from /Users/symbat/airflow_local/.venv/lib/python3.11/site-packages/airflow/example_dags/example_time_delta_sensor_async.py
[2025-12-06T03:05:04.271+0500] {processor.py:840} INFO - DAG(s) 'example_time_delta_sensor_async' retrieved from /Users/symbat/airflow_local/.venv/lib/python3.11/site-packages/airflow/example_dags/example_time_delta_sensor_async.py
[2025-12-06T03:05:04.413+0500] {logging_mixin.py:188} INFO - [2025-12-06T03:05:04.413+0500] {dag.py:3089} INFO - Sync 1 DAGs
[2025-12-06T03:05:04.423+0500] {logging_mixin.py:188} INFO - [2025-12-06T03:05:04.423+0500] {dag.py:3947} INFO - Setting next_dagrun for example_time_delta_sensor_async to None, run_after=None
[2025-12-06T03:05:04.484+0500] {processor.py:183} INFO - Processing /Users/symbat/airflow_local/.venv/lib/python3.11/site-packages/airflow/example_dags/example_time_delta_sensor_async.py took 0.228 seconds
[2025-12-06T03:09:28.497+0500] {processor.py:161} INFO - Started process (PID=77634) to work on /Users/symbat/airflow_local/.venv/lib/python3.11/site-packages/airflow/example_dags/example_time_delta_sensor_async.py
[2025-12-06T03:09:28.498+0500] {processor.py:830} INFO - Processing file /Users/symbat/airflow_local/.venv/lib/python3.11/site-packages/airflow/example_dags/example_time_delta_sensor_async.py for tasks to queue
[2025-12-06T03:09:28.499+0500] {logging_mixin.py:188} INFO - [2025-12-06T03:09:28.499+0500] {dagbag.py:545} INFO - Filling up the DagBag from /Users/symbat/airflow_local/.venv/lib/python3.11/site-packages/airflow/example_dags/example_time_delta_sensor_async.py
[2025-12-06T03:09:28.508+0500] {processor.py:840} INFO - DAG(s) 'example_time_delta_sensor_async' retrieved from /Users/symbat/airflow_local/.venv/lib/python3.11/site-packages/airflow/example_dags/example_time_delta_sensor_async.py
[2025-12-06T03:09:28.633+0500] {logging_mixin.py:188} INFO - [2025-12-06T03:09:28.633+0500] {dag.py:3089} INFO - Sync 1 DAGs
[2025-12-06T03:09:28.639+0500] {logging_mixin.py:188} INFO - [2025-12-06T03:09:28.638+0500] {dag.py:3947} INFO - Setting next_dagrun for example_time_delta_sensor_async to None, run_after=None
[2025-12-06T03:09:28.695+0500] {processor.py:183} INFO - Processing /Users/symbat/airflow_local/.venv/lib/python3.11/site-packages/airflow/example_dags/example_time_delta_sensor_async.py took 0.202 seconds
[2025-12-06T04:30:13.625+0500] {processor.py:161} INFO - Started process (PID=83792) to work on /Users/symbat/airflow_local/.venv/lib/python3.11/site-packages/airflow/example_dags/example_time_delta_sensor_async.py
[2025-12-06T04:30:13.626+0500] {processor.py:830} INFO - Processing file /Users/symbat/airflow_local/.venv/lib/python3.11/site-packages/airflow/example_dags/example_time_delta_sensor_async.py for tasks to queue
[2025-12-06T04:30:13.626+0500] {logging_mixin.py:188} INFO - [2025-12-06T04:30:13.626+0500] {dagbag.py:545} INFO - Filling up the DagBag from /Users/symbat/airflow_local/.venv/lib/python3.11/site-packages/airflow/example_dags/example_time_delta_sensor_async.py
[2025-12-06T04:30:13.635+0500] {processor.py:840} INFO - DAG(s) 'example_time_delta_sensor_async' retrieved from /Users/symbat/airflow_local/.venv/lib/python3.11/site-packages/airflow/example_dags/example_time_delta_sensor_async.py
[2025-12-06T04:30:13.741+0500] {logging_mixin.py:188} INFO - [2025-12-06T04:30:13.740+0500] {dag.py:3089} INFO - Sync 1 DAGs
[2025-12-06T04:30:13.745+0500] {logging_mixin.py:188} INFO - [2025-12-06T04:30:13.745+0500] {dag.py:3947} INFO - Setting next_dagrun for example_time_delta_sensor_async to None, run_after=None
[2025-12-06T04:30:13.799+0500] {processor.py:183} INFO - Processing /Users/symbat/airflow_local/.venv/lib/python3.11/site-packages/airflow/example_dags/example_time_delta_sensor_async.py took 0.179 seconds
[2025-12-06T04:33:07.812+0500] {processor.py:161} INFO - Started process (PID=84065) to work on /Users/symbat/airflow_local/.venv/lib/python3.11/site-packages/airflow/example_dags/example_time_delta_sensor_async.py
[2025-12-06T04:33:07.813+0500] {processor.py:830} INFO - Processing file /Users/symbat/airflow_local/.venv/lib/python3.11/site-packages/airflow/example_dags/example_time_delta_sensor_async.py for tasks to queue
[2025-12-06T04:33:07.813+0500] {logging_mixin.py:188} INFO - [2025-12-06T04:33:07.813+0500] {dagbag.py:545} INFO - Filling up the DagBag from /Users/symbat/airflow_local/.venv/lib/python3.11/site-packages/airflow/example_dags/example_time_delta_sensor_async.py
[2025-12-06T04:33:07.819+0500] {processor.py:840} INFO - DAG(s) 'example_time_delta_sensor_async' retrieved from /Users/symbat/airflow_local/.venv/lib/python3.11/site-packages/airflow/example_dags/example_time_delta_sensor_async.py
[2025-12-06T04:33:07.865+0500] {logging_mixin.py:188} INFO - [2025-12-06T04:33:07.865+0500] {dag.py:3089} INFO - Sync 1 DAGs
[2025-12-06T04:33:07.869+0500] {logging_mixin.py:188} INFO - [2025-12-06T04:33:07.869+0500] {dag.py:3947} INFO - Setting next_dagrun for example_time_delta_sensor_async to None, run_after=None
[2025-12-06T04:33:07.878+0500] {processor.py:183} INFO - Processing /Users/symbat/airflow_local/.venv/lib/python3.11/site-packages/airflow/example_dags/example_time_delta_sensor_async.py took 0.068 seconds
[2025-12-06T04:35:13.459+0500] {processor.py:161} INFO - Started process (PID=84280) to work on /Users/symbat/airflow_local/.venv/lib/python3.11/site-packages/airflow/example_dags/example_time_delta_sensor_async.py
[2025-12-06T04:35:13.460+0500] {processor.py:830} INFO - Processing file /Users/symbat/airflow_local/.venv/lib/python3.11/site-packages/airflow/example_dags/example_time_delta_sensor_async.py for tasks to queue
[2025-12-06T04:35:13.461+0500] {logging_mixin.py:188} INFO - [2025-12-06T04:35:13.461+0500] {dagbag.py:545} INFO - Filling up the DagBag from /Users/symbat/airflow_local/.venv/lib/python3.11/site-packages/airflow/example_dags/example_time_delta_sensor_async.py
[2025-12-06T04:35:13.466+0500] {processor.py:840} INFO - DAG(s) 'example_time_delta_sensor_async' retrieved from /Users/symbat/airflow_local/.venv/lib/python3.11/site-packages/airflow/example_dags/example_time_delta_sensor_async.py
[2025-12-06T04:35:13.537+0500] {logging_mixin.py:188} INFO - [2025-12-06T04:35:13.536+0500] {dag.py:3089} INFO - Sync 1 DAGs
[2025-12-06T04:35:13.542+0500] {logging_mixin.py:188} INFO - [2025-12-06T04:35:13.542+0500] {dag.py:3947} INFO - Setting next_dagrun for example_time_delta_sensor_async to None, run_after=None
[2025-12-06T04:35:13.563+0500] {processor.py:183} INFO - Processing /Users/symbat/airflow_local/.venv/lib/python3.11/site-packages/airflow/example_dags/example_time_delta_sensor_async.py took 0.108 seconds
[2025-12-06T04:40:34.847+0500] {processor.py:161} INFO - Started process (PID=85517) to work on /Users/symbat/airflow_local/.venv/lib/python3.11/site-packages/airflow/example_dags/example_time_delta_sensor_async.py
[2025-12-06T04:40:34.848+0500] {processor.py:830} INFO - Processing file /Users/symbat/airflow_local/.venv/lib/python3.11/site-packages/airflow/example_dags/example_time_delta_sensor_async.py for tasks to queue
[2025-12-06T04:40:34.848+0500] {logging_mixin.py:188} INFO - [2025-12-06T04:40:34.848+0500] {dagbag.py:545} INFO - Filling up the DagBag from /Users/symbat/airflow_local/.venv/lib/python3.11/site-packages/airflow/example_dags/example_time_delta_sensor_async.py
[2025-12-06T04:40:34.855+0500] {processor.py:840} INFO - DAG(s) 'example_time_delta_sensor_async' retrieved from /Users/symbat/airflow_local/.venv/lib/python3.11/site-packages/airflow/example_dags/example_time_delta_sensor_async.py
[2025-12-06T04:40:34.903+0500] {logging_mixin.py:188} INFO - [2025-12-06T04:40:34.903+0500] {dag.py:3089} INFO - Sync 1 DAGs
[2025-12-06T04:40:34.907+0500] {logging_mixin.py:188} INFO - [2025-12-06T04:40:34.907+0500] {dag.py:3947} INFO - Setting next_dagrun for example_time_delta_sensor_async to None, run_after=None
[2025-12-06T04:40:34.915+0500] {processor.py:183} INFO - Processing /Users/symbat/airflow_local/.venv/lib/python3.11/site-packages/airflow/example_dags/example_time_delta_sensor_async.py took 0.072 seconds
[2025-12-06T04:43:11.675+0500] {processor.py:161} INFO - Started process (PID=85671) to work on /Users/symbat/airflow_local/.venv/lib/python3.11/site-packages/airflow/example_dags/example_time_delta_sensor_async.py
[2025-12-06T04:43:11.676+0500] {processor.py:830} INFO - Processing file /Users/symbat/airflow_local/.venv/lib/python3.11/site-packages/airflow/example_dags/example_time_delta_sensor_async.py for tasks to queue
[2025-12-06T04:43:11.676+0500] {logging_mixin.py:188} INFO - [2025-12-06T04:43:11.676+0500] {dagbag.py:545} INFO - Filling up the DagBag from /Users/symbat/airflow_local/.venv/lib/python3.11/site-packages/airflow/example_dags/example_time_delta_sensor_async.py
[2025-12-06T04:43:11.687+0500] {processor.py:840} INFO - DAG(s) 'example_time_delta_sensor_async' retrieved from /Users/symbat/airflow_local/.venv/lib/python3.11/site-packages/airflow/example_dags/example_time_delta_sensor_async.py
[2025-12-06T04:43:11.769+0500] {logging_mixin.py:188} INFO - [2025-12-06T04:43:11.769+0500] {dag.py:3089} INFO - Sync 1 DAGs
[2025-12-06T04:43:11.778+0500] {logging_mixin.py:188} INFO - [2025-12-06T04:43:11.777+0500] {dag.py:3947} INFO - Setting next_dagrun for example_time_delta_sensor_async to None, run_after=None
[2025-12-06T04:43:11.798+0500] {processor.py:183} INFO - Processing /Users/symbat/airflow_local/.venv/lib/python3.11/site-packages/airflow/example_dags/example_time_delta_sensor_async.py took 0.127 seconds
[2025-12-06T04:45:35.479+0500] {processor.py:161} INFO - Started process (PID=85815) to work on /Users/symbat/airflow_local/.venv/lib/python3.11/site-packages/airflow/example_dags/example_time_delta_sensor_async.py
[2025-12-06T04:45:35.481+0500] {processor.py:830} INFO - Processing file /Users/symbat/airflow_local/.venv/lib/python3.11/site-packages/airflow/example_dags/example_time_delta_sensor_async.py for tasks to queue
[2025-12-06T04:45:35.481+0500] {logging_mixin.py:188} INFO - [2025-12-06T04:45:35.481+0500] {dagbag.py:545} INFO - Filling up the DagBag from /Users/symbat/airflow_local/.venv/lib/python3.11/site-packages/airflow/example_dags/example_time_delta_sensor_async.py
[2025-12-06T04:45:35.486+0500] {processor.py:840} INFO - DAG(s) 'example_time_delta_sensor_async' retrieved from /Users/symbat/airflow_local/.venv/lib/python3.11/site-packages/airflow/example_dags/example_time_delta_sensor_async.py
[2025-12-06T04:45:35.531+0500] {logging_mixin.py:188} INFO - [2025-12-06T04:45:35.531+0500] {dag.py:3089} INFO - Sync 1 DAGs
[2025-12-06T04:45:35.535+0500] {logging_mixin.py:188} INFO - [2025-12-06T04:45:35.535+0500] {dag.py:3947} INFO - Setting next_dagrun for example_time_delta_sensor_async to None, run_after=None
[2025-12-06T04:45:35.546+0500] {processor.py:183} INFO - Processing /Users/symbat/airflow_local/.venv/lib/python3.11/site-packages/airflow/example_dags/example_time_delta_sensor_async.py took 0.068 seconds
[2025-12-06T04:48:03.927+0500] {processor.py:161} INFO - Started process (PID=85927) to work on /Users/symbat/airflow_local/.venv/lib/python3.11/site-packages/airflow/example_dags/example_time_delta_sensor_async.py
[2025-12-06T04:48:03.928+0500] {processor.py:830} INFO - Processing file /Users/symbat/airflow_local/.venv/lib/python3.11/site-packages/airflow/example_dags/example_time_delta_sensor_async.py for tasks to queue
[2025-12-06T04:48:03.929+0500] {logging_mixin.py:188} INFO - [2025-12-06T04:48:03.928+0500] {dagbag.py:545} INFO - Filling up the DagBag from /Users/symbat/airflow_local/.venv/lib/python3.11/site-packages/airflow/example_dags/example_time_delta_sensor_async.py
[2025-12-06T04:48:03.933+0500] {processor.py:840} INFO - DAG(s) 'example_time_delta_sensor_async' retrieved from /Users/symbat/airflow_local/.venv/lib/python3.11/site-packages/airflow/example_dags/example_time_delta_sensor_async.py
[2025-12-06T04:48:03.977+0500] {logging_mixin.py:188} INFO - [2025-12-06T04:48:03.977+0500] {dag.py:3089} INFO - Sync 1 DAGs
[2025-12-06T04:48:03.981+0500] {logging_mixin.py:188} INFO - [2025-12-06T04:48:03.981+0500] {dag.py:3947} INFO - Setting next_dagrun for example_time_delta_sensor_async to None, run_after=None
[2025-12-06T04:48:03.989+0500] {processor.py:183} INFO - Processing /Users/symbat/airflow_local/.venv/lib/python3.11/site-packages/airflow/example_dags/example_time_delta_sensor_async.py took 0.064 seconds
[2025-12-06T04:50:37.899+0500] {processor.py:161} INFO - Started process (PID=86417) to work on /Users/symbat/airflow_local/.venv/lib/python3.11/site-packages/airflow/example_dags/example_time_delta_sensor_async.py
[2025-12-06T04:50:37.900+0500] {processor.py:830} INFO - Processing file /Users/symbat/airflow_local/.venv/lib/python3.11/site-packages/airflow/example_dags/example_time_delta_sensor_async.py for tasks to queue
[2025-12-06T04:50:37.900+0500] {logging_mixin.py:188} INFO - [2025-12-06T04:50:37.900+0500] {dagbag.py:545} INFO - Filling up the DagBag from /Users/symbat/airflow_local/.venv/lib/python3.11/site-packages/airflow/example_dags/example_time_delta_sensor_async.py
[2025-12-06T04:50:37.910+0500] {processor.py:840} INFO - DAG(s) 'example_time_delta_sensor_async' retrieved from /Users/symbat/airflow_local/.venv/lib/python3.11/site-packages/airflow/example_dags/example_time_delta_sensor_async.py
[2025-12-06T04:50:37.956+0500] {logging_mixin.py:188} INFO - [2025-12-06T04:50:37.956+0500] {dag.py:3089} INFO - Sync 1 DAGs
[2025-12-06T04:50:37.960+0500] {logging_mixin.py:188} INFO - [2025-12-06T04:50:37.960+0500] {dag.py:3947} INFO - Setting next_dagrun for example_time_delta_sensor_async to None, run_after=None
[2025-12-06T04:50:37.969+0500] {processor.py:183} INFO - Processing /Users/symbat/airflow_local/.venv/lib/python3.11/site-packages/airflow/example_dags/example_time_delta_sensor_async.py took 0.072 seconds
[2025-12-06T04:53:04.657+0500] {processor.py:161} INFO - Started process (PID=86607) to work on /Users/symbat/airflow_local/.venv/lib/python3.11/site-packages/airflow/example_dags/example_time_delta_sensor_async.py
[2025-12-06T04:53:04.658+0500] {processor.py:830} INFO - Processing file /Users/symbat/airflow_local/.venv/lib/python3.11/site-packages/airflow/example_dags/example_time_delta_sensor_async.py for tasks to queue
[2025-12-06T04:53:04.658+0500] {logging_mixin.py:188} INFO - [2025-12-06T04:53:04.658+0500] {dagbag.py:545} INFO - Filling up the DagBag from /Users/symbat/airflow_local/.venv/lib/python3.11/site-packages/airflow/example_dags/example_time_delta_sensor_async.py
[2025-12-06T04:53:04.663+0500] {processor.py:840} INFO - DAG(s) 'example_time_delta_sensor_async' retrieved from /Users/symbat/airflow_local/.venv/lib/python3.11/site-packages/airflow/example_dags/example_time_delta_sensor_async.py
[2025-12-06T04:53:04.707+0500] {logging_mixin.py:188} INFO - [2025-12-06T04:53:04.707+0500] {dag.py:3089} INFO - Sync 1 DAGs
[2025-12-06T04:53:04.711+0500] {logging_mixin.py:188} INFO - [2025-12-06T04:53:04.711+0500] {dag.py:3947} INFO - Setting next_dagrun for example_time_delta_sensor_async to None, run_after=None
[2025-12-06T04:53:04.720+0500] {processor.py:183} INFO - Processing /Users/symbat/airflow_local/.venv/lib/python3.11/site-packages/airflow/example_dags/example_time_delta_sensor_async.py took 0.065 seconds
[2025-12-06T04:55:45.724+0500] {processor.py:161} INFO - Started process (PID=87445) to work on /Users/symbat/airflow_local/.venv/lib/python3.11/site-packages/airflow/example_dags/example_time_delta_sensor_async.py
[2025-12-06T04:55:45.725+0500] {processor.py:830} INFO - Processing file /Users/symbat/airflow_local/.venv/lib/python3.11/site-packages/airflow/example_dags/example_time_delta_sensor_async.py for tasks to queue
[2025-12-06T04:55:45.725+0500] {logging_mixin.py:188} INFO - [2025-12-06T04:55:45.725+0500] {dagbag.py:545} INFO - Filling up the DagBag from /Users/symbat/airflow_local/.venv/lib/python3.11/site-packages/airflow/example_dags/example_time_delta_sensor_async.py
[2025-12-06T04:55:45.730+0500] {processor.py:840} INFO - DAG(s) 'example_time_delta_sensor_async' retrieved from /Users/symbat/airflow_local/.venv/lib/python3.11/site-packages/airflow/example_dags/example_time_delta_sensor_async.py
[2025-12-06T04:55:45.788+0500] {logging_mixin.py:188} INFO - [2025-12-06T04:55:45.788+0500] {dag.py:3089} INFO - Sync 1 DAGs
[2025-12-06T04:55:45.794+0500] {logging_mixin.py:188} INFO - [2025-12-06T04:55:45.793+0500] {dag.py:3947} INFO - Setting next_dagrun for example_time_delta_sensor_async to None, run_after=None
[2025-12-06T04:55:45.806+0500] {processor.py:183} INFO - Processing /Users/symbat/airflow_local/.venv/lib/python3.11/site-packages/airflow/example_dags/example_time_delta_sensor_async.py took 0.084 seconds
[2025-12-06T04:58:09.466+0500] {processor.py:161} INFO - Started process (PID=87676) to work on /Users/symbat/airflow_local/.venv/lib/python3.11/site-packages/airflow/example_dags/example_time_delta_sensor_async.py
[2025-12-06T04:58:09.468+0500] {processor.py:830} INFO - Processing file /Users/symbat/airflow_local/.venv/lib/python3.11/site-packages/airflow/example_dags/example_time_delta_sensor_async.py for tasks to queue
[2025-12-06T04:58:09.469+0500] {logging_mixin.py:188} INFO - [2025-12-06T04:58:09.469+0500] {dagbag.py:545} INFO - Filling up the DagBag from /Users/symbat/airflow_local/.venv/lib/python3.11/site-packages/airflow/example_dags/example_time_delta_sensor_async.py
[2025-12-06T04:58:09.482+0500] {processor.py:840} INFO - DAG(s) 'example_time_delta_sensor_async' retrieved from /Users/symbat/airflow_local/.venv/lib/python3.11/site-packages/airflow/example_dags/example_time_delta_sensor_async.py
[2025-12-06T04:58:09.538+0500] {logging_mixin.py:188} INFO - [2025-12-06T04:58:09.538+0500] {dag.py:3089} INFO - Sync 1 DAGs
[2025-12-06T04:58:09.543+0500] {logging_mixin.py:188} INFO - [2025-12-06T04:58:09.543+0500] {dag.py:3947} INFO - Setting next_dagrun for example_time_delta_sensor_async to None, run_after=None
[2025-12-06T04:58:09.570+0500] {processor.py:183} INFO - Processing /Users/symbat/airflow_local/.venv/lib/python3.11/site-packages/airflow/example_dags/example_time_delta_sensor_async.py took 0.106 seconds
