[2025-12-06T03:05:45.995+0500] {processor.py:161} INFO - Started process (PID=76858) to work on /Users/symbat/airflow_local/.venv/lib/python3.11/site-packages/airflow/example_dags/example_params_ui_tutorial.py
[2025-12-06T03:05:45.996+0500] {processor.py:830} INFO - Processing file /Users/symbat/airflow_local/.venv/lib/python3.11/site-packages/airflow/example_dags/example_params_ui_tutorial.py for tasks to queue
[2025-12-06T03:05:45.996+0500] {logging_mixin.py:188} INFO - [2025-12-06T03:05:45.996+0500] {dagbag.py:545} INFO - Filling up the DagBag from /Users/symbat/airflow_local/.venv/lib/python3.11/site-packages/airflow/example_dags/example_params_ui_tutorial.py
[2025-12-06T03:05:46.038+0500] {processor.py:840} INFO - DAG(s) 'example_params_ui_tutorial' retrieved from /Users/symbat/airflow_local/.venv/lib/python3.11/site-packages/airflow/example_dags/example_params_ui_tutorial.py
[2025-12-06T03:05:46.250+0500] {logging_mixin.py:188} INFO - [2025-12-06T03:05:46.250+0500] {dag.py:3089} INFO - Sync 1 DAGs
[2025-12-06T03:05:46.257+0500] {logging_mixin.py:188} INFO - [2025-12-06T03:05:46.257+0500] {dag.py:3947} INFO - Setting next_dagrun for example_params_ui_tutorial to None, run_after=None
[2025-12-06T03:05:46.273+0500] {processor.py:183} INFO - Processing /Users/symbat/airflow_local/.venv/lib/python3.11/site-packages/airflow/example_dags/example_params_ui_tutorial.py took 0.282 seconds
[2025-12-06T03:10:05.597+0500] {processor.py:161} INFO - Started process (PID=77681) to work on /Users/symbat/airflow_local/.venv/lib/python3.11/site-packages/airflow/example_dags/example_params_ui_tutorial.py
[2025-12-06T03:10:05.599+0500] {processor.py:830} INFO - Processing file /Users/symbat/airflow_local/.venv/lib/python3.11/site-packages/airflow/example_dags/example_params_ui_tutorial.py for tasks to queue
[2025-12-06T03:10:05.600+0500] {logging_mixin.py:188} INFO - [2025-12-06T03:10:05.600+0500] {dagbag.py:545} INFO - Filling up the DagBag from /Users/symbat/airflow_local/.venv/lib/python3.11/site-packages/airflow/example_dags/example_params_ui_tutorial.py
[2025-12-06T03:10:05.623+0500] {processor.py:840} INFO - DAG(s) 'example_params_ui_tutorial' retrieved from /Users/symbat/airflow_local/.venv/lib/python3.11/site-packages/airflow/example_dags/example_params_ui_tutorial.py
[2025-12-06T03:10:05.768+0500] {logging_mixin.py:188} INFO - [2025-12-06T03:10:05.768+0500] {dag.py:3089} INFO - Sync 1 DAGs
[2025-12-06T03:10:05.773+0500] {logging_mixin.py:188} INFO - [2025-12-06T03:10:05.773+0500] {dag.py:3947} INFO - Setting next_dagrun for example_params_ui_tutorial to None, run_after=None
[2025-12-06T03:10:05.784+0500] {processor.py:183} INFO - Processing /Users/symbat/airflow_local/.venv/lib/python3.11/site-packages/airflow/example_dags/example_params_ui_tutorial.py took 0.189 seconds
[2025-12-06T04:31:05.283+0500] {processor.py:161} INFO - Started process (PID=83859) to work on /Users/symbat/airflow_local/.venv/lib/python3.11/site-packages/airflow/example_dags/example_params_ui_tutorial.py
[2025-12-06T04:31:05.284+0500] {processor.py:830} INFO - Processing file /Users/symbat/airflow_local/.venv/lib/python3.11/site-packages/airflow/example_dags/example_params_ui_tutorial.py for tasks to queue
[2025-12-06T04:31:05.285+0500] {logging_mixin.py:188} INFO - [2025-12-06T04:31:05.285+0500] {dagbag.py:545} INFO - Filling up the DagBag from /Users/symbat/airflow_local/.venv/lib/python3.11/site-packages/airflow/example_dags/example_params_ui_tutorial.py
[2025-12-06T04:31:05.310+0500] {processor.py:840} INFO - DAG(s) 'example_params_ui_tutorial' retrieved from /Users/symbat/airflow_local/.venv/lib/python3.11/site-packages/airflow/example_dags/example_params_ui_tutorial.py
[2025-12-06T04:31:05.481+0500] {logging_mixin.py:188} INFO - [2025-12-06T04:31:05.481+0500] {dag.py:3089} INFO - Sync 1 DAGs
[2025-12-06T04:31:05.485+0500] {logging_mixin.py:188} INFO - [2025-12-06T04:31:05.485+0500] {dag.py:3947} INFO - Setting next_dagrun for example_params_ui_tutorial to None, run_after=None
[2025-12-06T04:31:05.500+0500] {processor.py:183} INFO - Processing /Users/symbat/airflow_local/.venv/lib/python3.11/site-packages/airflow/example_dags/example_params_ui_tutorial.py took 0.220 seconds
[2025-12-06T04:36:15.785+0500] {processor.py:161} INFO - Started process (PID=84365) to work on /Users/symbat/airflow_local/.venv/lib/python3.11/site-packages/airflow/example_dags/example_params_ui_tutorial.py
[2025-12-06T04:36:15.786+0500] {processor.py:830} INFO - Processing file /Users/symbat/airflow_local/.venv/lib/python3.11/site-packages/airflow/example_dags/example_params_ui_tutorial.py for tasks to queue
[2025-12-06T04:36:15.787+0500] {logging_mixin.py:188} INFO - [2025-12-06T04:36:15.787+0500] {dagbag.py:545} INFO - Filling up the DagBag from /Users/symbat/airflow_local/.venv/lib/python3.11/site-packages/airflow/example_dags/example_params_ui_tutorial.py
[2025-12-06T04:36:15.806+0500] {processor.py:840} INFO - DAG(s) 'example_params_ui_tutorial' retrieved from /Users/symbat/airflow_local/.venv/lib/python3.11/site-packages/airflow/example_dags/example_params_ui_tutorial.py
[2025-12-06T04:36:15.875+0500] {logging_mixin.py:188} INFO - [2025-12-06T04:36:15.875+0500] {dag.py:3089} INFO - Sync 1 DAGs
[2025-12-06T04:36:15.882+0500] {logging_mixin.py:188} INFO - [2025-12-06T04:36:15.882+0500] {dag.py:3947} INFO - Setting next_dagrun for example_params_ui_tutorial to None, run_after=None
[2025-12-06T04:36:15.899+0500] {processor.py:183} INFO - Processing /Users/symbat/airflow_local/.venv/lib/python3.11/site-packages/airflow/example_dags/example_params_ui_tutorial.py took 0.117 seconds
[2025-12-06T04:41:14.517+0500] {processor.py:161} INFO - Started process (PID=85551) to work on /Users/symbat/airflow_local/.venv/lib/python3.11/site-packages/airflow/example_dags/example_params_ui_tutorial.py
[2025-12-06T04:41:14.518+0500] {processor.py:830} INFO - Processing file /Users/symbat/airflow_local/.venv/lib/python3.11/site-packages/airflow/example_dags/example_params_ui_tutorial.py for tasks to queue
[2025-12-06T04:41:14.519+0500] {logging_mixin.py:188} INFO - [2025-12-06T04:41:14.519+0500] {dagbag.py:545} INFO - Filling up the DagBag from /Users/symbat/airflow_local/.venv/lib/python3.11/site-packages/airflow/example_dags/example_params_ui_tutorial.py
[2025-12-06T04:41:14.538+0500] {processor.py:840} INFO - DAG(s) 'example_params_ui_tutorial' retrieved from /Users/symbat/airflow_local/.venv/lib/python3.11/site-packages/airflow/example_dags/example_params_ui_tutorial.py
[2025-12-06T04:41:14.590+0500] {logging_mixin.py:188} INFO - [2025-12-06T04:41:14.590+0500] {dag.py:3089} INFO - Sync 1 DAGs
[2025-12-06T04:41:14.594+0500] {logging_mixin.py:188} INFO - [2025-12-06T04:41:14.594+0500] {dag.py:3947} INFO - Setting next_dagrun for example_params_ui_tutorial to None, run_after=None
[2025-12-06T04:41:14.608+0500] {processor.py:183} INFO - Processing /Users/symbat/airflow_local/.venv/lib/python3.11/site-packages/airflow/example_dags/example_params_ui_tutorial.py took 0.093 seconds
[2025-12-06T04:46:15.283+0500] {processor.py:161} INFO - Started process (PID=85847) to work on /Users/symbat/airflow_local/.venv/lib/python3.11/site-packages/airflow/example_dags/example_params_ui_tutorial.py
[2025-12-06T04:46:15.284+0500] {processor.py:830} INFO - Processing file /Users/symbat/airflow_local/.venv/lib/python3.11/site-packages/airflow/example_dags/example_params_ui_tutorial.py for tasks to queue
[2025-12-06T04:46:15.286+0500] {logging_mixin.py:188} INFO - [2025-12-06T04:46:15.285+0500] {dagbag.py:545} INFO - Filling up the DagBag from /Users/symbat/airflow_local/.venv/lib/python3.11/site-packages/airflow/example_dags/example_params_ui_tutorial.py
[2025-12-06T04:46:15.323+0500] {processor.py:840} INFO - DAG(s) 'example_params_ui_tutorial' retrieved from /Users/symbat/airflow_local/.venv/lib/python3.11/site-packages/airflow/example_dags/example_params_ui_tutorial.py
[2025-12-06T04:46:15.435+0500] {logging_mixin.py:188} INFO - [2025-12-06T04:46:15.435+0500] {dag.py:3089} INFO - Sync 1 DAGs
[2025-12-06T04:46:15.446+0500] {logging_mixin.py:188} INFO - [2025-12-06T04:46:15.446+0500] {dag.py:3947} INFO - Setting next_dagrun for example_params_ui_tutorial to None, run_after=None
[2025-12-06T04:46:15.465+0500] {processor.py:183} INFO - Processing /Users/symbat/airflow_local/.venv/lib/python3.11/site-packages/airflow/example_dags/example_params_ui_tutorial.py took 0.185 seconds
[2025-12-06T04:48:36.675+0500] {processor.py:161} INFO - Started process (PID=85958) to work on /Users/symbat/airflow_local/.venv/lib/python3.11/site-packages/airflow/example_dags/example_params_ui_tutorial.py
[2025-12-06T04:48:36.676+0500] {processor.py:830} INFO - Processing file /Users/symbat/airflow_local/.venv/lib/python3.11/site-packages/airflow/example_dags/example_params_ui_tutorial.py for tasks to queue
[2025-12-06T04:48:36.676+0500] {logging_mixin.py:188} INFO - [2025-12-06T04:48:36.676+0500] {dagbag.py:545} INFO - Filling up the DagBag from /Users/symbat/airflow_local/.venv/lib/python3.11/site-packages/airflow/example_dags/example_params_ui_tutorial.py
[2025-12-06T04:48:36.696+0500] {processor.py:840} INFO - DAG(s) 'example_params_ui_tutorial' retrieved from /Users/symbat/airflow_local/.venv/lib/python3.11/site-packages/airflow/example_dags/example_params_ui_tutorial.py
[2025-12-06T04:48:36.747+0500] {logging_mixin.py:188} INFO - [2025-12-06T04:48:36.747+0500] {dag.py:3089} INFO - Sync 1 DAGs
[2025-12-06T04:48:36.751+0500] {logging_mixin.py:188} INFO - [2025-12-06T04:48:36.751+0500] {dag.py:3947} INFO - Setting next_dagrun for example_params_ui_tutorial to None, run_after=None
[2025-12-06T04:48:36.760+0500] {processor.py:183} INFO - Processing /Users/symbat/airflow_local/.venv/lib/python3.11/site-packages/airflow/example_dags/example_params_ui_tutorial.py took 0.088 seconds
[2025-12-06T04:51:19.837+0500] {processor.py:161} INFO - Started process (PID=86527) to work on /Users/symbat/airflow_local/.venv/lib/python3.11/site-packages/airflow/example_dags/example_params_ui_tutorial.py
[2025-12-06T04:51:19.837+0500] {processor.py:830} INFO - Processing file /Users/symbat/airflow_local/.venv/lib/python3.11/site-packages/airflow/example_dags/example_params_ui_tutorial.py for tasks to queue
[2025-12-06T04:51:19.838+0500] {logging_mixin.py:188} INFO - [2025-12-06T04:51:19.838+0500] {dagbag.py:545} INFO - Filling up the DagBag from /Users/symbat/airflow_local/.venv/lib/python3.11/site-packages/airflow/example_dags/example_params_ui_tutorial.py
[2025-12-06T04:51:19.860+0500] {processor.py:840} INFO - DAG(s) 'example_params_ui_tutorial' retrieved from /Users/symbat/airflow_local/.venv/lib/python3.11/site-packages/airflow/example_dags/example_params_ui_tutorial.py
[2025-12-06T04:51:19.915+0500] {logging_mixin.py:188} INFO - [2025-12-06T04:51:19.915+0500] {dag.py:3089} INFO - Sync 1 DAGs
[2025-12-06T04:51:19.919+0500] {logging_mixin.py:188} INFO - [2025-12-06T04:51:19.919+0500] {dag.py:3947} INFO - Setting next_dagrun for example_params_ui_tutorial to None, run_after=None
[2025-12-06T04:51:19.931+0500] {processor.py:183} INFO - Processing /Users/symbat/airflow_local/.venv/lib/python3.11/site-packages/airflow/example_dags/example_params_ui_tutorial.py took 0.096 seconds
[2025-12-06T04:53:39.220+0500] {processor.py:161} INFO - Started process (PID=86645) to work on /Users/symbat/airflow_local/.venv/lib/python3.11/site-packages/airflow/example_dags/example_params_ui_tutorial.py
[2025-12-06T04:53:39.221+0500] {processor.py:830} INFO - Processing file /Users/symbat/airflow_local/.venv/lib/python3.11/site-packages/airflow/example_dags/example_params_ui_tutorial.py for tasks to queue
[2025-12-06T04:53:39.222+0500] {logging_mixin.py:188} INFO - [2025-12-06T04:53:39.221+0500] {dagbag.py:545} INFO - Filling up the DagBag from /Users/symbat/airflow_local/.venv/lib/python3.11/site-packages/airflow/example_dags/example_params_ui_tutorial.py
[2025-12-06T04:53:39.246+0500] {processor.py:840} INFO - DAG(s) 'example_params_ui_tutorial' retrieved from /Users/symbat/airflow_local/.venv/lib/python3.11/site-packages/airflow/example_dags/example_params_ui_tutorial.py
[2025-12-06T04:53:39.318+0500] {logging_mixin.py:188} INFO - [2025-12-06T04:53:39.318+0500] {dag.py:3089} INFO - Sync 1 DAGs
[2025-12-06T04:53:39.322+0500] {logging_mixin.py:188} INFO - [2025-12-06T04:53:39.322+0500] {dag.py:3947} INFO - Setting next_dagrun for example_params_ui_tutorial to None, run_after=None
[2025-12-06T04:53:39.335+0500] {processor.py:183} INFO - Processing /Users/symbat/airflow_local/.venv/lib/python3.11/site-packages/airflow/example_dags/example_params_ui_tutorial.py took 0.117 seconds
[2025-12-06T04:58:48.320+0500] {processor.py:161} INFO - Started process (PID=87966) to work on /Users/symbat/airflow_local/.venv/lib/python3.11/site-packages/airflow/example_dags/example_params_ui_tutorial.py
[2025-12-06T04:58:48.321+0500] {processor.py:830} INFO - Processing file /Users/symbat/airflow_local/.venv/lib/python3.11/site-packages/airflow/example_dags/example_params_ui_tutorial.py for tasks to queue
[2025-12-06T04:58:48.322+0500] {logging_mixin.py:188} INFO - [2025-12-06T04:58:48.322+0500] {dagbag.py:545} INFO - Filling up the DagBag from /Users/symbat/airflow_local/.venv/lib/python3.11/site-packages/airflow/example_dags/example_params_ui_tutorial.py
[2025-12-06T04:58:48.338+0500] {processor.py:840} INFO - DAG(s) 'example_params_ui_tutorial' retrieved from /Users/symbat/airflow_local/.venv/lib/python3.11/site-packages/airflow/example_dags/example_params_ui_tutorial.py
[2025-12-06T04:58:48.394+0500] {logging_mixin.py:188} INFO - [2025-12-06T04:58:48.394+0500] {dag.py:3089} INFO - Sync 1 DAGs
[2025-12-06T04:58:48.398+0500] {logging_mixin.py:188} INFO - [2025-12-06T04:58:48.398+0500] {dag.py:3947} INFO - Setting next_dagrun for example_params_ui_tutorial to None, run_after=None
[2025-12-06T04:58:48.408+0500] {processor.py:183} INFO - Processing /Users/symbat/airflow_local/.venv/lib/python3.11/site-packages/airflow/example_dags/example_params_ui_tutorial.py took 0.090 seconds
