[2025-12-06T03:05:29.094+0500] {processor.py:161} INFO - Started process (PID=76839) to work on /Users/symbat/airflow_local/.venv/lib/python3.11/site-packages/airflow/example_dags/example_setup_teardown.py
[2025-12-06T03:05:29.095+0500] {processor.py:830} INFO - Processing file /Users/symbat/airflow_local/.venv/lib/python3.11/site-packages/airflow/example_dags/example_setup_teardown.py for tasks to queue
[2025-12-06T03:05:29.095+0500] {logging_mixin.py:188} INFO - [2025-12-06T03:05:29.095+0500] {dagbag.py:545} INFO - Filling up the DagBag from /Users/symbat/airflow_local/.venv/lib/python3.11/site-packages/airflow/example_dags/example_setup_teardown.py
[2025-12-06T03:05:29.102+0500] {processor.py:840} INFO - DAG(s) 'example_setup_teardown' retrieved from /Users/symbat/airflow_local/.venv/lib/python3.11/site-packages/airflow/example_dags/example_setup_teardown.py
[2025-12-06T03:05:29.197+0500] {logging_mixin.py:188} INFO - [2025-12-06T03:05:29.197+0500] {dag.py:3089} INFO - Sync 1 DAGs
[2025-12-06T03:05:29.205+0500] {logging_mixin.py:188} INFO - [2025-12-06T03:05:29.205+0500] {dag.py:3947} INFO - Setting next_dagrun for example_setup_teardown to 2025-12-04 00:00:00+00:00, run_after=2025-12-05 00:00:00+00:00
[2025-12-06T03:05:29.252+0500] {processor.py:183} INFO - Processing /Users/symbat/airflow_local/.venv/lib/python3.11/site-packages/airflow/example_dags/example_setup_teardown.py took 0.161 seconds
[2025-12-06T03:09:52.527+0500] {processor.py:161} INFO - Started process (PID=77661) to work on /Users/symbat/airflow_local/.venv/lib/python3.11/site-packages/airflow/example_dags/example_setup_teardown.py
[2025-12-06T03:09:52.527+0500] {processor.py:830} INFO - Processing file /Users/symbat/airflow_local/.venv/lib/python3.11/site-packages/airflow/example_dags/example_setup_teardown.py for tasks to queue
[2025-12-06T03:09:52.528+0500] {logging_mixin.py:188} INFO - [2025-12-06T03:09:52.528+0500] {dagbag.py:545} INFO - Filling up the DagBag from /Users/symbat/airflow_local/.venv/lib/python3.11/site-packages/airflow/example_dags/example_setup_teardown.py
[2025-12-06T03:09:52.533+0500] {processor.py:840} INFO - DAG(s) 'example_setup_teardown' retrieved from /Users/symbat/airflow_local/.venv/lib/python3.11/site-packages/airflow/example_dags/example_setup_teardown.py
[2025-12-06T03:09:52.642+0500] {logging_mixin.py:188} INFO - [2025-12-06T03:09:52.642+0500] {dag.py:3089} INFO - Sync 1 DAGs
[2025-12-06T03:09:52.651+0500] {logging_mixin.py:188} INFO - [2025-12-06T03:09:52.650+0500] {dag.py:3947} INFO - Setting next_dagrun for example_setup_teardown to 2025-12-04 00:00:00+00:00, run_after=2025-12-05 00:00:00+00:00
[2025-12-06T03:09:52.699+0500] {processor.py:183} INFO - Processing /Users/symbat/airflow_local/.venv/lib/python3.11/site-packages/airflow/example_dags/example_setup_teardown.py took 0.174 seconds
[2025-12-06T04:30:42.116+0500] {processor.py:161} INFO - Started process (PID=83832) to work on /Users/symbat/airflow_local/.venv/lib/python3.11/site-packages/airflow/example_dags/example_setup_teardown.py
[2025-12-06T04:30:42.117+0500] {processor.py:830} INFO - Processing file /Users/symbat/airflow_local/.venv/lib/python3.11/site-packages/airflow/example_dags/example_setup_teardown.py for tasks to queue
[2025-12-06T04:30:42.118+0500] {logging_mixin.py:188} INFO - [2025-12-06T04:30:42.117+0500] {dagbag.py:545} INFO - Filling up the DagBag from /Users/symbat/airflow_local/.venv/lib/python3.11/site-packages/airflow/example_dags/example_setup_teardown.py
[2025-12-06T04:30:42.133+0500] {processor.py:840} INFO - DAG(s) 'example_setup_teardown' retrieved from /Users/symbat/airflow_local/.venv/lib/python3.11/site-packages/airflow/example_dags/example_setup_teardown.py
[2025-12-06T04:30:42.266+0500] {logging_mixin.py:188} INFO - [2025-12-06T04:30:42.266+0500] {dag.py:3089} INFO - Sync 1 DAGs
[2025-12-06T04:30:42.276+0500] {logging_mixin.py:188} INFO - [2025-12-06T04:30:42.276+0500] {dag.py:3947} INFO - Setting next_dagrun for example_setup_teardown to 2025-12-04 00:00:00+00:00, run_after=2025-12-05 00:00:00+00:00
[2025-12-06T04:30:42.342+0500] {processor.py:183} INFO - Processing /Users/symbat/airflow_local/.venv/lib/python3.11/site-packages/airflow/example_dags/example_setup_teardown.py took 0.232 seconds
[2025-12-06T04:35:46.355+0500] {processor.py:161} INFO - Started process (PID=84321) to work on /Users/symbat/airflow_local/.venv/lib/python3.11/site-packages/airflow/example_dags/example_setup_teardown.py
[2025-12-06T04:35:46.357+0500] {processor.py:830} INFO - Processing file /Users/symbat/airflow_local/.venv/lib/python3.11/site-packages/airflow/example_dags/example_setup_teardown.py for tasks to queue
[2025-12-06T04:35:46.357+0500] {logging_mixin.py:188} INFO - [2025-12-06T04:35:46.357+0500] {dagbag.py:545} INFO - Filling up the DagBag from /Users/symbat/airflow_local/.venv/lib/python3.11/site-packages/airflow/example_dags/example_setup_teardown.py
[2025-12-06T04:35:46.367+0500] {processor.py:840} INFO - DAG(s) 'example_setup_teardown' retrieved from /Users/symbat/airflow_local/.venv/lib/python3.11/site-packages/airflow/example_dags/example_setup_teardown.py
[2025-12-06T04:35:46.426+0500] {logging_mixin.py:188} INFO - [2025-12-06T04:35:46.426+0500] {dag.py:3089} INFO - Sync 1 DAGs
[2025-12-06T04:35:46.440+0500] {logging_mixin.py:188} INFO - [2025-12-06T04:35:46.440+0500] {dag.py:3947} INFO - Setting next_dagrun for example_setup_teardown to 2025-12-04 00:00:00+00:00, run_after=2025-12-05 00:00:00+00:00
[2025-12-06T04:35:46.450+0500] {processor.py:183} INFO - Processing /Users/symbat/airflow_local/.venv/lib/python3.11/site-packages/airflow/example_dags/example_setup_teardown.py took 0.098 seconds
[2025-12-06T04:40:59.068+0500] {processor.py:161} INFO - Started process (PID=85539) to work on /Users/symbat/airflow_local/.venv/lib/python3.11/site-packages/airflow/example_dags/example_setup_teardown.py
[2025-12-06T04:40:59.068+0500] {processor.py:830} INFO - Processing file /Users/symbat/airflow_local/.venv/lib/python3.11/site-packages/airflow/example_dags/example_setup_teardown.py for tasks to queue
[2025-12-06T04:40:59.069+0500] {logging_mixin.py:188} INFO - [2025-12-06T04:40:59.069+0500] {dagbag.py:545} INFO - Filling up the DagBag from /Users/symbat/airflow_local/.venv/lib/python3.11/site-packages/airflow/example_dags/example_setup_teardown.py
[2025-12-06T04:40:59.073+0500] {processor.py:840} INFO - DAG(s) 'example_setup_teardown' retrieved from /Users/symbat/airflow_local/.venv/lib/python3.11/site-packages/airflow/example_dags/example_setup_teardown.py
[2025-12-06T04:40:59.124+0500] {logging_mixin.py:188} INFO - [2025-12-06T04:40:59.124+0500] {dag.py:3089} INFO - Sync 1 DAGs
[2025-12-06T04:40:59.132+0500] {logging_mixin.py:188} INFO - [2025-12-06T04:40:59.132+0500] {dag.py:3947} INFO - Setting next_dagrun for example_setup_teardown to 2025-12-04 00:00:00+00:00, run_after=2025-12-05 00:00:00+00:00
[2025-12-06T04:40:59.140+0500] {processor.py:183} INFO - Processing /Users/symbat/airflow_local/.venv/lib/python3.11/site-packages/airflow/example_dags/example_setup_teardown.py took 0.075 seconds
[2025-12-06T04:43:36.464+0500] {processor.py:161} INFO - Started process (PID=85706) to work on /Users/symbat/airflow_local/.venv/lib/python3.11/site-packages/airflow/example_dags/example_setup_teardown.py
[2025-12-06T04:43:36.465+0500] {processor.py:830} INFO - Processing file /Users/symbat/airflow_local/.venv/lib/python3.11/site-packages/airflow/example_dags/example_setup_teardown.py for tasks to queue
[2025-12-06T04:43:36.466+0500] {logging_mixin.py:188} INFO - [2025-12-06T04:43:36.466+0500] {dagbag.py:545} INFO - Filling up the DagBag from /Users/symbat/airflow_local/.venv/lib/python3.11/site-packages/airflow/example_dags/example_setup_teardown.py
[2025-12-06T04:43:36.474+0500] {processor.py:840} INFO - DAG(s) 'example_setup_teardown' retrieved from /Users/symbat/airflow_local/.venv/lib/python3.11/site-packages/airflow/example_dags/example_setup_teardown.py
[2025-12-06T04:43:36.539+0500] {logging_mixin.py:188} INFO - [2025-12-06T04:43:36.538+0500] {dag.py:3089} INFO - Sync 1 DAGs
[2025-12-06T04:43:36.551+0500] {logging_mixin.py:188} INFO - [2025-12-06T04:43:36.551+0500] {dag.py:3947} INFO - Setting next_dagrun for example_setup_teardown to 2025-12-04 00:00:00+00:00, run_after=2025-12-05 00:00:00+00:00
[2025-12-06T04:43:36.567+0500] {processor.py:183} INFO - Processing /Users/symbat/airflow_local/.venv/lib/python3.11/site-packages/airflow/example_dags/example_setup_teardown.py took 0.106 seconds
[2025-12-06T04:45:58.869+0500] {processor.py:161} INFO - Started process (PID=85835) to work on /Users/symbat/airflow_local/.venv/lib/python3.11/site-packages/airflow/example_dags/example_setup_teardown.py
[2025-12-06T04:45:58.871+0500] {processor.py:830} INFO - Processing file /Users/symbat/airflow_local/.venv/lib/python3.11/site-packages/airflow/example_dags/example_setup_teardown.py for tasks to queue
[2025-12-06T04:45:58.872+0500] {logging_mixin.py:188} INFO - [2025-12-06T04:45:58.871+0500] {dagbag.py:545} INFO - Filling up the DagBag from /Users/symbat/airflow_local/.venv/lib/python3.11/site-packages/airflow/example_dags/example_setup_teardown.py
[2025-12-06T04:45:58.885+0500] {processor.py:840} INFO - DAG(s) 'example_setup_teardown' retrieved from /Users/symbat/airflow_local/.venv/lib/python3.11/site-packages/airflow/example_dags/example_setup_teardown.py
[2025-12-06T04:45:58.929+0500] {logging_mixin.py:188} INFO - [2025-12-06T04:45:58.929+0500] {dag.py:3089} INFO - Sync 1 DAGs
[2025-12-06T04:45:58.936+0500] {logging_mixin.py:188} INFO - [2025-12-06T04:45:58.936+0500] {dag.py:3947} INFO - Setting next_dagrun for example_setup_teardown to 2025-12-04 00:00:00+00:00, run_after=2025-12-05 00:00:00+00:00
[2025-12-06T04:45:58.944+0500] {processor.py:183} INFO - Processing /Users/symbat/airflow_local/.venv/lib/python3.11/site-packages/airflow/example_dags/example_setup_teardown.py took 0.078 seconds
[2025-12-06T04:48:23.915+0500] {processor.py:161} INFO - Started process (PID=85945) to work on /Users/symbat/airflow_local/.venv/lib/python3.11/site-packages/airflow/example_dags/example_setup_teardown.py
[2025-12-06T04:48:23.916+0500] {processor.py:830} INFO - Processing file /Users/symbat/airflow_local/.venv/lib/python3.11/site-packages/airflow/example_dags/example_setup_teardown.py for tasks to queue
[2025-12-06T04:48:23.916+0500] {logging_mixin.py:188} INFO - [2025-12-06T04:48:23.916+0500] {dagbag.py:545} INFO - Filling up the DagBag from /Users/symbat/airflow_local/.venv/lib/python3.11/site-packages/airflow/example_dags/example_setup_teardown.py
[2025-12-06T04:48:23.921+0500] {processor.py:840} INFO - DAG(s) 'example_setup_teardown' retrieved from /Users/symbat/airflow_local/.venv/lib/python3.11/site-packages/airflow/example_dags/example_setup_teardown.py
[2025-12-06T04:48:23.966+0500] {logging_mixin.py:188} INFO - [2025-12-06T04:48:23.965+0500] {dag.py:3089} INFO - Sync 1 DAGs
[2025-12-06T04:48:23.973+0500] {logging_mixin.py:188} INFO - [2025-12-06T04:48:23.973+0500] {dag.py:3947} INFO - Setting next_dagrun for example_setup_teardown to 2025-12-04 00:00:00+00:00, run_after=2025-12-05 00:00:00+00:00
[2025-12-06T04:48:23.982+0500] {processor.py:183} INFO - Processing /Users/symbat/airflow_local/.venv/lib/python3.11/site-packages/airflow/example_dags/example_setup_teardown.py took 0.069 seconds
[2025-12-06T04:51:04.096+0500] {processor.py:161} INFO - Started process (PID=86514) to work on /Users/symbat/airflow_local/.venv/lib/python3.11/site-packages/airflow/example_dags/example_setup_teardown.py
[2025-12-06T04:51:04.098+0500] {processor.py:830} INFO - Processing file /Users/symbat/airflow_local/.venv/lib/python3.11/site-packages/airflow/example_dags/example_setup_teardown.py for tasks to queue
[2025-12-06T04:51:04.100+0500] {logging_mixin.py:188} INFO - [2025-12-06T04:51:04.099+0500] {dagbag.py:545} INFO - Filling up the DagBag from /Users/symbat/airflow_local/.venv/lib/python3.11/site-packages/airflow/example_dags/example_setup_teardown.py
[2025-12-06T04:51:04.108+0500] {processor.py:840} INFO - DAG(s) 'example_setup_teardown' retrieved from /Users/symbat/airflow_local/.venv/lib/python3.11/site-packages/airflow/example_dags/example_setup_teardown.py
[2025-12-06T04:51:04.164+0500] {logging_mixin.py:188} INFO - [2025-12-06T04:51:04.164+0500] {dag.py:3089} INFO - Sync 1 DAGs
[2025-12-06T04:51:04.173+0500] {logging_mixin.py:188} INFO - [2025-12-06T04:51:04.173+0500] {dag.py:3947} INFO - Setting next_dagrun for example_setup_teardown to 2025-12-04 00:00:00+00:00, run_after=2025-12-05 00:00:00+00:00
[2025-12-06T04:51:04.184+0500] {processor.py:183} INFO - Processing /Users/symbat/airflow_local/.venv/lib/python3.11/site-packages/airflow/example_dags/example_setup_teardown.py took 0.096 seconds
[2025-12-06T04:53:24.754+0500] {processor.py:161} INFO - Started process (PID=86631) to work on /Users/symbat/airflow_local/.venv/lib/python3.11/site-packages/airflow/example_dags/example_setup_teardown.py
[2025-12-06T04:53:24.755+0500] {processor.py:830} INFO - Processing file /Users/symbat/airflow_local/.venv/lib/python3.11/site-packages/airflow/example_dags/example_setup_teardown.py for tasks to queue
[2025-12-06T04:53:24.756+0500] {logging_mixin.py:188} INFO - [2025-12-06T04:53:24.756+0500] {dagbag.py:545} INFO - Filling up the DagBag from /Users/symbat/airflow_local/.venv/lib/python3.11/site-packages/airflow/example_dags/example_setup_teardown.py
[2025-12-06T04:53:24.760+0500] {processor.py:840} INFO - DAG(s) 'example_setup_teardown' retrieved from /Users/symbat/airflow_local/.venv/lib/python3.11/site-packages/airflow/example_dags/example_setup_teardown.py
[2025-12-06T04:53:24.805+0500] {logging_mixin.py:188} INFO - [2025-12-06T04:53:24.805+0500] {dag.py:3089} INFO - Sync 1 DAGs
[2025-12-06T04:53:24.812+0500] {logging_mixin.py:188} INFO - [2025-12-06T04:53:24.812+0500] {dag.py:3947} INFO - Setting next_dagrun for example_setup_teardown to 2025-12-04 00:00:00+00:00, run_after=2025-12-05 00:00:00+00:00
[2025-12-06T04:53:24.821+0500] {processor.py:183} INFO - Processing /Users/symbat/airflow_local/.venv/lib/python3.11/site-packages/airflow/example_dags/example_setup_teardown.py took 0.069 seconds
[2025-12-06T04:58:32.787+0500] {processor.py:161} INFO - Started process (PID=87847) to work on /Users/symbat/airflow_local/.venv/lib/python3.11/site-packages/airflow/example_dags/example_setup_teardown.py
[2025-12-06T04:58:32.788+0500] {processor.py:830} INFO - Processing file /Users/symbat/airflow_local/.venv/lib/python3.11/site-packages/airflow/example_dags/example_setup_teardown.py for tasks to queue
[2025-12-06T04:58:32.789+0500] {logging_mixin.py:188} INFO - [2025-12-06T04:58:32.789+0500] {dagbag.py:545} INFO - Filling up the DagBag from /Users/symbat/airflow_local/.venv/lib/python3.11/site-packages/airflow/example_dags/example_setup_teardown.py
[2025-12-06T04:58:32.794+0500] {processor.py:840} INFO - DAG(s) 'example_setup_teardown' retrieved from /Users/symbat/airflow_local/.venv/lib/python3.11/site-packages/airflow/example_dags/example_setup_teardown.py
[2025-12-06T04:58:32.855+0500] {logging_mixin.py:188} INFO - [2025-12-06T04:58:32.855+0500] {dag.py:3089} INFO - Sync 1 DAGs
[2025-12-06T04:58:32.863+0500] {logging_mixin.py:188} INFO - [2025-12-06T04:58:32.863+0500] {dag.py:3947} INFO - Setting next_dagrun for example_setup_teardown to 2025-12-04 00:00:00+00:00, run_after=2025-12-05 00:00:00+00:00
[2025-12-06T04:58:32.876+0500] {processor.py:183} INFO - Processing /Users/symbat/airflow_local/.venv/lib/python3.11/site-packages/airflow/example_dags/example_setup_teardown.py took 0.092 seconds
