[2025-12-06T03:04:58.493+0500] {processor.py:161} INFO - Started process (PID=76813) to work on /Users/symbat/airflow_local/.venv/lib/python3.11/site-packages/airflow/example_dags/example_trigger_target_dag.py
[2025-12-06T03:04:58.494+0500] {processor.py:830} INFO - Processing file /Users/symbat/airflow_local/.venv/lib/python3.11/site-packages/airflow/example_dags/example_trigger_target_dag.py for tasks to queue
[2025-12-06T03:04:58.495+0500] {logging_mixin.py:188} INFO - [2025-12-06T03:04:58.495+0500] {dagbag.py:545} INFO - Filling up the DagBag from /Users/symbat/airflow_local/.venv/lib/python3.11/site-packages/airflow/example_dags/example_trigger_target_dag.py
[2025-12-06T03:04:58.523+0500] {processor.py:840} INFO - DAG(s) 'example_trigger_target_dag' retrieved from /Users/symbat/airflow_local/.venv/lib/python3.11/site-packages/airflow/example_dags/example_trigger_target_dag.py
[2025-12-06T03:04:58.665+0500] {logging_mixin.py:188} INFO - [2025-12-06T03:04:58.665+0500] {dag.py:3089} INFO - Sync 1 DAGs
[2025-12-06T03:04:58.669+0500] {logging_mixin.py:188} INFO - [2025-12-06T03:04:58.669+0500] {dag.py:3947} INFO - Setting next_dagrun for example_trigger_target_dag to None, run_after=None
[2025-12-06T03:04:58.680+0500] {processor.py:183} INFO - Processing /Users/symbat/airflow_local/.venv/lib/python3.11/site-packages/airflow/example_dags/example_trigger_target_dag.py took 0.190 seconds
[2025-12-06T03:09:22.819+0500] {processor.py:161} INFO - Started process (PID=77627) to work on /Users/symbat/airflow_local/.venv/lib/python3.11/site-packages/airflow/example_dags/example_trigger_target_dag.py
[2025-12-06T03:09:22.820+0500] {processor.py:830} INFO - Processing file /Users/symbat/airflow_local/.venv/lib/python3.11/site-packages/airflow/example_dags/example_trigger_target_dag.py for tasks to queue
[2025-12-06T03:09:22.820+0500] {logging_mixin.py:188} INFO - [2025-12-06T03:09:22.820+0500] {dagbag.py:545} INFO - Filling up the DagBag from /Users/symbat/airflow_local/.venv/lib/python3.11/site-packages/airflow/example_dags/example_trigger_target_dag.py
[2025-12-06T03:09:22.847+0500] {processor.py:840} INFO - DAG(s) 'example_trigger_target_dag' retrieved from /Users/symbat/airflow_local/.venv/lib/python3.11/site-packages/airflow/example_dags/example_trigger_target_dag.py
[2025-12-06T03:09:22.998+0500] {logging_mixin.py:188} INFO - [2025-12-06T03:09:22.998+0500] {dag.py:3089} INFO - Sync 1 DAGs
[2025-12-06T03:09:23.021+0500] {logging_mixin.py:188} INFO - [2025-12-06T03:09:23.021+0500] {dag.py:3947} INFO - Setting next_dagrun for example_trigger_target_dag to None, run_after=None
[2025-12-06T03:09:23.045+0500] {processor.py:183} INFO - Processing /Users/symbat/airflow_local/.venv/lib/python3.11/site-packages/airflow/example_dags/example_trigger_target_dag.py took 0.230 seconds
[2025-12-06T04:30:07.506+0500] {processor.py:161} INFO - Started process (PID=83784) to work on /Users/symbat/airflow_local/.venv/lib/python3.11/site-packages/airflow/example_dags/example_trigger_target_dag.py
[2025-12-06T04:30:07.507+0500] {processor.py:830} INFO - Processing file /Users/symbat/airflow_local/.venv/lib/python3.11/site-packages/airflow/example_dags/example_trigger_target_dag.py for tasks to queue
[2025-12-06T04:30:07.507+0500] {logging_mixin.py:188} INFO - [2025-12-06T04:30:07.507+0500] {dagbag.py:545} INFO - Filling up the DagBag from /Users/symbat/airflow_local/.venv/lib/python3.11/site-packages/airflow/example_dags/example_trigger_target_dag.py
[2025-12-06T04:30:07.523+0500] {processor.py:840} INFO - DAG(s) 'example_trigger_target_dag' retrieved from /Users/symbat/airflow_local/.venv/lib/python3.11/site-packages/airflow/example_dags/example_trigger_target_dag.py
[2025-12-06T04:30:07.654+0500] {logging_mixin.py:188} INFO - [2025-12-06T04:30:07.654+0500] {dag.py:3089} INFO - Sync 1 DAGs
[2025-12-06T04:30:07.658+0500] {logging_mixin.py:188} INFO - [2025-12-06T04:30:07.658+0500] {dag.py:3947} INFO - Setting next_dagrun for example_trigger_target_dag to None, run_after=None
[2025-12-06T04:30:07.668+0500] {processor.py:183} INFO - Processing /Users/symbat/airflow_local/.venv/lib/python3.11/site-packages/airflow/example_dags/example_trigger_target_dag.py took 0.164 seconds
[2025-12-06T04:33:02.925+0500] {processor.py:161} INFO - Started process (PID=84053) to work on /Users/symbat/airflow_local/.venv/lib/python3.11/site-packages/airflow/example_dags/example_trigger_target_dag.py
[2025-12-06T04:33:02.926+0500] {processor.py:830} INFO - Processing file /Users/symbat/airflow_local/.venv/lib/python3.11/site-packages/airflow/example_dags/example_trigger_target_dag.py for tasks to queue
[2025-12-06T04:33:02.926+0500] {logging_mixin.py:188} INFO - [2025-12-06T04:33:02.926+0500] {dagbag.py:545} INFO - Filling up the DagBag from /Users/symbat/airflow_local/.venv/lib/python3.11/site-packages/airflow/example_dags/example_trigger_target_dag.py
[2025-12-06T04:33:02.943+0500] {processor.py:840} INFO - DAG(s) 'example_trigger_target_dag' retrieved from /Users/symbat/airflow_local/.venv/lib/python3.11/site-packages/airflow/example_dags/example_trigger_target_dag.py
[2025-12-06T04:33:02.984+0500] {logging_mixin.py:188} INFO - [2025-12-06T04:33:02.984+0500] {dag.py:3089} INFO - Sync 1 DAGs
[2025-12-06T04:33:02.988+0500] {logging_mixin.py:188} INFO - [2025-12-06T04:33:02.988+0500] {dag.py:3947} INFO - Setting next_dagrun for example_trigger_target_dag to None, run_after=None
[2025-12-06T04:33:02.998+0500] {processor.py:183} INFO - Processing /Users/symbat/airflow_local/.venv/lib/python3.11/site-packages/airflow/example_dags/example_trigger_target_dag.py took 0.074 seconds
[2025-12-06T04:35:07.905+0500] {processor.py:161} INFO - Started process (PID=84270) to work on /Users/symbat/airflow_local/.venv/lib/python3.11/site-packages/airflow/example_dags/example_trigger_target_dag.py
[2025-12-06T04:35:07.906+0500] {processor.py:830} INFO - Processing file /Users/symbat/airflow_local/.venv/lib/python3.11/site-packages/airflow/example_dags/example_trigger_target_dag.py for tasks to queue
[2025-12-06T04:35:07.906+0500] {logging_mixin.py:188} INFO - [2025-12-06T04:35:07.906+0500] {dagbag.py:545} INFO - Filling up the DagBag from /Users/symbat/airflow_local/.venv/lib/python3.11/site-packages/airflow/example_dags/example_trigger_target_dag.py
[2025-12-06T04:35:07.928+0500] {processor.py:840} INFO - DAG(s) 'example_trigger_target_dag' retrieved from /Users/symbat/airflow_local/.venv/lib/python3.11/site-packages/airflow/example_dags/example_trigger_target_dag.py
[2025-12-06T04:35:07.973+0500] {logging_mixin.py:188} INFO - [2025-12-06T04:35:07.973+0500] {dag.py:3089} INFO - Sync 1 DAGs
[2025-12-06T04:35:07.978+0500] {logging_mixin.py:188} INFO - [2025-12-06T04:35:07.978+0500] {dag.py:3947} INFO - Setting next_dagrun for example_trigger_target_dag to None, run_after=None
[2025-12-06T04:35:07.989+0500] {processor.py:183} INFO - Processing /Users/symbat/airflow_local/.venv/lib/python3.11/site-packages/airflow/example_dags/example_trigger_target_dag.py took 0.086 seconds
[2025-12-06T04:40:28.932+0500] {processor.py:161} INFO - Started process (PID=85511) to work on /Users/symbat/airflow_local/.venv/lib/python3.11/site-packages/airflow/example_dags/example_trigger_target_dag.py
[2025-12-06T04:40:28.933+0500] {processor.py:830} INFO - Processing file /Users/symbat/airflow_local/.venv/lib/python3.11/site-packages/airflow/example_dags/example_trigger_target_dag.py for tasks to queue
[2025-12-06T04:40:28.933+0500] {logging_mixin.py:188} INFO - [2025-12-06T04:40:28.933+0500] {dagbag.py:545} INFO - Filling up the DagBag from /Users/symbat/airflow_local/.venv/lib/python3.11/site-packages/airflow/example_dags/example_trigger_target_dag.py
[2025-12-06T04:40:28.957+0500] {processor.py:840} INFO - DAG(s) 'example_trigger_target_dag' retrieved from /Users/symbat/airflow_local/.venv/lib/python3.11/site-packages/airflow/example_dags/example_trigger_target_dag.py
[2025-12-06T04:40:28.998+0500] {logging_mixin.py:188} INFO - [2025-12-06T04:40:28.998+0500] {dag.py:3089} INFO - Sync 1 DAGs
[2025-12-06T04:40:29.002+0500] {logging_mixin.py:188} INFO - [2025-12-06T04:40:29.002+0500] {dag.py:3947} INFO - Setting next_dagrun for example_trigger_target_dag to None, run_after=None
[2025-12-06T04:40:29.011+0500] {processor.py:183} INFO - Processing /Users/symbat/airflow_local/.venv/lib/python3.11/site-packages/airflow/example_dags/example_trigger_target_dag.py took 0.080 seconds
[2025-12-06T04:43:04.762+0500] {processor.py:161} INFO - Started process (PID=85658) to work on /Users/symbat/airflow_local/.venv/lib/python3.11/site-packages/airflow/example_dags/example_trigger_target_dag.py
[2025-12-06T04:43:04.763+0500] {processor.py:830} INFO - Processing file /Users/symbat/airflow_local/.venv/lib/python3.11/site-packages/airflow/example_dags/example_trigger_target_dag.py for tasks to queue
[2025-12-06T04:43:04.763+0500] {logging_mixin.py:188} INFO - [2025-12-06T04:43:04.763+0500] {dagbag.py:545} INFO - Filling up the DagBag from /Users/symbat/airflow_local/.venv/lib/python3.11/site-packages/airflow/example_dags/example_trigger_target_dag.py
[2025-12-06T04:43:04.784+0500] {processor.py:840} INFO - DAG(s) 'example_trigger_target_dag' retrieved from /Users/symbat/airflow_local/.venv/lib/python3.11/site-packages/airflow/example_dags/example_trigger_target_dag.py
[2025-12-06T04:43:04.832+0500] {logging_mixin.py:188} INFO - [2025-12-06T04:43:04.832+0500] {dag.py:3089} INFO - Sync 1 DAGs
[2025-12-06T04:43:04.838+0500] {logging_mixin.py:188} INFO - [2025-12-06T04:43:04.837+0500] {dag.py:3947} INFO - Setting next_dagrun for example_trigger_target_dag to None, run_after=None
[2025-12-06T04:43:04.848+0500] {processor.py:183} INFO - Processing /Users/symbat/airflow_local/.venv/lib/python3.11/site-packages/airflow/example_dags/example_trigger_target_dag.py took 0.088 seconds
[2025-12-06T04:45:30.220+0500] {processor.py:161} INFO - Started process (PID=85811) to work on /Users/symbat/airflow_local/.venv/lib/python3.11/site-packages/airflow/example_dags/example_trigger_target_dag.py
[2025-12-06T04:45:30.220+0500] {processor.py:830} INFO - Processing file /Users/symbat/airflow_local/.venv/lib/python3.11/site-packages/airflow/example_dags/example_trigger_target_dag.py for tasks to queue
[2025-12-06T04:45:30.221+0500] {logging_mixin.py:188} INFO - [2025-12-06T04:45:30.220+0500] {dagbag.py:545} INFO - Filling up the DagBag from /Users/symbat/airflow_local/.venv/lib/python3.11/site-packages/airflow/example_dags/example_trigger_target_dag.py
[2025-12-06T04:45:30.237+0500] {processor.py:840} INFO - DAG(s) 'example_trigger_target_dag' retrieved from /Users/symbat/airflow_local/.venv/lib/python3.11/site-packages/airflow/example_dags/example_trigger_target_dag.py
[2025-12-06T04:45:30.277+0500] {logging_mixin.py:188} INFO - [2025-12-06T04:45:30.277+0500] {dag.py:3089} INFO - Sync 1 DAGs
[2025-12-06T04:45:30.281+0500] {logging_mixin.py:188} INFO - [2025-12-06T04:45:30.281+0500] {dag.py:3947} INFO - Setting next_dagrun for example_trigger_target_dag to None, run_after=None
[2025-12-06T04:45:30.291+0500] {processor.py:183} INFO - Processing /Users/symbat/airflow_local/.venv/lib/python3.11/site-packages/airflow/example_dags/example_trigger_target_dag.py took 0.073 seconds
[2025-12-06T04:47:59.259+0500] {processor.py:161} INFO - Started process (PID=85916) to work on /Users/symbat/airflow_local/.venv/lib/python3.11/site-packages/airflow/example_dags/example_trigger_target_dag.py
[2025-12-06T04:47:59.260+0500] {processor.py:830} INFO - Processing file /Users/symbat/airflow_local/.venv/lib/python3.11/site-packages/airflow/example_dags/example_trigger_target_dag.py for tasks to queue
[2025-12-06T04:47:59.261+0500] {logging_mixin.py:188} INFO - [2025-12-06T04:47:59.260+0500] {dagbag.py:545} INFO - Filling up the DagBag from /Users/symbat/airflow_local/.venv/lib/python3.11/site-packages/airflow/example_dags/example_trigger_target_dag.py
[2025-12-06T04:47:59.287+0500] {processor.py:840} INFO - DAG(s) 'example_trigger_target_dag' retrieved from /Users/symbat/airflow_local/.venv/lib/python3.11/site-packages/airflow/example_dags/example_trigger_target_dag.py
[2025-12-06T04:47:59.330+0500] {logging_mixin.py:188} INFO - [2025-12-06T04:47:59.330+0500] {dag.py:3089} INFO - Sync 1 DAGs
[2025-12-06T04:47:59.334+0500] {logging_mixin.py:188} INFO - [2025-12-06T04:47:59.334+0500] {dag.py:3947} INFO - Setting next_dagrun for example_trigger_target_dag to None, run_after=None
[2025-12-06T04:47:59.343+0500] {processor.py:183} INFO - Processing /Users/symbat/airflow_local/.venv/lib/python3.11/site-packages/airflow/example_dags/example_trigger_target_dag.py took 0.091 seconds
[2025-12-06T04:50:31.117+0500] {processor.py:161} INFO - Started process (PID=86411) to work on /Users/symbat/airflow_local/.venv/lib/python3.11/site-packages/airflow/example_dags/example_trigger_target_dag.py
[2025-12-06T04:50:31.118+0500] {processor.py:830} INFO - Processing file /Users/symbat/airflow_local/.venv/lib/python3.11/site-packages/airflow/example_dags/example_trigger_target_dag.py for tasks to queue
[2025-12-06T04:50:31.118+0500] {logging_mixin.py:188} INFO - [2025-12-06T04:50:31.118+0500] {dagbag.py:545} INFO - Filling up the DagBag from /Users/symbat/airflow_local/.venv/lib/python3.11/site-packages/airflow/example_dags/example_trigger_target_dag.py
[2025-12-06T04:50:31.141+0500] {processor.py:840} INFO - DAG(s) 'example_trigger_target_dag' retrieved from /Users/symbat/airflow_local/.venv/lib/python3.11/site-packages/airflow/example_dags/example_trigger_target_dag.py
[2025-12-06T04:50:31.199+0500] {logging_mixin.py:188} INFO - [2025-12-06T04:50:31.199+0500] {dag.py:3089} INFO - Sync 1 DAGs
[2025-12-06T04:50:31.204+0500] {logging_mixin.py:188} INFO - [2025-12-06T04:50:31.204+0500] {dag.py:3947} INFO - Setting next_dagrun for example_trigger_target_dag to None, run_after=None
[2025-12-06T04:50:31.213+0500] {processor.py:183} INFO - Processing /Users/symbat/airflow_local/.venv/lib/python3.11/site-packages/airflow/example_dags/example_trigger_target_dag.py took 0.098 seconds
[2025-12-06T04:53:00.864+0500] {processor.py:161} INFO - Started process (PID=86589) to work on /Users/symbat/airflow_local/.venv/lib/python3.11/site-packages/airflow/example_dags/example_trigger_target_dag.py
[2025-12-06T04:53:00.864+0500] {processor.py:830} INFO - Processing file /Users/symbat/airflow_local/.venv/lib/python3.11/site-packages/airflow/example_dags/example_trigger_target_dag.py for tasks to queue
[2025-12-06T04:53:00.865+0500] {logging_mixin.py:188} INFO - [2025-12-06T04:53:00.865+0500] {dagbag.py:545} INFO - Filling up the DagBag from /Users/symbat/airflow_local/.venv/lib/python3.11/site-packages/airflow/example_dags/example_trigger_target_dag.py
[2025-12-06T04:53:00.881+0500] {processor.py:840} INFO - DAG(s) 'example_trigger_target_dag' retrieved from /Users/symbat/airflow_local/.venv/lib/python3.11/site-packages/airflow/example_dags/example_trigger_target_dag.py
[2025-12-06T04:53:00.923+0500] {logging_mixin.py:188} INFO - [2025-12-06T04:53:00.923+0500] {dag.py:3089} INFO - Sync 1 DAGs
[2025-12-06T04:53:00.927+0500] {logging_mixin.py:188} INFO - [2025-12-06T04:53:00.927+0500] {dag.py:3947} INFO - Setting next_dagrun for example_trigger_target_dag to None, run_after=None
[2025-12-06T04:53:00.937+0500] {processor.py:183} INFO - Processing /Users/symbat/airflow_local/.venv/lib/python3.11/site-packages/airflow/example_dags/example_trigger_target_dag.py took 0.075 seconds
[2025-12-06T04:55:40.329+0500] {processor.py:161} INFO - Started process (PID=87441) to work on /Users/symbat/airflow_local/.venv/lib/python3.11/site-packages/airflow/example_dags/example_trigger_target_dag.py
[2025-12-06T04:55:40.330+0500] {processor.py:830} INFO - Processing file /Users/symbat/airflow_local/.venv/lib/python3.11/site-packages/airflow/example_dags/example_trigger_target_dag.py for tasks to queue
[2025-12-06T04:55:40.330+0500] {logging_mixin.py:188} INFO - [2025-12-06T04:55:40.330+0500] {dagbag.py:545} INFO - Filling up the DagBag from /Users/symbat/airflow_local/.venv/lib/python3.11/site-packages/airflow/example_dags/example_trigger_target_dag.py
[2025-12-06T04:55:40.351+0500] {processor.py:840} INFO - DAG(s) 'example_trigger_target_dag' retrieved from /Users/symbat/airflow_local/.venv/lib/python3.11/site-packages/airflow/example_dags/example_trigger_target_dag.py
[2025-12-06T04:55:40.404+0500] {logging_mixin.py:188} INFO - [2025-12-06T04:55:40.404+0500] {dag.py:3089} INFO - Sync 1 DAGs
[2025-12-06T04:55:40.409+0500] {logging_mixin.py:188} INFO - [2025-12-06T04:55:40.409+0500] {dag.py:3947} INFO - Setting next_dagrun for example_trigger_target_dag to None, run_after=None
[2025-12-06T04:55:40.420+0500] {processor.py:183} INFO - Processing /Users/symbat/airflow_local/.venv/lib/python3.11/site-packages/airflow/example_dags/example_trigger_target_dag.py took 0.092 seconds
[2025-12-06T04:58:04.352+0500] {processor.py:161} INFO - Started process (PID=87669) to work on /Users/symbat/airflow_local/.venv/lib/python3.11/site-packages/airflow/example_dags/example_trigger_target_dag.py
[2025-12-06T04:58:04.353+0500] {processor.py:830} INFO - Processing file /Users/symbat/airflow_local/.venv/lib/python3.11/site-packages/airflow/example_dags/example_trigger_target_dag.py for tasks to queue
[2025-12-06T04:58:04.353+0500] {logging_mixin.py:188} INFO - [2025-12-06T04:58:04.353+0500] {dagbag.py:545} INFO - Filling up the DagBag from /Users/symbat/airflow_local/.venv/lib/python3.11/site-packages/airflow/example_dags/example_trigger_target_dag.py
[2025-12-06T04:58:04.369+0500] {processor.py:840} INFO - DAG(s) 'example_trigger_target_dag' retrieved from /Users/symbat/airflow_local/.venv/lib/python3.11/site-packages/airflow/example_dags/example_trigger_target_dag.py
[2025-12-06T04:58:04.412+0500] {logging_mixin.py:188} INFO - [2025-12-06T04:58:04.412+0500] {dag.py:3089} INFO - Sync 1 DAGs
[2025-12-06T04:58:04.416+0500] {logging_mixin.py:188} INFO - [2025-12-06T04:58:04.416+0500] {dag.py:3947} INFO - Setting next_dagrun for example_trigger_target_dag to None, run_after=None
[2025-12-06T04:58:04.425+0500] {processor.py:183} INFO - Processing /Users/symbat/airflow_local/.venv/lib/python3.11/site-packages/airflow/example_dags/example_trigger_target_dag.py took 0.075 seconds
