[2025-12-06T03:05:12.489+0500] {processor.py:161} INFO - Started process (PID=76824) to work on /Users/symbat/airflow_local/.venv/lib/python3.11/site-packages/airflow/example_dags/example_subdag_operator.py
[2025-12-06T03:05:12.490+0500] {processor.py:830} INFO - Processing file /Users/symbat/airflow_local/.venv/lib/python3.11/site-packages/airflow/example_dags/example_subdag_operator.py for tasks to queue
[2025-12-06T03:05:12.491+0500] {logging_mixin.py:188} INFO - [2025-12-06T03:05:12.491+0500] {dagbag.py:545} INFO - Filling up the DagBag from /Users/symbat/airflow_local/.venv/lib/python3.11/site-packages/airflow/example_dags/example_subdag_operator.py
[2025-12-06T03:05:12.576+0500] {processor.py:840} INFO - DAG(s) 'example_subdag_operator.section-1', 'example_subdag_operator.section-2', 'example_subdag_operator' retrieved from /Users/symbat/airflow_local/.venv/lib/python3.11/site-packages/airflow/example_dags/example_subdag_operator.py
[2025-12-06T03:05:12.667+0500] {logging_mixin.py:188} INFO - [2025-12-06T03:05:12.667+0500] {dag.py:3089} INFO - Sync 3 DAGs
[2025-12-06T03:05:12.717+0500] {logging_mixin.py:188} INFO - [2025-12-06T03:05:12.717+0500] {dag.py:3947} INFO - Setting next_dagrun for example_subdag_operator to 2022-01-01 00:00:00+00:00, run_after=2022-01-01 00:00:00+00:00
[2025-12-06T03:05:12.718+0500] {logging_mixin.py:188} INFO - [2025-12-06T03:05:12.718+0500] {dag.py:3947} INFO - Setting next_dagrun for example_subdag_operator.section-1 to None, run_after=None
[2025-12-06T03:05:12.719+0500] {logging_mixin.py:188} INFO - [2025-12-06T03:05:12.719+0500] {dag.py:3947} INFO - Setting next_dagrun for example_subdag_operator.section-2 to None, run_after=None
[2025-12-06T03:05:12.724+0500] {logging_mixin.py:188} INFO - [2025-12-06T03:05:12.723+0500] {dag.py:3089} INFO - Sync 2 DAGs
[2025-12-06T03:05:12.726+0500] {logging_mixin.py:188} INFO - [2025-12-06T03:05:12.726+0500] {dag.py:3947} INFO - Setting next_dagrun for example_subdag_operator.section-1 to None, run_after=None
[2025-12-06T03:05:12.726+0500] {logging_mixin.py:188} INFO - [2025-12-06T03:05:12.726+0500] {dag.py:3947} INFO - Setting next_dagrun for example_subdag_operator.section-2 to None, run_after=None
[2025-12-06T03:05:12.733+0500] {processor.py:183} INFO - Processing /Users/symbat/airflow_local/.venv/lib/python3.11/site-packages/airflow/example_dags/example_subdag_operator.py took 0.250 seconds
[2025-12-06T03:09:36.451+0500] {processor.py:161} INFO - Started process (PID=77642) to work on /Users/symbat/airflow_local/.venv/lib/python3.11/site-packages/airflow/example_dags/example_subdag_operator.py
[2025-12-06T03:09:36.456+0500] {processor.py:830} INFO - Processing file /Users/symbat/airflow_local/.venv/lib/python3.11/site-packages/airflow/example_dags/example_subdag_operator.py for tasks to queue
[2025-12-06T03:09:36.458+0500] {logging_mixin.py:188} INFO - [2025-12-06T03:09:36.457+0500] {dagbag.py:545} INFO - Filling up the DagBag from /Users/symbat/airflow_local/.venv/lib/python3.11/site-packages/airflow/example_dags/example_subdag_operator.py
[2025-12-06T03:09:36.513+0500] {processor.py:840} INFO - DAG(s) 'example_subdag_operator.section-1', 'example_subdag_operator.section-2', 'example_subdag_operator' retrieved from /Users/symbat/airflow_local/.venv/lib/python3.11/site-packages/airflow/example_dags/example_subdag_operator.py
[2025-12-06T03:09:36.573+0500] {logging_mixin.py:188} INFO - [2025-12-06T03:09:36.572+0500] {dag.py:3089} INFO - Sync 3 DAGs
[2025-12-06T03:09:36.645+0500] {logging_mixin.py:188} INFO - [2025-12-06T03:09:36.644+0500] {dag.py:3947} INFO - Setting next_dagrun for example_subdag_operator to 2022-01-01 00:00:00+00:00, run_after=2022-01-01 00:00:00+00:00
[2025-12-06T03:09:36.647+0500] {logging_mixin.py:188} INFO - [2025-12-06T03:09:36.647+0500] {dag.py:3947} INFO - Setting next_dagrun for example_subdag_operator.section-1 to None, run_after=None
[2025-12-06T03:09:36.648+0500] {logging_mixin.py:188} INFO - [2025-12-06T03:09:36.648+0500] {dag.py:3947} INFO - Setting next_dagrun for example_subdag_operator.section-2 to None, run_after=None
[2025-12-06T03:09:36.652+0500] {logging_mixin.py:188} INFO - [2025-12-06T03:09:36.652+0500] {dag.py:3089} INFO - Sync 2 DAGs
[2025-12-06T03:09:36.654+0500] {logging_mixin.py:188} INFO - [2025-12-06T03:09:36.654+0500] {dag.py:3947} INFO - Setting next_dagrun for example_subdag_operator.section-1 to None, run_after=None
[2025-12-06T03:09:36.655+0500] {logging_mixin.py:188} INFO - [2025-12-06T03:09:36.654+0500] {dag.py:3947} INFO - Setting next_dagrun for example_subdag_operator.section-2 to None, run_after=None
[2025-12-06T03:09:36.662+0500] {processor.py:183} INFO - Processing /Users/symbat/airflow_local/.venv/lib/python3.11/site-packages/airflow/example_dags/example_subdag_operator.py took 0.219 seconds
[2025-12-06T04:30:23.818+0500] {processor.py:161} INFO - Started process (PID=83806) to work on /Users/symbat/airflow_local/.venv/lib/python3.11/site-packages/airflow/example_dags/example_subdag_operator.py
[2025-12-06T04:30:23.820+0500] {processor.py:830} INFO - Processing file /Users/symbat/airflow_local/.venv/lib/python3.11/site-packages/airflow/example_dags/example_subdag_operator.py for tasks to queue
[2025-12-06T04:30:23.820+0500] {logging_mixin.py:188} INFO - [2025-12-06T04:30:23.820+0500] {dagbag.py:545} INFO - Filling up the DagBag from /Users/symbat/airflow_local/.venv/lib/python3.11/site-packages/airflow/example_dags/example_subdag_operator.py
[2025-12-06T04:30:23.873+0500] {processor.py:840} INFO - DAG(s) 'example_subdag_operator.section-1', 'example_subdag_operator.section-2', 'example_subdag_operator' retrieved from /Users/symbat/airflow_local/.venv/lib/python3.11/site-packages/airflow/example_dags/example_subdag_operator.py
[2025-12-06T04:30:23.930+0500] {logging_mixin.py:188} INFO - [2025-12-06T04:30:23.930+0500] {dag.py:3089} INFO - Sync 3 DAGs
[2025-12-06T04:30:23.976+0500] {logging_mixin.py:188} INFO - [2025-12-06T04:30:23.976+0500] {dag.py:3947} INFO - Setting next_dagrun for example_subdag_operator to 2022-01-01 00:00:00+00:00, run_after=2022-01-01 00:00:00+00:00
[2025-12-06T04:30:23.977+0500] {logging_mixin.py:188} INFO - [2025-12-06T04:30:23.977+0500] {dag.py:3947} INFO - Setting next_dagrun for example_subdag_operator.section-1 to None, run_after=None
[2025-12-06T04:30:23.977+0500] {logging_mixin.py:188} INFO - [2025-12-06T04:30:23.977+0500] {dag.py:3947} INFO - Setting next_dagrun for example_subdag_operator.section-2 to None, run_after=None
[2025-12-06T04:30:23.980+0500] {logging_mixin.py:188} INFO - [2025-12-06T04:30:23.980+0500] {dag.py:3089} INFO - Sync 2 DAGs
[2025-12-06T04:30:23.982+0500] {logging_mixin.py:188} INFO - [2025-12-06T04:30:23.982+0500] {dag.py:3947} INFO - Setting next_dagrun for example_subdag_operator.section-1 to None, run_after=None
[2025-12-06T04:30:23.982+0500] {logging_mixin.py:188} INFO - [2025-12-06T04:30:23.982+0500] {dag.py:3947} INFO - Setting next_dagrun for example_subdag_operator.section-2 to None, run_after=None
[2025-12-06T04:30:23.988+0500] {processor.py:183} INFO - Processing /Users/symbat/airflow_local/.venv/lib/python3.11/site-packages/airflow/example_dags/example_subdag_operator.py took 0.171 seconds
[2025-12-06T04:33:14.159+0500] {processor.py:161} INFO - Started process (PID=84083) to work on /Users/symbat/airflow_local/.venv/lib/python3.11/site-packages/airflow/example_dags/example_subdag_operator.py
[2025-12-06T04:33:14.160+0500] {processor.py:830} INFO - Processing file /Users/symbat/airflow_local/.venv/lib/python3.11/site-packages/airflow/example_dags/example_subdag_operator.py for tasks to queue
[2025-12-06T04:33:14.161+0500] {logging_mixin.py:188} INFO - [2025-12-06T04:33:14.160+0500] {dagbag.py:545} INFO - Filling up the DagBag from /Users/symbat/airflow_local/.venv/lib/python3.11/site-packages/airflow/example_dags/example_subdag_operator.py
[2025-12-06T04:33:14.202+0500] {processor.py:840} INFO - DAG(s) 'example_subdag_operator.section-1', 'example_subdag_operator.section-2', 'example_subdag_operator' retrieved from /Users/symbat/airflow_local/.venv/lib/python3.11/site-packages/airflow/example_dags/example_subdag_operator.py
[2025-12-06T04:33:14.217+0500] {logging_mixin.py:188} INFO - [2025-12-06T04:33:14.217+0500] {dag.py:3089} INFO - Sync 3 DAGs
[2025-12-06T04:33:14.224+0500] {logging_mixin.py:188} INFO - [2025-12-06T04:33:14.224+0500] {dag.py:3947} INFO - Setting next_dagrun for example_subdag_operator to 2022-01-01 00:00:00+00:00, run_after=2022-01-01 00:00:00+00:00
[2025-12-06T04:33:14.225+0500] {logging_mixin.py:188} INFO - [2025-12-06T04:33:14.225+0500] {dag.py:3947} INFO - Setting next_dagrun for example_subdag_operator.section-1 to None, run_after=None
[2025-12-06T04:33:14.226+0500] {logging_mixin.py:188} INFO - [2025-12-06T04:33:14.225+0500] {dag.py:3947} INFO - Setting next_dagrun for example_subdag_operator.section-2 to None, run_after=None
[2025-12-06T04:33:14.229+0500] {logging_mixin.py:188} INFO - [2025-12-06T04:33:14.229+0500] {dag.py:3089} INFO - Sync 2 DAGs
[2025-12-06T04:33:14.230+0500] {logging_mixin.py:188} INFO - [2025-12-06T04:33:14.230+0500] {dag.py:3947} INFO - Setting next_dagrun for example_subdag_operator.section-1 to None, run_after=None
[2025-12-06T04:33:14.230+0500] {logging_mixin.py:188} INFO - [2025-12-06T04:33:14.230+0500] {dag.py:3947} INFO - Setting next_dagrun for example_subdag_operator.section-2 to None, run_after=None
[2025-12-06T04:33:14.236+0500] {processor.py:183} INFO - Processing /Users/symbat/airflow_local/.venv/lib/python3.11/site-packages/airflow/example_dags/example_subdag_operator.py took 0.079 seconds
[2025-12-06T04:35:24.948+0500] {processor.py:161} INFO - Started process (PID=84295) to work on /Users/symbat/airflow_local/.venv/lib/python3.11/site-packages/airflow/example_dags/example_subdag_operator.py
[2025-12-06T04:35:24.950+0500] {processor.py:830} INFO - Processing file /Users/symbat/airflow_local/.venv/lib/python3.11/site-packages/airflow/example_dags/example_subdag_operator.py for tasks to queue
[2025-12-06T04:35:24.950+0500] {logging_mixin.py:188} INFO - [2025-12-06T04:35:24.950+0500] {dagbag.py:545} INFO - Filling up the DagBag from /Users/symbat/airflow_local/.venv/lib/python3.11/site-packages/airflow/example_dags/example_subdag_operator.py
[2025-12-06T04:35:25.022+0500] {processor.py:840} INFO - DAG(s) 'example_subdag_operator.section-1', 'example_subdag_operator.section-2', 'example_subdag_operator' retrieved from /Users/symbat/airflow_local/.venv/lib/python3.11/site-packages/airflow/example_dags/example_subdag_operator.py
[2025-12-06T04:35:25.045+0500] {logging_mixin.py:188} INFO - [2025-12-06T04:35:25.045+0500] {dag.py:3089} INFO - Sync 3 DAGs
[2025-12-06T04:35:25.058+0500] {logging_mixin.py:188} INFO - [2025-12-06T04:35:25.057+0500] {dag.py:3947} INFO - Setting next_dagrun for example_subdag_operator to 2022-01-01 00:00:00+00:00, run_after=2022-01-01 00:00:00+00:00
[2025-12-06T04:35:25.059+0500] {logging_mixin.py:188} INFO - [2025-12-06T04:35:25.059+0500] {dag.py:3947} INFO - Setting next_dagrun for example_subdag_operator.section-1 to None, run_after=None
[2025-12-06T04:35:25.060+0500] {logging_mixin.py:188} INFO - [2025-12-06T04:35:25.060+0500] {dag.py:3947} INFO - Setting next_dagrun for example_subdag_operator.section-2 to None, run_after=None
[2025-12-06T04:35:25.066+0500] {logging_mixin.py:188} INFO - [2025-12-06T04:35:25.066+0500] {dag.py:3089} INFO - Sync 2 DAGs
[2025-12-06T04:35:25.070+0500] {logging_mixin.py:188} INFO - [2025-12-06T04:35:25.070+0500] {dag.py:3947} INFO - Setting next_dagrun for example_subdag_operator.section-1 to None, run_after=None
[2025-12-06T04:35:25.071+0500] {logging_mixin.py:188} INFO - [2025-12-06T04:35:25.070+0500] {dag.py:3947} INFO - Setting next_dagrun for example_subdag_operator.section-2 to None, run_after=None
[2025-12-06T04:35:25.079+0500] {processor.py:183} INFO - Processing /Users/symbat/airflow_local/.venv/lib/python3.11/site-packages/airflow/example_dags/example_subdag_operator.py took 0.134 seconds
[2025-12-06T04:40:43.047+0500] {processor.py:161} INFO - Started process (PID=85525) to work on /Users/symbat/airflow_local/.venv/lib/python3.11/site-packages/airflow/example_dags/example_subdag_operator.py
[2025-12-06T04:40:43.049+0500] {processor.py:830} INFO - Processing file /Users/symbat/airflow_local/.venv/lib/python3.11/site-packages/airflow/example_dags/example_subdag_operator.py for tasks to queue
[2025-12-06T04:40:43.050+0500] {logging_mixin.py:188} INFO - [2025-12-06T04:40:43.049+0500] {dagbag.py:545} INFO - Filling up the DagBag from /Users/symbat/airflow_local/.venv/lib/python3.11/site-packages/airflow/example_dags/example_subdag_operator.py
[2025-12-06T04:40:43.096+0500] {processor.py:840} INFO - DAG(s) 'example_subdag_operator.section-1', 'example_subdag_operator.section-2', 'example_subdag_operator' retrieved from /Users/symbat/airflow_local/.venv/lib/python3.11/site-packages/airflow/example_dags/example_subdag_operator.py
[2025-12-06T04:40:43.113+0500] {logging_mixin.py:188} INFO - [2025-12-06T04:40:43.113+0500] {dag.py:3089} INFO - Sync 3 DAGs
[2025-12-06T04:40:43.124+0500] {logging_mixin.py:188} INFO - [2025-12-06T04:40:43.124+0500] {dag.py:3947} INFO - Setting next_dagrun for example_subdag_operator to 2022-01-01 00:00:00+00:00, run_after=2022-01-01 00:00:00+00:00
[2025-12-06T04:40:43.126+0500] {logging_mixin.py:188} INFO - [2025-12-06T04:40:43.126+0500] {dag.py:3947} INFO - Setting next_dagrun for example_subdag_operator.section-1 to None, run_after=None
[2025-12-06T04:40:43.126+0500] {logging_mixin.py:188} INFO - [2025-12-06T04:40:43.126+0500] {dag.py:3947} INFO - Setting next_dagrun for example_subdag_operator.section-2 to None, run_after=None
[2025-12-06T04:40:43.129+0500] {logging_mixin.py:188} INFO - [2025-12-06T04:40:43.129+0500] {dag.py:3089} INFO - Sync 2 DAGs
[2025-12-06T04:40:43.132+0500] {logging_mixin.py:188} INFO - [2025-12-06T04:40:43.132+0500] {dag.py:3947} INFO - Setting next_dagrun for example_subdag_operator.section-1 to None, run_after=None
[2025-12-06T04:40:43.132+0500] {logging_mixin.py:188} INFO - [2025-12-06T04:40:43.132+0500] {dag.py:3947} INFO - Setting next_dagrun for example_subdag_operator.section-2 to None, run_after=None
[2025-12-06T04:40:43.140+0500] {processor.py:183} INFO - Processing /Users/symbat/airflow_local/.venv/lib/python3.11/site-packages/airflow/example_dags/example_subdag_operator.py took 0.096 seconds
[2025-12-06T04:43:21.341+0500] {processor.py:161} INFO - Started process (PID=85691) to work on /Users/symbat/airflow_local/.venv/lib/python3.11/site-packages/airflow/example_dags/example_subdag_operator.py
[2025-12-06T04:43:21.344+0500] {processor.py:830} INFO - Processing file /Users/symbat/airflow_local/.venv/lib/python3.11/site-packages/airflow/example_dags/example_subdag_operator.py for tasks to queue
[2025-12-06T04:43:21.345+0500] {logging_mixin.py:188} INFO - [2025-12-06T04:43:21.345+0500] {dagbag.py:545} INFO - Filling up the DagBag from /Users/symbat/airflow_local/.venv/lib/python3.11/site-packages/airflow/example_dags/example_subdag_operator.py
[2025-12-06T04:43:21.411+0500] {processor.py:840} INFO - DAG(s) 'example_subdag_operator.section-1', 'example_subdag_operator.section-2', 'example_subdag_operator' retrieved from /Users/symbat/airflow_local/.venv/lib/python3.11/site-packages/airflow/example_dags/example_subdag_operator.py
[2025-12-06T04:43:21.440+0500] {logging_mixin.py:188} INFO - [2025-12-06T04:43:21.440+0500] {dag.py:3089} INFO - Sync 3 DAGs
[2025-12-06T04:43:21.450+0500] {logging_mixin.py:188} INFO - [2025-12-06T04:43:21.450+0500] {dag.py:3947} INFO - Setting next_dagrun for example_subdag_operator to 2022-01-01 00:00:00+00:00, run_after=2022-01-01 00:00:00+00:00
[2025-12-06T04:43:21.451+0500] {logging_mixin.py:188} INFO - [2025-12-06T04:43:21.451+0500] {dag.py:3947} INFO - Setting next_dagrun for example_subdag_operator.section-1 to None, run_after=None
[2025-12-06T04:43:21.452+0500] {logging_mixin.py:188} INFO - [2025-12-06T04:43:21.452+0500] {dag.py:3947} INFO - Setting next_dagrun for example_subdag_operator.section-2 to None, run_after=None
[2025-12-06T04:43:21.455+0500] {logging_mixin.py:188} INFO - [2025-12-06T04:43:21.455+0500] {dag.py:3089} INFO - Sync 2 DAGs
[2025-12-06T04:43:21.457+0500] {logging_mixin.py:188} INFO - [2025-12-06T04:43:21.457+0500] {dag.py:3947} INFO - Setting next_dagrun for example_subdag_operator.section-1 to None, run_after=None
[2025-12-06T04:43:21.457+0500] {logging_mixin.py:188} INFO - [2025-12-06T04:43:21.457+0500] {dag.py:3947} INFO - Setting next_dagrun for example_subdag_operator.section-2 to None, run_after=None
[2025-12-06T04:43:21.471+0500] {processor.py:183} INFO - Processing /Users/symbat/airflow_local/.venv/lib/python3.11/site-packages/airflow/example_dags/example_subdag_operator.py took 0.133 seconds
[2025-12-06T04:45:43.242+0500] {processor.py:161} INFO - Started process (PID=85821) to work on /Users/symbat/airflow_local/.venv/lib/python3.11/site-packages/airflow/example_dags/example_subdag_operator.py
[2025-12-06T04:45:43.243+0500] {processor.py:830} INFO - Processing file /Users/symbat/airflow_local/.venv/lib/python3.11/site-packages/airflow/example_dags/example_subdag_operator.py for tasks to queue
[2025-12-06T04:45:43.243+0500] {logging_mixin.py:188} INFO - [2025-12-06T04:45:43.243+0500] {dagbag.py:545} INFO - Filling up the DagBag from /Users/symbat/airflow_local/.venv/lib/python3.11/site-packages/airflow/example_dags/example_subdag_operator.py
[2025-12-06T04:45:43.284+0500] {processor.py:840} INFO - DAG(s) 'example_subdag_operator.section-1', 'example_subdag_operator.section-2', 'example_subdag_operator' retrieved from /Users/symbat/airflow_local/.venv/lib/python3.11/site-packages/airflow/example_dags/example_subdag_operator.py
[2025-12-06T04:45:43.299+0500] {logging_mixin.py:188} INFO - [2025-12-06T04:45:43.299+0500] {dag.py:3089} INFO - Sync 3 DAGs
[2025-12-06T04:45:43.306+0500] {logging_mixin.py:188} INFO - [2025-12-06T04:45:43.306+0500] {dag.py:3947} INFO - Setting next_dagrun for example_subdag_operator to 2022-01-01 00:00:00+00:00, run_after=2022-01-01 00:00:00+00:00
[2025-12-06T04:45:43.307+0500] {logging_mixin.py:188} INFO - [2025-12-06T04:45:43.307+0500] {dag.py:3947} INFO - Setting next_dagrun for example_subdag_operator.section-1 to None, run_after=None
[2025-12-06T04:45:43.307+0500] {logging_mixin.py:188} INFO - [2025-12-06T04:45:43.307+0500] {dag.py:3947} INFO - Setting next_dagrun for example_subdag_operator.section-2 to None, run_after=None
[2025-12-06T04:45:43.310+0500] {logging_mixin.py:188} INFO - [2025-12-06T04:45:43.310+0500] {dag.py:3089} INFO - Sync 2 DAGs
[2025-12-06T04:45:43.311+0500] {logging_mixin.py:188} INFO - [2025-12-06T04:45:43.311+0500] {dag.py:3947} INFO - Setting next_dagrun for example_subdag_operator.section-1 to None, run_after=None
[2025-12-06T04:45:43.311+0500] {logging_mixin.py:188} INFO - [2025-12-06T04:45:43.311+0500] {dag.py:3947} INFO - Setting next_dagrun for example_subdag_operator.section-2 to None, run_after=None
[2025-12-06T04:45:43.317+0500] {processor.py:183} INFO - Processing /Users/symbat/airflow_local/.venv/lib/python3.11/site-packages/airflow/example_dags/example_subdag_operator.py took 0.077 seconds
[2025-12-06T04:48:10.273+0500] {processor.py:161} INFO - Started process (PID=85933) to work on /Users/symbat/airflow_local/.venv/lib/python3.11/site-packages/airflow/example_dags/example_subdag_operator.py
[2025-12-06T04:48:10.273+0500] {processor.py:830} INFO - Processing file /Users/symbat/airflow_local/.venv/lib/python3.11/site-packages/airflow/example_dags/example_subdag_operator.py for tasks to queue
[2025-12-06T04:48:10.274+0500] {logging_mixin.py:188} INFO - [2025-12-06T04:48:10.274+0500] {dagbag.py:545} INFO - Filling up the DagBag from /Users/symbat/airflow_local/.venv/lib/python3.11/site-packages/airflow/example_dags/example_subdag_operator.py
[2025-12-06T04:48:10.314+0500] {processor.py:840} INFO - DAG(s) 'example_subdag_operator.section-1', 'example_subdag_operator.section-2', 'example_subdag_operator' retrieved from /Users/symbat/airflow_local/.venv/lib/python3.11/site-packages/airflow/example_dags/example_subdag_operator.py
[2025-12-06T04:48:10.329+0500] {logging_mixin.py:188} INFO - [2025-12-06T04:48:10.329+0500] {dag.py:3089} INFO - Sync 3 DAGs
[2025-12-06T04:48:10.336+0500] {logging_mixin.py:188} INFO - [2025-12-06T04:48:10.336+0500] {dag.py:3947} INFO - Setting next_dagrun for example_subdag_operator to 2022-01-01 00:00:00+00:00, run_after=2022-01-01 00:00:00+00:00
[2025-12-06T04:48:10.338+0500] {logging_mixin.py:188} INFO - [2025-12-06T04:48:10.338+0500] {dag.py:3947} INFO - Setting next_dagrun for example_subdag_operator.section-1 to None, run_after=None
[2025-12-06T04:48:10.338+0500] {logging_mixin.py:188} INFO - [2025-12-06T04:48:10.338+0500] {dag.py:3947} INFO - Setting next_dagrun for example_subdag_operator.section-2 to None, run_after=None
[2025-12-06T04:48:10.340+0500] {logging_mixin.py:188} INFO - [2025-12-06T04:48:10.340+0500] {dag.py:3089} INFO - Sync 2 DAGs
[2025-12-06T04:48:10.342+0500] {logging_mixin.py:188} INFO - [2025-12-06T04:48:10.342+0500] {dag.py:3947} INFO - Setting next_dagrun for example_subdag_operator.section-1 to None, run_after=None
[2025-12-06T04:48:10.342+0500] {logging_mixin.py:188} INFO - [2025-12-06T04:48:10.342+0500] {dag.py:3947} INFO - Setting next_dagrun for example_subdag_operator.section-2 to None, run_after=None
[2025-12-06T04:48:10.348+0500] {processor.py:183} INFO - Processing /Users/symbat/airflow_local/.venv/lib/python3.11/site-packages/airflow/example_dags/example_subdag_operator.py took 0.077 seconds
[2025-12-06T04:50:47.153+0500] {processor.py:161} INFO - Started process (PID=86427) to work on /Users/symbat/airflow_local/.venv/lib/python3.11/site-packages/airflow/example_dags/example_subdag_operator.py
[2025-12-06T04:50:47.155+0500] {processor.py:830} INFO - Processing file /Users/symbat/airflow_local/.venv/lib/python3.11/site-packages/airflow/example_dags/example_subdag_operator.py for tasks to queue
[2025-12-06T04:50:47.156+0500] {logging_mixin.py:188} INFO - [2025-12-06T04:50:47.155+0500] {dagbag.py:545} INFO - Filling up the DagBag from /Users/symbat/airflow_local/.venv/lib/python3.11/site-packages/airflow/example_dags/example_subdag_operator.py
[2025-12-06T04:50:47.227+0500] {processor.py:840} INFO - DAG(s) 'example_subdag_operator.section-1', 'example_subdag_operator.section-2', 'example_subdag_operator' retrieved from /Users/symbat/airflow_local/.venv/lib/python3.11/site-packages/airflow/example_dags/example_subdag_operator.py
[2025-12-06T04:50:47.252+0500] {logging_mixin.py:188} INFO - [2025-12-06T04:50:47.252+0500] {dag.py:3089} INFO - Sync 3 DAGs
[2025-12-06T04:50:47.261+0500] {logging_mixin.py:188} INFO - [2025-12-06T04:50:47.261+0500] {dag.py:3947} INFO - Setting next_dagrun for example_subdag_operator to 2022-01-01 00:00:00+00:00, run_after=2022-01-01 00:00:00+00:00
[2025-12-06T04:50:47.262+0500] {logging_mixin.py:188} INFO - [2025-12-06T04:50:47.262+0500] {dag.py:3947} INFO - Setting next_dagrun for example_subdag_operator.section-1 to None, run_after=None
[2025-12-06T04:50:47.262+0500] {logging_mixin.py:188} INFO - [2025-12-06T04:50:47.262+0500] {dag.py:3947} INFO - Setting next_dagrun for example_subdag_operator.section-2 to None, run_after=None
[2025-12-06T04:50:47.265+0500] {logging_mixin.py:188} INFO - [2025-12-06T04:50:47.265+0500] {dag.py:3089} INFO - Sync 2 DAGs
[2025-12-06T04:50:47.267+0500] {logging_mixin.py:188} INFO - [2025-12-06T04:50:47.267+0500] {dag.py:3947} INFO - Setting next_dagrun for example_subdag_operator.section-1 to None, run_after=None
[2025-12-06T04:50:47.267+0500] {logging_mixin.py:188} INFO - [2025-12-06T04:50:47.267+0500] {dag.py:3947} INFO - Setting next_dagrun for example_subdag_operator.section-2 to None, run_after=None
[2025-12-06T04:50:47.276+0500] {processor.py:183} INFO - Processing /Users/symbat/airflow_local/.venv/lib/python3.11/site-packages/airflow/example_dags/example_subdag_operator.py took 0.126 seconds
[2025-12-06T04:53:11.548+0500] {processor.py:161} INFO - Started process (PID=86617) to work on /Users/symbat/airflow_local/.venv/lib/python3.11/site-packages/airflow/example_dags/example_subdag_operator.py
[2025-12-06T04:53:11.548+0500] {processor.py:830} INFO - Processing file /Users/symbat/airflow_local/.venv/lib/python3.11/site-packages/airflow/example_dags/example_subdag_operator.py for tasks to queue
[2025-12-06T04:53:11.549+0500] {logging_mixin.py:188} INFO - [2025-12-06T04:53:11.549+0500] {dagbag.py:545} INFO - Filling up the DagBag from /Users/symbat/airflow_local/.venv/lib/python3.11/site-packages/airflow/example_dags/example_subdag_operator.py
[2025-12-06T04:53:11.590+0500] {processor.py:840} INFO - DAG(s) 'example_subdag_operator.section-1', 'example_subdag_operator.section-2', 'example_subdag_operator' retrieved from /Users/symbat/airflow_local/.venv/lib/python3.11/site-packages/airflow/example_dags/example_subdag_operator.py
[2025-12-06T04:53:11.605+0500] {logging_mixin.py:188} INFO - [2025-12-06T04:53:11.605+0500] {dag.py:3089} INFO - Sync 3 DAGs
[2025-12-06T04:53:11.612+0500] {logging_mixin.py:188} INFO - [2025-12-06T04:53:11.612+0500] {dag.py:3947} INFO - Setting next_dagrun for example_subdag_operator to 2022-01-01 00:00:00+00:00, run_after=2022-01-01 00:00:00+00:00
[2025-12-06T04:53:11.613+0500] {logging_mixin.py:188} INFO - [2025-12-06T04:53:11.613+0500] {dag.py:3947} INFO - Setting next_dagrun for example_subdag_operator.section-1 to None, run_after=None
[2025-12-06T04:53:11.614+0500] {logging_mixin.py:188} INFO - [2025-12-06T04:53:11.614+0500] {dag.py:3947} INFO - Setting next_dagrun for example_subdag_operator.section-2 to None, run_after=None
[2025-12-06T04:53:11.616+0500] {logging_mixin.py:188} INFO - [2025-12-06T04:53:11.616+0500] {dag.py:3089} INFO - Sync 2 DAGs
[2025-12-06T04:53:11.618+0500] {logging_mixin.py:188} INFO - [2025-12-06T04:53:11.618+0500] {dag.py:3947} INFO - Setting next_dagrun for example_subdag_operator.section-1 to None, run_after=None
[2025-12-06T04:53:11.618+0500] {logging_mixin.py:188} INFO - [2025-12-06T04:53:11.618+0500] {dag.py:3947} INFO - Setting next_dagrun for example_subdag_operator.section-2 to None, run_after=None
[2025-12-06T04:53:11.624+0500] {processor.py:183} INFO - Processing /Users/symbat/airflow_local/.venv/lib/python3.11/site-packages/airflow/example_dags/example_subdag_operator.py took 0.077 seconds
[2025-12-06T04:56:05.438+0500] {processor.py:161} INFO - Started process (PID=87467) to work on /Users/symbat/airflow_local/.venv/lib/python3.11/site-packages/airflow/example_dags/example_subdag_operator.py
[2025-12-06T04:56:05.438+0500] {processor.py:830} INFO - Processing file /Users/symbat/airflow_local/.venv/lib/python3.11/site-packages/airflow/example_dags/example_subdag_operator.py for tasks to queue
[2025-12-06T04:56:05.439+0500] {logging_mixin.py:188} INFO - [2025-12-06T04:56:05.439+0500] {dagbag.py:545} INFO - Filling up the DagBag from /Users/symbat/airflow_local/.venv/lib/python3.11/site-packages/airflow/example_dags/example_subdag_operator.py
[2025-12-06T04:56:05.504+0500] {processor.py:840} INFO - DAG(s) 'example_subdag_operator.section-1', 'example_subdag_operator.section-2', 'example_subdag_operator' retrieved from /Users/symbat/airflow_local/.venv/lib/python3.11/site-packages/airflow/example_dags/example_subdag_operator.py
[2025-12-06T04:56:05.524+0500] {logging_mixin.py:188} INFO - [2025-12-06T04:56:05.524+0500] {dag.py:3089} INFO - Sync 3 DAGs
[2025-12-06T04:56:05.534+0500] {logging_mixin.py:188} INFO - [2025-12-06T04:56:05.533+0500] {dag.py:3947} INFO - Setting next_dagrun for example_subdag_operator to 2022-01-01 00:00:00+00:00, run_after=2022-01-01 00:00:00+00:00
[2025-12-06T04:56:05.536+0500] {logging_mixin.py:188} INFO - [2025-12-06T04:56:05.536+0500] {dag.py:3947} INFO - Setting next_dagrun for example_subdag_operator.section-1 to None, run_after=None
[2025-12-06T04:56:05.537+0500] {logging_mixin.py:188} INFO - [2025-12-06T04:56:05.537+0500] {dag.py:3947} INFO - Setting next_dagrun for example_subdag_operator.section-2 to None, run_after=None
[2025-12-06T04:56:05.541+0500] {logging_mixin.py:188} INFO - [2025-12-06T04:56:05.541+0500] {dag.py:3089} INFO - Sync 2 DAGs
[2025-12-06T04:56:05.543+0500] {logging_mixin.py:188} INFO - [2025-12-06T04:56:05.543+0500] {dag.py:3947} INFO - Setting next_dagrun for example_subdag_operator.section-1 to None, run_after=None
[2025-12-06T04:56:05.543+0500] {logging_mixin.py:188} INFO - [2025-12-06T04:56:05.543+0500] {dag.py:3947} INFO - Setting next_dagrun for example_subdag_operator.section-2 to None, run_after=None
[2025-12-06T04:56:05.551+0500] {processor.py:183} INFO - Processing /Users/symbat/airflow_local/.venv/lib/python3.11/site-packages/airflow/example_dags/example_subdag_operator.py took 0.116 seconds
[2025-12-06T04:58:16.310+0500] {processor.py:161} INFO - Started process (PID=87832) to work on /Users/symbat/airflow_local/.venv/lib/python3.11/site-packages/airflow/example_dags/example_subdag_operator.py
[2025-12-06T04:58:16.310+0500] {processor.py:830} INFO - Processing file /Users/symbat/airflow_local/.venv/lib/python3.11/site-packages/airflow/example_dags/example_subdag_operator.py for tasks to queue
[2025-12-06T04:58:16.311+0500] {logging_mixin.py:188} INFO - [2025-12-06T04:58:16.311+0500] {dagbag.py:545} INFO - Filling up the DagBag from /Users/symbat/airflow_local/.venv/lib/python3.11/site-packages/airflow/example_dags/example_subdag_operator.py
[2025-12-06T04:58:16.352+0500] {processor.py:840} INFO - DAG(s) 'example_subdag_operator.section-1', 'example_subdag_operator.section-2', 'example_subdag_operator' retrieved from /Users/symbat/airflow_local/.venv/lib/python3.11/site-packages/airflow/example_dags/example_subdag_operator.py
[2025-12-06T04:58:16.367+0500] {logging_mixin.py:188} INFO - [2025-12-06T04:58:16.367+0500] {dag.py:3089} INFO - Sync 3 DAGs
[2025-12-06T04:58:16.375+0500] {logging_mixin.py:188} INFO - [2025-12-06T04:58:16.375+0500] {dag.py:3947} INFO - Setting next_dagrun for example_subdag_operator to 2022-01-01 00:00:00+00:00, run_after=2022-01-01 00:00:00+00:00
[2025-12-06T04:58:16.376+0500] {logging_mixin.py:188} INFO - [2025-12-06T04:58:16.376+0500] {dag.py:3947} INFO - Setting next_dagrun for example_subdag_operator.section-1 to None, run_after=None
[2025-12-06T04:58:16.377+0500] {logging_mixin.py:188} INFO - [2025-12-06T04:58:16.377+0500] {dag.py:3947} INFO - Setting next_dagrun for example_subdag_operator.section-2 to None, run_after=None
[2025-12-06T04:58:16.380+0500] {logging_mixin.py:188} INFO - [2025-12-06T04:58:16.380+0500] {dag.py:3089} INFO - Sync 2 DAGs
[2025-12-06T04:58:16.381+0500] {logging_mixin.py:188} INFO - [2025-12-06T04:58:16.381+0500] {dag.py:3947} INFO - Setting next_dagrun for example_subdag_operator.section-1 to None, run_after=None
[2025-12-06T04:58:16.382+0500] {logging_mixin.py:188} INFO - [2025-12-06T04:58:16.382+0500] {dag.py:3947} INFO - Setting next_dagrun for example_subdag_operator.section-2 to None, run_after=None
[2025-12-06T04:58:16.387+0500] {processor.py:183} INFO - Processing /Users/symbat/airflow_local/.venv/lib/python3.11/site-packages/airflow/example_dags/example_subdag_operator.py took 0.080 seconds
