[2025-12-06T03:05:50.654+0500] {processor.py:161} INFO - Started process (PID=76866) to work on /Users/symbat/airflow_local/.venv/lib/python3.11/site-packages/airflow/example_dags/example_nested_branch_dag.py
[2025-12-06T03:05:50.655+0500] {processor.py:830} INFO - Processing file /Users/symbat/airflow_local/.venv/lib/python3.11/site-packages/airflow/example_dags/example_nested_branch_dag.py for tasks to queue
[2025-12-06T03:05:50.655+0500] {logging_mixin.py:188} INFO - [2025-12-06T03:05:50.655+0500] {dagbag.py:545} INFO - Filling up the DagBag from /Users/symbat/airflow_local/.venv/lib/python3.11/site-packages/airflow/example_dags/example_nested_branch_dag.py
[2025-12-06T03:05:50.681+0500] {processor.py:840} INFO - DAG(s) 'example_nested_branch_dag' retrieved from /Users/symbat/airflow_local/.venv/lib/python3.11/site-packages/airflow/example_dags/example_nested_branch_dag.py
[2025-12-06T03:05:50.842+0500] {logging_mixin.py:188} INFO - [2025-12-06T03:05:50.842+0500] {dag.py:3089} INFO - Sync 1 DAGs
[2025-12-06T03:05:50.852+0500] {logging_mixin.py:188} INFO - [2025-12-06T03:05:50.852+0500] {dag.py:3947} INFO - Setting next_dagrun for example_nested_branch_dag to 2025-12-04 00:00:00+00:00, run_after=2025-12-05 00:00:00+00:00
[2025-12-06T03:05:50.864+0500] {processor.py:183} INFO - Processing /Users/symbat/airflow_local/.venv/lib/python3.11/site-packages/airflow/example_dags/example_nested_branch_dag.py took 0.213 seconds
[2025-12-06T03:10:09.572+0500] {processor.py:161} INFO - Started process (PID=77685) to work on /Users/symbat/airflow_local/.venv/lib/python3.11/site-packages/airflow/example_dags/example_nested_branch_dag.py
[2025-12-06T03:10:09.573+0500] {processor.py:830} INFO - Processing file /Users/symbat/airflow_local/.venv/lib/python3.11/site-packages/airflow/example_dags/example_nested_branch_dag.py for tasks to queue
[2025-12-06T03:10:09.573+0500] {logging_mixin.py:188} INFO - [2025-12-06T03:10:09.573+0500] {dagbag.py:545} INFO - Filling up the DagBag from /Users/symbat/airflow_local/.venv/lib/python3.11/site-packages/airflow/example_dags/example_nested_branch_dag.py
[2025-12-06T03:10:09.604+0500] {processor.py:840} INFO - DAG(s) 'example_nested_branch_dag' retrieved from /Users/symbat/airflow_local/.venv/lib/python3.11/site-packages/airflow/example_dags/example_nested_branch_dag.py
[2025-12-06T03:10:09.747+0500] {logging_mixin.py:188} INFO - [2025-12-06T03:10:09.747+0500] {dag.py:3089} INFO - Sync 1 DAGs
[2025-12-06T03:10:09.755+0500] {logging_mixin.py:188} INFO - [2025-12-06T03:10:09.755+0500] {dag.py:3947} INFO - Setting next_dagrun for example_nested_branch_dag to 2025-12-04 00:00:00+00:00, run_after=2025-12-05 00:00:00+00:00
[2025-12-06T03:10:09.765+0500] {processor.py:183} INFO - Processing /Users/symbat/airflow_local/.venv/lib/python3.11/site-packages/airflow/example_dags/example_nested_branch_dag.py took 0.196 seconds
[2025-12-06T04:31:12.383+0500] {processor.py:161} INFO - Started process (PID=83867) to work on /Users/symbat/airflow_local/.venv/lib/python3.11/site-packages/airflow/example_dags/example_nested_branch_dag.py
[2025-12-06T04:31:12.384+0500] {processor.py:830} INFO - Processing file /Users/symbat/airflow_local/.venv/lib/python3.11/site-packages/airflow/example_dags/example_nested_branch_dag.py for tasks to queue
[2025-12-06T04:31:12.385+0500] {logging_mixin.py:188} INFO - [2025-12-06T04:31:12.384+0500] {dagbag.py:545} INFO - Filling up the DagBag from /Users/symbat/airflow_local/.venv/lib/python3.11/site-packages/airflow/example_dags/example_nested_branch_dag.py
[2025-12-06T04:31:12.408+0500] {processor.py:840} INFO - DAG(s) 'example_nested_branch_dag' retrieved from /Users/symbat/airflow_local/.venv/lib/python3.11/site-packages/airflow/example_dags/example_nested_branch_dag.py
[2025-12-06T04:31:12.542+0500] {logging_mixin.py:188} INFO - [2025-12-06T04:31:12.542+0500] {dag.py:3089} INFO - Sync 1 DAGs
[2025-12-06T04:31:12.550+0500] {logging_mixin.py:188} INFO - [2025-12-06T04:31:12.550+0500] {dag.py:3947} INFO - Setting next_dagrun for example_nested_branch_dag to 2025-12-04 00:00:00+00:00, run_after=2025-12-05 00:00:00+00:00
[2025-12-06T04:31:12.565+0500] {processor.py:183} INFO - Processing /Users/symbat/airflow_local/.venv/lib/python3.11/site-packages/airflow/example_dags/example_nested_branch_dag.py took 0.184 seconds
[2025-12-06T04:41:20.095+0500] {processor.py:161} INFO - Started process (PID=85556) to work on /Users/symbat/airflow_local/.venv/lib/python3.11/site-packages/airflow/example_dags/example_nested_branch_dag.py
[2025-12-06T04:41:20.096+0500] {processor.py:830} INFO - Processing file /Users/symbat/airflow_local/.venv/lib/python3.11/site-packages/airflow/example_dags/example_nested_branch_dag.py for tasks to queue
[2025-12-06T04:41:20.097+0500] {logging_mixin.py:188} INFO - [2025-12-06T04:41:20.097+0500] {dagbag.py:545} INFO - Filling up the DagBag from /Users/symbat/airflow_local/.venv/lib/python3.11/site-packages/airflow/example_dags/example_nested_branch_dag.py
[2025-12-06T04:41:20.125+0500] {processor.py:840} INFO - DAG(s) 'example_nested_branch_dag' retrieved from /Users/symbat/airflow_local/.venv/lib/python3.11/site-packages/airflow/example_dags/example_nested_branch_dag.py
[2025-12-06T04:41:20.172+0500] {logging_mixin.py:188} INFO - [2025-12-06T04:41:20.172+0500] {dag.py:3089} INFO - Sync 1 DAGs
[2025-12-06T04:41:20.181+0500] {logging_mixin.py:188} INFO - [2025-12-06T04:41:20.181+0500] {dag.py:3947} INFO - Setting next_dagrun for example_nested_branch_dag to 2025-12-04 00:00:00+00:00, run_after=2025-12-05 00:00:00+00:00
[2025-12-06T04:41:20.193+0500] {processor.py:183} INFO - Processing /Users/symbat/airflow_local/.venv/lib/python3.11/site-packages/airflow/example_dags/example_nested_branch_dag.py took 0.102 seconds
[2025-12-06T04:46:21.043+0500] {processor.py:161} INFO - Started process (PID=85852) to work on /Users/symbat/airflow_local/.venv/lib/python3.11/site-packages/airflow/example_dags/example_nested_branch_dag.py
[2025-12-06T04:46:21.044+0500] {processor.py:830} INFO - Processing file /Users/symbat/airflow_local/.venv/lib/python3.11/site-packages/airflow/example_dags/example_nested_branch_dag.py for tasks to queue
[2025-12-06T04:46:21.044+0500] {logging_mixin.py:188} INFO - [2025-12-06T04:46:21.044+0500] {dagbag.py:545} INFO - Filling up the DagBag from /Users/symbat/airflow_local/.venv/lib/python3.11/site-packages/airflow/example_dags/example_nested_branch_dag.py
[2025-12-06T04:46:21.069+0500] {processor.py:840} INFO - DAG(s) 'example_nested_branch_dag' retrieved from /Users/symbat/airflow_local/.venv/lib/python3.11/site-packages/airflow/example_dags/example_nested_branch_dag.py
[2025-12-06T04:46:21.117+0500] {logging_mixin.py:188} INFO - [2025-12-06T04:46:21.117+0500] {dag.py:3089} INFO - Sync 1 DAGs
[2025-12-06T04:46:21.124+0500] {logging_mixin.py:188} INFO - [2025-12-06T04:46:21.124+0500] {dag.py:3947} INFO - Setting next_dagrun for example_nested_branch_dag to 2025-12-04 00:00:00+00:00, run_after=2025-12-05 00:00:00+00:00
[2025-12-06T04:46:21.133+0500] {processor.py:183} INFO - Processing /Users/symbat/airflow_local/.venv/lib/python3.11/site-packages/airflow/example_dags/example_nested_branch_dag.py took 0.092 seconds
[2025-12-06T04:48:41.343+0500] {processor.py:161} INFO - Started process (PID=85962) to work on /Users/symbat/airflow_local/.venv/lib/python3.11/site-packages/airflow/example_dags/example_nested_branch_dag.py
[2025-12-06T04:48:41.343+0500] {processor.py:830} INFO - Processing file /Users/symbat/airflow_local/.venv/lib/python3.11/site-packages/airflow/example_dags/example_nested_branch_dag.py for tasks to queue
[2025-12-06T04:48:41.344+0500] {logging_mixin.py:188} INFO - [2025-12-06T04:48:41.343+0500] {dagbag.py:545} INFO - Filling up the DagBag from /Users/symbat/airflow_local/.venv/lib/python3.11/site-packages/airflow/example_dags/example_nested_branch_dag.py
[2025-12-06T04:48:41.361+0500] {processor.py:840} INFO - DAG(s) 'example_nested_branch_dag' retrieved from /Users/symbat/airflow_local/.venv/lib/python3.11/site-packages/airflow/example_dags/example_nested_branch_dag.py
[2025-12-06T04:48:41.403+0500] {logging_mixin.py:188} INFO - [2025-12-06T04:48:41.403+0500] {dag.py:3089} INFO - Sync 1 DAGs
[2025-12-06T04:48:41.410+0500] {logging_mixin.py:188} INFO - [2025-12-06T04:48:41.410+0500] {dag.py:3947} INFO - Setting next_dagrun for example_nested_branch_dag to 2025-12-04 00:00:00+00:00, run_after=2025-12-05 00:00:00+00:00
[2025-12-06T04:48:41.419+0500] {processor.py:183} INFO - Processing /Users/symbat/airflow_local/.venv/lib/python3.11/site-packages/airflow/example_dags/example_nested_branch_dag.py took 0.079 seconds
[2025-12-06T04:53:44.274+0500] {processor.py:161} INFO - Started process (PID=86783) to work on /Users/symbat/airflow_local/.venv/lib/python3.11/site-packages/airflow/example_dags/example_nested_branch_dag.py
[2025-12-06T04:53:44.275+0500] {processor.py:830} INFO - Processing file /Users/symbat/airflow_local/.venv/lib/python3.11/site-packages/airflow/example_dags/example_nested_branch_dag.py for tasks to queue
[2025-12-06T04:53:44.275+0500] {logging_mixin.py:188} INFO - [2025-12-06T04:53:44.275+0500] {dagbag.py:545} INFO - Filling up the DagBag from /Users/symbat/airflow_local/.venv/lib/python3.11/site-packages/airflow/example_dags/example_nested_branch_dag.py
[2025-12-06T04:53:44.293+0500] {processor.py:840} INFO - DAG(s) 'example_nested_branch_dag' retrieved from /Users/symbat/airflow_local/.venv/lib/python3.11/site-packages/airflow/example_dags/example_nested_branch_dag.py
[2025-12-06T04:53:44.337+0500] {logging_mixin.py:188} INFO - [2025-12-06T04:53:44.336+0500] {dag.py:3089} INFO - Sync 1 DAGs
[2025-12-06T04:53:44.344+0500] {logging_mixin.py:188} INFO - [2025-12-06T04:53:44.344+0500] {dag.py:3947} INFO - Setting next_dagrun for example_nested_branch_dag to 2025-12-04 00:00:00+00:00, run_after=2025-12-05 00:00:00+00:00
[2025-12-06T04:53:44.354+0500] {processor.py:183} INFO - Processing /Users/symbat/airflow_local/.venv/lib/python3.11/site-packages/airflow/example_dags/example_nested_branch_dag.py took 0.084 seconds
