[2025-12-06T03:05:26.643+0500] {processor.py:161} INFO - Started process (PID=76837) to work on /Users/symbat/airflow_local/.venv/lib/python3.11/site-packages/airflow/example_dags/example_setup_teardown_taskflow.py
[2025-12-06T03:05:26.644+0500] {processor.py:830} INFO - Processing file /Users/symbat/airflow_local/.venv/lib/python3.11/site-packages/airflow/example_dags/example_setup_teardown_taskflow.py for tasks to queue
[2025-12-06T03:05:26.645+0500] {logging_mixin.py:188} INFO - [2025-12-06T03:05:26.645+0500] {dagbag.py:545} INFO - Filling up the DagBag from /Users/symbat/airflow_local/.venv/lib/python3.11/site-packages/airflow/example_dags/example_setup_teardown_taskflow.py
[2025-12-06T03:05:26.668+0500] {processor.py:840} INFO - DAG(s) 'example_setup_teardown_taskflow' retrieved from /Users/symbat/airflow_local/.venv/lib/python3.11/site-packages/airflow/example_dags/example_setup_teardown_taskflow.py
[2025-12-06T03:05:26.797+0500] {logging_mixin.py:188} INFO - [2025-12-06T03:05:26.796+0500] {dag.py:3089} INFO - Sync 1 DAGs
[2025-12-06T03:05:26.805+0500] {logging_mixin.py:188} INFO - [2025-12-06T03:05:26.805+0500] {dag.py:3947} INFO - Setting next_dagrun for example_setup_teardown_taskflow to 2025-12-04 00:00:00+00:00, run_after=2025-12-05 00:00:00+00:00
[2025-12-06T03:05:26.815+0500] {processor.py:183} INFO - Processing /Users/symbat/airflow_local/.venv/lib/python3.11/site-packages/airflow/example_dags/example_setup_teardown_taskflow.py took 0.176 seconds
[2025-12-06T03:09:50.074+0500] {processor.py:161} INFO - Started process (PID=77657) to work on /Users/symbat/airflow_local/.venv/lib/python3.11/site-packages/airflow/example_dags/example_setup_teardown_taskflow.py
[2025-12-06T03:09:50.075+0500] {processor.py:830} INFO - Processing file /Users/symbat/airflow_local/.venv/lib/python3.11/site-packages/airflow/example_dags/example_setup_teardown_taskflow.py for tasks to queue
[2025-12-06T03:09:50.075+0500] {logging_mixin.py:188} INFO - [2025-12-06T03:09:50.075+0500] {dagbag.py:545} INFO - Filling up the DagBag from /Users/symbat/airflow_local/.venv/lib/python3.11/site-packages/airflow/example_dags/example_setup_teardown_taskflow.py
[2025-12-06T03:09:50.100+0500] {processor.py:840} INFO - DAG(s) 'example_setup_teardown_taskflow' retrieved from /Users/symbat/airflow_local/.venv/lib/python3.11/site-packages/airflow/example_dags/example_setup_teardown_taskflow.py
[2025-12-06T03:09:50.238+0500] {logging_mixin.py:188} INFO - [2025-12-06T03:09:50.238+0500] {dag.py:3089} INFO - Sync 1 DAGs
[2025-12-06T03:09:50.246+0500] {logging_mixin.py:188} INFO - [2025-12-06T03:09:50.246+0500] {dag.py:3947} INFO - Setting next_dagrun for example_setup_teardown_taskflow to 2025-12-04 00:00:00+00:00, run_after=2025-12-05 00:00:00+00:00
[2025-12-06T03:09:50.257+0500] {processor.py:183} INFO - Processing /Users/symbat/airflow_local/.venv/lib/python3.11/site-packages/airflow/example_dags/example_setup_teardown_taskflow.py took 0.185 seconds
[2025-12-06T04:30:38.824+0500] {processor.py:161} INFO - Started process (PID=83828) to work on /Users/symbat/airflow_local/.venv/lib/python3.11/site-packages/airflow/example_dags/example_setup_teardown_taskflow.py
[2025-12-06T04:30:38.825+0500] {processor.py:830} INFO - Processing file /Users/symbat/airflow_local/.venv/lib/python3.11/site-packages/airflow/example_dags/example_setup_teardown_taskflow.py for tasks to queue
[2025-12-06T04:30:38.826+0500] {logging_mixin.py:188} INFO - [2025-12-06T04:30:38.825+0500] {dagbag.py:545} INFO - Filling up the DagBag from /Users/symbat/airflow_local/.venv/lib/python3.11/site-packages/airflow/example_dags/example_setup_teardown_taskflow.py
[2025-12-06T04:30:38.856+0500] {processor.py:840} INFO - DAG(s) 'example_setup_teardown_taskflow' retrieved from /Users/symbat/airflow_local/.venv/lib/python3.11/site-packages/airflow/example_dags/example_setup_teardown_taskflow.py
[2025-12-06T04:30:39.028+0500] {logging_mixin.py:188} INFO - [2025-12-06T04:30:39.028+0500] {dag.py:3089} INFO - Sync 1 DAGs
[2025-12-06T04:30:39.036+0500] {logging_mixin.py:188} INFO - [2025-12-06T04:30:39.036+0500] {dag.py:3947} INFO - Setting next_dagrun for example_setup_teardown_taskflow to 2025-12-04 00:00:00+00:00, run_after=2025-12-05 00:00:00+00:00
[2025-12-06T04:30:39.048+0500] {processor.py:183} INFO - Processing /Users/symbat/airflow_local/.venv/lib/python3.11/site-packages/airflow/example_dags/example_setup_teardown_taskflow.py took 0.226 seconds
[2025-12-06T04:35:42.642+0500] {processor.py:161} INFO - Started process (PID=84317) to work on /Users/symbat/airflow_local/.venv/lib/python3.11/site-packages/airflow/example_dags/example_setup_teardown_taskflow.py
[2025-12-06T04:35:42.644+0500] {processor.py:830} INFO - Processing file /Users/symbat/airflow_local/.venv/lib/python3.11/site-packages/airflow/example_dags/example_setup_teardown_taskflow.py for tasks to queue
[2025-12-06T04:35:42.644+0500] {logging_mixin.py:188} INFO - [2025-12-06T04:35:42.644+0500] {dagbag.py:545} INFO - Filling up the DagBag from /Users/symbat/airflow_local/.venv/lib/python3.11/site-packages/airflow/example_dags/example_setup_teardown_taskflow.py
[2025-12-06T04:35:42.665+0500] {processor.py:840} INFO - DAG(s) 'example_setup_teardown_taskflow' retrieved from /Users/symbat/airflow_local/.venv/lib/python3.11/site-packages/airflow/example_dags/example_setup_teardown_taskflow.py
[2025-12-06T04:35:42.724+0500] {logging_mixin.py:188} INFO - [2025-12-06T04:35:42.724+0500] {dag.py:3089} INFO - Sync 1 DAGs
[2025-12-06T04:35:42.733+0500] {logging_mixin.py:188} INFO - [2025-12-06T04:35:42.733+0500] {dag.py:3947} INFO - Setting next_dagrun for example_setup_teardown_taskflow to 2025-12-04 00:00:00+00:00, run_after=2025-12-05 00:00:00+00:00
[2025-12-06T04:35:42.744+0500] {processor.py:183} INFO - Processing /Users/symbat/airflow_local/.venv/lib/python3.11/site-packages/airflow/example_dags/example_setup_teardown_taskflow.py took 0.105 seconds
[2025-12-06T04:40:56.544+0500] {processor.py:161} INFO - Started process (PID=85537) to work on /Users/symbat/airflow_local/.venv/lib/python3.11/site-packages/airflow/example_dags/example_setup_teardown_taskflow.py
[2025-12-06T04:40:56.545+0500] {processor.py:830} INFO - Processing file /Users/symbat/airflow_local/.venv/lib/python3.11/site-packages/airflow/example_dags/example_setup_teardown_taskflow.py for tasks to queue
[2025-12-06T04:40:56.546+0500] {logging_mixin.py:188} INFO - [2025-12-06T04:40:56.545+0500] {dagbag.py:545} INFO - Filling up the DagBag from /Users/symbat/airflow_local/.venv/lib/python3.11/site-packages/airflow/example_dags/example_setup_teardown_taskflow.py
[2025-12-06T04:40:56.570+0500] {processor.py:840} INFO - DAG(s) 'example_setup_teardown_taskflow' retrieved from /Users/symbat/airflow_local/.venv/lib/python3.11/site-packages/airflow/example_dags/example_setup_teardown_taskflow.py
[2025-12-06T04:40:56.613+0500] {logging_mixin.py:188} INFO - [2025-12-06T04:40:56.612+0500] {dag.py:3089} INFO - Sync 1 DAGs
[2025-12-06T04:40:56.619+0500] {logging_mixin.py:188} INFO - [2025-12-06T04:40:56.619+0500] {dag.py:3947} INFO - Setting next_dagrun for example_setup_teardown_taskflow to 2025-12-04 00:00:00+00:00, run_after=2025-12-05 00:00:00+00:00
[2025-12-06T04:40:56.629+0500] {processor.py:183} INFO - Processing /Users/symbat/airflow_local/.venv/lib/python3.11/site-packages/airflow/example_dags/example_setup_teardown_taskflow.py took 0.087 seconds
[2025-12-06T04:43:34.671+0500] {processor.py:161} INFO - Started process (PID=85704) to work on /Users/symbat/airflow_local/.venv/lib/python3.11/site-packages/airflow/example_dags/example_setup_teardown_taskflow.py
[2025-12-06T04:43:34.672+0500] {processor.py:830} INFO - Processing file /Users/symbat/airflow_local/.venv/lib/python3.11/site-packages/airflow/example_dags/example_setup_teardown_taskflow.py for tasks to queue
[2025-12-06T04:43:34.672+0500] {logging_mixin.py:188} INFO - [2025-12-06T04:43:34.672+0500] {dagbag.py:545} INFO - Filling up the DagBag from /Users/symbat/airflow_local/.venv/lib/python3.11/site-packages/airflow/example_dags/example_setup_teardown_taskflow.py
[2025-12-06T04:43:34.703+0500] {processor.py:840} INFO - DAG(s) 'example_setup_teardown_taskflow' retrieved from /Users/symbat/airflow_local/.venv/lib/python3.11/site-packages/airflow/example_dags/example_setup_teardown_taskflow.py
[2025-12-06T04:43:34.755+0500] {logging_mixin.py:188} INFO - [2025-12-06T04:43:34.755+0500] {dag.py:3089} INFO - Sync 1 DAGs
[2025-12-06T04:43:34.766+0500] {logging_mixin.py:188} INFO - [2025-12-06T04:43:34.765+0500] {dag.py:3947} INFO - Setting next_dagrun for example_setup_teardown_taskflow to 2025-12-04 00:00:00+00:00, run_after=2025-12-05 00:00:00+00:00
[2025-12-06T04:43:34.779+0500] {processor.py:183} INFO - Processing /Users/symbat/airflow_local/.venv/lib/python3.11/site-packages/airflow/example_dags/example_setup_teardown_taskflow.py took 0.112 seconds
[2025-12-06T04:45:56.273+0500] {processor.py:161} INFO - Started process (PID=85833) to work on /Users/symbat/airflow_local/.venv/lib/python3.11/site-packages/airflow/example_dags/example_setup_teardown_taskflow.py
[2025-12-06T04:45:56.274+0500] {processor.py:830} INFO - Processing file /Users/symbat/airflow_local/.venv/lib/python3.11/site-packages/airflow/example_dags/example_setup_teardown_taskflow.py for tasks to queue
[2025-12-06T04:45:56.274+0500] {logging_mixin.py:188} INFO - [2025-12-06T04:45:56.274+0500] {dagbag.py:545} INFO - Filling up the DagBag from /Users/symbat/airflow_local/.venv/lib/python3.11/site-packages/airflow/example_dags/example_setup_teardown_taskflow.py
[2025-12-06T04:45:56.292+0500] {processor.py:840} INFO - DAG(s) 'example_setup_teardown_taskflow' retrieved from /Users/symbat/airflow_local/.venv/lib/python3.11/site-packages/airflow/example_dags/example_setup_teardown_taskflow.py
[2025-12-06T04:45:56.333+0500] {logging_mixin.py:188} INFO - [2025-12-06T04:45:56.333+0500] {dag.py:3089} INFO - Sync 1 DAGs
[2025-12-06T04:45:56.340+0500] {logging_mixin.py:188} INFO - [2025-12-06T04:45:56.340+0500] {dag.py:3947} INFO - Setting next_dagrun for example_setup_teardown_taskflow to 2025-12-04 00:00:00+00:00, run_after=2025-12-05 00:00:00+00:00
[2025-12-06T04:45:56.349+0500] {processor.py:183} INFO - Processing /Users/symbat/airflow_local/.venv/lib/python3.11/site-packages/airflow/example_dags/example_setup_teardown_taskflow.py took 0.078 seconds
[2025-12-06T04:48:21.851+0500] {processor.py:161} INFO - Started process (PID=85943) to work on /Users/symbat/airflow_local/.venv/lib/python3.11/site-packages/airflow/example_dags/example_setup_teardown_taskflow.py
[2025-12-06T04:48:21.852+0500] {processor.py:830} INFO - Processing file /Users/symbat/airflow_local/.venv/lib/python3.11/site-packages/airflow/example_dags/example_setup_teardown_taskflow.py for tasks to queue
[2025-12-06T04:48:21.852+0500] {logging_mixin.py:188} INFO - [2025-12-06T04:48:21.852+0500] {dagbag.py:545} INFO - Filling up the DagBag from /Users/symbat/airflow_local/.venv/lib/python3.11/site-packages/airflow/example_dags/example_setup_teardown_taskflow.py
[2025-12-06T04:48:21.869+0500] {processor.py:840} INFO - DAG(s) 'example_setup_teardown_taskflow' retrieved from /Users/symbat/airflow_local/.venv/lib/python3.11/site-packages/airflow/example_dags/example_setup_teardown_taskflow.py
[2025-12-06T04:48:21.912+0500] {logging_mixin.py:188} INFO - [2025-12-06T04:48:21.912+0500] {dag.py:3089} INFO - Sync 1 DAGs
[2025-12-06T04:48:21.918+0500] {logging_mixin.py:188} INFO - [2025-12-06T04:48:21.918+0500] {dag.py:3947} INFO - Setting next_dagrun for example_setup_teardown_taskflow to 2025-12-04 00:00:00+00:00, run_after=2025-12-05 00:00:00+00:00
[2025-12-06T04:48:21.928+0500] {processor.py:183} INFO - Processing /Users/symbat/airflow_local/.venv/lib/python3.11/site-packages/airflow/example_dags/example_setup_teardown_taskflow.py took 0.079 seconds
[2025-12-06T04:51:00.888+0500] {processor.py:161} INFO - Started process (PID=86512) to work on /Users/symbat/airflow_local/.venv/lib/python3.11/site-packages/airflow/example_dags/example_setup_teardown_taskflow.py
[2025-12-06T04:51:00.888+0500] {processor.py:830} INFO - Processing file /Users/symbat/airflow_local/.venv/lib/python3.11/site-packages/airflow/example_dags/example_setup_teardown_taskflow.py for tasks to queue
[2025-12-06T04:51:00.889+0500] {logging_mixin.py:188} INFO - [2025-12-06T04:51:00.889+0500] {dagbag.py:545} INFO - Filling up the DagBag from /Users/symbat/airflow_local/.venv/lib/python3.11/site-packages/airflow/example_dags/example_setup_teardown_taskflow.py
[2025-12-06T04:51:00.908+0500] {processor.py:840} INFO - DAG(s) 'example_setup_teardown_taskflow' retrieved from /Users/symbat/airflow_local/.venv/lib/python3.11/site-packages/airflow/example_dags/example_setup_teardown_taskflow.py
[2025-12-06T04:51:00.955+0500] {logging_mixin.py:188} INFO - [2025-12-06T04:51:00.955+0500] {dag.py:3089} INFO - Sync 1 DAGs
[2025-12-06T04:51:00.963+0500] {logging_mixin.py:188} INFO - [2025-12-06T04:51:00.963+0500] {dag.py:3947} INFO - Setting next_dagrun for example_setup_teardown_taskflow to 2025-12-04 00:00:00+00:00, run_after=2025-12-05 00:00:00+00:00
[2025-12-06T04:51:00.973+0500] {processor.py:183} INFO - Processing /Users/symbat/airflow_local/.venv/lib/python3.11/site-packages/airflow/example_dags/example_setup_teardown_taskflow.py took 0.088 seconds
[2025-12-06T04:53:23.264+0500] {processor.py:161} INFO - Started process (PID=86629) to work on /Users/symbat/airflow_local/.venv/lib/python3.11/site-packages/airflow/example_dags/example_setup_teardown_taskflow.py
[2025-12-06T04:53:23.265+0500] {processor.py:830} INFO - Processing file /Users/symbat/airflow_local/.venv/lib/python3.11/site-packages/airflow/example_dags/example_setup_teardown_taskflow.py for tasks to queue
[2025-12-06T04:53:23.266+0500] {logging_mixin.py:188} INFO - [2025-12-06T04:53:23.266+0500] {dagbag.py:545} INFO - Filling up the DagBag from /Users/symbat/airflow_local/.venv/lib/python3.11/site-packages/airflow/example_dags/example_setup_teardown_taskflow.py
[2025-12-06T04:53:23.290+0500] {processor.py:840} INFO - DAG(s) 'example_setup_teardown_taskflow' retrieved from /Users/symbat/airflow_local/.venv/lib/python3.11/site-packages/airflow/example_dags/example_setup_teardown_taskflow.py
[2025-12-06T04:53:23.335+0500] {logging_mixin.py:188} INFO - [2025-12-06T04:53:23.335+0500] {dag.py:3089} INFO - Sync 1 DAGs
[2025-12-06T04:53:23.342+0500] {logging_mixin.py:188} INFO - [2025-12-06T04:53:23.342+0500] {dag.py:3947} INFO - Setting next_dagrun for example_setup_teardown_taskflow to 2025-12-04 00:00:00+00:00, run_after=2025-12-05 00:00:00+00:00
[2025-12-06T04:53:23.353+0500] {processor.py:183} INFO - Processing /Users/symbat/airflow_local/.venv/lib/python3.11/site-packages/airflow/example_dags/example_setup_teardown_taskflow.py took 0.091 seconds
[2025-12-06T04:56:23.553+0500] {processor.py:161} INFO - Started process (PID=87481) to work on /Users/symbat/airflow_local/.venv/lib/python3.11/site-packages/airflow/example_dags/example_setup_teardown_taskflow.py
[2025-12-06T04:56:23.553+0500] {processor.py:830} INFO - Processing file /Users/symbat/airflow_local/.venv/lib/python3.11/site-packages/airflow/example_dags/example_setup_teardown_taskflow.py for tasks to queue
[2025-12-06T04:56:23.554+0500] {logging_mixin.py:188} INFO - [2025-12-06T04:56:23.554+0500] {dagbag.py:545} INFO - Filling up the DagBag from /Users/symbat/airflow_local/.venv/lib/python3.11/site-packages/airflow/example_dags/example_setup_teardown_taskflow.py
[2025-12-06T04:56:23.576+0500] {processor.py:840} INFO - DAG(s) 'example_setup_teardown_taskflow' retrieved from /Users/symbat/airflow_local/.venv/lib/python3.11/site-packages/airflow/example_dags/example_setup_teardown_taskflow.py
[2025-12-06T04:56:23.618+0500] {logging_mixin.py:188} INFO - [2025-12-06T04:56:23.618+0500] {dag.py:3089} INFO - Sync 1 DAGs
[2025-12-06T04:56:23.625+0500] {logging_mixin.py:188} INFO - [2025-12-06T04:56:23.625+0500] {dag.py:3947} INFO - Setting next_dagrun for example_setup_teardown_taskflow to 2025-12-04 00:00:00+00:00, run_after=2025-12-05 00:00:00+00:00
[2025-12-06T04:56:23.634+0500] {processor.py:183} INFO - Processing /Users/symbat/airflow_local/.venv/lib/python3.11/site-packages/airflow/example_dags/example_setup_teardown_taskflow.py took 0.083 seconds
[2025-12-06T04:58:29.413+0500] {processor.py:161} INFO - Started process (PID=87845) to work on /Users/symbat/airflow_local/.venv/lib/python3.11/site-packages/airflow/example_dags/example_setup_teardown_taskflow.py
[2025-12-06T04:58:29.414+0500] {processor.py:830} INFO - Processing file /Users/symbat/airflow_local/.venv/lib/python3.11/site-packages/airflow/example_dags/example_setup_teardown_taskflow.py for tasks to queue
[2025-12-06T04:58:29.414+0500] {logging_mixin.py:188} INFO - [2025-12-06T04:58:29.414+0500] {dagbag.py:545} INFO - Filling up the DagBag from /Users/symbat/airflow_local/.venv/lib/python3.11/site-packages/airflow/example_dags/example_setup_teardown_taskflow.py
[2025-12-06T04:58:29.443+0500] {processor.py:840} INFO - DAG(s) 'example_setup_teardown_taskflow' retrieved from /Users/symbat/airflow_local/.venv/lib/python3.11/site-packages/airflow/example_dags/example_setup_teardown_taskflow.py
[2025-12-06T04:58:29.512+0500] {logging_mixin.py:188} INFO - [2025-12-06T04:58:29.511+0500] {dag.py:3089} INFO - Sync 1 DAGs
[2025-12-06T04:58:29.519+0500] {logging_mixin.py:188} INFO - [2025-12-06T04:58:29.519+0500] {dag.py:3947} INFO - Setting next_dagrun for example_setup_teardown_taskflow to 2025-12-04 00:00:00+00:00, run_after=2025-12-05 00:00:00+00:00
[2025-12-06T04:58:29.534+0500] {processor.py:183} INFO - Processing /Users/symbat/airflow_local/.venv/lib/python3.11/site-packages/airflow/example_dags/example_setup_teardown_taskflow.py took 0.125 seconds
