[2025-12-06T03:04:39.945+0500] {processor.py:161} INFO - Started process (PID=76795) to work on /Users/symbat/airflow_local/.venv/lib/python3.11/site-packages/airflow/example_dags/tutorial_taskflow_api_virtualenv.py
[2025-12-06T03:04:39.946+0500] {processor.py:830} INFO - Processing file /Users/symbat/airflow_local/.venv/lib/python3.11/site-packages/airflow/example_dags/tutorial_taskflow_api_virtualenv.py for tasks to queue
[2025-12-06T03:04:39.947+0500] {logging_mixin.py:188} INFO - [2025-12-06T03:04:39.947+0500] {dagbag.py:545} INFO - Filling up the DagBag from /Users/symbat/airflow_local/.venv/lib/python3.11/site-packages/airflow/example_dags/tutorial_taskflow_api_virtualenv.py
[2025-12-06T03:04:39.982+0500] {logging_mixin.py:188} INFO - [2025-12-06T03:04:39.981+0500] {tutorial_taskflow_api_virtualenv.py:29} WARNING - The tutorial_taskflow_api_virtualenv example DAG requires virtualenv, please install it.
[2025-12-06T03:04:39.982+0500] {processor.py:842} WARNING - No viable dags retrieved from /Users/symbat/airflow_local/.venv/lib/python3.11/site-packages/airflow/example_dags/tutorial_taskflow_api_virtualenv.py
[2025-12-06T03:04:40.025+0500] {processor.py:183} INFO - Processing /Users/symbat/airflow_local/.venv/lib/python3.11/site-packages/airflow/example_dags/tutorial_taskflow_api_virtualenv.py took 0.085 seconds
[2025-12-06T03:09:04.083+0500] {processor.py:161} INFO - Started process (PID=77601) to work on /Users/symbat/airflow_local/.venv/lib/python3.11/site-packages/airflow/example_dags/tutorial_taskflow_api_virtualenv.py
[2025-12-06T03:09:04.084+0500] {processor.py:830} INFO - Processing file /Users/symbat/airflow_local/.venv/lib/python3.11/site-packages/airflow/example_dags/tutorial_taskflow_api_virtualenv.py for tasks to queue
[2025-12-06T03:09:04.084+0500] {logging_mixin.py:188} INFO - [2025-12-06T03:09:04.084+0500] {dagbag.py:545} INFO - Filling up the DagBag from /Users/symbat/airflow_local/.venv/lib/python3.11/site-packages/airflow/example_dags/tutorial_taskflow_api_virtualenv.py
[2025-12-06T03:09:04.107+0500] {logging_mixin.py:188} INFO - [2025-12-06T03:09:04.106+0500] {tutorial_taskflow_api_virtualenv.py:29} WARNING - The tutorial_taskflow_api_virtualenv example DAG requires virtualenv, please install it.
[2025-12-06T03:09:04.107+0500] {processor.py:842} WARNING - No viable dags retrieved from /Users/symbat/airflow_local/.venv/lib/python3.11/site-packages/airflow/example_dags/tutorial_taskflow_api_virtualenv.py
[2025-12-06T03:09:04.151+0500] {processor.py:183} INFO - Processing /Users/symbat/airflow_local/.venv/lib/python3.11/site-packages/airflow/example_dags/tutorial_taskflow_api_virtualenv.py took 0.070 seconds
[2025-12-06T04:29:48.195+0500] {processor.py:161} INFO - Started process (PID=83744) to work on /Users/symbat/airflow_local/.venv/lib/python3.11/site-packages/airflow/example_dags/tutorial_taskflow_api_virtualenv.py
[2025-12-06T04:29:48.196+0500] {processor.py:830} INFO - Processing file /Users/symbat/airflow_local/.venv/lib/python3.11/site-packages/airflow/example_dags/tutorial_taskflow_api_virtualenv.py for tasks to queue
[2025-12-06T04:29:48.196+0500] {logging_mixin.py:188} INFO - [2025-12-06T04:29:48.196+0500] {dagbag.py:545} INFO - Filling up the DagBag from /Users/symbat/airflow_local/.venv/lib/python3.11/site-packages/airflow/example_dags/tutorial_taskflow_api_virtualenv.py
[2025-12-06T04:29:48.216+0500] {logging_mixin.py:188} INFO - [2025-12-06T04:29:48.215+0500] {tutorial_taskflow_api_virtualenv.py:29} WARNING - The tutorial_taskflow_api_virtualenv example DAG requires virtualenv, please install it.
[2025-12-06T04:29:48.216+0500] {processor.py:842} WARNING - No viable dags retrieved from /Users/symbat/airflow_local/.venv/lib/python3.11/site-packages/airflow/example_dags/tutorial_taskflow_api_virtualenv.py
[2025-12-06T04:29:48.264+0500] {processor.py:183} INFO - Processing /Users/symbat/airflow_local/.venv/lib/python3.11/site-packages/airflow/example_dags/tutorial_taskflow_api_virtualenv.py took 0.071 seconds
[2025-12-06T04:32:44.047+0500] {processor.py:161} INFO - Started process (PID=84017) to work on /Users/symbat/airflow_local/.venv/lib/python3.11/site-packages/airflow/example_dags/tutorial_taskflow_api_virtualenv.py
[2025-12-06T04:32:44.048+0500] {processor.py:830} INFO - Processing file /Users/symbat/airflow_local/.venv/lib/python3.11/site-packages/airflow/example_dags/tutorial_taskflow_api_virtualenv.py for tasks to queue
[2025-12-06T04:32:44.049+0500] {logging_mixin.py:188} INFO - [2025-12-06T04:32:44.049+0500] {dagbag.py:545} INFO - Filling up the DagBag from /Users/symbat/airflow_local/.venv/lib/python3.11/site-packages/airflow/example_dags/tutorial_taskflow_api_virtualenv.py
[2025-12-06T04:32:44.067+0500] {logging_mixin.py:188} INFO - [2025-12-06T04:32:44.067+0500] {tutorial_taskflow_api_virtualenv.py:29} WARNING - The tutorial_taskflow_api_virtualenv example DAG requires virtualenv, please install it.
[2025-12-06T04:32:44.067+0500] {processor.py:842} WARNING - No viable dags retrieved from /Users/symbat/airflow_local/.venv/lib/python3.11/site-packages/airflow/example_dags/tutorial_taskflow_api_virtualenv.py
[2025-12-06T04:32:44.108+0500] {processor.py:183} INFO - Processing /Users/symbat/airflow_local/.venv/lib/python3.11/site-packages/airflow/example_dags/tutorial_taskflow_api_virtualenv.py took 0.064 seconds
[2025-12-06T04:34:45.252+0500] {processor.py:161} INFO - Started process (PID=84232) to work on /Users/symbat/airflow_local/.venv/lib/python3.11/site-packages/airflow/example_dags/tutorial_taskflow_api_virtualenv.py
[2025-12-06T04:34:45.253+0500] {processor.py:830} INFO - Processing file /Users/symbat/airflow_local/.venv/lib/python3.11/site-packages/airflow/example_dags/tutorial_taskflow_api_virtualenv.py for tasks to queue
[2025-12-06T04:34:45.254+0500] {logging_mixin.py:188} INFO - [2025-12-06T04:34:45.253+0500] {dagbag.py:545} INFO - Filling up the DagBag from /Users/symbat/airflow_local/.venv/lib/python3.11/site-packages/airflow/example_dags/tutorial_taskflow_api_virtualenv.py
[2025-12-06T04:34:45.269+0500] {logging_mixin.py:188} INFO - [2025-12-06T04:34:45.269+0500] {tutorial_taskflow_api_virtualenv.py:29} WARNING - The tutorial_taskflow_api_virtualenv example DAG requires virtualenv, please install it.
[2025-12-06T04:34:45.269+0500] {processor.py:842} WARNING - No viable dags retrieved from /Users/symbat/airflow_local/.venv/lib/python3.11/site-packages/airflow/example_dags/tutorial_taskflow_api_virtualenv.py
[2025-12-06T04:34:45.303+0500] {processor.py:183} INFO - Processing /Users/symbat/airflow_local/.venv/lib/python3.11/site-packages/airflow/example_dags/tutorial_taskflow_api_virtualenv.py took 0.052 seconds
[2025-12-06T04:40:09.764+0500] {processor.py:161} INFO - Started process (PID=85490) to work on /Users/symbat/airflow_local/.venv/lib/python3.11/site-packages/airflow/example_dags/tutorial_taskflow_api_virtualenv.py
[2025-12-06T04:40:09.765+0500] {processor.py:830} INFO - Processing file /Users/symbat/airflow_local/.venv/lib/python3.11/site-packages/airflow/example_dags/tutorial_taskflow_api_virtualenv.py for tasks to queue
[2025-12-06T04:40:09.766+0500] {logging_mixin.py:188} INFO - [2025-12-06T04:40:09.766+0500] {dagbag.py:545} INFO - Filling up the DagBag from /Users/symbat/airflow_local/.venv/lib/python3.11/site-packages/airflow/example_dags/tutorial_taskflow_api_virtualenv.py
[2025-12-06T04:40:09.799+0500] {logging_mixin.py:188} INFO - [2025-12-06T04:40:09.799+0500] {tutorial_taskflow_api_virtualenv.py:29} WARNING - The tutorial_taskflow_api_virtualenv example DAG requires virtualenv, please install it.
[2025-12-06T04:40:09.799+0500] {processor.py:842} WARNING - No viable dags retrieved from /Users/symbat/airflow_local/.venv/lib/python3.11/site-packages/airflow/example_dags/tutorial_taskflow_api_virtualenv.py
[2025-12-06T04:40:09.872+0500] {processor.py:183} INFO - Processing /Users/symbat/airflow_local/.venv/lib/python3.11/site-packages/airflow/example_dags/tutorial_taskflow_api_virtualenv.py took 0.111 seconds
[2025-12-06T04:42:47.893+0500] {processor.py:161} INFO - Started process (PID=85638) to work on /Users/symbat/airflow_local/.venv/lib/python3.11/site-packages/airflow/example_dags/tutorial_taskflow_api_virtualenv.py
[2025-12-06T04:42:47.894+0500] {processor.py:830} INFO - Processing file /Users/symbat/airflow_local/.venv/lib/python3.11/site-packages/airflow/example_dags/tutorial_taskflow_api_virtualenv.py for tasks to queue
[2025-12-06T04:42:47.894+0500] {logging_mixin.py:188} INFO - [2025-12-06T04:42:47.894+0500] {dagbag.py:545} INFO - Filling up the DagBag from /Users/symbat/airflow_local/.venv/lib/python3.11/site-packages/airflow/example_dags/tutorial_taskflow_api_virtualenv.py
[2025-12-06T04:42:47.917+0500] {logging_mixin.py:188} INFO - [2025-12-06T04:42:47.917+0500] {tutorial_taskflow_api_virtualenv.py:29} WARNING - The tutorial_taskflow_api_virtualenv example DAG requires virtualenv, please install it.
[2025-12-06T04:42:47.918+0500] {processor.py:842} WARNING - No viable dags retrieved from /Users/symbat/airflow_local/.venv/lib/python3.11/site-packages/airflow/example_dags/tutorial_taskflow_api_virtualenv.py
[2025-12-06T04:42:47.956+0500] {processor.py:183} INFO - Processing /Users/symbat/airflow_local/.venv/lib/python3.11/site-packages/airflow/example_dags/tutorial_taskflow_api_virtualenv.py took 0.065 seconds
[2025-12-06T04:45:10.570+0500] {processor.py:161} INFO - Started process (PID=85769) to work on /Users/symbat/airflow_local/.venv/lib/python3.11/site-packages/airflow/example_dags/tutorial_taskflow_api_virtualenv.py
[2025-12-06T04:45:10.571+0500] {processor.py:830} INFO - Processing file /Users/symbat/airflow_local/.venv/lib/python3.11/site-packages/airflow/example_dags/tutorial_taskflow_api_virtualenv.py for tasks to queue
[2025-12-06T04:45:10.571+0500] {logging_mixin.py:188} INFO - [2025-12-06T04:45:10.571+0500] {dagbag.py:545} INFO - Filling up the DagBag from /Users/symbat/airflow_local/.venv/lib/python3.11/site-packages/airflow/example_dags/tutorial_taskflow_api_virtualenv.py
[2025-12-06T04:45:10.593+0500] {logging_mixin.py:188} INFO - [2025-12-06T04:45:10.593+0500] {tutorial_taskflow_api_virtualenv.py:29} WARNING - The tutorial_taskflow_api_virtualenv example DAG requires virtualenv, please install it.
[2025-12-06T04:45:10.594+0500] {processor.py:842} WARNING - No viable dags retrieved from /Users/symbat/airflow_local/.venv/lib/python3.11/site-packages/airflow/example_dags/tutorial_taskflow_api_virtualenv.py
[2025-12-06T04:45:10.631+0500] {processor.py:183} INFO - Processing /Users/symbat/airflow_local/.venv/lib/python3.11/site-packages/airflow/example_dags/tutorial_taskflow_api_virtualenv.py took 0.063 seconds
[2025-12-06T04:47:43.496+0500] {processor.py:161} INFO - Started process (PID=85902) to work on /Users/symbat/airflow_local/.venv/lib/python3.11/site-packages/airflow/example_dags/tutorial_taskflow_api_virtualenv.py
[2025-12-06T04:47:43.496+0500] {processor.py:830} INFO - Processing file /Users/symbat/airflow_local/.venv/lib/python3.11/site-packages/airflow/example_dags/tutorial_taskflow_api_virtualenv.py for tasks to queue
[2025-12-06T04:47:43.497+0500] {logging_mixin.py:188} INFO - [2025-12-06T04:47:43.497+0500] {dagbag.py:545} INFO - Filling up the DagBag from /Users/symbat/airflow_local/.venv/lib/python3.11/site-packages/airflow/example_dags/tutorial_taskflow_api_virtualenv.py
[2025-12-06T04:47:43.514+0500] {logging_mixin.py:188} INFO - [2025-12-06T04:47:43.514+0500] {tutorial_taskflow_api_virtualenv.py:29} WARNING - The tutorial_taskflow_api_virtualenv example DAG requires virtualenv, please install it.
[2025-12-06T04:47:43.514+0500] {processor.py:842} WARNING - No viable dags retrieved from /Users/symbat/airflow_local/.venv/lib/python3.11/site-packages/airflow/example_dags/tutorial_taskflow_api_virtualenv.py
[2025-12-06T04:47:43.545+0500] {processor.py:183} INFO - Processing /Users/symbat/airflow_local/.venv/lib/python3.11/site-packages/airflow/example_dags/tutorial_taskflow_api_virtualenv.py took 0.051 seconds
[2025-12-06T04:50:11.396+0500] {processor.py:161} INFO - Started process (PID=86323) to work on /Users/symbat/airflow_local/.venv/lib/python3.11/site-packages/airflow/example_dags/tutorial_taskflow_api_virtualenv.py
[2025-12-06T04:50:11.397+0500] {processor.py:830} INFO - Processing file /Users/symbat/airflow_local/.venv/lib/python3.11/site-packages/airflow/example_dags/tutorial_taskflow_api_virtualenv.py for tasks to queue
[2025-12-06T04:50:11.397+0500] {logging_mixin.py:188} INFO - [2025-12-06T04:50:11.397+0500] {dagbag.py:545} INFO - Filling up the DagBag from /Users/symbat/airflow_local/.venv/lib/python3.11/site-packages/airflow/example_dags/tutorial_taskflow_api_virtualenv.py
[2025-12-06T04:50:11.427+0500] {logging_mixin.py:188} INFO - [2025-12-06T04:50:11.427+0500] {tutorial_taskflow_api_virtualenv.py:29} WARNING - The tutorial_taskflow_api_virtualenv example DAG requires virtualenv, please install it.
[2025-12-06T04:50:11.427+0500] {processor.py:842} WARNING - No viable dags retrieved from /Users/symbat/airflow_local/.venv/lib/python3.11/site-packages/airflow/example_dags/tutorial_taskflow_api_virtualenv.py
[2025-12-06T04:50:11.473+0500] {processor.py:183} INFO - Processing /Users/symbat/airflow_local/.venv/lib/python3.11/site-packages/airflow/example_dags/tutorial_taskflow_api_virtualenv.py took 0.079 seconds
[2025-12-06T04:52:45.987+0500] {processor.py:161} INFO - Started process (PID=86575) to work on /Users/symbat/airflow_local/.venv/lib/python3.11/site-packages/airflow/example_dags/tutorial_taskflow_api_virtualenv.py
[2025-12-06T04:52:45.988+0500] {processor.py:830} INFO - Processing file /Users/symbat/airflow_local/.venv/lib/python3.11/site-packages/airflow/example_dags/tutorial_taskflow_api_virtualenv.py for tasks to queue
[2025-12-06T04:52:45.988+0500] {logging_mixin.py:188} INFO - [2025-12-06T04:52:45.988+0500] {dagbag.py:545} INFO - Filling up the DagBag from /Users/symbat/airflow_local/.venv/lib/python3.11/site-packages/airflow/example_dags/tutorial_taskflow_api_virtualenv.py
[2025-12-06T04:52:46.007+0500] {logging_mixin.py:188} INFO - [2025-12-06T04:52:46.007+0500] {tutorial_taskflow_api_virtualenv.py:29} WARNING - The tutorial_taskflow_api_virtualenv example DAG requires virtualenv, please install it.
[2025-12-06T04:52:46.007+0500] {processor.py:842} WARNING - No viable dags retrieved from /Users/symbat/airflow_local/.venv/lib/python3.11/site-packages/airflow/example_dags/tutorial_taskflow_api_virtualenv.py
[2025-12-06T04:52:46.040+0500] {processor.py:183} INFO - Processing /Users/symbat/airflow_local/.venv/lib/python3.11/site-packages/airflow/example_dags/tutorial_taskflow_api_virtualenv.py took 0.055 seconds
[2025-12-06T04:55:19.736+0500] {processor.py:161} INFO - Started process (PID=87353) to work on /Users/symbat/airflow_local/.venv/lib/python3.11/site-packages/airflow/example_dags/tutorial_taskflow_api_virtualenv.py
[2025-12-06T04:55:19.738+0500] {processor.py:830} INFO - Processing file /Users/symbat/airflow_local/.venv/lib/python3.11/site-packages/airflow/example_dags/tutorial_taskflow_api_virtualenv.py for tasks to queue
[2025-12-06T04:55:19.738+0500] {logging_mixin.py:188} INFO - [2025-12-06T04:55:19.738+0500] {dagbag.py:545} INFO - Filling up the DagBag from /Users/symbat/airflow_local/.venv/lib/python3.11/site-packages/airflow/example_dags/tutorial_taskflow_api_virtualenv.py
[2025-12-06T04:55:19.759+0500] {logging_mixin.py:188} INFO - [2025-12-06T04:55:19.759+0500] {tutorial_taskflow_api_virtualenv.py:29} WARNING - The tutorial_taskflow_api_virtualenv example DAG requires virtualenv, please install it.
[2025-12-06T04:55:19.759+0500] {processor.py:842} WARNING - No viable dags retrieved from /Users/symbat/airflow_local/.venv/lib/python3.11/site-packages/airflow/example_dags/tutorial_taskflow_api_virtualenv.py
[2025-12-06T04:55:19.802+0500] {processor.py:183} INFO - Processing /Users/symbat/airflow_local/.venv/lib/python3.11/site-packages/airflow/example_dags/tutorial_taskflow_api_virtualenv.py took 0.070 seconds
[2025-12-06T04:57:46.028+0500] {processor.py:161} INFO - Started process (PID=87526) to work on /Users/symbat/airflow_local/.venv/lib/python3.11/site-packages/airflow/example_dags/tutorial_taskflow_api_virtualenv.py
[2025-12-06T04:57:46.030+0500] {processor.py:830} INFO - Processing file /Users/symbat/airflow_local/.venv/lib/python3.11/site-packages/airflow/example_dags/tutorial_taskflow_api_virtualenv.py for tasks to queue
[2025-12-06T04:57:46.031+0500] {logging_mixin.py:188} INFO - [2025-12-06T04:57:46.030+0500] {dagbag.py:545} INFO - Filling up the DagBag from /Users/symbat/airflow_local/.venv/lib/python3.11/site-packages/airflow/example_dags/tutorial_taskflow_api_virtualenv.py
[2025-12-06T04:57:46.052+0500] {logging_mixin.py:188} INFO - [2025-12-06T04:57:46.051+0500] {tutorial_taskflow_api_virtualenv.py:29} WARNING - The tutorial_taskflow_api_virtualenv example DAG requires virtualenv, please install it.
[2025-12-06T04:57:46.052+0500] {processor.py:842} WARNING - No viable dags retrieved from /Users/symbat/airflow_local/.venv/lib/python3.11/site-packages/airflow/example_dags/tutorial_taskflow_api_virtualenv.py
[2025-12-06T04:57:46.091+0500] {processor.py:183} INFO - Processing /Users/symbat/airflow_local/.venv/lib/python3.11/site-packages/airflow/example_dags/tutorial_taskflow_api_virtualenv.py took 0.066 seconds
