[2025-12-06T03:55:04.980+0500] {processor.py:161} INFO - Started process (PID=79484) to work on /Users/symbat/airflow_local/.venv/lib/python3.11/site-packages/airflow/example_dags/plugins/event_listener.py
[2025-12-06T03:55:04.983+0500] {processor.py:830} INFO - Processing file /Users/symbat/airflow_local/.venv/lib/python3.11/site-packages/airflow/example_dags/plugins/event_listener.py for tasks to queue
[2025-12-06T03:55:04.984+0500] {logging_mixin.py:188} INFO - [2025-12-06T03:55:04.984+0500] {dagbag.py:545} INFO - Filling up the DagBag from /Users/symbat/airflow_local/.venv/lib/python3.11/site-packages/airflow/example_dags/plugins/event_listener.py
[2025-12-06T03:55:04.986+0500] {processor.py:842} WARNING - No viable dags retrieved from /Users/symbat/airflow_local/.venv/lib/python3.11/site-packages/airflow/example_dags/plugins/event_listener.py
[2025-12-06T03:55:05.046+0500] {processor.py:183} INFO - Processing /Users/symbat/airflow_local/.venv/lib/python3.11/site-packages/airflow/example_dags/plugins/event_listener.py took 0.072 seconds
[2025-12-06T03:57:07.639+0500] {processor.py:161} INFO - Started process (PID=79650) to work on /Users/symbat/airflow_local/.venv/lib/python3.11/site-packages/airflow/example_dags/plugins/event_listener.py
[2025-12-06T03:57:07.640+0500] {processor.py:830} INFO - Processing file /Users/symbat/airflow_local/.venv/lib/python3.11/site-packages/airflow/example_dags/plugins/event_listener.py for tasks to queue
[2025-12-06T03:57:07.640+0500] {logging_mixin.py:188} INFO - [2025-12-06T03:57:07.640+0500] {dagbag.py:545} INFO - Filling up the DagBag from /Users/symbat/airflow_local/.venv/lib/python3.11/site-packages/airflow/example_dags/plugins/event_listener.py
[2025-12-06T03:57:07.641+0500] {processor.py:842} WARNING - No viable dags retrieved from /Users/symbat/airflow_local/.venv/lib/python3.11/site-packages/airflow/example_dags/plugins/event_listener.py
[2025-12-06T03:57:07.679+0500] {processor.py:183} INFO - Processing /Users/symbat/airflow_local/.venv/lib/python3.11/site-packages/airflow/example_dags/plugins/event_listener.py took 0.042 seconds
[2025-12-06T03:58:35.706+0500] {processor.py:161} INFO - Started process (PID=79738) to work on /Users/symbat/airflow_local/.venv/lib/python3.11/site-packages/airflow/example_dags/plugins/event_listener.py
[2025-12-06T03:58:35.708+0500] {processor.py:830} INFO - Processing file /Users/symbat/airflow_local/.venv/lib/python3.11/site-packages/airflow/example_dags/plugins/event_listener.py for tasks to queue
[2025-12-06T03:58:35.708+0500] {logging_mixin.py:188} INFO - [2025-12-06T03:58:35.708+0500] {dagbag.py:545} INFO - Filling up the DagBag from /Users/symbat/airflow_local/.venv/lib/python3.11/site-packages/airflow/example_dags/plugins/event_listener.py
[2025-12-06T03:58:35.709+0500] {processor.py:842} WARNING - No viable dags retrieved from /Users/symbat/airflow_local/.venv/lib/python3.11/site-packages/airflow/example_dags/plugins/event_listener.py
[2025-12-06T03:58:35.756+0500] {processor.py:183} INFO - Processing /Users/symbat/airflow_local/.venv/lib/python3.11/site-packages/airflow/example_dags/plugins/event_listener.py took 0.056 seconds
[2025-12-06T04:00:11.675+0500] {processor.py:161} INFO - Started process (PID=80318) to work on /Users/symbat/airflow_local/.venv/lib/python3.11/site-packages/airflow/example_dags/plugins/event_listener.py
[2025-12-06T04:00:11.675+0500] {processor.py:830} INFO - Processing file /Users/symbat/airflow_local/.venv/lib/python3.11/site-packages/airflow/example_dags/plugins/event_listener.py for tasks to queue
[2025-12-06T04:00:11.676+0500] {logging_mixin.py:188} INFO - [2025-12-06T04:00:11.676+0500] {dagbag.py:545} INFO - Filling up the DagBag from /Users/symbat/airflow_local/.venv/lib/python3.11/site-packages/airflow/example_dags/plugins/event_listener.py
[2025-12-06T04:00:11.676+0500] {processor.py:842} WARNING - No viable dags retrieved from /Users/symbat/airflow_local/.venv/lib/python3.11/site-packages/airflow/example_dags/plugins/event_listener.py
[2025-12-06T04:00:11.720+0500] {processor.py:183} INFO - Processing /Users/symbat/airflow_local/.venv/lib/python3.11/site-packages/airflow/example_dags/plugins/event_listener.py took 0.047 seconds
[2025-12-06T04:01:49.645+0500] {processor.py:161} INFO - Started process (PID=80454) to work on /Users/symbat/airflow_local/.venv/lib/python3.11/site-packages/airflow/example_dags/plugins/event_listener.py
[2025-12-06T04:01:49.646+0500] {processor.py:830} INFO - Processing file /Users/symbat/airflow_local/.venv/lib/python3.11/site-packages/airflow/example_dags/plugins/event_listener.py for tasks to queue
[2025-12-06T04:01:49.646+0500] {logging_mixin.py:188} INFO - [2025-12-06T04:01:49.646+0500] {dagbag.py:545} INFO - Filling up the DagBag from /Users/symbat/airflow_local/.venv/lib/python3.11/site-packages/airflow/example_dags/plugins/event_listener.py
[2025-12-06T04:01:49.647+0500] {processor.py:842} WARNING - No viable dags retrieved from /Users/symbat/airflow_local/.venv/lib/python3.11/site-packages/airflow/example_dags/plugins/event_listener.py
[2025-12-06T04:01:49.711+0500] {processor.py:183} INFO - Processing /Users/symbat/airflow_local/.venv/lib/python3.11/site-packages/airflow/example_dags/plugins/event_listener.py took 0.068 seconds
[2025-12-06T04:03:32.479+0500] {processor.py:161} INFO - Started process (PID=80944) to work on /Users/symbat/airflow_local/.venv/lib/python3.11/site-packages/airflow/example_dags/plugins/event_listener.py
[2025-12-06T04:03:32.481+0500] {processor.py:830} INFO - Processing file /Users/symbat/airflow_local/.venv/lib/python3.11/site-packages/airflow/example_dags/plugins/event_listener.py for tasks to queue
[2025-12-06T04:03:32.481+0500] {logging_mixin.py:188} INFO - [2025-12-06T04:03:32.481+0500] {dagbag.py:545} INFO - Filling up the DagBag from /Users/symbat/airflow_local/.venv/lib/python3.11/site-packages/airflow/example_dags/plugins/event_listener.py
[2025-12-06T04:03:32.482+0500] {processor.py:842} WARNING - No viable dags retrieved from /Users/symbat/airflow_local/.venv/lib/python3.11/site-packages/airflow/example_dags/plugins/event_listener.py
[2025-12-06T04:03:32.523+0500] {processor.py:183} INFO - Processing /Users/symbat/airflow_local/.venv/lib/python3.11/site-packages/airflow/example_dags/plugins/event_listener.py took 0.045 seconds
[2025-12-06T04:05:14.906+0500] {processor.py:161} INFO - Started process (PID=81241) to work on /Users/symbat/airflow_local/.venv/lib/python3.11/site-packages/airflow/example_dags/plugins/event_listener.py
[2025-12-06T04:05:14.907+0500] {processor.py:830} INFO - Processing file /Users/symbat/airflow_local/.venv/lib/python3.11/site-packages/airflow/example_dags/plugins/event_listener.py for tasks to queue
[2025-12-06T04:05:14.907+0500] {logging_mixin.py:188} INFO - [2025-12-06T04:05:14.907+0500] {dagbag.py:545} INFO - Filling up the DagBag from /Users/symbat/airflow_local/.venv/lib/python3.11/site-packages/airflow/example_dags/plugins/event_listener.py
[2025-12-06T04:05:14.908+0500] {processor.py:842} WARNING - No viable dags retrieved from /Users/symbat/airflow_local/.venv/lib/python3.11/site-packages/airflow/example_dags/plugins/event_listener.py
[2025-12-06T04:05:14.959+0500] {processor.py:183} INFO - Processing /Users/symbat/airflow_local/.venv/lib/python3.11/site-packages/airflow/example_dags/plugins/event_listener.py took 0.055 seconds
[2025-12-06T04:06:58.744+0500] {processor.py:161} INFO - Started process (PID=81508) to work on /Users/symbat/airflow_local/.venv/lib/python3.11/site-packages/airflow/example_dags/plugins/event_listener.py
[2025-12-06T04:06:58.746+0500] {processor.py:830} INFO - Processing file /Users/symbat/airflow_local/.venv/lib/python3.11/site-packages/airflow/example_dags/plugins/event_listener.py for tasks to queue
[2025-12-06T04:06:58.747+0500] {logging_mixin.py:188} INFO - [2025-12-06T04:06:58.746+0500] {dagbag.py:545} INFO - Filling up the DagBag from /Users/symbat/airflow_local/.venv/lib/python3.11/site-packages/airflow/example_dags/plugins/event_listener.py
[2025-12-06T04:06:58.749+0500] {processor.py:842} WARNING - No viable dags retrieved from /Users/symbat/airflow_local/.venv/lib/python3.11/site-packages/airflow/example_dags/plugins/event_listener.py
[2025-12-06T04:06:58.807+0500] {processor.py:183} INFO - Processing /Users/symbat/airflow_local/.venv/lib/python3.11/site-packages/airflow/example_dags/plugins/event_listener.py took 0.068 seconds
[2025-12-06T04:08:38.904+0500] {processor.py:161} INFO - Started process (PID=81615) to work on /Users/symbat/airflow_local/.venv/lib/python3.11/site-packages/airflow/example_dags/plugins/event_listener.py
[2025-12-06T04:08:38.905+0500] {processor.py:830} INFO - Processing file /Users/symbat/airflow_local/.venv/lib/python3.11/site-packages/airflow/example_dags/plugins/event_listener.py for tasks to queue
[2025-12-06T04:08:38.906+0500] {logging_mixin.py:188} INFO - [2025-12-06T04:08:38.906+0500] {dagbag.py:545} INFO - Filling up the DagBag from /Users/symbat/airflow_local/.venv/lib/python3.11/site-packages/airflow/example_dags/plugins/event_listener.py
[2025-12-06T04:08:38.907+0500] {processor.py:842} WARNING - No viable dags retrieved from /Users/symbat/airflow_local/.venv/lib/python3.11/site-packages/airflow/example_dags/plugins/event_listener.py
[2025-12-06T04:08:38.998+0500] {processor.py:183} INFO - Processing /Users/symbat/airflow_local/.venv/lib/python3.11/site-packages/airflow/example_dags/plugins/event_listener.py took 0.098 seconds
[2025-12-06T04:10:24.699+0500] {processor.py:161} INFO - Started process (PID=81756) to work on /Users/symbat/airflow_local/.venv/lib/python3.11/site-packages/airflow/example_dags/plugins/event_listener.py
[2025-12-06T04:10:24.701+0500] {processor.py:830} INFO - Processing file /Users/symbat/airflow_local/.venv/lib/python3.11/site-packages/airflow/example_dags/plugins/event_listener.py for tasks to queue
[2025-12-06T04:10:24.701+0500] {logging_mixin.py:188} INFO - [2025-12-06T04:10:24.701+0500] {dagbag.py:545} INFO - Filling up the DagBag from /Users/symbat/airflow_local/.venv/lib/python3.11/site-packages/airflow/example_dags/plugins/event_listener.py
[2025-12-06T04:10:24.702+0500] {processor.py:842} WARNING - No viable dags retrieved from /Users/symbat/airflow_local/.venv/lib/python3.11/site-packages/airflow/example_dags/plugins/event_listener.py
[2025-12-06T04:10:24.762+0500] {processor.py:183} INFO - Processing /Users/symbat/airflow_local/.venv/lib/python3.11/site-packages/airflow/example_dags/plugins/event_listener.py took 0.066 seconds
[2025-12-06T04:12:02.265+0500] {processor.py:161} INFO - Started process (PID=81880) to work on /Users/symbat/airflow_local/.venv/lib/python3.11/site-packages/airflow/example_dags/plugins/event_listener.py
[2025-12-06T04:12:02.267+0500] {processor.py:830} INFO - Processing file /Users/symbat/airflow_local/.venv/lib/python3.11/site-packages/airflow/example_dags/plugins/event_listener.py for tasks to queue
[2025-12-06T04:12:02.268+0500] {logging_mixin.py:188} INFO - [2025-12-06T04:12:02.268+0500] {dagbag.py:545} INFO - Filling up the DagBag from /Users/symbat/airflow_local/.venv/lib/python3.11/site-packages/airflow/example_dags/plugins/event_listener.py
[2025-12-06T04:12:02.269+0500] {processor.py:842} WARNING - No viable dags retrieved from /Users/symbat/airflow_local/.venv/lib/python3.11/site-packages/airflow/example_dags/plugins/event_listener.py
[2025-12-06T04:12:02.324+0500] {processor.py:183} INFO - Processing /Users/symbat/airflow_local/.venv/lib/python3.11/site-packages/airflow/example_dags/plugins/event_listener.py took 0.063 seconds
[2025-12-06T04:13:43.849+0500] {processor.py:161} INFO - Started process (PID=82051) to work on /Users/symbat/airflow_local/.venv/lib/python3.11/site-packages/airflow/example_dags/plugins/event_listener.py
[2025-12-06T04:13:43.851+0500] {processor.py:830} INFO - Processing file /Users/symbat/airflow_local/.venv/lib/python3.11/site-packages/airflow/example_dags/plugins/event_listener.py for tasks to queue
[2025-12-06T04:13:43.852+0500] {logging_mixin.py:188} INFO - [2025-12-06T04:13:43.852+0500] {dagbag.py:545} INFO - Filling up the DagBag from /Users/symbat/airflow_local/.venv/lib/python3.11/site-packages/airflow/example_dags/plugins/event_listener.py
[2025-12-06T04:13:43.854+0500] {processor.py:842} WARNING - No viable dags retrieved from /Users/symbat/airflow_local/.venv/lib/python3.11/site-packages/airflow/example_dags/plugins/event_listener.py
[2025-12-06T04:13:43.928+0500] {processor.py:183} INFO - Processing /Users/symbat/airflow_local/.venv/lib/python3.11/site-packages/airflow/example_dags/plugins/event_listener.py took 0.086 seconds
[2025-12-06T04:15:22.940+0500] {processor.py:161} INFO - Started process (PID=82176) to work on /Users/symbat/airflow_local/.venv/lib/python3.11/site-packages/airflow/example_dags/plugins/event_listener.py
[2025-12-06T04:15:22.942+0500] {processor.py:830} INFO - Processing file /Users/symbat/airflow_local/.venv/lib/python3.11/site-packages/airflow/example_dags/plugins/event_listener.py for tasks to queue
[2025-12-06T04:15:22.943+0500] {logging_mixin.py:188} INFO - [2025-12-06T04:15:22.942+0500] {dagbag.py:545} INFO - Filling up the DagBag from /Users/symbat/airflow_local/.venv/lib/python3.11/site-packages/airflow/example_dags/plugins/event_listener.py
[2025-12-06T04:15:22.944+0500] {processor.py:842} WARNING - No viable dags retrieved from /Users/symbat/airflow_local/.venv/lib/python3.11/site-packages/airflow/example_dags/plugins/event_listener.py
[2025-12-06T04:15:23.006+0500] {processor.py:183} INFO - Processing /Users/symbat/airflow_local/.venv/lib/python3.11/site-packages/airflow/example_dags/plugins/event_listener.py took 0.071 seconds
[2025-12-06T04:16:57.980+0500] {processor.py:161} INFO - Started process (PID=82287) to work on /Users/symbat/airflow_local/.venv/lib/python3.11/site-packages/airflow/example_dags/plugins/event_listener.py
[2025-12-06T04:16:57.981+0500] {processor.py:830} INFO - Processing file /Users/symbat/airflow_local/.venv/lib/python3.11/site-packages/airflow/example_dags/plugins/event_listener.py for tasks to queue
[2025-12-06T04:16:57.981+0500] {logging_mixin.py:188} INFO - [2025-12-06T04:16:57.981+0500] {dagbag.py:545} INFO - Filling up the DagBag from /Users/symbat/airflow_local/.venv/lib/python3.11/site-packages/airflow/example_dags/plugins/event_listener.py
[2025-12-06T04:16:57.982+0500] {processor.py:842} WARNING - No viable dags retrieved from /Users/symbat/airflow_local/.venv/lib/python3.11/site-packages/airflow/example_dags/plugins/event_listener.py
[2025-12-06T04:16:58.023+0500] {processor.py:183} INFO - Processing /Users/symbat/airflow_local/.venv/lib/python3.11/site-packages/airflow/example_dags/plugins/event_listener.py took 0.048 seconds
[2025-12-06T04:18:30.119+0500] {processor.py:161} INFO - Started process (PID=82399) to work on /Users/symbat/airflow_local/.venv/lib/python3.11/site-packages/airflow/example_dags/plugins/event_listener.py
[2025-12-06T04:18:30.121+0500] {processor.py:830} INFO - Processing file /Users/symbat/airflow_local/.venv/lib/python3.11/site-packages/airflow/example_dags/plugins/event_listener.py for tasks to queue
[2025-12-06T04:18:30.122+0500] {logging_mixin.py:188} INFO - [2025-12-06T04:18:30.122+0500] {dagbag.py:545} INFO - Filling up the DagBag from /Users/symbat/airflow_local/.venv/lib/python3.11/site-packages/airflow/example_dags/plugins/event_listener.py
[2025-12-06T04:18:30.124+0500] {processor.py:842} WARNING - No viable dags retrieved from /Users/symbat/airflow_local/.venv/lib/python3.11/site-packages/airflow/example_dags/plugins/event_listener.py
[2025-12-06T04:18:30.194+0500] {processor.py:183} INFO - Processing /Users/symbat/airflow_local/.venv/lib/python3.11/site-packages/airflow/example_dags/plugins/event_listener.py took 0.077 seconds
[2025-12-06T04:20:06.589+0500] {processor.py:161} INFO - Started process (PID=82495) to work on /Users/symbat/airflow_local/.venv/lib/python3.11/site-packages/airflow/example_dags/plugins/event_listener.py
[2025-12-06T04:20:06.590+0500] {processor.py:830} INFO - Processing file /Users/symbat/airflow_local/.venv/lib/python3.11/site-packages/airflow/example_dags/plugins/event_listener.py for tasks to queue
[2025-12-06T04:20:06.590+0500] {logging_mixin.py:188} INFO - [2025-12-06T04:20:06.590+0500] {dagbag.py:545} INFO - Filling up the DagBag from /Users/symbat/airflow_local/.venv/lib/python3.11/site-packages/airflow/example_dags/plugins/event_listener.py
[2025-12-06T04:20:06.591+0500] {processor.py:842} WARNING - No viable dags retrieved from /Users/symbat/airflow_local/.venv/lib/python3.11/site-packages/airflow/example_dags/plugins/event_listener.py
[2025-12-06T04:20:06.642+0500] {processor.py:183} INFO - Processing /Users/symbat/airflow_local/.venv/lib/python3.11/site-packages/airflow/example_dags/plugins/event_listener.py took 0.055 seconds
[2025-12-06T04:21:33.131+0500] {processor.py:161} INFO - Started process (PID=82593) to work on /Users/symbat/airflow_local/.venv/lib/python3.11/site-packages/airflow/example_dags/plugins/event_listener.py
[2025-12-06T04:21:33.132+0500] {processor.py:830} INFO - Processing file /Users/symbat/airflow_local/.venv/lib/python3.11/site-packages/airflow/example_dags/plugins/event_listener.py for tasks to queue
[2025-12-06T04:21:33.132+0500] {logging_mixin.py:188} INFO - [2025-12-06T04:21:33.132+0500] {dagbag.py:545} INFO - Filling up the DagBag from /Users/symbat/airflow_local/.venv/lib/python3.11/site-packages/airflow/example_dags/plugins/event_listener.py
[2025-12-06T04:21:33.133+0500] {processor.py:842} WARNING - No viable dags retrieved from /Users/symbat/airflow_local/.venv/lib/python3.11/site-packages/airflow/example_dags/plugins/event_listener.py
[2025-12-06T04:21:33.175+0500] {processor.py:183} INFO - Processing /Users/symbat/airflow_local/.venv/lib/python3.11/site-packages/airflow/example_dags/plugins/event_listener.py took 0.046 seconds
[2025-12-06T04:22:57.266+0500] {processor.py:161} INFO - Started process (PID=82698) to work on /Users/symbat/airflow_local/.venv/lib/python3.11/site-packages/airflow/example_dags/plugins/event_listener.py
[2025-12-06T04:22:57.266+0500] {processor.py:830} INFO - Processing file /Users/symbat/airflow_local/.venv/lib/python3.11/site-packages/airflow/example_dags/plugins/event_listener.py for tasks to queue
[2025-12-06T04:22:57.267+0500] {logging_mixin.py:188} INFO - [2025-12-06T04:22:57.267+0500] {dagbag.py:545} INFO - Filling up the DagBag from /Users/symbat/airflow_local/.venv/lib/python3.11/site-packages/airflow/example_dags/plugins/event_listener.py
[2025-12-06T04:22:57.267+0500] {processor.py:842} WARNING - No viable dags retrieved from /Users/symbat/airflow_local/.venv/lib/python3.11/site-packages/airflow/example_dags/plugins/event_listener.py
[2025-12-06T04:22:57.306+0500] {processor.py:183} INFO - Processing /Users/symbat/airflow_local/.venv/lib/python3.11/site-packages/airflow/example_dags/plugins/event_listener.py took 0.042 seconds
[2025-12-06T04:24:23.416+0500] {processor.py:161} INFO - Started process (PID=82793) to work on /Users/symbat/airflow_local/.venv/lib/python3.11/site-packages/airflow/example_dags/plugins/event_listener.py
[2025-12-06T04:24:23.417+0500] {processor.py:830} INFO - Processing file /Users/symbat/airflow_local/.venv/lib/python3.11/site-packages/airflow/example_dags/plugins/event_listener.py for tasks to queue
[2025-12-06T04:24:23.417+0500] {logging_mixin.py:188} INFO - [2025-12-06T04:24:23.417+0500] {dagbag.py:545} INFO - Filling up the DagBag from /Users/symbat/airflow_local/.venv/lib/python3.11/site-packages/airflow/example_dags/plugins/event_listener.py
[2025-12-06T04:24:23.418+0500] {processor.py:842} WARNING - No viable dags retrieved from /Users/symbat/airflow_local/.venv/lib/python3.11/site-packages/airflow/example_dags/plugins/event_listener.py
[2025-12-06T04:24:23.489+0500] {processor.py:183} INFO - Processing /Users/symbat/airflow_local/.venv/lib/python3.11/site-packages/airflow/example_dags/plugins/event_listener.py took 0.077 seconds
[2025-12-06T04:26:03.137+0500] {processor.py:161} INFO - Started process (PID=83173) to work on /Users/symbat/airflow_local/.venv/lib/python3.11/site-packages/airflow/example_dags/plugins/event_listener.py
[2025-12-06T04:26:03.139+0500] {processor.py:830} INFO - Processing file /Users/symbat/airflow_local/.venv/lib/python3.11/site-packages/airflow/example_dags/plugins/event_listener.py for tasks to queue
[2025-12-06T04:26:03.140+0500] {logging_mixin.py:188} INFO - [2025-12-06T04:26:03.140+0500] {dagbag.py:545} INFO - Filling up the DagBag from /Users/symbat/airflow_local/.venv/lib/python3.11/site-packages/airflow/example_dags/plugins/event_listener.py
[2025-12-06T04:26:03.142+0500] {processor.py:842} WARNING - No viable dags retrieved from /Users/symbat/airflow_local/.venv/lib/python3.11/site-packages/airflow/example_dags/plugins/event_listener.py
[2025-12-06T04:26:03.189+0500] {processor.py:183} INFO - Processing /Users/symbat/airflow_local/.venv/lib/python3.11/site-packages/airflow/example_dags/plugins/event_listener.py took 0.055 seconds
[2025-12-06T04:27:49.237+0500] {processor.py:161} INFO - Started process (PID=83422) to work on /Users/symbat/airflow_local/.venv/lib/python3.11/site-packages/airflow/example_dags/plugins/event_listener.py
[2025-12-06T04:27:49.239+0500] {processor.py:830} INFO - Processing file /Users/symbat/airflow_local/.venv/lib/python3.11/site-packages/airflow/example_dags/plugins/event_listener.py for tasks to queue
[2025-12-06T04:27:49.239+0500] {logging_mixin.py:188} INFO - [2025-12-06T04:27:49.239+0500] {dagbag.py:545} INFO - Filling up the DagBag from /Users/symbat/airflow_local/.venv/lib/python3.11/site-packages/airflow/example_dags/plugins/event_listener.py
[2025-12-06T04:27:49.240+0500] {processor.py:842} WARNING - No viable dags retrieved from /Users/symbat/airflow_local/.venv/lib/python3.11/site-packages/airflow/example_dags/plugins/event_listener.py
[2025-12-06T04:27:49.278+0500] {processor.py:183} INFO - Processing /Users/symbat/airflow_local/.venv/lib/python3.11/site-packages/airflow/example_dags/plugins/event_listener.py took 0.042 seconds
[2025-12-06T04:29:32.583+0500] {processor.py:161} INFO - Started process (PID=83719) to work on /Users/symbat/airflow_local/.venv/lib/python3.11/site-packages/airflow/example_dags/plugins/event_listener.py
[2025-12-06T04:29:32.584+0500] {processor.py:830} INFO - Processing file /Users/symbat/airflow_local/.venv/lib/python3.11/site-packages/airflow/example_dags/plugins/event_listener.py for tasks to queue
[2025-12-06T04:29:32.584+0500] {logging_mixin.py:188} INFO - [2025-12-06T04:29:32.584+0500] {dagbag.py:545} INFO - Filling up the DagBag from /Users/symbat/airflow_local/.venv/lib/python3.11/site-packages/airflow/example_dags/plugins/event_listener.py
[2025-12-06T04:29:32.586+0500] {processor.py:842} WARNING - No viable dags retrieved from /Users/symbat/airflow_local/.venv/lib/python3.11/site-packages/airflow/example_dags/plugins/event_listener.py
[2025-12-06T04:29:32.639+0500] {processor.py:183} INFO - Processing /Users/symbat/airflow_local/.venv/lib/python3.11/site-packages/airflow/example_dags/plugins/event_listener.py took 0.059 seconds
[2025-12-06T04:31:31.971+0500] {processor.py:161} INFO - Started process (PID=83909) to work on /Users/symbat/airflow_local/.venv/lib/python3.11/site-packages/airflow/example_dags/plugins/event_listener.py
[2025-12-06T04:31:31.972+0500] {processor.py:830} INFO - Processing file /Users/symbat/airflow_local/.venv/lib/python3.11/site-packages/airflow/example_dags/plugins/event_listener.py for tasks to queue
[2025-12-06T04:31:31.972+0500] {logging_mixin.py:188} INFO - [2025-12-06T04:31:31.972+0500] {dagbag.py:545} INFO - Filling up the DagBag from /Users/symbat/airflow_local/.venv/lib/python3.11/site-packages/airflow/example_dags/plugins/event_listener.py
[2025-12-06T04:31:31.973+0500] {processor.py:842} WARNING - No viable dags retrieved from /Users/symbat/airflow_local/.venv/lib/python3.11/site-packages/airflow/example_dags/plugins/event_listener.py
[2025-12-06T04:31:32.007+0500] {processor.py:183} INFO - Processing /Users/symbat/airflow_local/.venv/lib/python3.11/site-packages/airflow/example_dags/plugins/event_listener.py took 0.038 seconds
[2025-12-06T04:33:22.765+0500] {processor.py:161} INFO - Started process (PID=84102) to work on /Users/symbat/airflow_local/.venv/lib/python3.11/site-packages/airflow/example_dags/plugins/event_listener.py
[2025-12-06T04:33:22.766+0500] {processor.py:830} INFO - Processing file /Users/symbat/airflow_local/.venv/lib/python3.11/site-packages/airflow/example_dags/plugins/event_listener.py for tasks to queue
[2025-12-06T04:33:22.766+0500] {logging_mixin.py:188} INFO - [2025-12-06T04:33:22.766+0500] {dagbag.py:545} INFO - Filling up the DagBag from /Users/symbat/airflow_local/.venv/lib/python3.11/site-packages/airflow/example_dags/plugins/event_listener.py
[2025-12-06T04:33:22.767+0500] {processor.py:842} WARNING - No viable dags retrieved from /Users/symbat/airflow_local/.venv/lib/python3.11/site-packages/airflow/example_dags/plugins/event_listener.py
[2025-12-06T04:33:22.802+0500] {processor.py:183} INFO - Processing /Users/symbat/airflow_local/.venv/lib/python3.11/site-packages/airflow/example_dags/plugins/event_listener.py took 0.039 seconds
[2025-12-06T04:35:10.514+0500] {processor.py:161} INFO - Started process (PID=84276) to work on /Users/symbat/airflow_local/.venv/lib/python3.11/site-packages/airflow/example_dags/plugins/event_listener.py
[2025-12-06T04:35:10.515+0500] {processor.py:830} INFO - Processing file /Users/symbat/airflow_local/.venv/lib/python3.11/site-packages/airflow/example_dags/plugins/event_listener.py for tasks to queue
[2025-12-06T04:35:10.515+0500] {logging_mixin.py:188} INFO - [2025-12-06T04:35:10.515+0500] {dagbag.py:545} INFO - Filling up the DagBag from /Users/symbat/airflow_local/.venv/lib/python3.11/site-packages/airflow/example_dags/plugins/event_listener.py
[2025-12-06T04:35:10.516+0500] {processor.py:842} WARNING - No viable dags retrieved from /Users/symbat/airflow_local/.venv/lib/python3.11/site-packages/airflow/example_dags/plugins/event_listener.py
[2025-12-06T04:35:10.563+0500] {processor.py:183} INFO - Processing /Users/symbat/airflow_local/.venv/lib/python3.11/site-packages/airflow/example_dags/plugins/event_listener.py took 0.052 seconds
[2025-12-06T04:37:22.116+0500] {processor.py:161} INFO - Started process (PID=84451) to work on /Users/symbat/airflow_local/.venv/lib/python3.11/site-packages/airflow/example_dags/plugins/event_listener.py
[2025-12-06T04:37:22.118+0500] {processor.py:830} INFO - Processing file /Users/symbat/airflow_local/.venv/lib/python3.11/site-packages/airflow/example_dags/plugins/event_listener.py for tasks to queue
[2025-12-06T04:37:22.119+0500] {logging_mixin.py:188} INFO - [2025-12-06T04:37:22.119+0500] {dagbag.py:545} INFO - Filling up the DagBag from /Users/symbat/airflow_local/.venv/lib/python3.11/site-packages/airflow/example_dags/plugins/event_listener.py
[2025-12-06T04:37:22.119+0500] {processor.py:842} WARNING - No viable dags retrieved from /Users/symbat/airflow_local/.venv/lib/python3.11/site-packages/airflow/example_dags/plugins/event_listener.py
[2025-12-06T04:37:22.172+0500] {processor.py:183} INFO - Processing /Users/symbat/airflow_local/.venv/lib/python3.11/site-packages/airflow/example_dags/plugins/event_listener.py took 0.063 seconds
