[2025-12-06T03:55:01.719+0500] {processor.py:161} INFO - Started process (PID=79480) to work on /Users/symbat/airflow_local/.venv/lib/python3.11/site-packages/airflow/example_dags/plugins/listener_plugin.py
[2025-12-06T03:55:01.719+0500] {processor.py:830} INFO - Processing file /Users/symbat/airflow_local/.venv/lib/python3.11/site-packages/airflow/example_dags/plugins/listener_plugin.py for tasks to queue
[2025-12-06T03:55:01.720+0500] {logging_mixin.py:188} INFO - [2025-12-06T03:55:01.720+0500] {dagbag.py:545} INFO - Filling up the DagBag from /Users/symbat/airflow_local/.venv/lib/python3.11/site-packages/airflow/example_dags/plugins/listener_plugin.py
[2025-12-06T03:55:01.721+0500] {processor.py:842} WARNING - No viable dags retrieved from /Users/symbat/airflow_local/.venv/lib/python3.11/site-packages/airflow/example_dags/plugins/listener_plugin.py
[2025-12-06T03:55:01.776+0500] {processor.py:183} INFO - Processing /Users/symbat/airflow_local/.venv/lib/python3.11/site-packages/airflow/example_dags/plugins/listener_plugin.py took 0.062 seconds
[2025-12-06T03:57:05.461+0500] {processor.py:161} INFO - Started process (PID=79648) to work on /Users/symbat/airflow_local/.venv/lib/python3.11/site-packages/airflow/example_dags/plugins/listener_plugin.py
[2025-12-06T03:57:05.461+0500] {processor.py:830} INFO - Processing file /Users/symbat/airflow_local/.venv/lib/python3.11/site-packages/airflow/example_dags/plugins/listener_plugin.py for tasks to queue
[2025-12-06T03:57:05.462+0500] {logging_mixin.py:188} INFO - [2025-12-06T03:57:05.462+0500] {dagbag.py:545} INFO - Filling up the DagBag from /Users/symbat/airflow_local/.venv/lib/python3.11/site-packages/airflow/example_dags/plugins/listener_plugin.py
[2025-12-06T03:57:05.464+0500] {processor.py:842} WARNING - No viable dags retrieved from /Users/symbat/airflow_local/.venv/lib/python3.11/site-packages/airflow/example_dags/plugins/listener_plugin.py
[2025-12-06T03:57:05.501+0500] {processor.py:183} INFO - Processing /Users/symbat/airflow_local/.venv/lib/python3.11/site-packages/airflow/example_dags/plugins/listener_plugin.py took 0.043 seconds
[2025-12-06T03:58:33.278+0500] {processor.py:161} INFO - Started process (PID=79736) to work on /Users/symbat/airflow_local/.venv/lib/python3.11/site-packages/airflow/example_dags/plugins/listener_plugin.py
[2025-12-06T03:58:33.281+0500] {processor.py:830} INFO - Processing file /Users/symbat/airflow_local/.venv/lib/python3.11/site-packages/airflow/example_dags/plugins/listener_plugin.py for tasks to queue
[2025-12-06T03:58:33.283+0500] {logging_mixin.py:188} INFO - [2025-12-06T03:58:33.282+0500] {dagbag.py:545} INFO - Filling up the DagBag from /Users/symbat/airflow_local/.venv/lib/python3.11/site-packages/airflow/example_dags/plugins/listener_plugin.py
[2025-12-06T03:58:33.289+0500] {processor.py:842} WARNING - No viable dags retrieved from /Users/symbat/airflow_local/.venv/lib/python3.11/site-packages/airflow/example_dags/plugins/listener_plugin.py
[2025-12-06T03:58:33.335+0500] {processor.py:183} INFO - Processing /Users/symbat/airflow_local/.venv/lib/python3.11/site-packages/airflow/example_dags/plugins/listener_plugin.py took 0.060 seconds
[2025-12-06T04:00:08.967+0500] {processor.py:161} INFO - Started process (PID=80316) to work on /Users/symbat/airflow_local/.venv/lib/python3.11/site-packages/airflow/example_dags/plugins/listener_plugin.py
[2025-12-06T04:00:08.967+0500] {processor.py:830} INFO - Processing file /Users/symbat/airflow_local/.venv/lib/python3.11/site-packages/airflow/example_dags/plugins/listener_plugin.py for tasks to queue
[2025-12-06T04:00:08.968+0500] {logging_mixin.py:188} INFO - [2025-12-06T04:00:08.968+0500] {dagbag.py:545} INFO - Filling up the DagBag from /Users/symbat/airflow_local/.venv/lib/python3.11/site-packages/airflow/example_dags/plugins/listener_plugin.py
[2025-12-06T04:00:08.970+0500] {processor.py:842} WARNING - No viable dags retrieved from /Users/symbat/airflow_local/.venv/lib/python3.11/site-packages/airflow/example_dags/plugins/listener_plugin.py
[2025-12-06T04:00:09.008+0500] {processor.py:183} INFO - Processing /Users/symbat/airflow_local/.venv/lib/python3.11/site-packages/airflow/example_dags/plugins/listener_plugin.py took 0.043 seconds
[2025-12-06T04:01:47.132+0500] {processor.py:161} INFO - Started process (PID=80452) to work on /Users/symbat/airflow_local/.venv/lib/python3.11/site-packages/airflow/example_dags/plugins/listener_plugin.py
[2025-12-06T04:01:47.133+0500] {processor.py:830} INFO - Processing file /Users/symbat/airflow_local/.venv/lib/python3.11/site-packages/airflow/example_dags/plugins/listener_plugin.py for tasks to queue
[2025-12-06T04:01:47.134+0500] {logging_mixin.py:188} INFO - [2025-12-06T04:01:47.134+0500] {dagbag.py:545} INFO - Filling up the DagBag from /Users/symbat/airflow_local/.venv/lib/python3.11/site-packages/airflow/example_dags/plugins/listener_plugin.py
[2025-12-06T04:01:47.136+0500] {processor.py:842} WARNING - No viable dags retrieved from /Users/symbat/airflow_local/.venv/lib/python3.11/site-packages/airflow/example_dags/plugins/listener_plugin.py
[2025-12-06T04:01:47.190+0500] {processor.py:183} INFO - Processing /Users/symbat/airflow_local/.venv/lib/python3.11/site-packages/airflow/example_dags/plugins/listener_plugin.py took 0.061 seconds
[2025-12-06T04:03:30.078+0500] {processor.py:161} INFO - Started process (PID=80940) to work on /Users/symbat/airflow_local/.venv/lib/python3.11/site-packages/airflow/example_dags/plugins/listener_plugin.py
[2025-12-06T04:03:30.079+0500] {processor.py:830} INFO - Processing file /Users/symbat/airflow_local/.venv/lib/python3.11/site-packages/airflow/example_dags/plugins/listener_plugin.py for tasks to queue
[2025-12-06T04:03:30.080+0500] {logging_mixin.py:188} INFO - [2025-12-06T04:03:30.080+0500] {dagbag.py:545} INFO - Filling up the DagBag from /Users/symbat/airflow_local/.venv/lib/python3.11/site-packages/airflow/example_dags/plugins/listener_plugin.py
[2025-12-06T04:03:30.082+0500] {processor.py:842} WARNING - No viable dags retrieved from /Users/symbat/airflow_local/.venv/lib/python3.11/site-packages/airflow/example_dags/plugins/listener_plugin.py
[2025-12-06T04:03:30.148+0500] {processor.py:183} INFO - Processing /Users/symbat/airflow_local/.venv/lib/python3.11/site-packages/airflow/example_dags/plugins/listener_plugin.py took 0.072 seconds
[2025-12-06T04:05:12.477+0500] {processor.py:161} INFO - Started process (PID=81239) to work on /Users/symbat/airflow_local/.venv/lib/python3.11/site-packages/airflow/example_dags/plugins/listener_plugin.py
[2025-12-06T04:05:12.478+0500] {processor.py:830} INFO - Processing file /Users/symbat/airflow_local/.venv/lib/python3.11/site-packages/airflow/example_dags/plugins/listener_plugin.py for tasks to queue
[2025-12-06T04:05:12.478+0500] {logging_mixin.py:188} INFO - [2025-12-06T04:05:12.478+0500] {dagbag.py:545} INFO - Filling up the DagBag from /Users/symbat/airflow_local/.venv/lib/python3.11/site-packages/airflow/example_dags/plugins/listener_plugin.py
[2025-12-06T04:05:12.480+0500] {processor.py:842} WARNING - No viable dags retrieved from /Users/symbat/airflow_local/.venv/lib/python3.11/site-packages/airflow/example_dags/plugins/listener_plugin.py
[2025-12-06T04:05:12.522+0500] {processor.py:183} INFO - Processing /Users/symbat/airflow_local/.venv/lib/python3.11/site-packages/airflow/example_dags/plugins/listener_plugin.py took 0.048 seconds
[2025-12-06T04:06:56.472+0500] {processor.py:161} INFO - Started process (PID=81506) to work on /Users/symbat/airflow_local/.venv/lib/python3.11/site-packages/airflow/example_dags/plugins/listener_plugin.py
[2025-12-06T04:06:56.472+0500] {processor.py:830} INFO - Processing file /Users/symbat/airflow_local/.venv/lib/python3.11/site-packages/airflow/example_dags/plugins/listener_plugin.py for tasks to queue
[2025-12-06T04:06:56.473+0500] {logging_mixin.py:188} INFO - [2025-12-06T04:06:56.473+0500] {dagbag.py:545} INFO - Filling up the DagBag from /Users/symbat/airflow_local/.venv/lib/python3.11/site-packages/airflow/example_dags/plugins/listener_plugin.py
[2025-12-06T04:06:56.475+0500] {processor.py:842} WARNING - No viable dags retrieved from /Users/symbat/airflow_local/.venv/lib/python3.11/site-packages/airflow/example_dags/plugins/listener_plugin.py
[2025-12-06T04:06:56.516+0500] {processor.py:183} INFO - Processing /Users/symbat/airflow_local/.venv/lib/python3.11/site-packages/airflow/example_dags/plugins/listener_plugin.py took 0.047 seconds
[2025-12-06T04:08:36.147+0500] {processor.py:161} INFO - Started process (PID=81613) to work on /Users/symbat/airflow_local/.venv/lib/python3.11/site-packages/airflow/example_dags/plugins/listener_plugin.py
[2025-12-06T04:08:36.148+0500] {processor.py:830} INFO - Processing file /Users/symbat/airflow_local/.venv/lib/python3.11/site-packages/airflow/example_dags/plugins/listener_plugin.py for tasks to queue
[2025-12-06T04:08:36.149+0500] {logging_mixin.py:188} INFO - [2025-12-06T04:08:36.149+0500] {dagbag.py:545} INFO - Filling up the DagBag from /Users/symbat/airflow_local/.venv/lib/python3.11/site-packages/airflow/example_dags/plugins/listener_plugin.py
[2025-12-06T04:08:36.152+0500] {processor.py:842} WARNING - No viable dags retrieved from /Users/symbat/airflow_local/.venv/lib/python3.11/site-packages/airflow/example_dags/plugins/listener_plugin.py
[2025-12-06T04:08:36.232+0500] {processor.py:183} INFO - Processing /Users/symbat/airflow_local/.venv/lib/python3.11/site-packages/airflow/example_dags/plugins/listener_plugin.py took 0.091 seconds
[2025-12-06T04:10:22.264+0500] {processor.py:161} INFO - Started process (PID=81752) to work on /Users/symbat/airflow_local/.venv/lib/python3.11/site-packages/airflow/example_dags/plugins/listener_plugin.py
[2025-12-06T04:10:22.269+0500] {processor.py:830} INFO - Processing file /Users/symbat/airflow_local/.venv/lib/python3.11/site-packages/airflow/example_dags/plugins/listener_plugin.py for tasks to queue
[2025-12-06T04:10:22.269+0500] {logging_mixin.py:188} INFO - [2025-12-06T04:10:22.269+0500] {dagbag.py:545} INFO - Filling up the DagBag from /Users/symbat/airflow_local/.venv/lib/python3.11/site-packages/airflow/example_dags/plugins/listener_plugin.py
[2025-12-06T04:10:22.272+0500] {processor.py:842} WARNING - No viable dags retrieved from /Users/symbat/airflow_local/.venv/lib/python3.11/site-packages/airflow/example_dags/plugins/listener_plugin.py
[2025-12-06T04:10:22.316+0500] {processor.py:183} INFO - Processing /Users/symbat/airflow_local/.venv/lib/python3.11/site-packages/airflow/example_dags/plugins/listener_plugin.py took 0.055 seconds
[2025-12-06T04:12:00.206+0500] {processor.py:161} INFO - Started process (PID=81878) to work on /Users/symbat/airflow_local/.venv/lib/python3.11/site-packages/airflow/example_dags/plugins/listener_plugin.py
[2025-12-06T04:12:00.207+0500] {processor.py:830} INFO - Processing file /Users/symbat/airflow_local/.venv/lib/python3.11/site-packages/airflow/example_dags/plugins/listener_plugin.py for tasks to queue
[2025-12-06T04:12:00.208+0500] {logging_mixin.py:188} INFO - [2025-12-06T04:12:00.208+0500] {dagbag.py:545} INFO - Filling up the DagBag from /Users/symbat/airflow_local/.venv/lib/python3.11/site-packages/airflow/example_dags/plugins/listener_plugin.py
[2025-12-06T04:12:00.211+0500] {processor.py:842} WARNING - No viable dags retrieved from /Users/symbat/airflow_local/.venv/lib/python3.11/site-packages/airflow/example_dags/plugins/listener_plugin.py
[2025-12-06T04:12:00.278+0500] {processor.py:183} INFO - Processing /Users/symbat/airflow_local/.venv/lib/python3.11/site-packages/airflow/example_dags/plugins/listener_plugin.py took 0.075 seconds
[2025-12-06T04:13:40.871+0500] {processor.py:161} INFO - Started process (PID=82049) to work on /Users/symbat/airflow_local/.venv/lib/python3.11/site-packages/airflow/example_dags/plugins/listener_plugin.py
[2025-12-06T04:13:40.872+0500] {processor.py:830} INFO - Processing file /Users/symbat/airflow_local/.venv/lib/python3.11/site-packages/airflow/example_dags/plugins/listener_plugin.py for tasks to queue
[2025-12-06T04:13:40.872+0500] {logging_mixin.py:188} INFO - [2025-12-06T04:13:40.872+0500] {dagbag.py:545} INFO - Filling up the DagBag from /Users/symbat/airflow_local/.venv/lib/python3.11/site-packages/airflow/example_dags/plugins/listener_plugin.py
[2025-12-06T04:13:40.875+0500] {processor.py:842} WARNING - No viable dags retrieved from /Users/symbat/airflow_local/.venv/lib/python3.11/site-packages/airflow/example_dags/plugins/listener_plugin.py
[2025-12-06T04:13:40.932+0500] {processor.py:183} INFO - Processing /Users/symbat/airflow_local/.venv/lib/python3.11/site-packages/airflow/example_dags/plugins/listener_plugin.py took 0.065 seconds
[2025-12-06T04:15:19.234+0500] {processor.py:161} INFO - Started process (PID=82168) to work on /Users/symbat/airflow_local/.venv/lib/python3.11/site-packages/airflow/example_dags/plugins/listener_plugin.py
[2025-12-06T04:15:19.235+0500] {processor.py:830} INFO - Processing file /Users/symbat/airflow_local/.venv/lib/python3.11/site-packages/airflow/example_dags/plugins/listener_plugin.py for tasks to queue
[2025-12-06T04:15:19.236+0500] {logging_mixin.py:188} INFO - [2025-12-06T04:15:19.236+0500] {dagbag.py:545} INFO - Filling up the DagBag from /Users/symbat/airflow_local/.venv/lib/python3.11/site-packages/airflow/example_dags/plugins/listener_plugin.py
[2025-12-06T04:15:19.239+0500] {processor.py:842} WARNING - No viable dags retrieved from /Users/symbat/airflow_local/.venv/lib/python3.11/site-packages/airflow/example_dags/plugins/listener_plugin.py
[2025-12-06T04:15:19.310+0500] {processor.py:183} INFO - Processing /Users/symbat/airflow_local/.venv/lib/python3.11/site-packages/airflow/example_dags/plugins/listener_plugin.py took 0.081 seconds
[2025-12-06T04:16:55.261+0500] {processor.py:161} INFO - Started process (PID=82285) to work on /Users/symbat/airflow_local/.venv/lib/python3.11/site-packages/airflow/example_dags/plugins/listener_plugin.py
[2025-12-06T04:16:55.263+0500] {processor.py:830} INFO - Processing file /Users/symbat/airflow_local/.venv/lib/python3.11/site-packages/airflow/example_dags/plugins/listener_plugin.py for tasks to queue
[2025-12-06T04:16:55.264+0500] {logging_mixin.py:188} INFO - [2025-12-06T04:16:55.264+0500] {dagbag.py:545} INFO - Filling up the DagBag from /Users/symbat/airflow_local/.venv/lib/python3.11/site-packages/airflow/example_dags/plugins/listener_plugin.py
[2025-12-06T04:16:55.268+0500] {processor.py:842} WARNING - No viable dags retrieved from /Users/symbat/airflow_local/.venv/lib/python3.11/site-packages/airflow/example_dags/plugins/listener_plugin.py
[2025-12-06T04:16:55.351+0500] {processor.py:183} INFO - Processing /Users/symbat/airflow_local/.venv/lib/python3.11/site-packages/airflow/example_dags/plugins/listener_plugin.py took 0.094 seconds
[2025-12-06T04:18:27.496+0500] {processor.py:161} INFO - Started process (PID=82397) to work on /Users/symbat/airflow_local/.venv/lib/python3.11/site-packages/airflow/example_dags/plugins/listener_plugin.py
[2025-12-06T04:18:27.497+0500] {processor.py:830} INFO - Processing file /Users/symbat/airflow_local/.venv/lib/python3.11/site-packages/airflow/example_dags/plugins/listener_plugin.py for tasks to queue
[2025-12-06T04:18:27.498+0500] {logging_mixin.py:188} INFO - [2025-12-06T04:18:27.498+0500] {dagbag.py:545} INFO - Filling up the DagBag from /Users/symbat/airflow_local/.venv/lib/python3.11/site-packages/airflow/example_dags/plugins/listener_plugin.py
[2025-12-06T04:18:27.500+0500] {processor.py:842} WARNING - No viable dags retrieved from /Users/symbat/airflow_local/.venv/lib/python3.11/site-packages/airflow/example_dags/plugins/listener_plugin.py
[2025-12-06T04:18:27.557+0500] {processor.py:183} INFO - Processing /Users/symbat/airflow_local/.venv/lib/python3.11/site-packages/airflow/example_dags/plugins/listener_plugin.py took 0.064 seconds
[2025-12-06T04:20:03.887+0500] {processor.py:161} INFO - Started process (PID=82493) to work on /Users/symbat/airflow_local/.venv/lib/python3.11/site-packages/airflow/example_dags/plugins/listener_plugin.py
[2025-12-06T04:20:03.888+0500] {processor.py:830} INFO - Processing file /Users/symbat/airflow_local/.venv/lib/python3.11/site-packages/airflow/example_dags/plugins/listener_plugin.py for tasks to queue
[2025-12-06T04:20:03.889+0500] {logging_mixin.py:188} INFO - [2025-12-06T04:20:03.889+0500] {dagbag.py:545} INFO - Filling up the DagBag from /Users/symbat/airflow_local/.venv/lib/python3.11/site-packages/airflow/example_dags/plugins/listener_plugin.py
[2025-12-06T04:20:03.891+0500] {processor.py:842} WARNING - No viable dags retrieved from /Users/symbat/airflow_local/.venv/lib/python3.11/site-packages/airflow/example_dags/plugins/listener_plugin.py
[2025-12-06T04:20:03.949+0500] {processor.py:183} INFO - Processing /Users/symbat/airflow_local/.venv/lib/python3.11/site-packages/airflow/example_dags/plugins/listener_plugin.py took 0.065 seconds
[2025-12-06T04:21:30.792+0500] {processor.py:161} INFO - Started process (PID=82591) to work on /Users/symbat/airflow_local/.venv/lib/python3.11/site-packages/airflow/example_dags/plugins/listener_plugin.py
[2025-12-06T04:21:30.794+0500] {processor.py:830} INFO - Processing file /Users/symbat/airflow_local/.venv/lib/python3.11/site-packages/airflow/example_dags/plugins/listener_plugin.py for tasks to queue
[2025-12-06T04:21:30.794+0500] {logging_mixin.py:188} INFO - [2025-12-06T04:21:30.794+0500] {dagbag.py:545} INFO - Filling up the DagBag from /Users/symbat/airflow_local/.venv/lib/python3.11/site-packages/airflow/example_dags/plugins/listener_plugin.py
[2025-12-06T04:21:30.796+0500] {processor.py:842} WARNING - No viable dags retrieved from /Users/symbat/airflow_local/.venv/lib/python3.11/site-packages/airflow/example_dags/plugins/listener_plugin.py
[2025-12-06T04:21:30.845+0500] {processor.py:183} INFO - Processing /Users/symbat/airflow_local/.venv/lib/python3.11/site-packages/airflow/example_dags/plugins/listener_plugin.py took 0.055 seconds
[2025-12-06T04:22:54.909+0500] {processor.py:161} INFO - Started process (PID=82694) to work on /Users/symbat/airflow_local/.venv/lib/python3.11/site-packages/airflow/example_dags/plugins/listener_plugin.py
[2025-12-06T04:22:54.911+0500] {processor.py:830} INFO - Processing file /Users/symbat/airflow_local/.venv/lib/python3.11/site-packages/airflow/example_dags/plugins/listener_plugin.py for tasks to queue
[2025-12-06T04:22:54.911+0500] {logging_mixin.py:188} INFO - [2025-12-06T04:22:54.911+0500] {dagbag.py:545} INFO - Filling up the DagBag from /Users/symbat/airflow_local/.venv/lib/python3.11/site-packages/airflow/example_dags/plugins/listener_plugin.py
[2025-12-06T04:22:54.914+0500] {processor.py:842} WARNING - No viable dags retrieved from /Users/symbat/airflow_local/.venv/lib/python3.11/site-packages/airflow/example_dags/plugins/listener_plugin.py
[2025-12-06T04:22:54.957+0500] {processor.py:183} INFO - Processing /Users/symbat/airflow_local/.venv/lib/python3.11/site-packages/airflow/example_dags/plugins/listener_plugin.py took 0.051 seconds
[2025-12-06T04:24:20.931+0500] {processor.py:161} INFO - Started process (PID=82791) to work on /Users/symbat/airflow_local/.venv/lib/python3.11/site-packages/airflow/example_dags/plugins/listener_plugin.py
[2025-12-06T04:24:20.932+0500] {processor.py:830} INFO - Processing file /Users/symbat/airflow_local/.venv/lib/python3.11/site-packages/airflow/example_dags/plugins/listener_plugin.py for tasks to queue
[2025-12-06T04:24:20.932+0500] {logging_mixin.py:188} INFO - [2025-12-06T04:24:20.932+0500] {dagbag.py:545} INFO - Filling up the DagBag from /Users/symbat/airflow_local/.venv/lib/python3.11/site-packages/airflow/example_dags/plugins/listener_plugin.py
[2025-12-06T04:24:20.934+0500] {processor.py:842} WARNING - No viable dags retrieved from /Users/symbat/airflow_local/.venv/lib/python3.11/site-packages/airflow/example_dags/plugins/listener_plugin.py
[2025-12-06T04:24:20.995+0500] {processor.py:183} INFO - Processing /Users/symbat/airflow_local/.venv/lib/python3.11/site-packages/airflow/example_dags/plugins/listener_plugin.py took 0.068 seconds
[2025-12-06T04:26:00.322+0500] {processor.py:161} INFO - Started process (PID=83171) to work on /Users/symbat/airflow_local/.venv/lib/python3.11/site-packages/airflow/example_dags/plugins/listener_plugin.py
[2025-12-06T04:26:00.323+0500] {processor.py:830} INFO - Processing file /Users/symbat/airflow_local/.venv/lib/python3.11/site-packages/airflow/example_dags/plugins/listener_plugin.py for tasks to queue
[2025-12-06T04:26:00.324+0500] {logging_mixin.py:188} INFO - [2025-12-06T04:26:00.324+0500] {dagbag.py:545} INFO - Filling up the DagBag from /Users/symbat/airflow_local/.venv/lib/python3.11/site-packages/airflow/example_dags/plugins/listener_plugin.py
[2025-12-06T04:26:00.329+0500] {processor.py:842} WARNING - No viable dags retrieved from /Users/symbat/airflow_local/.venv/lib/python3.11/site-packages/airflow/example_dags/plugins/listener_plugin.py
[2025-12-06T04:26:00.385+0500] {processor.py:183} INFO - Processing /Users/symbat/airflow_local/.venv/lib/python3.11/site-packages/airflow/example_dags/plugins/listener_plugin.py took 0.065 seconds
[2025-12-06T04:27:46.881+0500] {processor.py:161} INFO - Started process (PID=83408) to work on /Users/symbat/airflow_local/.venv/lib/python3.11/site-packages/airflow/example_dags/plugins/listener_plugin.py
[2025-12-06T04:27:46.882+0500] {processor.py:830} INFO - Processing file /Users/symbat/airflow_local/.venv/lib/python3.11/site-packages/airflow/example_dags/plugins/listener_plugin.py for tasks to queue
[2025-12-06T04:27:46.883+0500] {logging_mixin.py:188} INFO - [2025-12-06T04:27:46.883+0500] {dagbag.py:545} INFO - Filling up the DagBag from /Users/symbat/airflow_local/.venv/lib/python3.11/site-packages/airflow/example_dags/plugins/listener_plugin.py
[2025-12-06T04:27:46.885+0500] {processor.py:842} WARNING - No viable dags retrieved from /Users/symbat/airflow_local/.venv/lib/python3.11/site-packages/airflow/example_dags/plugins/listener_plugin.py
[2025-12-06T04:27:46.919+0500] {processor.py:183} INFO - Processing /Users/symbat/airflow_local/.venv/lib/python3.11/site-packages/airflow/example_dags/plugins/listener_plugin.py took 0.040 seconds
[2025-12-06T04:29:29.644+0500] {processor.py:161} INFO - Started process (PID=83713) to work on /Users/symbat/airflow_local/.venv/lib/python3.11/site-packages/airflow/example_dags/plugins/listener_plugin.py
[2025-12-06T04:29:29.645+0500] {processor.py:830} INFO - Processing file /Users/symbat/airflow_local/.venv/lib/python3.11/site-packages/airflow/example_dags/plugins/listener_plugin.py for tasks to queue
[2025-12-06T04:29:29.646+0500] {logging_mixin.py:188} INFO - [2025-12-06T04:29:29.646+0500] {dagbag.py:545} INFO - Filling up the DagBag from /Users/symbat/airflow_local/.venv/lib/python3.11/site-packages/airflow/example_dags/plugins/listener_plugin.py
[2025-12-06T04:29:29.646+0500] {processor.py:842} WARNING - No viable dags retrieved from /Users/symbat/airflow_local/.venv/lib/python3.11/site-packages/airflow/example_dags/plugins/listener_plugin.py
[2025-12-06T04:29:29.712+0500] {processor.py:183} INFO - Processing /Users/symbat/airflow_local/.venv/lib/python3.11/site-packages/airflow/example_dags/plugins/listener_plugin.py took 0.070 seconds
[2025-12-06T04:31:29.546+0500] {processor.py:161} INFO - Started process (PID=83904) to work on /Users/symbat/airflow_local/.venv/lib/python3.11/site-packages/airflow/example_dags/plugins/listener_plugin.py
[2025-12-06T04:31:29.548+0500] {processor.py:830} INFO - Processing file /Users/symbat/airflow_local/.venv/lib/python3.11/site-packages/airflow/example_dags/plugins/listener_plugin.py for tasks to queue
[2025-12-06T04:31:29.548+0500] {logging_mixin.py:188} INFO - [2025-12-06T04:31:29.548+0500] {dagbag.py:545} INFO - Filling up the DagBag from /Users/symbat/airflow_local/.venv/lib/python3.11/site-packages/airflow/example_dags/plugins/listener_plugin.py
[2025-12-06T04:31:29.550+0500] {processor.py:842} WARNING - No viable dags retrieved from /Users/symbat/airflow_local/.venv/lib/python3.11/site-packages/airflow/example_dags/plugins/listener_plugin.py
[2025-12-06T04:31:29.609+0500] {processor.py:183} INFO - Processing /Users/symbat/airflow_local/.venv/lib/python3.11/site-packages/airflow/example_dags/plugins/listener_plugin.py took 0.067 seconds
[2025-12-06T04:33:20.695+0500] {processor.py:161} INFO - Started process (PID=84098) to work on /Users/symbat/airflow_local/.venv/lib/python3.11/site-packages/airflow/example_dags/plugins/listener_plugin.py
[2025-12-06T04:33:20.696+0500] {processor.py:830} INFO - Processing file /Users/symbat/airflow_local/.venv/lib/python3.11/site-packages/airflow/example_dags/plugins/listener_plugin.py for tasks to queue
[2025-12-06T04:33:20.696+0500] {logging_mixin.py:188} INFO - [2025-12-06T04:33:20.696+0500] {dagbag.py:545} INFO - Filling up the DagBag from /Users/symbat/airflow_local/.venv/lib/python3.11/site-packages/airflow/example_dags/plugins/listener_plugin.py
[2025-12-06T04:33:20.698+0500] {processor.py:842} WARNING - No viable dags retrieved from /Users/symbat/airflow_local/.venv/lib/python3.11/site-packages/airflow/example_dags/plugins/listener_plugin.py
[2025-12-06T04:33:20.741+0500] {processor.py:183} INFO - Processing /Users/symbat/airflow_local/.venv/lib/python3.11/site-packages/airflow/example_dags/plugins/listener_plugin.py took 0.047 seconds
[2025-12-06T04:35:08.449+0500] {processor.py:161} INFO - Started process (PID=84271) to work on /Users/symbat/airflow_local/.venv/lib/python3.11/site-packages/airflow/example_dags/plugins/listener_plugin.py
[2025-12-06T04:35:08.450+0500] {processor.py:830} INFO - Processing file /Users/symbat/airflow_local/.venv/lib/python3.11/site-packages/airflow/example_dags/plugins/listener_plugin.py for tasks to queue
[2025-12-06T04:35:08.451+0500] {logging_mixin.py:188} INFO - [2025-12-06T04:35:08.451+0500] {dagbag.py:545} INFO - Filling up the DagBag from /Users/symbat/airflow_local/.venv/lib/python3.11/site-packages/airflow/example_dags/plugins/listener_plugin.py
[2025-12-06T04:35:08.452+0500] {processor.py:842} WARNING - No viable dags retrieved from /Users/symbat/airflow_local/.venv/lib/python3.11/site-packages/airflow/example_dags/plugins/listener_plugin.py
[2025-12-06T04:35:08.491+0500] {processor.py:183} INFO - Processing /Users/symbat/airflow_local/.venv/lib/python3.11/site-packages/airflow/example_dags/plugins/listener_plugin.py took 0.044 seconds
[2025-12-06T04:37:19.998+0500] {processor.py:161} INFO - Started process (PID=84449) to work on /Users/symbat/airflow_local/.venv/lib/python3.11/site-packages/airflow/example_dags/plugins/listener_plugin.py
[2025-12-06T04:37:19.999+0500] {processor.py:830} INFO - Processing file /Users/symbat/airflow_local/.venv/lib/python3.11/site-packages/airflow/example_dags/plugins/listener_plugin.py for tasks to queue
[2025-12-06T04:37:19.999+0500] {logging_mixin.py:188} INFO - [2025-12-06T04:37:19.999+0500] {dagbag.py:545} INFO - Filling up the DagBag from /Users/symbat/airflow_local/.venv/lib/python3.11/site-packages/airflow/example_dags/plugins/listener_plugin.py
[2025-12-06T04:37:20.001+0500] {processor.py:842} WARNING - No viable dags retrieved from /Users/symbat/airflow_local/.venv/lib/python3.11/site-packages/airflow/example_dags/plugins/listener_plugin.py
[2025-12-06T04:37:20.040+0500] {processor.py:183} INFO - Processing /Users/symbat/airflow_local/.venv/lib/python3.11/site-packages/airflow/example_dags/plugins/listener_plugin.py took 0.044 seconds
