[2025-12-06T03:54:59.609+0500] {processor.py:161} INFO - Started process (PID=79478) to work on /Users/symbat/airflow_local/.venv/lib/python3.11/site-packages/airflow/example_dags/plugins/workday.py
[2025-12-06T03:54:59.609+0500] {processor.py:830} INFO - Processing file /Users/symbat/airflow_local/.venv/lib/python3.11/site-packages/airflow/example_dags/plugins/workday.py for tasks to queue
[2025-12-06T03:54:59.610+0500] {logging_mixin.py:188} INFO - [2025-12-06T03:54:59.610+0500] {dagbag.py:545} INFO - Filling up the DagBag from /Users/symbat/airflow_local/.venv/lib/python3.11/site-packages/airflow/example_dags/plugins/workday.py
[2025-12-06T03:54:59.930+0500] {processor.py:842} WARNING - No viable dags retrieved from /Users/symbat/airflow_local/.venv/lib/python3.11/site-packages/airflow/example_dags/plugins/workday.py
[2025-12-06T03:54:59.997+0500] {processor.py:183} INFO - Processing /Users/symbat/airflow_local/.venv/lib/python3.11/site-packages/airflow/example_dags/plugins/workday.py took 0.391 seconds
[2025-12-06T03:57:02.916+0500] {processor.py:161} INFO - Started process (PID=79646) to work on /Users/symbat/airflow_local/.venv/lib/python3.11/site-packages/airflow/example_dags/plugins/workday.py
[2025-12-06T03:57:02.916+0500] {processor.py:830} INFO - Processing file /Users/symbat/airflow_local/.venv/lib/python3.11/site-packages/airflow/example_dags/plugins/workday.py for tasks to queue
[2025-12-06T03:57:02.917+0500] {logging_mixin.py:188} INFO - [2025-12-06T03:57:02.917+0500] {dagbag.py:545} INFO - Filling up the DagBag from /Users/symbat/airflow_local/.venv/lib/python3.11/site-packages/airflow/example_dags/plugins/workday.py
[2025-12-06T03:57:03.139+0500] {processor.py:842} WARNING - No viable dags retrieved from /Users/symbat/airflow_local/.venv/lib/python3.11/site-packages/airflow/example_dags/plugins/workday.py
[2025-12-06T03:57:03.177+0500] {processor.py:183} INFO - Processing /Users/symbat/airflow_local/.venv/lib/python3.11/site-packages/airflow/example_dags/plugins/workday.py took 0.263 seconds
[2025-12-06T03:58:30.599+0500] {processor.py:161} INFO - Started process (PID=79734) to work on /Users/symbat/airflow_local/.venv/lib/python3.11/site-packages/airflow/example_dags/plugins/workday.py
[2025-12-06T03:58:30.600+0500] {processor.py:830} INFO - Processing file /Users/symbat/airflow_local/.venv/lib/python3.11/site-packages/airflow/example_dags/plugins/workday.py for tasks to queue
[2025-12-06T03:58:30.600+0500] {logging_mixin.py:188} INFO - [2025-12-06T03:58:30.600+0500] {dagbag.py:545} INFO - Filling up the DagBag from /Users/symbat/airflow_local/.venv/lib/python3.11/site-packages/airflow/example_dags/plugins/workday.py
[2025-12-06T03:58:30.849+0500] {processor.py:842} WARNING - No viable dags retrieved from /Users/symbat/airflow_local/.venv/lib/python3.11/site-packages/airflow/example_dags/plugins/workday.py
[2025-12-06T03:58:30.894+0500] {processor.py:183} INFO - Processing /Users/symbat/airflow_local/.venv/lib/python3.11/site-packages/airflow/example_dags/plugins/workday.py took 0.297 seconds
[2025-12-06T04:00:07.323+0500] {processor.py:161} INFO - Started process (PID=80314) to work on /Users/symbat/airflow_local/.venv/lib/python3.11/site-packages/airflow/example_dags/plugins/workday.py
[2025-12-06T04:00:07.324+0500] {processor.py:830} INFO - Processing file /Users/symbat/airflow_local/.venv/lib/python3.11/site-packages/airflow/example_dags/plugins/workday.py for tasks to queue
[2025-12-06T04:00:07.325+0500] {logging_mixin.py:188} INFO - [2025-12-06T04:00:07.325+0500] {dagbag.py:545} INFO - Filling up the DagBag from /Users/symbat/airflow_local/.venv/lib/python3.11/site-packages/airflow/example_dags/plugins/workday.py
[2025-12-06T04:00:07.626+0500] {processor.py:842} WARNING - No viable dags retrieved from /Users/symbat/airflow_local/.venv/lib/python3.11/site-packages/airflow/example_dags/plugins/workday.py
[2025-12-06T04:00:07.665+0500] {processor.py:183} INFO - Processing /Users/symbat/airflow_local/.venv/lib/python3.11/site-packages/airflow/example_dags/plugins/workday.py took 0.343 seconds
[2025-12-06T04:01:44.524+0500] {processor.py:161} INFO - Started process (PID=80450) to work on /Users/symbat/airflow_local/.venv/lib/python3.11/site-packages/airflow/example_dags/plugins/workday.py
[2025-12-06T04:01:44.525+0500] {processor.py:830} INFO - Processing file /Users/symbat/airflow_local/.venv/lib/python3.11/site-packages/airflow/example_dags/plugins/workday.py for tasks to queue
[2025-12-06T04:01:44.525+0500] {logging_mixin.py:188} INFO - [2025-12-06T04:01:44.525+0500] {dagbag.py:545} INFO - Filling up the DagBag from /Users/symbat/airflow_local/.venv/lib/python3.11/site-packages/airflow/example_dags/plugins/workday.py
[2025-12-06T04:01:44.748+0500] {processor.py:842} WARNING - No viable dags retrieved from /Users/symbat/airflow_local/.venv/lib/python3.11/site-packages/airflow/example_dags/plugins/workday.py
[2025-12-06T04:01:44.786+0500] {processor.py:183} INFO - Processing /Users/symbat/airflow_local/.venv/lib/python3.11/site-packages/airflow/example_dags/plugins/workday.py took 0.265 seconds
[2025-12-06T04:03:26.957+0500] {processor.py:161} INFO - Started process (PID=80935) to work on /Users/symbat/airflow_local/.venv/lib/python3.11/site-packages/airflow/example_dags/plugins/workday.py
[2025-12-06T04:03:26.958+0500] {processor.py:830} INFO - Processing file /Users/symbat/airflow_local/.venv/lib/python3.11/site-packages/airflow/example_dags/plugins/workday.py for tasks to queue
[2025-12-06T04:03:26.959+0500] {logging_mixin.py:188} INFO - [2025-12-06T04:03:26.959+0500] {dagbag.py:545} INFO - Filling up the DagBag from /Users/symbat/airflow_local/.venv/lib/python3.11/site-packages/airflow/example_dags/plugins/workday.py
[2025-12-06T04:03:27.394+0500] {processor.py:842} WARNING - No viable dags retrieved from /Users/symbat/airflow_local/.venv/lib/python3.11/site-packages/airflow/example_dags/plugins/workday.py
[2025-12-06T04:03:27.451+0500] {processor.py:183} INFO - Processing /Users/symbat/airflow_local/.venv/lib/python3.11/site-packages/airflow/example_dags/plugins/workday.py took 0.497 seconds
[2025-12-06T04:05:09.681+0500] {processor.py:161} INFO - Started process (PID=81235) to work on /Users/symbat/airflow_local/.venv/lib/python3.11/site-packages/airflow/example_dags/plugins/workday.py
[2025-12-06T04:05:09.682+0500] {processor.py:830} INFO - Processing file /Users/symbat/airflow_local/.venv/lib/python3.11/site-packages/airflow/example_dags/plugins/workday.py for tasks to queue
[2025-12-06T04:05:09.682+0500] {logging_mixin.py:188} INFO - [2025-12-06T04:05:09.682+0500] {dagbag.py:545} INFO - Filling up the DagBag from /Users/symbat/airflow_local/.venv/lib/python3.11/site-packages/airflow/example_dags/plugins/workday.py
[2025-12-06T04:05:10.042+0500] {processor.py:842} WARNING - No viable dags retrieved from /Users/symbat/airflow_local/.venv/lib/python3.11/site-packages/airflow/example_dags/plugins/workday.py
[2025-12-06T04:05:10.090+0500] {processor.py:183} INFO - Processing /Users/symbat/airflow_local/.venv/lib/python3.11/site-packages/airflow/example_dags/plugins/workday.py took 0.412 seconds
[2025-12-06T04:06:54.649+0500] {processor.py:161} INFO - Started process (PID=81502) to work on /Users/symbat/airflow_local/.venv/lib/python3.11/site-packages/airflow/example_dags/plugins/workday.py
[2025-12-06T04:06:54.650+0500] {processor.py:830} INFO - Processing file /Users/symbat/airflow_local/.venv/lib/python3.11/site-packages/airflow/example_dags/plugins/workday.py for tasks to queue
[2025-12-06T04:06:54.651+0500] {logging_mixin.py:188} INFO - [2025-12-06T04:06:54.651+0500] {dagbag.py:545} INFO - Filling up the DagBag from /Users/symbat/airflow_local/.venv/lib/python3.11/site-packages/airflow/example_dags/plugins/workday.py
[2025-12-06T04:06:55.000+0500] {processor.py:842} WARNING - No viable dags retrieved from /Users/symbat/airflow_local/.venv/lib/python3.11/site-packages/airflow/example_dags/plugins/workday.py
[2025-12-06T04:06:55.053+0500] {processor.py:183} INFO - Processing /Users/symbat/airflow_local/.venv/lib/python3.11/site-packages/airflow/example_dags/plugins/workday.py took 0.406 seconds
[2025-12-06T04:08:33.333+0500] {processor.py:161} INFO - Started process (PID=81611) to work on /Users/symbat/airflow_local/.venv/lib/python3.11/site-packages/airflow/example_dags/plugins/workday.py
[2025-12-06T04:08:33.334+0500] {processor.py:830} INFO - Processing file /Users/symbat/airflow_local/.venv/lib/python3.11/site-packages/airflow/example_dags/plugins/workday.py for tasks to queue
[2025-12-06T04:08:33.334+0500] {logging_mixin.py:188} INFO - [2025-12-06T04:08:33.334+0500] {dagbag.py:545} INFO - Filling up the DagBag from /Users/symbat/airflow_local/.venv/lib/python3.11/site-packages/airflow/example_dags/plugins/workday.py
[2025-12-06T04:08:33.645+0500] {processor.py:842} WARNING - No viable dags retrieved from /Users/symbat/airflow_local/.venv/lib/python3.11/site-packages/airflow/example_dags/plugins/workday.py
[2025-12-06T04:08:33.684+0500] {processor.py:183} INFO - Processing /Users/symbat/airflow_local/.venv/lib/python3.11/site-packages/airflow/example_dags/plugins/workday.py took 0.353 seconds
[2025-12-06T04:10:19.153+0500] {processor.py:161} INFO - Started process (PID=81748) to work on /Users/symbat/airflow_local/.venv/lib/python3.11/site-packages/airflow/example_dags/plugins/workday.py
[2025-12-06T04:10:19.154+0500] {processor.py:830} INFO - Processing file /Users/symbat/airflow_local/.venv/lib/python3.11/site-packages/airflow/example_dags/plugins/workday.py for tasks to queue
[2025-12-06T04:10:19.156+0500] {logging_mixin.py:188} INFO - [2025-12-06T04:10:19.155+0500] {dagbag.py:545} INFO - Filling up the DagBag from /Users/symbat/airflow_local/.venv/lib/python3.11/site-packages/airflow/example_dags/plugins/workday.py
[2025-12-06T04:10:19.686+0500] {processor.py:842} WARNING - No viable dags retrieved from /Users/symbat/airflow_local/.venv/lib/python3.11/site-packages/airflow/example_dags/plugins/workday.py
[2025-12-06T04:10:19.736+0500] {processor.py:183} INFO - Processing /Users/symbat/airflow_local/.venv/lib/python3.11/site-packages/airflow/example_dags/plugins/workday.py took 0.593 seconds
[2025-12-06T04:11:57.006+0500] {processor.py:161} INFO - Started process (PID=81874) to work on /Users/symbat/airflow_local/.venv/lib/python3.11/site-packages/airflow/example_dags/plugins/workday.py
[2025-12-06T04:11:57.008+0500] {processor.py:830} INFO - Processing file /Users/symbat/airflow_local/.venv/lib/python3.11/site-packages/airflow/example_dags/plugins/workday.py for tasks to queue
[2025-12-06T04:11:57.009+0500] {logging_mixin.py:188} INFO - [2025-12-06T04:11:57.008+0500] {dagbag.py:545} INFO - Filling up the DagBag from /Users/symbat/airflow_local/.venv/lib/python3.11/site-packages/airflow/example_dags/plugins/workday.py
[2025-12-06T04:11:57.382+0500] {processor.py:842} WARNING - No viable dags retrieved from /Users/symbat/airflow_local/.venv/lib/python3.11/site-packages/airflow/example_dags/plugins/workday.py
[2025-12-06T04:11:57.423+0500] {processor.py:183} INFO - Processing /Users/symbat/airflow_local/.venv/lib/python3.11/site-packages/airflow/example_dags/plugins/workday.py took 0.420 seconds
[2025-12-06T04:13:37.661+0500] {processor.py:161} INFO - Started process (PID=82047) to work on /Users/symbat/airflow_local/.venv/lib/python3.11/site-packages/airflow/example_dags/plugins/workday.py
[2025-12-06T04:13:37.662+0500] {processor.py:830} INFO - Processing file /Users/symbat/airflow_local/.venv/lib/python3.11/site-packages/airflow/example_dags/plugins/workday.py for tasks to queue
[2025-12-06T04:13:37.663+0500] {logging_mixin.py:188} INFO - [2025-12-06T04:13:37.663+0500] {dagbag.py:545} INFO - Filling up the DagBag from /Users/symbat/airflow_local/.venv/lib/python3.11/site-packages/airflow/example_dags/plugins/workday.py
[2025-12-06T04:13:38.038+0500] {processor.py:842} WARNING - No viable dags retrieved from /Users/symbat/airflow_local/.venv/lib/python3.11/site-packages/airflow/example_dags/plugins/workday.py
[2025-12-06T04:13:38.098+0500] {processor.py:183} INFO - Processing /Users/symbat/airflow_local/.venv/lib/python3.11/site-packages/airflow/example_dags/plugins/workday.py took 0.439 seconds
[2025-12-06T04:15:15.880+0500] {processor.py:161} INFO - Started process (PID=82166) to work on /Users/symbat/airflow_local/.venv/lib/python3.11/site-packages/airflow/example_dags/plugins/workday.py
[2025-12-06T04:15:15.881+0500] {processor.py:830} INFO - Processing file /Users/symbat/airflow_local/.venv/lib/python3.11/site-packages/airflow/example_dags/plugins/workday.py for tasks to queue
[2025-12-06T04:15:15.881+0500] {logging_mixin.py:188} INFO - [2025-12-06T04:15:15.881+0500] {dagbag.py:545} INFO - Filling up the DagBag from /Users/symbat/airflow_local/.venv/lib/python3.11/site-packages/airflow/example_dags/plugins/workday.py
[2025-12-06T04:15:16.209+0500] {processor.py:842} WARNING - No viable dags retrieved from /Users/symbat/airflow_local/.venv/lib/python3.11/site-packages/airflow/example_dags/plugins/workday.py
[2025-12-06T04:15:16.251+0500] {processor.py:183} INFO - Processing /Users/symbat/airflow_local/.venv/lib/python3.11/site-packages/airflow/example_dags/plugins/workday.py took 0.374 seconds
[2025-12-06T04:16:51.798+0500] {processor.py:161} INFO - Started process (PID=82279) to work on /Users/symbat/airflow_local/.venv/lib/python3.11/site-packages/airflow/example_dags/plugins/workday.py
[2025-12-06T04:16:51.799+0500] {processor.py:830} INFO - Processing file /Users/symbat/airflow_local/.venv/lib/python3.11/site-packages/airflow/example_dags/plugins/workday.py for tasks to queue
[2025-12-06T04:16:51.800+0500] {logging_mixin.py:188} INFO - [2025-12-06T04:16:51.800+0500] {dagbag.py:545} INFO - Filling up the DagBag from /Users/symbat/airflow_local/.venv/lib/python3.11/site-packages/airflow/example_dags/plugins/workday.py
[2025-12-06T04:16:52.228+0500] {processor.py:842} WARNING - No viable dags retrieved from /Users/symbat/airflow_local/.venv/lib/python3.11/site-packages/airflow/example_dags/plugins/workday.py
[2025-12-06T04:16:52.288+0500] {processor.py:183} INFO - Processing /Users/symbat/airflow_local/.venv/lib/python3.11/site-packages/airflow/example_dags/plugins/workday.py took 0.492 seconds
[2025-12-06T04:18:24.536+0500] {processor.py:161} INFO - Started process (PID=82394) to work on /Users/symbat/airflow_local/.venv/lib/python3.11/site-packages/airflow/example_dags/plugins/workday.py
[2025-12-06T04:18:24.539+0500] {processor.py:830} INFO - Processing file /Users/symbat/airflow_local/.venv/lib/python3.11/site-packages/airflow/example_dags/plugins/workday.py for tasks to queue
[2025-12-06T04:18:24.539+0500] {logging_mixin.py:188} INFO - [2025-12-06T04:18:24.539+0500] {dagbag.py:545} INFO - Filling up the DagBag from /Users/symbat/airflow_local/.venv/lib/python3.11/site-packages/airflow/example_dags/plugins/workday.py
[2025-12-06T04:18:24.902+0500] {processor.py:842} WARNING - No viable dags retrieved from /Users/symbat/airflow_local/.venv/lib/python3.11/site-packages/airflow/example_dags/plugins/workday.py
[2025-12-06T04:18:24.968+0500] {processor.py:183} INFO - Processing /Users/symbat/airflow_local/.venv/lib/python3.11/site-packages/airflow/example_dags/plugins/workday.py took 0.436 seconds
[2025-12-06T04:20:00.006+0500] {processor.py:161} INFO - Started process (PID=82489) to work on /Users/symbat/airflow_local/.venv/lib/python3.11/site-packages/airflow/example_dags/plugins/workday.py
[2025-12-06T04:20:00.007+0500] {processor.py:830} INFO - Processing file /Users/symbat/airflow_local/.venv/lib/python3.11/site-packages/airflow/example_dags/plugins/workday.py for tasks to queue
[2025-12-06T04:20:00.008+0500] {logging_mixin.py:188} INFO - [2025-12-06T04:20:00.008+0500] {dagbag.py:545} INFO - Filling up the DagBag from /Users/symbat/airflow_local/.venv/lib/python3.11/site-packages/airflow/example_dags/plugins/workday.py
[2025-12-06T04:20:00.392+0500] {processor.py:842} WARNING - No viable dags retrieved from /Users/symbat/airflow_local/.venv/lib/python3.11/site-packages/airflow/example_dags/plugins/workday.py
[2025-12-06T04:20:00.438+0500] {processor.py:183} INFO - Processing /Users/symbat/airflow_local/.venv/lib/python3.11/site-packages/airflow/example_dags/plugins/workday.py took 0.434 seconds
[2025-12-06T04:21:28.719+0500] {processor.py:161} INFO - Started process (PID=82589) to work on /Users/symbat/airflow_local/.venv/lib/python3.11/site-packages/airflow/example_dags/plugins/workday.py
[2025-12-06T04:21:28.720+0500] {processor.py:830} INFO - Processing file /Users/symbat/airflow_local/.venv/lib/python3.11/site-packages/airflow/example_dags/plugins/workday.py for tasks to queue
[2025-12-06T04:21:28.720+0500] {logging_mixin.py:188} INFO - [2025-12-06T04:21:28.720+0500] {dagbag.py:545} INFO - Filling up the DagBag from /Users/symbat/airflow_local/.venv/lib/python3.11/site-packages/airflow/example_dags/plugins/workday.py
[2025-12-06T04:21:28.979+0500] {processor.py:842} WARNING - No viable dags retrieved from /Users/symbat/airflow_local/.venv/lib/python3.11/site-packages/airflow/example_dags/plugins/workday.py
[2025-12-06T04:21:29.023+0500] {processor.py:183} INFO - Processing /Users/symbat/airflow_local/.venv/lib/python3.11/site-packages/airflow/example_dags/plugins/workday.py took 0.311 seconds
[2025-12-06T04:22:52.281+0500] {processor.py:161} INFO - Started process (PID=82692) to work on /Users/symbat/airflow_local/.venv/lib/python3.11/site-packages/airflow/example_dags/plugins/workday.py
[2025-12-06T04:22:52.282+0500] {processor.py:830} INFO - Processing file /Users/symbat/airflow_local/.venv/lib/python3.11/site-packages/airflow/example_dags/plugins/workday.py for tasks to queue
[2025-12-06T04:22:52.283+0500] {logging_mixin.py:188} INFO - [2025-12-06T04:22:52.282+0500] {dagbag.py:545} INFO - Filling up the DagBag from /Users/symbat/airflow_local/.venv/lib/python3.11/site-packages/airflow/example_dags/plugins/workday.py
[2025-12-06T04:22:52.559+0500] {processor.py:842} WARNING - No viable dags retrieved from /Users/symbat/airflow_local/.venv/lib/python3.11/site-packages/airflow/example_dags/plugins/workday.py
[2025-12-06T04:22:52.600+0500] {processor.py:183} INFO - Processing /Users/symbat/airflow_local/.venv/lib/python3.11/site-packages/airflow/example_dags/plugins/workday.py took 0.322 seconds
[2025-12-06T04:24:17.845+0500] {processor.py:161} INFO - Started process (PID=82789) to work on /Users/symbat/airflow_local/.venv/lib/python3.11/site-packages/airflow/example_dags/plugins/workday.py
[2025-12-06T04:24:17.846+0500] {processor.py:830} INFO - Processing file /Users/symbat/airflow_local/.venv/lib/python3.11/site-packages/airflow/example_dags/plugins/workday.py for tasks to queue
[2025-12-06T04:24:17.847+0500] {logging_mixin.py:188} INFO - [2025-12-06T04:24:17.846+0500] {dagbag.py:545} INFO - Filling up the DagBag from /Users/symbat/airflow_local/.venv/lib/python3.11/site-packages/airflow/example_dags/plugins/workday.py
[2025-12-06T04:24:18.261+0500] {processor.py:842} WARNING - No viable dags retrieved from /Users/symbat/airflow_local/.venv/lib/python3.11/site-packages/airflow/example_dags/plugins/workday.py
[2025-12-06T04:24:18.314+0500] {processor.py:183} INFO - Processing /Users/symbat/airflow_local/.venv/lib/python3.11/site-packages/airflow/example_dags/plugins/workday.py took 0.474 seconds
[2025-12-06T04:25:56.908+0500] {processor.py:161} INFO - Started process (PID=83169) to work on /Users/symbat/airflow_local/.venv/lib/python3.11/site-packages/airflow/example_dags/plugins/workday.py
[2025-12-06T04:25:56.909+0500] {processor.py:830} INFO - Processing file /Users/symbat/airflow_local/.venv/lib/python3.11/site-packages/airflow/example_dags/plugins/workday.py for tasks to queue
[2025-12-06T04:25:56.909+0500] {logging_mixin.py:188} INFO - [2025-12-06T04:25:56.909+0500] {dagbag.py:545} INFO - Filling up the DagBag from /Users/symbat/airflow_local/.venv/lib/python3.11/site-packages/airflow/example_dags/plugins/workday.py
[2025-12-06T04:25:57.270+0500] {processor.py:842} WARNING - No viable dags retrieved from /Users/symbat/airflow_local/.venv/lib/python3.11/site-packages/airflow/example_dags/plugins/workday.py
[2025-12-06T04:25:57.328+0500] {processor.py:183} INFO - Processing /Users/symbat/airflow_local/.venv/lib/python3.11/site-packages/airflow/example_dags/plugins/workday.py took 0.423 seconds
[2025-12-06T04:27:44.018+0500] {processor.py:161} INFO - Started process (PID=83406) to work on /Users/symbat/airflow_local/.venv/lib/python3.11/site-packages/airflow/example_dags/plugins/workday.py
[2025-12-06T04:27:44.019+0500] {processor.py:830} INFO - Processing file /Users/symbat/airflow_local/.venv/lib/python3.11/site-packages/airflow/example_dags/plugins/workday.py for tasks to queue
[2025-12-06T04:27:44.020+0500] {logging_mixin.py:188} INFO - [2025-12-06T04:27:44.019+0500] {dagbag.py:545} INFO - Filling up the DagBag from /Users/symbat/airflow_local/.venv/lib/python3.11/site-packages/airflow/example_dags/plugins/workday.py
[2025-12-06T04:27:44.220+0500] {processor.py:842} WARNING - No viable dags retrieved from /Users/symbat/airflow_local/.venv/lib/python3.11/site-packages/airflow/example_dags/plugins/workday.py
[2025-12-06T04:27:44.254+0500] {processor.py:183} INFO - Processing /Users/symbat/airflow_local/.venv/lib/python3.11/site-packages/airflow/example_dags/plugins/workday.py took 0.238 seconds
[2025-12-06T04:29:26.267+0500] {processor.py:161} INFO - Started process (PID=83702) to work on /Users/symbat/airflow_local/.venv/lib/python3.11/site-packages/airflow/example_dags/plugins/workday.py
[2025-12-06T04:29:26.268+0500] {processor.py:830} INFO - Processing file /Users/symbat/airflow_local/.venv/lib/python3.11/site-packages/airflow/example_dags/plugins/workday.py for tasks to queue
[2025-12-06T04:29:26.269+0500] {logging_mixin.py:188} INFO - [2025-12-06T04:29:26.269+0500] {dagbag.py:545} INFO - Filling up the DagBag from /Users/symbat/airflow_local/.venv/lib/python3.11/site-packages/airflow/example_dags/plugins/workday.py
[2025-12-06T04:29:26.608+0500] {processor.py:842} WARNING - No viable dags retrieved from /Users/symbat/airflow_local/.venv/lib/python3.11/site-packages/airflow/example_dags/plugins/workday.py
[2025-12-06T04:29:26.658+0500] {processor.py:183} INFO - Processing /Users/symbat/airflow_local/.venv/lib/python3.11/site-packages/airflow/example_dags/plugins/workday.py took 0.394 seconds
[2025-12-06T04:31:26.766+0500] {processor.py:161} INFO - Started process (PID=83891) to work on /Users/symbat/airflow_local/.venv/lib/python3.11/site-packages/airflow/example_dags/plugins/workday.py
[2025-12-06T04:31:26.766+0500] {processor.py:830} INFO - Processing file /Users/symbat/airflow_local/.venv/lib/python3.11/site-packages/airflow/example_dags/plugins/workday.py for tasks to queue
[2025-12-06T04:31:26.767+0500] {logging_mixin.py:188} INFO - [2025-12-06T04:31:26.767+0500] {dagbag.py:545} INFO - Filling up the DagBag from /Users/symbat/airflow_local/.venv/lib/python3.11/site-packages/airflow/example_dags/plugins/workday.py
[2025-12-06T04:31:26.986+0500] {processor.py:842} WARNING - No viable dags retrieved from /Users/symbat/airflow_local/.venv/lib/python3.11/site-packages/airflow/example_dags/plugins/workday.py
[2025-12-06T04:31:27.020+0500] {processor.py:183} INFO - Processing /Users/symbat/airflow_local/.venv/lib/python3.11/site-packages/airflow/example_dags/plugins/workday.py took 0.257 seconds
[2025-12-06T04:33:18.711+0500] {processor.py:161} INFO - Started process (PID=84091) to work on /Users/symbat/airflow_local/.venv/lib/python3.11/site-packages/airflow/example_dags/plugins/workday.py
[2025-12-06T04:33:18.712+0500] {processor.py:830} INFO - Processing file /Users/symbat/airflow_local/.venv/lib/python3.11/site-packages/airflow/example_dags/plugins/workday.py for tasks to queue
[2025-12-06T04:33:18.713+0500] {logging_mixin.py:188} INFO - [2025-12-06T04:33:18.713+0500] {dagbag.py:545} INFO - Filling up the DagBag from /Users/symbat/airflow_local/.venv/lib/python3.11/site-packages/airflow/example_dags/plugins/workday.py
[2025-12-06T04:33:18.913+0500] {processor.py:842} WARNING - No viable dags retrieved from /Users/symbat/airflow_local/.venv/lib/python3.11/site-packages/airflow/example_dags/plugins/workday.py
[2025-12-06T04:33:18.948+0500] {processor.py:183} INFO - Processing /Users/symbat/airflow_local/.venv/lib/python3.11/site-packages/airflow/example_dags/plugins/workday.py took 0.241 seconds
[2025-12-06T04:35:04.974+0500] {processor.py:161} INFO - Started process (PID=84267) to work on /Users/symbat/airflow_local/.venv/lib/python3.11/site-packages/airflow/example_dags/plugins/workday.py
[2025-12-06T04:35:04.975+0500] {processor.py:830} INFO - Processing file /Users/symbat/airflow_local/.venv/lib/python3.11/site-packages/airflow/example_dags/plugins/workday.py for tasks to queue
[2025-12-06T04:35:04.976+0500] {logging_mixin.py:188} INFO - [2025-12-06T04:35:04.976+0500] {dagbag.py:545} INFO - Filling up the DagBag from /Users/symbat/airflow_local/.venv/lib/python3.11/site-packages/airflow/example_dags/plugins/workday.py
[2025-12-06T04:35:05.312+0500] {processor.py:842} WARNING - No viable dags retrieved from /Users/symbat/airflow_local/.venv/lib/python3.11/site-packages/airflow/example_dags/plugins/workday.py
[2025-12-06T04:35:05.363+0500] {processor.py:183} INFO - Processing /Users/symbat/airflow_local/.venv/lib/python3.11/site-packages/airflow/example_dags/plugins/workday.py took 0.393 seconds
[2025-12-06T04:37:18.003+0500] {processor.py:161} INFO - Started process (PID=84447) to work on /Users/symbat/airflow_local/.venv/lib/python3.11/site-packages/airflow/example_dags/plugins/workday.py
[2025-12-06T04:37:18.004+0500] {processor.py:830} INFO - Processing file /Users/symbat/airflow_local/.venv/lib/python3.11/site-packages/airflow/example_dags/plugins/workday.py for tasks to queue
[2025-12-06T04:37:18.004+0500] {logging_mixin.py:188} INFO - [2025-12-06T04:37:18.004+0500] {dagbag.py:545} INFO - Filling up the DagBag from /Users/symbat/airflow_local/.venv/lib/python3.11/site-packages/airflow/example_dags/plugins/workday.py
[2025-12-06T04:37:18.301+0500] {processor.py:842} WARNING - No viable dags retrieved from /Users/symbat/airflow_local/.venv/lib/python3.11/site-packages/airflow/example_dags/plugins/workday.py
[2025-12-06T04:37:18.336+0500] {processor.py:183} INFO - Processing /Users/symbat/airflow_local/.venv/lib/python3.11/site-packages/airflow/example_dags/plugins/workday.py took 0.336 seconds
