[2025-12-06T03:04:29.908+0500] {processor.py:161} INFO - Started process (PID=76781) to work on /Users/symbat/airflow_local/.venv/lib/python3.11/site-packages/airflow/example_dags/subdags/subdag.py
[2025-12-06T03:04:29.909+0500] {processor.py:830} INFO - Processing file /Users/symbat/airflow_local/.venv/lib/python3.11/site-packages/airflow/example_dags/subdags/subdag.py for tasks to queue
[2025-12-06T03:04:29.909+0500] {logging_mixin.py:188} INFO - [2025-12-06T03:04:29.909+0500] {dagbag.py:545} INFO - Filling up the DagBag from /Users/symbat/airflow_local/.venv/lib/python3.11/site-packages/airflow/example_dags/subdags/subdag.py
[2025-12-06T03:04:29.911+0500] {processor.py:842} WARNING - No viable dags retrieved from /Users/symbat/airflow_local/.venv/lib/python3.11/site-packages/airflow/example_dags/subdags/subdag.py
[2025-12-06T03:04:29.955+0500] {processor.py:183} INFO - Processing /Users/symbat/airflow_local/.venv/lib/python3.11/site-packages/airflow/example_dags/subdags/subdag.py took 0.049 seconds
[2025-12-06T03:08:53.009+0500] {processor.py:161} INFO - Started process (PID=77585) to work on /Users/symbat/airflow_local/.venv/lib/python3.11/site-packages/airflow/example_dags/subdags/subdag.py
[2025-12-06T03:08:53.010+0500] {processor.py:830} INFO - Processing file /Users/symbat/airflow_local/.venv/lib/python3.11/site-packages/airflow/example_dags/subdags/subdag.py for tasks to queue
[2025-12-06T03:08:53.010+0500] {logging_mixin.py:188} INFO - [2025-12-06T03:08:53.010+0500] {dagbag.py:545} INFO - Filling up the DagBag from /Users/symbat/airflow_local/.venv/lib/python3.11/site-packages/airflow/example_dags/subdags/subdag.py
[2025-12-06T03:08:53.012+0500] {processor.py:842} WARNING - No viable dags retrieved from /Users/symbat/airflow_local/.venv/lib/python3.11/site-packages/airflow/example_dags/subdags/subdag.py
[2025-12-06T03:08:53.059+0500] {processor.py:183} INFO - Processing /Users/symbat/airflow_local/.venv/lib/python3.11/site-packages/airflow/example_dags/subdags/subdag.py took 0.053 seconds
[2025-12-06T03:11:07.401+0500] {processor.py:161} INFO - Started process (PID=77739) to work on /Users/symbat/airflow_local/.venv/lib/python3.11/site-packages/airflow/example_dags/subdags/subdag.py
[2025-12-06T03:11:07.402+0500] {processor.py:830} INFO - Processing file /Users/symbat/airflow_local/.venv/lib/python3.11/site-packages/airflow/example_dags/subdags/subdag.py for tasks to queue
[2025-12-06T03:11:07.403+0500] {logging_mixin.py:188} INFO - [2025-12-06T03:11:07.403+0500] {dagbag.py:545} INFO - Filling up the DagBag from /Users/symbat/airflow_local/.venv/lib/python3.11/site-packages/airflow/example_dags/subdags/subdag.py
[2025-12-06T03:11:07.405+0500] {processor.py:842} WARNING - No viable dags retrieved from /Users/symbat/airflow_local/.venv/lib/python3.11/site-packages/airflow/example_dags/subdags/subdag.py
[2025-12-06T03:11:07.460+0500] {processor.py:183} INFO - Processing /Users/symbat/airflow_local/.venv/lib/python3.11/site-packages/airflow/example_dags/subdags/subdag.py took 0.063 seconds
[2025-12-06T04:29:32.821+0500] {processor.py:161} INFO - Started process (PID=83718) to work on /Users/symbat/airflow_local/.venv/lib/python3.11/site-packages/airflow/example_dags/subdags/subdag.py
[2025-12-06T04:29:32.822+0500] {processor.py:830} INFO - Processing file /Users/symbat/airflow_local/.venv/lib/python3.11/site-packages/airflow/example_dags/subdags/subdag.py for tasks to queue
[2025-12-06T04:29:32.822+0500] {logging_mixin.py:188} INFO - [2025-12-06T04:29:32.822+0500] {dagbag.py:545} INFO - Filling up the DagBag from /Users/symbat/airflow_local/.venv/lib/python3.11/site-packages/airflow/example_dags/subdags/subdag.py
[2025-12-06T04:29:32.824+0500] {processor.py:842} WARNING - No viable dags retrieved from /Users/symbat/airflow_local/.venv/lib/python3.11/site-packages/airflow/example_dags/subdags/subdag.py
[2025-12-06T04:29:32.869+0500] {processor.py:183} INFO - Processing /Users/symbat/airflow_local/.venv/lib/python3.11/site-packages/airflow/example_dags/subdags/subdag.py took 0.051 seconds
[2025-12-06T04:32:31.171+0500] {processor.py:161} INFO - Started process (PID=83985) to work on /Users/symbat/airflow_local/.venv/lib/python3.11/site-packages/airflow/example_dags/subdags/subdag.py
[2025-12-06T04:32:31.174+0500] {processor.py:830} INFO - Processing file /Users/symbat/airflow_local/.venv/lib/python3.11/site-packages/airflow/example_dags/subdags/subdag.py for tasks to queue
[2025-12-06T04:32:31.176+0500] {logging_mixin.py:188} INFO - [2025-12-06T04:32:31.175+0500] {dagbag.py:545} INFO - Filling up the DagBag from /Users/symbat/airflow_local/.venv/lib/python3.11/site-packages/airflow/example_dags/subdags/subdag.py
[2025-12-06T04:32:31.178+0500] {processor.py:842} WARNING - No viable dags retrieved from /Users/symbat/airflow_local/.venv/lib/python3.11/site-packages/airflow/example_dags/subdags/subdag.py
[2025-12-06T04:32:31.218+0500] {processor.py:183} INFO - Processing /Users/symbat/airflow_local/.venv/lib/python3.11/site-packages/airflow/example_dags/subdags/subdag.py took 0.051 seconds
[2025-12-06T04:34:32.509+0500] {processor.py:161} INFO - Started process (PID=84211) to work on /Users/symbat/airflow_local/.venv/lib/python3.11/site-packages/airflow/example_dags/subdags/subdag.py
[2025-12-06T04:34:32.511+0500] {processor.py:830} INFO - Processing file /Users/symbat/airflow_local/.venv/lib/python3.11/site-packages/airflow/example_dags/subdags/subdag.py for tasks to queue
[2025-12-06T04:34:32.511+0500] {logging_mixin.py:188} INFO - [2025-12-06T04:34:32.511+0500] {dagbag.py:545} INFO - Filling up the DagBag from /Users/symbat/airflow_local/.venv/lib/python3.11/site-packages/airflow/example_dags/subdags/subdag.py
[2025-12-06T04:34:32.513+0500] {processor.py:842} WARNING - No viable dags retrieved from /Users/symbat/airflow_local/.venv/lib/python3.11/site-packages/airflow/example_dags/subdags/subdag.py
[2025-12-06T04:34:32.556+0500] {processor.py:183} INFO - Processing /Users/symbat/airflow_local/.venv/lib/python3.11/site-packages/airflow/example_dags/subdags/subdag.py took 0.051 seconds
[2025-12-06T04:37:31.768+0500] {processor.py:161} INFO - Started process (PID=84468) to work on /Users/symbat/airflow_local/.venv/lib/python3.11/site-packages/airflow/example_dags/subdags/subdag.py
[2025-12-06T04:37:31.769+0500] {processor.py:830} INFO - Processing file /Users/symbat/airflow_local/.venv/lib/python3.11/site-packages/airflow/example_dags/subdags/subdag.py for tasks to queue
[2025-12-06T04:37:31.770+0500] {logging_mixin.py:188} INFO - [2025-12-06T04:37:31.769+0500] {dagbag.py:545} INFO - Filling up the DagBag from /Users/symbat/airflow_local/.venv/lib/python3.11/site-packages/airflow/example_dags/subdags/subdag.py
[2025-12-06T04:37:31.771+0500] {processor.py:842} WARNING - No viable dags retrieved from /Users/symbat/airflow_local/.venv/lib/python3.11/site-packages/airflow/example_dags/subdags/subdag.py
[2025-12-06T04:37:31.848+0500] {processor.py:183} INFO - Processing /Users/symbat/airflow_local/.venv/lib/python3.11/site-packages/airflow/example_dags/subdags/subdag.py took 0.082 seconds
[2025-12-06T04:39:56.774+0500] {processor.py:161} INFO - Started process (PID=85474) to work on /Users/symbat/airflow_local/.venv/lib/python3.11/site-packages/airflow/example_dags/subdags/subdag.py
[2025-12-06T04:39:56.775+0500] {processor.py:830} INFO - Processing file /Users/symbat/airflow_local/.venv/lib/python3.11/site-packages/airflow/example_dags/subdags/subdag.py for tasks to queue
[2025-12-06T04:39:56.775+0500] {logging_mixin.py:188} INFO - [2025-12-06T04:39:56.775+0500] {dagbag.py:545} INFO - Filling up the DagBag from /Users/symbat/airflow_local/.venv/lib/python3.11/site-packages/airflow/example_dags/subdags/subdag.py
[2025-12-06T04:39:56.776+0500] {processor.py:842} WARNING - No viable dags retrieved from /Users/symbat/airflow_local/.venv/lib/python3.11/site-packages/airflow/example_dags/subdags/subdag.py
[2025-12-06T04:39:56.812+0500] {processor.py:183} INFO - Processing /Users/symbat/airflow_local/.venv/lib/python3.11/site-packages/airflow/example_dags/subdags/subdag.py took 0.040 seconds
[2025-12-06T04:42:36.323+0500] {processor.py:161} INFO - Started process (PID=85626) to work on /Users/symbat/airflow_local/.venv/lib/python3.11/site-packages/airflow/example_dags/subdags/subdag.py
[2025-12-06T04:42:36.324+0500] {processor.py:830} INFO - Processing file /Users/symbat/airflow_local/.venv/lib/python3.11/site-packages/airflow/example_dags/subdags/subdag.py for tasks to queue
[2025-12-06T04:42:36.325+0500] {logging_mixin.py:188} INFO - [2025-12-06T04:42:36.325+0500] {dagbag.py:545} INFO - Filling up the DagBag from /Users/symbat/airflow_local/.venv/lib/python3.11/site-packages/airflow/example_dags/subdags/subdag.py
[2025-12-06T04:42:36.327+0500] {processor.py:842} WARNING - No viable dags retrieved from /Users/symbat/airflow_local/.venv/lib/python3.11/site-packages/airflow/example_dags/subdags/subdag.py
[2025-12-06T04:42:36.377+0500] {processor.py:183} INFO - Processing /Users/symbat/airflow_local/.venv/lib/python3.11/site-packages/airflow/example_dags/subdags/subdag.py took 0.056 seconds
[2025-12-06T04:44:58.577+0500] {processor.py:161} INFO - Started process (PID=85758) to work on /Users/symbat/airflow_local/.venv/lib/python3.11/site-packages/airflow/example_dags/subdags/subdag.py
[2025-12-06T04:44:58.577+0500] {processor.py:830} INFO - Processing file /Users/symbat/airflow_local/.venv/lib/python3.11/site-packages/airflow/example_dags/subdags/subdag.py for tasks to queue
[2025-12-06T04:44:58.578+0500] {logging_mixin.py:188} INFO - [2025-12-06T04:44:58.578+0500] {dagbag.py:545} INFO - Filling up the DagBag from /Users/symbat/airflow_local/.venv/lib/python3.11/site-packages/airflow/example_dags/subdags/subdag.py
[2025-12-06T04:44:58.579+0500] {processor.py:842} WARNING - No viable dags retrieved from /Users/symbat/airflow_local/.venv/lib/python3.11/site-packages/airflow/example_dags/subdags/subdag.py
[2025-12-06T04:44:58.614+0500] {processor.py:183} INFO - Processing /Users/symbat/airflow_local/.venv/lib/python3.11/site-packages/airflow/example_dags/subdags/subdag.py took 0.039 seconds
[2025-12-06T04:47:30.521+0500] {processor.py:161} INFO - Started process (PID=85890) to work on /Users/symbat/airflow_local/.venv/lib/python3.11/site-packages/airflow/example_dags/subdags/subdag.py
[2025-12-06T04:47:30.521+0500] {processor.py:830} INFO - Processing file /Users/symbat/airflow_local/.venv/lib/python3.11/site-packages/airflow/example_dags/subdags/subdag.py for tasks to queue
[2025-12-06T04:47:30.522+0500] {logging_mixin.py:188} INFO - [2025-12-06T04:47:30.522+0500] {dagbag.py:545} INFO - Filling up the DagBag from /Users/symbat/airflow_local/.venv/lib/python3.11/site-packages/airflow/example_dags/subdags/subdag.py
[2025-12-06T04:47:30.523+0500] {processor.py:842} WARNING - No viable dags retrieved from /Users/symbat/airflow_local/.venv/lib/python3.11/site-packages/airflow/example_dags/subdags/subdag.py
[2025-12-06T04:47:30.559+0500] {processor.py:183} INFO - Processing /Users/symbat/airflow_local/.venv/lib/python3.11/site-packages/airflow/example_dags/subdags/subdag.py took 0.040 seconds
[2025-12-06T04:49:59.724+0500] {processor.py:161} INFO - Started process (PID=86312) to work on /Users/symbat/airflow_local/.venv/lib/python3.11/site-packages/airflow/example_dags/subdags/subdag.py
[2025-12-06T04:49:59.725+0500] {processor.py:830} INFO - Processing file /Users/symbat/airflow_local/.venv/lib/python3.11/site-packages/airflow/example_dags/subdags/subdag.py for tasks to queue
[2025-12-06T04:49:59.725+0500] {logging_mixin.py:188} INFO - [2025-12-06T04:49:59.725+0500] {dagbag.py:545} INFO - Filling up the DagBag from /Users/symbat/airflow_local/.venv/lib/python3.11/site-packages/airflow/example_dags/subdags/subdag.py
[2025-12-06T04:49:59.726+0500] {processor.py:842} WARNING - No viable dags retrieved from /Users/symbat/airflow_local/.venv/lib/python3.11/site-packages/airflow/example_dags/subdags/subdag.py
[2025-12-06T04:49:59.779+0500] {processor.py:183} INFO - Processing /Users/symbat/airflow_local/.venv/lib/python3.11/site-packages/airflow/example_dags/subdags/subdag.py took 0.057 seconds
[2025-12-06T04:52:35.916+0500] {processor.py:161} INFO - Started process (PID=86562) to work on /Users/symbat/airflow_local/.venv/lib/python3.11/site-packages/airflow/example_dags/subdags/subdag.py
[2025-12-06T04:52:35.917+0500] {processor.py:830} INFO - Processing file /Users/symbat/airflow_local/.venv/lib/python3.11/site-packages/airflow/example_dags/subdags/subdag.py for tasks to queue
[2025-12-06T04:52:35.918+0500] {logging_mixin.py:188} INFO - [2025-12-06T04:52:35.917+0500] {dagbag.py:545} INFO - Filling up the DagBag from /Users/symbat/airflow_local/.venv/lib/python3.11/site-packages/airflow/example_dags/subdags/subdag.py
[2025-12-06T04:52:35.919+0500] {processor.py:842} WARNING - No viable dags retrieved from /Users/symbat/airflow_local/.venv/lib/python3.11/site-packages/airflow/example_dags/subdags/subdag.py
[2025-12-06T04:52:35.959+0500] {processor.py:183} INFO - Processing /Users/symbat/airflow_local/.venv/lib/python3.11/site-packages/airflow/example_dags/subdags/subdag.py took 0.044 seconds
[2025-12-06T04:55:04.103+0500] {processor.py:161} INFO - Started process (PID=87266) to work on /Users/symbat/airflow_local/.venv/lib/python3.11/site-packages/airflow/example_dags/subdags/subdag.py
[2025-12-06T04:55:04.104+0500] {processor.py:830} INFO - Processing file /Users/symbat/airflow_local/.venv/lib/python3.11/site-packages/airflow/example_dags/subdags/subdag.py for tasks to queue
[2025-12-06T04:55:04.105+0500] {logging_mixin.py:188} INFO - [2025-12-06T04:55:04.105+0500] {dagbag.py:545} INFO - Filling up the DagBag from /Users/symbat/airflow_local/.venv/lib/python3.11/site-packages/airflow/example_dags/subdags/subdag.py
[2025-12-06T04:55:04.107+0500] {processor.py:842} WARNING - No viable dags retrieved from /Users/symbat/airflow_local/.venv/lib/python3.11/site-packages/airflow/example_dags/subdags/subdag.py
[2025-12-06T04:55:04.180+0500] {processor.py:183} INFO - Processing /Users/symbat/airflow_local/.venv/lib/python3.11/site-packages/airflow/example_dags/subdags/subdag.py took 0.081 seconds
[2025-12-06T04:57:34.623+0500] {processor.py:161} INFO - Started process (PID=87514) to work on /Users/symbat/airflow_local/.venv/lib/python3.11/site-packages/airflow/example_dags/subdags/subdag.py
[2025-12-06T04:57:34.624+0500] {processor.py:830} INFO - Processing file /Users/symbat/airflow_local/.venv/lib/python3.11/site-packages/airflow/example_dags/subdags/subdag.py for tasks to queue
[2025-12-06T04:57:34.624+0500] {logging_mixin.py:188} INFO - [2025-12-06T04:57:34.624+0500] {dagbag.py:545} INFO - Filling up the DagBag from /Users/symbat/airflow_local/.venv/lib/python3.11/site-packages/airflow/example_dags/subdags/subdag.py
[2025-12-06T04:57:34.625+0500] {processor.py:842} WARNING - No viable dags retrieved from /Users/symbat/airflow_local/.venv/lib/python3.11/site-packages/airflow/example_dags/subdags/subdag.py
[2025-12-06T04:57:34.661+0500] {processor.py:183} INFO - Processing /Users/symbat/airflow_local/.venv/lib/python3.11/site-packages/airflow/example_dags/subdags/subdag.py took 0.039 seconds
